
================================================================================
          _____________ ________ _______________ ________     _________         
         / ___________// ______ \\_____   _____// ______ \   / ________)        
        / /_________  / /      \ \     | |     / /      \ \ | (_______          
       |  __________|| |        | |    | |    | |        | | \________ \        
        \ \_________ | |        | |    | |     \ \______/ /___________) |       
         \__________||_|        |_|    |_|      \________//____________/        
                                                                                
====================================[ Qcore ]===================================

 Git describe: 2.3.0-1-g21d9df7e5
 Compiler:     GNU 9.1.0
 Build type:   Release
 Version:      2.3.0-1-g21d9df7e5

 Start time:   Tue Oct 26 09:42:27 2021

 Data directory: /work/zw18965/.local/qcore/share/entos/qcore/data
 Number of threads: 24
 Number of threads was determined by: command line argument
  - More threads can be used by running 'qcore -n 32'

 --------------------------------------------------------------------------------
                                   command: dft                                  
 --------------------------------------------------------------------------------
 AO basis set:                           def2-tzvppd
 Number of AO basis functions:         142

 Formula:                                C2H4
 Nuclear charge:                        16.000000000
 Total charge:                           0.000000000
 Number of electrons:                   16.000000000

 Number of alpha electrons:              8
 Number of beta electrons:               8
 Number of unpaired electrons:           0
 Spin:                                   0
 Multiplicity:                           singlet

 Theory:                                 dft
 Exchange-correlation functional:        wb97xd3

 Using range separated hybrid functional
 Range separation parameter:             0.250000000
 Short range exact exchange:             0.195728000
 Total long range exact exchange:        1.000000000

 Method for Coulomb:                     incore_df
 Method for exact exchange:              pre_transformed_df
 Integral threshold:                     1.00e-12
 DF basis set:                           def2-universal-jkfit
 Number of DF basis functions:         222
 Schwarz screening threshold:            1.00e-10
 Coulomb fitting method:                 Cholesky
 Total number of grid points:        37160
 Method for AO orthogonalization:        symmetric
 Threshold for linear dependence:        1.00e-08
 D3 dispersion energy:                  -0.000261219

 -------------------------------------
  Running restricted closed-shell SCF 
 -------------------------------------
 Max number of iterations:             128
 Conv. threshold (gradient):             1.00e-05
 Conv. threshold (energy):               1.00e-06
 Interpolation scheme:                   adiis+cdiis
 Initial guess:                          SAD

 ---------------------------------------------------------------
                  energy        change          grad        time
 ---------------------------------------------------------------
   0       -78.849803261                    9.44e+00        0.03
   1       -78.564356247      2.85e-01      5.96e-01        0.03
   2       -78.581626801     -1.73e-02      4.51e-01        0.03
   3       -78.591901907     -1.03e-02      1.50e-01        0.02
   4       -78.592755110     -8.53e-04      1.09e-01        0.02
   5       -78.593421654     -6.67e-04      2.57e-02        0.02
   6       -78.593446208     -2.46e-05      1.85e-02        0.02
   7       -78.593466887     -2.07e-05      1.69e-05        0.02
   8       -78.593466887     -1.51e-10      3.17e-06        0.02

 SCF converged in 8 iterations.

 Dipole moment (in Debye):              -0.000000      -0.000000       0.000012

 Quadrupole moment (in Debye-Angstrom):
                  1            2            3
 1       -12.313649     0.000000    -0.000000
 2         0.000000   -12.163828     0.000000
 3        -0.000000     0.000000   -15.643045

 Spin-squared expectation <S^2>:         0.000
 Total spin quantum number S:            0.000
 TOTAL ENERGY:                         -78.593466887

 --------------------------------------------------------------------------------

 End time:                               Tue Oct 26 09:42:27 2021
 Total wall-clock time:                  0.759 seconds
==================================================================================
