
================================================================================
          _____________ ________ _______________ ________     _________         
         / ___________// ______ \\_____   _____// ______ \   / ________)        
        / /_________  / /      \ \     | |     / /      \ \ | (_______          
       |  __________|| |        | |    | |    | |        | | \________ \        
        \ \_________ | |        | |    | |     \ \______/ /___________) |       
         \__________||_|        |_|    |_|      \________//____________/        
                                                                                
====================================[ Qcore ]===================================

 Git describe: 2.3.0-1-g21d9df7e5
 Compiler:     GNU 9.1.0
 Build type:   Release
 Version:      2.3.0-1-g21d9df7e5

 Start time:   Tue Oct 26 09:43:15 2021

 Data directory: /work/zw18965/.local/qcore/share/entos/qcore/data
 Number of threads: 24
 Number of threads was determined by: command line argument

 --------------------------------------------------------------------------------
                                   command: dft                                  
 --------------------------------------------------------------------------------
 AO basis set:                           def2-tzvppd
 Number of AO basis functions:         216

 Formula:                                C2H3OCl
 Nuclear charge:                        40.000000000
 Total charge:                           0.000000000
 Number of electrons:                   40.000000000

 Number of alpha electrons:             20
 Number of beta electrons:              20
 Number of unpaired electrons:           0
 Spin:                                   0
 Multiplicity:                           singlet

 Theory:                                 dft
 Exchange-correlation functional:        wb97xd3

 Using range separated hybrid functional
 Range separation parameter:             0.250000000
 Short range exact exchange:             0.195728000
 Total long range exact exchange:        1.000000000

 Method for Coulomb:                     incore_df
 Method for exact exchange:              pre_transformed_df
 Integral threshold:                     1.00e-12
 DF basis set:                           def2-universal-jkfit
 Number of DF basis functions:         409
 Schwarz screening threshold:            1.00e-10
 Coulomb fitting method:                 Cholesky
 Total number of grid points:        45708
 Method for AO orthogonalization:        symmetric
 Threshold for linear dependence:        1.00e-08
 D3 dispersion energy:                  -0.001101632

 -------------------------------------
  Running restricted closed-shell SCF 
 -------------------------------------
 Max number of iterations:             128
 Conv. threshold (gradient):             1.00e-05
 Conv. threshold (energy):               1.00e-06
 Interpolation scheme:                   adiis+cdiis
 Initial guess:                          SAD

 ---------------------------------------------------------------
                  energy        change          grad        time
 ---------------------------------------------------------------
   0      -614.128568480                    1.33e+01        0.07
   1      -613.366173614      7.62e-01      1.80e+00        0.06
   2      -613.242726001      1.23e-01      3.36e+00        0.05
   3      -613.478920057     -2.36e-01      3.22e-01        0.05
   4      -613.478023260      8.97e-04      3.80e-01        0.05
   5      -613.482511223     -4.49e-03      5.86e-02        0.06
   6      -613.482497900      1.33e-05      6.88e-02        0.05
   7      -613.482626032     -1.28e-04      4.81e-03        0.05
   8      -613.482627654     -1.62e-06      1.25e-03        0.06
   9      -613.482627901     -2.47e-07      4.01e-04        0.06
  10      -613.482627921     -1.96e-08      1.35e-04        0.05
  11      -613.482627923     -2.32e-09      2.87e-05        0.05
  12      -613.482627923     -1.18e-10      5.94e-06        0.05

 SCF converged in 12 iterations.

 Dipole moment (in Debye):               1.484835      -2.492435       0.000139

 Quadrupole moment (in Debye-Angstrom):
                  1            2            3
 1       -29.714364    -2.969363     0.000306
 2        -2.969363   -32.172211    -0.000350
 3         0.000306    -0.000350   -29.480894

 Spin-squared expectation <S^2>:         0.000
 Total spin quantum number S:            0.000
 TOTAL ENERGY:                        -613.482627923

 --------------------------------------------------------------------------------

 End time:                               Tue Oct 26 09:43:17 2021
 Total wall-clock time:                  1.775 seconds
==================================================================================
