
================================================================================
          _____________ ________ _______________ ________     _________         
         / ___________// ______ \\_____   _____// ______ \   / ________)        
        / /_________  / /      \ \     | |     / /      \ \ | (_______          
       |  __________|| |        | |    | |    | |        | | \________ \        
        \ \_________ | |        | |    | |     \ \______/ /___________) |       
         \__________||_|        |_|    |_|      \________//____________/        
                                                                                
====================================[ Qcore ]===================================

 Git describe: 2.3.0-1-g21d9df7e5
 Compiler:     GNU 9.1.0
 Build type:   Release
 Version:      2.3.0-1-g21d9df7e5

 Start time:   Tue Oct 26 09:43:23 2021

 Data directory: /work/zw18965/.local/qcore/share/entos/qcore/data
 Number of threads: 24
 Number of threads was determined by: command line argument

 --------------------------------------------------------------------------------
                                   command: dft                                  
 --------------------------------------------------------------------------------
 AO basis set:                           def2-tzvppd
 Number of AO basis functions:        1766
 ECP on atom 1 (W):                      60 electrons

 Formula:                                C21H42O3P2W
 Nuclear charge:                       296.000000000
 Total charge:                           0.000000000
 Number of core electrons:              60
 Number of treated electrons:          236

 Number of alpha electrons:            118
 Number of beta electrons:             118
 Number of unpaired electrons:           0
 Spin:                                   0
 Multiplicity:                           singlet

 Theory:                                 dft
 Exchange-correlation functional:        wb97xd3

 Using range separated hybrid functional
 Range separation parameter:             0.250000000
 Short range exact exchange:             0.195728000
 Total long range exact exchange:        1.000000000

 Method for Coulomb:                     incore_df
 Method for exact exchange:              pre_transformed_df
 Integral threshold:                     1.00e-12
 DF basis set:                           def2-universal-jkfit
 Number of DF basis functions:        3045
 Schwarz screening threshold:            1.00e-10
 Coulomb fitting method:                 Cholesky
 Total number of grid points:       434688
 Method for AO orthogonalization:        symmetric
 Threshold for linear dependence:        1.00e-08
 D3 dispersion energy:                  -0.055293848

 -------------------------------------
  Running restricted closed-shell SCF 
 -------------------------------------
 Max number of iterations:             128
 Conv. threshold (gradient):             1.00e-05
 Conv. threshold (energy):               1.00e-06
 Interpolation scheme:                   adiis+cdiis
 Initial guess:                          SAD

 ---------------------------------------------------------------
                  energy        change          grad        time
 ---------------------------------------------------------------
   0     -1807.845893284                    2.43e+02       22.53
   1     -1800.803043478      7.04e+00      3.62e+00       15.78
   2     -1799.863675136      9.39e-01      9.44e+00       16.16
   3     -1801.302342473     -1.44e+00      5.51e-01       15.83
   4     -1801.312379831     -1.00e-02      6.64e-01       15.08
   5     -1801.335310674     -2.29e-02      3.81e-01       15.99
   6     -1801.325133237      1.02e-02      9.39e-01       15.83
   7     -1801.338214923     -1.31e-02      1.62e-01       16.47
   8     -1801.338617543     -4.03e-04      1.22e-01       16.13
   9     -1801.338919497     -3.02e-04      5.87e-02       16.17
  10     -1801.338900134      1.94e-05      7.78e-02       17.50
  11     -1801.338959031     -5.89e-05      2.09e-03       16.47
  12     -1801.338959285     -2.54e-07      1.26e-03       16.70
  13     -1801.338959377     -9.14e-08      6.83e-04       16.29
  14     -1801.338959409     -3.23e-08      3.34e-04       15.76
  15     -1801.338959418     -9.61e-09      1.16e-04       15.87
  16     -1801.338959419     -6.91e-10      4.67e-05       15.22
  17     -1801.338959419     -1.05e-10      2.08e-05       16.40
  18     -1801.338959419     -5.48e-11      1.24e-05       16.16
  19     -1801.338959419      1.66e-11      5.95e-06       15.44

 SCF converged in 19 iterations.

 Dipole moment (in Debye):               0.980059      -1.682136       4.968118

 Quadrupole moment (in Debye-Angstrom):
                  1            2            3
 1      -180.363072     0.290805     1.402731
 2         0.290805  -213.283429    -0.937593
 3         1.402731    -0.937593  -208.698082

 Spin-squared expectation <S^2>:         0.000
 Total spin quantum number S:            0.000
 TOTAL ENERGY:                       -1801.338959419

 --------------------------------------------------------------------------------

 End time:                               Tue Oct 26 09:53:24 2021
 Total wall-clock time:                601.140 seconds
==================================================================================
