
================================================================================
          _____________ ________ _______________ ________     _________         
         / ___________// ______ \\_____   _____// ______ \   / ________)        
        / /_________  / /      \ \     | |     / /      \ \ | (_______          
       |  __________|| |        | |    | |    | |        | | \________ \        
        \ \_________ | |        | |    | |     \ \______/ /___________) |       
         \__________||_|        |_|    |_|      \________//____________/        
                                                                                
====================================[ Qcore ]===================================

 Git describe: 2.3.0-1-g21d9df7e5
 Compiler:     GNU 9.1.0
 Build type:   Release
 Version:      2.3.0-1-g21d9df7e5

 Start time:   Tue Oct 26 09:43:17 2021

 Data directory: /work/zw18965/.local/qcore/share/entos/qcore/data
 Number of threads: 24
 Number of threads was determined by: command line argument

 --------------------------------------------------------------------------------
                                   command: dft                                  
 --------------------------------------------------------------------------------
 AO basis set:                           def2-tzvppd
 Number of AO basis functions:         324

 Formula:                                C6H6
 Nuclear charge:                        42.000000000
 Total charge:                           0.000000000
 Number of electrons:                   42.000000000

 Number of alpha electrons:             21
 Number of beta electrons:              21
 Number of unpaired electrons:           0
 Spin:                                   0
 Multiplicity:                           singlet

 Theory:                                 dft
 Exchange-correlation functional:        wb97xd3

 Using range separated hybrid functional
 Range separation parameter:             0.250000000
 Short range exact exchange:             0.195728000
 Total long range exact exchange:        1.000000000

 Method for Coulomb:                     incore_df
 Method for exact exchange:              pre_transformed_df
 Integral threshold:                     1.00e-12
 DF basis set:                           def2-universal-jkfit
 Number of DF basis functions:         558
 Schwarz screening threshold:            1.00e-10
 Coulomb fitting method:                 Cholesky
 Total number of grid points:        76140
 Method for AO orthogonalization:        symmetric
 Threshold for linear dependence:        1.00e-08
 D3 dispersion energy:                  -0.002153333

 -------------------------------------
  Running restricted closed-shell SCF 
 -------------------------------------
 Max number of iterations:             128
 Conv. threshold (gradient):             1.00e-05
 Conv. threshold (energy):               1.00e-06
 Interpolation scheme:                   adiis+cdiis
 Initial guess:                          SAD

 ---------------------------------------------------------------
                  energy        change          grad        time
 ---------------------------------------------------------------
   0      -234.195427959                    1.50e+01        0.16
   1      -232.202780971      1.99e+00      6.77e-01        0.15
   2      -232.235288987     -3.25e-02      4.83e-01        0.14
   3      -232.257449379     -2.22e-02      1.90e-01        0.13
   4      -232.259324755     -1.88e-03      1.48e-01        0.14
   5      -232.261681734     -2.36e-03      2.49e-02        0.15
   6      -232.261712564     -3.08e-05      2.02e-02        0.14
   7      -232.261757581     -4.50e-05      6.76e-05        0.15
   8      -232.261757582     -7.84e-10      3.55e-05        0.14
   9      -232.261757582     -8.26e-11      7.19e-06        0.15

 SCF converged in 9 iterations.

 Dipole moment (in Debye):              -0.000001      -0.000001       0.000104

 Quadrupole moment (in Debye-Angstrom):
                  1            2            3
 1       -31.734547    -0.001999    -0.000001
 2        -0.001999   -31.733902     0.000001
 3        -0.000001     0.000001   -39.809384

 Spin-squared expectation <S^2>:         0.000
 Total spin quantum number S:            0.000
 TOTAL ENERGY:                        -232.261757582

 --------------------------------------------------------------------------------

 End time:                               Tue Oct 26 09:43:19 2021
 Total wall-clock time:                  2.804 seconds
==================================================================================
