
================================================================================
          _____________ ________ _______________ ________     _________         
         / ___________// ______ \\_____   _____// ______ \   / ________)        
        / /_________  / /      \ \     | |     / /      \ \ | (_______          
       |  __________|| |        | |    | |    | |        | | \________ \        
        \ \_________ | |        | |    | |     \ \______/ /___________) |       
         \__________||_|        |_|    |_|      \________//____________/        
                                                                                
====================================[ Qcore ]===================================

 Git describe: 2.3.0-1-g21d9df7e5
 Compiler:     GNU 9.1.0
 Build type:   Release
 Version:      2.3.0-1-g21d9df7e5

 Start time:   Tue Oct 26 09:43:20 2021

 Data directory: /work/zw18965/.local/qcore/share/entos/qcore/data
 Number of threads: 24
 Number of threads was determined by: command line argument

 --------------------------------------------------------------------------------
                                   command: dft                                  
 --------------------------------------------------------------------------------
 AO basis set:                           def2-tzvppd
 Number of AO basis functions:         500

 Formula:                                C8H12
 Nuclear charge:                        60.000000000
 Total charge:                           0.000000000
 Number of electrons:                   60.000000000

 Number of alpha electrons:             30
 Number of beta electrons:              30
 Number of unpaired electrons:           0
 Spin:                                   0
 Multiplicity:                           singlet

 Theory:                                 dft
 Exchange-correlation functional:        wb97xd3

 Using range separated hybrid functional
 Range separation parameter:             0.250000000
 Short range exact exchange:             0.195728000
 Total long range exact exchange:        1.000000000

 Method for Coulomb:                     incore_df
 Method for exact exchange:              pre_transformed_df
 Integral threshold:                     1.00e-12
 DF basis set:                           def2-universal-jkfit
 Number of DF basis functions:         816
 Schwarz screening threshold:            1.00e-10
 Coulomb fitting method:                 Cholesky
 Total number of grid points:       125080
 Method for AO orthogonalization:        symmetric
 Threshold for linear dependence:        1.00e-08
 D3 dispersion energy:                  -0.006492939

 -------------------------------------
  Running restricted closed-shell SCF 
 -------------------------------------
 Max number of iterations:             128
 Conv. threshold (gradient):             1.00e-05
 Conv. threshold (energy):               1.00e-06
 Interpolation scheme:                   adiis+cdiis
 Initial guess:                          SAD

 ---------------------------------------------------------------
                  energy        change          grad        time
 ---------------------------------------------------------------
   0      -314.596233699                    1.88e+01        0.52
   1      -311.973399322      2.62e+00      1.06e+00        0.51
   2      -312.016869195     -4.35e-02      7.38e-01        0.41
   3      -312.056639220     -3.98e-02      2.82e-01        0.43
   4      -312.058181533     -1.54e-03      2.52e-01        0.41
   5      -312.062888315     -4.71e-03      3.05e-02        0.46
   6      -312.062896341     -8.03e-06      3.15e-02        0.42
   7      -312.062941484     -4.51e-05      9.10e-04        0.41
   8      -312.062941533     -4.92e-08      4.50e-04        0.42
   9      -312.062941541     -8.39e-09      5.23e-05        0.40
  10      -312.062941542     -4.19e-10      2.16e-05        0.40
  11      -312.062941542     -3.33e-11      7.42e-06        0.41

 SCF converged in 11 iterations.

 Dipole moment (in Debye):               0.000040       0.000009       0.247821

 Quadrupole moment (in Debye-Angstrom):
                  1            2            3
 1       -47.220506    -2.031141     0.000115
 2        -2.031141   -51.151903    -0.000148
 3         0.000115    -0.000148   -50.685677

 Spin-squared expectation <S^2>:         0.000
 Total spin quantum number S:            0.000
 TOTAL ENERGY:                        -312.062941542

 --------------------------------------------------------------------------------

 End time:                               Tue Oct 26 09:43:28 2021
 Total wall-clock time:                  8.147 seconds
==================================================================================
