
================================================================================
          _____________ ________ _______________ ________     _________         
         / ___________// ______ \\_____   _____// ______ \   / ________)        
        / /_________  / /      \ \     | |     / /      \ \ | (_______          
       |  __________|| |        | |    | |    | |        | | \________ \        
        \ \_________ | |        | |    | |     \ \______/ /___________) |       
         \__________||_|        |_|    |_|      \________//____________/        
                                                                                
====================================[ Qcore ]===================================

 Git describe: 2.3.0-1-g21d9df7e5
 Compiler:     GNU 9.1.0
 Build type:   Release
 Version:      2.3.0-1-g21d9df7e5

 Start time:   Tue Oct 26 09:41:05 2021

 Data directory: /work/zw18965/.local/qcore/share/entos/qcore/data
 Number of threads: 24
 Number of threads was determined by: command line argument
  - More threads can be used by running 'qcore -n 32'

 --------------------------------------------------------------------------------
                                   command: dft                                  
 --------------------------------------------------------------------------------
 AO basis set:                           def2-tzvppd
 Number of AO basis functions:          77

 Formula:                                CO
 Nuclear charge:                        14.000000000
 Total charge:                           0.000000000
 Number of electrons:                   14.000000000

 Number of alpha electrons:              7
 Number of beta electrons:               7
 Number of unpaired electrons:           0
 Spin:                                   0
 Multiplicity:                           singlet

 Theory:                                 dft
 Exchange-correlation functional:        wb97xd3

 Using range separated hybrid functional
 Range separation parameter:             0.250000000
 Short range exact exchange:             0.195728000
 Total long range exact exchange:        1.000000000

 Method for Coulomb:                     incore_df
 Method for exact exchange:              pre_transformed_df
 Integral threshold:                     1.00e-12
 DF basis set:                           def2-universal-jkfit
 Number of DF basis functions:         152
 Schwarz screening threshold:            1.00e-10
 Coulomb fitting method:                 Cholesky
 Total number of grid points:        13744
 Method for AO orthogonalization:        symmetric
 Threshold for linear dependence:        1.00e-08
 D3 dispersion energy:                  -0.000000113

 -------------------------------------
  Running restricted closed-shell SCF 
 -------------------------------------
 Max number of iterations:             128
 Conv. threshold (gradient):             1.00e-05
 Conv. threshold (energy):               1.00e-06
 Interpolation scheme:                   adiis+cdiis
 Initial guess:                          SAD

 ---------------------------------------------------------------
                  energy        change          grad        time
 ---------------------------------------------------------------
   0      -113.393587287                    5.94e+00        0.01
   1      -113.287305652      1.06e-01      7.28e-01        0.01
   2      -113.231979143      5.53e-02      1.25e+00        0.01
   3      -113.324953179     -9.30e-02      2.17e-01        0.01
   4      -113.322006588      2.95e-03      2.99e-01        0.01
   5      -113.327171301     -5.16e-03      4.78e-02        0.01
   6      -113.326977340      1.94e-04      7.56e-02        0.01
   7      -113.327314480     -3.37e-04      4.18e-04        0.01
   8      -113.327314493     -1.30e-08      2.56e-05        0.01
   9      -113.327314493     -1.29e-10      1.59e-05        0.01
  10      -113.327314493     -1.59e-11      9.14e-07        0.01

 SCF converged in 10 iterations.

 Dipole moment (in Debye):               0.000000       0.000000       0.068858

 Quadrupole moment (in Debye-Angstrom):
                  1            2            3
 1       -10.257621     0.000000    -0.000000
 2         0.000000   -10.257621    -0.000000
 3        -0.000000    -0.000000   -12.235381

 Spin-squared expectation <S^2>:         0.000
 Total spin quantum number S:            0.000
 TOTAL ENERGY:                        -113.327314493

 --------------------------------------------------------------------------------

 End time:                               Tue Oct 26 09:41:06 2021
 Total wall-clock time:                  0.554 seconds
==================================================================================
