
================================================================================
          _____________ ________ _______________ ________     _________         
         / ___________// ______ \\_____   _____// ______ \   / ________)        
        / /_________  / /      \ \     | |     / /      \ \ | (_______          
       |  __________|| |        | |    | |    | |        | | \________ \        
        \ \_________ | |        | |    | |     \ \______/ /___________) |       
         \__________||_|        |_|    |_|      \________//____________/        
                                                                                
====================================[ Qcore ]===================================

 Git describe: 2.3.0-1-g21d9df7e5
 Compiler:     GNU 9.1.0
 Build type:   Release
 Version:      2.3.0-1-g21d9df7e5

 Start time:   Tue Oct 26 09:43:22 2021

 Data directory: /work/zw18965/.local/qcore/share/entos/qcore/data
 Number of threads: 24
 Number of threads was determined by: command line argument

 --------------------------------------------------------------------------------
                                   command: dft                                  
 --------------------------------------------------------------------------------
 AO basis set:                           def2-tzvppd
 Number of AO basis functions:         469

 Formula:                                C5HO5Mn
 Nuclear charge:                        96.000000000
 Total charge:                           0.000000000
 Number of electrons:                   96.000000000

 Number of alpha electrons:             48
 Number of beta electrons:              48
 Number of unpaired electrons:           0
 Spin:                                   0
 Multiplicity:                           singlet

 Theory:                                 dft
 Exchange-correlation functional:        wb97xd3

 Using range separated hybrid functional
 Range separation parameter:             0.250000000
 Short range exact exchange:             0.195728000
 Total long range exact exchange:        1.000000000

 Method for Coulomb:                     incore_df
 Method for exact exchange:              pre_transformed_df
 Integral threshold:                     1.00e-12
 DF basis set:                           def2-universal-jkfit
 Number of DF basis functions:        1042
 Schwarz screening threshold:            1.00e-10
 Coulomb fitting method:                 Cholesky
 Total number of grid points:        82546
 Method for AO orthogonalization:        symmetric
 Threshold for linear dependence:        1.00e-08
 D3 dispersion energy:                  -0.004443236

 -------------------------------------
  Running restricted closed-shell SCF 
 -------------------------------------
 Max number of iterations:             128
 Conv. threshold (gradient):             1.00e-05
 Conv. threshold (energy):               1.00e-06
 Interpolation scheme:                   adiis+cdiis
 Initial guess:                          SAD

 ---------------------------------------------------------------
                  energy        change          grad        time
 ---------------------------------------------------------------
   0     -1720.229019062                    2.92e+01        0.41
   1     -1718.176298661      2.05e+00      1.32e+00        0.37
   2     -1717.846762783      3.30e-01      2.76e+00        0.36
   3     -1718.368008986     -5.21e-01      1.23e+00        0.35
   4     -1717.939375033      4.29e-01      4.92e+00        0.35
   5     -1718.356634928     -4.17e-01      1.32e+00        0.38
   6     -1718.403846759     -4.72e-02      1.31e-01        0.39
   7     -1718.401563814      2.28e-03      4.00e-01        0.37
   8     -1718.404091626     -2.53e-03      5.48e-02        0.41
   9     -1718.404182824     -9.12e-05      4.42e-02        0.42
  10     -1718.404268336     -8.55e-05      8.56e-03        0.39
  11     -1718.404269565     -1.23e-06      8.92e-04        0.38
  12     -1718.404269591     -2.59e-08      3.15e-04        0.38
  13     -1718.404269596     -5.35e-09      1.55e-04        0.38
  14     -1718.404269598     -1.40e-09      5.10e-05        0.40
  15     -1718.404269598     -2.81e-10      2.88e-05        0.39
  16     -1718.404269598     -7.14e-11      6.77e-06        0.36

 SCF converged in 16 iterations.

 Dipole moment (in Debye):               0.000039      -0.000092       0.285418

 Quadrupole moment (in Debye-Angstrom):
                  1            2            3
 1       -72.507703    -0.000059    -0.000185
 2        -0.000059   -72.508965     0.000512
 3        -0.000185     0.000512   -72.815743

 Spin-squared expectation <S^2>:         0.000
 Total spin quantum number S:            0.000
 TOTAL ENERGY:                       -1718.404269598

 --------------------------------------------------------------------------------

 End time:                               Tue Oct 26 09:43:40 2021
 Total wall-clock time:                 17.647 seconds
==================================================================================
