
================================================================================
          _____________ ________ _______________ ________     _________         
         / ___________// ______ \\_____   _____// ______ \   / ________)        
        / /_________  / /      \ \     | |     / /      \ \ | (_______          
       |  __________|| |        | |    | |    | |        | | \________ \        
        \ \_________ | |        | |    | |     \ \______/ /___________) |       
         \__________||_|        |_|    |_|      \________//____________/        
                                                                                
====================================[ Qcore ]===================================

 Git describe: 2.3.0-1-g21d9df7e5
 Compiler:     GNU 9.1.0
 Build type:   Release
 Version:      2.3.0-1-g21d9df7e5

 Start time:   Tue Oct 26 09:42:31 2021

 Data directory: /work/zw18965/.local/qcore/share/entos/qcore/data
 Number of threads: 24
 Number of threads was determined by: command line argument
  - More threads can be used by running 'qcore -n 32'

 --------------------------------------------------------------------------------
                                   command: dft                                  
 --------------------------------------------------------------------------------
 AO basis set:                           def2-tzvppd
 Number of AO basis functions:         452

 Formula:                                C5O5Cr
 Nuclear charge:                        94.000000000
 Total charge:                           0.000000000
 Number of electrons:                   94.000000000

 Number of alpha electrons:             47
 Number of beta electrons:              47
 Number of unpaired electrons:           0
 Spin:                                   0
 Multiplicity:                           singlet

 Theory:                                 dft
 Exchange-correlation functional:        wb97xd3

 Using range separated hybrid functional
 Range separation parameter:             0.250000000
 Short range exact exchange:             0.195728000
 Total long range exact exchange:        1.000000000

 Method for Coulomb:                     incore_df
 Method for exact exchange:              pre_transformed_df
 Integral threshold:                     1.00e-12
 DF basis set:                           def2-universal-jkfit
 Number of DF basis functions:        1024
 Schwarz screening threshold:            1.00e-10
 Coulomb fitting method:                 Cholesky
 Total number of grid points:        76548
 Method for AO orthogonalization:        symmetric
 Threshold for linear dependence:        1.00e-08
 D3 dispersion energy:                  -0.004726771

 -------------------------------------
  Running restricted closed-shell SCF 
 -------------------------------------
 Max number of iterations:             128
 Conv. threshold (gradient):             1.00e-05
 Conv. threshold (energy):               1.00e-06
 Interpolation scheme:                   adiis+cdiis
 Initial guess:                          SAD

 ---------------------------------------------------------------
                  energy        change          grad        time
 ---------------------------------------------------------------
   0     -1612.466553056                    2.63e+01        0.37
   1     -1610.114128149      2.35e+00      6.99e+00        0.32
   2     -1585.281192813      2.48e+01      2.50e+01        0.34
   3     -1607.870520271     -2.26e+01      1.72e+01        0.33
   4     -1611.107588530     -3.24e+00      2.04e+00        0.33
   5     -1611.118705633     -1.11e-02      2.15e+00        0.34
   6     -1611.247878295     -1.29e-01      3.75e-01        0.35
   7     -1611.230434092      1.74e-02      1.21e+00        0.36
   8     -1611.248825961     -1.84e-02      3.25e-01        0.39
   9     -1611.249938882     -1.11e-03      1.88e-01        0.39
  10     -1611.250012508     -7.36e-05      1.75e-01        0.39
  11     -1611.250409814     -3.97e-04      2.85e-02        0.41
  12     -1611.250398939      1.09e-05      3.04e-02        0.41
  13     -1611.250471497     -7.26e-05      1.68e-03        0.39
  14     -1611.250471548     -5.08e-08      4.24e-04        0.34
  15     -1611.250471558     -9.90e-09      9.40e-05        0.35
  16     -1611.250471559     -1.12e-09      3.09e-05        0.35
  17     -1611.250471559     -3.91e-11      1.75e-05        0.34
  18     -1611.250471559     -1.50e-11      4.42e-06        0.35

 SCF converged in 18 iterations.

 Dipole moment (in Debye):              -0.000396       0.000437      -2.389961

 Quadrupole moment (in Debye-Angstrom):
                  1            2            3
 1       -74.243048    -0.000489     0.000445
 2        -0.000489   -74.242582    -0.000336
 3         0.000445    -0.000336   -69.096476

 Spin-squared expectation <S^2>:         0.000
 Total spin quantum number S:            0.000
 TOTAL ENERGY:                       -1611.250471559

 --------------------------------------------------------------------------------

 End time:                               Tue Oct 26 09:42:48 2021
 Total wall-clock time:                 17.138 seconds
==================================================================================
