
================================================================================
          _____________ ________ _______________ ________     _________         
         / ___________// ______ \\_____   _____// ______ \   / ________)        
        / /_________  / /      \ \     | |     / /      \ \ | (_______          
       |  __________|| |        | |    | |    | |        | | \________ \        
        \ \_________ | |        | |    | |     \ \______/ /___________) |       
         \__________||_|        |_|    |_|      \________//____________/        
                                                                                
====================================[ Qcore ]===================================

 Git describe: 2.3.0-1-g21d9df7e5
 Compiler:     GNU 9.1.0
 Build type:   Release
 Version:      2.3.0-1-g21d9df7e5

 Start time:   Tue Oct 26 09:47:10 2021

 Data directory: /work/zw18965/.local/qcore/share/entos/qcore/data
 Number of threads: 24
 Number of threads was determined by: command line argument
  - More threads can be used by running 'qcore -n 32'

 --------------------------------------------------------------------------------
                                   command: dft                                  
 --------------------------------------------------------------------------------
 AO basis set:                           def2-tzvppd
 Number of AO basis functions:         590

 Formula:                                C6H16P2
 Nuclear charge:                        82.000000000
 Total charge:                           0.000000000
 Number of electrons:                   82.000000000

 Number of alpha electrons:             41
 Number of beta electrons:              41
 Number of unpaired electrons:           0
 Spin:                                   0
 Multiplicity:                           singlet

 Theory:                                 dft
 Exchange-correlation functional:        wb97xd3

 Using range separated hybrid functional
 Range separation parameter:             0.250000000
 Short range exact exchange:             0.195728000
 Total long range exact exchange:        1.000000000

 Method for Coulomb:                     incore_df
 Method for exact exchange:              pre_transformed_df
 Integral threshold:                     1.00e-12
 DF basis set:                           def2-universal-jkfit
 Number of DF basis functions:         994
 Schwarz screening threshold:            1.00e-10
 Coulomb fitting method:                 Cholesky
 Total number of grid points:       149740
 Method for AO orthogonalization:        symmetric
 Threshold for linear dependence:        1.00e-08
 D3 dispersion energy:                  -0.007381781

 -------------------------------------
  Running restricted closed-shell SCF 
 -------------------------------------
 Max number of iterations:             128
 Conv. threshold (gradient):             1.00e-05
 Conv. threshold (energy):               1.00e-06
 Interpolation scheme:                   adiis+cdiis
 Initial guess:                          SAD

 ---------------------------------------------------------------
                  energy        change          grad        time
 ---------------------------------------------------------------
   0      -922.751067988                    1.96e+01        0.70
   1      -920.939727079      1.81e+00      1.08e+00        0.59
   2      -920.993910270     -5.42e-02      7.98e-01        0.61
   3      -921.041752023     -4.78e-02      2.96e-01        0.60
   4      -921.043822315     -2.07e-03      2.69e-01        0.67
   5      -921.047974019     -4.15e-03      4.53e-02        0.63
   6      -921.048000590     -2.66e-05      4.41e-02        0.64
   7      -921.048068182     -6.76e-05      9.95e-04        0.65
   8      -921.048068318     -1.37e-07      3.27e-04        0.59
   9      -921.048068332     -1.33e-08      1.26e-04        0.61
  10      -921.048068333     -1.63e-09      2.82e-05        0.64
  11      -921.048068333     -1.12e-10      6.08e-06        0.62

 SCF converged in 11 iterations.

 Dipole moment (in Debye):              -0.000045       0.000020       1.887273

 Quadrupole moment (in Debye-Angstrom):
                  1            2            3
 1       -66.817700     4.471383     0.000167
 2         4.471383   -69.390309    -0.000131
 3         0.000167    -0.000131   -70.262963

 Spin-squared expectation <S^2>:         0.000
 Total spin quantum number S:            0.000
 TOTAL ENERGY:                        -921.048068333

 --------------------------------------------------------------------------------

 End time:                               Tue Oct 26 09:47:23 2021
 Total wall-clock time:                 12.653 seconds
==================================================================================
