
================================================================================
          _____________ ________ _______________ ________     _________         
         / ___________// ______ \\_____   _____// ______ \   / ________)        
        / /_________  / /      \ \     | |     / /      \ \ | (_______          
       |  __________|| |        | |    | |    | |        | | \________ \        
        \ \_________ | |        | |    | |     \ \______/ /___________) |       
         \__________||_|        |_|    |_|      \________//____________/        
                                                                                
====================================[ Qcore ]===================================

 Git describe: 2.3.0-1-g21d9df7e5
 Compiler:     GNU 9.1.0
 Build type:   Release
 Version:      2.3.0-1-g21d9df7e5

 Start time:   Tue Oct 26 09:47:26 2021

 Data directory: /work/zw18965/.local/qcore/share/entos/qcore/data
 Number of threads: 24
 Number of threads was determined by: command line argument
  - More threads can be used by running 'qcore -n 32'

 --------------------------------------------------------------------------------
                                   command: dft                                  
 --------------------------------------------------------------------------------
 AO basis set:                           def2-tzvppd
 Number of AO basis functions:        1446
 ECP on atom 1 (Ru):                     28 electrons

 Formula:                                C14H40P4Ru
 Nuclear charge:                       228.000000000
 Total charge:                           0.000000000
 Number of core electrons:              28
 Number of treated electrons:          200

 Number of alpha electrons:            100
 Number of beta electrons:             100
 Number of unpaired electrons:           0
 Spin:                                   0
 Multiplicity:                           singlet

 Theory:                                 dft
 Exchange-correlation functional:        wb97xd3

 Using range separated hybrid functional
 Range separation parameter:             0.250000000
 Short range exact exchange:             0.195728000
 Total long range exact exchange:        1.000000000

 Method for Coulomb:                     incore_df
 Method for exact exchange:              pre_transformed_df
 Integral threshold:                     1.00e-12
 DF basis set:                           def2-universal-jkfit
 Number of DF basis functions:        2537
 Schwarz screening threshold:            1.00e-10
 Coulomb fitting method:                 Cholesky
 Total number of grid points:       368614
 Method for AO orthogonalization:        symmetric
 Threshold for linear dependence:        1.00e-08
 D3 dispersion energy:                  -0.042485468

 -------------------------------------
  Running restricted closed-shell SCF 
 -------------------------------------
 Max number of iterations:             128
 Conv. threshold (gradient):             1.00e-05
 Conv. threshold (energy):               1.00e-06
 Interpolation scheme:                   adiis+cdiis
 Initial guess:                          SAD

 ---------------------------------------------------------------
                  energy        change          grad        time
 ---------------------------------------------------------------
   0     -2022.883299840                    4.06e+01       12.38
   1     -2017.862228350      5.02e+00      2.80e+00        9.50
   2     -2017.946673924     -8.44e-02      3.73e+00        9.65
   3     -2018.137076381     -1.90e-01      3.65e+00        9.52
   4     -2018.035686712      1.01e-01      5.71e+00        9.63
   5     -2018.205059049     -1.69e-01      7.65e-01        9.63
   6     -2018.204062267      9.97e-04      8.12e-01       10.04
   7     -2018.213466800     -9.40e-03      1.05e-01        9.92
   8     -2018.213214740      2.52e-04      2.34e-01       10.46
   9     -2018.213513703     -2.99e-04      5.72e-02       10.13
  10     -2018.213518308     -4.61e-06      5.48e-02       10.42
  11     -2018.213533699     -1.54e-05      7.70e-04       10.01
  12     -2018.213533719     -1.95e-08      3.76e-04        9.70
  13     -2018.213533722     -3.27e-09      1.65e-04        9.74
  14     -2018.213533723     -7.75e-10      9.18e-05        9.82
  15     -2018.213533723     -1.82e-10      3.43e-05        9.40
  16     -2018.213533723     -4.66e-11      1.83e-05        9.65
  17     -2018.213533723     -7.96e-12      3.38e-06        9.47

 SCF converged in 17 iterations.

 Dipole moment (in Debye):               0.061406       0.454720       2.282738

 Quadrupole moment (in Debye-Angstrom):
                  1            2            3
 1      -159.877348     0.631723    -0.437227
 2         0.631723  -169.346579    -0.936902
 3        -0.437227    -0.936902  -176.816140

 Spin-squared expectation <S^2>:         0.000
 Total spin quantum number S:            0.000
 TOTAL ENERGY:                       -2018.213533723

 --------------------------------------------------------------------------------

 End time:                               Tue Oct 26 09:51:52 2021
 Total wall-clock time:                265.394 seconds
==================================================================================
