
================================================================================
          _____________ ________ _______________ ________     _________         
         / ___________// ______ \\_____   _____// ______ \   / ________)        
        / /_________  / /      \ \     | |     / /      \ \ | (_______          
       |  __________|| |        | |    | |    | |        | | \________ \        
        \ \_________ | |        | |    | |     \ \______/ /___________) |       
         \__________||_|        |_|    |_|      \________//____________/        
                                                                                
====================================[ Qcore ]===================================

 Git describe: 2.3.0-1-g21d9df7e5
 Compiler:     GNU 9.1.0
 Build type:   Release
 Version:      2.3.0-1-g21d9df7e5

 Start time:   Tue Oct 26 09:42:52 2021

 Data directory: /work/zw18965/.local/qcore/share/entos/qcore/data
 Number of threads: 24
 Number of threads was determined by: command line argument
  - More threads can be used by running 'qcore -n 32'

 --------------------------------------------------------------------------------
                                   command: dft                                  
 --------------------------------------------------------------------------------
 AO basis set:                           def2-tzvppd
 Number of AO basis functions:         811
 ECP on atom 1 (Ir):                     60 electrons

 Formula:                                C7H18OP2ClIr
 Nuclear charge:                       192.000000000
 Total charge:                           0.000000000
 Number of core electrons:              60
 Number of treated electrons:          132

 Number of alpha electrons:             66
 Number of beta electrons:              66
 Number of unpaired electrons:           0
 Spin:                                   0
 Multiplicity:                           singlet

 Theory:                                 dft
 Exchange-correlation functional:        wb97xd3

 Using range separated hybrid functional
 Range separation parameter:             0.250000000
 Short range exact exchange:             0.195728000
 Total long range exact exchange:        1.000000000

 Method for Coulomb:                     incore_df
 Method for exact exchange:              pre_transformed_df
 Integral threshold:                     1.00e-12
 DF basis set:                           def2-universal-jkfit
 Number of DF basis functions:        1537
 Schwarz screening threshold:            1.00e-10
 Coulomb fitting method:                 Cholesky
 Total number of grid points:       191878
 Method for AO orthogonalization:        symmetric
 Threshold for linear dependence:        1.00e-08
 D3 dispersion energy:                  -0.016023867

 -------------------------------------
  Running restricted closed-shell SCF 
 -------------------------------------
 Max number of iterations:             128
 Conv. threshold (gradient):             1.00e-05
 Conv. threshold (energy):               1.00e-06
 Interpolation scheme:                   adiis+cdiis
 Initial guess:                          SAD

 ---------------------------------------------------------------
                  energy        change          grad        time
 ---------------------------------------------------------------
   0     -1602.488130658                    9.21e+01        2.03
   1     -1600.230932868      2.26e+00      1.50e+00        1.67
   2     -1600.220039066      1.09e-02      2.31e+00        1.63
   3     -1600.402525660     -1.82e-01      8.86e-01        1.59
   4     -1600.357086765      4.54e-02      1.81e+00        1.69
   5     -1600.424383506     -6.73e-02      2.75e-01        1.66
   6     -1600.423498544      8.85e-04      3.26e-01        1.70
   7     -1600.426976500     -3.48e-03      3.04e-02        1.83
   8     -1600.426955614      2.09e-05      4.08e-02        1.74
   9     -1600.427015073     -5.95e-05      2.31e-03        1.71
  10     -1600.427015693     -6.20e-07      8.16e-04        1.61
  11     -1600.427015808     -1.14e-07      2.84e-04        1.61
  12     -1600.427015816     -7.90e-09      1.30e-04        1.64
  13     -1600.427015816     -7.83e-10      4.12e-05        1.65
  14     -1600.427015816     -6.53e-11      9.55e-06        1.65

 SCF converged in 14 iterations.

 Dipole moment (in Debye):               0.000508       1.058062       0.010842

 Quadrupole moment (in Debye-Angstrom):
                  1            2            3
 1       -88.652890    -0.008694    -0.000936
 2        -0.008694  -128.987905    -0.003080
 3        -0.000936    -0.003080  -112.169472

 Spin-squared expectation <S^2>:         0.000
 Total spin quantum number S:            0.000
 TOTAL ENERGY:                       -1600.427015816

 --------------------------------------------------------------------------------

 End time:                               Tue Oct 26 09:43:55 2021
 Total wall-clock time:                 63.455 seconds
==================================================================================
