
================================================================================
          _____________ ________ _______________ ________     _________         
         / ___________// ______ \\_____   _____// ______ \   / ________)        
        / /_________  / /      \ \     | |     / /      \ \ | (_______          
       |  __________|| |        | |    | |    | |        | | \________ \        
        \ \_________ | |        | |    | |     \ \______/ /___________) |       
         \__________||_|        |_|    |_|      \________//____________/        
                                                                                
====================================[ Qcore ]===================================

 Git describe: 2.3.0-1-g21d9df7e5
 Compiler:     GNU 9.1.0
 Build type:   Release
 Version:      2.3.0-1-g21d9df7e5

 Start time:   Tue Oct 26 09:41:09 2021

 Data directory: /work/zw18965/.local/qcore/share/entos/qcore/data
 Number of threads: 24
 Number of threads was determined by: command line argument
  - More threads can be used by running 'qcore -n 32'

 --------------------------------------------------------------------------------
                                   command: dft                                  
 --------------------------------------------------------------------------------
 AO basis set:                           def2-tzvppd
 Number of AO basis functions:        2045
 ECP on atom 14 (Rh):                    28 electrons

 Formula:                                C36H30P2ClRh
 Nuclear charge:                       338.000000000
 Total charge:                           0.000000000
 Number of core electrons:              28
 Number of treated electrons:          310

 Number of alpha electrons:            155
 Number of beta electrons:             155
 Number of unpaired electrons:           0
 Spin:                                   0
 Multiplicity:                           singlet

 Theory:                                 dft
 Exchange-correlation functional:        wb97xd3

 Using range separated hybrid functional
 Range separation parameter:             0.250000000
 Short range exact exchange:             0.195728000
 Total long range exact exchange:        1.000000000

 Method for Coulomb:                     incore_df
 Method for exact exchange:              pre_transformed_df
 Integral threshold:                     1.00e-12
 DF basis set:                           def2-universal-jkfit
 Number of DF basis functions:        3879
 Schwarz screening threshold:            1.00e-10
 Coulomb fitting method:                 Cholesky
 Total number of grid points:       452108
 Method for AO orthogonalization:        symmetric
 Threshold for linear dependence:        1.00e-08
 D3 dispersion energy:                  -0.056052140

 -------------------------------------
  Running restricted closed-shell SCF 
 -------------------------------------
 Max number of iterations:             128
 Conv. threshold (gradient):             1.00e-05
 Conv. threshold (energy):               1.00e-06
 Interpolation scheme:                   adiis+cdiis
 Initial guess:                          SAD

 ---------------------------------------------------------------
                  energy        change          grad        time
 ---------------------------------------------------------------
   0     -2657.712216800                    3.61e+01       46.98
   1     -2643.247446166      1.45e+01      2.84e+00       33.64
   2     -2643.274182380     -2.67e-02      5.55e+00       33.87
   3     -2643.559699443     -2.86e-01      4.48e+00       33.82
   4     -2643.510904426      4.88e-02      5.63e+00       32.97
   5     -2643.657840461     -1.47e-01      3.05e-01       33.79
   6     -2643.652625659      5.21e-03      5.77e-01       33.84
   7     -2643.662482203     -9.86e-03      1.21e-01       36.30
   8     -2643.662253434      2.29e-04      2.08e-01       33.97
   9     -2643.662766327     -5.13e-04      3.15e-02       36.25
  10     -2643.662757196      9.13e-06      6.36e-02       34.37
  11     -2643.662785836     -2.86e-05      2.13e-03       36.51
  12     -2643.662786057     -2.21e-07      1.38e-03       33.49
  13     -2643.662786123     -6.63e-08      8.01e-04       35.20
  14     -2643.662786163     -3.93e-08      5.40e-04       32.92
  15     -2643.662786181     -1.81e-08      2.25e-04       34.61
  16     -2643.662786184     -2.98e-09      1.35e-04       33.23
  17     -2643.662786185     -8.98e-10      6.22e-05       35.72
  18     -2643.662786185     -2.89e-10      2.81e-05       33.46
  19     -2643.662786185      2.27e-12      1.46e-05       35.48
  20     -2643.662786185     -4.46e-11      1.10e-05       34.38
  21     -2643.662786185      2.32e-11      4.64e-06       36.78

 SCF converged in 21 iterations.

 Dipole moment (in Debye):              -2.534542       3.636588       6.243045

 Quadrupole moment (in Debye-Angstrom):
                  1            2            3
 1      -247.818430     2.401337     8.010778
 2         2.401337  -248.656164   -14.559986
 3         8.010778   -14.559986  -265.515199

 Spin-squared expectation <S^2>:         0.000
 Total spin quantum number S:            0.000
 TOTAL ENERGY:                       -2643.662786185

 --------------------------------------------------------------------------------

 End time:                               Tue Oct 26 10:01:46 2021
 Total wall-clock time:               1237.006 seconds
==================================================================================
