
================================================================================
          _____________ ________ _______________ ________     _________         
         / ___________// ______ \\_____   _____// ______ \   / ________)        
        / /_________  / /      \ \     | |     / /      \ \ | (_______          
       |  __________|| |        | |    | |    | |        | | \________ \        
        \ \_________ | |        | |    | |     \ \______/ /___________) |       
         \__________||_|        |_|    |_|      \________//____________/        
                                                                                
====================================[ Qcore ]===================================

 Git describe: 2.3.0-1-g21d9df7e5
 Compiler:     GNU 9.1.0
 Build type:   Release
 Version:      2.3.0-1-g21d9df7e5

 Start time:   Tue Oct 26 09:43:43 2021

 Data directory: /work/zw18965/.local/qcore/share/entos/qcore/data
 Number of threads: 24
 Number of threads was determined by: command line argument

 --------------------------------------------------------------------------------
                                   command: dft                                  
 --------------------------------------------------------------------------------
 AO basis set:                           def2-tzvppd
 Number of AO basis functions:        1794
 ECP on atom 1 (Ru):                     28 electrons

 Formula:                                C25H39PCl2Ru
 Nuclear charge:                       282.000000000
 Total charge:                           0.000000000
 Number of core electrons:              28
 Number of treated electrons:          254

 Number of alpha electrons:            127
 Number of beta electrons:             127
 Number of unpaired electrons:           0
 Spin:                                   0
 Multiplicity:                           singlet

 Theory:                                 dft
 Exchange-correlation functional:        wb97xd3

 Using range separated hybrid functional
 Range separation parameter:             0.250000000
 Short range exact exchange:             0.195728000
 Total long range exact exchange:        1.000000000

 Method for Coulomb:                     incore_df
 Method for exact exchange:              pre_transformed_df
 Integral threshold:                     1.00e-12
 DF basis set:                           def2-universal-jkfit
 Number of DF basis functions:        3216
 Schwarz screening threshold:            1.00e-10
 Coulomb fitting method:                 Cholesky
 Total number of grid points:       430462
 Method for AO orthogonalization:        symmetric
 Threshold for linear dependence:        1.00e-08
 D3 dispersion energy:                  -0.047912719

 -------------------------------------
  Running restricted closed-shell SCF 
 -------------------------------------
 Max number of iterations:             128
 Conv. threshold (gradient):             1.00e-05
 Conv. threshold (energy):               1.00e-06
 Interpolation scheme:                   adiis+cdiis
 Initial guess:                          SAD

 ---------------------------------------------------------------
                  energy        change          grad        time
 ---------------------------------------------------------------
   0     -2342.615730221                    3.63e+01       25.41
   1     -2332.763949031      9.85e+00      3.49e+00       17.93
   2     -2332.424074881      3.40e-01      8.56e+00       17.51
   3     -2333.089188932     -6.65e-01      2.22e+00       17.30
   4     -2332.900899972      1.88e-01      5.48e+00       17.99
   5     -2333.130877503     -2.30e-01      1.02e+00       17.67
   6     -2333.135618175     -4.74e-03      9.73e-01       18.30
   7     -2333.141995212     -6.38e-03      3.88e-01       19.04
   8     -2333.142142657     -1.47e-04      3.74e-01       18.56
   9     -2333.143334234     -1.19e-03      2.01e-02       18.92
  10     -2333.143335355     -1.12e-06      2.45e-02       19.08
  11     -2333.143351190     -1.58e-05      2.31e-03       20.02
  12     -2333.143351546     -3.56e-07      1.18e-03       18.18
  13     -2333.143351619     -7.31e-08      5.58e-04       17.26
  14     -2333.143351639     -2.03e-08      2.82e-04       18.72
  15     -2333.143351645     -6.26e-09      1.31e-04       17.89
  16     -2333.143351646     -1.23e-09      8.08e-05       17.08
  17     -2333.143351647     -6.69e-10      4.39e-05       18.09
  18     -2333.143351647     -2.10e-10      2.08e-05       18.07
  19     -2333.143351647     -7.82e-11      9.47e-06       17.56

 SCF converged in 19 iterations.

 Dipole moment (in Debye):              -2.348983       3.485266       3.108822

 Quadrupole moment (in Debye-Angstrom):
                  1            2            3
 1      -194.789376     3.839753     2.494266
 2         3.839753  -216.617186     4.483137
 3         2.494266     4.483137  -224.477212

 Spin-squared expectation <S^2>:         0.000
 Total spin quantum number S:            0.000
 TOTAL ENERGY:                       -2333.143351647

 --------------------------------------------------------------------------------

 End time:                               Tue Oct 26 09:52:46 2021
 Total wall-clock time:                542.676 seconds
==================================================================================
