
================================================================================
          _____________ ________ _______________ ________     _________         
         / ___________// ______ \\_____   _____// ______ \   / ________)        
        / /_________  / /      \ \     | |     / /      \ \ | (_______          
       |  __________|| |        | |    | |    | |        | | \________ \        
        \ \_________ | |        | |    | |     \ \______/ /___________) |       
         \__________||_|        |_|    |_|      \________//____________/        
                                                                                
====================================[ Qcore ]===================================

 Git describe: 2.3.0-1-g21d9df7e5
 Compiler:     GNU 9.1.0
 Build type:   Release
 Version:      2.3.0-1-g21d9df7e5

 Start time:   Tue Oct 26 09:43:59 2021

 Data directory: /work/zw18965/.local/qcore/share/entos/qcore/data
 Number of threads: 24
 Number of threads was determined by: command line argument
  - More threads can be used by running 'qcore -n 32'

 --------------------------------------------------------------------------------
                                   command: dft                                  
 --------------------------------------------------------------------------------
 AO basis set:                           def2-tzvppd
 Number of AO basis functions:        1232
 ECP on atom 1 (Ru):                     28 electrons

 Formula:                                C18H27ClRu
 Nuclear charge:                       196.000000000
 Total charge:                           0.000000000
 Number of core electrons:              28
 Number of treated electrons:          168

 Number of alpha electrons:             84
 Number of beta electrons:              84
 Number of unpaired electrons:           0
 Spin:                                   0
 Multiplicity:                           singlet

 Theory:                                 dft
 Exchange-correlation functional:        wb97xd3

 Using range separated hybrid functional
 Range separation parameter:             0.250000000
 Short range exact exchange:             0.195728000
 Total long range exact exchange:        1.000000000

 Method for Coulomb:                     incore_df
 Method for exact exchange:              pre_transformed_df
 Integral threshold:                     1.00e-12
 DF basis set:                           def2-universal-jkfit
 Number of DF basis functions:        2219
 Schwarz screening threshold:            1.00e-10
 Coulomb fitting method:                 Cholesky
 Total number of grid points:       297338
 Method for AO orthogonalization:        symmetric
 Threshold for linear dependence:        1.00e-08
 D3 dispersion energy:                  -0.031873495

 -------------------------------------
  Running restricted closed-shell SCF 
 -------------------------------------
 Max number of iterations:             128
 Conv. threshold (gradient):             1.00e-05
 Conv. threshold (energy):               1.00e-06
 Interpolation scheme:                   adiis+cdiis
 Initial guess:                          SAD

 ---------------------------------------------------------------
                  energy        change          grad        time
 ---------------------------------------------------------------
   0     -1264.526461466                    5.05e+01        7.92
   1     -1257.207844031      7.32e+00      4.43e+00        6.21
   2     -1256.884142258      3.24e-01      1.04e+01        6.11
   3     -1257.455832134     -5.72e-01      1.81e+00        6.27
   4     -1257.366562305      8.93e-02      4.66e+00        6.07
   5     -1257.484696177     -1.18e-01      4.75e-01        6.39
   6     -1257.482265629      2.43e-03      9.84e-01        6.54
   7     -1257.488521035     -6.26e-03      3.11e-01        6.34
   8     -1257.486575678      1.95e-03      7.56e-01        6.90
   9     -1257.489065809     -2.49e-03      1.48e-01        6.50
  10     -1257.489044779      2.10e-05      1.73e-01        6.88
  11     -1257.489186689     -1.42e-04      2.94e-02        7.43
  12     -1257.489168121      1.86e-05      7.07e-02        6.95
  13     -1257.489197423     -2.93e-05      1.39e-03        6.61
  14     -1257.489197489     -6.57e-08      5.44e-04        6.43
  15     -1257.489197504     -1.55e-08      2.58e-04        6.21
  16     -1257.489197506     -1.93e-09      1.24e-04        6.19
  17     -1257.489197507     -6.83e-10      3.88e-05        6.15
  18     -1257.489197507     -9.73e-11      2.28e-05        6.30
  19     -1257.489197507     -2.39e-11      9.98e-06        6.24

 SCF converged in 19 iterations.

 Dipole moment (in Debye):               1.358710       5.375723       0.375173

 Quadrupole moment (in Debye-Angstrom):
                  1            2            3
 1      -138.654241    -0.092888     0.368165
 2        -0.092888  -152.946180    -1.777733
 3         0.368165    -1.777733  -139.146800

 Spin-squared expectation <S^2>:         0.000
 Total spin quantum number S:            0.000
 TOTAL ENERGY:                       -1257.489197507

 --------------------------------------------------------------------------------

 End time:                               Tue Oct 26 09:47:06 2021
 Total wall-clock time:                187.078 seconds
==================================================================================
