
================================================================================
          _____________ ________ _______________ ________     _________         
         / ___________// ______ \\_____   _____// ______ \   / ________)        
        / /_________  / /      \ \     | |     / /      \ \ | (_______          
       |  __________|| |        | |    | |    | |        | | \________ \        
        \ \_________ | |        | |    | |     \ \______/ /___________) |       
         \__________||_|        |_|    |_|      \________//____________/        
                                                                                
====================================[ Qcore ]===================================

 Git describe: 2.3.0-1-g21d9df7e5
 Compiler:     GNU 9.1.0
 Build type:   Release
 Version:      2.3.0-1-g21d9df7e5

 Start time:   Tue Oct 26 09:52:23 2021

 Data directory: /work/zw18965/.local/qcore/share/entos/qcore/data
 Number of threads: 24
 Number of threads was determined by: command line argument

 --------------------------------------------------------------------------------
                                   command: dft                                  
 --------------------------------------------------------------------------------
 AO basis set:                           def2-tzvppd
 Number of AO basis functions:         738
 ECP on atom 1 (Mo):                     28 electrons

 Formula:                                C12H14Mo
 Nuclear charge:                       128.000000000
 Total charge:                           0.000000000
 Number of core electrons:              28
 Number of treated electrons:          100

 Number of alpha electrons:             50
 Number of beta electrons:              50
 Number of unpaired electrons:           0
 Spin:                                   0
 Multiplicity:                           singlet

 Theory:                                 dft
 Exchange-correlation functional:        wb97xd3

 Using range separated hybrid functional
 Range separation parameter:             0.250000000
 Short range exact exchange:             0.195728000
 Total long range exact exchange:        1.000000000

 Method for Coulomb:                     incore_df
 Method for exact exchange:              pre_transformed_df
 Integral threshold:                     1.00e-12
 DF basis set:                           def2-universal-jkfit
 Number of DF basis functions:        1407
 Schwarz screening threshold:            1.00e-10
 Coulomb fitting method:                 Cholesky
 Total number of grid points:       172330
 Method for AO orthogonalization:        symmetric
 Threshold for linear dependence:        1.00e-08
 D3 dispersion energy:                  -0.011115386

 -------------------------------------
  Running restricted closed-shell SCF 
 -------------------------------------
 Max number of iterations:             128
 Conv. threshold (gradient):             1.00e-05
 Conv. threshold (energy):               1.00e-06
 Interpolation scheme:                   adiis+cdiis
 Initial guess:                          SAD

 ---------------------------------------------------------------
                  energy        change          grad        time
 ---------------------------------------------------------------
   0      -538.653529500                    4.28e+01        2.10
   1      -533.578683940      5.07e+00      5.24e+00        1.49
   2      -532.254906256      1.32e+00      1.45e+01        1.54
   3      -533.905829386     -1.65e+00      1.89e+00        1.49
   4      -533.901951613      3.88e-03      2.75e+00        1.46
   5      -533.967768333     -6.58e-02      5.87e-01        1.46
   6      -533.956244023      1.15e-02      1.39e+00        1.54
   7      -533.972659922     -1.64e-02      2.51e-01        1.51
   8      -533.972186239      4.74e-04      3.25e-01        1.52
   9      -533.973329713     -1.14e-03      3.60e-02        1.62
  10      -533.973353981     -2.43e-05      2.68e-02        1.66
  11      -533.973382752     -2.88e-05      3.73e-03        1.54
  12      -533.973383240     -4.88e-07      1.70e-03        1.44
  13      -533.973383381     -1.41e-07      3.73e-04        1.49
  14      -533.973383388     -7.18e-09      1.25e-04        1.50
  15      -533.973383389     -6.47e-10      7.65e-05        1.48
  16      -533.973383389     -1.65e-10      2.67e-05        1.56
  17      -533.973383389     -3.37e-11      8.77e-06        1.57

 SCF converged in 17 iterations.

 Dipole moment (in Debye):              -0.000772      -1.320926       0.028829

 Quadrupole moment (in Debye-Angstrom):
                  1            2            3
 1       -95.959156    -0.035286     0.420585
 2        -0.035286   -92.619016    -0.006593
 3         0.420585    -0.006593   -89.332967

 Spin-squared expectation <S^2>:         0.000
 Total spin quantum number S:            0.000
 TOTAL ENERGY:                        -533.973383389

 --------------------------------------------------------------------------------

 End time:                               Tue Oct 26 09:53:09 2021
 Total wall-clock time:                 45.434 seconds
==================================================================================
