
================================================================================
          _____________ ________ _______________ ________     _________         
         / ___________// ______ \\_____   _____// ______ \   / ________)        
        / /_________  / /      \ \     | |     / /      \ \ | (_______          
       |  __________|| |        | |    | |    | |        | | \________ \        
        \ \_________ | |        | |    | |     \ \______/ /___________) |       
         \__________||_|        |_|    |_|      \________//____________/        
                                                                                
====================================[ Qcore ]===================================

 Git describe: 2.3.0-1-g21d9df7e5
 Compiler:     GNU 9.1.0
 Build type:   Release
 Version:      2.3.0-1-g21d9df7e5

 Start time:   Tue Oct 26 09:43:31 2021

 Data directory: /work/zw18965/.local/qcore/share/entos/qcore/data
 Number of threads: 24
 Number of threads was determined by: command line argument

 --------------------------------------------------------------------------------
                                   command: dft                                  
 --------------------------------------------------------------------------------
 AO basis set:                           def2-tzvppd
 Number of AO basis functions:         783
 ECP on atom 21 (Pd):                    28 electrons
 ECP on atom 26 (I):                     28 electrons

 Formula:                                C11H11N2PdI
 Nuclear charge:                       190.000000000
 Total charge:                           0.000000000
 Number of core electrons:              56
 Number of treated electrons:          134

 Number of alpha electrons:             67
 Number of beta electrons:              67
 Number of unpaired electrons:           0
 Spin:                                   0
 Multiplicity:                           singlet

 Theory:                                 dft
 Exchange-correlation functional:        wb97xd3

 Using range separated hybrid functional
 Range separation parameter:             0.250000000
 Short range exact exchange:             0.195728000
 Total long range exact exchange:        1.000000000

 Method for Coulomb:                     incore_df
 Method for exact exchange:              pre_transformed_df
 Integral threshold:                     1.00e-12
 DF basis set:                           def2-universal-jkfit
 Number of DF basis functions:        1650
 Schwarz screening threshold:            1.00e-10
 Coulomb fitting method:                 Cholesky
 Total number of grid points:       170474
 Method for AO orthogonalization:        symmetric
 Threshold for linear dependence:        1.00e-08
 D3 dispersion energy:                  -0.011483635

 -------------------------------------
  Running restricted closed-shell SCF 
 -------------------------------------
 Max number of iterations:             128
 Conv. threshold (gradient):             1.00e-05
 Conv. threshold (energy):               1.00e-06
 Interpolation scheme:                   adiis+cdiis
 Initial guess:                          SAD

 ---------------------------------------------------------------
                  energy        change          grad        time
 ---------------------------------------------------------------
   0      -965.659875696                    1.97e+01        2.48
   1      -960.844523261      4.82e+00      3.30e+00        2.45
   2      -960.515325468      3.29e-01      5.80e+00        1.60
   3      -961.117386442     -6.02e-01      6.56e-01        1.56
   4      -961.110940125      6.45e-03      9.28e-01        1.58
   5      -961.127762987     -1.68e-02      1.66e-01        1.94
   6      -961.127217018      5.46e-04      2.37e-01        1.79
   7      -961.128433933     -1.22e-03      3.02e-02        1.93
   8      -961.128447800     -1.39e-05      2.84e-02        1.93
   9      -961.128476076     -2.83e-05      3.30e-03        1.86
  10      -961.128476848     -7.72e-07      1.07e-03        1.84
  11      -961.128476962     -1.14e-07      4.25e-04        1.88
  12      -961.128476981     -1.90e-08      2.20e-04        1.79
  13      -961.128476987     -6.28e-09      7.16e-05        1.93
  14      -961.128476988     -4.95e-10      4.24e-05        2.69
  15      -961.128476988     -1.62e-10      1.76e-05        1.95
  16      -961.128476988     -4.34e-11      8.43e-06        1.80

 SCF converged in 16 iterations.

 Dipole moment (in Debye):              11.784245       2.951728       0.000005

 Quadrupole moment (in Debye-Angstrom):
                  1            2            3
 1      -110.612765    -4.065858    -0.022969
 2        -4.065858   -99.538975     0.008480
 3        -0.022969     0.008480  -129.572955

 Spin-squared expectation <S^2>:         0.000
 Total spin quantum number S:            0.000
 TOTAL ENERGY:                        -961.128476988

 --------------------------------------------------------------------------------

 End time:                               Tue Oct 26 09:52:20 2021
 Total wall-clock time:                528.573 seconds
==================================================================================
