
================================================================================
          _____________ ________ _______________ ________     _________         
         / ___________// ______ \\_____   _____// ______ \   / ________)        
        / /_________  / /      \ \     | |     / /      \ \ | (_______          
       |  __________|| |        | |    | |    | |        | | \________ \        
        \ \_________ | |        | |    | |     \ \______/ /___________) |       
         \__________||_|        |_|    |_|      \________//____________/        
                                                                                
====================================[ Qcore ]===================================

 Git describe: 2.3.0-1-g21d9df7e5
 Compiler:     GNU 9.1.0
 Build type:   Release
 Version:      2.3.0-1-g21d9df7e5

 Start time:   Tue Oct 26 09:53:34 2021

 Data directory: /work/zw18965/.local/qcore/share/entos/qcore/data
 Number of threads: 24
 Number of threads was determined by: command line argument

 --------------------------------------------------------------------------------
                                   command: dft                                  
 --------------------------------------------------------------------------------
 AO basis set:                           def2-tzvppd
 Number of AO basis functions:         546

 Formula:                                C6HO6Mn
 Nuclear charge:                       110.000000000
 Total charge:                           0.000000000
 Number of electrons:                  110.000000000

 Number of alpha electrons:             55
 Number of beta electrons:              55
 Number of unpaired electrons:           0
 Spin:                                   0
 Multiplicity:                           singlet

 Theory:                                 dft
 Exchange-correlation functional:        wb97xd3

 Using range separated hybrid functional
 Range separation parameter:             0.250000000
 Short range exact exchange:             0.195728000
 Total long range exact exchange:        1.000000000

 Method for Coulomb:                     incore_df
 Method for exact exchange:              pre_transformed_df
 Integral threshold:                     1.00e-12
 DF basis set:                           def2-universal-jkfit
 Number of DF basis functions:        1194
 Schwarz screening threshold:            1.00e-10
 Coulomb fitting method:                 Cholesky
 Total number of grid points:        96290
 Method for AO orthogonalization:        symmetric
 Threshold for linear dependence:        1.00e-08
 D3 dispersion energy:                  -0.006517164

 -------------------------------------
  Running restricted closed-shell SCF 
 -------------------------------------
 Max number of iterations:             128
 Conv. threshold (gradient):             1.00e-05
 Conv. threshold (energy):               1.00e-06
 Interpolation scheme:                   adiis+cdiis
 Initial guess:                          SAD

 ---------------------------------------------------------------
                  energy        change          grad        time
 ---------------------------------------------------------------
   0     -1833.904335105                    3.42e+01        0.64
   1     -1831.422422067      2.48e+00      2.24e+00        0.56
   2     -1830.976946543      4.45e-01      4.28e+00        0.53
   3     -1831.703509633     -7.27e-01      9.29e-01        0.52
   4     -1831.571981467      1.32e-01      4.10e+00        0.62
   5     -1831.714827780     -1.43e-01      4.87e-01        0.66
   6     -1831.715025746     -1.98e-04      9.07e-01        0.67
   7     -1831.714247276      7.78e-04      1.18e+00        0.64
   8     -1831.725137583     -1.09e-02      1.87e-01        0.64
   9     -1831.724110332      1.03e-03      3.43e-01        0.66
  10     -1831.725739330     -1.63e-03      2.98e-02        0.70
  11     -1831.725664111      7.52e-05      8.00e-02        0.70
  12     -1831.725791422     -1.27e-04      8.66e-04        0.67
  13     -1831.725791464     -4.19e-08      4.44e-04        0.62
  14     -1831.725791472     -8.14e-09      1.37e-04        0.62
  15     -1831.725791473     -1.55e-09      8.16e-05        0.62
  16     -1831.725791474     -6.03e-10      5.03e-05        0.63
  17     -1831.725791474     -1.23e-10      1.45e-05        0.62
  18     -1831.725791474     -1.86e-11      9.04e-06        0.64

 SCF converged in 18 iterations.

 Dipole moment (in Debye):               2.408704      -0.003082       0.383999

 Quadrupole moment (in Debye-Angstrom):
                  1            2            3
 1       -90.560441     0.019282    -3.370850
 2         0.019282   -82.129800    -0.004912
 3        -3.370850    -0.004912   -80.647192

 Spin-squared expectation <S^2>:         0.000
 Total spin quantum number S:            0.000
 TOTAL ENERGY:                       -1831.725791474

 --------------------------------------------------------------------------------

 End time:                               Tue Oct 26 09:54:01 2021
 Total wall-clock time:                 27.259 seconds
==================================================================================
