
================================================================================
          _____________ ________ _______________ ________     _________         
         / ___________// ______ \\_____   _____// ______ \   / ________)        
        / /_________  / /      \ \     | |     / /      \ \ | (_______          
       |  __________|| |        | |    | |    | |        | | \________ \        
        \ \_________ | |        | |    | |     \ \______/ /___________) |       
         \__________||_|        |_|    |_|      \________//____________/        
                                                                                
====================================[ Qcore ]===================================

 Git describe: 2.3.0-1-g21d9df7e5
 Compiler:     GNU 9.1.0
 Build type:   Release
 Version:      2.3.0-1-g21d9df7e5

 Start time:   Tue Oct 26 09:53:33 2021

 Data directory: /work/zw18965/.local/qcore/share/entos/qcore/data
 Number of threads: 24
 Number of threads was determined by: command line argument

 --------------------------------------------------------------------------------
                                   command: dft                                  
 --------------------------------------------------------------------------------
 AO basis set:                           def2-tzvppd
 Number of AO basis functions:         529

 Formula:                                C6O6Cr
 Nuclear charge:                       108.000000000
 Total charge:                           0.000000000
 Number of electrons:                  108.000000000

 Number of alpha electrons:             54
 Number of beta electrons:              54
 Number of unpaired electrons:           0
 Spin:                                   0
 Multiplicity:                           singlet

 Theory:                                 dft
 Exchange-correlation functional:        wb97xd3

 Using range separated hybrid functional
 Range separation parameter:             0.250000000
 Short range exact exchange:             0.195728000
 Total long range exact exchange:        1.000000000

 Method for Coulomb:                     incore_df
 Method for exact exchange:              pre_transformed_df
 Integral threshold:                     1.00e-12
 DF basis set:                           def2-universal-jkfit
 Number of DF basis functions:        1176
 Schwarz screening threshold:            1.00e-10
 Coulomb fitting method:                 Cholesky
 Total number of grid points:        90292
 Method for AO orthogonalization:        symmetric
 Threshold for linear dependence:        1.00e-08
 D3 dispersion energy:                  -0.006682934

 -------------------------------------
  Running restricted closed-shell SCF 
 -------------------------------------
 Max number of iterations:             128
 Conv. threshold (gradient):             1.00e-05
 Conv. threshold (energy):               1.00e-06
 Interpolation scheme:                   adiis+cdiis
 Initial guess:                          SAD

 ---------------------------------------------------------------
                  energy        change          grad        time
 ---------------------------------------------------------------
   0     -1726.214458707                    3.46e+01        0.59
   1     -1723.594419550      2.62e+00      9.46e+00        0.52
   2     -1705.348228593      1.82e+01      4.47e+01        0.48
   3     -1722.042624788     -1.67e+01      1.91e+01        0.46
   4     -1724.578530122     -2.54e+00      1.30e+00        0.48
   5     -1724.476329528      1.02e-01      3.21e+00        0.48
   6     -1724.632550856     -1.56e-01      5.71e-01        0.48
   7     -1724.612610342      1.99e-02      1.78e+00        0.51
   8     -1724.635150307     -2.25e-02      4.81e-01        0.50
   9     -1724.630259275      4.89e-03      1.23e+00        0.51
  10     -1724.640049196     -9.79e-03      9.40e-02        0.55
  11     -1724.639441500      6.08e-04      2.55e-01        0.56
  12     -1724.640329966     -8.88e-04      8.13e-04        0.51
  13     -1724.640329994     -2.84e-08      9.85e-05        0.52
  14     -1724.640329994     -4.57e-10      1.16e-04        0.50
  15     -1724.640329995     -1.31e-10      1.41e-05        0.51
  16     -1724.640329995     -3.41e-12      8.86e-06        0.60

 SCF converged in 16 iterations.

 Dipole moment (in Debye):              -0.000092       0.000024      -0.000089

 Quadrupole moment (in Debye-Angstrom):
                  1            2            3
 1       -83.849485     0.000148    -0.001066
 2         0.000148   -83.850888     0.000703
 3        -0.001066     0.000703   -83.849826

 Spin-squared expectation <S^2>:         0.000
 Total spin quantum number S:            0.000
 TOTAL ENERGY:                       -1724.640329995

 --------------------------------------------------------------------------------

 End time:                               Tue Oct 26 09:53:56 2021
 Total wall-clock time:                 22.903 seconds
==================================================================================
