
================================================================================
          _____________ ________ _______________ ________     _________         
         / ___________// ______ \\_____   _____// ______ \   / ________)        
        / /_________  / /      \ \     | |     / /      \ \ | (_______          
       |  __________|| |        | |    | |    | |        | | \________ \        
        \ \_________ | |        | |    | |     \ \______/ /___________) |       
         \__________||_|        |_|    |_|      \________//____________/        
                                                                                
====================================[ Qcore ]===================================

 Git describe: 2.3.0-1-g21d9df7e5
 Compiler:     GNU 9.1.0
 Build type:   Release
 Version:      2.3.0-1-g21d9df7e5

 Start time:   Tue Oct 26 09:53:05 2021

 Data directory: /work/zw18965/.local/qcore/share/entos/qcore/data
 Number of threads: 24
 Number of threads was determined by: command line argument

 --------------------------------------------------------------------------------
                                   command: dft                                  
 --------------------------------------------------------------------------------
 AO basis set:                           def2-tzvppd
 Number of AO basis functions:        1275

 Formula:                                C18H33P
 Nuclear charge:                       156.000000000
 Total charge:                           0.000000000
 Number of electrons:                  156.000000000

 Number of alpha electrons:             78
 Number of beta electrons:              78
 Number of unpaired electrons:           0
 Spin:                                   0
 Multiplicity:                           singlet

 Theory:                                 dft
 Exchange-correlation functional:        wb97xd3

 Using range separated hybrid functional
 Range separation parameter:             0.250000000
 Short range exact exchange:             0.195728000
 Total long range exact exchange:        1.000000000

 Method for Coulomb:                     incore_df
 Method for exact exchange:              pre_transformed_df
 Integral threshold:                     1.00e-12
 DF basis set:                           def2-universal-jkfit
 Number of DF basis functions:        2072
 Schwarz screening threshold:            1.00e-10
 Coulomb fitting method:                 Cholesky
 Total number of grid points:       324120
 Method for AO orthogonalization:        symmetric
 Threshold for linear dependence:        1.00e-08
 D3 dispersion energy:                  -0.026870985

 -------------------------------------
  Running restricted closed-shell SCF 
 -------------------------------------
 Max number of iterations:             128
 Conv. threshold (gradient):             1.00e-05
 Conv. threshold (energy):               1.00e-06
 Interpolation scheme:                   adiis+cdiis
 Initial guess:                          SAD

 ---------------------------------------------------------------
                  energy        change          grad        time
 ---------------------------------------------------------------
   0     -1053.954652308                    2.67e+01        7.78
   1     -1047.063774837      6.89e+00      1.23e+00        6.72
   2     -1047.146865016     -8.31e-02      9.41e-01        5.75
   3     -1047.274193607     -1.27e-01      3.52e-01        5.68
   4     -1047.275653022     -1.46e-03      3.20e-01        6.25
   5     -1047.285145033     -9.49e-03      3.31e-02        5.73
   6     -1047.285165129     -2.01e-05      2.56e-02        5.75
   7     -1047.285197814     -3.27e-05      2.89e-03        6.04
   8     -1047.285198066     -2.52e-07      8.64e-04        5.77
   9     -1047.285198092     -2.57e-08      2.77e-04        5.81
  10     -1047.285198095     -3.02e-09      9.92e-05        6.30
  11     -1047.285198095     -3.74e-10      2.80e-05        5.74
  12     -1047.285198095     -3.64e-11      9.18e-06        5.83

 SCF converged in 12 iterations.

 Dipole moment (in Debye):               0.134596       0.112741       1.368898

 Quadrupole moment (in Debye-Angstrom):
                  1            2            3
 1      -127.596311     0.173946    -0.367259
 2         0.173946  -127.902608    -0.547271
 3        -0.367259    -0.547271  -134.110644

 Spin-squared expectation <S^2>:         0.000
 Total spin quantum number S:            0.000
 TOTAL ENERGY:                       -1047.285198095

 --------------------------------------------------------------------------------

 End time:                               Tue Oct 26 09:55:06 2021
 Total wall-clock time:                121.007 seconds
==================================================================================
