
================================================================================
          _____________ ________ _______________ ________     _________         
         / ___________// ______ \\_____   _____// ______ \   / ________)        
        / /_________  / /      \ \     | |     / /      \ \ | (_______          
       |  __________|| |        | |    | |    | |        | | \________ \        
        \ \_________ | |        | |    | |     \ \______/ /___________) |       
         \__________||_|        |_|    |_|      \________//____________/        
                                                                                
====================================[ Qcore ]===================================

 Git describe: 2.3.0-1-g21d9df7e5
 Compiler:     GNU 9.1.0
 Build type:   Release
 Version:      2.3.0-1-g21d9df7e5

 Start time:   Tue Oct 26 09:53:59 2021

 Data directory: /work/zw18965/.local/qcore/share/entos/qcore/data
 Number of threads: 24
 Number of threads was determined by: command line argument

 --------------------------------------------------------------------------------
                                   command: dft                                  
 --------------------------------------------------------------------------------
 AO basis set:                           def2-tzvppd
 Number of AO basis functions:        1800
 ECP on atom 1 (W):                      60 electrons

 Formula:                                C21H44O3P2W
 Nuclear charge:                       298.000000000
 Total charge:                           0.000000000
 Number of core electrons:              60
 Number of treated electrons:          238

 Number of alpha electrons:            119
 Number of beta electrons:             119
 Number of unpaired electrons:           0
 Spin:                                   0
 Multiplicity:                           singlet

 Theory:                                 dft
 Exchange-correlation functional:        wb97xd3

 Using range separated hybrid functional
 Range separation parameter:             0.250000000
 Short range exact exchange:             0.195728000
 Total long range exact exchange:        1.000000000

 Method for Coulomb:                     incore_df
 Method for exact exchange:              pre_transformed_df
 Integral threshold:                     1.00e-12
 DF basis set:                           def2-universal-jkfit
 Number of DF basis functions:        3081
 Schwarz screening threshold:            1.00e-10
 Coulomb fitting method:                 Cholesky
 Total number of grid points:       446468
 Method for AO orthogonalization:        symmetric
 Threshold for linear dependence:        1.00e-08
 D3 dispersion energy:                  -0.055504212

 -------------------------------------
  Running restricted closed-shell SCF 
 -------------------------------------
 Max number of iterations:             128
 Conv. threshold (gradient):             1.00e-05
 Conv. threshold (energy):               1.00e-06
 Interpolation scheme:                   adiis+cdiis
 Initial guess:                          SAD

 ---------------------------------------------------------------
                  energy        change          grad        time
 ---------------------------------------------------------------
   0     -1808.933264434                    2.44e+02       23.48
   1     -1802.043117464      6.89e+00      3.05e+00       16.22
   2     -1801.421579061      6.22e-01      7.25e+00       17.32
   3     -1802.506610652     -1.09e+00      7.64e-01       17.20
   4     -1802.510329391     -3.72e-03      1.21e+00       17.98
   5     -1802.532408860     -2.21e-02      6.60e-01       17.36
   6     -1802.524046099      8.36e-03      1.07e+00       17.98
   7     -1802.536152880     -1.21e-02      2.33e-01       17.43
   8     -1802.536176379     -2.35e-05      2.36e-01       17.91
   9     -1802.536686068     -5.10e-04      7.25e-03       18.31
  10     -1802.536685438      6.31e-07      1.17e-02       18.14
  11     -1802.536689334     -3.90e-06      1.12e-03       20.19
  12     -1802.536689487     -1.53e-07      3.89e-04       19.01
  13     -1802.536689510     -2.27e-08      2.96e-04       17.19
  14     -1802.536689514     -4.43e-09      1.44e-04       18.83
  15     -1802.536689515     -9.19e-10      5.09e-05       17.54
  16     -1802.536689515     -1.61e-10      2.42e-05       18.02
  17     -1802.536689515     -4.41e-11      7.85e-06       18.07

 SCF converged in 17 iterations.

 Dipole moment (in Debye):              -0.001769       0.006869       1.891670

 Quadrupole moment (in Debye-Angstrom):
                  1            2            3
 1      -182.392870     0.000799     0.002007
 2         0.000799  -216.328164    -1.434330
 3         0.002007    -1.434330  -208.205891

 Spin-squared expectation <S^2>:         0.000
 Total spin quantum number S:            0.000
 TOTAL ENERGY:                       -1802.536689515

 --------------------------------------------------------------------------------

 End time:                               Tue Oct 26 10:04:19 2021
 Total wall-clock time:                620.389 seconds
==================================================================================
