
================================================================================
          _____________ ________ _______________ ________     _________         
         / ___________// ______ \\_____   _____// ______ \   / ________)        
        / /_________  / /      \ \     | |     / /      \ \ | (_______          
       |  __________|| |        | |    | |    | |        | | \________ \        
        \ \_________ | |        | |    | |     \ \______/ /___________) |       
         \__________||_|        |_|    |_|      \________//____________/        
                                                                                
====================================[ Qcore ]===================================

 Git describe: 2.3.0-1-g21d9df7e5
 Compiler:     GNU 9.1.0
 Build type:   Release
 Version:      2.3.0-1-g21d9df7e5

 Start time:   Tue Oct 26 09:53:52 2021

 Data directory: /work/zw18965/.local/qcore/share/entos/qcore/data
 Number of threads: 24
 Number of threads was determined by: command line argument
  - More threads can be used by running 'qcore -n 32'

 --------------------------------------------------------------------------------
                                   command: dft                                  
 --------------------------------------------------------------------------------
 AO basis set:                           def2-tzvppd
 Number of AO basis functions:         959
 ECP on atom 21 (Pd):                    28 electrons
 ECP on atom 30 (I):                     28 electrons

 Formula:                                C13H17N2PdI
 Nuclear charge:                       208.000000000
 Total charge:                           0.000000000
 Number of core electrons:              56
 Number of treated electrons:          152

 Number of alpha electrons:             76
 Number of beta electrons:              76
 Number of unpaired electrons:           0
 Spin:                                   0
 Multiplicity:                           singlet

 Theory:                                 dft
 Exchange-correlation functional:        wb97xd3

 Using range separated hybrid functional
 Range separation parameter:             0.250000000
 Short range exact exchange:             0.195728000
 Total long range exact exchange:        1.000000000

 Method for Coulomb:                     incore_df
 Method for exact exchange:              pre_transformed_df
 Integral threshold:                     1.00e-12
 DF basis set:                           def2-universal-jkfit
 Number of DF basis functions:        1908
 Schwarz screening threshold:            1.00e-10
 Coulomb fitting method:                 Cholesky
 Total number of grid points:       219414
 Method for AO orthogonalization:        symmetric
 Threshold for linear dependence:        1.00e-08
 D3 dispersion energy:                  -0.019942065

 -------------------------------------
  Running restricted closed-shell SCF 
 -------------------------------------
 Max number of iterations:             128
 Conv. threshold (gradient):             1.00e-05
 Conv. threshold (energy):               1.00e-06
 Interpolation scheme:                   adiis+cdiis
 Initial guess:                          SAD

 ---------------------------------------------------------------
                  energy        change          grad        time
 ---------------------------------------------------------------
   0     -1045.670749881                    3.12e+01        3.67
   1     -1040.355584185      5.32e+00      7.43e+00        2.78
   2     -1039.478340643      8.77e-01      1.02e+01        2.81
   3     -1040.860693736     -1.38e+00      2.09e+00        2.79
   4     -1040.759242860      1.01e-01      4.18e+00        2.90
   5     -1040.903105551     -1.44e-01      6.35e-01        2.80
   6     -1040.900369967      2.74e-03      9.00e-01        2.94
   7     -1040.908309135     -7.94e-03      7.50e-02        2.87
   8     -1040.908250770      5.84e-05      1.00e-01        2.97
   9     -1040.908457743     -2.07e-04      6.34e-03        3.00
  10     -1040.908458914     -1.17e-06      3.73e-03        2.85
  11     -1040.908459157     -2.42e-07      1.28e-03        2.80
  12     -1040.908459201     -4.42e-08      2.96e-04        2.74
  13     -1040.908459206     -4.68e-09      1.42e-04        2.97
  14     -1040.908459207     -1.13e-09      6.36e-05        2.88
  15     -1040.908459207     -2.65e-10      2.54e-05        2.90
  16     -1040.908459207     -2.09e-11      8.28e-06        3.02

 SCF converged in 16 iterations.

 Dipole moment (in Debye):              -8.848781       0.416992       3.093103

 Quadrupole moment (in Debye-Angstrom):
                  1            2            3
 1      -124.186162     0.463684    12.413632
 2         0.463684  -110.847923     2.498929
 3        12.413632     2.498929  -153.039128

 Spin-squared expectation <S^2>:         0.000
 Total spin quantum number S:            0.000
 TOTAL ENERGY:                       -1040.908459207

 --------------------------------------------------------------------------------

 End time:                               Tue Oct 26 09:59:47 2021
 Total wall-clock time:                355.015 seconds
==================================================================================
