
================================================================================
          _____________ ________ _______________ ________     _________         
         / ___________// ______ \\_____   _____// ______ \   / ________)        
        / /_________  / /      \ \     | |     / /      \ \ | (_______          
       |  __________|| |        | |    | |    | |        | | \________ \        
        \ \_________ | |        | |    | |     \ \______/ /___________) |       
         \__________||_|        |_|    |_|      \________//____________/        
                                                                                
====================================[ Qcore ]===================================

 Git describe: 2.3.0-1-g21d9df7e5
 Compiler:     GNU 9.1.0
 Build type:   Release
 Version:      2.3.0-1-g21d9df7e5

 Start time:   Tue Oct 26 09:53:12 2021

 Data directory: /work/zw18965/.local/qcore/share/entos/qcore/data
 Number of threads: 24
 Number of threads was determined by: command line argument

 --------------------------------------------------------------------------------
                                   command: dft                                  
 --------------------------------------------------------------------------------
 AO basis set:                           def2-tzvppd
 Number of AO basis functions:         381

 Formula:                                C6H6Se
 Nuclear charge:                        76.000000000
 Total charge:                           0.000000000
 Number of electrons:                   76.000000000

 Number of alpha electrons:             38
 Number of beta electrons:              38
 Number of unpaired electrons:           0
 Spin:                                   0
 Multiplicity:                           singlet

 Theory:                                 dft
 Exchange-correlation functional:        wb97xd3

 Using range separated hybrid functional
 Range separation parameter:             0.250000000
 Short range exact exchange:             0.195728000
 Total long range exact exchange:        1.000000000

 Method for Coulomb:                     incore_df
 Method for exact exchange:              pre_transformed_df
 Integral threshold:                     1.00e-12
 DF basis set:                           def2-universal-jkfit
 Number of DF basis functions:         824
 Schwarz screening threshold:            1.00e-10
 Coulomb fitting method:                 Cholesky
 Total number of grid points:        84112
 Method for AO orthogonalization:        symmetric
 Threshold for linear dependence:        1.00e-08
 D3 dispersion energy:                  -0.003232644

 -------------------------------------
  Running restricted closed-shell SCF 
 -------------------------------------
 Max number of iterations:             128
 Conv. threshold (gradient):             1.00e-05
 Conv. threshold (energy):               1.00e-06
 Interpolation scheme:                   adiis+cdiis
 Initial guess:                          SAD

 ---------------------------------------------------------------
                  energy        change          grad        time
 ---------------------------------------------------------------
   0     -2636.039892160                    1.61e+01        0.25
   1     -2633.804972501      2.23e+00      7.77e-01        0.22
   2     -2633.838797096     -3.38e-02      6.36e-01        0.21
   3     -2633.869564273     -3.08e-02      2.28e-01        0.21
   4     -2633.870860766     -1.30e-03      2.19e-01        0.22
   5     -2633.874535249     -3.67e-03      2.82e-02        0.22
   6     -2633.874535731     -4.82e-07      3.52e-02        0.22
   7     -2633.874610124     -7.44e-05      1.89e-03        0.21
   8     -2633.874610875     -7.51e-07      7.06e-04        0.22
   9     -2633.874610931     -5.63e-08      1.56e-04        0.22
  10     -2633.874610935     -4.29e-09      8.96e-05        0.22
  11     -2633.874610936     -7.79e-10      3.23e-05        0.22
  12     -2633.874610936     -1.29e-10      8.15e-06        0.22

 SCF converged in 12 iterations.

 Dipole moment (in Debye):               0.939166       0.536171       0.000002

 Quadrupole moment (in Debye-Angstrom):
                  1            2            3
 1       -50.073641    -1.664945    -0.000006
 2        -1.664945   -47.421152    -0.000005
 3        -0.000006    -0.000005   -59.476414

 Spin-squared expectation <S^2>:         0.000
 Total spin quantum number S:            0.000
 TOTAL ENERGY:                       -2633.874610936

 --------------------------------------------------------------------------------

 End time:                               Tue Oct 26 09:53:30 2021
 Total wall-clock time:                 18.089 seconds
==================================================================================
