
================================================================================
          _____________ ________ _______________ ________     _________         
         / ___________// ______ \\_____   _____// ______ \   / ________)        
        / /_________  / /      \ \     | |     / /      \ \ | (_______          
       |  __________|| |        | |    | |    | |        | | \________ \        
        \ \_________ | |        | |    | |     \ \______/ /___________) |       
         \__________||_|        |_|    |_|      \________//____________/        
                                                                                
====================================[ Qcore ]===================================

 Git describe: 2.3.0-1-g21d9df7e5
 Compiler:     GNU 9.1.0
 Build type:   Release
 Version:      2.3.0-1-g21d9df7e5

 Start time:   Tue Oct 26 09:53:01 2021

 Data directory: /work/zw18965/.local/qcore/share/entos/qcore/data
 Number of threads: 24
 Number of threads was determined by: command line argument

 --------------------------------------------------------------------------------
                                   command: dft                                  
 --------------------------------------------------------------------------------
 AO basis set:                           def2-tzvppd
 Number of AO basis functions:         162

 Formula:                                C2H3N
 Nuclear charge:                        22.000000000
 Total charge:                           0.000000000
 Number of electrons:                   22.000000000

 Number of alpha electrons:             11
 Number of beta electrons:              11
 Number of unpaired electrons:           0
 Spin:                                   0
 Multiplicity:                           singlet

 Theory:                                 dft
 Exchange-correlation functional:        wb97xd3

 Using range separated hybrid functional
 Range separation parameter:             0.250000000
 Short range exact exchange:             0.195728000
 Total long range exact exchange:        1.000000000

 Method for Coulomb:                     incore_df
 Method for exact exchange:              pre_transformed_df
 Integral threshold:                     1.00e-12
 DF basis set:                           def2-universal-jkfit
 Number of DF basis functions:         281
 Schwarz screening threshold:            1.00e-10
 Coulomb fitting method:                 Cholesky
 Total number of grid points:        38070
 Method for AO orthogonalization:        symmetric
 Threshold for linear dependence:        1.00e-08
 D3 dispersion energy:                  -0.000407336

 -------------------------------------
  Running restricted closed-shell SCF 
 -------------------------------------
 Max number of iterations:             128
 Conv. threshold (gradient):             1.00e-05
 Conv. threshold (energy):               1.00e-06
 Interpolation scheme:                   adiis+cdiis
 Initial guess:                          SAD

 ---------------------------------------------------------------
                  energy        change          grad        time
 ---------------------------------------------------------------
   0      -133.212782118                    1.09e+01        0.04
   1      -132.702053440      5.11e-01      1.03e+00        0.03
   2      -132.659588239      4.25e-02      1.87e+00        0.03
   3      -132.763868948     -1.04e-01      1.29e-01        0.03
   4      -132.764498396     -6.29e-04      6.57e-02        0.03
   5      -132.764612038     -1.14e-04      8.11e-02        0.03
   6      -132.764823580     -2.12e-04      3.74e-03        0.03
   7      -132.764824079     -4.99e-07      1.19e-03        0.03
   8      -132.764824123     -4.36e-08      8.96e-05        0.03
   9      -132.764824123     -5.63e-10      1.02e-05        0.03
  10      -132.764824123     -1.92e-11      2.56e-06        0.03

 SCF converged in 10 iterations.

 Dipole moment (in Debye):              -4.067509      -0.236757       0.151072

 Quadrupole moment (in Debye-Angstrom):
                  1            2            3
 1       -20.746694    -0.183615     0.116648
 2        -0.183615   -17.602659     0.006640
 3         0.116648     0.006640   -17.596168

 Spin-squared expectation <S^2>:         0.000
 Total spin quantum number S:            0.000
 TOTAL ENERGY:                        -132.764824123

 --------------------------------------------------------------------------------

 End time:                               Tue Oct 26 09:53:02 2021
 Total wall-clock time:                  0.934 seconds
==================================================================================
