
================================================================================
          _____________ ________ _______________ ________     _________         
         / ___________// ______ \\_____   _____// ______ \   / ________)        
        / /_________  / /      \ \     | |     / /      \ \ | (_______          
       |  __________|| |        | |    | |    | |        | | \________ \        
        \ \_________ | |        | |    | |     \ \______/ /___________) |       
         \__________||_|        |_|    |_|      \________//____________/        
                                                                                
====================================[ Qcore ]===================================

 Git describe: 2.3.0-1-g21d9df7e5
 Compiler:     GNU 9.1.0
 Build type:   Release
 Version:      2.3.0-1-g21d9df7e5

 Start time:   Tue Oct 26 09:53:28 2021

 Data directory: /work/zw18965/.local/qcore/share/entos/qcore/data
 Number of threads: 24
 Number of threads was determined by: command line argument

 --------------------------------------------------------------------------------
                                   command: dft                                  
 --------------------------------------------------------------------------------
 AO basis set:                           def2-tzvppd
 Number of AO basis functions:         312

 Formula:                                C3H9P
 Nuclear charge:                        42.000000000
 Total charge:                           0.000000000
 Number of electrons:                   42.000000000

 Number of alpha electrons:             21
 Number of beta electrons:              21
 Number of unpaired electrons:           0
 Spin:                                   0
 Multiplicity:                           singlet

 Theory:                                 dft
 Exchange-correlation functional:        wb97xd3

 Using range separated hybrid functional
 Range separation parameter:             0.250000000
 Short range exact exchange:             0.195728000
 Total long range exact exchange:        1.000000000

 Method for Coulomb:                     incore_df
 Method for exact exchange:              pre_transformed_df
 Integral threshold:                     1.00e-12
 DF basis set:                           def2-universal-jkfit
 Number of DF basis functions:         515
 Schwarz screening threshold:            1.00e-10
 Coulomb fitting method:                 Cholesky
 Total number of grid points:        80760
 Method for AO orthogonalization:        symmetric
 Threshold for linear dependence:        1.00e-08
 D3 dispersion energy:                  -0.002453574

 -------------------------------------
  Running restricted closed-shell SCF 
 -------------------------------------
 Max number of iterations:             128
 Conv. threshold (gradient):             1.00e-05
 Conv. threshold (energy):               1.00e-06
 Interpolation scheme:                   adiis+cdiis
 Initial guess:                          SAD

 ---------------------------------------------------------------
                  energy        change          grad        time
 ---------------------------------------------------------------
   0      -461.789690860                    1.76e+01        0.15
   1      -461.064990607      7.25e-01      1.07e+00        0.13
   2      -461.095055911     -3.01e-02      7.27e-01        0.12
   3      -461.122597749     -2.75e-02      2.33e-01        0.12
   4      -461.123731039     -1.13e-03      1.81e-01        0.13
   5      -461.125531513     -1.80e-03      2.90e-02        0.13
   6      -461.125552102     -2.06e-05      2.25e-02        0.13
   7      -461.125581009     -2.89e-05      4.57e-04        0.12
   8      -461.125581024     -1.46e-08      9.77e-05        0.13
   9      -461.125581024     -6.06e-10      3.01e-05        0.13
  10      -461.125581024     -6.75e-11      7.24e-06        0.13

 SCF converged in 10 iterations.

 Dipole moment (in Debye):              -0.000188       0.000284       1.317807

 Quadrupole moment (in Debye-Angstrom):
                  1            2            3
 1       -33.532674     0.000181    -0.001113
 2         0.000181   -33.531825     0.000263
 3        -0.001113     0.000263   -38.117148

 Spin-squared expectation <S^2>:         0.000
 Total spin quantum number S:            0.000
 TOTAL ENERGY:                        -461.125581024

 --------------------------------------------------------------------------------

 End time:                               Tue Oct 26 09:53:31 2021
 Total wall-clock time:                  2.860 seconds
==================================================================================
