
================================================================================
          _____________ ________ _______________ ________     _________         
         / ___________// ______ \\_____   _____// ______ \   / ________)        
        / /_________  / /      \ \     | |     / /      \ \ | (_______          
       |  __________|| |        | |    | |    | |        | | \________ \        
        \ \_________ | |        | |    | |     \ \______/ /___________) |       
         \__________||_|        |_|    |_|      \________//____________/        
                                                                                
====================================[ Qcore ]===================================

 Git describe: 2.3.0-1-g21d9df7e5
 Compiler:     GNU 9.1.0
 Build type:   Release
 Version:      2.3.0-1-g21d9df7e5

 Start time:   Tue Oct 26 10:10:58 2021

 Data directory: /work/zw18965/.local/qcore/share/entos/qcore/data
 Number of threads: 24
 Number of threads was determined by: command line argument
  - More threads can be used by running 'qcore -n 32'

 --------------------------------------------------------------------------------
                                   command: dft                                  
 --------------------------------------------------------------------------------
 AO basis set:                           def2-tzvppd
 Number of AO basis functions:         714
 ECP on atom 1 (Mo):                     28 electrons
 ECP on atom 22 (I):                     28 electrons
 ECP on atom 23 (I):                     28 electrons

 Formula:                                C10H10MoI2
 Nuclear charge:                       218.000000000
 Total charge:                           0.000000000
 Number of core electrons:              84
 Number of treated electrons:          134

 Number of alpha electrons:             67
 Number of beta electrons:              67
 Number of unpaired electrons:           0
 Spin:                                   0
 Multiplicity:                           singlet

 Theory:                                 dft
 Exchange-correlation functional:        wb97xd3

 Using range separated hybrid functional
 Range separation parameter:             0.250000000
 Short range exact exchange:             0.195728000
 Total long range exact exchange:        1.000000000

 Method for Coulomb:                     incore_df
 Method for exact exchange:              pre_transformed_df
 Integral threshold:                     1.00e-12
 DF basis set:                           def2-universal-jkfit
 Number of DF basis functions:        1621
 Schwarz screening threshold:            1.00e-10
 Coulomb fitting method:                 Cholesky
 Total number of grid points:       152910
 Method for AO orthogonalization:        symmetric
 Threshold for linear dependence:        1.00e-08
 D3 dispersion energy:                  -0.012855434

 -------------------------------------
  Running restricted closed-shell SCF 
 -------------------------------------
 Max number of iterations:             128
 Conv. threshold (gradient):             1.00e-05
 Conv. threshold (energy):               1.00e-06
 Interpolation scheme:                   adiis+cdiis
 Initial guess:                          SAD

 ---------------------------------------------------------------
                  energy        change          grad        time
 ---------------------------------------------------------------
   0     -1055.218421094                    3.93e+01        2.03
   1     -1050.457873950      4.76e+00      6.94e+00        1.42
   2     -1046.531615237      3.93e+00      2.39e+01        1.44
   3     -1050.639104417     -4.11e+00      6.30e+00        1.40
   4     -1050.970086548     -3.31e-01      1.86e+00        1.47
   5     -1050.942914382      2.72e-02      2.23e+00        1.41
   6     -1050.999932239     -5.70e-02      2.73e-01        1.41
   7     -1050.996379235      3.55e-03      7.05e-01        1.53
   8     -1051.000696598     -4.32e-03      1.96e-01        1.51
   9     -1051.000633581      6.30e-05      1.78e-01        1.53
  10     -1051.001018103     -3.85e-04      2.74e-02        1.56
  11     -1051.001024673     -6.57e-06      2.43e-02        1.60
  12     -1051.001038128     -1.35e-05      3.83e-03        1.57
  13     -1051.001038619     -4.91e-07      1.56e-03        1.45
  14     -1051.001038783     -1.64e-07      5.58e-04        1.42
  15     -1051.001038797     -1.33e-08      1.32e-04        1.43
  16     -1051.001038799     -2.11e-09      8.04e-05        1.53
  17     -1051.001038799     -2.33e-10      2.56e-05        1.34
  18     -1051.001038799     -1.64e-11      8.58e-06        1.46

 SCF converged in 18 iterations.

 Dipole moment (in Debye):               0.009240       7.634059       0.003589

 Quadrupole moment (in Debye-Angstrom):
                  1            2            3
 1      -140.467495     0.014028     0.405513
 2         0.014028  -128.593588    -0.000917
 3         0.405513    -0.000917  -127.391275

 Spin-squared expectation <S^2>:         0.000
 Total spin quantum number S:            0.000
 TOTAL ENERGY:                       -1051.001038799

 --------------------------------------------------------------------------------

 End time:                               Tue Oct 26 10:14:02 2021
 Total wall-clock time:                183.516 seconds
==================================================================================
