
================================================================================
          _____________ ________ _______________ ________     _________         
         / ___________// ______ \\_____   _____// ______ \   / ________)        
        / /_________  / /      \ \     | |     / /      \ \ | (_______          
       |  __________|| |        | |    | |    | |        | | \________ \        
        \ \_________ | |        | |    | |     \ \______/ /___________) |       
         \__________||_|        |_|    |_|      \________//____________/        
                                                                                
====================================[ Qcore ]===================================

 Git describe: 2.3.0-1-g21d9df7e5
 Compiler:     GNU 9.1.0
 Build type:   Release
 Version:      2.3.0-1-g21d9df7e5

 Start time:   Tue Oct 26 09:55:47 2021

 Data directory: /work/zw18965/.local/qcore/share/entos/qcore/data
 Number of threads: 24
 Number of threads was determined by: command line argument

 --------------------------------------------------------------------------------
                                   command: dft                                  
 --------------------------------------------------------------------------------
 AO basis set:                           def2-tzvppd
 Number of AO basis functions:        1027
 ECP on atom 1 (Ir):                     60 electrons

 Formula:                                C9H21O2P2Cl2Ir
 Nuclear charge:                       232.000000000
 Total charge:                           0.000000000
 Number of core electrons:              60
 Number of treated electrons:          172

 Number of alpha electrons:             86
 Number of beta electrons:              86
 Number of unpaired electrons:           0
 Spin:                                   0
 Multiplicity:                           singlet

 Theory:                                 dft
 Exchange-correlation functional:        wb97xd3

 Using range separated hybrid functional
 Range separation parameter:             0.250000000
 Short range exact exchange:             0.195728000
 Total long range exact exchange:        1.000000000

 Method for Coulomb:                     incore_df
 Method for exact exchange:              pre_transformed_df
 Integral threshold:                     1.00e-12
 DF basis set:                           def2-universal-jkfit
 Number of DF basis functions:        1946
 Schwarz screening threshold:            1.00e-10
 Coulomb fitting method:                 Cholesky
 Total number of grid points:       237586
 Method for AO orthogonalization:        symmetric
 Threshold for linear dependence:        1.00e-08
 D3 dispersion energy:                  -0.027061488

 -------------------------------------
  Running restricted closed-shell SCF 
 -------------------------------------
 Max number of iterations:             128
 Conv. threshold (gradient):             1.00e-05
 Conv. threshold (energy):               1.00e-06
 Interpolation scheme:                   adiis+cdiis
 Initial guess:                          SAD

 ---------------------------------------------------------------
                  energy        change          grad        time
 ---------------------------------------------------------------
   0     -2216.762677043                    1.29e+02        5.22
   1     -2213.527630117      3.24e+00      3.42e+00        3.73
   2     -2212.709455743      8.18e-01      8.80e+00        3.70
   3     -2213.917021553     -1.21e+00      8.54e-01        3.74
   4     -2213.911684087      5.34e-03      1.05e+00        3.65
   5     -2213.944447182     -3.28e-02      5.31e-01        4.64
   6     -2213.934707457      9.74e-03      1.05e+00        3.98
   7     -2213.947214656     -1.25e-02      1.90e-01        3.80
   8     -2213.947403208     -1.89e-04      2.02e-01        3.83
   9     -2213.947876403     -4.73e-04      4.19e-02        5.03
  10     -2213.947812159      6.42e-05      9.90e-02        4.18
  11     -2213.947902806     -9.06e-05      1.20e-03        3.90
  12     -2213.947902863     -5.71e-08      4.72e-04        3.62
  13     -2213.947902870     -6.88e-09      1.50e-04        4.59
  14     -2213.947902871     -7.98e-10      7.21e-05        3.67
  15     -2213.947902871     -1.41e-10      4.05e-05        3.67
  16     -2213.947902871     -5.23e-11      9.25e-06        3.88

 SCF converged in 16 iterations.

 Dipole moment (in Debye):               0.316446       1.973555       0.710672

 Quadrupole moment (in Debye-Angstrom):
                  1            2            3
 1      -110.642482     4.642085     1.212783
 2         4.642085  -158.346070    -6.618011
 3         1.212783    -6.618011  -156.894135

 Spin-squared expectation <S^2>:         0.000
 Total spin quantum number S:            0.000
 TOTAL ENERGY:                       -2213.947902871

 --------------------------------------------------------------------------------

 End time:                               Tue Oct 26 09:58:07 2021
 Total wall-clock time:                139.840 seconds
==================================================================================
