
================================================================================
          _____________ ________ _______________ ________     _________         
         / ___________// ______ \\_____   _____// ______ \   / ________)        
        / /_________  / /      \ \     | |     / /      \ \ | (_______          
       |  __________|| |        | |    | |    | |        | | \________ \        
        \ \_________ | |        | |    | |     \ \______/ /___________) |       
         \__________||_|        |_|    |_|      \________//____________/        
                                                                                
====================================[ Qcore ]===================================

 Git describe: 2.3.0-1-g21d9df7e5
 Compiler:     GNU 9.1.0
 Build type:   Release
 Version:      2.3.0-1-g21d9df7e5

 Start time:   Tue Oct 26 10:09:01 2021

 Data directory: /work/zw18965/.local/qcore/share/entos/qcore/data
 Number of threads: 24
 Number of threads was determined by: command line argument
  - More threads can be used by running 'qcore -n 32'

 --------------------------------------------------------------------------------
                                   command: dft                                  
 --------------------------------------------------------------------------------
 AO basis set:                           def2-tzvppd
 Number of AO basis functions:        1322
 ECP on atom 25 (Ru):                    28 electrons

 Formula:                                C16H31P2ClRu
 Nuclear charge:                       218.000000000
 Total charge:                           0.000000000
 Number of core electrons:              28
 Number of treated electrons:          190

 Number of alpha electrons:             95
 Number of beta electrons:              95
 Number of unpaired electrons:           0
 Spin:                                   0
 Multiplicity:                           singlet

 Theory:                                 dft
 Exchange-correlation functional:        wb97xd3

 Using range separated hybrid functional
 Range separation parameter:             0.250000000
 Short range exact exchange:             0.195728000
 Total long range exact exchange:        1.000000000

 Method for Coulomb:                     incore_df
 Method for exact exchange:              pre_transformed_df
 Integral threshold:                     1.00e-12
 DF basis set:                           def2-universal-jkfit
 Number of DF basis functions:        2397
 Schwarz screening threshold:            1.00e-10
 Coulomb fitting method:                 Cholesky
 Total number of grid points:       321998
 Method for AO orthogonalization:        symmetric
 Threshold for linear dependence:        1.00e-08
 D3 dispersion energy:                  -0.036740482

 -------------------------------------
  Running restricted closed-shell SCF 
 -------------------------------------
 Max number of iterations:             128
 Conv. threshold (gradient):             1.00e-05
 Conv. threshold (energy):               1.00e-06
 Interpolation scheme:                   adiis+cdiis
 Initial guess:                          SAD

 ---------------------------------------------------------------
                  energy        change          grad        time
 ---------------------------------------------------------------
   0     -1872.697832175                    4.65e+01        9.42
   1     -1866.288816251      6.41e+00      1.59e+00        7.22
   2     -1866.413463925     -1.25e-01      1.48e+00        7.03
   3     -1866.492227279     -7.88e-02      1.90e+00        7.56
   4     -1866.492547349     -3.20e-04      2.53e+00        7.17
   5     -1866.530881276     -3.83e-02      1.14e+00        7.58
   6     -1866.526216497      4.66e-03      1.29e+00        7.77
   7     -1866.539267547     -1.31e-02      2.33e-01        7.66
   8     -1866.537779792      1.49e-03      5.52e-01        7.55
   9     -1866.539632436     -1.85e-03      1.11e-01        8.11
  10     -1866.539691570     -5.91e-05      7.78e-02        8.01
  11     -1866.539731735     -4.02e-05      3.93e-02        8.39
  12     -1866.539741472     -9.74e-06      9.68e-04        7.64
  13     -1866.539741501     -2.86e-08      5.50e-04        7.26
  14     -1866.539741512     -1.15e-08      2.60e-04        7.25
  15     -1866.539741514     -2.06e-09      1.29e-04        7.37
  16     -1866.539741515     -7.01e-10      4.54e-05        7.43
  17     -1866.539741515     -5.09e-11      1.89e-05        7.83
  18     -1866.539741515     -2.91e-11      8.63e-06        7.57

 SCF converged in 18 iterations.

 Dipole moment (in Debye):              -1.201921       0.446962       4.830561

 Quadrupole moment (in Debye-Angstrom):
                  1            2            3
 1      -153.166753     0.060493    -3.114663
 2         0.060493  -151.537138    -1.988636
 3        -3.114663    -1.988636  -172.190747

 Spin-squared expectation <S^2>:         0.000
 Total spin quantum number S:            0.000
 TOTAL ENERGY:                       -1866.539741515

 --------------------------------------------------------------------------------

 End time:                               Tue Oct 26 10:12:37 2021
 Total wall-clock time:                216.605 seconds
==================================================================================
