
================================================================================
          _____________ ________ _______________ ________     _________         
         / ___________// ______ \\_____   _____// ______ \   / ________)        
        / /_________  / /      \ \     | |     / /      \ \ | (_______          
       |  __________|| |        | |    | |    | |        | | \________ \        
        \ \_________ | |        | |    | |     \ \______/ /___________) |       
         \__________||_|        |_|    |_|      \________//____________/        
                                                                                
====================================[ Qcore ]===================================

 Git describe: 2.3.0-1-g21d9df7e5
 Compiler:     GNU 9.1.0
 Build type:   Release
 Version:      2.3.0-1-g21d9df7e5

 Start time:   Tue Oct 26 10:09:28 2021

 Data directory: /work/zw18965/.local/qcore/share/entos/qcore/data
 Number of threads: 24
 Number of threads was determined by: command line argument
  - More threads can be used by running 'qcore -n 32'

 --------------------------------------------------------------------------------
                                   command: dft                                  
 --------------------------------------------------------------------------------
 AO basis set:                           def2-tzvppd
 Number of AO basis functions:        1685
 ECP on atom 1 (Ru):                     28 electrons

 Formula:                                C18H42P4SeRu
 Nuclear charge:                       288.000000000
 Total charge:                           0.000000000
 Number of core electrons:              28
 Number of treated electrons:          260

 Number of alpha electrons:            130
 Number of beta electrons:             130
 Number of unpaired electrons:           0
 Spin:                                   0
 Multiplicity:                           singlet

 Theory:                                 dft
 Exchange-correlation functional:        wb97xd3

 Using range separated hybrid functional
 Range separation parameter:             0.250000000
 Short range exact exchange:             0.195728000
 Total long range exact exchange:        1.000000000

 Method for Coulomb:                     incore_df
 Method for exact exchange:              pre_transformed_df
 Integral threshold:                     1.00e-12
 DF basis set:                           def2-universal-jkfit
 Number of DF basis functions:        3139
 Schwarz screening threshold:            1.00e-10
 Coulomb fitting method:                 Cholesky
 Total number of grid points:       415566
 Method for AO orthogonalization:        symmetric
 Threshold for linear dependence:        1.00e-08
 D3 dispersion energy:                  -0.051138561

 -------------------------------------
  Running restricted closed-shell SCF 
 -------------------------------------
 Max number of iterations:             128
 Conv. threshold (gradient):             1.00e-05
 Conv. threshold (energy):               1.00e-06
 Interpolation scheme:                   adiis+cdiis
 Initial guess:                          SAD

 ---------------------------------------------------------------
                  energy        change          grad        time
 ---------------------------------------------------------------
   0     -4579.903087692                    4.08e+01       26.42
   1     -4573.205454114      6.70e+00      1.55e+00       22.30
   2     -4573.378354792     -1.73e-01      2.17e+00       19.03
   3     -4573.480736571     -1.02e-01      3.13e+00       22.41
   4     -4573.445182931      3.56e-02      4.48e+00       21.08
   5     -4573.537520940     -9.23e-02      4.26e-01       21.26
   6     -4573.533425527      4.10e-03      9.77e-01       19.59
   7     -4573.542284553     -8.86e-03      3.42e-01       20.42
   8     -4573.540072680      2.21e-03      7.51e-01       21.02
   9     -4573.542901124     -2.83e-03      1.30e-01       21.16
  10     -4573.542945605     -4.45e-05      1.31e-01       21.03
  11     -4573.543019340     -7.37e-05      5.03e-02       22.80
  12     -4573.543017663      1.68e-06      5.41e-02       21.48
  13     -4573.543034592     -1.69e-05      2.01e-04       21.44
  14     -4573.543034594     -1.96e-09      1.08e-04       20.30
  15     -4573.543034594     -5.32e-10      5.94e-05       20.87
  16     -4573.543034594     -1.40e-10      3.04e-05       20.41
  17     -4573.543034595     -7.37e-11      1.38e-05       21.69
  18     -4573.543034595      2.00e-11      6.64e-06       19.89

 SCF converged in 18 iterations.

 Dipole moment (in Debye):               6.209881      -0.317819       1.120294

 Quadrupole moment (in Debye-Angstrom):
                  1            2            3
 1      -212.567925     0.499906    -1.790435
 2         0.499906  -202.412889     0.343995
 3        -1.790435     0.343995  -205.259469

 Spin-squared expectation <S^2>:         0.000
 Total spin quantum number S:            0.000
 TOTAL ENERGY:                       -4573.543034594

 --------------------------------------------------------------------------------

 End time:                               Tue Oct 26 10:23:32 2021
 Total wall-clock time:                844.385 seconds
==================================================================================
