
================================================================================
          _____________ ________ _______________ ________     _________         
         / ___________// ______ \\_____   _____// ______ \   / ________)        
        / /_________  / /      \ \     | |     / /      \ \ | (_______          
       |  __________|| |        | |    | |    | |        | | \________ \        
        \ \_________ | |        | |    | |     \ \______/ /___________) |       
         \__________||_|        |_|    |_|      \________//____________/        
                                                                                
====================================[ Qcore ]===================================

 Git describe: 2.3.0-1-g21d9df7e5
 Compiler:     GNU 9.1.0
 Build type:   Release
 Version:      2.3.0-1-g21d9df7e5

 Start time:   Tue Oct 26 10:11:55 2021

 Data directory: /work/zw18965/.local/qcore/share/entos/qcore/data
 Number of threads: 24
 Number of threads was determined by: command line argument

 --------------------------------------------------------------------------------
                                   command: dft                                  
 --------------------------------------------------------------------------------
 AO basis set:                           def2-tzvppd
 Number of AO basis functions:         773
 ECP on atom 1 (Mo):                     28 electrons

 Formula:                                C9H9N3O3Mo
 Nuclear charge:                       150.000000000
 Total charge:                           0.000000000
 Number of core electrons:              28
 Number of treated electrons:          122

 Number of alpha electrons:             61
 Number of beta electrons:              61
 Number of unpaired electrons:           0
 Spin:                                   0
 Multiplicity:                           singlet

 Theory:                                 dft
 Exchange-correlation functional:        wb97xd3

 Using range separated hybrid functional
 Range separation parameter:             0.250000000
 Short range exact exchange:             0.195728000
 Total long range exact exchange:        1.000000000

 Method for Coulomb:                     incore_df
 Method for exact exchange:              pre_transformed_df
 Integral threshold:                     1.00e-12
 DF basis set:                           def2-universal-jkfit
 Number of DF basis functions:        1554
 Schwarz screening threshold:            1.00e-10
 Coulomb fitting method:                 Cholesky
 Total number of grid points:       163712
 Method for AO orthogonalization:        symmetric
 Threshold for linear dependence:        1.00e-08
 D3 dispersion energy:                  -0.009333673

 -------------------------------------
  Running restricted closed-shell SCF 
 -------------------------------------
 Max number of iterations:             128
 Conv. threshold (gradient):             1.00e-05
 Conv. threshold (energy):               1.00e-06
 Interpolation scheme:                   adiis+cdiis
 Initial guess:                          SAD

 ---------------------------------------------------------------
                  energy        change          grad        time
 ---------------------------------------------------------------
   0      -809.007240189                    2.44e+01        1.77
   1      -809.960208586     -9.53e-01      5.83e+00        1.39
   2      -804.955829677      5.00e+00      1.84e+01        1.41
   3      -810.218551247     -5.26e+00      4.21e+00        1.36
   4      -810.565094596     -3.47e-01      1.18e+00        1.34
   5      -810.543026915      2.21e-02      1.51e+00        1.33
   6      -810.609702802     -6.67e-02      1.99e-01        1.42
   7      -810.609277680      4.25e-04      2.68e-01        1.45
   8      -810.610928896     -1.65e-03      3.75e-02        1.47
   9      -810.610924942      3.95e-06      5.94e-02        1.50
  10      -810.611021035     -9.61e-05      1.22e-02        1.44
  11      -810.611036143     -1.51e-05      9.62e-03        1.42
  12      -810.611050798     -1.47e-05      9.01e-03        1.33
  13      -810.611071513     -2.07e-05      8.58e-03        1.36
  14      -810.611110938     -3.94e-05      8.14e-03        1.37
  15      -810.611210426     -9.95e-05      6.18e-03        1.33
  16      -810.611240640     -3.02e-05      5.75e-03        1.41
  17      -810.611250869     -1.02e-05      3.64e-03        1.29
  18      -810.611271382     -2.05e-05      2.56e-03        1.30
  19      -810.611272596     -1.21e-06      1.89e-03        1.31
  20      -810.611273353     -7.57e-07      1.87e-03        1.29
  21      -810.611273926     -5.74e-07      1.83e-03        1.36
  22      -810.611274370     -4.44e-07      1.82e-03        1.31
  23      -810.611275224     -8.53e-07      1.82e-03        1.31
  24      -810.611276766     -1.54e-06      1.80e-03        1.31
  25      -810.611282907     -6.14e-06      1.74e-03        1.32
  26      -810.611296433     -1.35e-05      1.67e-03        1.36
  27      -810.611295816      6.17e-07      1.48e-03        1.30
  28      -810.611304849     -9.03e-06      2.54e-03        1.28
  29      -810.611304051      7.98e-07      1.17e-03        1.32
  30      -810.611312168     -8.12e-06      4.39e-03        1.35
  31      -810.611312200     -3.18e-08      4.00e-03        1.31
  32      -810.611312318     -1.19e-07      3.59e-03        1.35
  33      -810.611312465     -1.46e-07      2.74e-03        1.32
  34      -810.611312741     -2.77e-07      1.15e-03        1.41
  35      -810.611312861     -1.19e-07      3.99e-04        1.35
  36      -810.611313013     -1.53e-07      1.71e-04        1.28
  37      -810.611313063     -4.94e-08      2.34e-04        1.30
  38      -810.611313066     -3.07e-09      4.09e-05        1.29
  39      -810.611313069     -2.88e-09      1.62e-05        1.33
  40      -810.611313066      2.30e-09      9.14e-06        1.39

 SCF converged in 40 iterations.

 Dipole moment (in Debye):               1.547600      -2.979516      25.948105

 Quadrupole moment (in Debye-Angstrom):
                  1            2            3
 1      -124.524078    -2.062548     1.267460
 2        -2.062548  -117.271802     6.429099
 3         1.267460     6.429099  -150.300492

 Spin-squared expectation <S^2>:         0.000
 Total spin quantum number S:            0.000
 TOTAL ENERGY:                        -810.611313072

 --------------------------------------------------------------------------------

 End time:                               Tue Oct 26 10:13:10 2021
 Total wall-clock time:                 74.351 seconds
==================================================================================
