
================================================================================
          _____________ ________ _______________ ________     _________         
         / ___________// ______ \\_____   _____// ______ \   / ________)        
        / /_________  / /      \ \     | |     / /      \ \ | (_______          
       |  __________|| |        | |    | |    | |        | | \________ \        
        \ \_________ | |        | |    | |     \ \______/ /___________) |       
         \__________||_|        |_|    |_|      \________//____________/        
                                                                                
====================================[ Qcore ]===================================

 Git describe: 2.3.0-1-g21d9df7e5
 Compiler:     GNU 9.1.0
 Build type:   Release
 Version:      2.3.0-1-g21d9df7e5

 Start time:   Tue Oct 26 09:55:10 2021

 Data directory: /work/zw18965/.local/qcore/share/entos/qcore/data
 Number of threads: 24
 Number of threads was determined by: command line argument

 --------------------------------------------------------------------------------
                                   command: dft                                  
 --------------------------------------------------------------------------------
 AO basis set:                           def2-tzvppd
 Number of AO basis functions:         594

 Formula:                                C7H4O5Cr
 Nuclear charge:                       110.000000000
 Total charge:                           0.000000000
 Number of electrons:                  110.000000000

 Number of alpha electrons:             55
 Number of beta electrons:              55
 Number of unpaired electrons:           0
 Spin:                                   0
 Multiplicity:                           singlet

 Theory:                                 dft
 Exchange-correlation functional:        wb97xd3

 Using range separated hybrid functional
 Range separation parameter:             0.250000000
 Short range exact exchange:             0.195728000
 Total long range exact exchange:        1.000000000

 Method for Coulomb:                     incore_df
 Method for exact exchange:              pre_transformed_df
 Integral threshold:                     1.00e-12
 DF basis set:                           def2-universal-jkfit
 Number of DF basis functions:        1246
 Schwarz screening threshold:            1.00e-10
 Coulomb fitting method:                 Cholesky
 Total number of grid points:       113708
 Method for AO orthogonalization:        symmetric
 Threshold for linear dependence:        1.00e-08
 D3 dispersion energy:                  -0.008510965

 -------------------------------------
  Running restricted closed-shell SCF 
 -------------------------------------
 Max number of iterations:             128
 Conv. threshold (gradient):             1.00e-05
 Conv. threshold (energy):               1.00e-06
 Interpolation scheme:                   adiis+cdiis
 Initial guess:                          SAD

 ---------------------------------------------------------------
                  energy        change          grad        time
 ---------------------------------------------------------------
   0     -1691.720630923                    3.05e+01        0.84
   1     -1688.828442525      2.89e+00      6.54e+00        0.76
   2     -1671.235318220      1.76e+01      3.77e+01        0.71
   3     -1687.317871043     -1.61e+01      1.45e+01        0.75
   4     -1689.828427960     -2.51e+00      9.09e-01        0.71
   5     -1689.700287948      1.28e-01      2.62e+00        0.72
   6     -1689.872300044     -1.72e-01      4.17e-01        0.72
   7     -1689.852697065      1.96e-02      1.36e+00        0.69
   8     -1689.870298883     -1.76e-02      7.12e-01        0.73
   9     -1689.879807352     -9.51e-03      4.72e-01        0.76
  10     -1689.877748758      2.06e-03      6.15e-01        0.77
  11     -1689.882224446     -4.48e-03      1.20e-01        0.82
  12     -1689.882178061      4.64e-05      7.74e-02        0.83
  13     -1689.882566451     -3.88e-04      1.07e-01        0.79
  14     -1689.882711242     -1.45e-04      8.60e-04        0.78
  15     -1689.882711284     -4.20e-08      3.47e-04        0.72
  16     -1689.882711294     -9.44e-09      3.09e-04        0.72
  17     -1689.882711298     -4.93e-09      5.89e-05        0.70
  18     -1689.882711299     -2.58e-10      1.49e-05        0.70
  19     -1689.882711299     -2.86e-11      9.42e-06        0.71

 SCF converged in 19 iterations.

 Dipole moment (in Debye):              -0.001859       0.002839      -2.766628

 Quadrupole moment (in Debye-Angstrom):
                  1            2            3
 1       -87.561797    -0.000042     0.002263
 2        -0.000042   -87.352234    -0.004069
 3         0.002263    -0.004069   -82.090165

 Spin-squared expectation <S^2>:         0.000
 Total spin quantum number S:            0.000
 TOTAL ENERGY:                       -1689.882711299

 --------------------------------------------------------------------------------

 End time:                               Tue Oct 26 09:55:44 2021
 Total wall-clock time:                 34.242 seconds
==================================================================================
