
================================================================================
          _____________ ________ _______________ ________     _________         
         / ___________// ______ \\_____   _____// ______ \   / ________)        
        / /_________  / /      \ \     | |     / /      \ \ | (_______          
       |  __________|| |        | |    | |    | |        | | \________ \        
        \ \_________ | |        | |    | |     \ \______/ /___________) |       
         \__________||_|        |_|    |_|      \________//____________/        
                                                                                
====================================[ Qcore ]===================================

 Git describe: 2.3.0-1-g21d9df7e5
 Compiler:     GNU 9.1.0
 Build type:   Release
 Version:      2.3.0-1-g21d9df7e5

 Start time:   Tue Oct 26 10:14:06 2021

 Data directory: /work/zw18965/.local/qcore/share/entos/qcore/data
 Number of threads: 24
 Number of threads was determined by: command line argument
  - More threads can be used by running 'qcore -n 32'

 --------------------------------------------------------------------------------
                                   command: dft                                  
 --------------------------------------------------------------------------------
 AO basis set:                           def2-tzvppd
 Number of AO basis functions:        1005
 ECP on atom 15 (W):                     60 electrons

 Formula:                                C9H14O3S5W(2-)
 Nuclear charge:                       246.000000000
 Total charge:                          -2.000000000
 Number of core electrons:              60
 Number of treated electrons:          188

 Number of alpha electrons:             94
 Number of beta electrons:              94
 Number of unpaired electrons:           0
 Spin:                                   0
 Multiplicity:                           singlet

 Theory:                                 dft
 Exchange-correlation functional:        wb97xd3

 Using range separated hybrid functional
 Range separation parameter:             0.250000000
 Short range exact exchange:             0.195728000
 Total long range exact exchange:        1.000000000

 Method for Coulomb:                     incore_df
 Method for exact exchange:              pre_transformed_df
 Integral threshold:                     1.00e-12
 DF basis set:                           def2-universal-jkfit
 Number of DF basis functions:        2025
 Schwarz screening threshold:            1.00e-10
 Coulomb fitting method:                 Cholesky
 Total number of grid points:       210218
 Method for AO orthogonalization:        symmetric
 Threshold for linear dependence:        1.00e-08
 D3 dispersion energy:                  -0.020359713

 -------------------------------------
  Running restricted closed-shell SCF 
 -------------------------------------
 Max number of iterations:             128
 Conv. threshold (gradient):             1.00e-05
 Conv. threshold (energy):               1.00e-06
 Interpolation scheme:                   adiis+cdiis
 Initial guess:                          SAD

 ---------------------------------------------------------------
                  energy        change          grad        time
 ---------------------------------------------------------------
   0     -2638.277947377                    2.39e+02        4.30
   1     -2634.742564950      3.54e+00      5.03e+00        3.36
   2     -2629.924209348      4.82e+00      2.12e+01        3.19
   3     -2635.087625400     -5.16e+00      4.93e+00        3.22
   4     -2635.315265500     -2.28e-01      2.54e+00        3.36
   5     -2635.344159571     -2.89e-02      2.22e+00        3.42
   6     -2635.398605324     -5.44e-02      3.89e-01        3.48
   7     -2635.394589955      4.02e-03      6.67e-01        3.56
   8     -2635.403234588     -8.64e-03      8.52e-02        3.54
   9     -2635.403155048      7.95e-05      1.20e-01        3.59
  10     -2635.403423944     -2.69e-04      7.76e-03        3.45
  11     -2635.403425621     -1.68e-06      2.68e-03        3.38
  12     -2635.403426056     -4.35e-07      1.16e-03        3.51
  13     -2635.403426156     -1.00e-07      6.13e-04        3.57
  14     -2635.403426186     -3.02e-08      3.27e-04        3.52
  15     -2635.403426195     -8.45e-09      1.78e-04        3.48
  16     -2635.403426198     -3.95e-09      8.50e-05        3.31
  17     -2635.403426199     -7.49e-10      4.68e-05        3.48
  18     -2635.403426199     -2.59e-10      1.79e-05        3.50
  19     -2635.403426200     -1.46e-11      1.20e-05        3.58
  20     -2635.403426200     -6.37e-12      4.45e-06        3.35

 SCF converged in 20 iterations.

 Dipole moment (in Debye):               6.285169      -3.286921       0.684758

 Quadrupole moment (in Debye-Angstrom):
                  1            2            3
 1      -270.056267    -7.088005    -2.939209
 2        -7.088005  -197.637726    -3.923275
 3        -2.939209    -3.923275  -196.959189

 Spin-squared expectation <S^2>:         0.000
 Total spin quantum number S:            0.000
 TOTAL ENERGY:                       -2635.403426200

 --------------------------------------------------------------------------------

 End time:                               Tue Oct 26 10:16:21 2021
 Total wall-clock time:                135.443 seconds
==================================================================================
