
================================================================================
          _____________ ________ _______________ ________     _________         
         / ___________// ______ \\_____   _____// ______ \   / ________)        
        / /_________  / /      \ \     | |     / /      \ \ | (_______          
       |  __________|| |        | |    | |    | |        | | \________ \        
        \ \_________ | |        | |    | |     \ \______/ /___________) |       
         \__________||_|        |_|    |_|      \________//____________/        
                                                                                
====================================[ Qcore ]===================================

 Git describe: 2.3.0-1-g21d9df7e5
 Compiler:     GNU 9.1.0
 Build type:   Release
 Version:      2.3.0-1-g21d9df7e5

 Start time:   Tue Oct 26 10:13:45 2021

 Data directory: /work/zw18965/.local/qcore/share/entos/qcore/data
 Number of threads: 24
 Number of threads was determined by: command line argument

 --------------------------------------------------------------------------------
                                   command: dft                                  
 --------------------------------------------------------------------------------
 AO basis set:                           def2-tzvppd
 Number of AO basis functions:         108

 Formula:                                C2H2
 Nuclear charge:                        14.000000000
 Total charge:                           0.000000000
 Number of electrons:                   14.000000000

 Number of alpha electrons:              7
 Number of beta electrons:               7
 Number of unpaired electrons:           0
 Spin:                                   0
 Multiplicity:                           singlet

 Theory:                                 dft
 Exchange-correlation functional:        wb97xd3

 Using range separated hybrid functional
 Range separation parameter:             0.250000000
 Short range exact exchange:             0.195728000
 Total long range exact exchange:        1.000000000

 Method for Coulomb:                     incore_df
 Method for exact exchange:              pre_transformed_df
 Integral threshold:                     1.00e-12
 DF basis set:                           def2-universal-jkfit
 Number of DF basis functions:         186
 Schwarz screening threshold:            1.00e-10
 Coulomb fitting method:                 Cholesky
 Total number of grid points:        25380
 Method for AO orthogonalization:        symmetric
 Threshold for linear dependence:        1.00e-08
 D3 dispersion energy:                  -0.000088190

 -------------------------------------
  Running restricted closed-shell SCF 
 -------------------------------------
 Max number of iterations:             128
 Conv. threshold (gradient):             1.00e-05
 Conv. threshold (energy):               1.00e-06
 Interpolation scheme:                   adiis+cdiis
 Initial guess:                          SAD

 ---------------------------------------------------------------
                  energy        change          grad        time
 ---------------------------------------------------------------
   0       -77.553877178                    7.03e+00        0.03
   1       -77.296821764      2.57e-01      5.46e-01        0.02
   2       -77.321946033     -2.51e-02      3.74e-01        0.01
   3       -77.330585476     -8.64e-03      1.62e-01        0.01
   4       -77.332440858     -1.86e-03      9.36e-02        0.01
   5       -77.333068759     -6.28e-04      3.83e-02        0.01
   6       -77.333208861     -1.40e-04      9.71e-05        0.01
   7       -77.333208863     -1.96e-09      6.18e-06        0.01

 SCF converged in 7 iterations.

 Dipole moment (in Debye):               0.000000       0.000000       0.000002

 Quadrupole moment (in Debye-Angstrom):
                  1            2            3
 1       -13.633462     0.000000     0.000000
 2         0.000000   -13.633462     0.000000
 3         0.000000     0.000000    -6.889114

 Spin-squared expectation <S^2>:         0.000
 Total spin quantum number S:            0.000
 TOTAL ENERGY:                         -77.333208863

 --------------------------------------------------------------------------------

 End time:                               Tue Oct 26 10:13:46 2021
 Total wall-clock time:                  0.542 seconds
==================================================================================
