
================================================================================
          _____________ ________ _______________ ________     _________         
         / ___________// ______ \\_____   _____// ______ \   / ________)        
        / /_________  / /      \ \     | |     / /      \ \ | (_______          
       |  __________|| |        | |    | |    | |        | | \________ \        
        \ \_________ | |        | |    | |     \ \______/ /___________) |       
         \__________||_|        |_|    |_|      \________//____________/        
                                                                                
====================================[ Qcore ]===================================

 Git describe: 2.3.0-1-g21d9df7e5
 Compiler:     GNU 9.1.0
 Build type:   Release
 Version:      2.3.0-1-g21d9df7e5

 Start time:   Tue Oct 26 10:13:49 2021

 Data directory: /work/zw18965/.local/qcore/share/entos/qcore/data
 Number of threads: 24
 Number of threads was determined by: command line argument

 --------------------------------------------------------------------------------
                                   command: dft                                  
 --------------------------------------------------------------------------------
 AO basis set:                           def2-tzvppd
 Number of AO basis functions:         772
 ECP on atom 1 (Zr):                     28 electrons

 Formula:                                C12H13ClZr
 Nuclear charge:                       142.000000000
 Total charge:                           0.000000000
 Number of core electrons:              28
 Number of treated electrons:          114

 Number of alpha electrons:             57
 Number of beta electrons:              57
 Number of unpaired electrons:           0
 Spin:                                   0
 Multiplicity:                           singlet

 Theory:                                 dft
 Exchange-correlation functional:        wb97xd3

 Using range separated hybrid functional
 Range separation parameter:             0.250000000
 Short range exact exchange:             0.195728000
 Total long range exact exchange:        1.000000000

 Method for Coulomb:                     incore_df
 Method for exact exchange:              pre_transformed_df
 Integral threshold:                     1.00e-12
 DF basis set:                           def2-universal-jkfit
 Number of DF basis functions:        1517
 Schwarz screening threshold:            1.00e-10
 Coulomb fitting method:                 Cholesky
 Total number of grid points:       173850
 Method for AO orthogonalization:        symmetric
 Threshold for linear dependence:        1.00e-08
 D3 dispersion energy:                  -0.015122504

 -------------------------------------
  Running restricted closed-shell SCF 
 -------------------------------------
 Max number of iterations:             128
 Conv. threshold (gradient):             1.00e-05
 Conv. threshold (energy):               1.00e-06
 Interpolation scheme:                   adiis+cdiis
 Initial guess:                          SAD

 ---------------------------------------------------------------
                  energy        change          grad        time
 ---------------------------------------------------------------
   0      -977.335401608                    2.85e+01        2.07
   1      -972.234220044      5.10e+00      1.87e+00        1.57
   2      -972.266275066     -3.21e-02      2.88e+00        1.46
   3      -972.443976119     -1.78e-01      8.36e-01        1.46
   4      -972.426715735      1.73e-02      1.29e+00        1.53
   5      -972.460365199     -3.36e-02      1.54e-01        1.54
   6      -972.460008761      3.56e-04      2.02e-01        1.54
   7      -972.460965536     -9.57e-04      2.30e-02        1.56
   8      -972.460965361      1.75e-07      2.19e-02        1.71
   9      -972.460977495     -1.21e-05      1.52e-03        1.61
  10      -972.460977654     -1.59e-07      5.47e-04        1.51
  11      -972.460977675     -2.06e-08      2.16e-04        1.52
  12      -972.460977677     -1.95e-09      1.14e-04        1.54
  13      -972.460977677     -5.51e-10      3.79e-05        1.57
  14      -972.460977677     -7.11e-11      1.55e-05        1.49
  15      -972.460977677     -2.17e-11      6.27e-06        1.49

 SCF converged in 15 iterations.

 Dipole moment (in Debye):               0.429541      -2.090073       2.397369

 Quadrupole moment (in Debye-Angstrom):
                  1            2            3
 1      -108.418990    -1.908671     0.789497
 2        -1.908671  -106.602129     6.047195
 3         0.789497     6.047195  -105.910783

 Spin-squared expectation <S^2>:         0.000
 Total spin quantum number S:            0.000
 TOTAL ENERGY:                        -972.460977677

 --------------------------------------------------------------------------------

 End time:                               Tue Oct 26 10:14:34 2021
 Total wall-clock time:                 44.765 seconds
==================================================================================
