
================================================================================
          _____________ ________ _______________ ________     _________         
         / ___________// ______ \\_____   _____// ______ \   / ________)        
        / /_________  / /      \ \     | |     / /      \ \ | (_______          
       |  __________|| |        | |    | |    | |        | | \________ \        
        \ \_________ | |        | |    | |     \ \______/ /___________) |       
         \__________||_|        |_|    |_|      \________//____________/        
                                                                                
====================================[ Qcore ]===================================

 Git describe: 2.3.0-1-g21d9df7e5
 Compiler:     GNU 9.1.0
 Build type:   Release
 Version:      2.3.0-1-g21d9df7e5

 Start time:   Tue Oct 26 10:13:13 2021

 Data directory: /work/zw18965/.local/qcore/share/entos/qcore/data
 Number of threads: 24
 Number of threads was determined by: command line argument

 --------------------------------------------------------------------------------
                                   command: dft                                  
 --------------------------------------------------------------------------------
 AO basis set:                           def2-tzvppd
 Number of AO basis functions:         664
 ECP on atom 1 (Zr):                     28 electrons

 Formula:                                C10H11ClZr
 Nuclear charge:                       128.000000000
 Total charge:                           0.000000000
 Number of core electrons:              28
 Number of treated electrons:          100

 Number of alpha electrons:             50
 Number of beta electrons:              50
 Number of unpaired electrons:           0
 Spin:                                   0
 Multiplicity:                           singlet

 Theory:                                 dft
 Exchange-correlation functional:        wb97xd3

 Using range separated hybrid functional
 Range separation parameter:             0.250000000
 Short range exact exchange:             0.195728000
 Total long range exact exchange:        1.000000000

 Method for Coulomb:                     incore_df
 Method for exact exchange:              pre_transformed_df
 Integral threshold:                     1.00e-12
 DF basis set:                           def2-universal-jkfit
 Number of DF basis functions:        1331
 Schwarz screening threshold:            1.00e-10
 Coulomb fitting method:                 Cholesky
 Total number of grid points:       148470
 Method for AO orthogonalization:        symmetric
 Threshold for linear dependence:        1.00e-08
 D3 dispersion energy:                  -0.011294398

 -------------------------------------
  Running restricted closed-shell SCF 
 -------------------------------------
 Max number of iterations:             128
 Conv. threshold (gradient):             1.00e-05
 Conv. threshold (energy):               1.00e-06
 Interpolation scheme:                   adiis+cdiis
 Initial guess:                          SAD

 ---------------------------------------------------------------
                  energy        change          grad        time
 ---------------------------------------------------------------
   0      -899.595587464                    2.62e+01        1.34
   1      -894.941417073      4.65e+00      1.75e+00        1.04
   2      -894.954383322     -1.30e-02      2.89e+00        1.09
   3      -895.125653997     -1.71e-01      6.43e-01        1.02
   4      -895.117971507      7.68e-03      8.96e-01        1.01
   5      -895.135734190     -1.78e-02      8.71e-02        0.98
   6      -895.135669442      6.47e-05      1.09e-01        1.06
   7      -895.135950984     -2.82e-04      4.00e-03        1.03
   8      -895.135951562     -5.78e-07      1.56e-03        0.99
   9      -895.135951737     -1.75e-07      6.03e-04        0.95
  10      -895.135951757     -2.04e-08      2.07e-04        0.99
  11      -895.135951759     -2.43e-09      8.75e-05        1.05
  12      -895.135951760     -3.14e-10      3.71e-05        1.08
  13      -895.135951760     -5.91e-11      1.59e-05        0.97
  14      -895.135951760     -1.07e-11      6.63e-06        1.05

 SCF converged in 14 iterations.

 Dipole moment (in Debye):              -0.015355      -3.459622       1.299521

 Quadrupole moment (in Debye-Angstrom):
                  1            2            3
 1       -96.401221     0.002336    -0.000960
 2         0.002336   -99.447361     0.770985
 3        -0.000960     0.770985   -91.971968

 Spin-squared expectation <S^2>:         0.000
 Total spin quantum number S:            0.000
 TOTAL ENERGY:                        -895.135951760

 --------------------------------------------------------------------------------

 End time:                               Tue Oct 26 10:13:42 2021
 Total wall-clock time:                 29.096 seconds
==================================================================================
