
================================================================================
          _____________ ________ _______________ ________     _________         
         / ___________// ______ \\_____   _____// ______ \   / ________)        
        / /_________  / /      \ \     | |     / /      \ \ | (_______          
       |  __________|| |        | |    | |    | |        | | \________ \        
        \ \_________ | |        | |    | |     \ \______/ /___________) |       
         \__________||_|        |_|    |_|      \________//____________/        
                                                                                
====================================[ Qcore ]===================================

 Git describe: 2.3.0-1-g21d9df7e5
 Compiler:     GNU 9.1.0
 Build type:   Release
 Version:      2.3.0-1-g21d9df7e5

 Start time:   Tue Oct 26 10:14:00 2021

 Data directory: /work/zw18965/.local/qcore/share/entos/qcore/data
 Number of threads: 24
 Number of threads was determined by: command line argument
  - More threads can be used by running 'qcore -n 32'

 --------------------------------------------------------------------------------
                                   command: dft                                  
 --------------------------------------------------------------------------------
 AO basis set:                           def2-tzvppd
 Number of AO basis functions:         871
 ECP on atom 2 (Mo):                     28 electrons

 Formula:                                C7H13O2S5Mo-
 Nuclear charge:                       193.000000000
 Total charge:                          -1.000000000
 Number of core electrons:              28
 Number of treated electrons:          166

 Number of alpha electrons:             83
 Number of beta electrons:              83
 Number of unpaired electrons:           0
 Spin:                                   0
 Multiplicity:                           singlet

 Theory:                                 dft
 Exchange-correlation functional:        wb97xd3

 Using range separated hybrid functional
 Range separation parameter:             0.250000000
 Short range exact exchange:             0.195728000
 Total long range exact exchange:        1.000000000

 Method for Coulomb:                     incore_df
 Method for exact exchange:              pre_transformed_df
 Integral threshold:                     1.00e-12
 DF basis set:                           def2-universal-jkfit
 Number of DF basis functions:        1808
 Schwarz screening threshold:            1.00e-10
 Coulomb fitting method:                 Cholesky
 Total number of grid points:       183078
 Method for AO orthogonalization:        symmetric
 Threshold for linear dependence:        1.00e-08
 D3 dispersion energy:                  -0.015032558

 -------------------------------------
  Running restricted closed-shell SCF 
 -------------------------------------
 Max number of iterations:             128
 Conv. threshold (gradient):             1.00e-05
 Conv. threshold (energy):               1.00e-06
 Interpolation scheme:                   adiis+cdiis
 Initial guess:                          SAD

 ---------------------------------------------------------------
                  energy        change          grad        time
 ---------------------------------------------------------------
   0     -2487.113815391                    2.68e+01        2.69
   1     -2483.777376980      3.34e+00      7.36e+00        2.32
   2     -2479.257568052      4.52e+00      2.34e+01        2.21
   3     -2484.072519121     -4.81e+00      6.10e+00        2.25
   4     -2484.377345828     -3.05e-01      2.93e+00        2.29
   5     -2484.368564362      8.78e-03      2.96e+00        2.19
   6     -2484.438994831     -7.04e-02      5.89e-01        2.41
   7     -2484.434383025      4.61e-03      1.03e+00        2.34
   8     -2484.442701111     -8.32e-03      1.47e-01        2.41
   9     -2484.442662193      3.89e-05      2.00e-01        2.38
  10     -2484.443056479     -3.94e-04      4.54e-02        2.50
  11     -2484.443068479     -1.20e-05      7.14e-02        2.41
  12     -2484.443147543     -7.91e-05      2.98e-03        2.46
  13     -2484.443147875     -3.33e-07      1.18e-03        2.43
  14     -2484.443147978     -1.03e-07      6.24e-04        2.28
  15     -2484.443148008     -2.99e-08      3.67e-04        2.27
  16     -2484.443148020     -1.17e-08      2.21e-04        2.31
  17     -2484.443148024     -3.70e-09      1.89e-04        2.34
  18     -2484.443148025     -1.22e-09      9.84e-05        2.33
  19     -2484.443148025     -3.44e-10      4.72e-05        2.34
  20     -2484.443148025     -9.46e-11      2.28e-05        2.35
  21     -2484.443148025     -3.18e-11      7.03e-06        2.35

 SCF converged in 21 iterations.

 Dipole moment (in Debye):              -7.721847      -1.460538       0.989462

 Quadrupole moment (in Debye-Angstrom):
                  1            2            3
 1      -147.387781     1.842900     1.349742
 2         1.842900  -162.506939    -0.190880
 3         1.349742    -0.190880  -164.479157

 Spin-squared expectation <S^2>:         0.000
 Total spin quantum number S:            0.000
 TOTAL ENERGY:                       -2484.443148025

 --------------------------------------------------------------------------------

 End time:                               Tue Oct 26 10:15:16 2021
 Total wall-clock time:                 75.936 seconds
==================================================================================
