
================================================================================
          _____________ ________ _______________ ________     _________         
         / ___________// ______ \\_____   _____// ______ \   / ________)        
        / /_________  / /      \ \     | |     / /      \ \ | (_______          
       |  __________|| |        | |    | |    | |        | | \________ \        
        \ \_________ | |        | |    | |     \ \______/ /___________) |       
         \__________||_|        |_|    |_|      \________//____________/        
                                                                                
====================================[ Qcore ]===================================

 Git describe: 2.3.0-1-g21d9df7e5
 Compiler:     GNU 9.1.0
 Build type:   Release
 Version:      2.3.0-1-g21d9df7e5

 Start time:   Tue Oct 26 10:16:58 2021

 Data directory: /work/zw18965/.local/qcore/share/entos/qcore/data
 Number of threads: 24
 Number of threads was determined by: command line argument

 --------------------------------------------------------------------------------
                                   command: dft                                  
 --------------------------------------------------------------------------------
 AO basis set:                           def2-tzvppd
 Number of AO basis functions:         721
 ECP on atom 1 (Mo):                     28 electrons

 Formula:                                C7H17NO2Mo
 Nuclear charge:                       124.000000000
 Total charge:                           0.000000000
 Number of core electrons:              28
 Number of treated electrons:           96

 Number of alpha electrons:             48
 Number of beta electrons:              48
 Number of unpaired electrons:           0
 Spin:                                   0
 Multiplicity:                           singlet

 Theory:                                 dft
 Exchange-correlation functional:        wb97xd3

 Using range separated hybrid functional
 Range separation parameter:             0.250000000
 Short range exact exchange:             0.195728000
 Total long range exact exchange:        1.000000000

 Method for Coulomb:                     incore_df
 Method for exact exchange:              pre_transformed_df
 Integral threshold:                     1.00e-12
 DF basis set:                           def2-universal-jkfit
 Number of DF basis functions:        1317
 Schwarz screening threshold:            1.00e-10
 Coulomb fitting method:                 Cholesky
 Total number of grid points:       176688
 Method for AO orthogonalization:        symmetric
 Threshold for linear dependence:        1.00e-08
 D3 dispersion energy:                  -0.011068690

 -------------------------------------
  Running restricted closed-shell SCF 
 -------------------------------------
 Max number of iterations:             128
 Conv. threshold (gradient):             1.00e-05
 Conv. threshold (energy):               1.00e-06
 Interpolation scheme:                   adiis+cdiis
 Initial guess:                          SAD

 ---------------------------------------------------------------
                  energy        change          grad        time
 ---------------------------------------------------------------
   0      -551.843393577                    2.80e+01        1.44
   1      -549.820741426      2.02e+00      4.60e+00        1.18
   2      -546.662513501      3.16e+00      1.84e+01        1.11
   3      -550.220549744     -3.56e+00      3.78e+00        1.08
   4      -550.400902657     -1.80e-01      1.67e+00        1.21
   5      -550.425680665     -2.48e-02      1.38e+00        1.11
   6      -550.446307305     -2.06e-02      4.89e-01        1.16
   7      -550.444117275      2.19e-03      5.40e-01        1.17
   8      -550.449533946     -5.42e-03      1.27e-01        1.15
   9      -550.449050012      4.84e-04      2.30e-01        1.19
  10      -550.449803107     -7.53e-04      4.09e-02        1.21
  11      -550.449789261      1.38e-05      5.21e-02        1.31
  12      -550.449832087     -4.28e-05      1.02e-03        1.35
  13      -550.449832170     -8.29e-08      3.69e-04        1.15
  14      -550.449832175     -5.59e-09      1.69e-04        1.14
  15      -550.449832176     -1.29e-09      6.32e-05        1.13
  16      -550.449832177     -2.42e-10      3.47e-05        1.14
  17      -550.449832177     -6.72e-11      1.59e-05        1.16
  18      -550.449832177     -1.82e-11      6.41e-06        1.12

 SCF converged in 18 iterations.

 Dipole moment (in Debye):              -3.014463       0.922682       0.684220

 Quadrupole moment (in Debye-Angstrom):
                  1            2            3
 1       -84.425428     0.018392     0.142149
 2         0.018392   -82.143306    -2.154177
 3         0.142149    -2.154177   -82.066829

 Spin-squared expectation <S^2>:         0.000
 Total spin quantum number S:            0.000
 TOTAL ENERGY:                        -550.449832177

 --------------------------------------------------------------------------------

 End time:                               Tue Oct 26 10:17:36 2021
 Total wall-clock time:                 38.358 seconds
==================================================================================
