
================================================================================
          _____________ ________ _______________ ________     _________         
         / ___________// ______ \\_____   _____// ______ \   / ________)        
        / /_________  / /      \ \     | |     / /      \ \ | (_______          
       |  __________|| |        | |    | |    | |        | | \________ \        
        \ \_________ | |        | |    | |     \ \______/ /___________) |       
         \__________||_|        |_|    |_|      \________//____________/        
                                                                                
====================================[ Qcore ]===================================

 Git describe: 2.3.0-1-g21d9df7e5
 Compiler:     GNU 9.1.0
 Build type:   Release
 Version:      2.3.0-1-g21d9df7e5

 Start time:   Tue Oct 26 10:14:37 2021

 Data directory: /work/zw18965/.local/qcore/share/entos/qcore/data
 Number of threads: 24
 Number of threads was determined by: command line argument

 --------------------------------------------------------------------------------
                                   command: dft                                  
 --------------------------------------------------------------------------------
 AO basis set:                           def2-tzvppd
 Number of AO basis functions:        1005
 ECP on atom 15 (W):                     60 electrons

 Formula:                                C9H14O3S5W(2-)
 Nuclear charge:                       246.000000000
 Total charge:                          -2.000000000
 Number of core electrons:              60
 Number of treated electrons:          188

 Number of alpha electrons:             94
 Number of beta electrons:              94
 Number of unpaired electrons:           0
 Spin:                                   0
 Multiplicity:                           singlet

 Theory:                                 dft
 Exchange-correlation functional:        wb97xd3

 Using range separated hybrid functional
 Range separation parameter:             0.250000000
 Short range exact exchange:             0.195728000
 Total long range exact exchange:        1.000000000

 Method for Coulomb:                     incore_df
 Method for exact exchange:              pre_transformed_df
 Integral threshold:                     1.00e-12
 DF basis set:                           def2-universal-jkfit
 Number of DF basis functions:        2025
 Schwarz screening threshold:            1.00e-10
 Coulomb fitting method:                 Cholesky
 Total number of grid points:       210218
 Method for AO orthogonalization:        symmetric
 Threshold for linear dependence:        1.00e-08
 D3 dispersion energy:                  -0.019329036

 -------------------------------------
  Running restricted closed-shell SCF 
 -------------------------------------
 Max number of iterations:             128
 Conv. threshold (gradient):             1.00e-05
 Conv. threshold (energy):               1.00e-06
 Interpolation scheme:                   adiis+cdiis
 Initial guess:                          SAD

 ---------------------------------------------------------------
                  energy        change          grad        time
 ---------------------------------------------------------------
   0     -2637.966872978                    2.26e+02        4.32
   1     -2634.716564967      3.25e+00      5.06e+00        3.20
   2     -2626.881647650      7.83e+00      2.35e+01        3.06
   3     -2634.920829582     -8.04e+00      6.20e+00        3.05
   4     -2635.345394884     -4.25e-01      2.34e+00        3.14
   5     -2635.287623051      5.78e-02      3.32e+00        3.18
   6     -2635.416671078     -1.29e-01      2.98e-01        3.19
   7     -2635.413518369      3.15e-03      6.14e-01        3.14
   8     -2635.419043559     -5.53e-03      5.73e-02        3.16
   9     -2635.418995967      4.76e-05      7.33e-02        3.45
  10     -2635.419237978     -2.42e-04      8.59e-03        3.39
  11     -2635.419240984     -3.01e-06      2.72e-03        3.07
  12     -2635.419241633     -6.50e-07      1.58e-03        3.13
  13     -2635.419241913     -2.80e-07      9.68e-04        3.25
  14     -2635.419242021     -1.08e-07      6.13e-04        3.06
  15     -2635.419242062     -4.10e-08      3.24e-04        3.11
  16     -2635.419242082     -1.98e-08      1.21e-04        3.21
  17     -2635.419242085     -2.41e-09      6.39e-05        3.15
  18     -2635.419242085     -5.44e-10      4.28e-05        3.30
  19     -2635.419242085     -1.46e-10      1.98e-05        3.13
  20     -2635.419242085      1.82e-12      1.27e-05        3.21
  21     -2635.419242085     -2.55e-11      5.80e-06        3.08

 SCF converged in 21 iterations.

 Dipole moment (in Debye):               9.166098       1.705446       3.321363

 Quadrupole moment (in Debye-Angstrom):
                  1            2            3
 1      -267.753421    -9.301537    12.863122
 2        -9.301537  -210.139406     4.411155
 3        12.863122     4.411155  -193.475896

 Spin-squared expectation <S^2>:         0.000
 Total spin quantum number S:            0.000
 TOTAL ENERGY:                       -2635.419242085

 --------------------------------------------------------------------------------

 End time:                               Tue Oct 26 10:16:55 2021
 Total wall-clock time:                137.762 seconds
==================================================================================
