
================================================================================
          _____________ ________ _______________ ________     _________         
         / ___________// ______ \\_____   _____// ______ \   / ________)        
        / /_________  / /      \ \     | |     / /      \ \ | (_______          
       |  __________|| |        | |    | |    | |        | | \________ \        
        \ \_________ | |        | |    | |     \ \______/ /___________) |       
         \__________||_|        |_|    |_|      \________//____________/        
                                                                                
====================================[ Qcore ]===================================

 Git describe: 2.3.0-1-g21d9df7e5
 Compiler:     GNU 9.1.0
 Build type:   Release
 Version:      2.3.0-1-g21d9df7e5

 Start time:   Tue Oct 26 10:12:41 2021

 Data directory: /work/zw18965/.local/qcore/share/entos/qcore/data
 Number of threads: 24
 Number of threads was determined by: command line argument
  - More threads can be used by running 'qcore -n 32'

 --------------------------------------------------------------------------------
                                   command: dft                                  
 --------------------------------------------------------------------------------
 AO basis set:                           def2-tzvppd
 Number of AO basis functions:         871
 ECP on atom 2 (Mo):                     28 electrons

 Formula:                                C7H13O2S5Mo-
 Nuclear charge:                       193.000000000
 Total charge:                          -1.000000000
 Number of core electrons:              28
 Number of treated electrons:          166

 Number of alpha electrons:             83
 Number of beta electrons:              83
 Number of unpaired electrons:           0
 Spin:                                   0
 Multiplicity:                           singlet

 Theory:                                 dft
 Exchange-correlation functional:        wb97xd3

 Using range separated hybrid functional
 Range separation parameter:             0.250000000
 Short range exact exchange:             0.195728000
 Total long range exact exchange:        1.000000000

 Method for Coulomb:                     incore_df
 Method for exact exchange:              pre_transformed_df
 Integral threshold:                     1.00e-12
 DF basis set:                           def2-universal-jkfit
 Number of DF basis functions:        1808
 Schwarz screening threshold:            1.00e-10
 Coulomb fitting method:                 Cholesky
 Total number of grid points:       183078
 Method for AO orthogonalization:        symmetric
 Threshold for linear dependence:        1.00e-08
 D3 dispersion energy:                  -0.014270226

 -------------------------------------
  Running restricted closed-shell SCF 
 -------------------------------------
 Max number of iterations:             128
 Conv. threshold (gradient):             1.00e-05
 Conv. threshold (energy):               1.00e-06
 Interpolation scheme:                   adiis+cdiis
 Initial guess:                          SAD

 ---------------------------------------------------------------
                  energy        change          grad        time
 ---------------------------------------------------------------
   0     -2487.352972417                    2.63e+01        2.65
   1     -2483.921060446      3.43e+00      6.31e+00        2.26
   2     -2481.622941785      2.30e+00      1.88e+01        2.27
   3     -2484.343859646     -2.72e+00      3.04e+00        2.25
   4     -2484.393898657     -5.00e-02      2.63e+00        2.26
   5     -2484.471573207     -7.77e-02      5.99e-01        2.19
   6     -2484.467093888      4.48e-03      8.09e-01        2.29
   7     -2484.475758782     -8.66e-03      1.40e-01        2.32
   8     -2484.475485286      2.73e-04      2.12e-01        2.25
   9     -2484.476034978     -5.50e-04      3.02e-02        2.42
  10     -2484.476022304      1.27e-05      5.83e-02        2.51
  11     -2484.476066558     -4.43e-05      5.00e-03        2.33
  12     -2484.476068279     -1.72e-06      3.13e-03        2.27
  13     -2484.476069200     -9.21e-07      1.58e-03        2.16
  14     -2484.476069432     -2.32e-07      8.43e-04        2.22
  15     -2484.476069493     -6.11e-08      3.13e-04        2.27
  16     -2484.476069499     -6.77e-09      1.68e-04        2.29
  17     -2484.476069501     -1.96e-09      9.06e-05        2.29
  18     -2484.476069502     -5.39e-10      3.79e-05        2.14
  19     -2484.476069502     -1.52e-10      2.21e-05        2.16
  20     -2484.476069502     -2.64e-11      2.44e-05        2.38
  21     -2484.476069502     -1.73e-11      9.56e-06        2.26

 SCF converged in 21 iterations.

 Dipole moment (in Debye):              -9.104458      -0.316967       1.526351

 Quadrupole moment (in Debye-Angstrom):
                  1            2            3
 1      -143.752791     0.166848    -2.335295
 2         0.166848  -160.876365     0.676501
 3        -2.335295     0.676501  -165.951170

 Spin-squared expectation <S^2>:         0.000
 Total spin quantum number S:            0.000
 TOTAL ENERGY:                       -2484.476069502

 --------------------------------------------------------------------------------

 End time:                               Tue Oct 26 10:13:56 2021
 Total wall-clock time:                 74.672 seconds
==================================================================================
