
================================================================================
          _____________ ________ _______________ ________     _________         
         / ___________// ______ \\_____   _____// ______ \   / ________)        
        / /_________  / /      \ \     | |     / /      \ \ | (_______          
       |  __________|| |        | |    | |    | |        | | \________ \        
        \ \_________ | |        | |    | |     \ \______/ /___________) |       
         \__________||_|        |_|    |_|      \________//____________/        
                                                                                
====================================[ Qcore ]===================================

 Git describe: 2.3.0-1-g21d9df7e5
 Compiler:     GNU 9.1.0
 Build type:   Release
 Version:      2.3.0-1-g21d9df7e5

 Start time:   Tue Oct 26 10:16:25 2021

 Data directory: /work/zw18965/.local/qcore/share/entos/qcore/data
 Number of threads: 24
 Number of threads was determined by: command line argument
  - More threads can be used by running 'qcore -n 32'

 --------------------------------------------------------------------------------
                                   command: dft                                  
 --------------------------------------------------------------------------------
 AO basis set:                           def2-tzvppd
 Number of AO basis functions:         721
 ECP on atom 1 (Mo):                     28 electrons

 Formula:                                C7H17NO2Mo
 Nuclear charge:                       124.000000000
 Total charge:                           0.000000000
 Number of core electrons:              28
 Number of treated electrons:           96

 Number of alpha electrons:             48
 Number of beta electrons:              48
 Number of unpaired electrons:           0
 Spin:                                   0
 Multiplicity:                           singlet

 Theory:                                 dft
 Exchange-correlation functional:        wb97xd3

 Using range separated hybrid functional
 Range separation parameter:             0.250000000
 Short range exact exchange:             0.195728000
 Total long range exact exchange:        1.000000000

 Method for Coulomb:                     incore_df
 Method for exact exchange:              pre_transformed_df
 Integral threshold:                     1.00e-12
 DF basis set:                           def2-universal-jkfit
 Number of DF basis functions:        1317
 Schwarz screening threshold:            1.00e-10
 Coulomb fitting method:                 Cholesky
 Total number of grid points:       176688
 Method for AO orthogonalization:        symmetric
 Threshold for linear dependence:        1.00e-08
 D3 dispersion energy:                  -0.010713760

 -------------------------------------
  Running restricted closed-shell SCF 
 -------------------------------------
 Max number of iterations:             128
 Conv. threshold (gradient):             1.00e-05
 Conv. threshold (energy):               1.00e-06
 Interpolation scheme:                   adiis+cdiis
 Initial guess:                          SAD

 ---------------------------------------------------------------
                  energy        change          grad        time
 ---------------------------------------------------------------
   0      -552.112897750                    3.04e+01        1.41
   1      -549.842636497      2.27e+00      4.88e+00        1.15
   2      -546.587165971      3.26e+00      1.90e+01        1.08
   3      -550.241368085     -3.65e+00      3.97e+00        1.14
   4      -550.430346105     -1.89e-01      1.67e+00        1.09
   5      -550.452410166     -2.21e-02      1.40e+00        1.15
   6      -550.474434610     -2.20e-02      4.42e-01        1.19
   7      -550.471297647      3.14e-03      5.75e-01        1.14
   8      -550.477500239     -6.20e-03      1.49e-01        1.17
   9      -550.477158255      3.42e-04      2.19e-01        1.24
  10      -550.477818225     -6.60e-04      3.44e-02        1.25
  11      -550.477767887      5.03e-05      6.74e-02        1.30
  12      -550.477835992     -6.81e-05      1.17e-03        1.28
  13      -550.477836051     -5.87e-08      4.60e-04        1.13
  14      -550.477836060     -8.64e-09      1.58e-04        1.13
  15      -550.477836061     -1.31e-09      8.69e-05        1.19
  16      -550.477836061     -4.57e-10      2.69e-05        1.14
  17      -550.477836061     -4.85e-11      1.40e-05        1.15
  18      -550.477836061     -1.80e-11      7.08e-06        1.15

 SCF converged in 18 iterations.

 Dipole moment (in Debye):              -2.920884       0.488440       0.719449

 Quadrupole moment (in Debye-Angstrom):
                  1            2            3
 1       -83.914635    -0.468164    -0.250264
 2        -0.468164   -80.019620     0.565672
 3        -0.250264     0.565672   -84.522013

 Spin-squared expectation <S^2>:         0.000
 Total spin quantum number S:            0.000
 TOTAL ENERGY:                        -550.477836061

 --------------------------------------------------------------------------------

 End time:                               Tue Oct 26 10:17:02 2021
 Total wall-clock time:                 36.915 seconds
==================================================================================
