
================================================================================
          _____________ ________ _______________ ________     _________         
         / ___________// ______ \\_____   _____// ______ \   / ________)        
        / /_________  / /      \ \     | |     / /      \ \ | (_______          
       |  __________|| |        | |    | |    | |        | | \________ \        
        \ \_________ | |        | |    | |     \ \______/ /___________) |       
         \__________||_|        |_|    |_|      \________//____________/        
                                                                                
====================================[ Qcore ]===================================

 Git describe: 2.3.0-1-g21d9df7e5
 Compiler:     GNU 9.1.0
 Build type:   Release
 Version:      2.3.0-1-g21d9df7e5

 Start time:   Tue Oct 26 10:17:13 2021

 Data directory: /work/zw18965/.local/qcore/share/entos/qcore/data
 Number of threads: 24
 Number of threads was determined by: command line argument
  - More threads can be used by running 'qcore -n 32'

 --------------------------------------------------------------------------------
                                   command: dft                                  
 --------------------------------------------------------------------------------
 AO basis set:                           def2-tzvppd
 Number of AO basis functions:         825
 ECP on atom 1 (Re):                     60 electrons

 Formula:                                C9H8O6BrRe
 Nuclear charge:                       220.000000000
 Total charge:                           0.000000000
 Number of core electrons:              60
 Number of treated electrons:          160

 Number of alpha electrons:             80
 Number of beta electrons:              80
 Number of unpaired electrons:           0
 Spin:                                   0
 Multiplicity:                           singlet

 Theory:                                 dft
 Exchange-correlation functional:        wb97xd3

 Using range separated hybrid functional
 Range separation parameter:             0.250000000
 Short range exact exchange:             0.195728000
 Total long range exact exchange:        1.000000000

 Method for Coulomb:                     incore_df
 Method for exact exchange:              pre_transformed_df
 Integral threshold:                     1.00e-12
 DF basis set:                           def2-universal-jkfit
 Number of DF basis functions:        1774
 Schwarz screening threshold:            1.00e-10
 Coulomb fitting method:                 Cholesky
 Total number of grid points:       167124
 Method for AO orthogonalization:        symmetric
 Threshold for linear dependence:        1.00e-08
 D3 dispersion energy:                  -0.013962786

 -------------------------------------
  Running restricted closed-shell SCF 
 -------------------------------------
 Max number of iterations:             128
 Conv. threshold (gradient):             1.00e-05
 Conv. threshold (energy):               1.00e-06
 Interpolation scheme:                   adiis+cdiis
 Initial guess:                          SAD

 ---------------------------------------------------------------
                  energy        change          grad        time
 ---------------------------------------------------------------
   0     -3455.763126088                    2.26e+02        2.60
   1     -3451.442601788      4.32e+00      3.01e+00        2.10
   2     -3450.675017668      7.68e-01      6.76e+00        2.05
   3     -3451.798901396     -1.12e+00      1.38e+00        2.19
   4     -3451.774550286      2.44e-02      1.70e+00        1.99
   5     -3451.834306507     -5.98e-02      1.76e-01        2.10
   6     -3451.833538214      7.68e-04      3.03e-01        2.05
   7     -3451.835311806     -1.77e-03      6.14e-02        2.19
   8     -3451.835178185      1.34e-04      1.24e-01        2.21
   9     -3451.835395177     -2.17e-04      3.52e-03        2.15
  10     -3451.835395869     -6.92e-07      1.18e-03        2.08
  11     -3451.835395938     -6.88e-08      6.50e-04        2.11
  12     -3451.835395959     -2.09e-08      2.41e-04        2.08
  13     -3451.835395962     -2.87e-09      1.21e-04        2.04
  14     -3451.835395963     -7.54e-10      4.87e-05        2.12
  15     -3451.835395963     -1.23e-10      3.36e-05        2.05
  16     -3451.835395963     -5.55e-11      8.36e-06        2.10

 SCF converged in 16 iterations.

 Dipole moment (in Debye):               5.294754       2.731112      -0.456668

 Quadrupole moment (in Debye-Angstrom):
                  1            2            3
 1      -121.669259     0.886567     9.695994
 2         0.886567  -135.374523     1.608985
 3         9.695994     1.608985  -127.235948

 Spin-squared expectation <S^2>:         0.000
 Total spin quantum number S:            0.000
 TOTAL ENERGY:                       -3451.835395963

 --------------------------------------------------------------------------------

 End time:                               Tue Oct 26 10:18:57 2021
 Total wall-clock time:                103.522 seconds
==================================================================================
