
================================================================================
          _____________ ________ _______________ ________     _________         
         / ___________// ______ \\_____   _____// ______ \   / ________)        
        / /_________  / /      \ \     | |     / /      \ \ | (_______          
       |  __________|| |        | |    | |    | |        | | \________ \        
        \ \_________ | |        | |    | |     \ \______/ /___________) |       
         \__________||_|        |_|    |_|      \________//____________/        
                                                                                
====================================[ Qcore ]===================================

 Git describe: 2.3.0-1-g21d9df7e5
 Compiler:     GNU 9.1.0
 Build type:   Release
 Version:      2.3.0-1-g21d9df7e5

 Start time:   Tue Oct 26 10:22:23 2021

 Data directory: /work/zw18965/.local/qcore/share/entos/qcore/data
 Number of threads: 24
 Number of threads was determined by: command line argument

 --------------------------------------------------------------------------------
                                   command: dft                                  
 --------------------------------------------------------------------------------
 AO basis set:                           def2-tzvppd
 Number of AO basis functions:         869
 ECP on atom 25 (Au):                    60 electrons

 Formula:                                C9H12O3Cl3Au
 Nuclear charge:                       220.000000000
 Total charge:                           0.000000000
 Number of core electrons:              60
 Number of treated electrons:          160

 Number of alpha electrons:             80
 Number of beta electrons:              80
 Number of unpaired electrons:           0
 Spin:                                   0
 Multiplicity:                           singlet

 Theory:                                 dft
 Exchange-correlation functional:        wb97xd3

 Using range separated hybrid functional
 Range separation parameter:             0.250000000
 Short range exact exchange:             0.195728000
 Total long range exact exchange:        1.000000000

 Method for Coulomb:                     incore_df
 Method for exact exchange:              pre_transformed_df
 Integral threshold:                     1.00e-12
 DF basis set:                           def2-universal-jkfit
 Number of DF basis functions:        1753
 Schwarz screening threshold:            1.00e-10
 Coulomb fitting method:                 Cholesky
 Total number of grid points:       184314
 Method for AO orthogonalization:        symmetric
 Threshold for linear dependence:        1.00e-08
 D3 dispersion energy:                  -0.018828106

 -------------------------------------
  Running restricted closed-shell SCF 
 -------------------------------------
 Max number of iterations:             128
 Conv. threshold (gradient):             1.00e-05
 Conv. threshold (energy):               1.00e-06
 Interpolation scheme:                   adiis+cdiis
 Initial guess:                          SAD

 ---------------------------------------------------------------
                  energy        change          grad        time
 ---------------------------------------------------------------
   0     -2096.138103578                    4.05e+01        2.88
   1     -2091.901173369      4.24e+00      3.27e+00        2.13
   2     -2091.537687713      3.63e-01      5.88e+00        2.09
   3     -2092.338322888     -8.01e-01      5.81e-01        2.15
   4     -2092.336739277      1.58e-03      7.37e-01        2.14
   5     -2092.349851186     -1.31e-02      1.47e-01        2.16
   6     -2092.349670213      1.81e-04      1.85e-01        2.06
   7     -2092.350327418     -6.57e-04      1.80e-02        2.16
   8     -2092.350339399     -1.20e-05      1.66e-02        2.21
   9     -2092.350348577     -9.18e-06      3.54e-03        2.15
  10     -2092.350348994     -4.17e-07      1.20e-03        2.01
  11     -2092.350349070     -7.60e-08      5.47e-04        2.16
  12     -2092.350349085     -1.54e-08      1.88e-04        2.11
  13     -2092.350349089     -3.53e-09      9.46e-05        2.06
  14     -2092.350349090     -1.22e-09      4.75e-05        2.05
  15     -2092.350349090     -2.31e-10      2.35e-05        2.03
  16     -2092.350349090     -4.91e-11      1.31e-05        2.00
  17     -2092.350349090     -4.14e-11      5.88e-06        2.13

 SCF converged in 17 iterations.

 Dipole moment (in Debye):             -11.676419      -2.570165       0.246789

 Quadrupole moment (in Debye-Angstrom):
                  1            2            3
 1      -115.017549    -3.638559    -5.103676
 2        -3.638559  -133.472002     4.767458
 3        -5.103676     4.767458  -135.921526

 Spin-squared expectation <S^2>:         0.000
 Total spin quantum number S:            0.000
 TOTAL ENERGY:                       -2092.350349090

 --------------------------------------------------------------------------------

 End time:                               Tue Oct 26 10:23:47 2021
 Total wall-clock time:                 83.963 seconds
==================================================================================
