
================================================================================
          _____________ ________ _______________ ________     _________         
         / ___________// ______ \\_____   _____// ______ \   / ________)        
        / /_________  / /      \ \     | |     / /      \ \ | (_______          
       |  __________|| |        | |    | |    | |        | | \________ \        
        \ \_________ | |        | |    | |     \ \______/ /___________) |       
         \__________||_|        |_|    |_|      \________//____________/        
                                                                                
====================================[ Qcore ]===================================

 Git describe: 2.3.0-1-g21d9df7e5
 Compiler:     GNU 9.1.0
 Build type:   Release
 Version:      2.3.0-1-g21d9df7e5

 Start time:   Tue Oct 26 10:19:30 2021

 Data directory: /work/zw18965/.local/qcore/share/entos/qcore/data
 Number of threads: 24
 Number of threads was determined by: command line argument

 --------------------------------------------------------------------------------
                                   command: dft                                  
 --------------------------------------------------------------------------------
 AO basis set:                           def2-tzvppd
 Number of AO basis functions:         825
 ECP on atom 1 (Re):                     60 electrons

 Formula:                                C9H8O6BrRe
 Nuclear charge:                       220.000000000
 Total charge:                           0.000000000
 Number of core electrons:              60
 Number of treated electrons:          160

 Number of alpha electrons:             80
 Number of beta electrons:              80
 Number of unpaired electrons:           0
 Spin:                                   0
 Multiplicity:                           singlet

 Theory:                                 dft
 Exchange-correlation functional:        wb97xd3

 Using range separated hybrid functional
 Range separation parameter:             0.250000000
 Short range exact exchange:             0.195728000
 Total long range exact exchange:        1.000000000

 Method for Coulomb:                     incore_df
 Method for exact exchange:              pre_transformed_df
 Integral threshold:                     1.00e-12
 DF basis set:                           def2-universal-jkfit
 Number of DF basis functions:        1774
 Schwarz screening threshold:            1.00e-10
 Coulomb fitting method:                 Cholesky
 Total number of grid points:       167124
 Method for AO orthogonalization:        symmetric
 Threshold for linear dependence:        1.00e-08
 D3 dispersion energy:                  -0.015231245

 -------------------------------------
  Running restricted closed-shell SCF 
 -------------------------------------
 Max number of iterations:             128
 Conv. threshold (gradient):             1.00e-05
 Conv. threshold (energy):               1.00e-06
 Interpolation scheme:                   adiis+cdiis
 Initial guess:                          SAD

 ---------------------------------------------------------------
                  energy        change          grad        time
 ---------------------------------------------------------------
   0     -3455.734985180                    2.12e+02        2.61
   1     -3451.486547421      4.25e+00      2.76e+00        1.99
   2     -3450.902265800      5.84e-01      5.60e+00        1.93
   3     -3451.816279549     -9.14e-01      1.09e+00        1.99
   4     -3451.807177924      9.10e-03      1.33e+00        1.92
   5     -3451.842362557     -3.52e-02      8.57e-02        1.96
   6     -3451.842401112     -3.86e-05      1.11e-01        1.97
   7     -3451.842746879     -3.46e-04      1.26e-02        2.00
   8     -3451.842753777     -6.90e-06      6.07e-03        1.82
   9     -3451.842755255     -1.48e-06      1.99e-03        2.04
  10     -3451.842755458     -2.03e-07      9.62e-04        1.99
  11     -3451.842755515     -5.70e-08      3.53e-04        1.93
  12     -3451.842755527     -1.18e-08      1.87e-04        2.00
  13     -3451.842755531     -3.57e-09      1.70e-04        1.90
  14     -3451.842755532     -1.47e-09      7.00e-05        2.04
  15     -3451.842755532     -2.10e-10      2.03e-05        2.05
  16     -3451.842755533     -2.59e-11      7.15e-06        2.10

 SCF converged in 16 iterations.

 Dipole moment (in Debye):              -5.405850       4.953538       0.530416

 Quadrupole moment (in Debye-Angstrom):
                  1            2            3
 1      -116.695258    -5.650370    -1.685171
 2        -5.650370  -127.764203     2.487966
 3        -1.685171     2.487966  -130.291262

 Spin-squared expectation <S^2>:         0.000
 Total spin quantum number S:            0.000
 TOTAL ENERGY:                       -3451.842755533

 --------------------------------------------------------------------------------

 End time:                               Tue Oct 26 10:21:17 2021
 Total wall-clock time:                106.844 seconds
==================================================================================
