
================================================================================
          _____________ ________ _______________ ________     _________         
         / ___________// ______ \\_____   _____// ______ \   / ________)        
        / /_________  / /      \ \     | |     / /      \ \ | (_______          
       |  __________|| |        | |    | |    | |        | | \________ \        
        \ \_________ | |        | |    | |     \ \______/ /___________) |       
         \__________||_|        |_|    |_|      \________//____________/        
                                                                                
====================================[ Qcore ]===================================

 Git describe: 2.3.0-1-g21d9df7e5
 Compiler:     GNU 9.1.0
 Build type:   Release
 Version:      2.3.0-1-g21d9df7e5

 Start time:   Tue Oct 26 10:17:39 2021

 Data directory: /work/zw18965/.local/qcore/share/entos/qcore/data
 Number of threads: 24
 Number of threads was determined by: command line argument

 --------------------------------------------------------------------------------
                                   command: dft                                  
 --------------------------------------------------------------------------------
 AO basis set:                           def2-tzvppd
 Number of AO basis functions:         825
 ECP on atom 1 (Re):                     60 electrons

 Formula:                                C9H8O6BrRe
 Nuclear charge:                       220.000000000
 Total charge:                           0.000000000
 Number of core electrons:              60
 Number of treated electrons:          160

 Number of alpha electrons:             80
 Number of beta electrons:              80
 Number of unpaired electrons:           0
 Spin:                                   0
 Multiplicity:                           singlet

 Theory:                                 dft
 Exchange-correlation functional:        wb97xd3

 Using range separated hybrid functional
 Range separation parameter:             0.250000000
 Short range exact exchange:             0.195728000
 Total long range exact exchange:        1.000000000

 Method for Coulomb:                     incore_df
 Method for exact exchange:              pre_transformed_df
 Integral threshold:                     1.00e-12
 DF basis set:                           def2-universal-jkfit
 Number of DF basis functions:        1774
 Schwarz screening threshold:            1.00e-10
 Coulomb fitting method:                 Cholesky
 Total number of grid points:       167124
 Method for AO orthogonalization:        symmetric
 Threshold for linear dependence:        1.00e-08
 D3 dispersion energy:                  -0.013473252

 -------------------------------------
  Running restricted closed-shell SCF 
 -------------------------------------
 Max number of iterations:             128
 Conv. threshold (gradient):             1.00e-05
 Conv. threshold (energy):               1.00e-06
 Interpolation scheme:                   adiis+cdiis
 Initial guess:                          SAD

 ---------------------------------------------------------------
                  energy        change          grad        time
 ---------------------------------------------------------------
   0     -3455.322282169                    1.87e+02        2.44
   1     -3451.534958428      3.79e+00      2.42e+00        1.97
   2     -3451.107995843      4.27e-01      4.28e+00        1.89
   3     -3451.845521757     -7.38e-01      9.48e-01        1.78
   4     -3451.831531438      1.40e-02      1.21e+00        1.83
   5     -3451.865473508     -3.39e-02      2.07e-01        1.92
   6     -3451.863118546      2.35e-03      4.34e-01        1.88
   7     -3451.866715141     -3.60e-03      4.58e-02        1.97
   8     -3451.866688149      2.70e-05      5.85e-02        1.93
   9     -3451.866831628     -1.43e-04      3.15e-03        1.95
  10     -3451.866832359     -7.32e-07      8.95e-04        1.80
  11     -3451.866832449     -8.95e-08      4.99e-04        1.86
  12     -3451.866832474     -2.48e-08      2.33e-04        1.87
  13     -3451.866832478     -4.03e-09      1.29e-04        1.82
  14     -3451.866832479     -1.01e-09      6.50e-05        3.45
  15     -3451.866832479     -1.77e-10      2.85e-05        1.94
  16     -3451.866832479      9.55e-12      9.33e-06        1.83

 SCF converged in 16 iterations.

 Dipole moment (in Debye):               7.591886       4.140967      -1.867441

 Quadrupole moment (in Debye-Angstrom):
                  1            2            3
 1      -103.762782    -3.107787     2.889014
 2        -3.107787  -133.155908    -2.602336
 3         2.889014    -2.602336  -126.150198

 Spin-squared expectation <S^2>:         0.000
 Total spin quantum number S:            0.000
 TOTAL ENERGY:                       -3451.866832479

 --------------------------------------------------------------------------------

 End time:                               Tue Oct 26 10:19:27 2021
 Total wall-clock time:                107.759 seconds
==================================================================================
