
================================================================================
          _____________ ________ _______________ ________     _________         
         / ___________// ______ \\_____   _____// ______ \   / ________)        
        / /_________  / /      \ \     | |     / /      \ \ | (_______          
       |  __________|| |        | |    | |    | |        | | \________ \        
        \ \_________ | |        | |    | |     \ \______/ /___________) |       
         \__________||_|        |_|    |_|      \________//____________/        
                                                                                
====================================[ Qcore ]===================================

 Git describe: 2.3.0-1-g21d9df7e5
 Compiler:     GNU 9.1.0
 Build type:   Release
 Version:      2.3.0-1-g21d9df7e5

 Start time:   Tue Oct 26 10:20:26 2021

 Data directory: /work/zw18965/.local/qcore/share/entos/qcore/data
 Number of threads: 24
 Number of threads was determined by: command line argument
  - More threads can be used by running 'qcore -n 32'

 --------------------------------------------------------------------------------
                                   command: dft                                  
 --------------------------------------------------------------------------------
 AO basis set:                           def2-tzvppd
 Number of AO basis functions:         815
 ECP on atom 25 (Au):                    60 electrons

 Formula:                                C9H15O3PAu+
 Nuclear charge:                       187.000000000
 Total charge:                           1.000000000
 Number of core electrons:              60
 Number of treated electrons:          126

 Number of alpha electrons:             63
 Number of beta electrons:              63
 Number of unpaired electrons:           0
 Spin:                                   0
 Multiplicity:                           singlet

 Theory:                                 dft
 Exchange-correlation functional:        wb97xd3

 Using range separated hybrid functional
 Range separation parameter:             0.250000000
 Short range exact exchange:             0.195728000
 Total long range exact exchange:        1.000000000

 Method for Coulomb:                     incore_df
 Method for exact exchange:              pre_transformed_df
 Integral threshold:                     1.00e-12
 DF basis set:                           def2-universal-jkfit
 Number of DF basis functions:        1551
 Schwarz screening threshold:            1.00e-10
 Coulomb fitting method:                 Cholesky
 Total number of grid points:       186852
 Method for AO orthogonalization:        symmetric
 Threshold for linear dependence:        1.00e-08
 D3 dispersion energy:                  -0.014535113

 -------------------------------------
  Running restricted closed-shell SCF 
 -------------------------------------
 Max number of iterations:             128
 Conv. threshold (gradient):             1.00e-05
 Conv. threshold (energy):               1.00e-06
 Interpolation scheme:                   adiis+cdiis
 Initial guess:                          SAD

 ---------------------------------------------------------------
                  energy        change          grad        time
 ---------------------------------------------------------------
   0     -1058.564155112                    2.95e+01        2.16
   1     -1054.351091067      4.21e+00      3.11e+00        1.77
   2     -1054.227444946      1.24e-01      5.31e+00        1.58
   3     -1054.633563092     -4.06e-01      5.43e-01        1.69
   4     -1054.632283892      1.28e-03      7.31e-01        1.61
   5     -1054.641462484     -9.18e-03      1.32e-01        1.67
   6     -1054.641294588      1.68e-04      2.15e-01        1.65
   7     -1054.641865597     -5.71e-04      1.22e-02        1.77
   8     -1054.641880202     -1.46e-05      1.56e-02        1.72
   9     -1054.641887840     -7.64e-06      2.30e-03        1.82
  10     -1054.641888205     -3.65e-07      1.05e-03        1.60
  11     -1054.641888277     -7.20e-08      4.78e-04        1.74
  12     -1054.641888285     -8.20e-09      2.00e-04        1.72
  13     -1054.641888287     -1.94e-09      1.17e-04        1.71
  14     -1054.641888287     -3.53e-10      3.55e-05        1.66
  15     -1054.641888287     -6.82e-11      1.23e-05        1.76
  16     -1054.641888287      7.96e-12      4.72e-06        1.71

 SCF converged in 16 iterations.

 Dipole moment (in Debye):               1.101132       0.971646      -0.868371

 Quadrupole moment (in Debye-Angstrom):
                  1            2            3
 1       -38.010621     0.221236    -2.014121
 2         0.221236   -93.635632    -1.024502
 3        -2.014121    -1.024502   -97.640830

 Spin-squared expectation <S^2>:         0.000
 Total spin quantum number S:            0.000
 TOTAL ENERGY:                       -1054.641888287

 --------------------------------------------------------------------------------

 End time:                               Tue Oct 26 10:21:34 2021
 Total wall-clock time:                 67.755 seconds
==================================================================================
