
================================================================================
          _____________ ________ _______________ ________     _________         
         / ___________// ______ \\_____   _____// ______ \   / ________)        
        / /_________  / /      \ \     | |     / /      \ \ | (_______          
       |  __________|| |        | |    | |    | |        | | \________ \        
        \ \_________ | |        | |    | |     \ \______/ /___________) |       
         \__________||_|        |_|    |_|      \________//____________/        
                                                                                
====================================[ Qcore ]===================================

 Git describe: 2.3.0-1-g21d9df7e5
 Compiler:     GNU 9.1.0
 Build type:   Release
 Version:      2.3.0-1-g21d9df7e5

 Start time:   Tue Oct 26 10:15:19 2021

 Data directory: /work/zw18965/.local/qcore/share/entos/qcore/data
 Number of threads: 24
 Number of threads was determined by: command line argument
  - More threads can be used by running 'qcore -n 32'

 --------------------------------------------------------------------------------
                                   command: dft                                  
 --------------------------------------------------------------------------------
 AO basis set:                           def2-tzvppd
 Number of AO basis functions:         825
 ECP on atom 1 (Re):                     60 electrons

 Formula:                                C9H8O6BrRe
 Nuclear charge:                       220.000000000
 Total charge:                           0.000000000
 Number of core electrons:              60
 Number of treated electrons:          160

 Number of alpha electrons:             80
 Number of beta electrons:              80
 Number of unpaired electrons:           0
 Spin:                                   0
 Multiplicity:                           singlet

 Theory:                                 dft
 Exchange-correlation functional:        wb97xd3

 Using range separated hybrid functional
 Range separation parameter:             0.250000000
 Short range exact exchange:             0.195728000
 Total long range exact exchange:        1.000000000

 Method for Coulomb:                     incore_df
 Method for exact exchange:              pre_transformed_df
 Integral threshold:                     1.00e-12
 DF basis set:                           def2-universal-jkfit
 Number of DF basis functions:        1774
 Schwarz screening threshold:            1.00e-10
 Coulomb fitting method:                 Cholesky
 Total number of grid points:       167124
 Method for AO orthogonalization:        symmetric
 Threshold for linear dependence:        1.00e-08
 D3 dispersion energy:                  -0.014173803

 -------------------------------------
  Running restricted closed-shell SCF 
 -------------------------------------
 Max number of iterations:             128
 Conv. threshold (gradient):             1.00e-05
 Conv. threshold (energy):               1.00e-06
 Interpolation scheme:                   adiis+cdiis
 Initial guess:                          SAD

 ---------------------------------------------------------------
                  energy        change          grad        time
 ---------------------------------------------------------------
   0     -3455.690579944                    2.11e+02        2.60
   1     -3451.484900469      4.21e+00      2.76e+00        2.00
   2     -3450.839578216      6.45e-01      6.14e+00        2.02
   3     -3451.839167125     -1.00e+00      1.16e+00        2.00
   4     -3451.824448409      1.47e-02      1.41e+00        2.01
   5     -3451.869192385     -4.47e-02      1.20e-01        2.02
   6     -3451.869289410     -9.70e-05      1.44e-01        2.11
   7     -3451.869737651     -4.48e-04      3.05e-02        2.05
   8     -3451.869731385      6.27e-06      3.83e-02        2.16
   9     -3451.869763438     -3.21e-05      2.08e-03        2.16
  10     -3451.869763727     -2.89e-07      1.21e-03        2.08
  11     -3451.869763796     -6.89e-08      4.44e-04        2.05
  12     -3451.869763812     -1.61e-08      2.61e-04        1.98
  13     -3451.869763817     -4.95e-09      2.42e-04        2.03
  14     -3451.869763818     -1.73e-09      1.28e-04        2.06
  15     -3451.869763819     -3.44e-10      4.09e-05        2.05
  16     -3451.869763819     -7.37e-11      1.52e-05        2.04
  17     -3451.869763819     -2.96e-11      5.53e-06        2.11

 SCF converged in 17 iterations.

 Dipole moment (in Debye):              -6.218140       2.787054      -0.471767

 Quadrupole moment (in Debye-Angstrom):
                  1            2            3
 1      -105.361218     3.240873     0.105329
 2         3.240873  -136.622452    -2.500392
 3         0.105329    -2.500392  -129.367143

 Spin-squared expectation <S^2>:         0.000
 Total spin quantum number S:            0.000
 TOTAL ENERGY:                       -3451.869763819

 --------------------------------------------------------------------------------

 End time:                               Tue Oct 26 10:17:09 2021
 Total wall-clock time:                109.980 seconds
==================================================================================
