
================================================================================
          _____________ ________ _______________ ________     _________         
         / ___________// ______ \\_____   _____// ______ \   / ________)        
        / /_________  / /      \ \     | |     / /      \ \ | (_______          
       |  __________|| |        | |    | |    | |        | | \________ \        
        \ \_________ | |        | |    | |     \ \______/ /___________) |       
         \__________||_|        |_|    |_|      \________//____________/        
                                                                                
====================================[ Qcore ]===================================

 Git describe: 2.3.0-1-g21d9df7e5
 Compiler:     GNU 9.1.0
 Build type:   Release
 Version:      2.3.0-1-g21d9df7e5

 Start time:   Tue Oct 26 10:18:59 2021

 Data directory: /work/zw18965/.local/qcore/share/entos/qcore/data
 Number of threads: 24
 Number of threads was determined by: command line argument
  - More threads can be used by running 'qcore -n 32'

 --------------------------------------------------------------------------------
                                   command: dft                                  
 --------------------------------------------------------------------------------
 AO basis set:                           def2-tzvppd
 Number of AO basis functions:        1122
 ECP on atom 23 (Au):                    60 electrons

 Formula:                                C16H14O2Cl3Au
 Nuclear charge:                       256.000000000
 Total charge:                           0.000000000
 Number of core electrons:              60
 Number of treated electrons:          196

 Number of alpha electrons:             98
 Number of beta electrons:              98
 Number of unpaired electrons:           0
 Spin:                                   0
 Multiplicity:                           singlet

 Theory:                                 dft
 Exchange-correlation functional:        wb97xd3

 Using range separated hybrid functional
 Range separation parameter:             0.250000000
 Short range exact exchange:             0.195728000
 Total long range exact exchange:        1.000000000

 Method for Coulomb:                     incore_df
 Method for exact exchange:              pre_transformed_df
 Integral threshold:                     1.00e-12
 DF basis set:                           def2-universal-jkfit
 Number of DF basis functions:        2237
 Schwarz screening threshold:            1.00e-10
 Coulomb fitting method:                 Cholesky
 Total number of grid points:       236750
 Method for AO orthogonalization:        symmetric
 Threshold for linear dependence:        1.00e-08
 D3 dispersion energy:                  -0.019940386

 -------------------------------------
  Running restricted closed-shell SCF 
 -------------------------------------
 Max number of iterations:             128
 Conv. threshold (gradient):             1.00e-05
 Conv. threshold (energy):               1.00e-06
 Interpolation scheme:                   adiis+cdiis
 Initial guess:                          SAD

 ---------------------------------------------------------------
                  energy        change          grad        time
 ---------------------------------------------------------------
   0     -2291.804915127                    3.69e+01        5.76
   1     -2284.701894601      7.10e+00      3.64e+00        4.72
   2     -2284.612640505      8.93e-02      5.10e+00        4.50
   3     -2285.034615114     -4.22e-01      3.98e-01        4.71
   4     -2285.033849439      7.66e-04      6.65e-01        4.75
   5     -2285.040810960     -6.96e-03      1.12e-01        4.63
   6     -2285.040647052      1.64e-04      1.88e-01        4.94
   7     -2285.041130905     -4.84e-04      1.07e-02        4.83
   8     -2285.041140150     -9.25e-06      6.13e-03        4.89
   9     -2285.041143405     -3.25e-06      2.11e-03        4.75
  10     -2285.041143660     -2.55e-07      6.06e-04        4.63
  11     -2285.041143708     -4.77e-08      2.90e-04        4.51
  12     -2285.041143717     -9.14e-09      1.90e-04        4.56
  13     -2285.041143721     -3.55e-09      7.16e-05        4.73
  14     -2285.041143721     -5.54e-10      4.68e-05        4.63
  15     -2285.041143722     -1.80e-10      1.34e-05        4.78
  16     -2285.041143722     -3.23e-11      5.90e-06        4.46

 SCF converged in 16 iterations.

 Dipole moment (in Debye):               8.337855       5.088846      -2.662923

 Quadrupole moment (in Debye-Angstrom):
                  1            2            3
 1      -162.120942   -18.508900     9.633184
 2       -18.508900  -145.832614     7.569645
 3         9.633184     7.569645  -160.169869

 Spin-squared expectation <S^2>:         0.000
 Total spin quantum number S:            0.000
 TOTAL ENERGY:                       -2285.041143722

 --------------------------------------------------------------------------------

 End time:                               Tue Oct 26 10:21:40 2021
 Total wall-clock time:                161.708 seconds
==================================================================================
