
================================================================================
          _____________ ________ _______________ ________     _________         
         / ___________// ______ \\_____   _____// ______ \   / ________)        
        / /_________  / /      \ \     | |     / /      \ \ | (_______          
       |  __________|| |        | |    | |    | |        | | \________ \        
        \ \_________ | |        | |    | |     \ \______/ /___________) |       
         \__________||_|        |_|    |_|      \________//____________/        
                                                                                
====================================[ Qcore ]===================================

 Git describe: 2.3.0-1-g21d9df7e5
 Compiler:     GNU 9.1.0
 Build type:   Release
 Version:      2.3.0-1-g21d9df7e5

 Start time:   Tue Oct 26 10:19:01 2021

 Data directory: /work/zw18965/.local/qcore/share/entos/qcore/data
 Number of threads: 24
 Number of threads was determined by: command line argument
  - More threads can be used by running 'qcore -n 32'

 --------------------------------------------------------------------------------
                                   command: dft                                  
 --------------------------------------------------------------------------------
 AO basis set:                           def2-tzvppd
 Number of AO basis functions:         869
 ECP on atom 25 (Au):                    60 electrons

 Formula:                                C9H12O3Cl3Au
 Nuclear charge:                       220.000000000
 Total charge:                           0.000000000
 Number of core electrons:              60
 Number of treated electrons:          160

 Number of alpha electrons:             80
 Number of beta electrons:              80
 Number of unpaired electrons:           0
 Spin:                                   0
 Multiplicity:                           singlet

 Theory:                                 dft
 Exchange-correlation functional:        wb97xd3

 Using range separated hybrid functional
 Range separation parameter:             0.250000000
 Short range exact exchange:             0.195728000
 Total long range exact exchange:        1.000000000

 Method for Coulomb:                     incore_df
 Method for exact exchange:              pre_transformed_df
 Integral threshold:                     1.00e-12
 DF basis set:                           def2-universal-jkfit
 Number of DF basis functions:        1753
 Schwarz screening threshold:            1.00e-10
 Coulomb fitting method:                 Cholesky
 Total number of grid points:       184314
 Method for AO orthogonalization:        symmetric
 Threshold for linear dependence:        1.00e-08
 D3 dispersion energy:                  -0.018262683

 -------------------------------------
  Running restricted closed-shell SCF 
 -------------------------------------
 Max number of iterations:             128
 Conv. threshold (gradient):             1.00e-05
 Conv. threshold (energy):               1.00e-06
 Interpolation scheme:                   adiis+cdiis
 Initial guess:                          SAD

 ---------------------------------------------------------------
                  energy        change          grad        time
 ---------------------------------------------------------------
   0     -2096.140442100                    4.46e+01        2.87
   1     -2091.886624094      4.25e+00      3.68e+00        2.12
   2     -2091.544670187      3.42e-01      5.21e+00        2.13
   3     -2092.347789988     -8.03e-01      6.22e-01        2.28
   4     -2092.346331901      1.46e-03      7.27e-01        2.20
   5     -2092.357819120     -1.15e-02      1.33e-01        2.19
   6     -2092.357652492      1.67e-04      1.82e-01        2.31
   7     -2092.358195458     -5.43e-04      1.29e-02        2.26
   8     -2092.358203936     -8.48e-06      9.43e-03        2.32
   9     -2092.358208336     -4.40e-06      1.73e-03        2.30
  10     -2092.358208531     -1.94e-07      1.00e-03        2.19
  11     -2092.358208580     -4.90e-08      3.22e-04        2.15
  12     -2092.358208590     -1.05e-08      1.25e-04        2.24
  13     -2092.358208592     -1.95e-09      6.32e-05        2.36
  14     -2092.358208593     -3.89e-10      2.95e-05        2.27
  15     -2092.358208593     -3.73e-11      9.71e-06        2.30

 SCF converged in 15 iterations.

 Dipole moment (in Debye):              -8.485567       1.793565      -0.514292

 Quadrupole moment (in Debye-Angstrom):
                  1            2            3
 1      -127.925686    10.538077    -1.825995
 2        10.538077  -125.142169    -5.550739
 3        -1.825995    -5.550739  -134.516815

 Spin-squared expectation <S^2>:         0.000
 Total spin quantum number S:            0.000
 TOTAL ENERGY:                       -2092.358208593

 --------------------------------------------------------------------------------

 End time:                               Tue Oct 26 10:20:22 2021
 Total wall-clock time:                 81.720 seconds
==================================================================================
