
================================================================================
          _____________ ________ _______________ ________     _________         
         / ___________// ______ \\_____   _____// ______ \   / ________)        
        / /_________  / /      \ \     | |     / /      \ \ | (_______          
       |  __________|| |        | |    | |    | |        | | \________ \        
        \ \_________ | |        | |    | |     \ \______/ /___________) |       
         \__________||_|        |_|    |_|      \________//____________/        
                                                                                
====================================[ Qcore ]===================================

 Git describe: 2.3.0-1-g21d9df7e5
 Compiler:     GNU 9.1.0
 Build type:   Release
 Version:      2.3.0-1-g21d9df7e5

 Start time:   Tue Oct 26 10:17:05 2021

 Data directory: /work/zw18965/.local/qcore/share/entos/qcore/data
 Number of threads: 24
 Number of threads was determined by: command line argument
  - More threads can be used by running 'qcore -n 32'

 --------------------------------------------------------------------------------
                                   command: dft                                  
 --------------------------------------------------------------------------------
 AO basis set:                           def2-tzvppd
 Number of AO basis functions:         825
 ECP on atom 1 (Re):                     60 electrons

 Formula:                                C9H8O6BrRe
 Nuclear charge:                       220.000000000
 Total charge:                           0.000000000
 Number of core electrons:              60
 Number of treated electrons:          160

 Number of alpha electrons:             80
 Number of beta electrons:              80
 Number of unpaired electrons:           0
 Spin:                                   0
 Multiplicity:                           singlet

 Theory:                                 dft
 Exchange-correlation functional:        wb97xd3

 Using range separated hybrid functional
 Range separation parameter:             0.250000000
 Short range exact exchange:             0.195728000
 Total long range exact exchange:        1.000000000

 Method for Coulomb:                     incore_df
 Method for exact exchange:              pre_transformed_df
 Integral threshold:                     1.00e-12
 DF basis set:                           def2-universal-jkfit
 Number of DF basis functions:        1774
 Schwarz screening threshold:            1.00e-10
 Coulomb fitting method:                 Cholesky
 Total number of grid points:       167124
 Method for AO orthogonalization:        symmetric
 Threshold for linear dependence:        1.00e-08
 D3 dispersion energy:                  -0.015041143

 -------------------------------------
  Running restricted closed-shell SCF 
 -------------------------------------
 Max number of iterations:             128
 Conv. threshold (gradient):             1.00e-05
 Conv. threshold (energy):               1.00e-06
 Interpolation scheme:                   adiis+cdiis
 Initial guess:                          SAD

 ---------------------------------------------------------------
                  energy        change          grad        time
 ---------------------------------------------------------------
   0     -3455.230041385                    1.90e+02        2.55
   1     -3451.455674477      3.77e+00      3.04e+00        2.12
   2     -3451.043114152      4.13e-01      4.41e+00        2.01
   3     -3451.783808725     -7.41e-01      9.77e-01        2.04
   4     -3451.755952534      2.79e-02      1.49e+00        1.98
   5     -3451.805107038     -4.92e-02      2.25e-01        2.08
   6     -3451.803946786      1.16e-03      2.98e-01        2.05
   7     -3451.806749079     -2.80e-03      7.00e-02        2.12
   8     -3451.806524224      2.25e-04      1.46e-01        2.15
   9     -3451.806874680     -3.50e-04      3.80e-03        2.12
  10     -3451.806876022     -1.34e-06      1.65e-03        2.02
  11     -3451.806876194     -1.72e-07      7.39e-04        2.01
  12     -3451.806876238     -4.40e-08      3.21e-04        1.99
  13     -3451.806876247     -9.22e-09      1.51e-04        2.01
  14     -3451.806876249     -1.66e-09      7.82e-05        2.03
  15     -3451.806876249     -4.21e-10      2.71e-05        2.11
  16     -3451.806876249     -2.23e-11      1.19e-05        2.00
  17     -3451.806876249     -2.36e-11      5.02e-06        1.98

 SCF converged in 17 iterations.

 Dipole moment (in Debye):             -11.085322       4.280723       1.537538

 Quadrupole moment (in Debye-Angstrom):
                  1            2            3
 1      -103.069197    -4.818061    -3.309992
 2        -4.818061  -133.668507     1.219275
 3        -3.309992     1.219275  -127.321188

 Spin-squared expectation <S^2>:         0.000
 Total spin quantum number S:            0.000
 TOTAL ENERGY:                       -3451.806876249

 --------------------------------------------------------------------------------

 End time:                               Tue Oct 26 10:18:55 2021
 Total wall-clock time:                109.625 seconds
==================================================================================
