
================================================================================
          _____________ ________ _______________ ________     _________         
         / ___________// ______ \\_____   _____// ______ \   / ________)        
        / /_________  / /      \ \     | |     / /      \ \ | (_______          
       |  __________|| |        | |    | |    | |        | | \________ \        
        \ \_________ | |        | |    | |     \ \______/ /___________) |       
         \__________||_|        |_|    |_|      \________//____________/        
                                                                                
====================================[ Qcore ]===================================

 Git describe: 2.3.0-1-g21d9df7e5
 Compiler:     GNU 9.1.0
 Build type:   Release
 Version:      2.3.0-1-g21d9df7e5

 Start time:   Tue Oct 26 10:21:20 2021

 Data directory: /work/zw18965/.local/qcore/share/entos/qcore/data
 Number of threads: 24
 Number of threads was determined by: command line argument

 --------------------------------------------------------------------------------
                                   command: dft                                  
 --------------------------------------------------------------------------------
 AO basis set:                           def2-tzvppd
 Number of AO basis functions:        1122
 ECP on atom 23 (Au):                    60 electrons

 Formula:                                C16H14O2Cl3Au
 Nuclear charge:                       256.000000000
 Total charge:                           0.000000000
 Number of core electrons:              60
 Number of treated electrons:          196

 Number of alpha electrons:             98
 Number of beta electrons:              98
 Number of unpaired electrons:           0
 Spin:                                   0
 Multiplicity:                           singlet

 Theory:                                 dft
 Exchange-correlation functional:        wb97xd3

 Using range separated hybrid functional
 Range separation parameter:             0.250000000
 Short range exact exchange:             0.195728000
 Total long range exact exchange:        1.000000000

 Method for Coulomb:                     incore_df
 Method for exact exchange:              pre_transformed_df
 Integral threshold:                     1.00e-12
 DF basis set:                           def2-universal-jkfit
 Number of DF basis functions:        2237
 Schwarz screening threshold:            1.00e-10
 Coulomb fitting method:                 Cholesky
 Total number of grid points:       236750
 Method for AO orthogonalization:        symmetric
 Threshold for linear dependence:        1.00e-08
 D3 dispersion energy:                  -0.019721827

 -------------------------------------
  Running restricted closed-shell SCF 
 -------------------------------------
 Max number of iterations:             128
 Conv. threshold (gradient):             1.00e-05
 Conv. threshold (energy):               1.00e-06
 Interpolation scheme:                   adiis+cdiis
 Initial guess:                          SAD

 ---------------------------------------------------------------
                  energy        change          grad        time
 ---------------------------------------------------------------
   0     -2291.879836223                    3.91e+01        6.87
   1     -2284.665856078      7.21e+00      3.54e+00        5.63
   2     -2284.535782934      1.30e-01      5.24e+00        4.92
   3     -2285.015757713     -4.80e-01      3.24e-01        4.81
   4     -2285.016716649     -9.59e-04      4.34e-01        5.15
   5     -2285.020920643     -4.20e-03      1.74e-01        6.39
   6     -2285.020792224      1.28e-04      2.13e-01        5.13
   7     -2285.021737223     -9.45e-04      1.77e-02        5.33
   8     -2285.021749493     -1.23e-05      7.56e-03        5.36
   9     -2285.021754890     -5.40e-06      2.99e-03        6.77
  10     -2285.021755262     -3.72e-07      8.81e-04        4.94
  11     -2285.021755335     -7.31e-08      3.29e-04        4.93
  12     -2285.021755346     -1.12e-08      1.61e-04        5.06
  13     -2285.021755349     -3.10e-09      5.28e-05        6.79
  14     -2285.021755349     -2.27e-10      3.62e-05        5.08
  15     -2285.021755349     -1.26e-10      1.40e-05        4.85
  16     -2285.021755349     -3.64e-12      7.01e-06        6.86

 SCF converged in 16 iterations.

 Dipole moment (in Debye):             -12.601225       0.600995       1.501979

 Quadrupole moment (in Debye-Angstrom):
                  1            2            3
 1      -154.008565    23.331572     1.501527
 2        23.331572  -141.734800    -6.348498
 3         1.501527    -6.348498  -176.275075

 Spin-squared expectation <S^2>:         0.000
 Total spin quantum number S:            0.000
 TOTAL ENERGY:                       -2285.021755349

 --------------------------------------------------------------------------------

 End time:                               Tue Oct 26 10:24:23 2021
 Total wall-clock time:                182.771 seconds
==================================================================================
