
================================================================================
          _____________ ________ _______________ ________     _________         
         / ___________// ______ \\_____   _____// ______ \   / ________)        
        / /_________  / /      \ \     | |     / /      \ \ | (_______          
       |  __________|| |        | |    | |    | |        | | \________ \        
        \ \_________ | |        | |    | |     \ \______/ /___________) |       
         \__________||_|        |_|    |_|      \________//____________/        
                                                                                
====================================[ Qcore ]===================================

 Git describe: 2.3.0-1-g21d9df7e5
 Compiler:     GNU 9.1.0
 Build type:   Release
 Version:      2.3.0-1-g21d9df7e5

 Start time:   Tue Oct 26 10:21:44 2021

 Data directory: /work/zw18965/.local/qcore/share/entos/qcore/data
 Number of threads: 24
 Number of threads was determined by: command line argument
  - More threads can be used by running 'qcore -n 32'

 --------------------------------------------------------------------------------
                                   command: dft                                  
 --------------------------------------------------------------------------------
 AO basis set:                           def2-tzvppd
 Number of AO basis functions:         815
 ECP on atom 25 (Au):                    60 electrons

 Formula:                                C9H15O3PAu+
 Nuclear charge:                       187.000000000
 Total charge:                           1.000000000
 Number of core electrons:              60
 Number of treated electrons:          126

 Number of alpha electrons:             63
 Number of beta electrons:              63
 Number of unpaired electrons:           0
 Spin:                                   0
 Multiplicity:                           singlet

 Theory:                                 dft
 Exchange-correlation functional:        wb97xd3

 Using range separated hybrid functional
 Range separation parameter:             0.250000000
 Short range exact exchange:             0.195728000
 Total long range exact exchange:        1.000000000

 Method for Coulomb:                     incore_df
 Method for exact exchange:              pre_transformed_df
 Integral threshold:                     1.00e-12
 DF basis set:                           def2-universal-jkfit
 Number of DF basis functions:        1551
 Schwarz screening threshold:            1.00e-10
 Coulomb fitting method:                 Cholesky
 Total number of grid points:       186852
 Method for AO orthogonalization:        symmetric
 Threshold for linear dependence:        1.00e-08
 D3 dispersion energy:                  -0.014719786

 -------------------------------------
  Running restricted closed-shell SCF 
 -------------------------------------
 Max number of iterations:             128
 Conv. threshold (gradient):             1.00e-05
 Conv. threshold (energy):               1.00e-06
 Interpolation scheme:                   adiis+cdiis
 Initial guess:                          SAD

 ---------------------------------------------------------------
                  energy        change          grad        time
 ---------------------------------------------------------------
   0     -1058.874029966                    2.95e+01        2.24
   1     -1054.376918908      4.50e+00      3.18e+00        1.77
   2     -1054.289566128      8.74e-02      5.21e+00        1.69
   3     -1054.652518879     -3.63e-01      5.92e-01        1.60
   4     -1054.650355012      2.16e-03      9.36e-01        1.75
   5     -1054.659755766     -9.40e-03      9.60e-02        1.65
   6     -1054.659789446     -3.37e-05      1.32e-01        1.76
   7     -1054.659982880     -1.93e-04      7.14e-03        1.70
   8     -1054.659985181     -2.30e-06      4.42e-03        1.66
   9     -1054.659985686     -5.05e-07      1.37e-03        1.65
  10     -1054.659985735     -4.92e-08      5.32e-04        1.70
  11     -1054.659985743     -7.22e-09      1.36e-04        1.64
  12     -1054.659985744     -9.19e-10      5.48e-05        1.74
  13     -1054.659985744     -2.31e-10      2.31e-05        1.78
  14     -1054.659985744     -2.89e-11      1.57e-05        1.68
  15     -1054.659985744      6.14e-12      3.64e-06        1.72

 SCF converged in 15 iterations.

 Dipole moment (in Debye):               6.423268      -0.040451       0.441162

 Quadrupole moment (in Debye-Angstrom):
                  1            2            3
 1       -23.783889    -6.888226    -0.815716
 2        -6.888226   -98.025849    -0.396946
 3        -0.815716    -0.396946   -97.530177

 Spin-squared expectation <S^2>:         0.000
 Total spin quantum number S:            0.000
 TOTAL ENERGY:                       -1054.659985744

 --------------------------------------------------------------------------------

 End time:                               Tue Oct 26 10:22:51 2021
 Total wall-clock time:                 66.866 seconds
==================================================================================
