
================================================================================
          _____________ ________ _______________ ________     _________         
         / ___________// ______ \\_____   _____// ______ \   / ________)        
        / /_________  / /      \ \     | |     / /      \ \ | (_______          
       |  __________|| |        | |    | |    | |        | | \________ \        
        \ \_________ | |        | |    | |     \ \______/ /___________) |       
         \__________||_|        |_|    |_|      \________//____________/        
                                                                                
====================================[ Qcore ]===================================

 Git describe: 2.3.0-1-g21d9df7e5
 Compiler:     GNU 9.1.0
 Build type:   Release
 Version:      2.3.0-1-g21d9df7e5

 Start time:   Tue Oct 26 10:23:51 2021

 Data directory: /work/zw18965/.local/qcore/share/entos/qcore/data
 Number of threads: 24
 Number of threads was determined by: command line argument

 --------------------------------------------------------------------------------
                                   command: dft                                  
 --------------------------------------------------------------------------------
 AO basis set:                           def2-tzvppd
 Number of AO basis functions:         621
 ECP on atom 1 (Ir):                     60 electrons

 Formula:                                C7H15PIr+
 Nuclear charge:                       149.000000000
 Total charge:                           1.000000000
 Number of core electrons:              60
 Number of treated electrons:           88

 Number of alpha electrons:             44
 Number of beta electrons:              44
 Number of unpaired electrons:           0
 Spin:                                   0
 Multiplicity:                           singlet

 Theory:                                 dft
 Exchange-correlation functional:        wb97xd3

 Using range separated hybrid functional
 Range separation parameter:             0.250000000
 Short range exact exchange:             0.195728000
 Total long range exact exchange:        1.000000000

 Method for Coulomb:                     incore_df
 Method for exact exchange:              pre_transformed_df
 Integral threshold:                     1.00e-12
 DF basis set:                           def2-universal-jkfit
 Number of DF basis functions:        1150
 Schwarz screening threshold:            1.00e-10
 Coulomb fitting method:                 Cholesky
 Total number of grid points:       152420
 Method for AO orthogonalization:        symmetric
 Threshold for linear dependence:        1.00e-08
 D3 dispersion energy:                  -0.010227969

 -------------------------------------
  Running restricted closed-shell SCF 
 -------------------------------------
 Max number of iterations:             128
 Conv. threshold (gradient):             1.00e-05
 Conv. threshold (energy):               1.00e-06
 Interpolation scheme:                   adiis+cdiis
 Initial guess:                          SAD

 ---------------------------------------------------------------
                  energy        change          grad        time
 ---------------------------------------------------------------
   0      -724.209461445                    1.72e+02        1.02
   1      -721.185631556      3.02e+00      2.53e+00        0.81
   2      -721.084964016      1.01e-01      4.99e+00        0.77
   3      -721.329992022     -2.45e-01      5.57e-01        0.74
   4      -721.326487981      3.50e-03      1.00e+00        0.79
   5      -721.336236556     -9.75e-03      1.53e-01        0.74
   6      -721.335788542      4.48e-04      2.95e-01        0.82
   7      -721.336651188     -8.63e-04      2.21e-02        0.85
   8      -721.336661754     -1.06e-05      1.76e-02        0.82
   9      -721.336672109     -1.04e-05      1.57e-03        0.84
  10      -721.336672215     -1.06e-07      5.89e-04        0.79
  11      -721.336672237     -2.12e-08      2.80e-04        0.77
  12      -721.336672240     -3.02e-09      1.07e-04        0.78
  13      -721.336672240     -5.68e-10      2.89e-05        0.80
  14      -721.336672240     -3.35e-11      1.44e-05        0.77
  15      -721.336672240     -1.39e-11      5.14e-06        0.79

 SCF converged in 15 iterations.

 Dipole moment (in Debye):               0.964198       0.296912       1.596815

 Quadrupole moment (in Debye-Angstrom):
                  1            2            3
 1       -61.754902    -0.574902     4.167776
 2        -0.574902   -67.919301    -1.584800
 3         4.167776    -1.584800   -68.518776

 Spin-squared expectation <S^2>:         0.000
 Total spin quantum number S:            0.000
 TOTAL ENERGY:                        -721.336672240

 --------------------------------------------------------------------------------

 End time:                               Tue Oct 26 10:24:25 2021
 Total wall-clock time:                 34.385 seconds
==================================================================================
