
================================================================================
          _____________ ________ _______________ ________     _________         
         / ___________// ______ \\_____   _____// ______ \   / ________)        
        / /_________  / /      \ \     | |     / /      \ \ | (_______          
       |  __________|| |        | |    | |    | |        | | \________ \        
        \ \_________ | |        | |    | |     \ \______/ /___________) |       
         \__________||_|        |_|    |_|      \________//____________/        
                                                                                
====================================[ Qcore ]===================================

 Git describe: 2.3.0-1-g21d9df7e5
 Compiler:     GNU 9.1.0
 Build type:   Release
 Version:      2.3.0-1-g21d9df7e5

 Start time:   Tue Oct 26 10:22:55 2021

 Data directory: /work/zw18965/.local/qcore/share/entos/qcore/data
 Number of threads: 24
 Number of threads was determined by: command line argument
  - More threads can be used by running 'qcore -n 32'

 --------------------------------------------------------------------------------
                                   command: dft                                  
 --------------------------------------------------------------------------------
 AO basis set:                           def2-tzvppd
 Number of AO basis functions:         621
 ECP on atom 1 (Ir):                     60 electrons

 Formula:                                C7H15PIr+
 Nuclear charge:                       149.000000000
 Total charge:                           1.000000000
 Number of core electrons:              60
 Number of treated electrons:           88

 Number of alpha electrons:             44
 Number of beta electrons:              44
 Number of unpaired electrons:           0
 Spin:                                   0
 Multiplicity:                           singlet

 Theory:                                 dft
 Exchange-correlation functional:        wb97xd3

 Using range separated hybrid functional
 Range separation parameter:             0.250000000
 Short range exact exchange:             0.195728000
 Total long range exact exchange:        1.000000000

 Method for Coulomb:                     incore_df
 Method for exact exchange:              pre_transformed_df
 Integral threshold:                     1.00e-12
 DF basis set:                           def2-universal-jkfit
 Number of DF basis functions:        1150
 Schwarz screening threshold:            1.00e-10
 Coulomb fitting method:                 Cholesky
 Total number of grid points:       152420
 Method for AO orthogonalization:        symmetric
 Threshold for linear dependence:        1.00e-08
 D3 dispersion energy:                  -0.010118669

 -------------------------------------
  Running restricted closed-shell SCF 
 -------------------------------------
 Max number of iterations:             128
 Conv. threshold (gradient):             1.00e-05
 Conv. threshold (energy):               1.00e-06
 Interpolation scheme:                   adiis+cdiis
 Initial guess:                          SAD

 ---------------------------------------------------------------
                  energy        change          grad        time
 ---------------------------------------------------------------
   0      -724.201590082                    1.63e+02        1.03
   1      -721.208797716      2.99e+00      2.40e+00        0.84
   2      -721.129055642      7.97e-02      4.38e+00        0.80
   3      -721.346761800     -2.18e-01      7.16e-01        0.81
   4      -721.337463316      9.30e-03      1.29e+00        0.76
   5      -721.354936640     -1.75e-02      1.10e-01        0.79
   6      -721.355119980     -1.83e-04      8.36e-02        0.80
   7      -721.355287557     -1.68e-04      6.71e-02        0.86
   8      -721.355353957     -6.64e-05      6.18e-03        0.84
   9      -721.355356310     -2.35e-06      2.60e-03        0.80
  10      -721.355356704     -3.95e-07      1.47e-03        0.82
  11      -721.355356821     -1.17e-07      5.04e-04        0.80
  12      -721.355356837     -1.56e-08      2.11e-04        0.77
  13      -721.355356839     -2.54e-09      6.94e-05        0.82
  14      -721.355356839     -3.03e-10      3.51e-05        0.79
  15      -721.355356839     -4.32e-11      1.72e-05        0.81
  16      -721.355356840     -1.83e-11      1.07e-05        0.83
  17      -721.355356840     -7.96e-13      4.51e-06        0.81

 SCF converged in 17 iterations.

 Dipole moment (in Debye):              -0.666908      -0.594344      -1.824472

 Quadrupole moment (in Debye-Angstrom):
                  1            2            3
 1       -62.381024     2.467744     3.136571
 2         2.467744   -63.452656    -1.072510
 3         3.136571    -1.072510   -70.774978

 Spin-squared expectation <S^2>:         0.000
 Total spin quantum number S:            0.000
 TOTAL ENERGY:                        -721.355356840

 --------------------------------------------------------------------------------

 End time:                               Tue Oct 26 10:23:32 2021
 Total wall-clock time:                 36.426 seconds
==================================================================================
