
================================================================================
          _____________ ________ _______________ ________     _________         
         / ___________// ______ \\_____   _____// ______ \   / ________)        
        / /_________  / /      \ \     | |     / /      \ \ | (_______          
       |  __________|| |        | |    | |    | |        | | \________ \        
        \ \_________ | |        | |    | |     \ \______/ /___________) |       
         \__________||_|        |_|    |_|      \________//____________/        
                                                                                
====================================[ Qcore ]===================================

 Git describe: 2.3.0-1-g21d9df7e5
 Compiler:     GNU 9.1.0
 Build type:   Release
 Version:      2.3.0-1-g21d9df7e5

 Start time:   Tue Oct 26 10:24:27 2021

 Data directory: /work/zw18965/.local/qcore/share/entos/qcore/data
 Number of threads: 24
 Number of threads was determined by: command line argument

 --------------------------------------------------------------------------------
                                   command: dft                                  
 --------------------------------------------------------------------------------
 AO basis set:                           def2-tzvppd
 Number of AO basis functions:          67

 Formula:                                V
 Nuclear charge:                        23.000000000
 Total charge:                           0.000000000
 Number of electrons:                   23.000000000

 Number of alpha electrons:             13
 Number of beta electrons:              10
 Number of unpaired electrons:           3
 Spin:                                   3
 Multiplicity:                           quartet

 Theory:                                 dft
 Exchange-correlation functional:        wb97xd3

 Using range separated hybrid functional
 Range separation parameter:             0.250000000
 Short range exact exchange:             0.195728000
 Total long range exact exchange:        1.000000000

 Method for Coulomb:                     incore_df
 Method for exact exchange:              pre_transformed_df
 Integral threshold:                     1.00e-12
 DF basis set:                           def2-universal-jkfit
 Number of DF basis functions:         264
 Schwarz screening threshold:            1.00e-10
 Coulomb fitting method:                 Cholesky
 Total number of grid points:         7852
 Method for AO orthogonalization:        symmetric
 Threshold for linear dependence:        1.00e-08
 D3 dispersion energy:                   0.000000000

 -------------------------------------
  Running unrestricted open-shell SCF 
 -------------------------------------
 Max number of iterations:             128
 Conv. threshold (gradient):             1.00e-05
 Conv. threshold (energy):               1.00e-06
 Interpolation scheme:                   adiis+cdiis
 Initial guess:                          SAD

 ---------------------------------------------------------------
                  energy        change          grad        time
 ---------------------------------------------------------------
   0      -943.366712090                    2.40e-02        0.01
   1      -943.673152095     -3.06e-01      5.37e-01        0.01
   2      -942.930599088      7.43e-01      1.30e+00        0.01
   3      -943.865316131     -9.35e-01      1.09e-01        0.01
   4      -943.872047725     -6.73e-03      7.46e-02        0.01
   5      -943.874931647     -2.88e-03      5.29e-02        0.01
   6      -943.877240036     -2.31e-03      2.58e-02        0.01
   7      -943.881738994     -4.50e-03      1.80e-02        0.01
   8      -943.885110863     -3.37e-03      9.58e-03        0.01
   9      -943.885073638      3.72e-05      7.30e-03        0.01
  10      -943.885242903     -1.69e-04      1.75e-03        0.01
  11      -943.885248482     -5.58e-06      6.50e-04        0.01
  12      -943.885249488     -1.01e-06      4.69e-04        0.01
  13      -943.885250229     -7.41e-07      1.40e-04        0.01
  14      -943.885250263     -3.34e-08      7.65e-05        0.01
  15      -943.885250274     -1.10e-08      7.08e-05        0.01
  16      -943.885250271      2.80e-09      7.08e-05        0.01
  17      -943.885250237      3.38e-08      6.21e-05        0.01
  18      -943.885250187      5.01e-08      5.23e-05        0.01
  19      -943.885250157      2.98e-08      4.32e-05        0.01
  20      -943.885250129      2.84e-08      1.42e-05        0.01
  21      -943.885250128      1.05e-09      4.03e-06        0.01

 SCF converged in 21 iterations.

 Dipole moment (in Debye):               0.000001       0.000001       0.000001

 Quadrupole moment (in Debye-Angstrom):
                  1            2            3
 1       -20.130895    -0.000242    -0.000318
 2        -0.000242   -20.130834    -0.000133
 3        -0.000318    -0.000133   -20.130845

 Spin-squared expectation <S^2>:         3.752
 Total spin quantum number S:            1.501
 TOTAL ENERGY:                        -943.885250128

 --------------------------------------------------------------------------------

 End time:                               Tue Oct 26 10:24:28 2021
 Total wall-clock time:                  0.830 seconds
==================================================================================
