
================================================================================
          _____________ ________ _______________ ________     _________         
         / ___________// ______ \\_____   _____// ______ \   / ________)        
        / /_________  / /      \ \     | |     / /      \ \ | (_______          
       |  __________|| |        | |    | |    | |        | | \________ \        
        \ \_________ | |        | |    | |     \ \______/ /___________) |       
         \__________||_|        |_|    |_|      \________//____________/        
                                                                                
====================================[ Qcore ]===================================

 Git describe: 2.3.0-1-g21d9df7e5
 Compiler:     GNU 9.1.0
 Build type:   Release
 Version:      2.3.0-1-g21d9df7e5

 Start time:   Tue Oct 26 10:23:35 2021

 Data directory: /work/zw18965/.local/qcore/share/entos/qcore/data
 Number of threads: 24
 Number of threads was determined by: command line argument
  - More threads can be used by running 'qcore -n 32'

 --------------------------------------------------------------------------------
                                   command: dft                                  
 --------------------------------------------------------------------------------
 AO basis set:                           def2-tzvppd
 Number of AO basis functions:          67

 Formula:                                Ti
 Nuclear charge:                        22.000000000
 Total charge:                           0.000000000
 Number of electrons:                   22.000000000

 Number of alpha electrons:             12
 Number of beta electrons:              10
 Number of unpaired electrons:           2
 Spin:                                   2
 Multiplicity:                           triplet

 Theory:                                 dft
 Exchange-correlation functional:        wb97xd3

 Using range separated hybrid functional
 Range separation parameter:             0.250000000
 Short range exact exchange:             0.195728000
 Total long range exact exchange:        1.000000000

 Method for Coulomb:                     incore_df
 Method for exact exchange:              pre_transformed_df
 Integral threshold:                     1.00e-12
 DF basis set:                           def2-universal-jkfit
 Number of DF basis functions:         264
 Schwarz screening threshold:            1.00e-10
 Coulomb fitting method:                 Cholesky
 Total number of grid points:         7792
 Method for AO orthogonalization:        symmetric
 Threshold for linear dependence:        1.00e-08
 D3 dispersion energy:                   0.000000000

 -------------------------------------
  Running unrestricted open-shell SCF 
 -------------------------------------
 Max number of iterations:             128
 Conv. threshold (gradient):             1.00e-05
 Conv. threshold (energy):               1.00e-06
 Interpolation scheme:                   adiis+cdiis
 Initial guess:                          SAD

 ---------------------------------------------------------------
                  energy        change          grad        time
 ---------------------------------------------------------------
   0      -848.914609032                    1.28e-02        0.01
   1      -849.203466798     -2.89e-01      4.37e-01        0.01
   2      -849.301121086     -9.77e-02      2.14e-01        0.01
   3      -849.325448060     -2.43e-02      1.55e-01        0.01
   4      -849.338213229     -1.28e-02      4.65e-02        0.01
   5      -849.339569896     -1.36e-03      3.80e-02        0.01
   6      -849.340442197     -8.72e-04      6.44e-03        0.01
   7      -849.340790382     -3.48e-04      5.43e-03        0.01
   8      -849.341341275     -5.51e-04      1.35e-03        0.01
   9      -849.341339708      1.57e-06      7.32e-04        0.01
  10      -849.341346274     -6.57e-06      5.12e-04        0.01
  11      -849.341347892     -1.62e-06      3.48e-04        0.01
  12      -849.341349158     -1.27e-06      1.15e-04        0.01
  13      -849.341349221     -6.30e-08      8.36e-05        0.01
  14      -849.341349247     -2.58e-08      6.72e-05        0.01
  15      -849.341349306     -5.89e-08      4.14e-05        0.01
  16      -849.341349335     -2.93e-08      9.93e-06        0.01

 SCF converged in 16 iterations.

 Dipole moment (in Debye):              -0.000006      -0.000006      -0.000006

 Quadrupole moment (in Debye-Angstrom):
                  1            2            3
 1       -21.241157     0.000022     0.000022
 2         0.000022   -21.241157     0.000022
 3         0.000022     0.000022   -21.241157

 Spin-squared expectation <S^2>:         2.001
 Total spin quantum number S:            1.000
 TOTAL ENERGY:                        -849.341349335

 --------------------------------------------------------------------------------

 End time:                               Tue Oct 26 10:23:36 2021
 Total wall-clock time:                  0.834 seconds
==================================================================================
