
================================================================================
          _____________ ________ _______________ ________     _________         
         / ___________// ______ \\_____   _____// ______ \   / ________)        
        / /_________  / /      \ \     | |     / /      \ \ | (_______          
       |  __________|| |        | |    | |    | |        | | \________ \        
        \ \_________ | |        | |    | |     \ \______/ /___________) |       
         \__________||_|        |_|    |_|      \________//____________/        
                                                                                
====================================[ Qcore ]===================================

 Git describe: 2.3.0-1-g21d9df7e5
 Compiler:     GNU 9.1.0
 Build type:   Release
 Version:      2.3.0-1-g21d9df7e5

 Start time:   Tue Oct 26 10:24:21 2021

 Data directory: /work/zw18965/.local/qcore/share/entos/qcore/data
 Number of threads: 24
 Number of threads was determined by: command line argument

 --------------------------------------------------------------------------------
                                   command: dft                                  
 --------------------------------------------------------------------------------
 AO basis set:                           def2-tzvppd
 Number of AO basis functions:          51

 Formula:                                S
 Nuclear charge:                        16.000000000
 Total charge:                           0.000000000
 Number of electrons:                   16.000000000

 Number of alpha electrons:              9
 Number of beta electrons:               7
 Number of unpaired electrons:           2
 Spin:                                   2
 Multiplicity:                           triplet

 Theory:                                 dft
 Exchange-correlation functional:        wb97xd3

 Using range separated hybrid functional
 Range separation parameter:             0.250000000
 Short range exact exchange:             0.195728000
 Total long range exact exchange:        1.000000000

 Method for Coulomb:                     incore_df
 Method for exact exchange:              pre_transformed_df
 Integral threshold:                     1.00e-12
 DF basis set:                           def2-universal-jkfit
 Number of DF basis functions:         128
 Schwarz screening threshold:            1.00e-10
 Coulomb fitting method:                 Cholesky
 Total number of grid points:         7350
 Method for AO orthogonalization:        symmetric
 Threshold for linear dependence:        1.00e-08
 D3 dispersion energy:                   0.000000000

 -------------------------------------
  Running unrestricted open-shell SCF 
 -------------------------------------
 Max number of iterations:             128
 Conv. threshold (gradient):             1.00e-05
 Conv. threshold (energy):               1.00e-06
 Interpolation scheme:                   adiis+cdiis
 Initial guess:                          SAD

 ---------------------------------------------------------------
                  energy        change          grad        time
 ---------------------------------------------------------------
   0      -397.896679453                    9.11e-03        0.01
   1      -398.103398805     -2.07e-01      7.33e-02        0.01
   2      -398.108613585     -5.21e-03      2.52e-02        0.01
   3      -398.109020853     -4.07e-04      6.06e-03        0.01
   4      -398.109065474     -4.46e-05      2.03e-03        0.01
   5      -398.109070766     -5.29e-06      3.37e-04        0.01
   6      -398.109070973     -2.07e-07      8.68e-05        0.01
   7      -398.109070987     -1.44e-08      1.19e-05        0.01
   8      -398.109070987     -2.54e-10      2.50e-06        0.01

 SCF converged in 8 iterations.

 Dipole moment (in Debye):               0.000000       0.000000       0.000000

 Quadrupole moment (in Debye-Angstrom):
                  1            2            3
 1       -12.028536     0.000000    -0.000000
 2         0.000000   -14.900637     0.000000
 3        -0.000000     0.000000   -12.028536

 Spin-squared expectation <S^2>:         2.005
 Total spin quantum number S:            1.002
 TOTAL ENERGY:                        -398.109070987

 --------------------------------------------------------------------------------

 End time:                               Tue Oct 26 10:24:21 2021
 Total wall-clock time:                  0.385 seconds
==================================================================================
