
================================================================================
          _____________ ________ _______________ ________     _________         
         / ___________// ______ \\_____   _____// ______ \   / ________)        
        / /_________  / /      \ \     | |     / /      \ \ | (_______          
       |  __________|| |        | |    | |    | |        | | \________ \        
        \ \_________ | |        | |    | |     \ \______/ /___________) |       
         \__________||_|        |_|    |_|      \________//____________/        
                                                                                
====================================[ Qcore ]===================================

 Git describe: 2.3.0-1-g21d9df7e5
 Compiler:     GNU 9.1.0
 Build type:   Release
 Version:      2.3.0-1-g21d9df7e5

 Start time:   Tue Oct 26 10:21:58 2021

 Data directory: /work/zw18965/.local/qcore/share/entos/qcore/data
 Number of threads: 24
 Number of threads was determined by: command line argument
  - More threads can be used by running 'qcore -n 32'

 --------------------------------------------------------------------------------
                                   command: dft                                  
 --------------------------------------------------------------------------------
 AO basis set:                           def2-tzvppd
 Number of AO basis functions:         124

 Formula:                                TiBr
 Nuclear charge:                        57.000000000
 Total charge:                           0.000000000
 Number of electrons:                   57.000000000

 Number of alpha electrons:             30
 Number of beta electrons:              27
 Number of unpaired electrons:           3
 Spin:                                   3
 Multiplicity:                           quartet

 Theory:                                 dft
 Exchange-correlation functional:        wb97xd3

 Using range separated hybrid functional
 Range separation parameter:             0.250000000
 Short range exact exchange:             0.195728000
 Total long range exact exchange:        1.000000000

 Method for Coulomb:                     incore_df
 Method for exact exchange:              pre_transformed_df
 Integral threshold:                     1.00e-12
 DF basis set:                           def2-universal-jkfit
 Number of DF basis functions:         530
 Schwarz screening threshold:            1.00e-10
 Coulomb fitting method:                 Cholesky
 Total number of grid points:        15956
 Method for AO orthogonalization:        symmetric
 Threshold for linear dependence:        1.00e-08
 D3 dispersion energy:                  -0.000008205

 -------------------------------------
  Running unrestricted open-shell SCF 
 -------------------------------------
 Max number of iterations:             128
 Conv. threshold (gradient):             1.00e-05
 Conv. threshold (energy):               1.00e-06
 Interpolation scheme:                   adiis+cdiis
 Initial guess:                          SAD

 ---------------------------------------------------------------
                  energy        change          grad        time
 ---------------------------------------------------------------
   0     -3423.258737290                    1.75e+00        0.04
   1     -3423.470981833     -2.12e-01      4.27e-01        0.03
   2     -3422.667494594      8.03e-01      1.75e+00        0.03
   3     -3423.605266321     -9.38e-01      3.01e-01        0.03
   4     -3423.620859777     -1.56e-02      2.25e-01        0.03
   5     -3423.645181702     -2.43e-02      4.13e-02        0.03
   6     -3423.645735059     -5.53e-04      5.67e-02        0.03
   7     -3423.647016491     -1.28e-03      7.85e-03        0.03
   8     -3423.647202668     -1.86e-04      5.69e-03        0.03
   9     -3423.647394108     -1.91e-04      3.46e-03        0.03
  10     -3423.647471373     -7.73e-05      1.41e-03        0.03
  11     -3423.647479468     -8.10e-06      5.50e-04        0.03
  12     -3423.647480434     -9.66e-07      7.24e-05        0.03
  13     -3423.647480442     -7.98e-09      2.85e-05        0.03
  14     -3423.647480446     -4.26e-09      1.11e-05        0.03
  15     -3423.647480446     -2.58e-10      3.71e-06        0.03

 SCF converged in 15 iterations.

 Dipole moment (in Debye):              -0.000001      -0.000001      -5.768344

 Quadrupole moment (in Debye-Angstrom):
                  1            2            3
 1       -36.557241     0.000001     0.000003
 2         0.000001   -36.557241     0.000003
 3         0.000003     0.000003   -24.996511

 Spin-squared expectation <S^2>:         3.756
 Total spin quantum number S:            1.501
 TOTAL ENERGY:                       -3423.647480446

 --------------------------------------------------------------------------------

 End time:                               Tue Oct 26 10:22:01 2021
 Total wall-clock time:                  2.570 seconds
==================================================================================
