
================================================================================
          _____________ ________ _______________ ________     _________         
         / ___________// ______ \\_____   _____// ______ \   / ________)        
        / /_________  / /      \ \     | |     / /      \ \ | (_______          
       |  __________|| |        | |    | |    | |        | | \________ \        
        \ \_________ | |        | |    | |     \ \______/ /___________) |       
         \__________||_|        |_|    |_|      \________//____________/        
                                                                                
====================================[ Qcore ]===================================

 Git describe: 2.3.0-1-g21d9df7e5
 Compiler:     GNU 9.1.0
 Build type:   Release
 Version:      2.3.0-1-g21d9df7e5

 Start time:   Tue Oct 26 10:24:35 2021

 Data directory: /work/zw18965/.local/qcore/share/entos/qcore/data
 Number of threads: 24
 Number of threads was determined by: command line argument

 --------------------------------------------------------------------------------
                                   command: dft                                  
 --------------------------------------------------------------------------------
 AO basis set:                           def2-tzvppd
 Number of AO basis functions:         118

 Formula:                                SCr
 Nuclear charge:                        40.000000000
 Total charge:                           0.000000000
 Number of electrons:                   40.000000000

 Number of alpha electrons:             22
 Number of beta electrons:              18
 Number of unpaired electrons:           4
 Spin:                                   4
 Multiplicity:                           quintet

 Theory:                                 dft
 Exchange-correlation functional:        wb97xd3

 Using range separated hybrid functional
 Range separation parameter:             0.250000000
 Short range exact exchange:             0.195728000
 Total long range exact exchange:        1.000000000

 Method for Coulomb:                     incore_df
 Method for exact exchange:              pre_transformed_df
 Integral threshold:                     1.00e-12
 DF basis set:                           def2-universal-jkfit
 Number of DF basis functions:         392
 Schwarz screening threshold:            1.00e-10
 Coulomb fitting method:                 Cholesky
 Total number of grid points:        15178
 Method for AO orthogonalization:        symmetric
 Threshold for linear dependence:        1.00e-08
 D3 dispersion energy:                  -0.000007521

 -------------------------------------
  Running unrestricted open-shell SCF 
 -------------------------------------
 Max number of iterations:             128
 Conv. threshold (gradient):             1.00e-05
 Conv. threshold (energy):               1.00e-06
 Interpolation scheme:                   adiis+cdiis
 Initial guess:                          SAD

 ---------------------------------------------------------------
                  energy        change          grad        time
 ---------------------------------------------------------------
   0     -1442.073924286                    1.86e+00        0.03
   1     -1441.968483423      1.05e-01      1.47e+00        0.03
   2     -1431.402404232      1.06e+01      8.39e+00        0.04
   3     -1440.880898152     -9.48e+00      2.71e+00        0.03
   4     -1442.599248805     -1.72e+00      2.65e-01        0.03
   5     -1442.520575632      7.87e-02      7.20e-01        0.03
   6     -1442.623511172     -1.03e-01      2.04e-01        0.03
   7     -1442.604967319      1.85e-02      3.33e-01        0.03
   8     -1442.633805725     -2.88e-02      4.74e-02        0.03
   9     -1442.634663749     -8.58e-04      1.09e-01        0.03
  10     -1442.640017512     -5.35e-03      4.07e-02        0.03
  11     -1442.641337479     -1.32e-03      2.08e-02        0.03
  12     -1442.642262225     -9.25e-04      1.98e-02        0.03
  13     -1442.642983226     -7.21e-04      7.10e-03        0.03
  14     -1442.643123491     -1.40e-04      2.86e-03        0.03
  15     -1442.643157802     -3.43e-05      2.25e-03        0.03
  16     -1442.643163785     -5.98e-06      7.12e-04        0.03
  17     -1442.643166679     -2.89e-06      5.32e-04        0.03
  18     -1442.643167156     -4.77e-07      3.29e-04        0.03
  19     -1442.643167256     -9.95e-08      7.54e-05        0.03
  20     -1442.643167275     -1.90e-08      3.73e-05        0.03
  21     -1442.643167277     -2.39e-09      1.89e-05        0.03
  22     -1442.643167277     -5.56e-10      1.11e-05        0.02
  23     -1442.643167278     -1.09e-10      5.49e-06        0.03

 SCF converged in 23 iterations.

 Dipole moment (in Debye):              -0.000001      -0.000001       6.129543

 Quadrupole moment (in Debye-Angstrom):
                  1            2            3
 1       -28.975489    -1.426907    -0.000000
 2        -1.426907   -28.975426    -0.000000
 3        -0.000000    -0.000000   -25.279886

 Spin-squared expectation <S^2>:         6.505
 Total spin quantum number S:            2.099
 TOTAL ENERGY:                       -1442.643167278

 --------------------------------------------------------------------------------

 End time:                               Tue Oct 26 10:24:36 2021
 Total wall-clock time:                  1.830 seconds
==================================================================================
