
================================================================================
          _____________ ________ _______________ ________     _________         
         / ___________// ______ \\_____   _____// ______ \   / ________)        
        / /_________  / /      \ \     | |     / /      \ \ | (_______          
       |  __________|| |        | |    | |    | |        | | \________ \        
        \ \_________ | |        | |    | |     \ \______/ /___________) |       
         \__________||_|        |_|    |_|      \________//____________/        
                                                                                
====================================[ Qcore ]===================================

 Git describe: 2.3.0-1-g21d9df7e5
 Compiler:     GNU 9.1.0
 Build type:   Release
 Version:      2.3.0-1-g21d9df7e5

 Start time:   Tue Oct 26 10:23:44 2021

 Data directory: /work/zw18965/.local/qcore/share/entos/qcore/data
 Number of threads: 24
 Number of threads was determined by: command line argument
  - More threads can be used by running 'qcore -n 32'

 --------------------------------------------------------------------------------
                                   command: dft                                  
 --------------------------------------------------------------------------------
 AO basis set:                           def2-tzvppd
 Number of AO basis functions:         124

 Formula:                                MnBr
 Nuclear charge:                        60.000000000
 Total charge:                           0.000000000
 Number of electrons:                   60.000000000

 Number of alpha electrons:             33
 Number of beta electrons:              27
 Number of unpaired electrons:           6
 Spin:                                   6
 Multiplicity:                           octet

 Theory:                                 dft
 Exchange-correlation functional:        wb97xd3

 Using range separated hybrid functional
 Range separation parameter:             0.250000000
 Short range exact exchange:             0.195728000
 Total long range exact exchange:        1.000000000

 Method for Coulomb:                     incore_df
 Method for exact exchange:              pre_transformed_df
 Integral threshold:                     1.00e-12
 DF basis set:                           def2-universal-jkfit
 Number of DF basis functions:         530
 Schwarz screening threshold:            1.00e-10
 Coulomb fitting method:                 Cholesky
 Total number of grid points:        16100
 Method for AO orthogonalization:        symmetric
 Threshold for linear dependence:        1.00e-08
 D3 dispersion energy:                  -0.000009372

 -------------------------------------
  Running unrestricted open-shell SCF 
 -------------------------------------
 Max number of iterations:             128
 Conv. threshold (gradient):             1.00e-05
 Conv. threshold (energy):               1.00e-06
 Interpolation scheme:                   adiis+cdiis
 Initial guess:                          SAD

 ---------------------------------------------------------------
                  energy        change          grad        time
 ---------------------------------------------------------------
   0     -3724.699038233                    2.19e+00        0.04
   1     -3725.203278332     -5.04e-01      3.61e-01        0.03
   2     -3725.188014190      1.53e-02      3.49e-01        0.03
   3     -3725.263828471     -7.58e-02      4.39e-02        0.03
   4     -3725.266470636     -2.64e-03      3.20e-02        0.03
   5     -3725.267653643     -1.18e-03      1.50e-02        0.03
   6     -3725.267911929     -2.58e-04      6.77e-03        0.03
   7     -3725.267960881     -4.90e-05      2.70e-03        0.03
   8     -3725.267967526     -6.65e-06      5.54e-04        0.03
   9     -3725.267968061     -5.35e-07      2.14e-04        0.03
  10     -3725.267968117     -5.57e-08      8.21e-05        0.03
  11     -3725.267968122     -5.64e-09      2.05e-05        0.03
  12     -3725.267968123     -6.58e-10      4.93e-06        0.03

 SCF converged in 12 iterations.

 Dipole moment (in Debye):               0.000000       0.000000      -2.991150

 Quadrupole moment (in Debye-Angstrom):
                  1            2            3
 1       -34.280769    -0.000000     0.000000
 2        -0.000000   -34.280769     0.000000
 3         0.000000     0.000000   -36.941574

 Spin-squared expectation <S^2>:        12.002
 Total spin quantum number S:            3.000
 TOTAL ENERGY:                       -3725.267968123

 --------------------------------------------------------------------------------

 End time:                               Tue Oct 26 10:23:47 2021
 Total wall-clock time:                  2.398 seconds
==================================================================================
