
================================================================================
          _____________ ________ _______________ ________     _________         
         / ___________// ______ \\_____   _____// ______ \   / ________)        
        / /_________  / /      \ \     | |     / /      \ \ | (_______          
       |  __________|| |        | |    | |    | |        | | \________ \        
        \ \_________ | |        | |    | |     \ \______/ /___________) |       
         \__________||_|        |_|    |_|      \________//____________/        
                                                                                
====================================[ Qcore ]===================================

 Git describe: 2.3.0-1-g21d9df7e5
 Compiler:     GNU 9.1.0
 Build type:   Release
 Version:      2.3.0-1-g21d9df7e5

 Start time:   Tue Oct 26 10:24:35 2021

 Data directory: /work/zw18965/.local/qcore/share/entos/qcore/data
 Number of threads: 24
 Number of threads was determined by: command line argument

 --------------------------------------------------------------------------------
                                   command: dft                                  
 --------------------------------------------------------------------------------
 AO basis set:                           def2-tzvppd
 Number of AO basis functions:         118

 Formula:                                ClFe
 Nuclear charge:                        43.000000000
 Total charge:                           0.000000000
 Number of electrons:                   43.000000000

 Number of alpha electrons:             24
 Number of beta electrons:              19
 Number of unpaired electrons:           5
 Spin:                                   5
 Multiplicity:                           septet

 Theory:                                 dft
 Exchange-correlation functional:        wb97xd3

 Using range separated hybrid functional
 Range separation parameter:             0.250000000
 Short range exact exchange:             0.195728000
 Total long range exact exchange:        1.000000000

 Method for Coulomb:                     incore_df
 Method for exact exchange:              pre_transformed_df
 Integral threshold:                     1.00e-12
 DF basis set:                           def2-universal-jkfit
 Number of DF basis functions:         392
 Schwarz screening threshold:            1.00e-10
 Coulomb fitting method:                 Cholesky
 Total number of grid points:        15430
 Method for AO orthogonalization:        symmetric
 Threshold for linear dependence:        1.00e-08
 D3 dispersion energy:                  -0.000005445

 -------------------------------------
  Running unrestricted open-shell SCF 
 -------------------------------------
 Max number of iterations:             128
 Conv. threshold (gradient):             1.00e-05
 Conv. threshold (energy):               1.00e-06
 Interpolation scheme:                   adiis+cdiis
 Initial guess:                          SAD

 ---------------------------------------------------------------
                  energy        change          grad        time
 ---------------------------------------------------------------
   0     -1723.437581309                    1.79e+00        0.02
   1     -1723.916769098     -4.79e-01      2.49e-01        0.03
   2     -1723.936581333     -1.98e-02      1.45e-01        0.03
   3     -1723.932919713      3.66e-03      2.17e-01        0.03
   4     -1723.952588733     -1.97e-02      2.59e-02        0.03
   5     -1723.953304610     -7.16e-04      3.35e-02        0.03
   6     -1723.953911109     -6.06e-04      4.29e-03        0.03
   7     -1723.953950159     -3.90e-05      1.55e-03        0.03
   8     -1723.953954079     -3.92e-06      4.20e-04        0.03
   9     -1723.953954283     -2.04e-07      1.36e-04        0.03
  10     -1723.953954310     -2.73e-08      4.97e-05        0.03
  11     -1723.953954315     -4.68e-09      2.31e-05        0.03
  12     -1723.953954315     -7.86e-10      1.10e-05        0.03
  13     -1723.953954315     -1.75e-10      6.78e-06        0.03

 SCF converged in 13 iterations.

 Dipole moment (in Debye):              -0.000001      -0.000001       2.342512

 Quadrupole moment (in Debye-Angstrom):
                  1            2            3
 1       -27.822029     0.000187    -0.000000
 2         0.000187   -27.822029    -0.000000
 3        -0.000000    -0.000000   -32.696023

 Spin-squared expectation <S^2>:         8.754
 Total spin quantum number S:            2.501
 TOTAL ENERGY:                       -1723.953954316

 --------------------------------------------------------------------------------

 End time:                               Tue Oct 26 10:24:37 2021
 Total wall-clock time:                  1.552 seconds
==================================================================================
