
================================================================================
          _____________ ________ _______________ ________     _________         
         / ___________// ______ \\_____   _____// ______ \   / ________)        
        / /_________  / /      \ \     | |     / /      \ \ | (_______          
       |  __________|| |        | |    | |    | |        | | \________ \        
        \ \_________ | |        | |    | |     \ \______/ /___________) |       
         \__________||_|        |_|    |_|      \________//____________/        
                                                                                
====================================[ Qcore ]===================================

 Git describe: 2.3.0-1-g21d9df7e5
 Compiler:     GNU 9.1.0
 Build type:   Release
 Version:      2.3.0-1-g21d9df7e5

 Start time:   Tue Oct 26 10:24:33 2021

 Data directory: /work/zw18965/.local/qcore/share/entos/qcore/data
 Number of threads: 24
 Number of threads was determined by: command line argument

 --------------------------------------------------------------------------------
                                   command: dft                                  
 --------------------------------------------------------------------------------
 AO basis set:                           def2-tzvppd
 Number of AO basis functions:         107

 Formula:                                OV
 Nuclear charge:                        31.000000000
 Total charge:                           0.000000000
 Number of electrons:                   31.000000000

 Number of alpha electrons:             17
 Number of beta electrons:              14
 Number of unpaired electrons:           3
 Spin:                                   3
 Multiplicity:                           quartet

 Theory:                                 dft
 Exchange-correlation functional:        wb97xd3

 Using range separated hybrid functional
 Range separation parameter:             0.250000000
 Short range exact exchange:             0.195728000
 Total long range exact exchange:        1.000000000

 Method for Coulomb:                     incore_df
 Method for exact exchange:              pre_transformed_df
 Integral threshold:                     1.00e-12
 DF basis set:                           def2-universal-jkfit
 Number of DF basis functions:         341
 Schwarz screening threshold:            1.00e-10
 Coulomb fitting method:                 Cholesky
 Total number of grid points:        14796
 Method for AO orthogonalization:        symmetric
 Threshold for linear dependence:        1.00e-08
 D3 dispersion energy:                  -0.000000318

 -------------------------------------
  Running unrestricted open-shell SCF 
 -------------------------------------
 Max number of iterations:             128
 Conv. threshold (gradient):             1.00e-05
 Conv. threshold (energy):               1.00e-06
 Interpolation scheme:                   adiis+cdiis
 Initial guess:                          SAD

 ---------------------------------------------------------------
                  energy        change          grad        time
 ---------------------------------------------------------------
   0     -1018.629609245                    2.09e+00        0.02
   1     -1018.564858285      6.48e-02      1.23e+00        0.02
   2     -1008.884653225      9.68e+00      5.15e+00        0.03
   3     -1018.012983284     -9.13e+00      1.79e+00        0.03
   4     -1019.185866029     -1.17e+00      9.46e-02        0.03
   5     -1019.175575777      1.03e-02      2.33e-01        0.03
   6     -1019.191431757     -1.59e-02      3.74e-02        0.03
   7     -1019.192164539     -7.33e-04      6.77e-03        0.03
   8     -1019.192306479     -1.42e-04      8.79e-03        0.02
   9     -1019.192368134     -6.17e-05      2.15e-03        0.03
  10     -1019.192385407     -1.73e-05      1.75e-03        0.02
  11     -1019.192388104     -2.70e-06      4.70e-04        0.02
  12     -1019.192388523     -4.19e-07      2.47e-04        0.03
  13     -1019.192388633     -1.10e-07      1.54e-04        0.03
  14     -1019.192388660     -2.71e-08      3.10e-05        0.02
  15     -1019.192388663     -3.26e-09      1.05e-05        0.02
  16     -1019.192388663     -2.43e-10      4.43e-06        0.02

 SCF converged in 16 iterations.

 Dipole moment (in Debye):              -0.000002      -0.000002       3.958384

 Quadrupole moment (in Debye-Angstrom):
                  1            2            3
 1       -21.568634    -0.000000    -0.000002
 2        -0.000000   -21.568634    -0.000002
 3        -0.000002    -0.000002   -23.525198

 Spin-squared expectation <S^2>:         3.800
 Total spin quantum number S:            1.512
 TOTAL ENERGY:                       -1019.192388664

 --------------------------------------------------------------------------------

 End time:                               Tue Oct 26 10:24:34 2021
 Total wall-clock time:                  1.454 seconds
==================================================================================
