
================================================================================
          _____________ ________ _______________ ________     _________         
         / ___________// ______ \\_____   _____// ______ \   / ________)        
        / /_________  / /      \ \     | |     / /      \ \ | (_______          
       |  __________|| |        | |    | |    | |        | | \________ \        
        \ \_________ | |        | |    | |     \ \______/ /___________) |       
         \__________||_|        |_|    |_|      \________//____________/        
                                                                                
====================================[ Qcore ]===================================

 Git describe: 2.3.0-1-g21d9df7e5
 Compiler:     GNU 9.1.0
 Build type:   Release
 Version:      2.3.0-1-g21d9df7e5

 Start time:   Tue Oct 26 10:24:40 2021

 Data directory: /work/zw18965/.local/qcore/share/entos/qcore/data
 Number of threads: 24
 Number of threads was determined by: command line argument

 --------------------------------------------------------------------------------
                                   command: dft                                  
 --------------------------------------------------------------------------------
 AO basis set:                           def2-tzvppd
 Number of AO basis functions:         124

 Formula:                                CuBr
 Nuclear charge:                        64.000000000
 Total charge:                           0.000000000
 Number of electrons:                   64.000000000

 Number of alpha electrons:             32
 Number of beta electrons:              32
 Number of unpaired electrons:           0
 Spin:                                   0
 Multiplicity:                           singlet

 Theory:                                 dft
 Exchange-correlation functional:        wb97xd3

 Using range separated hybrid functional
 Range separation parameter:             0.250000000
 Short range exact exchange:             0.195728000
 Total long range exact exchange:        1.000000000

 Method for Coulomb:                     incore_df
 Method for exact exchange:              pre_transformed_df
 Integral threshold:                     1.00e-12
 DF basis set:                           def2-universal-jkfit
 Number of DF basis functions:         530
 Schwarz screening threshold:            1.00e-10
 Coulomb fitting method:                 Cholesky
 Total number of grid points:        16100
 Method for AO orthogonalization:        symmetric
 Threshold for linear dependence:        1.00e-08
 D3 dispersion energy:                  -0.000006344

 -------------------------------------
  Running restricted closed-shell SCF 
 -------------------------------------
 Max number of iterations:             128
 Conv. threshold (gradient):             1.00e-05
 Conv. threshold (energy):               1.00e-06
 Interpolation scheme:                   adiis+cdiis
 Initial guess:                          SAD

 ---------------------------------------------------------------
                  energy        change          grad        time
 ---------------------------------------------------------------
   0     -4214.843655964                    3.71e+00        0.02
   1     -4214.801553530      4.21e-02      3.97e-01        0.03
   2     -4214.805030368     -3.48e-03      5.27e-01        0.02
   3     -4214.824556970     -1.95e-02      3.46e-01        0.02
   4     -4214.827431881     -2.87e-03      2.92e-01        0.02
   5     -4214.833651172     -6.22e-03      2.79e-02        0.02
   6     -4214.833523495      1.28e-04      6.20e-02        0.02
   7     -4214.833848921     -3.25e-04      4.21e-03        0.02
   8     -4214.833855972     -7.05e-06      1.78e-03        0.02
   9     -4214.833857355     -1.38e-06      6.67e-04        0.02
  10     -4214.833857561     -2.06e-07      1.60e-04        0.02
  11     -4214.833857573     -1.27e-08      4.09e-05        0.02
  12     -4214.833857574     -5.46e-10      9.79e-06        0.02

 SCF converged in 12 iterations.

 Dipole moment (in Debye):              -0.000002      -0.000002      -5.235813

 Quadrupole moment (in Debye-Angstrom):
                  1            2            3
 1       -31.865693     0.000000     0.000002
 2         0.000000   -31.865693     0.000002
 3         0.000002     0.000002   -24.564844

 Spin-squared expectation <S^2>:         0.000
 Total spin quantum number S:            0.000
 TOTAL ENERGY:                       -4214.833857574

 --------------------------------------------------------------------------------

 End time:                               Tue Oct 26 10:24:42 2021
 Total wall-clock time:                  2.318 seconds
==================================================================================
