
================================================================================
          _____________ ________ _______________ ________     _________         
         / ___________// ______ \\_____   _____// ______ \   / ________)        
        / /_________  / /      \ \     | |     / /      \ \ | (_______          
       |  __________|| |        | |    | |    | |        | | \________ \        
        \ \_________ | |        | |    | |     \ \______/ /___________) |       
         \__________||_|        |_|    |_|      \________//____________/        
                                                                                
====================================[ Qcore ]===================================

 Git describe: 2.3.0-1-g21d9df7e5
 Compiler:     GNU 9.1.0
 Build type:   Release
 Version:      2.3.0-1-g21d9df7e5

 Start time:   Tue Oct 26 10:22:04 2021

 Data directory: /work/zw18965/.local/qcore/share/entos/qcore/data
 Number of threads: 24
 Number of threads was determined by: command line argument
  - More threads can be used by running 'qcore -n 32'

 --------------------------------------------------------------------------------
                                   command: dft                                  
 --------------------------------------------------------------------------------
 AO basis set:                           def2-tzvppd
 Number of AO basis functions:          84

 Formula:                                HCo
 Nuclear charge:                        28.000000000
 Total charge:                           0.000000000
 Number of electrons:                   28.000000000

 Number of alpha electrons:             15
 Number of beta electrons:              13
 Number of unpaired electrons:           2
 Spin:                                   2
 Multiplicity:                           triplet

 Theory:                                 dft
 Exchange-correlation functional:        wb97xd3

 Using range separated hybrid functional
 Range separation parameter:             0.250000000
 Short range exact exchange:             0.195728000
 Total long range exact exchange:        1.000000000

 Method for Coulomb:                     incore_df
 Method for exact exchange:              pre_transformed_df
 Integral threshold:                     1.00e-12
 DF basis set:                           def2-universal-jkfit
 Number of DF basis functions:         282
 Schwarz screening threshold:            1.00e-10
 Coulomb fitting method:                 Cholesky
 Total number of grid points:        13826
 Method for AO orthogonalization:        symmetric
 Threshold for linear dependence:        1.00e-08
 D3 dispersion energy:                  -0.000003368

 -------------------------------------
  Running unrestricted open-shell SCF 
 -------------------------------------
 Max number of iterations:             128
 Conv. threshold (gradient):             1.00e-05
 Conv. threshold (energy):               1.00e-06
 Interpolation scheme:                   adiis+cdiis
 Initial guess:                          SAD

 ---------------------------------------------------------------
                  energy        change          grad        time
 ---------------------------------------------------------------
   0     -1382.919758145                    1.35e+00        0.01
   1     -1383.316294639     -3.97e-01      1.88e-01        0.01
   2     -1383.330106721     -1.38e-02      1.70e-01        0.01
   3     -1383.318153321      1.20e-02      2.70e-01        0.01
   4     -1383.340852226     -2.27e-02      5.12e-02        0.01
   5     -1383.342160220     -1.31e-03      3.16e-02        0.01
   6     -1383.343060290     -9.00e-04      5.50e-03        0.01
   7     -1383.343086448     -2.62e-05      2.40e-03        0.01
   8     -1383.343089650     -3.20e-06      7.24e-04        0.01
   9     -1383.343090445     -7.95e-07      3.45e-04        0.01
  10     -1383.343090611     -1.66e-07      8.55e-05        0.01
  11     -1383.343090627     -1.58e-08      3.85e-05        0.01
  12     -1383.343090628     -1.45e-09      1.03e-05        0.01
  13     -1383.343090628     -2.88e-10      4.30e-06        0.01

 SCF converged in 13 iterations.

 Dipole moment (in Debye):               0.000006       0.000006       3.258879

 Quadrupole moment (in Debye-Angstrom):
                  1            2            3
 1       -14.811222    -0.000000     0.000026
 2        -0.000000   -14.811222     0.000026
 3         0.000026     0.000026   -16.895235

 Spin-squared expectation <S^2>:         2.014
 Total spin quantum number S:            1.005
 TOTAL ENERGY:                       -1383.343090628

 --------------------------------------------------------------------------------

 End time:                               Tue Oct 26 10:22:05 2021
 Total wall-clock time:                  0.981 seconds
==================================================================================
