
================================================================================
          _____________ ________ _______________ ________     _________         
         / ___________// ______ \\_____   _____// ______ \   / ________)        
        / /_________  / /      \ \     | |     / /      \ \ | (_______          
       |  __________|| |        | |    | |    | |        | | \________ \        
        \ \_________ | |        | |    | |     \ \______/ /___________) |       
         \__________||_|        |_|    |_|      \________//____________/        
                                                                                
====================================[ Qcore ]===================================

 Git describe: 2.3.0-1-g21d9df7e5
 Compiler:     GNU 9.1.0
 Build type:   Release
 Version:      2.3.0-1-g21d9df7e5

 Start time:   Tue Oct 26 10:24:37 2021

 Data directory: /work/zw18965/.local/qcore/share/entos/qcore/data
 Number of threads: 24
 Number of threads was determined by: command line argument

 --------------------------------------------------------------------------------
                                   command: dft                                  
 --------------------------------------------------------------------------------
 AO basis set:                           def2-tzvppd
 Number of AO basis functions:         118

 Formula:                                SFe
 Nuclear charge:                        42.000000000
 Total charge:                           0.000000000
 Number of electrons:                   42.000000000

 Number of alpha electrons:             23
 Number of beta electrons:              19
 Number of unpaired electrons:           4
 Spin:                                   4
 Multiplicity:                           quintet

 Theory:                                 dft
 Exchange-correlation functional:        wb97xd3

 Using range separated hybrid functional
 Range separation parameter:             0.250000000
 Short range exact exchange:             0.195728000
 Total long range exact exchange:        1.000000000

 Method for Coulomb:                     incore_df
 Method for exact exchange:              pre_transformed_df
 Integral threshold:                     1.00e-12
 DF basis set:                           def2-universal-jkfit
 Number of DF basis functions:         392
 Schwarz screening threshold:            1.00e-10
 Coulomb fitting method:                 Cholesky
 Total number of grid points:        15286
 Method for AO orthogonalization:        symmetric
 Threshold for linear dependence:        1.00e-08
 D3 dispersion energy:                  -0.000001206

 -------------------------------------
  Running unrestricted open-shell SCF 
 -------------------------------------
 Max number of iterations:             128
 Conv. threshold (gradient):             1.00e-05
 Conv. threshold (energy):               1.00e-06
 Interpolation scheme:                   adiis+cdiis
 Initial guess:                          SAD

 ---------------------------------------------------------------
                  energy        change          grad        time
 ---------------------------------------------------------------
   0     -1661.502629292                    2.33e+00        0.03
   1     -1661.863470377     -3.61e-01      3.13e-01        0.03
   2     -1661.834251130      2.92e-02      6.06e-01        0.03
   3     -1661.893810631     -5.96e-02      1.70e-01        0.03
   4     -1661.890035436      3.78e-03      2.60e-01        0.03
   5     -1661.903185712     -1.32e-02      4.13e-02        0.03
   6     -1661.903139514      4.62e-05      9.07e-02        0.03
   7     -1661.904944850     -1.81e-03      2.06e-02        0.03
   8     -1661.905229101     -2.84e-04      2.62e-03        0.03
   9     -1661.905257621     -2.85e-05      2.58e-03        0.03
  10     -1661.905262617     -5.00e-06      9.16e-04        0.03
  11     -1661.905263968     -1.35e-06      5.64e-04        0.04
  12     -1661.905264383     -4.14e-07      2.86e-04        0.03
  13     -1661.905264531     -1.49e-07      1.65e-04        0.03
  14     -1661.905264591     -5.99e-08      7.56e-05        0.03
  15     -1661.905264613     -2.16e-08      2.59e-05        0.04
  16     -1661.905264615     -2.50e-09      1.44e-05        0.03
  17     -1661.905264616     -4.30e-10      7.11e-06        0.03

 SCF converged in 17 iterations.

 Dipole moment (in Debye):              -0.000000      -0.000000       5.670112

 Quadrupole moment (in Debye-Angstrom):
                  1            2            3
 1       -29.174235     0.000702     0.000001
 2         0.000702   -29.174235     0.000001
 3         0.000001     0.000001   -24.295584

 Spin-squared expectation <S^2>:         6.054
 Total spin quantum number S:            2.011
 TOTAL ENERGY:                       -1661.905264616

 --------------------------------------------------------------------------------

 End time:                               Tue Oct 26 10:24:39 2021
 Total wall-clock time:                  1.742 seconds
==================================================================================
