
================================================================================
          _____________ ________ _______________ ________     _________         
         / ___________// ______ \\_____   _____// ______ \   / ________)        
        / /_________  / /      \ \     | |     / /      \ \ | (_______          
       |  __________|| |        | |    | |    | |        | | \________ \        
        \ \_________ | |        | |    | |     \ \______/ /___________) |       
         \__________||_|        |_|    |_|      \________//____________/        
                                                                                
====================================[ Qcore ]===================================

 Git describe: 2.3.0-1-g21d9df7e5
 Compiler:     GNU 9.1.0
 Build type:   Release
 Version:      2.3.0-1-g21d9df7e5

 Start time:   Tue Oct 26 10:23:50 2021

 Data directory: /work/zw18965/.local/qcore/share/entos/qcore/data
 Number of threads: 24
 Number of threads was determined by: command line argument
  - More threads can be used by running 'qcore -n 32'

 --------------------------------------------------------------------------------
                                   command: dft                                  
 --------------------------------------------------------------------------------
 AO basis set:                           def2-tzvppd
 Number of AO basis functions:         118

 Formula:                                SZn
 Nuclear charge:                        46.000000000
 Total charge:                           0.000000000
 Number of electrons:                   46.000000000

 Number of alpha electrons:             23
 Number of beta electrons:              23
 Number of unpaired electrons:           0
 Spin:                                   0
 Multiplicity:                           singlet

 Theory:                                 dft
 Exchange-correlation functional:        wb97xd3

 Using range separated hybrid functional
 Range separation parameter:             0.250000000
 Short range exact exchange:             0.195728000
 Total long range exact exchange:        1.000000000

 Method for Coulomb:                     incore_df
 Method for exact exchange:              pre_transformed_df
 Integral threshold:                     1.00e-12
 DF basis set:                           def2-universal-jkfit
 Number of DF basis functions:         392
 Schwarz screening threshold:            1.00e-10
 Coulomb fitting method:                 Cholesky
 Total number of grid points:        15286
 Method for AO orthogonalization:        symmetric
 Threshold for linear dependence:        1.00e-08
 D3 dispersion energy:                  -0.000010642

 -------------------------------------
  Running restricted closed-shell SCF 
 -------------------------------------
 Max number of iterations:             128
 Conv. threshold (gradient):             1.00e-05
 Conv. threshold (energy):               1.00e-06
 Interpolation scheme:                   adiis+cdiis
 Initial guess:                          SAD

 ---------------------------------------------------------------
                  energy        change          grad        time
 ---------------------------------------------------------------
   0     -2177.756383188                    4.27e+00        0.02
   1     -2177.513240687      2.43e-01      6.50e-01        0.01
   2     -2177.437371677      7.59e-02      8.89e-01        0.01
   3     -2177.604899251     -1.68e-01      9.13e-02        0.01
   4     -2177.604802159      9.71e-05      8.60e-02        0.01
   5     -2177.606577681     -1.78e-03      9.22e-03        0.01
   6     -2177.606608950     -3.13e-05      3.60e-03        0.01
   7     -2177.606618394     -9.44e-06      1.58e-03        0.01
   8     -2177.606621390     -3.00e-06      6.40e-04        0.01
   9     -2177.606621742     -3.52e-07      1.05e-04        0.01
  10     -2177.606621748     -6.01e-09      2.94e-05        0.01
  11     -2177.606621748     -3.86e-10      6.24e-06        0.01

 SCF converged in 11 iterations.

 Dipole moment (in Debye):               0.000000       0.000000       5.905511

 Quadrupole moment (in Debye-Angstrom):
                  1            2            3
 1       -28.641417    -0.000000     0.000000
 2        -0.000000   -28.641417     0.000000
 3         0.000000     0.000000   -24.034939

 Spin-squared expectation <S^2>:         0.000
 Total spin quantum number S:            0.000
 TOTAL ENERGY:                       -2177.606621748

 --------------------------------------------------------------------------------

 End time:                               Tue Oct 26 10:23:51 2021
 Total wall-clock time:                  1.224 seconds
==================================================================================
