
================================================================================
          _____________ ________ _______________ ________     _________         
         / ___________// ______ \\_____   _____// ______ \   / ________)        
        / /_________  / /      \ \     | |     / /      \ \ | (_______          
       |  __________|| |        | |    | |    | |        | | \________ \        
        \ \_________ | |        | |    | |     \ \______/ /___________) |       
         \__________||_|        |_|    |_|      \________//____________/        
                                                                                
====================================[ Qcore ]===================================

 Git describe: 2.3.0-1-g21d9df7e5
 Compiler:     GNU 9.1.0
 Build type:   Release
 Version:      2.3.0-1-g21d9df7e5

 Start time:   Tue Oct 26 10:24:39 2021

 Data directory: /work/zw18965/.local/qcore/share/entos/qcore/data
 Number of threads: 24
 Number of threads was determined by: command line argument

 --------------------------------------------------------------------------------
                                   command: dft                                  
 --------------------------------------------------------------------------------
 AO basis set:                           def2-tzvppd
 Number of AO basis functions:         107

 Formula:                                FCo
 Nuclear charge:                        36.000000000
 Total charge:                           0.000000000
 Number of electrons:                   36.000000000

 Number of alpha electrons:             19
 Number of beta electrons:              17
 Number of unpaired electrons:           2
 Spin:                                   2
 Multiplicity:                           triplet

 Theory:                                 dft
 Exchange-correlation functional:        wb97xd3

 Using range separated hybrid functional
 Range separation parameter:             0.250000000
 Short range exact exchange:             0.195728000
 Total long range exact exchange:        1.000000000

 Method for Coulomb:                     incore_df
 Method for exact exchange:              pre_transformed_df
 Integral threshold:                     1.00e-12
 DF basis set:                           def2-universal-jkfit
 Number of DF basis functions:         341
 Schwarz screening threshold:            1.00e-10
 Coulomb fitting method:                 Cholesky
 Total number of grid points:        14748
 Method for AO orthogonalization:        symmetric
 Threshold for linear dependence:        1.00e-08
 D3 dispersion energy:                  -0.000001706

 -------------------------------------
  Running unrestricted open-shell SCF 
 -------------------------------------
 Max number of iterations:             128
 Conv. threshold (gradient):             1.00e-05
 Conv. threshold (energy):               1.00e-06
 Interpolation scheme:                   adiis+cdiis
 Initial guess:                          SAD

 ---------------------------------------------------------------
                  energy        change          grad        time
 ---------------------------------------------------------------
   0     -1482.177538604                    1.20e+00        0.02
   1     -1482.548377857     -3.71e-01      5.59e-01        0.02
   2     -1482.455889524      9.25e-02      9.29e-01        0.03
   3     -1482.631743346     -1.76e-01      1.03e-01        0.02
   4     -1482.630059304      1.68e-03      1.49e-01        0.02
   5     -1482.638251332     -8.19e-03      4.84e-02        0.03
   6     -1482.638806569     -5.55e-04      9.26e-02        0.04
   7     -1482.641968577     -3.16e-03      3.20e-02        0.03
   8     -1482.644507855     -2.54e-03      2.94e-02        0.03
   9     -1482.646853307     -2.35e-03      2.80e-02        0.02
  10     -1482.650410080     -3.56e-03      2.62e-02        0.02
  11     -1482.657076366     -6.67e-03      4.10e-02        0.02
  12     -1482.657128622     -5.23e-05      2.38e-02        0.02
  13     -1482.658258460     -1.13e-03      1.67e-02        0.02
  14     -1482.659055431     -7.97e-04      2.11e-02        0.02
  15     -1482.659094060     -3.86e-05      2.13e-02        0.02
  16     -1482.659204372     -1.10e-04      1.75e-02        0.03
  17     -1482.659328956     -1.25e-04      6.71e-03        0.02
  18     -1482.659515129     -1.86e-04      1.08e-02        0.03
  19     -1482.659563867     -4.87e-05      9.17e-03        0.03
  20     -1482.659587264     -2.34e-05      3.34e-03        0.03
  21     -1482.659646020     -5.88e-05      2.49e-03        0.02
  22     -1482.659663442     -1.74e-05      1.01e-03        0.02
  23     -1482.659667802     -4.36e-06      5.91e-04        0.03
  24     -1482.659668264     -4.62e-07      1.29e-04        0.03
  25     -1482.659668325     -6.06e-08      8.50e-05        0.03
  26     -1482.659668329     -4.78e-09      2.57e-05        0.02
  27     -1482.659668330     -8.36e-10      8.57e-06        0.03

 SCF converged in 27 iterations.

 Dipole moment (in Debye):               0.000026       0.000026       4.997999

 Quadrupole moment (in Debye-Angstrom):
                  1            2            3
 1       -18.400192     0.446163     0.000042
 2         0.446163   -18.400192     0.000042
 3         0.000042     0.000042   -19.727954

 Spin-squared expectation <S^2>:         2.123
 Total spin quantum number S:            1.041
 TOTAL ENERGY:                       -1482.659668330

 --------------------------------------------------------------------------------

 End time:                               Tue Oct 26 10:24:41 2021
 Total wall-clock time:                  1.725 seconds
==================================================================================
