
================================================================================
          _____________ ________ _______________ ________     _________         
         / ___________// ______ \\_____   _____// ______ \   / ________)        
        / /_________  / /      \ \     | |     / /      \ \ | (_______          
       |  __________|| |        | |    | |    | |        | | \________ \        
        \ \_________ | |        | |    | |     \ \______/ /___________) |       
         \__________||_|        |_|    |_|      \________//____________/        
                                                                                
====================================[ Qcore ]===================================

 Git describe: 2.3.0-1-g21d9df7e5
 Compiler:     GNU 9.1.0
 Build type:   Release
 Version:      2.3.0-1-g21d9df7e5

 Start time:   Tue Oct 26 14:06:51 2021

 Data directory: /work/zw18965/.local/qcore/share/entos/qcore/data
 Number of threads: 24
 Number of threads was determined by: command line argument

 --------------------------------------------------------------------------------
                                   command: dft                                  
 --------------------------------------------------------------------------------
 AO basis set:                           def2-tzvppd
 Number of AO basis functions:         452

 Formula:                                C5O5Cr
 Nuclear charge:                        94.000000000
 Total charge:                           0.000000000
 Number of electrons:                   94.000000000

 Number of alpha electrons:             47
 Number of beta electrons:              47
 Number of unpaired electrons:           0
 Spin:                                   0
 Multiplicity:                           singlet

 Theory:                                 dft
 Exchange-correlation functional:        0.5 b88 + 0.75 lyp
 Method for Coulomb:                     incore_df
 Method for exact exchange:              pre_transformed_df
 Integral threshold:                     1.00e-12
 DF basis set:                           def2-universal-jkfit
 Number of DF basis functions:        1024
 Schwarz screening threshold:            1.00e-10
 Coulomb fitting method:                 Cholesky

 ------------------
  UW12 Correlation 
 ------------------
 Factor for UW12 correlation:            1.000000000
 Opposite spin scale factor:             0.250000000
 Same spin scale factor:                 0.500000000
 Calculate indirect contribution:        true
 Method for three electron term:         df_ri
 Auxiliary RI basis set:                 Def2-TZVPPD-RI
 Number of RI basis functions:        1145
 Gaussians in geminal expansion:        10
 UW12 screening threshold:               1.00e-12
 Method for density-fitting:             w(r)
 Number of core spatial orbitals:       19

 Total number of grid points:        76548
 Method for AO orthogonalization:        symmetric
 Threshold for linear dependence:        1.00e-08
 D3BJ dispersion energy:                -0.013850314

 -------------------------------------
  Running restricted closed-shell SCF 
 -------------------------------------
 Max number of iterations:             128
 Conv. threshold (gradient):             1.00e-05
 Conv. threshold (energy):               1.00e-06
 Interpolation scheme:                   adiis+cdiis
 Initial guess:                          SAD

 ---------------------------------------------------------------
                  energy        change          grad        time
 ---------------------------------------------------------------
   0     -1613.664631464                    2.65e+01      439.12
   1     -1609.468536450      4.20e+00      8.11e+00      178.56
   2     -1574.857154113      3.46e+01      3.21e+01      177.90
   3     -1604.516243731     -2.97e+01      2.56e+01      177.87
   4     -1610.795574867     -6.28e+00      4.06e+00      176.70
   5     -1611.096593131     -3.01e-01      2.37e+00      177.97
   6     -1611.102061595     -5.47e-03      2.87e+00      178.32
   7     -1611.186306051     -8.42e-02      2.55e+00      177.80
   8     -1611.218854464     -3.25e-02      1.89e+00      178.59
   9     -1611.265120512     -4.63e-02      3.95e-01      177.94
  10     -1611.258903868      6.22e-03      5.37e-01      167.98
  11     -1611.266771306     -7.87e-03      5.82e-01      180.50
  12     -1611.265133778      1.64e-03      6.72e-01      164.74
  13     -1611.271065920     -5.93e-03      1.07e-01      164.99
  14     -1611.270456361      6.10e-04      1.38e-01      178.36
  15     -1611.271466297     -1.01e-03      3.75e-02      179.69
  16     -1611.270757665      7.09e-04      2.00e-01      179.24
  17     -1611.271485718     -7.28e-04      1.08e-04      179.09
  18     -1611.271485737     -1.87e-08      2.82e-05      178.04
  19     -1611.271485750     -1.29e-08      2.97e-06      177.67

 SCF converged in 19 iterations.

 Dipole moment (in Debye):              -0.000392       0.000453      -2.441897

 Quadrupole moment (in Debye-Angstrom):
                  1            2            3
 1       -74.426404    -0.000501     0.000437
 2        -0.000501   -74.425924    -0.000352
 3         0.000437    -0.000352   -69.149994

 Spin-squared expectation <S^2>:         0.000
 Total spin quantum number S:            0.000
 TOTAL ENERGY:                       -1611.271485750

 --------------------------------------------------------------------------------

 End time:                               Tue Oct 26 15:13:19 2021
 Total wall-clock time:               3988.150 seconds
==================================================================================
