
================================================================================
          _____________ ________ _______________ ________     _________         
         / ___________// ______ \\_____   _____// ______ \   / ________)        
        / /_________  / /      \ \     | |     / /      \ \ | (_______          
       |  __________|| |        | |    | |    | |        | | \________ \        
        \ \_________ | |        | |    | |     \ \______/ /___________) |       
         \__________||_|        |_|    |_|      \________//____________/        
                                                                                
====================================[ Qcore ]===================================

 Git describe: 2.3.0-1-g21d9df7e5
 Compiler:     GNU 9.1.0
 Build type:   Release
 Version:      2.3.0-1-g21d9df7e5

 Start time:   Tue Oct 26 14:08:34 2021

 Data directory: /work/zw18965/.local/qcore/share/entos/qcore/data
 Number of threads: 24
 Number of threads was determined by: command line argument

 --------------------------------------------------------------------------------
                                   command: dft                                  
 --------------------------------------------------------------------------------
 AO basis set:                           def2-tzvppd
 Number of AO basis functions:         469

 Formula:                                C5HO5Mn
 Nuclear charge:                        96.000000000
 Total charge:                           0.000000000
 Number of electrons:                   96.000000000

 Number of alpha electrons:             48
 Number of beta electrons:              48
 Number of unpaired electrons:           0
 Spin:                                   0
 Multiplicity:                           singlet

 Theory:                                 dft
 Exchange-correlation functional:        0.5 b88 + 0.75 lyp
 Method for Coulomb:                     incore_df
 Method for exact exchange:              pre_transformed_df
 Integral threshold:                     1.00e-12
 DF basis set:                           def2-universal-jkfit
 Number of DF basis functions:        1042
 Schwarz screening threshold:            1.00e-10
 Coulomb fitting method:                 Cholesky

 ------------------
  UW12 Correlation 
 ------------------
 Factor for UW12 correlation:            1.000000000
 Opposite spin scale factor:             0.250000000
 Same spin scale factor:                 0.500000000
 Calculate indirect contribution:        true
 Method for three electron term:         df_ri
 Auxiliary RI basis set:                 Def2-TZVPPD-RI
 Number of RI basis functions:        1184
 Gaussians in geminal expansion:        10
 UW12 screening threshold:               1.00e-12
 Method for density-fitting:             w(r)
 Number of core spatial orbitals:       19

 Total number of grid points:        82546
 Method for AO orthogonalization:        symmetric
 Threshold for linear dependence:        1.00e-08
 D3BJ dispersion energy:                -0.012526030

 -------------------------------------
  Running restricted closed-shell SCF 
 -------------------------------------
 Max number of iterations:             128
 Conv. threshold (gradient):             1.00e-05
 Conv. threshold (energy):               1.00e-06
 Interpolation scheme:                   adiis+cdiis
 Initial guess:                          SAD

 ---------------------------------------------------------------
                  energy        change          grad        time
 ---------------------------------------------------------------
   0     -1721.410803674                    2.93e+01      475.19
   1     -1718.316330597      3.09e+00      1.05e+00      199.27
   2     -1718.231982708      8.43e-02      2.68e+00      202.60
   3     -1718.075697543      1.56e-01      5.42e+00      200.68
   4     -1718.395198912     -3.20e-01      1.38e+00      199.83
   5     -1718.392048626      3.15e-03      7.92e-01      201.67
   6     -1718.408941241     -1.69e-02      1.74e+00      202.47
   7     -1718.445142061     -3.62e-02      7.29e-01      199.86
   8     -1718.451463361     -6.32e-03      2.35e-01      198.50
   9     -1718.450980349      4.83e-04      2.74e-01      200.06
  10     -1718.453090048     -2.11e-03      2.67e-01      199.85
  11     -1718.452951856      1.38e-04      2.36e-01      200.64
  12     -1718.453994455     -1.04e-03      1.43e-02      202.28
  13     -1718.453804184      1.90e-04      8.62e-02      203.09
  14     -1718.453984934     -1.81e-04      9.19e-05      200.97
  15     -1718.453984969     -3.44e-08      1.06e-05      200.26
  16     -1718.453984969     -4.62e-10      1.34e-05      204.18
  17     -1718.453984978     -9.02e-09      1.88e-06      199.63

 SCF converged in 17 iterations.

 Dipole moment (in Debye):               0.000006      -0.000024       0.008287

 Quadrupole moment (in Debye-Angstrom):
                  1            2            3
 1       -72.784276    -0.000055    -0.000147
 2        -0.000055   -72.785324     0.000433
 3        -0.000147     0.000433   -72.654885

 Spin-squared expectation <S^2>:         0.000
 Total spin quantum number S:            0.000
 TOTAL ENERGY:                       -1718.453984977

 --------------------------------------------------------------------------------

 End time:                               Tue Oct 26 15:17:07 2021
 Total wall-clock time:               4113.343 seconds
==================================================================================
