
================================================================================
          _____________ ________ _______________ ________     _________         
         / ___________// ______ \\_____   _____// ______ \   / ________)        
        / /_________  / /      \ \     | |     / /      \ \ | (_______          
       |  __________|| |        | |    | |    | |        | | \________ \        
        \ \_________ | |        | |    | |     \ \______/ /___________) |       
         \__________||_|        |_|    |_|      \________//____________/        
                                                                                
====================================[ Qcore ]===================================

 Git describe: 2.3.0-1-g21d9df7e5
 Compiler:     GNU 9.1.0
 Build type:   Release
 Version:      2.3.0-1-g21d9df7e5

 Start time:   Tue Oct 26 14:05:51 2021

 Data directory: /work/zw18965/.local/qcore/share/entos/qcore/data
 Number of threads: 24
 Number of threads was determined by: command line argument

 --------------------------------------------------------------------------------
                                   command: dft                                  
 --------------------------------------------------------------------------------
 AO basis set:                           def2-tzvppd
 Number of AO basis functions:         216

 Formula:                                C2H3OCl
 Nuclear charge:                        40.000000000
 Total charge:                           0.000000000
 Number of electrons:                   40.000000000

 Number of alpha electrons:             20
 Number of beta electrons:              20
 Number of unpaired electrons:           0
 Spin:                                   0
 Multiplicity:                           singlet

 Theory:                                 dft
 Exchange-correlation functional:        0.5 b88 + 0.75 lyp
 Method for Coulomb:                     incore_df
 Method for exact exchange:              pre_transformed_df
 Integral threshold:                     1.00e-12
 DF basis set:                           def2-universal-jkfit
 Number of DF basis functions:         409
 Schwarz screening threshold:            1.00e-10
 Coulomb fitting method:                 Cholesky

 ------------------
  UW12 Correlation 
 ------------------
 Factor for UW12 correlation:            1.000000000
 Opposite spin scale factor:             0.250000000
 Same spin scale factor:                 0.500000000
 Calculate indirect contribution:        true
 Method for three electron term:         df_ri
 Auxiliary RI basis set:                 Def2-TZVPPD-RI
 Number of RI basis functions:         532
 Gaussians in geminal expansion:        10
 UW12 screening threshold:               1.00e-12
 Method for density-fitting:             w(r)
 Number of core spatial orbitals:        8

 Total number of grid points:        45708
 Method for AO orthogonalization:        symmetric
 Threshold for linear dependence:        1.00e-08
 D3BJ dispersion energy:                -0.003767548

 -------------------------------------
  Running restricted closed-shell SCF 
 -------------------------------------
 Max number of iterations:             128
 Conv. threshold (gradient):             1.00e-05
 Conv. threshold (energy):               1.00e-06
 Interpolation scheme:                   adiis+cdiis
 Initial guess:                          SAD

 ---------------------------------------------------------------
                  energy        change          grad        time
 ---------------------------------------------------------------
   0      -614.208838175                    1.37e+01        8.52
   1      -613.313340010      8.95e-01      1.73e+00        3.39
   2      -613.164036719      1.49e-01      3.65e+00        3.41
   3      -613.430990492     -2.67e-01      5.48e-01        3.37
   4      -613.432055765     -1.07e-03      5.25e-01        3.39
   5      -613.438520559     -6.46e-03      6.41e-02        3.27
   6      -613.438255561      2.65e-04      1.20e-01        3.47
   7      -613.438698609     -4.43e-04      3.48e-03        3.38
   8      -613.438698961     -3.52e-07      7.30e-04        3.29
   9      -613.438699019     -5.85e-08      1.32e-04        3.45
  10      -613.438699017      2.62e-09      4.54e-05        3.37
  11      -613.438699019     -2.48e-09      1.23e-05        3.46
  12      -613.438699019      5.59e-10      1.14e-06        3.27

 SCF converged in 12 iterations.

 Dipole moment (in Debye):               1.478682      -2.535203       0.000154

 Quadrupole moment (in Debye-Angstrom):
                  1            2            3
 1       -29.759228    -2.996634     0.000323
 2        -2.996634   -32.237590    -0.000377
 3         0.000323    -0.000377   -29.532488

 Spin-squared expectation <S^2>:         0.000
 Total spin quantum number S:            0.000
 TOTAL ENERGY:                        -613.438699019

 --------------------------------------------------------------------------------

 End time:                               Tue Oct 26 14:06:47 2021
 Total wall-clock time:                 56.067 seconds
==================================================================================
