
================================================================================
          _____________ ________ _______________ ________     _________         
         / ___________// ______ \\_____   _____// ______ \   / ________)        
        / /_________  / /      \ \     | |     / /      \ \ | (_______          
       |  __________|| |        | |    | |    | |        | | \________ \        
        \ \_________ | |        | |    | |     \ \______/ /___________) |       
         \__________||_|        |_|    |_|      \________//____________/        
                                                                                
====================================[ Qcore ]===================================

 Git describe: 2.3.0-1-g21d9df7e5
 Compiler:     GNU 9.1.0
 Build type:   Release
 Version:      2.3.0-1-g21d9df7e5

 Start time:   Tue Oct 26 14:06:26 2021

 Data directory: /work/zw18965/.local/qcore/share/entos/qcore/data
 Number of threads: 24
 Number of threads was determined by: command line argument

 --------------------------------------------------------------------------------
                                   command: dft                                  
 --------------------------------------------------------------------------------
 AO basis set:                           def2-tzvppd
 Number of AO basis functions:         500

 Formula:                                C8H12
 Nuclear charge:                        60.000000000
 Total charge:                           0.000000000
 Number of electrons:                   60.000000000

 Number of alpha electrons:             30
 Number of beta electrons:              30
 Number of unpaired electrons:           0
 Spin:                                   0
 Multiplicity:                           singlet

 Theory:                                 dft
 Exchange-correlation functional:        0.5 b88 + 0.75 lyp
 Method for Coulomb:                     incore_df
 Method for exact exchange:              pre_transformed_df
 Integral threshold:                     1.00e-12
 DF basis set:                           def2-universal-jkfit
 Number of DF basis functions:         816
 Schwarz screening threshold:            1.00e-10
 Coulomb fitting method:                 Cholesky

 ------------------
  UW12 Correlation 
 ------------------
 Factor for UW12 correlation:            1.000000000
 Opposite spin scale factor:             0.250000000
 Same spin scale factor:                 0.500000000
 Calculate indirect contribution:        true
 Method for three electron term:         df_ri
 Auxiliary RI basis set:                 Def2-TZVPPD-RI
 Number of RI basis functions:        1204
 Gaussians in geminal expansion:        10
 UW12 screening threshold:               1.00e-12
 Method for density-fitting:             w(r)
 Number of core spatial orbitals:        8

 Total number of grid points:       125080
 Method for AO orthogonalization:        symmetric
 Threshold for linear dependence:        1.00e-08
 D3BJ dispersion energy:                -0.015582885

 -------------------------------------
  Running restricted closed-shell SCF 
 -------------------------------------
 Max number of iterations:             128
 Conv. threshold (gradient):             1.00e-05
 Conv. threshold (energy):               1.00e-06
 Interpolation scheme:                   adiis+cdiis
 Initial guess:                          SAD

 ---------------------------------------------------------------
                  energy        change          grad        time
 ---------------------------------------------------------------
   0      -314.668575515                    1.92e+01      283.04
   1      -311.734479838      2.93e+00      1.94e+00       91.12
   2      -311.646662860      8.78e-02      2.25e+00       91.16
   3      -312.096454620     -4.50e-01      1.68e-01       91.51
   4      -312.097586685     -1.13e-03      1.24e-01       91.90
   5      -312.098097159     -5.10e-04      8.97e-02       91.71
   6      -312.098286204     -1.89e-04      6.59e-02       91.65
   7      -312.098437729     -1.52e-04      1.12e-03       91.64
   8      -312.098437780     -5.13e-08      4.81e-04       92.27
   9      -312.098437785     -5.08e-09      5.25e-05       91.93
  10      -312.098437784      8.73e-10      2.68e-05       91.68
  11      -312.098437787     -2.53e-09      9.04e-06       91.74

 SCF converged in 11 iterations.

 Dipole moment (in Debye):               0.000051       0.000004       0.238873

 Quadrupole moment (in Debye-Angstrom):
                  1            2            3
 1       -47.262745    -2.043628     0.000128
 2        -2.043628   -51.195571    -0.000152
 3         0.000128    -0.000152   -50.700568

 Spin-squared expectation <S^2>:         0.000
 Total spin quantum number S:            0.000
 TOTAL ENERGY:                        -312.098437784

 --------------------------------------------------------------------------------

 End time:                               Tue Oct 26 14:29:34 2021
 Total wall-clock time:               1387.743 seconds
==================================================================================
