
================================================================================
          _____________ ________ _______________ ________     _________         
         / ___________// ______ \\_____   _____// ______ \   / ________)        
        / /_________  / /      \ \     | |     / /      \ \ | (_______          
       |  __________|| |        | |    | |    | |        | | \________ \        
        \ \_________ | |        | |    | |     \ \______/ /___________) |       
         \__________||_|        |_|    |_|      \________//____________/        
                                                                                
====================================[ Qcore ]===================================

 Git describe: 2.3.0-1-g21d9df7e5
 Compiler:     GNU 9.1.0
 Build type:   Release
 Version:      2.3.0-1-g21d9df7e5

 Start time:   Wed Oct 27 12:42:57 2021

 Data directory: /work/zw18965/.local/qcore/share/entos/qcore/data
 Number of threads: 24
 Number of threads was determined by: command line argument
  - More threads can be used by running 'qcore -n 32'

 --------------------------------------------------------------------------------
                                   command: dft                                  
 --------------------------------------------------------------------------------
 AO basis set:                           def2-tzvppd
 Number of AO basis functions:         738
 ECP on atom 1 (Mo):                     28 electrons

 Formula:                                C12H14Mo
 Nuclear charge:                       128.000000000
 Total charge:                           0.000000000
 Number of core electrons:              28
 Number of treated electrons:          100

 Number of alpha electrons:             50
 Number of beta electrons:              50
 Number of unpaired electrons:           0
 Spin:                                   0
 Multiplicity:                           singlet

 Theory:                                 dft
 Exchange-correlation functional:        0.5 b88 + 0.75 lyp
 Method for Coulomb:                     incore_df
 Method for exact exchange:              pre_transformed_df
 Integral threshold:                     1.00e-12
 DF basis set:                           def2-universal-jkfit
 Number of DF basis functions:        1407
 Schwarz screening threshold:            1.00e-10
 Coulomb fitting method:                 Cholesky

 ------------------
  UW12 Correlation 
 ------------------
 Factor for UW12 correlation:            1.000000000
 Opposite spin scale factor:             0.250000000
 Same spin scale factor:                 0.500000000
 Calculate indirect contribution:        true
 Method for three electron term:         df_ri
 Auxiliary RI basis set:                 Def2-TZVPPD-RI
 Number of RI basis functions:        1826
 Gaussians in geminal expansion:        10
 UW12 screening threshold:               1.00e-12
 Method for density-fitting:             w(r)
 Number of core spatial orbitals:       16

 Total number of grid points:       172330
 Method for AO orthogonalization:        symmetric
 Threshold for linear dependence:        1.00e-08
 D3BJ dispersion energy:                -0.032907491

 -------------------------------------
  Running restricted closed-shell SCF 
 -------------------------------------
 Max number of iterations:             128
 Conv. threshold (gradient):             1.00e-05
 Conv. threshold (energy):               1.00e-06
 Interpolation scheme:                   adiis+cdiis
 Initial guess:                          SAD

 ---------------------------------------------------------------
                  energy        change          grad        time
 ---------------------------------------------------------------
   0      -538.961865527                    4.28e+01     3769.02
   1      -532.661678352      6.30e+00      7.44e+00      771.98
   2      -526.542779801      6.12e+00      2.76e+01      775.95
   3      -533.594708384     -7.05e+00      2.79e+00      740.04
   4      -533.886172863     -2.91e-01      1.08e+00      767.17
   5      -533.921489033     -3.53e-02      7.86e-01      928.66
   6      -533.939894566     -1.84e-02      1.12e+00      772.27
   7      -533.910372467      2.95e-02      2.29e+00      746.94
   8      -533.950768617     -4.04e-02      4.10e-01      823.12
   9      -533.952965215     -2.20e-03      2.34e-01      878.69
  10      -533.951900122      1.07e-03      4.10e-01      769.11
  11      -533.953915893     -2.02e-03      1.66e-01      801.39
  12      -533.953438639      4.77e-04      2.58e-01      767.14
  13      -533.954139322     -7.01e-04      2.43e-02      762.26
  14      -533.954135141      4.18e-06      4.70e-02      771.93
  15      -533.954159594     -2.45e-05      1.32e-04      766.09
  16      -533.954159580      1.40e-08      9.52e-05      844.21
  17      -533.954159629     -4.95e-08      1.50e-05      755.36
  18      -533.954159626      3.12e-09      1.12e-05      787.99
  19      -533.954159628     -1.57e-09      8.57e-06      837.92

 SCF converged in 19 iterations.

 Dipole moment (in Debye):              -0.000771      -1.264885       0.029933

 Quadrupole moment (in Debye-Angstrom):
                  1            2            3
 1       -96.160594    -0.035630     0.445137
 2        -0.035630   -92.562557    -0.006923
 3         0.445137    -0.006923   -89.355248

 Spin-squared expectation <S^2>:         0.000
 Total spin quantum number S:            0.000
 TOTAL ENERGY:                        -533.954159619

 --------------------------------------------------------------------------------

 End time:                               Wed Oct 27 18:10:36 2021
 Total wall-clock time:              19659.161 seconds
==================================================================================
