
================================================================================
          _____________ ________ _______________ ________     _________         
         / ___________// ______ \\_____   _____// ______ \   / ________)        
        / /_________  / /      \ \     | |     / /      \ \ | (_______          
       |  __________|| |        | |    | |    | |        | | \________ \        
        \ \_________ | |        | |    | |     \ \______/ /___________) |       
         \__________||_|        |_|    |_|      \________//____________/        
                                                                                
====================================[ Qcore ]===================================

 Git describe: 2.3.0-1-g21d9df7e5
 Compiler:     GNU 9.1.0
 Build type:   Release
 Version:      2.3.0-1-g21d9df7e5

 Start time:   Tue Oct 26 14:39:29 2021

 Data directory: /work/zw18965/.local/qcore/share/entos/qcore/data
 Number of threads: 24
 Number of threads was determined by: command line argument

 --------------------------------------------------------------------------------
                                   command: dft                                  
 --------------------------------------------------------------------------------
 AO basis set:                           def2-tzvppd
 Number of AO basis functions:         590

 Formula:                                C6H16P2
 Nuclear charge:                        82.000000000
 Total charge:                           0.000000000
 Number of electrons:                   82.000000000

 Number of alpha electrons:             41
 Number of beta electrons:              41
 Number of unpaired electrons:           0
 Spin:                                   0
 Multiplicity:                           singlet

 Theory:                                 dft
 Exchange-correlation functional:        0.5 b88 + 0.75 lyp
 Method for Coulomb:                     incore_df
 Method for exact exchange:              pre_transformed_df
 Integral threshold:                     1.00e-12
 DF basis set:                           def2-universal-jkfit
 Number of DF basis functions:         994
 Schwarz screening threshold:            1.00e-10
 Coulomb fitting method:                 Cholesky

 ------------------
  UW12 Correlation 
 ------------------
 Factor for UW12 correlation:            1.000000000
 Opposite spin scale factor:             0.250000000
 Same spin scale factor:                 0.500000000
 Calculate indirect contribution:        true
 Method for three electron term:         df_ri
 Auxiliary RI basis set:                 Def2-TZVPPD-RI
 Number of RI basis functions:        1454
 Gaussians in geminal expansion:        10
 UW12 screening threshold:               1.00e-12
 Method for density-fitting:             w(r)
 Number of core spatial orbitals:       16

 Total number of grid points:       149740
 Method for AO orthogonalization:        symmetric
 Threshold for linear dependence:        1.00e-08
 D3BJ dispersion energy:                -0.019942850

 -------------------------------------
  Running restricted closed-shell SCF 
 -------------------------------------
 Max number of iterations:             128
 Conv. threshold (gradient):             1.00e-05
 Conv. threshold (energy):               1.00e-06
 Interpolation scheme:                   adiis+cdiis
 Initial guess:                          SAD

 ---------------------------------------------------------------
                  energy        change          grad        time
 ---------------------------------------------------------------
   0      -922.661082430                    1.98e+01      646.11
   1      -920.434141571      2.23e+00      2.21e+00      230.68
   2      -920.397889679      3.63e-02      2.52e+00      230.79
   3      -920.868087947     -4.70e-01      1.98e-01      229.74
   4      -920.867732322      3.56e-04      2.77e-01      230.12
   5      -920.870848827     -3.12e-03      3.71e-02      230.61
   6      -920.870842916      5.91e-06      4.50e-02      230.79
   7      -920.870894872     -5.20e-05      1.15e-03      230.83
   8      -920.870895041     -1.69e-07      6.70e-04      231.03
   9      -920.870895082     -4.04e-08      8.29e-05      230.76
  10      -920.870895089     -7.22e-09      1.35e-05      231.67
  11      -920.870895089     -6.58e-10      4.28e-06      230.98

 SCF converged in 11 iterations.

 Dipole moment (in Debye):              -0.000030       0.000011       1.729137

 Quadrupole moment (in Debye-Angstrom):
                  1            2            3
 1       -67.122885     4.072292     0.000183
 2         4.072292   -69.630801    -0.000138
 3         0.000183    -0.000138   -70.468570

 Spin-squared expectation <S^2>:         0.000
 Total spin quantum number S:            0.000
 TOTAL ENERGY:                        -920.870895099

 --------------------------------------------------------------------------------

 End time:                               Tue Oct 26 15:36:31 2021
 Total wall-clock time:               3421.623 seconds
==================================================================================
