
================================================================================
          _____________ ________ _______________ ________     _________         
         / ___________// ______ \\_____   _____// ______ \   / ________)        
        / /_________  / /      \ \     | |     / /      \ \ | (_______          
       |  __________|| |        | |    | |    | |        | | \________ \        
        \ \_________ | |        | |    | |     \ \______/ /___________) |       
         \__________||_|        |_|    |_|      \________//____________/        
                                                                                
====================================[ Qcore ]===================================

 Git describe: 2.3.0-1-g21d9df7e5
 Compiler:     GNU 9.1.0
 Build type:   Release
 Version:      2.3.0-1-g21d9df7e5

 Start time:   Wed Oct 27 12:42:56 2021

 Data directory: /work/zw18965/.local/qcore/share/entos/qcore/data
 Number of threads: 24
 Number of threads was determined by: command line argument

 --------------------------------------------------------------------------------
                                   command: dft                                  
 --------------------------------------------------------------------------------
 AO basis set:                           def2-tzvppd
 Number of AO basis functions:         811
 ECP on atom 1 (Ir):                     60 electrons

 Formula:                                C7H18OP2ClIr
 Nuclear charge:                       192.000000000
 Total charge:                           0.000000000
 Number of core electrons:              60
 Number of treated electrons:          132

 Number of alpha electrons:             66
 Number of beta electrons:              66
 Number of unpaired electrons:           0
 Spin:                                   0
 Multiplicity:                           singlet

 Theory:                                 dft
 Exchange-correlation functional:        0.5 b88 + 0.75 lyp
 Method for Coulomb:                     incore_df
 Method for exact exchange:              pre_transformed_df
 Integral threshold:                     1.00e-12
 DF basis set:                           def2-universal-jkfit
 Number of DF basis functions:        1537
 Schwarz screening threshold:            1.00e-10
 Coulomb fitting method:                 Cholesky

 ------------------
  UW12 Correlation 
 ------------------
 Factor for UW12 correlation:            1.000000000
 Opposite spin scale factor:             0.250000000
 Same spin scale factor:                 0.500000000
 Calculate indirect contribution:        true
 Method for three electron term:         df_ri
 Auxiliary RI basis set:                 Def2-TZVPPD-RI
 Number of RI basis functions:        2048
 Gaussians in geminal expansion:        10
 UW12 screening threshold:               1.00e-12
 Method for density-fitting:             w(r)
 Number of core spatial orbitals:       27

 Total number of grid points:       191878
 Method for AO orthogonalization:        symmetric
 Threshold for linear dependence:        1.00e-08
 D3BJ dispersion energy:                -0.037367919

 -------------------------------------
  Running restricted closed-shell SCF 
 -------------------------------------
 Max number of iterations:             128
 Conv. threshold (gradient):             1.00e-05
 Conv. threshold (energy):               1.00e-06
 Interpolation scheme:                   adiis+cdiis
 Initial guess:                          SAD

 ---------------------------------------------------------------
                  energy        change          grad        time
 ---------------------------------------------------------------
   0     -1602.712034220                    9.24e+01     8275.42
   1     -1599.651881012      3.06e+00      2.18e+00     1681.63
   2     -1599.696133755     -4.43e-02      1.92e+00     1731.41
   3     -1600.099058561     -4.03e-01      7.72e-01     1713.32
   4     -1600.008079089      9.10e-02      1.90e+00     1692.30
   5     -1600.109953066     -1.02e-01      5.39e-01     1736.78
   6     -1600.117375873     -7.42e-03      1.61e-01     1749.77
   7     -1600.116523929      8.52e-04      2.33e-01     1726.31
   8     -1600.118022329     -1.50e-03      4.64e-02     1692.52
   9     -1600.117829908      1.92e-04      6.89e-02     1716.45
  10     -1600.118053075     -2.23e-04      6.97e-04     1728.79
  11     -1600.118053537     -4.62e-07      1.10e-04     1730.28
  12     -1600.118053525      1.18e-08      6.13e-05     1736.50
  13     -1600.118053566     -4.11e-08      1.55e-05     1748.50
  14     -1600.118053566      2.46e-10      4.37e-06     1702.80

 SCF converged in 14 iterations.

 Dipole moment (in Debye):               0.000498       0.929975       0.010774

 Quadrupole moment (in Debye-Angstrom):
                  1            2            3
 1       -88.697077    -0.008736    -0.000933
 2        -0.008736  -129.029048    -0.002607
 3        -0.000933    -0.002607  -112.342203

 Spin-squared expectation <S^2>:         0.000
 Total spin quantum number S:            0.000
 TOTAL ENERGY:                       -1600.118053561

 --------------------------------------------------------------------------------

 End time:                               Wed Oct 27 22:11:24 2021
 Total wall-clock time:              34107.726 seconds
==================================================================================
