
================================================================================
          _____________ ________ _______________ ________     _________         
         / ___________// ______ \\_____   _____// ______ \   / ________)        
        / /_________  / /      \ \     | |     / /      \ \ | (_______          
       |  __________|| |        | |    | |    | |        | | \________ \        
        \ \_________ | |        | |    | |     \ \______/ /___________) |       
         \__________||_|        |_|    |_|      \________//____________/        
                                                                                
====================================[ Qcore ]===================================

 Git describe: 2.3.0-1-g21d9df7e5
 Compiler:     GNU 9.1.0
 Build type:   Release
 Version:      2.3.0-1-g21d9df7e5

 Start time:   Tue Oct 26 15:28:55 2021

 Data directory: /work/zw18965/.local/qcore/share/entos/qcore/data
 Number of threads: 24
 Number of threads was determined by: command line argument

 --------------------------------------------------------------------------------
                                   command: dft                                  
 --------------------------------------------------------------------------------
 AO basis set:                           def2-tzvppd
 Number of AO basis functions:         162

 Formula:                                C2H3N
 Nuclear charge:                        22.000000000
 Total charge:                           0.000000000
 Number of electrons:                   22.000000000

 Number of alpha electrons:             11
 Number of beta electrons:              11
 Number of unpaired electrons:           0
 Spin:                                   0
 Multiplicity:                           singlet

 Theory:                                 dft
 Exchange-correlation functional:        0.5 b88 + 0.75 lyp
 Method for Coulomb:                     incore_df
 Method for exact exchange:              pre_transformed_df
 Integral threshold:                     1.00e-12
 DF basis set:                           def2-universal-jkfit
 Number of DF basis functions:         281
 Schwarz screening threshold:            1.00e-10
 Coulomb fitting method:                 Cholesky

 ------------------
  UW12 Correlation 
 ------------------
 Factor for UW12 correlation:            1.000000000
 Opposite spin scale factor:             0.250000000
 Same spin scale factor:                 0.500000000
 Calculate indirect contribution:        true
 Method for three electron term:         df_ri
 Auxiliary RI basis set:                 Def2-TZVPPD-RI
 Number of RI basis functions:         393
 Gaussians in geminal expansion:        10
 UW12 screening threshold:               1.00e-12
 Method for density-fitting:             w(r)
 Number of core spatial orbitals:        3

 Total number of grid points:        38070
 Method for AO orthogonalization:        symmetric
 Threshold for linear dependence:        1.00e-08
 D3BJ dispersion energy:                -0.002100235

 -------------------------------------
  Running restricted closed-shell SCF 
 -------------------------------------
 Max number of iterations:             128
 Conv. threshold (gradient):             1.00e-05
 Conv. threshold (energy):               1.00e-06
 Interpolation scheme:                   adiis+cdiis
 Initial guess:                          SAD

 ---------------------------------------------------------------
                  energy        change          grad        time
 ---------------------------------------------------------------
   0      -133.351871910                    1.11e+01        2.25
   1      -132.691513281      6.60e-01      1.07e+00        0.65
   2      -132.698390535     -6.88e-03      1.39e+00        0.63
   3      -132.771824923     -7.34e-02      5.35e-01        0.63
   4      -132.749141769      2.27e-02      9.50e-01        0.64
   5      -132.782717191     -3.36e-02      1.95e-01        0.64
   6      -132.782677543      3.96e-05      1.95e-01        0.61
   7      -132.784105186     -1.43e-03      3.51e-03        0.61
   8      -132.784105542     -3.56e-07      2.52e-03        0.63
   9      -132.784106077     -5.35e-07      3.32e-05        0.60
  10      -132.784106078     -2.27e-10      1.71e-05        0.61
  11      -132.784106078     -1.97e-10      8.47e-07        0.64

 SCF converged in 11 iterations.

 Dipole moment (in Debye):              -4.091294      -0.238160       0.151797

 Quadrupole moment (in Debye-Angstrom):
                  1            2            3
 1       -20.778113    -0.185790     0.118369
 2        -0.185790   -17.597862     0.006922
 3         0.118369     0.006922   -17.591398

 Spin-squared expectation <S^2>:         0.000
 Total spin quantum number S:            0.000
 TOTAL ENERGY:                        -132.784106078

 --------------------------------------------------------------------------------

 End time:                               Tue Oct 26 15:29:06 2021
 Total wall-clock time:                 11.311 seconds
==================================================================================
