
================================================================================
          _____________ ________ _______________ ________     _________         
         / ___________// ______ \\_____   _____// ______ \   / ________)        
        / /_________  / /      \ \     | |     / /      \ \ | (_______          
       |  __________|| |        | |    | |    | |        | | \________ \        
        \ \_________ | |        | |    | |     \ \______/ /___________) |       
         \__________||_|        |_|    |_|      \________//____________/        
                                                                                
====================================[ Qcore ]===================================

 Git describe: 2.3.0-1-g21d9df7e5
 Compiler:     GNU 9.1.0
 Build type:   Release
 Version:      2.3.0-1-g21d9df7e5

 Start time:   Tue Oct 26 15:35:42 2021

 Data directory: /work/zw18965/.local/qcore/share/entos/qcore/data
 Number of threads: 24
 Number of threads was determined by: command line argument

 --------------------------------------------------------------------------------
                                   command: dft                                  
 --------------------------------------------------------------------------------
 AO basis set:                           def2-tzvppd
 Number of AO basis functions:         529

 Formula:                                C6O6Cr
 Nuclear charge:                       108.000000000
 Total charge:                           0.000000000
 Number of electrons:                  108.000000000

 Number of alpha electrons:             54
 Number of beta electrons:              54
 Number of unpaired electrons:           0
 Spin:                                   0
 Multiplicity:                           singlet

 Theory:                                 dft
 Exchange-correlation functional:        0.5 b88 + 0.75 lyp
 Method for Coulomb:                     incore_df
 Method for exact exchange:              pre_transformed_df
 Integral threshold:                     1.00e-12
 DF basis set:                           def2-universal-jkfit
 Number of DF basis functions:        1176
 Schwarz screening threshold:            1.00e-10
 Coulomb fitting method:                 Cholesky

 ------------------
  UW12 Correlation 
 ------------------
 Factor for UW12 correlation:            1.000000000
 Opposite spin scale factor:             0.250000000
 Same spin scale factor:                 0.500000000
 Calculate indirect contribution:        true
 Method for three electron term:         df_ri
 Auxiliary RI basis set:                 Def2-TZVPPD-RI
 Number of RI basis functions:        1329
 Gaussians in geminal expansion:        10
 UW12 screening threshold:               1.00e-12
 Method for density-fitting:             w(r)
 Number of core spatial orbitals:       21

 Total number of grid points:        90292
 Method for AO orthogonalization:        symmetric
 Threshold for linear dependence:        1.00e-08
 D3BJ dispersion energy:                -0.018034646

 -------------------------------------
  Running restricted closed-shell SCF 
 -------------------------------------
 Max number of iterations:             128
 Conv. threshold (gradient):             1.00e-05
 Conv. threshold (energy):               1.00e-06
 Interpolation scheme:                   adiis+cdiis
 Initial guess:                          SAD

 ---------------------------------------------------------------
                  energy        change          grad        time
 ---------------------------------------------------------------
   0     -1727.641205568                    3.49e+01      879.06
   1     -1723.225585880      4.42e+00      1.09e+01      359.05
   2     -1697.917711957      2.53e+01      3.67e+01      375.42
   3     -1719.975625691     -2.21e+01      2.61e+01      376.57
   4     -1724.497326909     -4.52e+00      3.53e+00      372.06
   5     -1724.474745799      2.26e-02      2.70e+00      372.66
   6     -1724.651977983     -1.77e-01      3.03e+00      374.66
   7     -1724.482105064      1.70e-01      6.14e+00      370.31
   8     -1724.684016736     -2.02e-01      2.04e+00      377.94
   9     -1724.699333736     -1.53e-02      8.48e-01      371.19
  10     -1724.708889341     -9.56e-03      6.04e-01      376.00
  11     -1724.709930782     -1.04e-03      5.83e-01      372.97
  12     -1724.710295441     -3.65e-04      6.20e-01      374.07
  13     -1724.712357468     -2.06e-03      1.12e-01      374.12
  14     -1724.712510036     -1.53e-04      5.14e-02      375.12
  15     -1724.712620727     -1.11e-04      1.98e-01      375.62
  16     -1724.712761555     -1.41e-04      1.63e-04      378.73
  17     -1724.712761465      8.99e-08      4.35e-06      375.41

 SCF converged in 17 iterations.

 Dipole moment (in Debye):              -0.000093       0.000024      -0.000089

 Quadrupole moment (in Debye-Angstrom):
                  1            2            3
 1       -83.979802    -0.000103     0.000283
 2        -0.000103   -83.979493     0.000051
 3         0.000283     0.000051   -83.979512

 Spin-squared expectation <S^2>:         0.000
 Total spin quantum number S:            0.000
 TOTAL ENERGY:                       -1724.712761464

 --------------------------------------------------------------------------------

 End time:                               Tue Oct 26 17:42:51 2021
 Total wall-clock time:               7628.678 seconds
==================================================================================
