
================================================================================
          _____________ ________ _______________ ________     _________         
         / ___________// ______ \\_____   _____// ______ \   / ________)        
        / /_________  / /      \ \     | |     / /      \ \ | (_______          
       |  __________|| |        | |    | |    | |        | | \________ \        
        \ \_________ | |        | |    | |     \ \______/ /___________) |       
         \__________||_|        |_|    |_|      \________//____________/        
                                                                                
====================================[ Qcore ]===================================

 Git describe: 2.3.0-1-g21d9df7e5
 Compiler:     GNU 9.1.0
 Build type:   Release
 Version:      2.3.0-1-g21d9df7e5

 Start time:   Tue Oct 26 15:32:40 2021

 Data directory: /work/zw18965/.local/qcore/share/entos/qcore/data
 Number of threads: 24
 Number of threads was determined by: command line argument

 --------------------------------------------------------------------------------
                                   command: dft                                  
 --------------------------------------------------------------------------------
 AO basis set:                           def2-tzvppd
 Number of AO basis functions:         381

 Formula:                                C6H6Se
 Nuclear charge:                        76.000000000
 Total charge:                           0.000000000
 Number of electrons:                   76.000000000

 Number of alpha electrons:             38
 Number of beta electrons:              38
 Number of unpaired electrons:           0
 Spin:                                   0
 Multiplicity:                           singlet

 Theory:                                 dft
 Exchange-correlation functional:        0.5 b88 + 0.75 lyp
 Method for Coulomb:                     incore_df
 Method for exact exchange:              pre_transformed_df
 Integral threshold:                     1.00e-12
 DF basis set:                           def2-universal-jkfit
 Number of DF basis functions:         824
 Schwarz screening threshold:            1.00e-10
 Coulomb fitting method:                 Cholesky

 ------------------
  UW12 Correlation 
 ------------------
 Factor for UW12 correlation:            1.000000000
 Opposite spin scale factor:             0.250000000
 Same spin scale factor:                 0.500000000
 Calculate indirect contribution:        true
 Method for three electron term:         df_ri
 Auxiliary RI basis set:                 Def2-TZVPPD-RI
 Number of RI basis functions:         961
 Gaussians in geminal expansion:        10
 UW12 screening threshold:               1.00e-12
 Method for density-fitting:             w(r)
 Number of core spatial orbitals:       15

 Total number of grid points:        84112
 Method for AO orthogonalization:        symmetric
 Threshold for linear dependence:        1.00e-08
 D3BJ dispersion energy:                -0.012063834

 -------------------------------------
  Running restricted closed-shell SCF 
 -------------------------------------
 Max number of iterations:             128
 Conv. threshold (gradient):             1.00e-05
 Conv. threshold (energy):               1.00e-06
 Interpolation scheme:                   adiis+cdiis
 Initial guess:                          SAD

 ---------------------------------------------------------------
                  energy        change          grad        time
 ---------------------------------------------------------------
   0     -2636.016280596                    1.64e+01      187.17
   1     -2633.712180902      2.30e+00      1.54e+00       68.57
   2     -2633.557148929      1.55e-01      2.12e+00       67.78
   3     -2634.005421763     -4.48e-01      1.99e-01       69.24
   4     -2634.004977769      4.44e-04      2.12e-01       69.11
   5     -2634.008376239     -3.40e-03      5.27e-02       69.42
   6     -2634.008252380      1.24e-04      8.06e-02       70.46
   7     -2634.008539193     -2.87e-04      2.27e-03       68.98
   8     -2634.008539721     -5.27e-07      1.94e-03       68.74
   9     -2634.008540560     -8.40e-07      2.09e-04       68.98
  10     -2634.008540502      5.85e-08      1.42e-04       68.98
  11     -2634.008540490      1.16e-08      4.37e-05       68.24
  12     -2634.008540496     -5.56e-09      1.35e-05       68.40
  13     -2634.008540502     -6.36e-09      4.21e-06       68.53

 SCF converged in 13 iterations.

 Dipole moment (in Debye):               0.860083       0.529304       0.000002

 Quadrupole moment (in Debye-Angstrom):
                  1            2            3
 1       -49.893059    -1.622587    -0.000008
 2        -1.622587   -47.272704    -0.000004
 3        -0.000008    -0.000004   -59.299411

 Spin-squared expectation <S^2>:         0.000
 Total spin quantum number S:            0.000
 TOTAL ENERGY:                       -2634.008540500

 --------------------------------------------------------------------------------

 End time:                               Tue Oct 26 15:52:12 2021
 Total wall-clock time:               1171.492 seconds
==================================================================================
