
================================================================================
          _____________ ________ _______________ ________     _________         
         / ___________// ______ \\_____   _____// ______ \   / ________)        
        / /_________  / /      \ \     | |     / /      \ \ | (_______          
       |  __________|| |        | |    | |    | |        | | \________ \        
        \ \_________ | |        | |    | |     \ \______/ /___________) |       
         \__________||_|        |_|    |_|      \________//____________/        
                                                                                
====================================[ Qcore ]===================================

 Git describe: 2.3.0-1-g21d9df7e5
 Compiler:     GNU 9.1.0
 Build type:   Release
 Version:      2.3.0-1-g21d9df7e5

 Start time:   Tue Oct 26 15:36:37 2021

 Data directory: /work/zw18965/.local/qcore/share/entos/qcore/data
 Number of threads: 24
 Number of threads was determined by: command line argument

 --------------------------------------------------------------------------------
                                   command: dft                                  
 --------------------------------------------------------------------------------
 AO basis set:                           def2-tzvppd
 Number of AO basis functions:         546

 Formula:                                C6HO6Mn
 Nuclear charge:                       110.000000000
 Total charge:                           0.000000000
 Number of electrons:                  110.000000000

 Number of alpha electrons:             55
 Number of beta electrons:              55
 Number of unpaired electrons:           0
 Spin:                                   0
 Multiplicity:                           singlet

 Theory:                                 dft
 Exchange-correlation functional:        0.5 b88 + 0.75 lyp
 Method for Coulomb:                     incore_df
 Method for exact exchange:              pre_transformed_df
 Integral threshold:                     1.00e-12
 DF basis set:                           def2-universal-jkfit
 Number of DF basis functions:        1194
 Schwarz screening threshold:            1.00e-10
 Coulomb fitting method:                 Cholesky

 ------------------
  UW12 Correlation 
 ------------------
 Factor for UW12 correlation:            1.000000000
 Opposite spin scale factor:             0.250000000
 Same spin scale factor:                 0.500000000
 Calculate indirect contribution:        true
 Method for three electron term:         df_ri
 Auxiliary RI basis set:                 Def2-TZVPPD-RI
 Number of RI basis functions:        1368
 Gaussians in geminal expansion:        10
 UW12 screening threshold:               1.00e-12
 Method for density-fitting:             w(r)
 Number of core spatial orbitals:       21

 Total number of grid points:        96290
 Method for AO orthogonalization:        symmetric
 Threshold for linear dependence:        1.00e-08
 D3BJ dispersion energy:                -0.016289896

 -------------------------------------
  Running restricted closed-shell SCF 
 -------------------------------------
 Max number of iterations:             128
 Conv. threshold (gradient):             1.00e-05
 Conv. threshold (energy):               1.00e-06
 Interpolation scheme:                   adiis+cdiis
 Initial guess:                          SAD

 ---------------------------------------------------------------
                  energy        change          grad        time
 ---------------------------------------------------------------
   0     -1835.282832220                    3.45e+01      989.66
   1     -1831.635064817      3.65e+00      1.98e+00      425.94
   2     -1831.427425071      2.08e-01      4.24e+00      423.46
   3     -1831.376683977      5.07e-02      6.97e+00      421.94
   4     -1831.690067422     -3.13e-01      3.99e+00      427.19
   5     -1831.772423484     -8.24e-02      1.72e+00      405.48
   6     -1831.761731529      1.07e-02      2.06e+00      422.68
   7     -1831.817198022     -5.55e-02      6.82e-01      423.40
   8     -1831.785805903      3.14e-02      2.13e+00      424.31
   9     -1831.816647733     -3.08e-02      7.21e-01      422.99
  10     -1831.821358549     -4.71e-03      1.81e-01      423.98
  11     -1831.820403143      9.55e-04      2.63e-01      425.32
  12     -1831.821102782     -7.00e-04      2.13e-01      400.59
  13     -1831.821232603     -1.30e-04      1.50e-01      427.34
  14     -1831.821586520     -3.54e-04      3.69e-02      425.22
  15     -1831.821474791      1.12e-04      8.66e-02      425.10
  16     -1831.821579498     -1.05e-04      4.79e-05      429.44
  17     -1831.821579517     -1.89e-08      3.72e-05      422.59
  18     -1831.821579500      1.68e-08      6.78e-06      424.20

 SCF converged in 18 iterations.

 Dipole moment (in Debye):               1.999724      -0.001940       0.004633

 Quadrupole moment (in Debye-Angstrom):
                  1            2            3
 1       -90.433010     0.017155    -2.825292
 2         0.017155   -82.541842    -0.005940
 3        -2.825292    -0.005940   -80.457651

 Spin-squared expectation <S^2>:         0.000
 Total spin quantum number S:            0.000
 TOTAL ENERGY:                       -1831.821579506

 --------------------------------------------------------------------------------

 End time:                               Tue Oct 26 18:07:17 2021
 Total wall-clock time:               9040.229 seconds
==================================================================================
