
================================================================================
          _____________ ________ _______________ ________     _________         
         / ___________// ______ \\_____   _____// ______ \   / ________)        
        / /_________  / /      \ \     | |     / /      \ \ | (_______          
       |  __________|| |        | |    | |    | |        | | \________ \        
        \ \_________ | |        | |    | |     \ \______/ /___________) |       
         \__________||_|        |_|    |_|      \________//____________/        
                                                                                
====================================[ Qcore ]===================================

 Git describe: 2.3.0-1-g21d9df7e5
 Compiler:     GNU 9.1.0
 Build type:   Release
 Version:      2.3.0-1-g21d9df7e5

 Start time:   Tue Oct 26 15:27:59 2021

 Data directory: /work/zw18965/.local/qcore/share/entos/qcore/data
 Number of threads: 24
 Number of threads was determined by: command line argument

 --------------------------------------------------------------------------------
                                   command: dft                                  
 --------------------------------------------------------------------------------
 AO basis set:                           def2-tzvppd
 Number of AO basis functions:         118
 ECP on atom 1 (I):                      28 electrons
 ECP on atom 2 (I):                      28 electrons

 Formula:                                I2
 Nuclear charge:                       106.000000000
 Total charge:                           0.000000000
 Number of core electrons:              56
 Number of treated electrons:           50

 Number of alpha electrons:             25
 Number of beta electrons:              25
 Number of unpaired electrons:           0
 Spin:                                   0
 Multiplicity:                           singlet

 Theory:                                 dft
 Exchange-correlation functional:        0.5 b88 + 0.75 lyp
 Method for Coulomb:                     incore_df
 Method for exact exchange:              pre_transformed_df
 Integral threshold:                     1.00e-12
 DF basis set:                           def2-universal-jkfit
 Number of DF basis functions:         436
 Schwarz screening threshold:            1.00e-10
 Coulomb fitting method:                 Cholesky

 ------------------
  UW12 Correlation 
 ------------------
 Factor for UW12 correlation:            1.000000000
 Opposite spin scale factor:             0.250000000
 Same spin scale factor:                 0.500000000
 Calculate indirect contribution:        true
 Method for three electron term:         df_ri
 Auxiliary RI basis set:                 Def2-TZVPPD-RI
 Number of RI basis functions:         400
 Gaussians in geminal expansion:        10
 UW12 screening threshold:               1.00e-12
 Method for density-fitting:             w(r)
 Number of core spatial orbitals:        8

 Total number of grid points:        17740
 Method for AO orthogonalization:        symmetric
 Threshold for linear dependence:        1.00e-08
 D3BJ dispersion energy:                -0.002583498

 -------------------------------------
  Running restricted closed-shell SCF 
 -------------------------------------
 Max number of iterations:             128
 Conv. threshold (gradient):             1.00e-05
 Conv. threshold (energy):               1.00e-06
 Interpolation scheme:                   adiis+cdiis
 Initial guess:                          SAD

 ---------------------------------------------------------------
                  energy        change          grad        time
 ---------------------------------------------------------------
   0      -595.745542585                    2.15e+00       15.00
   1      -595.920721822     -1.75e-01      1.42e-01        2.48
   2      -595.921696561     -9.75e-04      6.99e-02        2.47
   3      -595.921535432      1.61e-04      8.42e-02        2.45
   4      -595.923064705     -1.53e-03      2.63e-03        2.48
   5      -595.923040777      2.39e-05      6.40e-04        2.49
   6      -595.923044970     -4.19e-06      1.01e-04        2.44
   7      -595.923044972     -2.22e-09      2.51e-05        2.48
   8      -595.923044999     -2.73e-08      9.33e-07        2.39

 SCF converged in 8 iterations.

 Dipole moment (in Debye):               0.000001       0.000001      -0.000001

 Quadrupole moment (in Debye-Angstrom):
                  1            2            3
 1       -54.135078     0.000000    -0.000000
 2         0.000000   -54.135078    -0.000000
 3        -0.000000    -0.000000   -47.037188

 Spin-squared expectation <S^2>:         0.000
 Total spin quantum number S:            0.000
 TOTAL ENERGY:                        -595.923044997

 --------------------------------------------------------------------------------

 End time:                               Tue Oct 26 15:28:50 2021
 Total wall-clock time:                 51.228 seconds
==================================================================================
