
================================================================================
          _____________ ________ _______________ ________     _________         
         / ___________// ______ \\_____   _____// ______ \   / ________)        
        / /_________  / /      \ \     | |     / /      \ \ | (_______          
       |  __________|| |        | |    | |    | |        | | \________ \        
        \ \_________ | |        | |    | |     \ \______/ /___________) |       
         \__________||_|        |_|    |_|      \________//____________/        
                                                                                
====================================[ Qcore ]===================================

 Git describe: 2.3.0-3-g778a55bfd
 Compiler:     GNU 9.3.0
 Build type:   Release
 Version:      2.3.0-3-g778a55bfd

 Start time:   Wed Nov  3 12:53:25 2021

 Data directory: /mnt/storage/scratch/zw18965/.local/qcore/share/entos/qcore/data
 Number of threads: 28
 Number of threads was determined by: command line argument

 --------------------------------------------------------------------------------
                                   command: dft                                  
 --------------------------------------------------------------------------------
 AO basis set:                           def2-tzvppd
 Number of AO basis functions:         773
 ECP on atom 1 (Mo):                     28 electrons

 Formula:                                C9H9N3O3Mo
 Nuclear charge:                       150.000000000
 Total charge:                           0.000000000
 Number of core electrons:              28
 Number of treated electrons:          122

 Number of alpha electrons:             61
 Number of beta electrons:              61
 Number of unpaired electrons:           0
 Spin:                                   0
 Multiplicity:                           singlet

 Theory:                                 dft
 Exchange-correlation functional:        0.5 b88 + 0.75 lyp
 Method for Coulomb:                     incore_df
 Method for exact exchange:              pre_transformed_df
 Integral threshold:                     1.00e-12
 DF basis set:                           def2-universal-jkfit
 Number of DF basis functions:        1554
 Schwarz screening threshold:            1.00e-10
 Coulomb fitting method:                 Cholesky

 ------------------
  UW12 Correlation 
 ------------------
 Factor for UW12 correlation:            1.000000000
 Opposite spin scale factor:             0.250000000
 Same spin scale factor:                 0.500000000
 Calculate indirect contribution:        true
 Method for three electron term:         df_ri
 Auxiliary RI basis set:                 Def2-TZVPPD-RI
 Number of RI basis functions:        1907
 Gaussians in geminal expansion:        10
 UW12 screening threshold:               1.00e-12
 Method for density-fitting:             w(r)
 Number of core spatial orbitals:       19

 Total number of grid points:       163712
 Method for AO orthogonalization:        symmetric
 Threshold for linear dependence:        1.00e-08
 D3BJ dispersion energy:                -0.026012638

 -------------------------------------
  Running restricted closed-shell SCF 
 -------------------------------------
 Max number of iterations:             128
 Conv. threshold (gradient):             1.00e-05
 Conv. threshold (energy):               1.00e-06
 Interpolation scheme:                   adiis+cdiis
 Initial guess:                          SAD

 ---------------------------------------------------------------
                  energy        change          grad        time
 ---------------------------------------------------------------
   0      -810.251596713                    2.42e+01     5894.64
   1      -809.829897977      4.22e-01      6.90e+00     1504.37
   2      -799.178047294      1.07e+01      2.83e+01     1567.05
   3      -809.830297667     -1.07e+01      8.77e+00     1532.63
   4      -810.690719209     -8.60e-01      1.44e+00     1521.89
   5      -810.544992867      1.46e-01      2.72e+00     1511.59
   6      -810.730646392     -1.86e-01      7.55e-01     1528.98
   7      -810.732110491     -1.46e-03      8.10e-01     1535.05
   8      -810.736249339     -4.14e-03      6.02e-01     1529.29
   9      -810.739090452     -2.84e-03      3.91e-01     1527.54
  10      -810.741002833     -1.91e-03      1.52e-01     1509.87
  11      -810.740780886      2.22e-04      2.41e-01     1528.46
  12      -810.741328160     -5.47e-04      1.39e-01     1535.58
  13      -810.741446945     -1.19e-04      1.34e-01     1561.67
  14      -810.741699811     -2.53e-04      2.18e-02     1522.07
  15      -810.741726367     -2.66e-05      4.40e-02     1547.05
  16      -810.741782233     -5.59e-05      1.53e-02     1519.94
  17      -810.741776339      5.89e-06      1.52e-02     1546.48
  18      -810.741779306     -2.97e-06      1.53e-02     1517.25
  19      -810.741784507     -5.20e-06      1.54e-02     1522.31
  20      -810.741779525      4.98e-06      1.53e-02     1531.41
  21      -810.741757411      2.21e-05      1.51e-02     1531.04
  22      -810.741567349      1.90e-04      1.49e-02     1534.12
  23      -810.741397801      1.70e-04      1.36e-02     1551.33
  24      -810.741383536      1.43e-05      1.29e-02     1536.54
  25      -810.741318033      6.55e-05      8.87e-03     1530.57
  26      -810.741277054      4.10e-05      8.02e-03     1573.20
  27      -810.741273627      3.43e-06      6.97e-03     1497.03
  28      -810.741272126      1.50e-06      4.98e-03     1539.28
  29      -810.741255543      1.66e-05      7.70e-03     1516.87
  30      -810.741254217      1.33e-06      3.96e-03     1578.95
  31      -810.741250036      4.18e-06      2.70e-03     1554.88
  32      -810.741245740      4.30e-06      1.68e-03     1564.27
  33      -810.741243893      1.85e-06      1.05e-03     1538.46
  34      -810.741242651      1.24e-06      8.89e-04     1556.01
  35      -810.741241644      1.01e-06      9.43e-04     1539.46
  36      -810.741241520      1.24e-07      8.18e-04     1536.10
  37      -810.741240884      6.36e-07      8.01e-04     1497.26
  38      -810.741240164      7.20e-07      7.58e-04     1519.76
  39      -810.741239907      2.57e-07      4.69e-04     1499.78
  40      -810.741239744      1.63e-07      4.22e-04     1536.10
  41      -810.741239707      3.72e-08      2.25e-04     1536.58
  42      -810.741239721     -1.43e-08      1.74e-04     1499.62
  43      -810.741239697      2.41e-08      1.51e-04     1553.07
  44      -810.741239705     -8.27e-09      1.00e-04     1558.40
  45      -810.741239732     -2.72e-08      8.19e-05     1535.87
  46      -810.741239731      1.25e-09      7.36e-05     1532.17
  47      -810.741239724      7.03e-09      6.65e-05     1521.02
  48      -810.741239744     -1.98e-08      5.73e-05     1572.59
  49      -810.741239741      2.82e-09      4.99e-05     1522.54
  50      -810.741239729      1.19e-08      3.85e-05     1507.46
  51      -810.741239739     -1.02e-08      3.19e-05     1550.23
  52      -810.741239730      9.54e-09      2.86e-05     1532.37
