
================================================================================
          _____________ ________ _______________ ________     _________         
         / ___________// ______ \\_____   _____// ______ \   / ________)        
        / /_________  / /      \ \     | |     / /      \ \ | (_______          
       |  __________|| |        | |    | |    | |        | | \________ \        
        \ \_________ | |        | |    | |     \ \______/ /___________) |       
         \__________||_|        |_|    |_|      \________//____________/        
                                                                                
====================================[ Qcore ]===================================

 Git describe: 2.3.0-3-g778a55bfd
 Compiler:     GNU 9.3.0
 Build type:   Release
 Version:      2.3.0-3-g778a55bfd

 Start time:   Wed Nov  3 12:32:18 2021

 Data directory: /mnt/storage/scratch/zw18965/.local/qcore/share/entos/qcore/data
 Number of threads: 28
 Number of threads was determined by: command line argument

 --------------------------------------------------------------------------------
                                   command: dft                                  
 --------------------------------------------------------------------------------
 AO basis set:                           def2-tzvppd
 Number of AO basis functions:         714
 ECP on atom 1 (Mo):                     28 electrons
 ECP on atom 22 (I):                     28 electrons
 ECP on atom 23 (I):                     28 electrons

 Formula:                                C10H10MoI2
 Nuclear charge:                       218.000000000
 Total charge:                           0.000000000
 Number of core electrons:              84
 Number of treated electrons:          134

 Number of alpha electrons:             67
 Number of beta electrons:              67
 Number of unpaired electrons:           0
 Spin:                                   0
 Multiplicity:                           singlet

 Theory:                                 dft
 Exchange-correlation functional:        0.5 b88 + 0.75 lyp
 Method for Coulomb:                     incore_df
 Method for exact exchange:              pre_transformed_df
 Integral threshold:                     1.00e-12
 DF basis set:                           def2-universal-jkfit
 Number of DF basis functions:        1621
 Schwarz screening threshold:            1.00e-10
 Coulomb fitting method:                 Cholesky

 ------------------
  UW12 Correlation 
 ------------------
 Factor for UW12 correlation:            1.000000000
 Opposite spin scale factor:             0.250000000
 Same spin scale factor:                 0.500000000
 Calculate indirect contribution:        true
 Method for three electron term:         df_ri
 Auxiliary RI basis set:                 Def2-TZVPPD-RI
 Number of RI basis functions:        1886
 Gaussians in geminal expansion:        10
 UW12 screening threshold:               1.00e-12
 Method for density-fitting:             w(r)
 Number of core spatial orbitals:       22

 Total number of grid points:       152910
 Method for AO orthogonalization:        symmetric
 Threshold for linear dependence:        1.00e-08
 D3BJ dispersion energy:                -0.040334440

 -------------------------------------
  Running restricted closed-shell SCF 
 -------------------------------------
 Max number of iterations:             128
 Conv. threshold (gradient):             1.00e-05
 Conv. threshold (energy):               1.00e-06
 Interpolation scheme:                   adiis+cdiis
 Initial guess:                          SAD

 ---------------------------------------------------------------
                  energy        change          grad        time
 ---------------------------------------------------------------
   0     -1055.486184747                    3.91e+01     9415.47
   1     -1049.837900132      5.65e+00      8.46e+00     1666.13
   2     -1040.483047470      9.35e+00      2.73e+01     1699.86
   3     -1050.295289465     -9.81e+00      8.90e+00     1703.31
   4     -1051.014007449     -7.19e-01      3.27e+00     1671.85
   5     -1050.737466545      2.77e-01      6.00e+00     1673.99
   6     -1051.080487394     -3.43e-01      1.56e+00     1673.15
   7     -1051.099636750     -1.91e-02      7.40e-01     1670.59
   8     -1051.104514298     -4.88e-03      2.39e-01     1663.45
   9     -1051.105242143     -7.28e-04      1.32e-01     1667.33
  10     -1051.104426703      8.15e-04      3.87e-01     1679.22
  11     -1051.105981519     -1.55e-03      4.74e-02     1698.57
  12     -1051.105699687      2.82e-04      1.64e-01     1701.09
  13     -1051.105988081     -2.88e-04      4.59e-03     1691.46
  14     -1051.105981178      6.90e-06      3.52e-03     1677.56
  15     -1051.105967559      1.36e-05      2.16e-03     1691.26
  16     -1051.105952214      1.53e-05      3.07e-03     1703.40
  17     -1051.105973060     -2.08e-05      2.37e-03     1688.33
  18     -1051.105940535      3.25e-05      6.68e-03     1695.11
  19     -1051.105958264     -1.77e-05      1.82e-03     1670.18
  20     -1051.105960278     -2.01e-06      1.45e-03     1682.13
  21     -1051.105964848     -4.57e-06      3.64e-04     1674.77
  22     -1051.105965475     -6.27e-07      2.41e-04     1680.29
  23     -1051.105967266     -1.79e-06      4.75e-04     1675.51
  24     -1051.105967518     -2.52e-07      5.57e-04     1685.52
  25     -1051.105965800      1.72e-06      2.16e-04     1717.55
  26     -1051.105965408      3.92e-07      3.76e-04     1696.55
  27     -1051.105964922      4.87e-07      2.14e-04     1681.89
  28     -1051.105965295     -3.73e-07      1.06e-04     1711.53
  29     -1051.105965727     -4.32e-07      8.37e-05     1672.67
  30     -1051.105965800     -7.36e-08      4.28e-05     1708.66
  31     -1051.105965786      1.44e-08      3.43e-05     1714.87
  32     -1051.105965968     -1.82e-07      2.57e-05     1714.20
  33     -1051.105965913      5.49e-08      2.43e-05     1677.70
  34     -1051.105965912      5.07e-10      2.44e-05     1704.26
  35     -1051.105965926     -1.39e-08      2.42e-05     1680.23
  36     -1051.105965913      1.37e-08      2.42e-05     1701.52
  37     -1051.105965892      2.07e-08      2.42e-05     1717.66
  38     -1051.105965904     -1.24e-08      2.41e-05     1706.75
  39     -1051.105965910     -5.77e-09      2.39e-05     1665.89
  40     -1051.105965950     -3.97e-08      2.39e-05     1670.83
  41     -1051.105965918      3.16e-08      2.39e-05     1706.47
  42     -1051.105965910      8.69e-09      2.38e-05     1685.46
  43     -1051.105965879      3.03e-08      2.39e-05     1681.00
  44     -1051.105965885     -5.67e-09      2.39e-05     1697.30
  45     -1051.105965904     -1.92e-08      2.40e-05     1698.39
