
================================================================================
          _____________ ________ _______________ ________     _________         
         / ___________// ______ \\_____   _____// ______ \   / ________)        
        / /_________  / /      \ \     | |     / /      \ \ | (_______          
       |  __________|| |        | |    | |    | |        | | \________ \        
        \ \_________ | |        | |    | |     \ \______/ /___________) |       
         \__________||_|        |_|    |_|      \________//____________/        
                                                                                
====================================[ Qcore ]===================================

 Git describe: 2.3.0-1-g21d9df7e5
 Compiler:     GNU 9.1.0
 Build type:   Release
 Version:      2.3.0-1-g21d9df7e5

 Start time:   Tue Oct 26 16:04:52 2021

 Data directory: /work/zw18965/.local/qcore/share/entos/qcore/data
 Number of threads: 24
 Number of threads was determined by: command line argument
  - More threads can be used by running 'qcore -n 32'

 --------------------------------------------------------------------------------
                                   command: dft                                  
 --------------------------------------------------------------------------------
 AO basis set:                           def2-tzvppd
 Number of AO basis functions:         594

 Formula:                                C7H4O5Cr
 Nuclear charge:                       110.000000000
 Total charge:                           0.000000000
 Number of electrons:                  110.000000000

 Number of alpha electrons:             55
 Number of beta electrons:              55
 Number of unpaired electrons:           0
 Spin:                                   0
 Multiplicity:                           singlet

 Theory:                                 dft
 Exchange-correlation functional:        0.5 b88 + 0.75 lyp
 Method for Coulomb:                     incore_df
 Method for exact exchange:              pre_transformed_df
 Integral threshold:                     1.00e-12
 DF basis set:                           def2-universal-jkfit
 Number of DF basis functions:        1246
 Schwarz screening threshold:            1.00e-10
 Coulomb fitting method:                 Cholesky

 ------------------
  UW12 Correlation 
 ------------------
 Factor for UW12 correlation:            1.000000000
 Opposite spin scale factor:             0.250000000
 Same spin scale factor:                 0.500000000
 Calculate indirect contribution:        true
 Method for three electron term:         df_ri
 Auxiliary RI basis set:                 Def2-TZVPPD-RI
 Number of RI basis functions:        1485
 Gaussians in geminal expansion:        10
 UW12 screening threshold:               1.00e-12
 Method for density-fitting:             w(r)
 Number of core spatial orbitals:       21

 Total number of grid points:       113708
 Method for AO orthogonalization:        symmetric
 Threshold for linear dependence:        1.00e-08
 D3BJ dispersion energy:                -0.020099472

 -------------------------------------
  Running restricted closed-shell SCF 
 -------------------------------------
 Max number of iterations:             128
 Conv. threshold (gradient):             1.00e-05
 Conv. threshold (energy):               1.00e-06
 Interpolation scheme:                   adiis+cdiis
 Initial guess:                          SAD

 ---------------------------------------------------------------
                  energy        change          grad        time
 ---------------------------------------------------------------
   0     -1692.977957369                    3.08e+01     1126.69
   1     -1688.289659746      4.69e+00      7.45e+00      460.20
   2     -1662.948117093      2.53e+01      3.07e+01      463.59
   3     -1685.234502543     -2.23e+01      2.11e+01      429.47
   4     -1689.790875510     -4.56e+00      1.61e+00      458.07
   5     -1689.617964344      1.73e-01      3.14e+00      460.87
   6     -1689.918924974     -3.01e-01      3.68e-01      459.94
   7     -1689.908697431      1.02e-02      8.79e-01      463.26
   8     -1689.916831952     -8.13e-03      7.40e-01      466.32
   9     -1689.920835084     -4.00e-03      6.05e-01      432.11
  10     -1689.924414547     -3.58e-03      2.19e-01      461.49
  11     -1689.925150464     -7.36e-04      1.21e-01      435.02
  12     -1689.925378771     -2.28e-04      4.80e-02      439.02
  13     -1689.924936095      4.43e-04      1.65e-01      436.40
  14     -1689.925465454     -5.29e-04      3.32e-04      468.12
  15     -1689.925465452      2.17e-09      1.38e-04      461.11
  16     -1689.925465437      1.43e-08      2.64e-05      461.63
  17     -1689.925465417      2.04e-08      4.09e-05      458.32
  18     -1689.925465413      3.54e-09      4.22e-06      432.86

 SCF converged in 18 iterations.

 Dipole moment (in Debye):              -0.002041       0.003087      -3.003580

 Quadrupole moment (in Debye-Angstrom):
                  1            2            3
 1       -87.663920    -0.000055     0.002604
 2        -0.000055   -87.782210    -0.004738
 3         0.002604    -0.004738   -81.825210

 Spin-squared expectation <S^2>:         0.000
 Total spin quantum number S:            0.000
 TOTAL ENERGY:                       -1689.925465402

 --------------------------------------------------------------------------------

 End time:                               Tue Oct 26 18:47:32 2021
 Total wall-clock time:               9759.986 seconds
==================================================================================
