
================================================================================
          _____________ ________ _______________ ________     _________         
         / ___________// ______ \\_____   _____// ______ \   / ________)        
        / /_________  / /      \ \     | |     / /      \ \ | (_______          
       |  __________|| |        | |    | |    | |        | | \________ \        
        \ \_________ | |        | |    | |     \ \______/ /___________) |       
         \__________||_|        |_|    |_|      \________//____________/        
                                                                                
====================================[ Qcore ]===================================

 Git describe: 2.3.0-1-g21d9df7e5
 Compiler:     GNU 9.1.0
 Build type:   Release
 Version:      2.3.0-1-g21d9df7e5

 Start time:   Tue Oct 26 17:09:49 2021

 Data directory: /work/zw18965/.local/qcore/share/entos/qcore/data
 Number of threads: 24
 Number of threads was determined by: command line argument

 --------------------------------------------------------------------------------
                                   command: dft                                  
 --------------------------------------------------------------------------------
 AO basis set:                           def2-tzvppd
 Number of AO basis functions:         664
 ECP on atom 1 (Zr):                     28 electrons

 Formula:                                C10H11ClZr
 Nuclear charge:                       128.000000000
 Total charge:                           0.000000000
 Number of core electrons:              28
 Number of treated electrons:          100

 Number of alpha electrons:             50
 Number of beta electrons:              50
 Number of unpaired electrons:           0
 Spin:                                   0
 Multiplicity:                           singlet

 Theory:                                 dft
 Exchange-correlation functional:        0.5 b88 + 0.75 lyp
 Method for Coulomb:                     incore_df
 Method for exact exchange:              pre_transformed_df
 Integral threshold:                     1.00e-12
 DF basis set:                           def2-universal-jkfit
 Number of DF basis functions:        1331
 Schwarz screening threshold:            1.00e-10
 Coulomb fitting method:                 Cholesky

 ------------------
  UW12 Correlation 
 ------------------
 Factor for UW12 correlation:            1.000000000
 Opposite spin scale factor:             0.250000000
 Same spin scale factor:                 0.500000000
 Calculate indirect contribution:        true
 Method for three electron term:         df_ri
 Auxiliary RI basis set:                 Def2-TZVPPD-RI
 Number of RI basis functions:        1664
 Gaussians in geminal expansion:        10
 UW12 screening threshold:               1.00e-12
 Method for density-fitting:             w(r)
 Number of core spatial orbitals:       19

 Total number of grid points:       148470
 Method for AO orthogonalization:        symmetric
 Threshold for linear dependence:        1.00e-08
 D3BJ dispersion energy:                -0.028799551

 -------------------------------------
  Running restricted closed-shell SCF 
 -------------------------------------
 Max number of iterations:             128
 Conv. threshold (gradient):             1.00e-05
 Conv. threshold (energy):               1.00e-06
 Interpolation scheme:                   adiis+cdiis
 Initial guess:                          SAD

 ---------------------------------------------------------------
                  energy        change          grad        time
 ---------------------------------------------------------------
   0      -899.464422560                    2.62e+01     2559.49
   1      -894.464001264      5.00e+00      2.40e+00      595.66
   2      -894.198704920      2.65e-01      3.86e+00      591.10
   3      -894.975123400     -7.76e-01      5.56e-01      581.36
   4      -894.955940360      1.92e-02      1.14e+00      583.24
   5      -894.988522750     -3.26e-02      9.13e-02      588.63
   6      -894.988421750      1.01e-04      1.05e-01      587.92
   7      -894.989382408     -9.61e-04      8.99e-03      588.09
   8      -894.989385664     -3.26e-06      1.31e-03      590.52
   9      -894.989386474     -8.10e-07      4.46e-04      580.40
  10      -894.989386359      1.15e-07      1.28e-04      584.61
  11      -894.989386347      1.18e-08      5.34e-05      589.35
  12      -894.989386349     -2.04e-09      2.13e-05      585.80
  13      -894.989386345      4.17e-09      6.55e-06      583.56

 SCF converged in 13 iterations.

 Dipole moment (in Debye):              -0.015133      -3.371436       1.269940

 Quadrupole moment (in Debye-Angstrom):
                  1            2            3
 1       -96.805435     0.003455    -0.004417
 2         0.003455   -99.395272     0.751369
 3        -0.004417     0.751369   -91.909224

 Spin-squared expectation <S^2>:         0.000
 Total spin quantum number S:            0.000
 TOTAL ENERGY:                        -894.989386353

 --------------------------------------------------------------------------------

 End time:                               Tue Oct 26 20:09:45 2021
 Total wall-clock time:              10795.778 seconds
==================================================================================
