
================================================================================
          _____________ ________ _______________ ________     _________         
         / ___________// ______ \\_____   _____// ______ \   / ________)        
        / /_________  / /      \ \     | |     / /      \ \ | (_______          
       |  __________|| |        | |    | |    | |        | | \________ \        
        \ \_________ | |        | |    | |     \ \______/ /___________) |       
         \__________||_|        |_|    |_|      \________//____________/        
                                                                                
====================================[ Qcore ]===================================

 Git describe: 2.3.0-1-g21d9df7e5
 Compiler:     GNU 9.1.0
 Build type:   Release
 Version:      2.3.0-1-g21d9df7e5

 Start time:   Wed Oct 27 12:55:22 2021

 Data directory: /work/zw18965/.local/qcore/share/entos/qcore/data
 Number of threads: 24
 Number of threads was determined by: command line argument
  - More threads can be used by running 'qcore -n 32'

 --------------------------------------------------------------------------------
                                   command: dft                                  
 --------------------------------------------------------------------------------
 AO basis set:                           def2-tzvppd
 Number of AO basis functions:         721
 ECP on atom 1 (Mo):                     28 electrons

 Formula:                                C7H17NO2Mo
 Nuclear charge:                       124.000000000
 Total charge:                           0.000000000
 Number of core electrons:              28
 Number of treated electrons:           96

 Number of alpha electrons:             48
 Number of beta electrons:              48
 Number of unpaired electrons:           0
 Spin:                                   0
 Multiplicity:                           singlet

 Theory:                                 dft
 Exchange-correlation functional:        0.5 b88 + 0.75 lyp
 Method for Coulomb:                     incore_df
 Method for exact exchange:              pre_transformed_df
 Integral threshold:                     1.00e-12
 DF basis set:                           def2-universal-jkfit
 Number of DF basis functions:        1317
 Schwarz screening threshold:            1.00e-10
 Coulomb fitting method:                 Cholesky

 ------------------
  UW12 Correlation 
 ------------------
 Factor for UW12 correlation:            1.000000000
 Opposite spin scale factor:             0.250000000
 Same spin scale factor:                 0.500000000
 Calculate indirect contribution:        true
 Method for three electron term:         df_ri
 Auxiliary RI basis set:                 Def2-TZVPPD-RI
 Number of RI basis functions:        1759
 Gaussians in geminal expansion:        10
 UW12 screening threshold:               1.00e-12
 Method for density-fitting:             w(r)
 Number of core spatial orbitals:       14

 Total number of grid points:       176688
 Method for AO orthogonalization:        symmetric
 Threshold for linear dependence:        1.00e-08
 D3BJ dispersion energy:                -0.026890719

 -------------------------------------
  Running restricted closed-shell SCF 
 -------------------------------------
 Max number of iterations:             128
 Conv. threshold (gradient):             1.00e-05
 Conv. threshold (energy):               1.00e-06
 Interpolation scheme:                   adiis+cdiis
 Initial guess:                          SAD

 ---------------------------------------------------------------
                  energy        change          grad        time
 ---------------------------------------------------------------
   0      -552.592850611                    2.77e+01     2481.28
   1      -549.250613068      3.34e+00      5.26e+00      600.65
   2      -542.412295597      6.84e+00      2.49e+01      634.05
   3      -549.938987545     -7.53e+00      4.95e+00      600.70
   4      -550.351234852     -4.12e-01      2.92e+00      634.46
   5      -550.270181835      8.11e-02      4.15e+00      625.20
   6      -550.395311842     -1.25e-01      1.92e+00      597.52
   7      -550.409982764     -1.47e-02      1.61e+00      608.97
   8      -550.445614028     -3.56e-02      8.54e-01      604.81
   9      -550.441200337      4.41e-03      1.00e+00      640.67
  10      -550.450340697     -9.14e-03      4.92e-01      596.69
  11      -550.449462149      8.79e-04      5.69e-01      631.11
  12      -550.453998117     -4.54e-03      1.44e-01      630.98
  13      -550.453262947      7.35e-04      2.88e-01      631.26
  14      -550.454151894     -8.89e-04      6.29e-02      635.39
  15      -550.454193701     -4.18e-05      4.22e-02      608.38
  16      -550.454206129     -1.24e-05      2.02e-04      633.80
  17      -550.454206216     -8.63e-08      7.76e-05      597.41
  18      -550.454206243     -2.68e-08      3.24e-05      635.53
  19      -550.454206224      1.89e-08      1.26e-05      598.07
  20      -550.454206226     -2.14e-09      5.06e-06      634.16

 SCF converged in 20 iterations.

 Dipole moment (in Debye):              -2.906966       1.172786       0.536987

 Quadrupole moment (in Debye-Angstrom):
                  1            2            3
 1       -84.242095    -0.362022     0.164265
 2        -0.362022   -81.412288    -2.120947
 3         0.164265    -2.120947   -82.217609

 Spin-squared expectation <S^2>:         0.000
 Total spin quantum number S:            0.000
 TOTAL ENERGY:                        -550.454206236

 --------------------------------------------------------------------------------

 End time:                               Wed Oct 27 17:13:25 2021
 Total wall-clock time:              15483.005 seconds
==================================================================================
