
================================================================================
          _____________ ________ _______________ ________     _________         
         / ___________// ______ \\_____   _____// ______ \   / ________)        
        / /_________  / /      \ \     | |     / /      \ \ | (_______          
       |  __________|| |        | |    | |    | |        | | \________ \        
        \ \_________ | |        | |    | |     \ \______/ /___________) |       
         \__________||_|        |_|    |_|      \________//____________/        
                                                                                
====================================[ Qcore ]===================================

 Git describe: 2.3.0-1-g21d9df7e5
 Compiler:     GNU 9.1.0
 Build type:   Release
 Version:      2.3.0-1-g21d9df7e5

 Start time:   Wed Oct 27 12:47:51 2021

 Data directory: /work/zw18965/.local/qcore/share/entos/qcore/data
 Number of threads: 24
 Number of threads was determined by: command line argument
  - More threads can be used by running 'qcore -n 32'

 --------------------------------------------------------------------------------
                                   command: dft                                  
 --------------------------------------------------------------------------------
 AO basis set:                           def2-tzvppd
 Number of AO basis functions:         772
 ECP on atom 1 (Zr):                     28 electrons

 Formula:                                C12H13ClZr
 Nuclear charge:                       142.000000000
 Total charge:                           0.000000000
 Number of core electrons:              28
 Number of treated electrons:          114

 Number of alpha electrons:             57
 Number of beta electrons:              57
 Number of unpaired electrons:           0
 Spin:                                   0
 Multiplicity:                           singlet

 Theory:                                 dft
 Exchange-correlation functional:        0.5 b88 + 0.75 lyp
 Method for Coulomb:                     incore_df
 Method for exact exchange:              pre_transformed_df
 Integral threshold:                     1.00e-12
 DF basis set:                           def2-universal-jkfit
 Number of DF basis functions:        1517
 Schwarz screening threshold:            1.00e-10
 Coulomb fitting method:                 Cholesky

 ------------------
  UW12 Correlation 
 ------------------
 Factor for UW12 correlation:            1.000000000
 Opposite spin scale factor:             0.250000000
 Same spin scale factor:                 0.500000000
 Calculate indirect contribution:        true
 Method for three electron term:         df_ri
 Auxiliary RI basis set:                 Def2-TZVPPD-RI
 Number of RI basis functions:        1926
 Gaussians in geminal expansion:        10
 UW12 screening threshold:               1.00e-12
 Method for density-fitting:             w(r)
 Number of core spatial orbitals:       21

 Total number of grid points:       173850
 Method for AO orthogonalization:        symmetric
 Threshold for linear dependence:        1.00e-08
 D3BJ dispersion energy:                -0.035627682

 -------------------------------------
  Running restricted closed-shell SCF 
 -------------------------------------
 Max number of iterations:             128
 Conv. threshold (gradient):             1.00e-05
 Conv. threshold (energy):               1.00e-06
 Interpolation scheme:                   adiis+cdiis
 Initial guess:                          SAD

 ---------------------------------------------------------------
                  energy        change          grad        time
 ---------------------------------------------------------------
   0      -977.262427824                    2.85e+01     4806.43
   1      -971.711116437      5.55e+00      2.44e+00     1105.97
   2      -971.449110017      2.62e-01      3.96e+00     1142.24
   3      -972.302930746     -8.54e-01      7.72e-01     1125.54
   4      -972.252006436      5.09e-02      1.82e+00     1072.71
   5      -972.323434993     -7.14e-02      2.10e-01     1112.11
   6      -972.323204985      2.30e-04      2.73e-01     1114.79
   7      -972.325925493     -2.72e-03      5.45e-02     1125.09
   8      -972.325828551      9.69e-05      9.86e-02     1080.31
   9      -972.326041979     -2.13e-04      1.19e-03     1119.79
  10      -972.326042069     -8.99e-08      4.33e-04     1082.04
  11      -972.326042073     -3.93e-09      1.05e-04     1125.29
  12      -972.326042073     -4.43e-10      4.91e-05     1126.70
  13      -972.326042067      5.97e-09      1.80e-05     1125.04
  14      -972.326042069     -2.02e-09      5.98e-06     1093.59

 SCF converged in 14 iterations.

 Dipole moment (in Debye):               0.427008      -2.053320       2.372275

 Quadrupole moment (in Debye-Angstrom):
                  1            2            3
 1      -108.683588    -1.940759     0.794808
 2        -1.940759  -106.685015     5.971776
 3         0.794808     5.971776  -105.843154

 Spin-squared expectation <S^2>:         0.000
 Total spin quantum number S:            0.000
 TOTAL ENERGY:                        -972.326042081

 --------------------------------------------------------------------------------

 End time:                               Wed Oct 27 18:45:27 2021
 Total wall-clock time:              21456.136 seconds
==================================================================================
