
================================================================================
          _____________ ________ _______________ ________     _________         
         / ___________// ______ \\_____   _____// ______ \   / ________)        
        / /_________  / /      \ \     | |     / /      \ \ | (_______          
       |  __________|| |        | |    | |    | |        | | \________ \        
        \ \_________ | |        | |    | |     \ \______/ /___________) |       
         \__________||_|        |_|    |_|      \________//____________/        
                                                                                
====================================[ Qcore ]===================================

 Git describe: 2.3.0-1-g21d9df7e5
 Compiler:     GNU 9.1.0
 Build type:   Release
 Version:      2.3.0-1-g21d9df7e5

 Start time:   Wed Oct 27 12:56:40 2021

 Data directory: /work/zw18965/.local/qcore/share/entos/qcore/data
 Number of threads: 24
 Number of threads was determined by: command line argument

 --------------------------------------------------------------------------------
                                   command: dft                                  
 --------------------------------------------------------------------------------
 AO basis set:                           def2-tzvppd
 Number of AO basis functions:         721
 ECP on atom 1 (Mo):                     28 electrons

 Formula:                                C7H17NO2Mo
 Nuclear charge:                       124.000000000
 Total charge:                           0.000000000
 Number of core electrons:              28
 Number of treated electrons:           96

 Number of alpha electrons:             48
 Number of beta electrons:              48
 Number of unpaired electrons:           0
 Spin:                                   0
 Multiplicity:                           singlet

 Theory:                                 dft
 Exchange-correlation functional:        0.5 b88 + 0.75 lyp
 Method for Coulomb:                     incore_df
 Method for exact exchange:              pre_transformed_df
 Integral threshold:                     1.00e-12
 DF basis set:                           def2-universal-jkfit
 Number of DF basis functions:        1317
 Schwarz screening threshold:            1.00e-10
 Coulomb fitting method:                 Cholesky

 ------------------
  UW12 Correlation 
 ------------------
 Factor for UW12 correlation:            1.000000000
 Opposite spin scale factor:             0.250000000
 Same spin scale factor:                 0.500000000
 Calculate indirect contribution:        true
 Method for three electron term:         df_ri
 Auxiliary RI basis set:                 Def2-TZVPPD-RI
 Number of RI basis functions:        1759
 Gaussians in geminal expansion:        10
 UW12 screening threshold:               1.00e-12
 Method for density-fitting:             w(r)
 Number of core spatial orbitals:       14

 Total number of grid points:       176688
 Method for AO orthogonalization:        symmetric
 Threshold for linear dependence:        1.00e-08
 D3BJ dispersion energy:                -0.026552972

 -------------------------------------
  Running restricted closed-shell SCF 
 -------------------------------------
 Max number of iterations:             128
 Conv. threshold (gradient):             1.00e-05
 Conv. threshold (energy):               1.00e-06
 Interpolation scheme:                   adiis+cdiis
 Initial guess:                          SAD

 ---------------------------------------------------------------
                  energy        change          grad        time
 ---------------------------------------------------------------
   0      -552.844054356                    3.00e+01     2952.88
   1      -549.236244321      3.61e+00      5.66e+00      713.94
   2      -542.259953085      6.98e+00      2.75e+01      709.36
   3      -549.951880251     -7.69e+00      5.03e+00      714.03
   4      -550.377491284     -4.26e-01      2.68e+00      712.90
   5      -550.225807595      1.52e-01      4.76e+00      714.09
   6      -550.404272405     -1.78e-01      2.42e+00      714.60
   7      -550.437998785     -3.37e-02      1.54e+00      706.70
   8      -550.471677524     -3.37e-02      7.61e-01      710.54
   9      -550.469541076      2.14e-03      8.66e-01      707.91
  10      -550.479735027     -1.02e-02      5.17e-01      708.32
  11      -550.479429004      3.06e-04      5.36e-01      714.21
  12      -550.483224495     -3.80e-03      1.05e-01      713.51
  13      -550.482573174      6.51e-04      2.29e-01      708.28
  14      -550.483302867     -7.30e-04      5.94e-02      710.31
  15      -550.483368862     -6.60e-05      3.53e-02      710.89
  16      -550.483370429     -1.57e-06      1.53e-04      707.06
  17      -550.483370489     -5.99e-08      5.36e-05      712.15
  18      -550.483370472      1.71e-08      3.49e-05      709.73
  19      -550.483370469      3.26e-09      1.12e-05      710.54
  20      -550.483370468      8.52e-10      5.00e-06      713.27

 SCF converged in 20 iterations.

 Dipole moment (in Debye):              -2.919101       0.673432       0.713419

 Quadrupole moment (in Debye-Angstrom):
                  1            2            3
 1       -83.333554    -0.904029    -0.340775
 2        -0.904029   -79.557042     0.668306
 3        -0.340775     0.668306   -84.575869

 Spin-squared expectation <S^2>:         0.000
 Total spin quantum number S:            0.000
 TOTAL ENERGY:                        -550.483370475

 --------------------------------------------------------------------------------

 End time:                               Wed Oct 27 17:54:43 2021
 Total wall-clock time:              17882.439 seconds
==================================================================================
