
================================================================================
          _____________ ________ _______________ ________     _________         
         / ___________// ______ \\_____   _____// ______ \   / ________)        
        / /_________  / /      \ \     | |     / /      \ \ | (_______          
       |  __________|| |        | |    | |    | |        | | \________ \        
        \ \_________ | |        | |    | |     \ \______/ /___________) |       
         \__________||_|        |_|    |_|      \________//____________/        
                                                                                
====================================[ Qcore ]===================================

 Git describe: 2.3.0-1-g21d9df7e5
 Compiler:     GNU 9.1.0
 Build type:   Release
 Version:      2.3.0-1-g21d9df7e5

 Start time:   Tue Oct 26 22:49:23 2021

 Data directory: /work/zw18965/.local/qcore/share/entos/qcore/data
 Number of threads: 24
 Number of threads was determined by: command line argument
  - More threads can be used by running 'qcore -n 32'

 --------------------------------------------------------------------------------
                                   command: dft                                  
 --------------------------------------------------------------------------------
 AO basis set:                           def2-tzvppd
 Number of AO basis functions:         621
 ECP on atom 1 (Ir):                     60 electrons

 Formula:                                C7H15PIr+
 Nuclear charge:                       149.000000000
 Total charge:                           1.000000000
 Number of core electrons:              60
 Number of treated electrons:           88

 Number of alpha electrons:             44
 Number of beta electrons:              44
 Number of unpaired electrons:           0
 Spin:                                   0
 Multiplicity:                           singlet

 Theory:                                 dft
 Exchange-correlation functional:        0.5 b88 + 0.75 lyp
 Method for Coulomb:                     incore_df
 Method for exact exchange:              pre_transformed_df
 Integral threshold:                     1.00e-12
 DF basis set:                           def2-universal-jkfit
 Number of DF basis functions:        1150
 Schwarz screening threshold:            1.00e-10
 Coulomb fitting method:                 Cholesky

 ------------------
  UW12 Correlation 
 ------------------
 Factor for UW12 correlation:            1.000000000
 Opposite spin scale factor:             0.250000000
 Same spin scale factor:                 0.500000000
 Calculate indirect contribution:        true
 Method for three electron term:         df_ri
 Auxiliary RI basis set:                 Def2-TZVPPD-RI
 Number of RI basis functions:        1561
 Gaussians in geminal expansion:        10
 UW12 screening threshold:               1.00e-12
 Method for density-fitting:             w(r)
 Number of core spatial orbitals:       16

 Total number of grid points:       152420
 Method for AO orthogonalization:        symmetric
 Threshold for linear dependence:        1.00e-08
 D3BJ dispersion energy:                -0.026582645

 -------------------------------------
  Running restricted closed-shell SCF 
 -------------------------------------
 Max number of iterations:             128
 Conv. threshold (gradient):             1.00e-05
 Conv. threshold (energy):               1.00e-06
 Interpolation scheme:                   adiis+cdiis
 Initial guess:                          SAD

 ---------------------------------------------------------------
                  energy        change          grad        time
 ---------------------------------------------------------------
   0      -724.523179437                    1.64e+02     1925.17
   1      -720.772036147      3.75e+00      3.03e+00      314.63
   2      -720.215397081      5.57e-01      6.97e+00      315.85
   3      -721.146256098     -9.31e-01      1.36e+00      318.09
   4      -721.046517521      9.97e-02      3.38e+00      316.39
   5      -721.191933014     -1.45e-01      4.67e-01      316.26
   6      -721.190426652      1.51e-03      5.13e-01      313.12
   7      -721.197835391     -7.41e-03      2.60e-01      313.10
   8      -721.193224245      4.61e-03      6.80e-01      311.45
   9      -721.197997290     -4.77e-03      1.89e-01      312.77
  10      -721.198501024     -5.04e-04      4.44e-02      313.92
  11      -721.198384106      1.17e-04      8.33e-02      313.87
  12      -721.198500066     -1.16e-04      3.91e-04      315.31
  13      -721.198500033      3.37e-08      2.41e-04      315.69
  14      -721.198500066     -3.33e-08      4.87e-05      318.92
  15      -721.198500063      2.63e-09      1.64e-05      317.33
  16      -721.198500066     -3.06e-09      9.44e-06      311.72

 SCF converged in 16 iterations.

 Dipole moment (in Debye):              -0.634780      -0.635476      -1.733498

 Quadrupole moment (in Debye-Angstrom):
                  1            2            3
 1       -62.334358     2.427547     3.070897
 2         2.427547   -63.419834    -1.045032
 3         3.070897    -1.045032   -70.590717

 Spin-squared expectation <S^2>:         0.000
 Total spin quantum number S:            0.000
 TOTAL ENERGY:                        -721.198500055

 --------------------------------------------------------------------------------

 End time:                               Wed Oct 27 00:51:10 2021
 Total wall-clock time:               7307.276 seconds
==================================================================================
