
================================================================================
          _____________ ________ _______________ ________     _________         
         / ___________// ______ \\_____   _____// ______ \   / ________)        
        / /_________  / /      \ \     | |     / /      \ \ | (_______          
       |  __________|| |        | |    | |    | |        | | \________ \        
        \ \_________ | |        | |    | |     \ \______/ /___________) |       
         \__________||_|        |_|    |_|      \________//____________/        
                                                                                
====================================[ Qcore ]===================================

 Git describe: 2.3.0-1-g21d9df7e5
 Compiler:     GNU 9.1.0
 Build type:   Release
 Version:      2.3.0-1-g21d9df7e5

 Start time:   Tue Oct 26 23:20:47 2021

 Data directory: /work/zw18965/.local/qcore/share/entos/qcore/data
 Number of threads: 24
 Number of threads was determined by: command line argument

 --------------------------------------------------------------------------------
                                   command: dft                                  
 --------------------------------------------------------------------------------
 AO basis set:                           def2-tzvppd
 Number of AO basis functions:         621
 ECP on atom 1 (Ir):                     60 electrons

 Formula:                                C7H15PIr+
 Nuclear charge:                       149.000000000
 Total charge:                           1.000000000
 Number of core electrons:              60
 Number of treated electrons:           88

 Number of alpha electrons:             44
 Number of beta electrons:              44
 Number of unpaired electrons:           0
 Spin:                                   0
 Multiplicity:                           singlet

 Theory:                                 dft
 Exchange-correlation functional:        0.5 b88 + 0.75 lyp
 Method for Coulomb:                     incore_df
 Method for exact exchange:              pre_transformed_df
 Integral threshold:                     1.00e-12
 DF basis set:                           def2-universal-jkfit
 Number of DF basis functions:        1150
 Schwarz screening threshold:            1.00e-10
 Coulomb fitting method:                 Cholesky

 ------------------
  UW12 Correlation 
 ------------------
 Factor for UW12 correlation:            1.000000000
 Opposite spin scale factor:             0.250000000
 Same spin scale factor:                 0.500000000
 Calculate indirect contribution:        true
 Method for three electron term:         df_ri
 Auxiliary RI basis set:                 Def2-TZVPPD-RI
 Number of RI basis functions:        1561
 Gaussians in geminal expansion:        10
 UW12 screening threshold:               1.00e-12
 Method for density-fitting:             w(r)
 Number of core spatial orbitals:       16

 Total number of grid points:       152420
 Method for AO orthogonalization:        symmetric
 Threshold for linear dependence:        1.00e-08
 D3BJ dispersion energy:                -0.027314289

 -------------------------------------
  Running restricted closed-shell SCF 
 -------------------------------------
 Max number of iterations:             128
 Conv. threshold (gradient):             1.00e-05
 Conv. threshold (energy):               1.00e-06
 Interpolation scheme:                   adiis+cdiis
 Initial guess:                          SAD

 ---------------------------------------------------------------
                  energy        change          grad        time
 ---------------------------------------------------------------
   0      -724.551516429                    1.72e+02     2286.65
   1      -720.788043044      3.76e+00      2.73e+00      364.92
   2      -720.380548193      4.07e-01      6.67e+00      366.54
   3      -721.140679366     -7.60e-01      1.51e+00      364.45
   4      -721.032660184      1.08e-01      3.64e+00      364.67
   5      -721.179414745     -1.47e-01      3.98e-01      366.58
   6      -721.181849151     -2.43e-03      3.35e-01      367.09
   7      -721.185598896     -3.75e-03      7.00e-02      364.44
   8      -721.185473756      1.25e-04      1.43e-01      364.04
   9      -721.185745273     -2.72e-04      1.91e-03      364.88
  10      -721.185745601     -3.28e-07      4.68e-04      363.68
  11      -721.185745702     -1.01e-07      1.77e-04      365.76
  12      -721.185745687      1.53e-08      5.37e-05      363.94
  13      -721.185745694     -7.26e-09      3.83e-05      364.83
  14      -721.185745714     -1.99e-08      6.65e-06      365.58

 SCF converged in 14 iterations.

 Dipole moment (in Debye):               0.996424       0.259230       1.548172

 Quadrupole moment (in Debye-Angstrom):
                  1            2            3
 1       -61.777940    -0.606962     4.124005
 2        -0.606962   -67.783825    -1.524071
 3         4.124005    -1.524071   -68.412767

 Spin-squared expectation <S^2>:         0.000
 Total spin quantum number S:            0.000
 TOTAL ENERGY:                        -721.185745700

 --------------------------------------------------------------------------------

 End time:                               Wed Oct 27 01:30:42 2021
 Total wall-clock time:               7795.419 seconds
==================================================================================
