
================================================================================
          _____________ ________ _______________ ________     _________         
         / ___________// ______ \\_____   _____// ______ \   / ________)        
        / /_________  / /      \ \     | |     / /      \ \ | (_______          
       |  __________|| |        | |    | |    | |        | | \________ \        
        \ \_________ | |        | |    | |     \ \______/ /___________) |       
         \__________||_|        |_|    |_|      \________//____________/        
                                                                                
====================================[ Qcore ]===================================

 Git describe: 2.3.0-1-g21d9df7e5
 Compiler:     GNU 9.1.0
 Build type:   Release
 Version:      2.3.0-1-g21d9df7e5

 Start time:   Tue Oct 26 23:24:44 2021

 Data directory: /work/zw18965/.local/qcore/share/entos/qcore/data
 Number of threads: 24
 Number of threads was determined by: command line argument

 --------------------------------------------------------------------------------
                                   command: dft                                  
 --------------------------------------------------------------------------------
 AO basis set:                           def2-tzvppd
 Number of AO basis functions:          67

 Formula:                                Ti
 Nuclear charge:                        22.000000000
 Total charge:                           0.000000000
 Number of electrons:                   22.000000000

 Number of alpha electrons:             12
 Number of beta electrons:              10
 Number of unpaired electrons:           2
 Spin:                                   2
 Multiplicity:                           triplet

 Theory:                                 dft
 Exchange-correlation functional:        0.5 b88 + 0.75 lyp
 Method for Coulomb:                     incore_df
 Method for exact exchange:              pre_transformed_df
 Integral threshold:                     1.00e-12
 DF basis set:                           def2-universal-jkfit
 Number of DF basis functions:         264
 Schwarz screening threshold:            1.00e-10
 Coulomb fitting method:                 Cholesky

 ------------------
  UW12 Correlation 
 ------------------
 Factor for UW12 correlation:            1.000000000
 Opposite spin scale factor:             0.250000000
 Same spin scale factor:                 0.500000000
 Calculate indirect contribution:        true
 Method for three electron term:         df_ri
 Auxiliary RI basis set:                 Def2-TZVPPD-RI
 Number of RI basis functions:         225
 Gaussians in geminal expansion:        10
 UW12 screening threshold:               1.00e-12
 Method for density-fitting:             w(r)
 Number of core spatial orbitals:        9

 Total number of grid points:         7792
 Method for AO orthogonalization:        symmetric
 Threshold for linear dependence:        1.00e-08
 D3BJ dispersion energy:                 0.000000000

 -------------------------------------
  Running unrestricted open-shell SCF 
 -------------------------------------
 Max number of iterations:             128
 Conv. threshold (gradient):             1.00e-05
 Conv. threshold (energy):               1.00e-06
 Interpolation scheme:                   adiis+cdiis
 Initial guess:                          SAD

 ---------------------------------------------------------------
                  energy        change          grad        time
 ---------------------------------------------------------------
   0      -848.944897063                    6.00e-03        1.39
   1      -849.086526804     -1.42e-01      1.45e-01        0.16
   2      -849.097075127     -1.05e-02      3.25e-02        0.16
   3      -849.098573167     -1.50e-03      2.79e-02        0.15
   4      -849.099273795     -7.01e-04      1.56e-02        0.15
   5      -849.100170310     -8.97e-04      1.87e-02        0.15
   6      -849.096735427      3.43e-03      1.11e-02        0.15
   7      -849.096847357     -1.12e-04      7.30e-03        0.15
   8      -849.097016414     -1.69e-04      5.34e-03        0.14
   9      -849.097184809     -1.68e-04      4.36e-03        0.15
  10      -849.097222411     -3.76e-05      4.37e-03        0.15
  11      -849.096698520      5.24e-04      7.17e-03        0.15
  12      -849.096706525     -8.00e-06      4.87e-03        0.15
  13      -849.096694099      1.24e-05      3.11e-03        0.15
  14      -849.096708507     -1.44e-05      2.91e-03        0.15
  15      -849.096734519     -2.60e-05      4.62e-04        0.15
  16      -849.096728496      6.02e-06      1.31e-03        0.15
  17      -849.096722724      5.77e-06      5.24e-04        0.15
  18      -849.096714457      8.27e-06      4.32e-04        0.14
  19      -849.096716382     -1.92e-06      1.61e-04        0.14
  20      -849.096717795     -1.41e-06      1.96e-05        0.15
  21      -849.096717609      1.86e-07      4.46e-06        0.14

 SCF converged in 21 iterations.

 Dipole moment (in Debye):               0.000001       0.000001       0.000001

 Quadrupole moment (in Debye-Angstrom):
                  1            2            3
 1       -21.184664    -0.197664    -0.197623
 2        -0.197664   -21.184684    -0.197611
 3        -0.197623    -0.197611   -21.184725

 Spin-squared expectation <S^2>:         2.054
 Total spin quantum number S:            1.018
 TOTAL ENERGY:                        -849.096717560

 --------------------------------------------------------------------------------

 End time:                               Tue Oct 26 23:25:00 2021
 Total wall-clock time:                 15.261 seconds
==================================================================================
