
================================================================================
          _____________ ________ _______________ ________     _________         
         / ___________// ______ \\_____   _____// ______ \   / ________)        
        / /_________  / /      \ \     | |     / /      \ \ | (_______          
       |  __________|| |        | |    | |    | |        | | \________ \        
        \ \_________ | |        | |    | |     \ \______/ /___________) |       
         \__________||_|        |_|    |_|      \________//____________/        
                                                                                
====================================[ Qcore ]===================================

 Git describe: 2.3.0-3-g778a55bfd
 Compiler:     GNU 9.3.0
 Build type:   Release
 Version:      2.3.0-3-g778a55bfd

 Start time:   Sun Nov  7 03:26:18 2021

 Data directory: /mnt/storage/scratch/zw18965/.local/qcore/share/entos/qcore/data
 Number of threads: 28
 Number of threads was determined by: command line argument

 --------------------------------------------------------------------------------
                                   command: dft                                  
 --------------------------------------------------------------------------------
 AO basis set:                           def2-tzvppd
 Number of AO basis functions:          67

 Formula:                                V
 Nuclear charge:                        23.000000000
 Total charge:                           0.000000000
 Number of electrons:                   23.000000000

 Number of alpha electrons:             13
 Number of beta electrons:              10
 Number of unpaired electrons:           3
 Spin:                                   3
 Multiplicity:                           quartet

 Theory:                                 dft
 Exchange-correlation functional:        0.5 b88 + 0.75 lyp
 Method for Coulomb:                     incore_df
 Method for exact exchange:              pre_transformed_df
 Integral threshold:                     1.00e-12
 DF basis set:                           def2-universal-jkfit
 Number of DF basis functions:         264
 Schwarz screening threshold:            1.00e-10
 Coulomb fitting method:                 Cholesky

 ------------------
  UW12 Correlation 
 ------------------
 Factor for UW12 correlation:            1.000000000
 Opposite spin scale factor:             0.250000000
 Same spin scale factor:                 0.500000000
 Calculate indirect contribution:        true
 Method for three electron term:         df_ri
 Auxiliary RI basis set:                 Def2-TZVPPD-RI
 Number of RI basis functions:         225
 Gaussians in geminal expansion:        10
 UW12 screening threshold:               1.00e-16
 Method for density-fitting:             w(r)
 Number of core spatial orbitals:        9

 Total number of grid points:         7852
 Method for AO orthogonalization:        symmetric
 Threshold for linear dependence:        1.00e-08
 D3BJ dispersion energy:                 0.000000000

 -------------------------------------
  Running unrestricted open-shell SCF 
 -------------------------------------
 Max number of iterations:             128
 Conv. threshold (gradient):             1.00e-05
 Conv. threshold (energy):               1.00e-06
 Interpolation scheme:                   adiis+cdiis
 Initial guess:                          SAD

 ---------------------------------------------------------------
                  energy        change          grad        time
 ---------------------------------------------------------------
   0      -943.405341041                    3.16e-02        1.88
   1      -943.562834042     -1.57e-01      4.40e-01        0.16
   2      -943.435882795      1.27e-01      5.58e-01        0.16
   3      -943.663072581     -2.27e-01      8.45e-02        0.15
   4      -943.667213500     -4.14e-03      4.43e-02        0.15
   5      -943.669722085     -2.51e-03      3.23e-02        0.15
   6      -943.671581022     -1.86e-03      2.17e-02        0.15
   7      -943.673812731     -2.23e-03      1.50e-02        0.15
   8      -943.675539203     -1.73e-03      5.62e-03        0.15
   9      -943.675528421      1.08e-05      2.82e-03        0.15
  10      -943.675619785     -9.14e-05      1.18e-03        0.15
  11      -943.675615694      4.09e-06      2.86e-04        0.15
  12      -943.675614395      1.30e-06      1.68e-04        0.15
  13      -943.675615084     -6.89e-07      1.17e-04        0.15
  14      -943.675615451     -3.68e-07      9.38e-05        0.15
  15      -943.675615409      4.23e-08      5.53e-05        0.15
  16      -943.675615441     -3.22e-08      6.14e-05        0.15
  17      -943.675615468     -2.71e-08      6.01e-05        0.15
  18      -943.675615565     -9.62e-08      4.31e-05        0.15
  19      -943.675615650     -8.51e-08      3.16e-05        0.15
  20      -943.675615744     -9.45e-08      1.88e-05        0.15
  21      -943.675615717      2.67e-08      1.12e-05        0.15
  22      -943.675615731     -1.33e-08      3.99e-06        0.15

 SCF converged in 22 iterations.

 Dipole moment (in Debye):               0.000000       0.000000       0.000000

 Quadrupole moment (in Debye-Angstrom):
                  1            2            3
 1       -20.180807     0.000001     0.000000
 2         0.000001   -20.180790     0.000000
 3         0.000000     0.000000   -20.180804

 Spin-squared expectation <S^2>:         3.756
 Total spin quantum number S:            1.501
 TOTAL ENERGY:                        -943.675615715

 --------------------------------------------------------------------------------

 End time:                               Sun Nov  7 03:26:37 2021
 Total wall-clock time:                 18.631 seconds
==================================================================================
