
================================================================================
          _____________ ________ _______________ ________     _________         
         / ___________// ______ \\_____   _____// ______ \   / ________)        
        / /_________  / /      \ \     | |     / /      \ \ | (_______          
       |  __________|| |        | |    | |    | |        | | \________ \        
        \ \_________ | |        | |    | |     \ \______/ /___________) |       
         \__________||_|        |_|    |_|      \________//____________/        
                                                                                
====================================[ Qcore ]===================================

 Git describe: 2.3.0-1-g21d9df7e5
 Compiler:     GNU 9.1.0
 Build type:   Release
 Version:      2.3.0-1-g21d9df7e5

 Start time:   Tue Oct 26 23:24:29 2021

 Data directory: /work/zw18965/.local/qcore/share/entos/qcore/data
 Number of threads: 24
 Number of threads was determined by: command line argument

 --------------------------------------------------------------------------------
                                   command: dft                                  
 --------------------------------------------------------------------------------
 AO basis set:                           def2-tzvppd
 Number of AO basis functions:          57

 Formula:                                Br
 Nuclear charge:                        35.000000000
 Total charge:                           0.000000000
 Number of electrons:                   35.000000000

 Number of alpha electrons:             18
 Number of beta electrons:              17
 Number of unpaired electrons:           1
 Spin:                                   1
 Multiplicity:                           doublet

 Theory:                                 dft
 Exchange-correlation functional:        0.5 b88 + 0.75 lyp
 Method for Coulomb:                     incore_df
 Method for exact exchange:              pre_transformed_df
 Integral threshold:                     1.00e-12
 DF basis set:                           def2-universal-jkfit
 Number of DF basis functions:         266
 Schwarz screening threshold:            1.00e-10
 Coulomb fitting method:                 Cholesky

 ------------------
  UW12 Correlation 
 ------------------
 Factor for UW12 correlation:            1.000000000
 Opposite spin scale factor:             0.250000000
 Same spin scale factor:                 0.500000000
 Calculate indirect contribution:        true
 Method for three electron term:         df_ri
 Auxiliary RI basis set:                 Def2-TZVPPD-RI
 Number of RI basis functions:         175
 Gaussians in geminal expansion:        10
 UW12 screening threshold:               1.00e-12
 Method for density-fitting:             w(r)
 Number of core spatial orbitals:        9

 Total number of grid points:         8164
 Method for AO orthogonalization:        symmetric
 Threshold for linear dependence:        1.00e-08
 D3BJ dispersion energy:                 0.000000000

 -------------------------------------
  Running unrestricted open-shell SCF 
 -------------------------------------
 Max number of iterations:             128
 Conv. threshold (gradient):             1.00e-05
 Conv. threshold (energy):               1.00e-06
 Interpolation scheme:                   adiis+cdiis
 Initial guess:                          SAD

 ---------------------------------------------------------------
                  energy        change          grad        time
 ---------------------------------------------------------------
   0     -2574.214463455                    2.06e-03        1.20
   1     -2574.285350158     -7.09e-02      9.31e-02        0.29
   2     -2574.288610124     -3.26e-03      1.92e-02        0.28
   3     -2574.288767307     -1.57e-04      4.31e-03        0.27
   4     -2574.288738923      2.84e-05      1.50e-03        0.28
   5     -2574.288751150     -1.22e-05      1.79e-04        0.27
   6     -2574.288751345     -1.95e-07      2.96e-05        0.27
   7     -2574.288751315      2.99e-08      3.67e-06        0.28

 SCF converged in 7 iterations.

 Dipole moment (in Debye):               0.000000       0.000000       0.000000

 Quadrupole moment (in Debye-Angstrom):
                  1            2            3
 1       -17.930513     0.898383     0.897458
 2         0.898383   -17.926950     0.899239
 3         0.897458     0.899239   -17.928803

 Spin-squared expectation <S^2>:         0.752
 Total spin quantum number S:            0.501
 TOTAL ENERGY:                       -2574.288751315

 --------------------------------------------------------------------------------

 End time:                               Tue Oct 26 23:24:41 2021
 Total wall-clock time:                 11.862 seconds
==================================================================================
