
================================================================================
          _____________ ________ _______________ ________     _________         
         / ___________// ______ \\_____   _____// ______ \   / ________)        
        / /_________  / /      \ \     | |     / /      \ \ | (_______          
       |  __________|| |        | |    | |    | |        | | \________ \        
        \ \_________ | |        | |    | |     \ \______/ /___________) |       
         \__________||_|        |_|    |_|      \________//____________/        
                                                                                
====================================[ Qcore ]===================================

 Git describe: 2.3.0-1-g21d9df7e5
 Compiler:     GNU 9.1.0
 Build type:   Release
 Version:      2.3.0-1-g21d9df7e5

 Start time:   Tue Oct 26 23:25:24 2021

 Data directory: /work/zw18965/.local/qcore/share/entos/qcore/data
 Number of threads: 24
 Number of threads was determined by: command line argument

 --------------------------------------------------------------------------------
                                   command: dft                                  
 --------------------------------------------------------------------------------
 AO basis set:                           def2-tzvppd
 Number of AO basis functions:          67

 Formula:                                Cr
 Nuclear charge:                        24.000000000
 Total charge:                           0.000000000
 Number of electrons:                   24.000000000

 Number of alpha electrons:             15
 Number of beta electrons:               9
 Number of unpaired electrons:           6
 Spin:                                   6
 Multiplicity:                           octet

 Theory:                                 dft
 Exchange-correlation functional:        0.5 b88 + 0.75 lyp
 Method for Coulomb:                     incore_df
 Method for exact exchange:              pre_transformed_df
 Integral threshold:                     1.00e-12
 DF basis set:                           def2-universal-jkfit
 Number of DF basis functions:         264
 Schwarz screening threshold:            1.00e-10
 Coulomb fitting method:                 Cholesky

 ------------------
  UW12 Correlation 
 ------------------
 Factor for UW12 correlation:            1.000000000
 Opposite spin scale factor:             0.250000000
 Same spin scale factor:                 0.500000000
 Calculate indirect contribution:        true
 Method for three electron term:         df_ri
 Auxiliary RI basis set:                 Def2-TZVPPD-RI
 Number of RI basis functions:         225
 Gaussians in geminal expansion:        10
 UW12 screening threshold:               1.00e-12
 Method for density-fitting:             w(r)
 Number of core spatial orbitals:        9

 Total number of grid points:         7828
 Method for AO orthogonalization:        symmetric
 Threshold for linear dependence:        1.00e-08
 D3BJ dispersion energy:                 0.000000000

 -------------------------------------
  Running unrestricted open-shell SCF 
 -------------------------------------
 Max number of iterations:             128
 Conv. threshold (gradient):             1.00e-05
 Conv. threshold (energy):               1.00e-06
 Interpolation scheme:                   adiis+cdiis
 Initial guess:                          SAD

 ---------------------------------------------------------------
                  energy        change          grad        time
 ---------------------------------------------------------------
   0     -1043.885788644                    8.57e-02        1.38
   1     -1044.212487664     -3.27e-01      9.64e-02        0.18
   2     -1044.226456901     -1.40e-02      1.14e-01        0.18
   3     -1044.237428142     -1.10e-02      1.89e-02        0.18
   4     -1044.236506991      9.21e-04      4.05e-03        0.17
   5     -1044.236435094      7.19e-05      3.29e-04        0.17
   6     -1044.236428103      6.99e-06      8.62e-05        0.16
   7     -1044.236426016      2.09e-06      3.74e-06        0.17
   8     -1044.236425899      1.17e-07      1.32e-07        0.16

 SCF converged in 8 iterations.

 Dipole moment (in Debye):              -0.000000      -0.000000      -0.000000

 Quadrupole moment (in Debye-Angstrom):
                  1            2            3
 1       -16.373708     0.000000     0.000000
 2         0.000000   -16.373708     0.000000
 3         0.000000     0.000000   -16.373708

 Spin-squared expectation <S^2>:        12.005
 Total spin quantum number S:            3.001
 TOTAL ENERGY:                       -1044.236425903

 --------------------------------------------------------------------------------

 End time:                               Tue Oct 26 23:25:37 2021
 Total wall-clock time:                 13.172 seconds
==================================================================================
