
================================================================================
          _____________ ________ _______________ ________     _________         
         / ___________// ______ \\_____   _____// ______ \   / ________)        
        / /_________  / /      \ \     | |     / /      \ \ | (_______          
       |  __________|| |        | |    | |    | |        | | \________ \        
        \ \_________ | |        | |    | |     \ \______/ /___________) |       
         \__________||_|        |_|    |_|      \________//____________/        
                                                                                
====================================[ Qcore ]===================================

 Git describe: 2.3.0-3-g778a55bfd
 Compiler:     GNU 9.3.0
 Build type:   Release
 Version:      2.3.0-3-g778a55bfd

 Start time:   Sun Nov  7 03:25:19 2021

 Data directory: /mnt/storage/scratch/zw18965/.local/qcore/share/entos/qcore/data
 Number of threads: 28
 Number of threads was determined by: command line argument

 --------------------------------------------------------------------------------
                                   command: dft                                  
 --------------------------------------------------------------------------------
 AO basis set:                           def2-tzvppd
 Number of AO basis functions:         118

 Formula:                                SCr
 Nuclear charge:                        40.000000000
 Total charge:                           0.000000000
 Number of electrons:                   40.000000000

 Number of alpha electrons:             22
 Number of beta electrons:              18
 Number of unpaired electrons:           4
 Spin:                                   4
 Multiplicity:                           quintet

 Theory:                                 dft
 Exchange-correlation functional:        0.5 b88 + 0.75 lyp
 Method for Coulomb:                     incore_df
 Method for exact exchange:              pre_transformed_df
 Integral threshold:                     1.00e-12
 DF basis set:                           def2-universal-jkfit
 Number of DF basis functions:         392
 Schwarz screening threshold:            1.00e-10
 Coulomb fitting method:                 Cholesky

 ------------------
  UW12 Correlation 
 ------------------
 Factor for UW12 correlation:            1.000000000
 Opposite spin scale factor:             0.250000000
 Same spin scale factor:                 0.500000000
 Calculate indirect contribution:        true
 Method for three electron term:         df_ri
 Auxiliary RI basis set:                 Def2-TZVPPD-RI
 Number of RI basis functions:         364
 Gaussians in geminal expansion:        10
 UW12 screening threshold:               1.00e-16
 Method for density-fitting:             w(r)
 Number of core spatial orbitals:       14

 Total number of grid points:        15178
 Method for AO orthogonalization:        symmetric
 Threshold for linear dependence:        1.00e-08
 D3BJ dispersion energy:                -0.001852386

 -------------------------------------
  Running unrestricted open-shell SCF 
 -------------------------------------
 Max number of iterations:             128
 Conv. threshold (gradient):             1.00e-05
 Conv. threshold (energy):               1.00e-06
 Interpolation scheme:                   adiis+cdiis
 Initial guess:                          SAD

 ---------------------------------------------------------------
                  energy        change          grad        time
 ---------------------------------------------------------------
   0     -1442.185971422                    1.89e+00        8.05
   1     -1441.766722942      4.19e-01      1.31e+00        1.58
   2     -1430.665555235      1.11e+01      7.90e+00        1.53
   3     -1440.219336419     -9.55e+00      2.83e+00        1.50
   4     -1442.299691887     -2.08e+00      4.03e-01        1.55
   5     -1442.234964678      6.47e-02      7.24e-01        1.50
   6     -1442.352874189     -1.18e-01      1.33e-01        1.49
   7     -1442.336096587      1.68e-02      2.92e-01        1.50
   8     -1442.360573784     -2.45e-02      3.91e-02        1.50
   9     -1442.361880664     -1.31e-03      8.25e-02        1.52
  10     -1442.365054968     -3.17e-03      4.64e-02        1.51
  11     -1442.365809807     -7.55e-04      1.16e-02        1.50
  12     -1442.366201357     -3.92e-04      5.90e-03        1.50
  13     -1442.366328156     -1.27e-04      4.33e-03        1.50
  14     -1442.366325498      2.66e-06      1.55e-03        1.53
  15     -1442.366331153     -5.65e-06      2.27e-04        1.52
  16     -1442.366331294     -1.42e-07      7.63e-05        1.53
  17     -1442.366330502      7.93e-07      3.02e-05        1.54
  18     -1442.366330487      1.44e-08      6.50e-06        1.50

 SCF converged in 18 iterations.

 Dipole moment (in Debye):               0.000001       0.000001       5.494560

 Quadrupole moment (in Debye-Angstrom):
                  1            2            3
 1       -28.961454    -1.434060    -0.000001
 2        -1.434060   -28.962673    -0.000001
 3        -0.000001    -0.000001   -25.651803

 Spin-squared expectation <S^2>:         6.566
 Total spin quantum number S:            2.111
 TOTAL ENERGY:                       -1442.366330447

 --------------------------------------------------------------------------------

 End time:                               Sun Nov  7 03:26:09 2021
 Total wall-clock time:                 50.181 seconds
==================================================================================
