
================================================================================
          _____________ ________ _______________ ________     _________         
         / ___________// ______ \\_____   _____// ______ \   / ________)        
        / /_________  / /      \ \     | |     / /      \ \ | (_______          
       |  __________|| |        | |    | |    | |        | | \________ \        
        \ \_________ | |        | |    | |     \ \______/ /___________) |       
         \__________||_|        |_|    |_|      \________//____________/        
                                                                                
====================================[ Qcore ]===================================

 Git describe: 2.3.0-3-g778a55bfd
 Compiler:     GNU 9.3.0
 Build type:   Release
 Version:      2.3.0-3-g778a55bfd

 Start time:   Sun Nov  7 03:27:18 2021

 Data directory: /mnt/storage/scratch/zw18965/.local/qcore/share/entos/qcore/data
 Number of threads: 28
 Number of threads was determined by: command line argument

 --------------------------------------------------------------------------------
                                   command: dft                                  
 --------------------------------------------------------------------------------
 AO basis set:                           def2-tzvppd
 Number of AO basis functions:         124

 Formula:                                MnBr
 Nuclear charge:                        60.000000000
 Total charge:                           0.000000000
 Number of electrons:                   60.000000000

 Number of alpha electrons:             33
 Number of beta electrons:              27
 Number of unpaired electrons:           6
 Spin:                                   6
 Multiplicity:                           octet

 Theory:                                 dft
 Exchange-correlation functional:        0.5 b88 + 0.75 lyp
 Method for Coulomb:                     incore_df
 Method for exact exchange:              pre_transformed_df
 Integral threshold:                     1.00e-12
 DF basis set:                           def2-universal-jkfit
 Number of DF basis functions:         530
 Schwarz screening threshold:            1.00e-10
 Coulomb fitting method:                 Cholesky

 ------------------
  UW12 Correlation 
 ------------------
 Factor for UW12 correlation:            1.000000000
 Opposite spin scale factor:             0.250000000
 Same spin scale factor:                 0.500000000
 Calculate indirect contribution:        true
 Method for three electron term:         df_ri
 Auxiliary RI basis set:                 Def2-TZVPPD-RI
 Number of RI basis functions:         400
 Gaussians in geminal expansion:        10
 UW12 screening threshold:               1.00e-16
 Method for density-fitting:             w(r)
 Number of core spatial orbitals:       18

 Total number of grid points:        16100
 Method for AO orthogonalization:        symmetric
 Threshold for linear dependence:        1.00e-08
 D3BJ dispersion energy:                -0.001699388

 -------------------------------------
  Running unrestricted open-shell SCF 
 -------------------------------------
 Max number of iterations:             128
 Conv. threshold (gradient):             1.00e-05
 Conv. threshold (energy):               1.00e-06
 Interpolation scheme:                   adiis+cdiis
 Initial guess:                          SAD

 ---------------------------------------------------------------
                  energy        change          grad        time
 ---------------------------------------------------------------
   0     -3724.725183275                    2.19e+00       16.10
   1     -3724.972609424     -2.47e-01      1.62e-01        5.76
   2     -3724.985678355     -1.31e-02      1.73e-01        5.58
   3     -3724.994290688     -8.61e-03      1.08e-01        5.48
   4     -3725.000218668     -5.93e-03      5.16e-02        5.54
   5     -3725.000936352     -7.18e-04      4.92e-02        5.80
   6     -3725.001811568     -8.75e-04      1.91e-03        5.48
   7     -3725.001827544     -1.60e-05      5.41e-04        5.98
   8     -3725.001828183     -6.39e-07      2.82e-04        6.14
   9     -3725.001828242     -5.89e-08      7.19e-05        6.05
  10     -3725.001828120      1.22e-07      1.34e-05        6.06
  11     -3725.001828106      1.37e-08      3.98e-06        6.04

 SCF converged in 11 iterations.

 Dipole moment (in Debye):               0.000000       0.000000      -3.226158

 Quadrupole moment (in Debye-Angstrom):
                  1            2            3
 1       -34.035843    -0.000000    -0.000000
 2        -0.000000   -34.035843    -0.000000
 3        -0.000000    -0.000000   -35.672896

 Spin-squared expectation <S^2>:        12.004
 Total spin quantum number S:            3.001
 TOTAL ENERGY:                       -3725.001828121

 --------------------------------------------------------------------------------

 End time:                               Sun Nov  7 03:29:05 2021
 Total wall-clock time:                107.331 seconds
==================================================================================
