
================================================================================
          _____________ ________ _______________ ________     _________         
         / ___________// ______ \\_____   _____// ______ \   / ________)        
        / /_________  / /      \ \     | |     / /      \ \ | (_______          
       |  __________|| |        | |    | |    | |        | | \________ \        
        \ \_________ | |        | |    | |     \ \______/ /___________) |       
         \__________||_|        |_|    |_|      \________//____________/        
                                                                                
====================================[ Qcore ]===================================

 Git describe: 2.3.0-1-g21d9df7e5
 Compiler:     GNU 9.1.0
 Build type:   Release
 Version:      2.3.0-1-g21d9df7e5

 Start time:   Tue Oct 26 23:32:53 2021

 Data directory: /work/zw18965/.local/qcore/share/entos/qcore/data
 Number of threads: 24
 Number of threads was determined by: command line argument

 --------------------------------------------------------------------------------
                                   command: dft                                  
 --------------------------------------------------------------------------------
 AO basis set:                           def2-tzvppd
 Number of AO basis functions:         118

 Formula:                                ClFe
 Nuclear charge:                        43.000000000
 Total charge:                           0.000000000
 Number of electrons:                   43.000000000

 Number of alpha electrons:             24
 Number of beta electrons:              19
 Number of unpaired electrons:           5
 Spin:                                   5
 Multiplicity:                           septet

 Theory:                                 dft
 Exchange-correlation functional:        0.5 b88 + 0.75 lyp
 Method for Coulomb:                     incore_df
 Method for exact exchange:              pre_transformed_df
 Integral threshold:                     1.00e-12
 DF basis set:                           def2-universal-jkfit
 Number of DF basis functions:         392
 Schwarz screening threshold:            1.00e-10
 Coulomb fitting method:                 Cholesky

 ------------------
  UW12 Correlation 
 ------------------
 Factor for UW12 correlation:            1.000000000
 Opposite spin scale factor:             0.250000000
 Same spin scale factor:                 0.500000000
 Calculate indirect contribution:        true
 Method for three electron term:         df_ri
 Auxiliary RI basis set:                 Def2-TZVPPD-RI
 Number of RI basis functions:         364
 Gaussians in geminal expansion:        10
 UW12 screening threshold:               1.00e-12
 Method for density-fitting:             w(r)
 Number of core spatial orbitals:       14

 Total number of grid points:        15430
 Method for AO orthogonalization:        symmetric
 Threshold for linear dependence:        1.00e-08
 D3BJ dispersion energy:                -0.001292261

 -------------------------------------
  Running unrestricted open-shell SCF 
 -------------------------------------
 Max number of iterations:             128
 Conv. threshold (gradient):             1.00e-05
 Conv. threshold (energy):               1.00e-06
 Interpolation scheme:                   adiis+cdiis
 Initial guess:                          SAD

 ---------------------------------------------------------------
                  energy        change          grad        time
 ---------------------------------------------------------------
   0     -1723.541656964                    1.80e+00        5.58
   1     -1723.670995937     -1.29e-01      1.94e-01        1.97
   2     -1723.692477046     -2.15e-02      1.24e-01        1.84
   3     -1723.697325900     -4.85e-03      9.32e-02        1.82
   4     -1723.704184066     -6.86e-03      3.03e-02        1.80
   5     -1723.704618515     -4.34e-04      6.40e-03        1.82
   6     -1723.704598790      1.97e-05      2.29e-03        1.88
   7     -1723.704622678     -2.39e-05      6.25e-04        1.81
   8     -1723.704619182      3.50e-06      3.54e-04        1.82
   9     -1723.704618529      6.53e-07      4.25e-05        1.78
  10     -1723.704618395      1.34e-07      1.10e-05        1.89
  11     -1723.704618425     -2.99e-08      2.93e-06        1.81

 SCF converged in 11 iterations.

 Dipole moment (in Debye):              -0.000001      -0.000001       2.642607

 Quadrupole moment (in Debye-Angstrom):
                  1            2            3
 1       -27.737053     0.000001    -0.000000
 2         0.000001   -27.737053    -0.000000
 3        -0.000000    -0.000000   -32.037817

 Spin-squared expectation <S^2>:         8.756
 Total spin quantum number S:            2.501
 TOTAL ENERGY:                       -1723.704618440

 --------------------------------------------------------------------------------

 End time:                               Tue Oct 26 23:33:35 2021
 Total wall-clock time:                 42.151 seconds
==================================================================================
