
================================================================================
          _____________ ________ _______________ ________     _________         
         / ___________// ______ \\_____   _____// ______ \   / ________)        
        / /_________  / /      \ \     | |     / /      \ \ | (_______          
       |  __________|| |        | |    | |    | |        | | \________ \        
        \ \_________ | |        | |    | |     \ \______/ /___________) |       
         \__________||_|        |_|    |_|      \________//____________/        
                                                                                
====================================[ Qcore ]===================================

 Git describe: 2.3.0-1-g21d9df7e5
 Compiler:     GNU 9.1.0
 Build type:   Release
 Version:      2.3.0-1-g21d9df7e5

 Start time:   Tue Oct 26 23:27:55 2021

 Data directory: /work/zw18965/.local/qcore/share/entos/qcore/data
 Number of threads: 24
 Number of threads was determined by: command line argument

 --------------------------------------------------------------------------------
                                   command: dft                                  
 --------------------------------------------------------------------------------
 AO basis set:                           def2-tzvppd
 Number of AO basis functions:         124

 Formula:                                TiBr
 Nuclear charge:                        57.000000000
 Total charge:                           0.000000000
 Number of electrons:                   57.000000000

 Number of alpha electrons:             30
 Number of beta electrons:              27
 Number of unpaired electrons:           3
 Spin:                                   3
 Multiplicity:                           quartet

 Theory:                                 dft
 Exchange-correlation functional:        0.5 b88 + 0.75 lyp
 Method for Coulomb:                     incore_df
 Method for exact exchange:              pre_transformed_df
 Integral threshold:                     1.00e-12
 DF basis set:                           def2-universal-jkfit
 Number of DF basis functions:         530
 Schwarz screening threshold:            1.00e-10
 Coulomb fitting method:                 Cholesky

 ------------------
  UW12 Correlation 
 ------------------
 Factor for UW12 correlation:            1.000000000
 Opposite spin scale factor:             0.250000000
 Same spin scale factor:                 0.500000000
 Calculate indirect contribution:        true
 Method for three electron term:         df_ri
 Auxiliary RI basis set:                 Def2-TZVPPD-RI
 Number of RI basis functions:         400
 Gaussians in geminal expansion:        10
 UW12 screening threshold:               1.00e-12
 Method for density-fitting:             w(r)
 Number of core spatial orbitals:       18

 Total number of grid points:        15956
 Method for AO orthogonalization:        symmetric
 Threshold for linear dependence:        1.00e-08
 D3BJ dispersion energy:                -0.002017629

 -------------------------------------
  Running unrestricted open-shell SCF 
 -------------------------------------
 Max number of iterations:             128
 Conv. threshold (gradient):             1.00e-05
 Conv. threshold (energy):               1.00e-06
 Interpolation scheme:                   adiis+cdiis
 Initial guess:                          SAD

 ---------------------------------------------------------------
                  energy        change          grad        time
 ---------------------------------------------------------------
   0     -3423.222537752                    2.52e+00       12.70
   1     -3423.218851210      3.69e-03      1.98e-01        4.77
   2     -3423.238787949     -1.99e-02      1.60e-01        4.70
   3     -3423.252430064     -1.36e-02      7.88e-02        4.71
   4     -3423.255068277     -2.64e-03      6.22e-02        4.62
   5     -3423.256605105     -1.54e-03      5.89e-03        4.72
   6     -3423.256637399     -3.23e-05      3.95e-03        4.57
   7     -3423.256648335     -1.09e-05      1.58e-03        4.73
   8     -3423.256653431     -5.10e-06      7.67e-04        4.69
   9     -3423.256655358     -1.93e-06      3.50e-04        4.64
  10     -3423.256655882     -5.23e-07      9.93e-05        4.57
  11     -3423.256655930     -4.83e-08      3.68e-05        4.61
  12     -3423.256655956     -2.62e-08      1.24e-05        4.60
  13     -3423.256655953      2.72e-09      1.27e-05        4.75
  14     -3423.256655954     -2.03e-10      1.34e-05        4.80
  15     -3423.256655951      2.49e-09      1.03e-05        4.75
  16     -3423.256655955     -3.33e-09      7.67e-06        4.63

 SCF converged in 16 iterations.

 Dipole moment (in Debye):               0.000126       0.000126      -4.510253

 Quadrupole moment (in Debye-Angstrom):
                  1            2            3
 1       -35.921619     0.000939    -0.000353
 2         0.000939   -35.921619    -0.000353
 3        -0.000353    -0.000353   -32.771645

 Spin-squared expectation <S^2>:         3.755
 Total spin quantum number S:            1.501
 TOTAL ENERGY:                       -3423.256655952

 --------------------------------------------------------------------------------

 End time:                               Tue Oct 26 23:29:47 2021
 Total wall-clock time:                111.439 seconds
==================================================================================
