
================================================================================
          _____________ ________ _______________ ________     _________         
         / ___________// ______ \\_____   _____// ______ \   / ________)        
        / /_________  / /      \ \     | |     / /      \ \ | (_______          
       |  __________|| |        | |    | |    | |        | | \________ \        
        \ \_________ | |        | |    | |     \ \______/ /___________) |       
         \__________||_|        |_|    |_|      \________//____________/        
                                                                                
====================================[ Qcore ]===================================

 Git describe: 2.3.0-3-g778a55bfd
 Compiler:     GNU 9.3.0
 Build type:   Release
 Version:      2.3.0-3-g778a55bfd

 Start time:   Sun Nov  7 03:26:18 2021

 Data directory: /mnt/storage/scratch/zw18965/.local/qcore/share/entos/qcore/data
 Number of threads: 28
 Number of threads was determined by: command line argument

 --------------------------------------------------------------------------------
                                   command: dft                                  
 --------------------------------------------------------------------------------
 AO basis set:                           def2-tzvppd
 Number of AO basis functions:          67

 Formula:                                Mn
 Nuclear charge:                        25.000000000
 Total charge:                           0.000000000
 Number of electrons:                   25.000000000

 Number of alpha electrons:             15
 Number of beta electrons:              10
 Number of unpaired electrons:           5
 Spin:                                   5
 Multiplicity:                           septet

 Theory:                                 dft
 Exchange-correlation functional:        0.5 b88 + 0.75 lyp
 Method for Coulomb:                     incore_df
 Method for exact exchange:              pre_transformed_df
 Integral threshold:                     1.00e-12
 DF basis set:                           def2-universal-jkfit
 Number of DF basis functions:         264
 Schwarz screening threshold:            1.00e-10
 Coulomb fitting method:                 Cholesky

 ------------------
  UW12 Correlation 
 ------------------
 Factor for UW12 correlation:            1.000000000
 Opposite spin scale factor:             0.250000000
 Same spin scale factor:                 0.500000000
 Calculate indirect contribution:        true
 Method for three electron term:         df_ri
 Auxiliary RI basis set:                 Def2-TZVPPD-RI
 Number of RI basis functions:         225
 Gaussians in geminal expansion:        10
 UW12 screening threshold:               1.00e-16
 Method for density-fitting:             w(r)
 Number of core spatial orbitals:        9

 Total number of grid points:         7936
 Method for AO orthogonalization:        symmetric
 Threshold for linear dependence:        1.00e-08
 D3BJ dispersion energy:                 0.000000000

 -------------------------------------
  Running unrestricted open-shell SCF 
 -------------------------------------
 Max number of iterations:             128
 Conv. threshold (gradient):             1.00e-05
 Conv. threshold (energy):               1.00e-06
 Interpolation scheme:                   adiis+cdiis
 Initial guess:                          SAD

 ---------------------------------------------------------------
                  energy        change          grad        time
 ---------------------------------------------------------------
   0     -1150.460512930                    5.66e-02        1.91
   1     -1150.660662330     -2.00e-01      3.19e-01        0.18
   2     -1150.230975603      4.30e-01      8.28e-01        0.17
   3     -1150.736204298     -5.05e-01      1.21e-01        0.18
   4     -1150.731309637      4.89e-03      1.27e-01        0.19
   5     -1150.745161779     -1.39e-02      5.11e-03        0.18
   6     -1150.745212803     -5.10e-05      1.95e-03        0.19
   7     -1150.745200428      1.24e-05      7.04e-04        0.18
   8     -1150.745196801      3.63e-06      1.68e-04        0.17
   9     -1150.745196113      6.89e-07      1.96e-04        0.18
  10     -1150.745195804      3.09e-07      4.89e-05        0.17
  11     -1150.745195475      3.29e-07      4.62e-05        0.18
  12     -1150.745195483     -8.37e-09      5.81e-05        0.18
  13     -1150.745195436      4.71e-08      4.97e-05        0.18
  14     -1150.745195428      8.25e-09      2.19e-05        0.18
  15     -1150.745195408      1.99e-08      1.64e-05        0.18
  16     -1150.745195408     -9.05e-11      1.33e-05        0.17
  17     -1150.745195403      4.79e-09      9.75e-06        0.18

 SCF converged in 17 iterations.

 Dipole moment (in Debye):               0.000024       0.000024       0.000000

 Quadrupole moment (in Debye-Angstrom):
                  1            2            3
 1       -16.287137     0.000198     0.000007
 2         0.000198   -16.287137     0.000007
 3         0.000007     0.000007   -15.151291

 Spin-squared expectation <S^2>:         8.760
 Total spin quantum number S:            2.502
 TOTAL ENERGY:                       -1150.745195404

 --------------------------------------------------------------------------------

 End time:                               Sun Nov  7 03:26:36 2021
 Total wall-clock time:                 17.287 seconds
==================================================================================
