
================================================================================
          _____________ ________ _______________ ________     _________         
         / ___________// ______ \\_____   _____// ______ \   / ________)        
        / /_________  / /      \ \     | |     / /      \ \ | (_______          
       |  __________|| |        | |    | |    | |        | | \________ \        
        \ \_________ | |        | |    | |     \ \______/ /___________) |       
         \__________||_|        |_|    |_|      \________//____________/        
                                                                                
====================================[ Qcore ]===================================

 Git describe: 2.3.0-3-g778a55bfd
 Compiler:     GNU 9.3.0
 Build type:   Release
 Version:      2.3.0-3-g778a55bfd

 Start time:   Sun Nov  7 03:27:18 2021

 Data directory: /mnt/storage/scratch/zw18965/.local/qcore/share/entos/qcore/data
 Number of threads: 28
 Number of threads was determined by: command line argument

 --------------------------------------------------------------------------------
                                   command: dft                                  
 --------------------------------------------------------------------------------
 AO basis set:                           def2-tzvppd
 Number of AO basis functions:          67

 Formula:                                Co
 Nuclear charge:                        27.000000000
 Total charge:                           0.000000000
 Number of electrons:                   27.000000000

 Number of alpha electrons:             15
 Number of beta electrons:              12
 Number of unpaired electrons:           3
 Spin:                                   3
 Multiplicity:                           quartet

 Theory:                                 dft
 Exchange-correlation functional:        0.5 b88 + 0.75 lyp
 Method for Coulomb:                     incore_df
 Method for exact exchange:              pre_transformed_df
 Integral threshold:                     1.00e-12
 DF basis set:                           def2-universal-jkfit
 Number of DF basis functions:         264
 Schwarz screening threshold:            1.00e-10
 Coulomb fitting method:                 Cholesky

 ------------------
  UW12 Correlation 
 ------------------
 Factor for UW12 correlation:            1.000000000
 Opposite spin scale factor:             0.250000000
 Same spin scale factor:                 0.500000000
 Calculate indirect contribution:        true
 Method for three electron term:         df_ri
 Auxiliary RI basis set:                 Def2-TZVPPD-RI
 Number of RI basis functions:         225
 Gaussians in geminal expansion:        10
 UW12 screening threshold:               1.00e-16
 Method for density-fitting:             w(r)
 Number of core spatial orbitals:        9

 Total number of grid points:         7936
 Method for AO orthogonalization:        symmetric
 Threshold for linear dependence:        1.00e-08
 D3BJ dispersion energy:                 0.000000000

 -------------------------------------
  Running unrestricted open-shell SCF 
 -------------------------------------
 Max number of iterations:             128
 Conv. threshold (gradient):             1.00e-05
 Conv. threshold (energy):               1.00e-06
 Interpolation scheme:                   adiis+cdiis
 Initial guess:                          SAD

 ---------------------------------------------------------------
                  energy        change          grad        time
 ---------------------------------------------------------------
   0     -1382.398991929                    1.11e-02        1.90
   1     -1382.389811436      9.18e-03      5.77e-01        0.21
   2     -1381.945891171      4.44e-01      1.24e+00        0.21
   3     -1382.471797341     -5.26e-01      5.05e-01        0.22
   4     -1382.567689448     -9.59e-02      2.24e-01        0.21
   5     -1382.558126535      9.56e-03      2.17e-01        0.21
   6     -1382.576596381     -1.85e-02      1.19e-02        0.21
   7     -1382.576987255     -3.91e-04      1.93e-02        0.22
   8     -1382.577055079     -6.78e-05      6.85e-03        0.23
   9     -1382.577183135     -1.28e-04      4.13e-03        0.21
  10     -1382.577253289     -7.02e-05      1.50e-03        0.21
  11     -1382.577247284      6.00e-06      9.26e-04        0.22
  12     -1382.577247616     -3.31e-07      9.55e-04        0.21
  13     -1382.577241198      6.42e-06      8.07e-04        0.22
  14     -1382.577243887     -2.69e-06      7.09e-04        0.22
  15     -1382.577243354      5.33e-07      7.15e-04        0.21
  16     -1382.577242122      1.23e-06      6.59e-04        0.21
  17     -1382.577249233     -7.11e-06      1.04e-03        0.21
  18     -1382.577248261      9.71e-07      9.08e-04        0.21
  19     -1382.577241533      6.73e-06      5.27e-05        0.21
  20     -1382.577242203     -6.70e-07      8.78e-05        0.21
  21     -1382.577241750      4.53e-07      3.15e-05        0.21
  22     -1382.577241482      2.68e-07      1.51e-05        0.22
  23     -1382.577241510     -2.81e-08      1.19e-05        0.21
  24     -1382.577241572     -6.21e-08      9.98e-06        0.21

 SCF converged in 24 iterations.

 Dipole moment (in Debye):              -0.000001       0.000001      -0.000001

 Quadrupole moment (in Debye-Angstrom):
                  1            2            3
 1       -14.832269    -0.040408     0.253677
 2        -0.040408   -14.938703    -0.084212
 3         0.253677    -0.084212   -14.418943

 Spin-squared expectation <S^2>:         3.753
 Total spin quantum number S:            1.501
 TOTAL ENERGY:                       -1382.577241704

 --------------------------------------------------------------------------------

 End time:                               Sun Nov  7 03:27:47 2021
 Total wall-clock time:                 29.035 seconds
==================================================================================
