
================================================================================
          _____________ ________ _______________ ________     _________         
         / ___________// ______ \\_____   _____// ______ \   / ________)        
        / /_________  / /      \ \     | |     / /      \ \ | (_______          
       |  __________|| |        | |    | |    | |        | | \________ \        
        \ \_________ | |        | |    | |     \ \______/ /___________) |       
         \__________||_|        |_|    |_|      \________//____________/        
                                                                                
====================================[ Qcore ]===================================

 Git describe: 2.3.0-3-g778a55bfd
 Compiler:     GNU 9.3.0
 Build type:   Release
 Version:      2.3.0-3-g778a55bfd

 Start time:   Sun Nov  7 03:28:18 2021

 Data directory: /mnt/storage/scratch/zw18965/.local/qcore/share/entos/qcore/data
 Number of threads: 28
 Number of threads was determined by: command line argument

 --------------------------------------------------------------------------------
                                   command: dft                                  
 --------------------------------------------------------------------------------
 AO basis set:                           def2-tzvppd
 Number of AO basis functions:         107

 Formula:                                OV
 Nuclear charge:                        31.000000000
 Total charge:                           0.000000000
 Number of electrons:                   31.000000000

 Number of alpha electrons:             17
 Number of beta electrons:              14
 Number of unpaired electrons:           3
 Spin:                                   3
 Multiplicity:                           quartet

 Theory:                                 dft
 Exchange-correlation functional:        0.5 b88 + 0.75 lyp
 Method for Coulomb:                     incore_df
 Method for exact exchange:              pre_transformed_df
 Integral threshold:                     1.00e-12
 DF basis set:                           def2-universal-jkfit
 Number of DF basis functions:         341
 Schwarz screening threshold:            1.00e-10
 Coulomb fitting method:                 Cholesky

 ------------------
  UW12 Correlation 
 ------------------
 Factor for UW12 correlation:            1.000000000
 Opposite spin scale factor:             0.250000000
 Same spin scale factor:                 0.500000000
 Calculate indirect contribution:        true
 Method for three electron term:         df_ri
 Auxiliary RI basis set:                 Def2-TZVPPD-RI
 Number of RI basis functions:         317
 Gaussians in geminal expansion:        10
 UW12 screening threshold:               1.00e-16
 Method for density-fitting:             w(r)
 Number of core spatial orbitals:       10

 Total number of grid points:        14796
 Method for AO orthogonalization:        symmetric
 Threshold for linear dependence:        1.00e-08
 D3BJ dispersion energy:                -0.000729475

 -------------------------------------
  Running unrestricted open-shell SCF 
 -------------------------------------
 Max number of iterations:             128
 Conv. threshold (gradient):             1.00e-05
 Conv. threshold (energy):               1.00e-06
 Interpolation scheme:                   adiis+cdiis
 Initial guess:                          SAD

 ---------------------------------------------------------------
                  energy        change          grad        time
 ---------------------------------------------------------------
   0     -1018.852083593                    2.12e+00        5.63
   1     -1018.464197010      3.88e-01      1.24e+00        0.92
   2     -1009.123361527      9.34e+00      4.57e+00        0.87
   3     -1017.840330968     -8.72e+00      1.88e+00        0.84
   4     -1019.020403476     -1.18e+00      1.66e-01        0.84
   5     -1018.984388616      3.60e-02      4.05e-01        0.85
   6     -1019.024003135     -3.96e-02      1.29e-01        0.87
   7     -1019.026459998     -2.46e-03      6.80e-02        0.84
   8     -1019.027672351     -1.21e-03      4.04e-02        0.84
   9     -1019.028178557     -5.06e-04      4.50e-03        0.84
  10     -1019.028224664     -4.61e-05      5.66e-03        0.83
  11     -1019.028245665     -2.10e-05      9.99e-04        0.84
  12     -1019.028248298     -2.63e-06      2.38e-04        0.83
  13     -1019.028249421     -1.12e-06      1.16e-04        0.85
  14     -1019.028249690     -2.70e-07      1.57e-05        0.83
  15     -1019.028249720     -2.99e-08      8.42e-06        0.83

 SCF converged in 15 iterations.

 Dipole moment (in Debye):              -0.000001      -0.000001       3.768142

 Quadrupole moment (in Debye-Angstrom):
                  1            2            3
 1       -21.512564     0.000000    -0.000000
 2         0.000000   -21.512564    -0.000000
 3        -0.000000    -0.000000   -23.070686

 Spin-squared expectation <S^2>:         3.829
 Total spin quantum number S:            1.520
 TOTAL ENERGY:                       -1019.028249717

 --------------------------------------------------------------------------------

 End time:                               Sun Nov  7 03:28:51 2021
 Total wall-clock time:                 33.496 seconds
==================================================================================
