
================================================================================
          _____________ ________ _______________ ________     _________         
         / ___________// ______ \\_____   _____// ______ \   / ________)        
        / /_________  / /      \ \     | |     / /      \ \ | (_______          
       |  __________|| |        | |    | |    | |        | | \________ \        
        \ \_________ | |        | |    | |     \ \______/ /___________) |       
         \__________||_|        |_|    |_|      \________//____________/        
                                                                                
====================================[ Qcore ]===================================

 Git describe: 2.3.0-3-g778a55bfd
 Compiler:     GNU 9.3.0
 Build type:   Release
 Version:      2.3.0-3-g778a55bfd

 Start time:   Sun Nov  7 03:27:18 2021

 Data directory: /mnt/storage/scratch/zw18965/.local/qcore/share/entos/qcore/data
 Number of threads: 28
 Number of threads was determined by: command line argument

 --------------------------------------------------------------------------------
                                   command: dft                                  
 --------------------------------------------------------------------------------
 AO basis set:                           def2-tzvppd
 Number of AO basis functions:         118

 Formula:                                SFe
 Nuclear charge:                        42.000000000
 Total charge:                           0.000000000
 Number of electrons:                   42.000000000

 Number of alpha electrons:             23
 Number of beta electrons:              19
 Number of unpaired electrons:           4
 Spin:                                   4
 Multiplicity:                           quintet

 Theory:                                 dft
 Exchange-correlation functional:        0.5 b88 + 0.75 lyp
 Method for Coulomb:                     incore_df
 Method for exact exchange:              pre_transformed_df
 Integral threshold:                     1.00e-12
 DF basis set:                           def2-universal-jkfit
 Number of DF basis functions:         392
 Schwarz screening threshold:            1.00e-10
 Coulomb fitting method:                 Cholesky

 ------------------
  UW12 Correlation 
 ------------------
 Factor for UW12 correlation:            1.000000000
 Opposite spin scale factor:             0.250000000
 Same spin scale factor:                 0.500000000
 Calculate indirect contribution:        true
 Method for three electron term:         df_ri
 Auxiliary RI basis set:                 Def2-TZVPPD-RI
 Number of RI basis functions:         364
 Gaussians in geminal expansion:        10
 UW12 screening threshold:               1.00e-16
 Method for density-fitting:             w(r)
 Number of core spatial orbitals:       14

 Total number of grid points:        15286
 Method for AO orthogonalization:        symmetric
 Threshold for linear dependence:        1.00e-08
 D3BJ dispersion energy:                -0.001513225

 -------------------------------------
  Running unrestricted open-shell SCF 
 -------------------------------------
 Max number of iterations:             128
 Conv. threshold (gradient):             1.00e-05
 Conv. threshold (energy):               1.00e-06
 Interpolation scheme:                   adiis+cdiis
 Initial guess:                          SAD

 ---------------------------------------------------------------
                  energy        change          grad        time
 ---------------------------------------------------------------
   0     -1661.627501075                    2.33e+00        7.67
   1     -1661.552258046      7.52e-02      4.19e-01        1.87
   2     -1661.337114031      2.15e-01      1.19e+00        1.83
   3     -1661.631663305     -2.95e-01      1.71e-01        1.83
   4     -1661.601787357      2.99e-02      3.24e-01        1.72
   5     -1661.644141634     -4.24e-02      1.08e-01        1.74
   6     -1661.629446083      1.47e-02      2.98e-01        1.75
   7     -1661.649369486     -1.99e-02      6.13e-02        1.74
   8     -1661.649212739      1.57e-04      3.32e-02        1.83
   9     -1661.650194440     -9.82e-04      4.83e-03        1.78
  10     -1661.650211194     -1.68e-05      1.88e-03        1.77
  11     -1661.650203627      7.57e-06      5.98e-04        1.88
  12     -1661.650201799      1.83e-06      1.44e-04        1.84
  13     -1661.650200936      8.64e-07      4.14e-05        1.78
  14     -1661.650200698      2.38e-07      1.55e-05        1.76
  15     -1661.650200647      5.14e-08      6.50e-06        1.73

 SCF converged in 15 iterations.

 Dipole moment (in Debye):              -0.000000      -0.000000       5.915773

 Quadrupole moment (in Debye-Angstrom):
                  1            2            3
 1       -28.397761     0.000005    -0.000001
 2         0.000005   -28.397761    -0.000001
 3        -0.000001    -0.000001   -24.545378

 Spin-squared expectation <S^2>:         6.048
 Total spin quantum number S:            2.010
 TOTAL ENERGY:                       -1661.650200649

 --------------------------------------------------------------------------------

 End time:                               Sun Nov  7 03:28:10 2021
 Total wall-clock time:                 51.700 seconds
==================================================================================
