
================================================================================
          _____________ ________ _______________ ________     _________         
         / ___________// ______ \\_____   _____// ______ \   / ________)        
        / /_________  / /      \ \     | |     / /      \ \ | (_______          
       |  __________|| |        | |    | |    | |        | | \________ \        
        \ \_________ | |        | |    | |     \ \______/ /___________) |       
         \__________||_|        |_|    |_|      \________//____________/        
                                                                                
====================================[ Qcore ]===================================

 Git describe: 2.3.0-3-g778a55bfd
 Compiler:     GNU 9.3.0
 Build type:   Release
 Version:      2.3.0-3-g778a55bfd

 Start time:   Sun Nov  7 03:27:18 2021

 Data directory: /mnt/storage/scratch/zw18965/.local/qcore/share/entos/qcore/data
 Number of threads: 28
 Number of threads was determined by: command line argument

 --------------------------------------------------------------------------------
                                   command: dft                                  
 --------------------------------------------------------------------------------
 AO basis set:                           def2-tzvppd
 Number of AO basis functions:         107

 Formula:                                FCo
 Nuclear charge:                        36.000000000
 Total charge:                           0.000000000
 Number of electrons:                   36.000000000

 Number of alpha electrons:             19
 Number of beta electrons:              17
 Number of unpaired electrons:           2
 Spin:                                   2
 Multiplicity:                           triplet

 Theory:                                 dft
 Exchange-correlation functional:        0.5 b88 + 0.75 lyp
 Method for Coulomb:                     incore_df
 Method for exact exchange:              pre_transformed_df
 Integral threshold:                     1.00e-12
 DF basis set:                           def2-universal-jkfit
 Number of DF basis functions:         341
 Schwarz screening threshold:            1.00e-10
 Coulomb fitting method:                 Cholesky

 ------------------
  UW12 Correlation 
 ------------------
 Factor for UW12 correlation:            1.000000000
 Opposite spin scale factor:             0.250000000
 Same spin scale factor:                 0.500000000
 Calculate indirect contribution:        true
 Method for three electron term:         df_ri
 Auxiliary RI basis set:                 Def2-TZVPPD-RI
 Number of RI basis functions:         317
 Gaussians in geminal expansion:        10
 UW12 screening threshold:               1.00e-16
 Method for density-fitting:             w(r)
 Number of core spatial orbitals:       10

 Total number of grid points:        14748
 Method for AO orthogonalization:        symmetric
 Threshold for linear dependence:        1.00e-08
 D3BJ dispersion energy:                -0.000398102

 -------------------------------------
  Running unrestricted open-shell SCF 
 -------------------------------------
 Max number of iterations:             128
 Conv. threshold (gradient):             1.00e-05
 Conv. threshold (energy):               1.00e-06
 Interpolation scheme:                   adiis+cdiis
 Initial guess:                          SAD

 ---------------------------------------------------------------
                  energy        change          grad        time
 ---------------------------------------------------------------
   0     -1482.358525947                    1.23e+00        5.85
   1     -1482.324687302      3.38e-02      8.11e-01        1.21
   2     -1478.232147489      4.09e+00      3.24e+00        1.21
   3     -1482.199166326     -3.97e+00      8.95e-01        1.20
   4     -1482.530252421     -3.31e-01      8.91e-02        1.19
   5     -1482.529590806      6.62e-04      1.01e-01        1.22
   6     -1482.534352690     -4.76e-03      2.33e-02        1.20
   7     -1482.535064580     -7.12e-04      1.30e-02        1.21
   8     -1482.535494096     -4.30e-04      8.36e-03        1.19
   9     -1482.535736063     -2.42e-04      6.89e-03        1.14
  10     -1482.535789244     -5.32e-05      4.87e-03        1.20
  11     -1482.535829401     -4.02e-05      4.66e-03        1.14
  12     -1482.535800627      2.88e-05      1.98e-03        1.14
  13     -1482.535777927      2.27e-05      6.67e-04        1.14
  14     -1482.535776013      1.91e-06      1.82e-04        1.17
  15     -1482.535773585      2.43e-06      2.42e-05        1.16
  16     -1482.535773322      2.63e-07      9.19e-06        1.20

 SCF converged in 16 iterations.

 Dipole moment (in Debye):              -0.000003      -0.000002       5.260650

 Quadrupole moment (in Debye-Angstrom):
                  1            2            3
 1       -18.347132     0.000000    -0.000004
 2         0.000000   -18.347132    -0.000003
 3        -0.000004    -0.000003   -18.616107

 Spin-squared expectation <S^2>:         2.134
 Total spin quantum number S:            1.044
 TOTAL ENERGY:                       -1482.535773222

 --------------------------------------------------------------------------------

 End time:                               Sun Nov  7 03:28:06 2021
 Total wall-clock time:                 48.396 seconds
==================================================================================
