
================================================================================
          _____________ ________ _______________ ________     _________         
         / ___________// ______ \\_____   _____// ______ \   / ________)        
        / /_________  / /      \ \     | |     / /      \ \ | (_______          
       |  __________|| |        | |    | |    | |        | | \________ \        
        \ \_________ | |        | |    | |     \ \______/ /___________) |       
         \__________||_|        |_|    |_|      \________//____________/        
                                                                                
====================================[ Qcore ]===================================

 Git describe: 2.3.0-3-g778a55bfd
 Compiler:     GNU 9.3.0
 Build type:   Release
 Version:      2.3.0-3-g778a55bfd

 Start time:   Sun Nov  7 03:25:24 2021

 Data directory: /mnt/storage/scratch/zw18965/.local/qcore/share/entos/qcore/data
 Number of threads: 28
 Number of threads was determined by: command line argument

 --------------------------------------------------------------------------------
                                   command: dft                                  
 --------------------------------------------------------------------------------
 AO basis set:                           def2-tzvppd
 Number of AO basis functions:          84

 Formula:                                HCo
 Nuclear charge:                        28.000000000
 Total charge:                           0.000000000
 Number of electrons:                   28.000000000

 Number of alpha electrons:             15
 Number of beta electrons:              13
 Number of unpaired electrons:           2
 Spin:                                   2
 Multiplicity:                           triplet

 Theory:                                 dft
 Exchange-correlation functional:        0.5 b88 + 0.75 lyp
 Method for Coulomb:                     incore_df
 Method for exact exchange:              pre_transformed_df
 Integral threshold:                     1.00e-12
 DF basis set:                           def2-universal-jkfit
 Number of DF basis functions:         282
 Schwarz screening threshold:            1.00e-10
 Coulomb fitting method:                 Cholesky

 ------------------
  UW12 Correlation 
 ------------------
 Factor for UW12 correlation:            1.000000000
 Opposite spin scale factor:             0.250000000
 Same spin scale factor:                 0.500000000
 Calculate indirect contribution:        true
 Method for three electron term:         df_ri
 Auxiliary RI basis set:                 Def2-TZVPPD-RI
 Number of RI basis functions:         264
 Gaussians in geminal expansion:        10
 UW12 screening threshold:               1.00e-16
 Method for density-fitting:             w(r)
 Number of core spatial orbitals:        9

 Total number of grid points:        13826
 Method for AO orthogonalization:        symmetric
 Threshold for linear dependence:        1.00e-08
 D3BJ dispersion energy:                -0.000348871

 -------------------------------------
  Running unrestricted open-shell SCF 
 -------------------------------------
 Max number of iterations:             128
 Conv. threshold (gradient):             1.00e-05
 Conv. threshold (energy):               1.00e-06
 Interpolation scheme:                   adiis+cdiis
 Initial guess:                          SAD

 ---------------------------------------------------------------
                  energy        change          grad        time
 ---------------------------------------------------------------
   0     -1383.007927026                    1.35e+00        3.17
   1     -1383.051850845     -4.39e-02      6.52e-01        0.39
   2     -1382.887548611      1.64e-01      1.01e+00        0.39
   3     -1383.147684672     -2.60e-01      1.54e-01        0.37
   4     -1383.142027449      5.66e-03      2.65e-01        0.37
   5     -1383.153550242     -1.15e-02      5.19e-02        0.36
   6     -1383.154303134     -7.53e-04      7.53e-02        0.39
   7     -1383.155050963     -7.48e-04      1.36e-02        0.37
   8     -1383.155525455     -4.74e-04      1.11e-02        0.38
   9     -1383.155630483     -1.05e-04      4.68e-03        0.36
  10     -1383.155626294      4.19e-06      9.56e-04        0.37
  11     -1383.155619705      6.59e-06      6.56e-04        0.36
  12     -1383.155612896      6.81e-06      1.17e-04        0.38
  13     -1383.155612506      3.91e-07      7.16e-05        0.38
  14     -1383.155613083     -5.77e-07      2.69e-05        0.36
  15     -1383.155613059      2.39e-08      1.44e-05        0.36
  16     -1383.155613047      1.24e-08      1.62e-05        0.38
  17     -1383.155613052     -5.62e-09      1.01e-05        0.36
  18     -1383.155613096     -4.33e-08      5.17e-06        0.36

 SCF converged in 18 iterations.

 Dipole moment (in Debye):              -0.000001      -0.000001       2.250864

 Quadrupole moment (in Debye-Angstrom):
                  1            2            3
 1       -16.072508    -0.000006     0.000001
 2        -0.000006   -16.072493     0.000001
 3         0.000001     0.000001   -16.675946

 Spin-squared expectation <S^2>:         2.146
 Total spin quantum number S:            1.048
 TOTAL ENERGY:                       -1383.155613098

 --------------------------------------------------------------------------------

 End time:                               Sun Nov  7 03:25:57 2021
 Total wall-clock time:                 33.426 seconds
==================================================================================
