
================================================================================
          _____________ ________ _______________ ________     _________         
         / ___________// ______ \\_____   _____// ______ \   / ________)        
        / /_________  / /      \ \     | |     / /      \ \ | (_______          
       |  __________|| |        | |    | |    | |        | | \________ \        
        \ \_________ | |        | |    | |     \ \______/ /___________) |       
         \__________||_|        |_|    |_|      \________//____________/        
                                                                                
====================================[ Qcore ]===================================

 Git describe: 2.3.0-3-g778a55bfd
 Compiler:     GNU 9.3.0
 Build type:   Release
 Version:      2.3.0-3-g778a55bfd

 Start time:   Sun Nov  7 03:24:18 2021

 Data directory: /mnt/storage/scratch/zw18965/.local/qcore/share/entos/qcore/data
 Number of threads: 28
 Number of threads was determined by: command line argument

 --------------------------------------------------------------------------------
                                   command: dft                                  
 --------------------------------------------------------------------------------
 AO basis set:                           def2-tzvppd
 Number of AO basis functions:         124

 Formula:                                CuBr
 Nuclear charge:                        64.000000000
 Total charge:                           0.000000000
 Number of electrons:                   64.000000000

 Number of alpha electrons:             32
 Number of beta electrons:              32
 Number of unpaired electrons:           0
 Spin:                                   0
 Multiplicity:                           singlet

 Theory:                                 dft
 Exchange-correlation functional:        0.5 b88 + 0.75 lyp
 Method for Coulomb:                     incore_df
 Method for exact exchange:              pre_transformed_df
 Integral threshold:                     1.00e-12
 DF basis set:                           def2-universal-jkfit
 Number of DF basis functions:         530
 Schwarz screening threshold:            1.00e-10
 Coulomb fitting method:                 Cholesky

 ------------------
  UW12 Correlation 
 ------------------
 Factor for UW12 correlation:            1.000000000
 Opposite spin scale factor:             0.250000000
 Same spin scale factor:                 0.500000000
 Calculate indirect contribution:        true
 Method for three electron term:         df_ri
 Auxiliary RI basis set:                 Def2-TZVPPD-RI
 Number of RI basis functions:         400
 Gaussians in geminal expansion:        10
 UW12 screening threshold:               1.00e-16
 Method for density-fitting:             w(r)
 Number of core spatial orbitals:       18

 Total number of grid points:        16100
 Method for AO orthogonalization:        symmetric
 Threshold for linear dependence:        1.00e-08
 D3BJ dispersion energy:                -0.001445734

 -------------------------------------
  Running restricted closed-shell SCF 
 -------------------------------------
 Max number of iterations:             128
 Conv. threshold (gradient):             1.00e-05
 Conv. threshold (energy):               1.00e-06
 Interpolation scheme:                   adiis+cdiis
 Initial guess:                          SAD

 ---------------------------------------------------------------
                  energy        change          grad        time
 ---------------------------------------------------------------
   0     -4214.557315346                    3.69e+00       12.86
   1     -4214.838896766     -2.82e-01      4.17e-01        3.29
   2     -4214.837355184      1.54e-03      4.97e-01        3.18
   3     -4214.869753714     -3.24e-02      1.18e-01        3.17
   4     -4214.863530667      6.22e-03      2.75e-01        3.38
   5     -4214.870226557     -6.70e-03      5.72e-02        3.32
   6     -4214.870636379     -4.10e-04      5.11e-02        3.28
   7     -4214.870652952     -1.66e-05      1.61e-03        3.13
   8     -4214.870651682      1.27e-06      4.95e-04        3.39
   9     -4214.870649268      2.41e-06      9.67e-05        3.42
  10     -4214.870649136      1.32e-07      2.93e-05        3.21
  11     -4214.870649190     -5.37e-08      7.86e-06        3.45

 SCF converged in 11 iterations.

 Dipole moment (in Debye):              -0.000002      -0.000002      -5.016479

 Quadrupole moment (in Debye-Angstrom):
                  1            2            3
 1       -31.530929     0.000000     0.000003
 2         0.000000   -31.530929     0.000003
 3         0.000003     0.000003   -24.621255

 Spin-squared expectation <S^2>:         0.000
 Total spin quantum number S:            0.000
 TOTAL ENERGY:                       -4214.870649149

 --------------------------------------------------------------------------------

 End time:                               Sun Nov  7 03:25:32 2021
 Total wall-clock time:                 73.981 seconds
==================================================================================
