
================================================================================
          _____________ ________ _______________ ________     _________         
         / ___________// ______ \\_____   _____// ______ \   / ________)        
        / /_________  / /      \ \     | |     / /      \ \ | (_______          
       |  __________|| |        | |    | |    | |        | | \________ \        
        \ \_________ | |        | |    | |     \ \______/ /___________) |       
         \__________||_|        |_|    |_|      \________//____________/        
                                                                                
====================================[ Qcore ]===================================

 Git describe: 2.3.0-3-g778a55bfd
 Compiler:     GNU 9.3.0
 Build type:   Release
 Version:      2.3.0-3-g778a55bfd

 Start time:   Sun Nov  7 03:29:17 2021

 Data directory: /mnt/storage/scratch/zw18965/.local/qcore/share/entos/qcore/data
 Number of threads: 28
 Number of threads was determined by: command line argument

 --------------------------------------------------------------------------------
                                   command: dft                                  
 --------------------------------------------------------------------------------
 AO basis set:                           def2-tzvppd
 Number of AO basis functions:         118

 Formula:                                SZn
 Nuclear charge:                        46.000000000
 Total charge:                           0.000000000
 Number of electrons:                   46.000000000

 Number of alpha electrons:             23
 Number of beta electrons:              23
 Number of unpaired electrons:           0
 Spin:                                   0
 Multiplicity:                           singlet

 Theory:                                 dft
 Exchange-correlation functional:        0.5 b88 + 0.75 lyp
 Method for Coulomb:                     incore_df
 Method for exact exchange:              pre_transformed_df
 Integral threshold:                     1.00e-12
 DF basis set:                           def2-universal-jkfit
 Number of DF basis functions:         392
 Schwarz screening threshold:            1.00e-10
 Coulomb fitting method:                 Cholesky

 ------------------
  UW12 Correlation 
 ------------------
 Factor for UW12 correlation:            1.000000000
 Opposite spin scale factor:             0.250000000
 Same spin scale factor:                 0.500000000
 Calculate indirect contribution:        true
 Method for three electron term:         df_ri
 Auxiliary RI basis set:                 Def2-TZVPPD-RI
 Number of RI basis functions:         367
 Gaussians in geminal expansion:        10
 UW12 screening threshold:               1.00e-16
 Method for density-fitting:             w(r)
 Number of core spatial orbitals:       14

 Total number of grid points:        15286
 Method for AO orthogonalization:        symmetric
 Threshold for linear dependence:        1.00e-08
 D3BJ dispersion energy:                -0.001557065

 -------------------------------------
  Running restricted closed-shell SCF 
 -------------------------------------
 Max number of iterations:             128
 Conv. threshold (gradient):             1.00e-05
 Conv. threshold (energy):               1.00e-06
 Interpolation scheme:                   adiis+cdiis
 Initial guess:                          SAD

 ---------------------------------------------------------------
                  energy        change          grad        time
 ---------------------------------------------------------------
   0     -2177.444587997                    4.28e+00        6.69
   1     -2177.331325302      1.13e-01      7.73e-01        1.10
   2     -2176.551230294      7.80e-01      1.91e+00        1.13
   3     -2177.407315821     -8.56e-01      5.13e-01        1.07
   4     -2177.455863995     -4.85e-02      2.15e-01        1.14
   5     -2177.457430480     -1.57e-03      1.89e-01        1.06
   6     -2177.463959115     -6.53e-03      6.38e-02        1.17
   7     -2177.462231581      1.73e-03      1.13e-01        1.08
   8     -2177.463923893     -1.69e-03      6.75e-04        1.11
   9     -2177.463924107     -2.14e-07      2.06e-04        1.06
  10     -2177.463923582      5.26e-07      6.56e-05        1.12
  11     -2177.463923539      4.32e-08      6.30e-06        1.14

 SCF converged in 11 iterations.

 Dipole moment (in Debye):               0.000001       0.000001       5.457304

 Quadrupole moment (in Debye-Angstrom):
                  1            2            3
 1       -28.565821    -0.000000     0.000000
 2        -0.000000   -28.565821     0.000000
 3         0.000000     0.000000   -24.096881

 Spin-squared expectation <S^2>:         0.000
 Total spin quantum number S:            0.000
 TOTAL ENERGY:                       -2177.463923537

 --------------------------------------------------------------------------------

 End time:                               Sun Nov  7 03:29:46 2021
 Total wall-clock time:                 28.924 seconds
==================================================================================
