
================================================================================
          _____________ ________ _______________ ________     _________         
         / ___________// ______ \\_____   _____// ______ \   / ________)        
        / /_________  / /      \ \     | |     / /      \ \ | (_______          
       |  __________|| |        | |    | |    | |        | | \________ \        
        \ \_________ | |        | |    | |     \ \______/ /___________) |       
         \__________||_|        |_|    |_|      \________//____________/        
                                                                                
====================================[ Qcore ]===================================

 Git describe: 2.3.0-1-g21d9df7e5
 Compiler:     GNU 9.1.0
 Build type:   Release
 Version:      2.3.0-1-g21d9df7e5

 Start time:   Tue Oct 26 05:38:19 2021

 Data directory: /work/zw18965/.local/qcore/share/entos/qcore/data
 Number of threads: 24
 Number of threads was determined by: command line argument
  - More threads can be used by running 'qcore -n 32'

 --------------------------------------------------------------------------------
                                   command: dft                                  
 --------------------------------------------------------------------------------
 AO basis set:                           def2-tzvppd
 Number of AO basis functions:         469

 Formula:                                C5HO5Mn
 Nuclear charge:                        96.000000000
 Total charge:                           0.000000000
 Number of electrons:                   96.000000000

 Number of alpha electrons:             48
 Number of beta electrons:              48
 Number of unpaired electrons:           0
 Spin:                                   0
 Multiplicity:                           singlet

 Theory:                                 dft
 Exchange-correlation functional:        0.49 b88 + 0.4 lyp
 Method for Coulomb:                     incore_df
 Method for exact exchange:              pre_transformed_df
 Integral threshold:                     1.00e-12
 DF basis set:                           def2-universal-jkfit
 Number of DF basis functions:        1042
 Schwarz screening threshold:            1.00e-10
 Coulomb fitting method:                 Cholesky

 ------------------
  UW12 Correlation 
 ------------------
 Factor for UW12 correlation:            1.000000000
 Opposite spin scale factor:             0.520000000
 Same spin scale factor:                 0.000000000
 Calculate indirect contribution:        false
 Method for three electron term:         df_ri
 Auxiliary RI basis set:                 Def2-TZVPPD-RI
 Number of RI basis functions:        1184
 Gaussians in geminal expansion:        10
 UW12 screening threshold:               1.00e-12
 Method for density-fitting:             w(r)
 Number of core spatial orbitals:       19

 Total number of grid points:        82546
 Method for AO orthogonalization:        symmetric
 Threshold for linear dependence:        1.00e-08
 D3BJ dispersion energy:                -0.028065652

 -------------------------------------
  Running restricted closed-shell SCF 
 -------------------------------------
 Max number of iterations:             128
 Conv. threshold (gradient):             1.00e-05
 Conv. threshold (energy):               1.00e-06
 Interpolation scheme:                   adiis+cdiis
 Initial guess:                          SAD

 ---------------------------------------------------------------
                  energy        change          grad        time
 ---------------------------------------------------------------
   0     -1719.900552480                    2.96e+01       80.66
   1     -1717.072226721      2.83e+00      1.01e+00       13.29
   2     -1716.974251795      9.80e-02      1.47e+00       13.29
   3     -1717.202185069     -2.28e-01      2.43e-01       13.39
   4     -1717.188346655      1.38e-02      5.87e-01       13.16
   5     -1717.203443905     -1.51e-02      6.67e-01       13.10
   6     -1717.197327516      6.12e-03      8.87e-01       12.94
   7     -1717.209796993     -1.25e-02      4.06e-02       13.15
   8     -1717.209664042      1.33e-04      9.59e-02       13.25
   9     -1717.210070795     -4.07e-04      9.42e-04       13.21
  10     -1717.210072776     -1.98e-06      8.76e-04       13.02
  11     -1717.210073256     -4.80e-07      2.74e-04       13.20
  12     -1717.210073383     -1.27e-07      7.65e-05       13.20
  13     -1717.210073424     -4.15e-08      2.31e-05       13.03
  14     -1717.210073431     -7.03e-09      5.08e-06       13.17

 SCF converged in 14 iterations.

 Dipole moment (in Debye):               0.000021      -0.000057       0.160755

 Quadrupole moment (in Debye-Angstrom):
                  1            2            3
 1       -72.900452    -0.000057    -0.000179
 2        -0.000057   -72.901552     0.000504
 3        -0.000179     0.000504   -73.100545

 Spin-squared expectation <S^2>:         0.000
 Total spin quantum number S:            0.000
 TOTAL ENERGY:                       -1717.210073433

 --------------------------------------------------------------------------------

 End time:                               Tue Oct 26 05:43:08 2021
 Total wall-clock time:                289.617 seconds
==================================================================================
