
================================================================================
          _____________ ________ _______________ ________     _________         
         / ___________// ______ \\_____   _____// ______ \   / ________)        
        / /_________  / /      \ \     | |     / /      \ \ | (_______          
       |  __________|| |        | |    | |    | |        | | \________ \        
        \ \_________ | |        | |    | |     \ \______/ /___________) |       
         \__________||_|        |_|    |_|      \________//____________/        
                                                                                
====================================[ Qcore ]===================================

 Git describe: 2.3.0-1-g21d9df7e5
 Compiler:     GNU 9.1.0
 Build type:   Release
 Version:      2.3.0-1-g21d9df7e5

 Start time:   Tue Oct 26 05:39:09 2021

 Data directory: /work/zw18965/.local/qcore/share/entos/qcore/data
 Number of threads: 24
 Number of threads was determined by: command line argument

 --------------------------------------------------------------------------------
                                   command: dft                                  
 --------------------------------------------------------------------------------
 AO basis set:                           def2-tzvppd
 Number of AO basis functions:         452

 Formula:                                C5O5Cr
 Nuclear charge:                        94.000000000
 Total charge:                           0.000000000
 Number of electrons:                   94.000000000

 Number of alpha electrons:             47
 Number of beta electrons:              47
 Number of unpaired electrons:           0
 Spin:                                   0
 Multiplicity:                           singlet

 Theory:                                 dft
 Exchange-correlation functional:        0.49 b88 + 0.4 lyp
 Method for Coulomb:                     incore_df
 Method for exact exchange:              pre_transformed_df
 Integral threshold:                     1.00e-12
 DF basis set:                           def2-universal-jkfit
 Number of DF basis functions:        1024
 Schwarz screening threshold:            1.00e-10
 Coulomb fitting method:                 Cholesky

 ------------------
  UW12 Correlation 
 ------------------
 Factor for UW12 correlation:            1.000000000
 Opposite spin scale factor:             0.520000000
 Same spin scale factor:                 0.000000000
 Calculate indirect contribution:        false
 Method for three electron term:         df_ri
 Auxiliary RI basis set:                 Def2-TZVPPD-RI
 Number of RI basis functions:        1145
 Gaussians in geminal expansion:        10
 UW12 screening threshold:               1.00e-12
 Method for density-fitting:             w(r)
 Number of core spatial orbitals:       19

 Total number of grid points:        76548
 Method for AO orthogonalization:        symmetric
 Threshold for linear dependence:        1.00e-08
 D3BJ dispersion energy:                -0.032217885

 -------------------------------------
  Running restricted closed-shell SCF 
 -------------------------------------
 Max number of iterations:             128
 Conv. threshold (gradient):             1.00e-05
 Conv. threshold (energy):               1.00e-06
 Interpolation scheme:                   adiis+cdiis
 Initial guess:                          SAD

 ---------------------------------------------------------------
                  energy        change          grad        time
 ---------------------------------------------------------------
   0     -1612.195171025                    2.68e+01       76.72
   1     -1608.482245944      3.71e+00      7.86e+00       14.69
   2     -1579.699987094      2.88e+01      2.76e+01       13.89
   3     -1605.497885240     -2.58e+01      2.10e+01       13.65
   4     -1609.861894438     -4.36e+00      2.24e+00       13.72
   5     -1609.894333008     -3.24e-02      2.18e+00       13.64
   6     -1610.052357686     -1.58e-01      1.15e+00       13.74
   7     -1609.757847116      2.95e-01      4.78e+00       14.01
   8     -1610.040468399     -2.83e-01      1.49e+00       14.41
   9     -1610.075234520     -3.48e-02      9.56e-02       14.14
  10     -1610.071198749      4.04e-03      4.63e-01       13.85
  11     -1610.075658979     -4.46e-03      2.11e-02       13.72
  12     -1610.075683740     -2.48e-05      3.67e-03       14.11
  13     -1610.075683365      3.75e-07      1.60e-03       13.91
  14     -1610.075684204     -8.39e-07      4.02e-04       13.75
  15     -1610.075684113      9.10e-08      5.37e-05       13.78
  16     -1610.075684097      1.53e-08      2.15e-05       13.89
  17     -1610.075684093      4.02e-09      1.32e-05       13.83
  18     -1610.075684091      1.93e-09      6.08e-06       13.70

 SCF converged in 18 iterations.

 Dipole moment (in Debye):              -0.000410       0.000464      -2.457246

 Quadrupole moment (in Debye-Angstrom):
                  1            2            3
 1       -74.725735    -0.000502     0.000447
 2        -0.000502   -74.725238    -0.000355
 3         0.000447    -0.000355   -69.337315

 Spin-squared expectation <S^2>:         0.000
 Total spin quantum number S:            0.000
 TOTAL ENERGY:                       -1610.075684089

 --------------------------------------------------------------------------------

 End time:                               Tue Oct 26 05:45:03 2021
 Total wall-clock time:                353.747 seconds
==================================================================================
