
================================================================================
          _____________ ________ _______________ ________     _________         
         / ___________// ______ \\_____   _____// ______ \   / ________)        
        / /_________  / /      \ \     | |     / /      \ \ | (_______          
       |  __________|| |        | |    | |    | |        | | \________ \        
        \ \_________ | |        | |    | |     \ \______/ /___________) |       
         \__________||_|        |_|    |_|      \________//____________/        
                                                                                
====================================[ Qcore ]===================================

 Git describe: 2.3.0-1-g21d9df7e5
 Compiler:     GNU 9.1.0
 Build type:   Release
 Version:      2.3.0-1-g21d9df7e5

 Start time:   Tue Oct 26 05:39:05 2021

 Data directory: /work/zw18965/.local/qcore/share/entos/qcore/data
 Number of threads: 24
 Number of threads was determined by: command line argument

 --------------------------------------------------------------------------------
                                   command: dft                                  
 --------------------------------------------------------------------------------
 AO basis set:                           def2-tzvppd
 Number of AO basis functions:          77

 Formula:                                CO
 Nuclear charge:                        14.000000000
 Total charge:                           0.000000000
 Number of electrons:                   14.000000000

 Number of alpha electrons:              7
 Number of beta electrons:               7
 Number of unpaired electrons:           0
 Spin:                                   0
 Multiplicity:                           singlet

 Theory:                                 dft
 Exchange-correlation functional:        0.49 b88 + 0.4 lyp
 Method for Coulomb:                     incore_df
 Method for exact exchange:              pre_transformed_df
 Integral threshold:                     1.00e-12
 DF basis set:                           def2-universal-jkfit
 Number of DF basis functions:         152
 Schwarz screening threshold:            1.00e-10
 Coulomb fitting method:                 Cholesky

 ------------------
  UW12 Correlation 
 ------------------
 Factor for UW12 correlation:            1.000000000
 Opposite spin scale factor:             0.520000000
 Same spin scale factor:                 0.000000000
 Calculate indirect contribution:        false
 Method for three electron term:         df_ri
 Auxiliary RI basis set:                 Def2-TZVPPD-RI
 Number of RI basis functions:         184
 Gaussians in geminal expansion:        10
 UW12 screening threshold:               1.00e-12
 Method for density-fitting:             w(r)
 Number of core spatial orbitals:        2

 Total number of grid points:        13744
 Method for AO orthogonalization:        symmetric
 Threshold for linear dependence:        1.00e-08
 D3BJ dispersion energy:                -0.000854371

 -------------------------------------
  Running restricted closed-shell SCF 
 -------------------------------------
 Max number of iterations:             128
 Conv. threshold (gradient):             1.00e-05
 Conv. threshold (energy):               1.00e-06
 Interpolation scheme:                   adiis+cdiis
 Initial guess:                          SAD

 ---------------------------------------------------------------
                  energy        change          grad        time
 ---------------------------------------------------------------
   0      -113.392301695                    5.98e+00        0.21
   1      -113.168412331      2.24e-01      7.14e-01        0.03
   2      -113.102236460      6.62e-02      1.29e+00        0.03
   3      -113.204863508     -1.03e-01      2.13e-01        0.02
   4      -113.201129857      3.73e-03      3.24e-01        0.02
   5      -113.207473987     -6.34e-03      4.70e-02        0.03
   6      -113.207267381      2.07e-04      7.51e-02        0.02
   7      -113.207620677     -3.53e-04      1.97e-04        0.02
   8      -113.207620680     -2.44e-09      2.00e-05        0.03
   9      -113.207620680      1.96e-11      5.96e-06        0.03

 SCF converged in 9 iterations.

 Dipole moment (in Debye):               0.000000       0.000000       0.039565

 Quadrupole moment (in Debye-Angstrom):
                  1            2            3
 1       -10.259046     0.000000    -0.000000
 2         0.000000   -10.259046    -0.000000
 3        -0.000000    -0.000000   -12.269067

 Spin-squared expectation <S^2>:         0.000
 Total spin quantum number S:            0.000
 TOTAL ENERGY:                        -113.207620680

 --------------------------------------------------------------------------------

 End time:                               Tue Oct 26 05:39:06 2021
 Total wall-clock time:                  1.139 seconds
==================================================================================
