
================================================================================
          _____________ ________ _______________ ________     _________         
         / ___________// ______ \\_____   _____// ______ \   / ________)        
        / /_________  / /      \ \     | |     / /      \ \ | (_______          
       |  __________|| |        | |    | |    | |        | | \________ \        
        \ \_________ | |        | |    | |     \ \______/ /___________) |       
         \__________||_|        |_|    |_|      \________//____________/        
                                                                                
====================================[ Qcore ]===================================

 Git describe: 2.3.0-1-g21d9df7e5
 Compiler:     GNU 9.1.0
 Build type:   Release
 Version:      2.3.0-1-g21d9df7e5

 Start time:   Tue Oct 26 05:39:02 2021

 Data directory: /work/zw18965/.local/qcore/share/entos/qcore/data
 Number of threads: 24
 Number of threads was determined by: command line argument

 --------------------------------------------------------------------------------
                                   command: dft                                  
 --------------------------------------------------------------------------------
 AO basis set:                           def2-tzvppd
 Number of AO basis functions:         216

 Formula:                                C2H3OCl
 Nuclear charge:                        40.000000000
 Total charge:                           0.000000000
 Number of electrons:                   40.000000000

 Number of alpha electrons:             20
 Number of beta electrons:              20
 Number of unpaired electrons:           0
 Spin:                                   0
 Multiplicity:                           singlet

 Theory:                                 dft
 Exchange-correlation functional:        0.49 b88 + 0.4 lyp
 Method for Coulomb:                     incore_df
 Method for exact exchange:              pre_transformed_df
 Integral threshold:                     1.00e-12
 DF basis set:                           def2-universal-jkfit
 Number of DF basis functions:         409
 Schwarz screening threshold:            1.00e-10
 Coulomb fitting method:                 Cholesky

 ------------------
  UW12 Correlation 
 ------------------
 Factor for UW12 correlation:            1.000000000
 Opposite spin scale factor:             0.520000000
 Same spin scale factor:                 0.000000000
 Calculate indirect contribution:        false
 Method for three electron term:         df_ri
 Auxiliary RI basis set:                 Def2-TZVPPD-RI
 Number of RI basis functions:         532
 Gaussians in geminal expansion:        10
 UW12 screening threshold:               1.00e-12
 Method for density-fitting:             w(r)
 Number of core spatial orbitals:        8

 Total number of grid points:        45708
 Method for AO orthogonalization:        symmetric
 Threshold for linear dependence:        1.00e-08
 D3BJ dispersion energy:                -0.008427625

 -------------------------------------
  Running restricted closed-shell SCF 
 -------------------------------------
 Max number of iterations:             128
 Conv. threshold (gradient):             1.00e-05
 Conv. threshold (energy):               1.00e-06
 Interpolation scheme:                   adiis+cdiis
 Initial guess:                          SAD

 ---------------------------------------------------------------
                  energy        change          grad        time
 ---------------------------------------------------------------
   0      -613.695853731                    1.37e+01        2.58
   1      -612.848614893      8.47e-01      1.80e+00        0.66
   2      -612.697384043      1.51e-01      3.69e+00        0.61
   3      -612.962305479     -2.65e-01      4.81e-01        0.60
   4      -612.963756530     -1.45e-03      4.16e-01        0.65
   5      -612.968403203     -4.65e-03      9.93e-02        0.62
   6      -612.968077743      3.25e-04      1.58e-01        0.61
   7      -612.968625528     -5.48e-04      2.01e-03        0.59
   8      -612.968626026     -4.98e-07      7.20e-04        0.58
   9      -612.968626096     -6.95e-08      4.73e-04        0.60
  10      -612.968626099     -3.53e-09      5.22e-05        0.65
  11      -612.968626098      1.13e-09      1.41e-05        0.67
  12      -612.968626099     -5.27e-10      1.89e-06        0.64

 SCF converged in 12 iterations.

 Dipole moment (in Debye):               1.469883      -2.503484       0.000121

 Quadrupole moment (in Debye-Angstrom):
                  1            2            3
 1       -29.916552    -2.962726     0.000293
 2        -2.962726   -32.376302    -0.000345
 3         0.000293    -0.000345   -29.591621

 Spin-squared expectation <S^2>:         0.000
 Total spin quantum number S:            0.000
 TOTAL ENERGY:                        -612.968626098

 --------------------------------------------------------------------------------

 End time:                               Tue Oct 26 05:39:14 2021
 Total wall-clock time:                 12.511 seconds
==================================================================================
