
================================================================================
          _____________ ________ _______________ ________     _________         
         / ___________// ______ \\_____   _____// ______ \   / ________)        
        / /_________  / /      \ \     | |     / /      \ \ | (_______          
       |  __________|| |        | |    | |    | |        | | \________ \        
        \ \_________ | |        | |    | |     \ \______/ /___________) |       
         \__________||_|        |_|    |_|      \________//____________/        
                                                                                
====================================[ Qcore ]===================================

 Git describe: 2.3.0-1-g21d9df7e5
 Compiler:     GNU 9.1.0
 Build type:   Release
 Version:      2.3.0-1-g21d9df7e5

 Start time:   Tue Oct 26 05:42:03 2021

 Data directory: /work/zw18965/.local/qcore/share/entos/qcore/data
 Number of threads: 24
 Number of threads was determined by: command line argument

 --------------------------------------------------------------------------------
                                   command: dft                                  
 --------------------------------------------------------------------------------
 AO basis set:                           def2-tzvppd
 Number of AO basis functions:         811
 ECP on atom 1 (Ir):                     60 electrons

 Formula:                                C7H18OP2ClIr
 Nuclear charge:                       192.000000000
 Total charge:                           0.000000000
 Number of core electrons:              60
 Number of treated electrons:          132

 Number of alpha electrons:             66
 Number of beta electrons:              66
 Number of unpaired electrons:           0
 Spin:                                   0
 Multiplicity:                           singlet

 Theory:                                 dft
 Exchange-correlation functional:        0.49 b88 + 0.4 lyp
 Method for Coulomb:                     incore_df
 Method for exact exchange:              pre_transformed_df
 Integral threshold:                     1.00e-12
 DF basis set:                           def2-universal-jkfit
 Number of DF basis functions:        1537
 Schwarz screening threshold:            1.00e-10
 Coulomb fitting method:                 Cholesky

 ------------------
  UW12 Correlation 
 ------------------
 Factor for UW12 correlation:            1.000000000
 Opposite spin scale factor:             0.520000000
 Same spin scale factor:                 0.000000000
 Calculate indirect contribution:        false
 Method for three electron term:         df_ri
 Auxiliary RI basis set:                 Def2-TZVPPD-RI
 Number of RI basis functions:        2048
 Gaussians in geminal expansion:        10
 UW12 screening threshold:               1.00e-12
 Method for density-fitting:             w(r)
 Number of core spatial orbitals:       27

 Total number of grid points:       191878
 Method for AO orthogonalization:        symmetric
 Threshold for linear dependence:        1.00e-08
 D3BJ dispersion energy:                -0.078167027

 -------------------------------------
  Running restricted closed-shell SCF 
 -------------------------------------
 Max number of iterations:             128
 Conv. threshold (gradient):             1.00e-05
 Conv. threshold (energy):               1.00e-06
 Interpolation scheme:                   adiis+cdiis
 Initial guess:                          SAD

 ---------------------------------------------------------------
                  energy        change          grad        time
 ---------------------------------------------------------------
   0     -1600.843653430                    9.34e+01      430.05
   1     -1598.141833923      2.70e+00      2.25e+00       98.24
   2     -1597.642887208      4.99e-01      6.33e+00       97.73
   3     -1598.549788740     -9.07e-01      1.40e+00       97.14
   4     -1598.377196628      1.73e-01      3.79e+00       98.27
   5     -1598.608553519     -2.31e-01      4.04e-01       97.93
   6     -1598.609841363     -1.29e-03      5.52e-01       98.12
   7     -1598.615351938     -5.51e-03      3.55e-01       98.49
   8     -1598.614498176      8.54e-04      4.20e-01       97.77
   9     -1598.617393056     -2.89e-03      5.79e-02       98.81
  10     -1598.617030578      3.62e-04      1.45e-01       99.22
  11     -1598.617434065     -4.03e-04      5.10e-04       99.22
  12     -1598.617433999      6.69e-08      3.16e-04       98.05
  13     -1598.617434132     -1.33e-07      2.01e-05       98.76
  14     -1598.617434127      4.17e-09      6.22e-06       97.24

 SCF converged in 14 iterations.

 Dipole moment (in Debye):               0.000537       1.050901       0.010721

 Quadrupole moment (in Debye-Angstrom):
                  1            2            3
 1       -89.517273    -0.008703    -0.000949
 2        -0.008703  -129.761875    -0.002851
 3        -0.000949    -0.002851  -112.806464

 Spin-squared expectation <S^2>:         0.000
 Total spin quantum number S:            0.000
 TOTAL ENERGY:                       -1598.617434134

 --------------------------------------------------------------------------------

 End time:                               Tue Oct 26 06:14:29 2021
 Total wall-clock time:               1946.231 seconds
==================================================================================
