
================================================================================
          _____________ ________ _______________ ________     _________         
         / ___________// ______ \\_____   _____// ______ \   / ________)        
        / /_________  / /      \ \     | |     / /      \ \ | (_______          
       |  __________|| |        | |    | |    | |        | | \________ \        
        \ \_________ | |        | |    | |     \ \______/ /___________) |       
         \__________||_|        |_|    |_|      \________//____________/        
                                                                                
====================================[ Qcore ]===================================

 Git describe: 2.3.0-1-g21d9df7e5
 Compiler:     GNU 9.1.0
 Build type:   Release
 Version:      2.3.0-1-g21d9df7e5

 Start time:   Tue Oct 26 05:45:02 2021

 Data directory: /work/zw18965/.local/qcore/share/entos/qcore/data
 Number of threads: 24
 Number of threads was determined by: command line argument

 --------------------------------------------------------------------------------
                                   command: dft                                  
 --------------------------------------------------------------------------------
 AO basis set:                           def2-tzvppd
 Number of AO basis functions:         738
 ECP on atom 1 (Mo):                     28 electrons

 Formula:                                C12H14Mo
 Nuclear charge:                       128.000000000
 Total charge:                           0.000000000
 Number of core electrons:              28
 Number of treated electrons:          100

 Number of alpha electrons:             50
 Number of beta electrons:              50
 Number of unpaired electrons:           0
 Spin:                                   0
 Multiplicity:                           singlet

 Theory:                                 dft
 Exchange-correlation functional:        0.49 b88 + 0.4 lyp
 Method for Coulomb:                     incore_df
 Method for exact exchange:              pre_transformed_df
 Integral threshold:                     1.00e-12
 DF basis set:                           def2-universal-jkfit
 Number of DF basis functions:        1407
 Schwarz screening threshold:            1.00e-10
 Coulomb fitting method:                 Cholesky

 ------------------
  UW12 Correlation 
 ------------------
 Factor for UW12 correlation:            1.000000000
 Opposite spin scale factor:             0.520000000
 Same spin scale factor:                 0.000000000
 Calculate indirect contribution:        false
 Method for three electron term:         df_ri
 Auxiliary RI basis set:                 Def2-TZVPPD-RI
 Number of RI basis functions:        1826
 Gaussians in geminal expansion:        10
 UW12 screening threshold:               1.00e-12
 Method for density-fitting:             w(r)
 Number of core spatial orbitals:       16

 Total number of grid points:       172330
 Method for AO orthogonalization:        symmetric
 Threshold for linear dependence:        1.00e-08
 D3BJ dispersion energy:                -0.072976607

 -------------------------------------
  Running restricted closed-shell SCF 
 -------------------------------------
 Max number of iterations:             128
 Conv. threshold (gradient):             1.00e-05
 Conv. threshold (energy):               1.00e-06
 Interpolation scheme:                   adiis+cdiis
 Initial guess:                          SAD

 ---------------------------------------------------------------
                  energy        change          grad        time
 ---------------------------------------------------------------
   0      -537.755214496                    4.35e+01      227.36
   1      -531.895160876      5.86e+00      6.76e+00       52.35
   2      -527.245120660      4.65e+00      2.53e+01       52.01
   3      -532.636389800     -5.39e+00      2.49e+00       52.97
   4      -532.847466515     -2.11e-01      1.03e+00       54.66
   5      -532.878870960     -3.14e-02      1.02e+00       52.15
   6      -532.888863173     -9.99e-03      1.25e+00       52.60
   7      -532.889681049     -8.18e-04      1.13e+00       52.68
   8      -532.902097968     -1.24e-02      2.34e-01       53.69
   9      -532.901004219      1.09e-03      3.28e-01       52.96
  10      -532.903620541     -2.62e-03      3.64e-02       52.56
  11      -532.903568417      5.21e-05      6.08e-02       52.71
  12      -532.903692462     -1.24e-04      1.49e-03       53.62
  13      -532.903692500     -3.83e-08      4.53e-04       54.89
  14      -532.903692598     -9.75e-08      1.93e-04       52.79
  15      -532.903692602     -4.84e-09      8.09e-05       52.92
  16      -532.903692612     -9.22e-09      1.79e-05       52.51
  17      -532.903692604      7.80e-09      5.41e-06       51.76

 SCF converged in 17 iterations.

 Dipole moment (in Debye):              -0.000916      -1.317481       0.029584

 Quadrupole moment (in Debye-Angstrom):
                  1            2            3
 1       -96.533764    -0.035098     0.437980
 2        -0.035098   -93.187299    -0.006566
 3         0.437980    -0.006566   -89.831977

 Spin-squared expectation <S^2>:         0.000
 Total spin quantum number S:            0.000
 TOTAL ENERGY:                        -532.903692609

 --------------------------------------------------------------------------------

 End time:                               Tue Oct 26 06:05:01 2021
 Total wall-clock time:               1199.500 seconds
==================================================================================
