
================================================================================
          _____________ ________ _______________ ________     _________         
         / ___________// ______ \\_____   _____// ______ \   / ________)        
        / /_________  / /      \ \     | |     / /      \ \ | (_______          
       |  __________|| |        | |    | |    | |        | | \________ \        
        \ \_________ | |        | |    | |     \ \______/ /___________) |       
         \__________||_|        |_|    |_|      \________//____________/        
                                                                                
====================================[ Qcore ]===================================

 Git describe: 2.3.0-1-g21d9df7e5
 Compiler:     GNU 9.1.0
 Build type:   Release
 Version:      2.3.0-1-g21d9df7e5

 Start time:   Tue Oct 26 05:43:13 2021

 Data directory: /work/zw18965/.local/qcore/share/entos/qcore/data
 Number of threads: 24
 Number of threads was determined by: command line argument
  - More threads can be used by running 'qcore -n 32'

 --------------------------------------------------------------------------------
                                   command: dft                                  
 --------------------------------------------------------------------------------
 AO basis set:                           def2-tzvppd
 Number of AO basis functions:         590

 Formula:                                C6H16P2
 Nuclear charge:                        82.000000000
 Total charge:                           0.000000000
 Number of electrons:                   82.000000000

 Number of alpha electrons:             41
 Number of beta electrons:              41
 Number of unpaired electrons:           0
 Spin:                                   0
 Multiplicity:                           singlet

 Theory:                                 dft
 Exchange-correlation functional:        0.49 b88 + 0.4 lyp
 Method for Coulomb:                     incore_df
 Method for exact exchange:              pre_transformed_df
 Integral threshold:                     1.00e-12
 DF basis set:                           def2-universal-jkfit
 Number of DF basis functions:         994
 Schwarz screening threshold:            1.00e-10
 Coulomb fitting method:                 Cholesky

 ------------------
  UW12 Correlation 
 ------------------
 Factor for UW12 correlation:            1.000000000
 Opposite spin scale factor:             0.520000000
 Same spin scale factor:                 0.000000000
 Calculate indirect contribution:        false
 Method for three electron term:         df_ri
 Auxiliary RI basis set:                 Def2-TZVPPD-RI
 Number of RI basis functions:        1454
 Gaussians in geminal expansion:        10
 UW12 screening threshold:               1.00e-12
 Method for density-fitting:             w(r)
 Number of core spatial orbitals:       16

 Total number of grid points:       149740
 Method for AO orthogonalization:        symmetric
 Threshold for linear dependence:        1.00e-08
 D3BJ dispersion energy:                -0.041543632

 -------------------------------------
  Running restricted closed-shell SCF 
 -------------------------------------
 Max number of iterations:             128
 Conv. threshold (gradient):             1.00e-05
 Conv. threshold (energy):               1.00e-06
 Interpolation scheme:                   adiis+cdiis
 Initial guess:                          SAD

 ---------------------------------------------------------------
                  energy        change          grad        time
 ---------------------------------------------------------------
   0      -921.676524373                    1.99e+01       46.59
   1      -919.650990705      2.03e+00      1.99e+00       18.48
   2      -919.666825743     -1.58e-02      2.11e+00       18.67
   3      -920.005297053     -3.38e-01      2.14e-01       18.66
   4      -920.005146842      1.50e-04      2.77e-01       18.74
   5      -920.007622605     -2.48e-03      2.73e-02       18.71
   6      -920.007623295     -6.90e-07      3.24e-02       18.67
   7      -920.007651948     -2.87e-05      8.89e-04       18.62
   8      -920.007652043     -9.46e-08      5.51e-04       18.53
   9      -920.007652060     -1.74e-08      9.04e-05       18.52
  10      -920.007652071     -1.12e-08      1.53e-05       18.57
  11      -920.007652071      2.74e-10      4.47e-06       18.60

 SCF converged in 11 iterations.

 Dipole moment (in Debye):              -0.000027       0.000012       1.754888

 Quadrupole moment (in Debye-Angstrom):
                  1            2            3
 1       -67.639009     4.131943     0.000183
 2         4.131943   -69.937043    -0.000134
 3         0.000183    -0.000134   -70.777613

 Spin-squared expectation <S^2>:         0.000
 Total spin quantum number S:            0.000
 TOTAL ENERGY:                        -920.007652069

 --------------------------------------------------------------------------------

 End time:                               Tue Oct 26 05:47:49 2021
 Total wall-clock time:                276.268 seconds
==================================================================================
