
================================================================================
          _____________ ________ _______________ ________     _________         
         / ___________// ______ \\_____   _____// ______ \   / ________)        
        / /_________  / /      \ \     | |     / /      \ \ | (_______          
       |  __________|| |        | |    | |    | |        | | \________ \        
        \ \_________ | |        | |    | |     \ \______/ /___________) |       
         \__________||_|        |_|    |_|      \________//____________/        
                                                                                
====================================[ Qcore ]===================================

 Git describe: 2.3.0-3-g778a55bfd
 Compiler:     GNU 9.3.0
 Build type:   Release
 Version:      2.3.0-3-g778a55bfd

 Start time:   Wed Nov  3 21:14:45 2021

 Data directory: /mnt/storage/scratch/zw18965/.local/qcore/share/entos/qcore/data
 Number of threads: 28
 Number of threads was determined by: command line argument

 --------------------------------------------------------------------------------
                                   command: dft                                  
 --------------------------------------------------------------------------------
 AO basis set:                           def2-tzvppd
 Number of AO basis functions:        1232
 ECP on atom 1 (Ru):                     28 electrons

 Formula:                                C18H27ClRu
 Nuclear charge:                       196.000000000
 Total charge:                           0.000000000
 Number of core electrons:              28
 Number of treated electrons:          168

 Number of alpha electrons:             84
 Number of beta electrons:              84
 Number of unpaired electrons:           0
 Spin:                                   0
 Multiplicity:                           singlet

 Theory:                                 dft
 Exchange-correlation functional:        0.49 b88 + 0.4 lyp
 Method for Coulomb:                     incore_df
 Method for exact exchange:              pre_transformed_df
 Integral threshold:                     1.00e-12
 DF basis set:                           def2-universal-jkfit
 Number of DF basis functions:        2219
 Schwarz screening threshold:            1.00e-10
 Coulomb fitting method:                 Cholesky

 ------------------
  UW12 Correlation 
 ------------------
 Factor for UW12 correlation:            1.000000000
 Opposite spin scale factor:             0.520000000
 Same spin scale factor:                 0.000000000
 Calculate indirect contribution:        false
 Method for three electron term:         df_ri
 Auxiliary RI basis set:                 Def2-TZVPPD-RI
 Number of RI basis functions:        3024
 Gaussians in geminal expansion:        10
 UW12 screening threshold:               1.00e-12
 Method for density-fitting:             w(r)
 Number of core spatial orbitals:       27

 Total number of grid points:       297338
 Method for AO orthogonalization:        symmetric
 Threshold for linear dependence:        1.00e-08
 D3BJ dispersion energy:                -0.118368499

 -------------------------------------
  Running restricted closed-shell SCF 
 -------------------------------------
 Max number of iterations:             128
 Conv. threshold (gradient):             1.00e-05
 Conv. threshold (energy):               1.00e-06
 Interpolation scheme:                   adiis+cdiis
 Initial guess:                          SAD

 ---------------------------------------------------------------
                  energy        change          grad        time
 ---------------------------------------------------------------
   0     -1262.789074829                    5.12e+01     1280.78
   1     -1254.236613592      8.55e+00      1.19e+01      409.22
   2     -1249.638366344      4.60e+00      2.64e+01      414.54
   3     -1255.373961011     -5.74e+00      4.88e+00      402.78
   4     -1255.489106549     -1.15e-01      5.46e+00      407.64
   5     -1255.567382090     -7.83e-02      4.36e+00      408.46
   6     -1255.611126350     -4.37e-02      2.62e+00      407.42
   7     -1255.654298982     -4.32e-02      5.58e-01      405.71
   8     -1255.645883186      8.42e-03      1.36e+00      408.55
   9     -1255.659121729     -1.32e-02      7.48e-01      407.94
  10     -1255.653816874      5.30e-03      1.32e+00      413.69
  11     -1255.662415779     -8.60e-03      7.54e-02      410.38
  12     -1255.662363681      5.21e-05      7.68e-02      414.30
  13     -1255.662731646     -3.68e-04      9.31e-04      407.16
  14     -1255.662732021     -3.76e-07      3.59e-04      414.31
  15     -1255.662732087     -6.58e-08      1.47e-04      411.27
  16     -1255.662732092     -5.32e-09      9.42e-05      400.88
  17     -1255.662732107     -1.46e-08      3.09e-05      405.24
  18     -1255.662732121     -1.39e-08      1.33e-05      407.09
  19     -1255.662732092      2.90e-08      1.41e-05      408.23
  20     -1255.662732071      2.12e-08      1.39e-05      409.11
  21     -1255.662732139     -6.80e-08      1.07e-05      407.35
  22     -1255.662732120      1.83e-08      1.13e-05      409.98
  23     -1255.662732055      6.55e-08      1.23e-05      410.57
  24     -1255.662732091     -3.58e-08      1.70e-05      409.05
  25     -1255.662732079      1.13e-08      1.73e-05      410.37
  26     -1255.662732115     -3.56e-08      1.67e-05      414.71
  27     -1255.662732066      4.91e-08      1.67e-05      410.80
  28     -1255.662732078     -1.20e-08      1.75e-05      406.94
  29     -1255.662732072      6.12e-09      1.32e-05      412.59
  30     -1255.662732073     -1.11e-09      9.49e-06      409.16

 SCF converged in 30 iterations.

 Dipole moment (in Debye):               1.440518       5.342158       0.383026

 Quadrupole moment (in Debye-Angstrom):
                  1            2            3
 1      -139.526063    -0.154115     0.346029
 2        -0.154115  -153.463711    -1.743332
 3         0.346029    -1.743332  -139.835068

 Spin-squared expectation <S^2>:         0.000
 Total spin quantum number S:            0.000
 TOTAL ENERGY:                       -1255.662732114

 --------------------------------------------------------------------------------

 End time:                               Thu Nov  4 01:08:39 2021
 Total wall-clock time:              14033.669 seconds
==================================================================================
