
================================================================================
          _____________ ________ _______________ ________     _________         
         / ___________// ______ \\_____   _____// ______ \   / ________)        
        / /_________  / /      \ \     | |     / /      \ \ | (_______          
       |  __________|| |        | |    | |    | |        | | \________ \        
        \ \_________ | |        | |    | |     \ \______/ /___________) |       
         \__________||_|        |_|    |_|      \________//____________/        
                                                                                
====================================[ Qcore ]===================================

 Git describe: 2.3.0-1-g21d9df7e5
 Compiler:     GNU 9.1.0
 Build type:   Release
 Version:      2.3.0-1-g21d9df7e5

 Start time:   Tue Oct 26 05:38:28 2021

 Data directory: /work/zw18965/.local/qcore/share/entos/qcore/data
 Number of threads: 24
 Number of threads was determined by: command line argument
  - More threads can be used by running 'qcore -n 32'

 --------------------------------------------------------------------------------
                                   command: dft                                  
 --------------------------------------------------------------------------------
 AO basis set:                           def2-tzvppd
 Number of AO basis functions:         783
 ECP on atom 21 (Pd):                    28 electrons
 ECP on atom 26 (I):                     28 electrons

 Formula:                                C11H11N2PdI
 Nuclear charge:                       190.000000000
 Total charge:                           0.000000000
 Number of core electrons:              56
 Number of treated electrons:          134

 Number of alpha electrons:             67
 Number of beta electrons:              67
 Number of unpaired electrons:           0
 Spin:                                   0
 Multiplicity:                           singlet

 Theory:                                 dft
 Exchange-correlation functional:        0.49 b88 + 0.4 lyp
 Method for Coulomb:                     incore_df
 Method for exact exchange:              pre_transformed_df
 Integral threshold:                     1.00e-12
 DF basis set:                           def2-universal-jkfit
 Number of DF basis functions:        1650
 Schwarz screening threshold:            1.00e-10
 Coulomb fitting method:                 Cholesky

 ------------------
  UW12 Correlation 
 ------------------
 Factor for UW12 correlation:            1.000000000
 Opposite spin scale factor:             0.520000000
 Same spin scale factor:                 0.000000000
 Calculate indirect contribution:        false
 Method for three electron term:         df_ri
 Auxiliary RI basis set:                 Def2-TZVPPD-RI
 Number of RI basis functions:        2001
 Gaussians in geminal expansion:        10
 UW12 screening threshold:               1.00e-12
 Method for density-fitting:             w(r)
 Number of core spatial orbitals:       21

 Total number of grid points:       170474
 Method for AO orthogonalization:        symmetric
 Threshold for linear dependence:        1.00e-08
 D3BJ dispersion energy:                -0.070173975

 -------------------------------------
  Running restricted closed-shell SCF 
 -------------------------------------
 Max number of iterations:             128
 Conv. threshold (gradient):             1.00e-05
 Conv. threshold (energy):               1.00e-06
 Interpolation scheme:                   adiis+cdiis
 Initial guess:                          SAD

 ---------------------------------------------------------------
                  energy        change          grad        time
 ---------------------------------------------------------------
   0      -964.374881102                    2.02e+01      859.95
   1      -957.273749516      7.10e+00      1.01e+01       87.03
   2      -942.672217651      1.46e+01      1.77e+01       85.20
   3      -958.238865819     -1.56e+01      8.12e+00       86.01
   4      -959.604896552     -1.37e+00      1.78e+00       85.03
   5      -959.399689761      2.05e-01      3.55e+00       86.07
   6      -959.767113948     -3.67e-01      3.50e-01       85.27
   7      -959.754321157      1.28e-02      7.64e-01       85.87
   8      -959.777881362     -2.36e-02      1.46e-01       86.28
   9      -959.776568748      1.31e-03      2.90e-01       86.62
  10      -959.778756783     -2.19e-03      3.51e-02       84.17
  11      -959.778631131      1.26e-04      6.80e-02       84.64
  12      -959.778826232     -1.95e-04      1.13e-03       85.37
  13      -959.778826777     -5.44e-07      5.93e-04       84.87
  14      -959.778826972     -1.96e-07      2.79e-04       84.74
  15      -959.778827072     -9.95e-08      1.00e-04       84.17
  16      -959.778827086     -1.41e-08      7.29e-05       85.11
  17      -959.778827095     -8.95e-09      3.10e-05       85.00
  18      -959.778827113     -1.86e-08      1.01e-05       84.58
  19      -959.778827109      4.30e-09      6.15e-06       84.31

 SCF converged in 19 iterations.

 Dipole moment (in Debye):              11.501391       2.837249       0.000040

 Quadrupole moment (in Debye-Angstrom):
                  1            2            3
 1      -110.984634    -3.891889    -0.022706
 2        -3.891889   -99.788781     0.007998
 3        -0.022706     0.007998  -129.407059

 Spin-squared expectation <S^2>:         0.000
 Total spin quantum number S:            0.000
 TOTAL ENERGY:                        -959.778827114

 --------------------------------------------------------------------------------

 End time:                               Tue Oct 26 06:23:35 2021
 Total wall-clock time:               2706.774 seconds
==================================================================================
