
================================================================================
          _____________ ________ _______________ ________     _________         
         / ___________// ______ \\_____   _____// ______ \   / ________)        
        / /_________  / /      \ \     | |     / /      \ \ | (_______          
       |  __________|| |        | |    | |    | |        | | \________ \        
        \ \_________ | |        | |    | |     \ \______/ /___________) |       
         \__________||_|        |_|    |_|      \________//____________/        
                                                                                
====================================[ Qcore ]===================================

 Git describe: 2.3.0-1-g21d9df7e5
 Compiler:     GNU 9.1.0
 Build type:   Release
 Version:      2.3.0-1-g21d9df7e5

 Start time:   Tue Oct 26 05:51:01 2021

 Data directory: /work/zw18965/.local/qcore/share/entos/qcore/data
 Number of threads: 24
 Number of threads was determined by: command line argument

 --------------------------------------------------------------------------------
                                   command: dft                                  
 --------------------------------------------------------------------------------
 AO basis set:                           def2-tzvppd
 Number of AO basis functions:         546

 Formula:                                C6HO6Mn
 Nuclear charge:                       110.000000000
 Total charge:                           0.000000000
 Number of electrons:                  110.000000000

 Number of alpha electrons:             55
 Number of beta electrons:              55
 Number of unpaired electrons:           0
 Spin:                                   0
 Multiplicity:                           singlet

 Theory:                                 dft
 Exchange-correlation functional:        0.49 b88 + 0.4 lyp
 Method for Coulomb:                     incore_df
 Method for exact exchange:              pre_transformed_df
 Integral threshold:                     1.00e-12
 DF basis set:                           def2-universal-jkfit
 Number of DF basis functions:        1194
 Schwarz screening threshold:            1.00e-10
 Coulomb fitting method:                 Cholesky

 ------------------
  UW12 Correlation 
 ------------------
 Factor for UW12 correlation:            1.000000000
 Opposite spin scale factor:             0.520000000
 Same spin scale factor:                 0.000000000
 Calculate indirect contribution:        false
 Method for three electron term:         df_ri
 Auxiliary RI basis set:                 Def2-TZVPPD-RI
 Number of RI basis functions:        1368
 Gaussians in geminal expansion:        10
 UW12 screening threshold:               1.00e-12
 Method for density-fitting:             w(r)
 Number of core spatial orbitals:       21

 Total number of grid points:        96290
 Method for AO orthogonalization:        symmetric
 Threshold for linear dependence:        1.00e-08
 D3BJ dispersion energy:                -0.035028470

 -------------------------------------
  Running restricted closed-shell SCF 
 -------------------------------------
 Max number of iterations:             128
 Conv. threshold (gradient):             1.00e-05
 Conv. threshold (energy):               1.00e-06
 Interpolation scheme:                   adiis+cdiis
 Initial guess:                          SAD

 ---------------------------------------------------------------
                  energy        change          grad        time
 ---------------------------------------------------------------
   0     -1833.574110243                    3.49e+01      136.80
   1     -1830.216971606      3.36e+00      2.15e+00       29.90
   2     -1829.613171591      6.04e-01      6.15e+00       27.40
   3     -1830.160060001     -5.47e-01      5.16e+00       27.30
   4     -1830.093021390      6.70e-02      6.32e+00       26.40
   5     -1830.394907800     -3.02e-01      8.89e-01       26.04
   6     -1830.345590002      4.93e-02      1.58e+00       26.11
   7     -1830.412342188     -6.68e-02      6.54e-01       27.91
   8     -1830.389658392      2.27e-02      1.85e+00       27.81
   9     -1830.414418405     -2.48e-02      3.64e-01       27.89
  10     -1830.416235220     -1.82e-03      3.46e-01       28.12
  11     -1830.416211045      2.42e-05      3.31e-01       28.47
  12     -1830.416968116     -7.57e-04      1.97e-01       27.28
  13     -1830.417043898     -7.58e-05      1.06e-01       26.43
  14     -1830.417237515     -1.94e-04      7.70e-02       28.15
  15     -1830.417263367     -2.59e-05      1.18e-01       27.37
  16     -1830.417335095     -7.17e-05      1.16e-04       27.71
  17     -1830.417335079      1.57e-08      7.42e-05       27.50
  18     -1830.417335102     -2.21e-08      1.00e-05       26.62
  19     -1830.417335101      7.36e-10      1.40e-05       26.89
  20     -1830.417335102     -1.22e-09      3.13e-06       26.76

 SCF converged in 20 iterations.

 Dipole moment (in Debye):               2.221742      -0.002550       0.218425

 Quadrupole moment (in Debye-Angstrom):
                  1            2            3
 1       -90.946546     0.018439    -3.193163
 2         0.018439   -82.576002    -0.004827
 3        -3.193163    -0.004827   -80.985293

 Spin-squared expectation <S^2>:         0.000
 Total spin quantum number S:            0.000
 TOTAL ENERGY:                       -1830.417335100

 --------------------------------------------------------------------------------

 End time:                               Tue Oct 26 06:03:14 2021
 Total wall-clock time:                732.461 seconds
==================================================================================
