
================================================================================
          _____________ ________ _______________ ________     _________         
         / ___________// ______ \\_____   _____// ______ \   / ________)        
        / /_________  / /      \ \     | |     / /      \ \ | (_______          
       |  __________|| |        | |    | |    | |        | | \________ \        
        \ \_________ | |        | |    | |     \ \______/ /___________) |       
         \__________||_|        |_|    |_|      \________//____________/        
                                                                                
====================================[ Qcore ]===================================

 Git describe: 2.3.0-3-g778a55bfd
 Compiler:     GNU 9.3.0
 Build type:   Release
 Version:      2.3.0-3-g778a55bfd

 Start time:   Wed Nov  3 14:50:38 2021

 Data directory: /mnt/storage/scratch/zw18965/.local/qcore/share/entos/qcore/data
 Number of threads: 28
 Number of threads was determined by: command line argument

 --------------------------------------------------------------------------------
                                   command: dft                                  
 --------------------------------------------------------------------------------
 AO basis set:                           def2-tzvppd
 Number of AO basis functions:        1275

 Formula:                                C18H33P
 Nuclear charge:                       156.000000000
 Total charge:                           0.000000000
 Number of electrons:                  156.000000000

 Number of alpha electrons:             78
 Number of beta electrons:              78
 Number of unpaired electrons:           0
 Spin:                                   0
 Multiplicity:                           singlet

 Theory:                                 dft
 Exchange-correlation functional:        0.49 b88 + 0.4 lyp
 Method for Coulomb:                     incore_df
 Method for exact exchange:              pre_transformed_df
 Integral threshold:                     1.00e-12
 DF basis set:                           def2-universal-jkfit
 Number of DF basis functions:        2072
 Schwarz screening threshold:            1.00e-10
 Coulomb fitting method:                 Cholesky

 ------------------
  UW12 Correlation 
 ------------------
 Factor for UW12 correlation:            1.000000000
 Opposite spin scale factor:             0.520000000
 Same spin scale factor:                 0.000000000
 Calculate indirect contribution:        false
 Method for three electron term:         df_ri
 Auxiliary RI basis set:                 Def2-TZVPPD-RI
 Number of RI basis functions:        3082
 Gaussians in geminal expansion:        10
 UW12 screening threshold:               1.00e-12
 Method for density-fitting:             w(r)
 Number of core spatial orbitals:       23

 Total number of grid points:       324120
 Method for AO orthogonalization:        symmetric
 Threshold for linear dependence:        1.00e-08
 D3BJ dispersion energy:                -0.099677806

 -------------------------------------
  Running restricted closed-shell SCF 
 -------------------------------------
 Max number of iterations:             128
 Conv. threshold (gradient):             1.00e-05
 Conv. threshold (energy):               1.00e-06
 Interpolation scheme:                   adiis+cdiis
 Initial guess:                          SAD

 ---------------------------------------------------------------
                  energy        change          grad        time
 ---------------------------------------------------------------
   0     -1052.237935208                    2.72e+01      810.95
   1     -1044.947808278      7.29e+00      2.46e+00      413.63
   2     -1044.733227357      2.15e-01      2.75e+00      400.84
   3     -1045.728253287     -9.95e-01      2.40e-01      400.34
   4     -1045.730691584     -2.44e-03      1.71e-01      405.24
   5     -1045.732450477     -1.76e-03      1.20e-01      407.03
   6     -1045.732606985     -1.57e-04      1.09e-01      401.62
   7     -1045.732945781     -3.39e-04      2.08e-02      407.06
   8     -1045.732938133      7.65e-06      2.68e-02      401.86
   9     -1045.732959276     -2.11e-05      3.56e-04      401.04
  10     -1045.732959265      1.09e-08      1.01e-04      403.85
  11     -1045.732959268     -3.20e-09      2.72e-05      406.50
  12     -1045.732959302     -3.44e-08      5.47e-06      403.04

 SCF converged in 12 iterations.

 Dipole moment (in Debye):               0.130126       0.108298       1.305349

 Quadrupole moment (in Debye-Angstrom):
                  1            2            3
 1      -128.743845     0.180029    -0.297062
 2         0.180029  -129.027621    -0.536540
 3        -0.297062    -0.536540  -134.671495

 Spin-squared expectation <S^2>:         0.000
 Total spin quantum number S:            0.000
 TOTAL ENERGY:                       -1045.732959267

 --------------------------------------------------------------------------------

 End time:                               Wed Nov  3 16:32:26 2021
 Total wall-clock time:               6108.302 seconds
==================================================================================
