
================================================================================
          _____________ ________ _______________ ________     _________         
         / ___________// ______ \\_____   _____// ______ \   / ________)        
        / /_________  / /      \ \     | |     / /      \ \ | (_______          
       |  __________|| |        | |    | |    | |        | | \________ \        
        \ \_________ | |        | |    | |     \ \______/ /___________) |       
         \__________||_|        |_|    |_|      \________//____________/        
                                                                                
====================================[ Qcore ]===================================

 Git describe: 2.3.0-1-g21d9df7e5
 Compiler:     GNU 9.1.0
 Build type:   Release
 Version:      2.3.0-1-g21d9df7e5

 Start time:   Tue Oct 26 05:48:55 2021

 Data directory: /work/zw18965/.local/qcore/share/entos/qcore/data
 Number of threads: 24
 Number of threads was determined by: command line argument

 --------------------------------------------------------------------------------
                                   command: dft                                  
 --------------------------------------------------------------------------------
 AO basis set:                           def2-tzvppd
 Number of AO basis functions:         312

 Formula:                                C3H9P
 Nuclear charge:                        42.000000000
 Total charge:                           0.000000000
 Number of electrons:                   42.000000000

 Number of alpha electrons:             21
 Number of beta electrons:              21
 Number of unpaired electrons:           0
 Spin:                                   0
 Multiplicity:                           singlet

 Theory:                                 dft
 Exchange-correlation functional:        0.49 b88 + 0.4 lyp
 Method for Coulomb:                     incore_df
 Method for exact exchange:              pre_transformed_df
 Integral threshold:                     1.00e-12
 DF basis set:                           def2-universal-jkfit
 Number of DF basis functions:         515
 Schwarz screening threshold:            1.00e-10
 Coulomb fitting method:                 Cholesky

 ------------------
  UW12 Correlation 
 ------------------
 Factor for UW12 correlation:            1.000000000
 Opposite spin scale factor:             0.520000000
 Same spin scale factor:                 0.000000000
 Calculate indirect contribution:        false
 Method for three electron term:         df_ri
 Auxiliary RI basis set:                 Def2-TZVPPD-RI
 Number of RI basis functions:         766
 Gaussians in geminal expansion:        10
 UW12 screening threshold:               1.00e-12
 Method for density-fitting:             w(r)
 Number of core spatial orbitals:        8

 Total number of grid points:        80760
 Method for AO orthogonalization:        symmetric
 Threshold for linear dependence:        1.00e-08
 D3BJ dispersion energy:                -0.018050143

 -------------------------------------
  Running restricted closed-shell SCF 
 -------------------------------------
 Max number of iterations:             128
 Conv. threshold (gradient):             1.00e-05
 Conv. threshold (energy):               1.00e-06
 Interpolation scheme:                   adiis+cdiis
 Initial guess:                          SAD

 ---------------------------------------------------------------
                  energy        change          grad        time
 ---------------------------------------------------------------
   0      -461.253207275                    1.79e+01        6.28
   1      -460.406378842      8.47e-01      1.88e+00        1.71
   2      -460.425074364     -1.87e-02      1.63e+00        1.65
   3      -460.597863556     -1.73e-01      1.21e-01        1.63
   4      -460.598144132     -2.81e-04      8.46e-02        1.63
   5      -460.598618602     -4.74e-04      2.21e-02        1.68
   6      -460.598647201     -2.86e-05      1.11e-03        1.64
   7      -460.598647289     -8.82e-08      6.03e-04        1.63
   8      -460.598647306     -1.63e-08      1.02e-04        1.63
   9      -460.598647311     -5.36e-09      1.44e-05        1.63
  10      -460.598647310      6.66e-10      2.11e-06        1.65

 SCF converged in 10 iterations.

 Dipole moment (in Debye):              -0.000226       0.000183       1.225605

 Quadrupole moment (in Debye-Angstrom):
                  1            2            3
 1       -33.918503    -0.000282    -0.000022
 2        -0.000282   -33.918223    -0.000063
 3        -0.000022    -0.000063   -38.284314

 Spin-squared expectation <S^2>:         0.000
 Total spin quantum number S:            0.000
 TOTAL ENERGY:                        -460.598647310

 --------------------------------------------------------------------------------

 End time:                               Tue Oct 26 05:49:22 2021
 Total wall-clock time:                 26.687 seconds
==================================================================================
