
================================================================================
          _____________ ________ _______________ ________     _________         
         / ___________// ______ \\_____   _____// ______ \   / ________)        
        / /_________  / /      \ \     | |     / /      \ \ | (_______          
       |  __________|| |        | |    | |    | |        | | \________ \        
        \ \_________ | |        | |    | |     \ \______/ /___________) |       
         \__________||_|        |_|    |_|      \________//____________/        
                                                                                
====================================[ Qcore ]===================================

 Git describe: 2.3.0-1-g21d9df7e5
 Compiler:     GNU 9.1.0
 Build type:   Release
 Version:      2.3.0-1-g21d9df7e5

 Start time:   Tue Oct 26 05:47:53 2021

 Data directory: /work/zw18965/.local/qcore/share/entos/qcore/data
 Number of threads: 24
 Number of threads was determined by: command line argument
  - More threads can be used by running 'qcore -n 32'

 --------------------------------------------------------------------------------
                                   command: dft                                  
 --------------------------------------------------------------------------------
 AO basis set:                           def2-tzvppd
 Number of AO basis functions:         381

 Formula:                                C6H6Se
 Nuclear charge:                        76.000000000
 Total charge:                           0.000000000
 Number of electrons:                   76.000000000

 Number of alpha electrons:             38
 Number of beta electrons:              38
 Number of unpaired electrons:           0
 Spin:                                   0
 Multiplicity:                           singlet

 Theory:                                 dft
 Exchange-correlation functional:        0.49 b88 + 0.4 lyp
 Method for Coulomb:                     incore_df
 Method for exact exchange:              pre_transformed_df
 Integral threshold:                     1.00e-12
 DF basis set:                           def2-universal-jkfit
 Number of DF basis functions:         824
 Schwarz screening threshold:            1.00e-10
 Coulomb fitting method:                 Cholesky

 ------------------
  UW12 Correlation 
 ------------------
 Factor for UW12 correlation:            1.000000000
 Opposite spin scale factor:             0.520000000
 Same spin scale factor:                 0.000000000
 Calculate indirect contribution:        false
 Method for three electron term:         df_ri
 Auxiliary RI basis set:                 Def2-TZVPPD-RI
 Number of RI basis functions:         961
 Gaussians in geminal expansion:        10
 UW12 screening threshold:               1.00e-12
 Method for density-fitting:             w(r)
 Number of core spatial orbitals:       15

 Total number of grid points:        84112
 Method for AO orthogonalization:        symmetric
 Threshold for linear dependence:        1.00e-08
 D3BJ dispersion energy:                -0.026123573

 -------------------------------------
  Running restricted closed-shell SCF 
 -------------------------------------
 Max number of iterations:             128
 Conv. threshold (gradient):             1.00e-05
 Conv. threshold (energy):               1.00e-06
 Interpolation scheme:                   adiis+cdiis
 Initial guess:                          SAD

 ---------------------------------------------------------------
                  energy        change          grad        time
 ---------------------------------------------------------------
   0     -2634.967872749                    1.65e+01       47.07
   1     -2632.704682755      2.26e+00      1.37e+00        5.52
   2     -2632.639084328      6.56e-02      1.72e+00        5.46
   3     -2632.938578125     -2.99e-01      1.23e-01        5.42
   4     -2632.938454273      1.24e-04      1.74e-01        5.51
   5     -2632.939701523     -1.25e-03      6.67e-02        5.49
   6     -2632.939608520      9.30e-05      8.00e-02        5.45
   7     -2632.939861473     -2.53e-04      2.24e-03        5.52
   8     -2632.939862379     -9.06e-07      1.62e-03        5.44
   9     -2632.939862989     -6.10e-07      1.83e-04        5.54
  10     -2632.939862885      1.04e-07      9.44e-05        5.50
  11     -2632.939862874      1.15e-08      4.78e-05        5.47
  12     -2632.939862880     -6.16e-09      1.23e-05        5.41
  13     -2632.939862878      2.35e-09      5.27e-06        5.48

 SCF converged in 13 iterations.

 Dipole moment (in Debye):               0.892388       0.509802       0.000002

 Quadrupole moment (in Debye-Angstrom):
                  1            2            3
 1       -50.347137    -1.580732    -0.000008
 2        -1.580732   -47.676790    -0.000004
 3        -0.000008    -0.000004   -59.449961

 Spin-squared expectation <S^2>:         0.000
 Total spin quantum number S:            0.000
 TOTAL ENERGY:                       -2632.939862876

 --------------------------------------------------------------------------------

 End time:                               Tue Oct 26 05:50:09 2021
 Total wall-clock time:                135.917 seconds
==================================================================================
