
================================================================================
          _____________ ________ _______________ ________     _________         
         / ___________// ______ \\_____   _____// ______ \   / ________)        
        / /_________  / /      \ \     | |     / /      \ \ | (_______          
       |  __________|| |        | |    | |    | |        | | \________ \        
        \ \_________ | |        | |    | |     \ \______/ /___________) |       
         \__________||_|        |_|    |_|      \________//____________/        
                                                                                
====================================[ Qcore ]===================================

 Git describe: 2.3.0-1-g21d9df7e5
 Compiler:     GNU 9.1.0
 Build type:   Release
 Version:      2.3.0-1-g21d9df7e5

 Start time:   Tue Oct 26 05:47:41 2021

 Data directory: /work/zw18965/.local/qcore/share/entos/qcore/data
 Number of threads: 24
 Number of threads was determined by: command line argument

 --------------------------------------------------------------------------------
                                   command: dft                                  
 --------------------------------------------------------------------------------
 AO basis set:                           def2-tzvppd
 Number of AO basis functions:         162

 Formula:                                C2H3N
 Nuclear charge:                        22.000000000
 Total charge:                           0.000000000
 Number of electrons:                   22.000000000

 Number of alpha electrons:             11
 Number of beta electrons:              11
 Number of unpaired electrons:           0
 Spin:                                   0
 Multiplicity:                           singlet

 Theory:                                 dft
 Exchange-correlation functional:        0.49 b88 + 0.4 lyp
 Method for Coulomb:                     incore_df
 Method for exact exchange:              pre_transformed_df
 Integral threshold:                     1.00e-12
 DF basis set:                           def2-universal-jkfit
 Number of DF basis functions:         281
 Schwarz screening threshold:            1.00e-10
 Coulomb fitting method:                 Cholesky

 ------------------
  UW12 Correlation 
 ------------------
 Factor for UW12 correlation:            1.000000000
 Opposite spin scale factor:             0.520000000
 Same spin scale factor:                 0.000000000
 Calculate indirect contribution:        false
 Method for three electron term:         df_ri
 Auxiliary RI basis set:                 Def2-TZVPPD-RI
 Number of RI basis functions:         393
 Gaussians in geminal expansion:        10
 UW12 screening threshold:               1.00e-12
 Method for density-fitting:             w(r)
 Number of core spatial orbitals:        3

 Total number of grid points:        38070
 Method for AO orthogonalization:        symmetric
 Threshold for linear dependence:        1.00e-08
 D3BJ dispersion energy:                -0.004805295

 -------------------------------------
  Running restricted closed-shell SCF 
 -------------------------------------
 Max number of iterations:             128
 Conv. threshold (gradient):             1.00e-05
 Conv. threshold (energy):               1.00e-06
 Interpolation scheme:                   adiis+cdiis
 Initial guess:                          SAD

 ---------------------------------------------------------------
                  energy        change          grad        time
 ---------------------------------------------------------------
   0      -133.101620513                    1.12e+01        1.04
   1      -132.490322854      6.11e-01      9.40e-01        0.24
   2      -132.489545432      7.77e-04      1.43e+00        0.24
   3      -132.559134536     -6.96e-02      4.36e-01        0.22
   4      -132.542153951      1.70e-02      8.22e-01        0.21
   5      -132.567642314     -2.55e-02      1.55e-01        0.20
   6      -132.567376755      2.66e-04      1.77e-01        0.19
   7      -132.568604055     -1.23e-03      8.67e-03        0.19
   8      -132.568602386      1.67e-06      1.03e-02        0.18
   9      -132.568608924     -6.54e-06      9.15e-05        0.17
  10      -132.568608925     -9.21e-10      3.99e-05        0.18
  11      -132.568608924      7.33e-10      3.17e-06        0.17

 SCF converged in 11 iterations.

 Dipole moment (in Debye):              -4.045349      -0.235486       0.150092

 Quadrupole moment (in Debye-Angstrom):
                  1            2            3
 1       -20.905067    -0.190381     0.121297
 2        -0.190381   -17.646185     0.007092
 3         0.121297     0.007092   -17.639564

 Spin-squared expectation <S^2>:         0.000
 Total spin quantum number S:            0.000
 TOTAL ENERGY:                        -132.568608924

 --------------------------------------------------------------------------------

 End time:                               Tue Oct 26 05:47:46 2021
 Total wall-clock time:                  4.386 seconds
==================================================================================
