
================================================================================
          _____________ ________ _______________ ________     _________         
         / ___________// ______ \\_____   _____// ______ \   / ________)        
        / /_________  / /      \ \     | |     / /      \ \ | (_______          
       |  __________|| |        | |    | |    | |        | | \________ \        
        \ \_________ | |        | |    | |     \ \______/ /___________) |       
         \__________||_|        |_|    |_|      \________//____________/        
                                                                                
====================================[ Qcore ]===================================

 Git describe: 2.3.0-1-g21d9df7e5
 Compiler:     GNU 9.1.0
 Build type:   Release
 Version:      2.3.0-1-g21d9df7e5

 Start time:   Tue Oct 26 05:49:25 2021

 Data directory: /work/zw18965/.local/qcore/share/entos/qcore/data
 Number of threads: 24
 Number of threads was determined by: command line argument

 --------------------------------------------------------------------------------
                                   command: dft                                  
 --------------------------------------------------------------------------------
 AO basis set:                           def2-tzvppd
 Number of AO basis functions:         529

 Formula:                                C6O6Cr
 Nuclear charge:                       108.000000000
 Total charge:                           0.000000000
 Number of electrons:                  108.000000000

 Number of alpha electrons:             54
 Number of beta electrons:              54
 Number of unpaired electrons:           0
 Spin:                                   0
 Multiplicity:                           singlet

 Theory:                                 dft
 Exchange-correlation functional:        0.49 b88 + 0.4 lyp
 Method for Coulomb:                     incore_df
 Method for exact exchange:              pre_transformed_df
 Integral threshold:                     1.00e-12
 DF basis set:                           def2-universal-jkfit
 Number of DF basis functions:        1176
 Schwarz screening threshold:            1.00e-10
 Coulomb fitting method:                 Cholesky

 ------------------
  UW12 Correlation 
 ------------------
 Factor for UW12 correlation:            1.000000000
 Opposite spin scale factor:             0.520000000
 Same spin scale factor:                 0.000000000
 Calculate indirect contribution:        false
 Method for three electron term:         df_ri
 Auxiliary RI basis set:                 Def2-TZVPPD-RI
 Number of RI basis functions:        1329
 Gaussians in geminal expansion:        10
 UW12 screening threshold:               1.00e-12
 Method for density-fitting:             w(r)
 Number of core spatial orbitals:       21

 Total number of grid points:        90292
 Method for AO orthogonalization:        symmetric
 Threshold for linear dependence:        1.00e-08
 D3BJ dispersion energy:                -0.040698348

 -------------------------------------
  Running restricted closed-shell SCF 
 -------------------------------------
 Max number of iterations:             128
 Conv. threshold (gradient):             1.00e-05
 Conv. threshold (energy):               1.00e-06
 Interpolation scheme:                   adiis+cdiis
 Initial guess:                          SAD

 ---------------------------------------------------------------
                  energy        change          grad        time
 ---------------------------------------------------------------
   0     -1725.966299903                    3.54e+01      124.04
   1     -1722.023712095      3.94e+00      1.05e+01       22.72
   2     -1697.811162544      2.42e+01      3.85e+01       22.72
   3     -1719.017345740     -2.12e+01      2.48e+01       23.04
   4     -1723.161321849     -4.14e+00      3.31e+00       22.64
   5     -1723.180142561     -1.88e-02      2.40e+00       22.48
   6     -1723.327561292     -1.47e-01      1.91e+00       22.24
   7     -1723.080069105      2.47e-01      6.71e+00       22.29
   8     -1723.318025097     -2.38e-01      2.35e+00       22.13
   9     -1723.351291197     -3.33e-02      1.99e-01       22.37
  10     -1723.341425055      9.87e-03      9.32e-01       22.40
  11     -1723.351998924     -1.06e-02      1.04e-01       22.02
  12     -1723.351973805      2.51e-05      3.26e-01       22.40
  13     -1723.352331749     -3.58e-04      2.89e-01       22.10
  14     -1723.352701045     -3.69e-04      5.16e-02       22.52
  15     -1723.352629943      7.11e-05      3.95e-02       22.28
  16     -1723.352773541     -1.44e-04      1.32e-05       22.53
  17     -1723.352773555     -1.39e-08      7.11e-06       22.01

 SCF converged in 17 iterations.

 Dipole moment (in Debye):              -0.000097       0.000025      -0.000092

 Quadrupole moment (in Debye-Angstrom):
                  1            2            3
 1       -84.298923    -0.000088     0.000326
 2        -0.000088   -84.298566     0.000033
 3         0.000326     0.000033   -84.298649

 Spin-squared expectation <S^2>:         0.000
 Total spin quantum number S:            0.000
 TOTAL ENERGY:                       -1723.352773557

 --------------------------------------------------------------------------------

 End time:                               Tue Oct 26 05:58:29 2021
 Total wall-clock time:                543.276 seconds
==================================================================================
