
================================================================================
          _____________ ________ _______________ ________     _________         
         / ___________// ______ \\_____   _____// ______ \   / ________)        
        / /_________  / /      \ \     | |     / /      \ \ | (_______          
       |  __________|| |        | |    | |    | |        | | \________ \        
        \ \_________ | |        | |    | |     \ \______/ /___________) |       
         \__________||_|        |_|    |_|      \________//____________/        
                                                                                
====================================[ Qcore ]===================================

 Git describe: 2.3.0-3-g778a55bfd
 Compiler:     GNU 9.3.0
 Build type:   Release
 Version:      2.3.0-3-g778a55bfd

 Start time:   Wed Nov  3 16:32:31 2021

 Data directory: /mnt/storage/scratch/zw18965/.local/qcore/share/entos/qcore/data
 Number of threads: 28
 Number of threads was determined by: command line argument

 --------------------------------------------------------------------------------
                                   command: dft                                  
 --------------------------------------------------------------------------------
 AO basis set:                           def2-tzvppd
 Number of AO basis functions:         959
 ECP on atom 21 (Pd):                    28 electrons
 ECP on atom 30 (I):                     28 electrons

 Formula:                                C13H17N2PdI
 Nuclear charge:                       208.000000000
 Total charge:                           0.000000000
 Number of core electrons:              56
 Number of treated electrons:          152

 Number of alpha electrons:             76
 Number of beta electrons:              76
 Number of unpaired electrons:           0
 Spin:                                   0
 Multiplicity:                           singlet

 Theory:                                 dft
 Exchange-correlation functional:        0.49 b88 + 0.4 lyp
 Method for Coulomb:                     incore_df
 Method for exact exchange:              pre_transformed_df
 Integral threshold:                     1.00e-12
 DF basis set:                           def2-universal-jkfit
 Number of DF basis functions:        1908
 Schwarz screening threshold:            1.00e-10
 Coulomb fitting method:                 Cholesky

 ------------------
  UW12 Correlation 
 ------------------
 Factor for UW12 correlation:            1.000000000
 Opposite spin scale factor:             0.520000000
 Same spin scale factor:                 0.000000000
 Calculate indirect contribution:        false
 Method for three electron term:         df_ri
 Auxiliary RI basis set:                 Def2-TZVPPD-RI
 Number of RI basis functions:        2419
 Gaussians in geminal expansion:        10
 UW12 screening threshold:               1.00e-12
 Method for density-fitting:             w(r)
 Number of core spatial orbitals:       23

 Total number of grid points:       219414
 Method for AO orthogonalization:        symmetric
 Threshold for linear dependence:        1.00e-08
 D3BJ dispersion energy:                -0.089785087

 -------------------------------------
  Running restricted closed-shell SCF 
 -------------------------------------
 Max number of iterations:             128
 Conv. threshold (gradient):             1.00e-05
 Conv. threshold (energy):               1.00e-06
 Interpolation scheme:                   adiis+cdiis
 Initial guess:                          SAD

 ---------------------------------------------------------------
                  energy        change          grad        time
 ---------------------------------------------------------------
   0     -1044.287779011                    3.11e+01     1328.75
   1     -1037.966745142      6.32e+00      1.42e+01      198.50
   2     -1035.306524091      2.66e+00      1.62e+01      200.24
   3     -1039.176267511     -3.87e+00      4.30e+00      201.78
   4     -1039.200702851     -2.44e-02      5.11e+00      200.53
   5     -1039.404652855     -2.04e-01      5.75e-01      198.98
   6     -1039.389974951      1.47e-02      1.18e+00      198.01
   7     -1039.414010883     -2.40e-02      1.28e-01      197.20
   8     -1039.412871512      1.14e-03      2.68e-01      199.32
   9     -1039.414694389     -1.82e-03      4.35e-02      200.21
  10     -1039.414695815     -1.43e-06      1.04e-01      198.97
  11     -1039.414785034     -8.92e-05      1.12e-03      201.10
  12     -1039.414785328     -2.94e-07      3.47e-04      197.69
  13     -1039.414785377     -4.86e-08      1.46e-04      198.83
  14     -1039.414785367      9.70e-09      7.01e-05      198.74
  15     -1039.414785349      1.86e-08      2.83e-05      201.35
  16     -1039.414785392     -4.37e-08      1.80e-05      204.12
  17     -1039.414785343      4.93e-08      1.33e-05      199.28
  18     -1039.414785358     -1.46e-08      7.79e-06      201.11

 SCF converged in 18 iterations.

 Dipole moment (in Debye):              -8.689882       0.405979       3.126377

 Quadrupole moment (in Debye-Angstrom):
                  1            2            3
 1      -124.488987     0.439083    12.447060
 2         0.439083  -111.350746     2.451578
 3        12.447060     2.451578  -152.960694

 Spin-squared expectation <S^2>:         0.000
 Total spin quantum number S:            0.000
 TOTAL ENERGY:                       -1039.414785371

 --------------------------------------------------------------------------------

 End time:                               Wed Nov  3 18:01:12 2021
 Total wall-clock time:               5321.362 seconds
==================================================================================
