
================================================================================
          _____________ ________ _______________ ________     _________         
         / ___________// ______ \\_____   _____// ______ \   / ________)        
        / /_________  / /      \ \     | |     / /      \ \ | (_______          
       |  __________|| |        | |    | |    | |        | | \________ \        
        \ \_________ | |        | |    | |     \ \______/ /___________) |       
         \__________||_|        |_|    |_|      \________//____________/        
                                                                                
====================================[ Qcore ]===================================

 Git describe: 2.3.0-1-g21d9df7e5
 Compiler:     GNU 9.1.0
 Build type:   Release
 Version:      2.3.0-1-g21d9df7e5

 Start time:   Tue Oct 26 05:47:19 2021

 Data directory: /work/zw18965/.local/qcore/share/entos/qcore/data
 Number of threads: 24
 Number of threads was determined by: command line argument

 --------------------------------------------------------------------------------
                                   command: dft                                  
 --------------------------------------------------------------------------------
 AO basis set:                           def2-tzvppd
 Number of AO basis functions:         118
 ECP on atom 1 (I):                      28 electrons
 ECP on atom 2 (I):                      28 electrons

 Formula:                                I2
 Nuclear charge:                       106.000000000
 Total charge:                           0.000000000
 Number of core electrons:              56
 Number of treated electrons:           50

 Number of alpha electrons:             25
 Number of beta electrons:              25
 Number of unpaired electrons:           0
 Spin:                                   0
 Multiplicity:                           singlet

 Theory:                                 dft
 Exchange-correlation functional:        0.49 b88 + 0.4 lyp
 Method for Coulomb:                     incore_df
 Method for exact exchange:              pre_transformed_df
 Integral threshold:                     1.00e-12
 DF basis set:                           def2-universal-jkfit
 Number of DF basis functions:         436
 Schwarz screening threshold:            1.00e-10
 Coulomb fitting method:                 Cholesky

 ------------------
  UW12 Correlation 
 ------------------
 Factor for UW12 correlation:            1.000000000
 Opposite spin scale factor:             0.520000000
 Same spin scale factor:                 0.000000000
 Calculate indirect contribution:        false
 Method for three electron term:         df_ri
 Auxiliary RI basis set:                 Def2-TZVPPD-RI
 Number of RI basis functions:         400
 Gaussians in geminal expansion:        10
 UW12 screening threshold:               1.00e-12
 Method for density-fitting:             w(r)
 Number of core spatial orbitals:        8

 Total number of grid points:        17740
 Method for AO orthogonalization:        symmetric
 Threshold for linear dependence:        1.00e-08
 D3BJ dispersion energy:                -0.008296522

 -------------------------------------
  Running restricted closed-shell SCF 
 -------------------------------------
 Max number of iterations:             128
 Conv. threshold (gradient):             1.00e-05
 Conv. threshold (energy):               1.00e-06
 Interpolation scheme:                   adiis+cdiis
 Initial guess:                          SAD

 ---------------------------------------------------------------
                  energy        change          grad        time
 ---------------------------------------------------------------
   0      -594.975821419                    2.18e+00        7.85
   1      -595.082667536     -1.07e-01      1.48e-01        0.35
   2      -595.084522098     -1.85e-03      8.86e-02        0.34
   3      -595.085089155     -5.67e-04      8.51e-02        0.33
   4      -595.086678853     -1.59e-03      2.84e-03        0.33
   5      -595.086664622      1.42e-05      7.24e-04        0.32
   6      -595.086668584     -3.96e-06      1.18e-04        0.32
   7      -595.086668535      4.92e-08      3.09e-05        0.31
   8      -595.086668569     -3.37e-08      1.16e-06        0.31

 SCF converged in 8 iterations.

 Dipole moment (in Debye):               0.000001       0.000001      -0.000000

 Quadrupole moment (in Debye-Angstrom):
                  1            2            3
 1       -54.390039     0.000000    -0.000000
 2         0.000000   -54.390039    -0.000000
 3        -0.000000    -0.000000   -47.400049

 Spin-squared expectation <S^2>:         0.000
 Total spin quantum number S:            0.000
 TOTAL ENERGY:                        -595.086668567

 --------------------------------------------------------------------------------

 End time:                               Tue Oct 26 05:47:38 2021
 Total wall-clock time:                 19.246 seconds
==================================================================================
