
================================================================================
          _____________ ________ _______________ ________     _________         
         / ___________// ______ \\_____   _____// ______ \   / ________)        
        / /_________  / /      \ \     | |     / /      \ \ | (_______          
       |  __________|| |        | |    | |    | |        | | \________ \        
        \ \_________ | |        | |    | |     \ \______/ /___________) |       
         \__________||_|        |_|    |_|      \________//____________/        
                                                                                
====================================[ Qcore ]===================================

 Git describe: 2.3.0-3-g778a55bfd
 Compiler:     GNU 9.3.0
 Build type:   Release
 Version:      2.3.0-3-g778a55bfd

 Start time:   Wed Nov  3 15:24:30 2021

 Data directory: /mnt/storage/scratch/zw18965/.local/qcore/share/entos/qcore/data
 Number of threads: 28
 Number of threads was determined by: command line argument

 --------------------------------------------------------------------------------
                                   command: dft                                  
 --------------------------------------------------------------------------------
 AO basis set:                           def2-tzvppd
 Number of AO basis functions:        1027
 ECP on atom 1 (Ir):                     60 electrons

 Formula:                                C9H21O2P2Cl2Ir
 Nuclear charge:                       232.000000000
 Total charge:                           0.000000000
 Number of core electrons:              60
 Number of treated electrons:          172

 Number of alpha electrons:             86
 Number of beta electrons:              86
 Number of unpaired electrons:           0
 Spin:                                   0
 Multiplicity:                           singlet

 Theory:                                 dft
 Exchange-correlation functional:        0.49 b88 + 0.4 lyp
 Method for Coulomb:                     incore_df
 Method for exact exchange:              pre_transformed_df
 Integral threshold:                     1.00e-12
 DF basis set:                           def2-universal-jkfit
 Number of DF basis functions:        1946
 Schwarz screening threshold:            1.00e-10
 Coulomb fitting method:                 Cholesky

 ------------------
  UW12 Correlation 
 ------------------
 Factor for UW12 correlation:            1.000000000
 Opposite spin scale factor:             0.520000000
 Same spin scale factor:                 0.000000000
 Calculate indirect contribution:        false
 Method for three electron term:         df_ri
 Auxiliary RI basis set:                 Def2-TZVPPD-RI
 Number of RI basis functions:        2580
 Gaussians in geminal expansion:        10
 UW12 screening threshold:               1.00e-12
 Method for density-fitting:             w(r)
 Number of core spatial orbitals:       35

 Total number of grid points:       237586
 Method for AO orthogonalization:        symmetric
 Threshold for linear dependence:        1.00e-08
 D3BJ dispersion energy:                -0.109465720

 -------------------------------------
  Running restricted closed-shell SCF 
 -------------------------------------
 Max number of iterations:             128
 Conv. threshold (gradient):             1.00e-05
 Conv. threshold (energy):               1.00e-06
 Interpolation scheme:                   adiis+cdiis
 Initial guess:                          SAD

 ---------------------------------------------------------------
                  energy        change          grad        time
 ---------------------------------------------------------------
   0     -2214.700380153                    1.31e+02     1619.27
   1     -2210.746337302      3.95e+00      6.57e+00      494.06
   2     -2207.136689191      3.61e+00      1.72e+01      504.74
   3     -2211.386939548     -4.25e+00      4.07e+00      492.67
   4     -2211.472928848     -8.60e-02      3.93e+00      512.26
   5     -2211.591813629     -1.19e-01      1.98e+00      504.67
   6     -2211.620908004     -2.91e-02      1.00e+00      505.25
   7     -2211.634995438     -1.41e-02      3.07e-01      485.66
   8     -2211.633977638      1.02e-03      4.96e-01      498.94
   9     -2211.636647111     -2.67e-03      8.24e-02      505.69
  10     -2211.636369802      2.77e-04      1.70e-01      495.53
  11     -2211.636796370     -4.27e-04      1.19e-03      495.56
  12     -2211.636796605     -2.35e-07      9.20e-04      497.46
  13     -2211.636796682     -7.68e-08      1.87e-04      507.08
  14     -2211.636796733     -5.13e-08      7.30e-05      508.20
  15     -2211.636796705      2.81e-08      3.31e-05      506.02
  16     -2211.636796697      8.11e-09      1.66e-05      489.77
  17     -2211.636796696      1.64e-09      4.11e-06      490.33

 SCF converged in 17 iterations.

 Dipole moment (in Debye):               0.296048       2.086226       0.620787

 Quadrupole moment (in Debye-Angstrom):
                  1            2            3
 1      -111.698333     4.625444     1.183859
 2         4.625444  -159.021499    -6.566904
 3         1.183859    -6.566904  -157.758065

 Spin-squared expectation <S^2>:         0.000
 Total spin quantum number S:            0.000
 TOTAL ENERGY:                       -2211.636796692

 --------------------------------------------------------------------------------

 End time:                               Wed Nov  3 18:23:33 2021
 Total wall-clock time:              10742.263 seconds
==================================================================================
