
================================================================================
          _____________ ________ _______________ ________     _________         
         / ___________// ______ \\_____   _____// ______ \   / ________)        
        / /_________  / /      \ \     | |     / /      \ \ | (_______          
       |  __________|| |        | |    | |    | |        | | \________ \        
        \ \_________ | |        | |    | |     \ \______/ /___________) |       
         \__________||_|        |_|    |_|      \________//____________/        
                                                                                
====================================[ Qcore ]===================================

 Git describe: 2.3.0-3-g778a55bfd
 Compiler:     GNU 9.3.0
 Build type:   Release
 Version:      2.3.0-3-g778a55bfd

 Start time:   Thu Nov  4 03:51:35 2021

 Data directory: /mnt/storage/scratch/zw18965/.local/qcore/share/entos/qcore/data
 Number of threads: 28
 Number of threads was determined by: command line argument

 --------------------------------------------------------------------------------
                                   command: dft                                  
 --------------------------------------------------------------------------------
 AO basis set:                           def2-tzvppd
 Number of AO basis functions:        1322
 ECP on atom 25 (Ru):                    28 electrons

 Formula:                                C16H31P2ClRu
 Nuclear charge:                       218.000000000
 Total charge:                           0.000000000
 Number of core electrons:              28
 Number of treated electrons:          190

 Number of alpha electrons:             95
 Number of beta electrons:              95
 Number of unpaired electrons:           0
 Spin:                                   0
 Multiplicity:                           singlet

 Theory:                                 dft
 Exchange-correlation functional:        0.49 b88 + 0.4 lyp
 Method for Coulomb:                     incore_df
 Method for exact exchange:              pre_transformed_df
 Integral threshold:                     1.00e-12
 DF basis set:                           def2-universal-jkfit
 Number of DF basis functions:        2397
 Schwarz screening threshold:            1.00e-10
 Coulomb fitting method:                 Cholesky

 ------------------
  UW12 Correlation 
 ------------------
 Factor for UW12 correlation:            1.000000000
 Opposite spin scale factor:             0.520000000
 Same spin scale factor:                 0.000000000
 Calculate indirect contribution:        false
 Method for three electron term:         df_ri
 Auxiliary RI basis set:                 Def2-TZVPPD-RI
 Number of RI basis functions:        3274
 Gaussians in geminal expansion:        10
 UW12 screening threshold:               1.00e-12
 Method for density-fitting:             w(r)
 Number of core spatial orbitals:       35

 Total number of grid points:       321998
 Method for AO orthogonalization:        symmetric
 Threshold for linear dependence:        1.00e-08
 D3BJ dispersion energy:                -0.137421360

 -------------------------------------
  Running restricted closed-shell SCF 
 -------------------------------------
 Max number of iterations:             128
 Conv. threshold (gradient):             1.00e-05
 Conv. threshold (energy):               1.00e-06
 Interpolation scheme:                   adiis+cdiis
 Initial guess:                          SAD

 ---------------------------------------------------------------
                  energy        change          grad        time
 ---------------------------------------------------------------
   0     -1870.465105523                    4.71e+01     1611.82
   1     -1863.285333827      7.18e+00      5.71e+00      580.00
   2     -1861.314616457      1.97e+00      1.71e+01      557.41
   3     -1864.022894800     -2.71e+00      3.58e+00      570.35
   4     -1863.456722397      5.66e-01      1.08e+01      572.06
   5     -1864.183392438     -7.27e-01      5.47e-01      568.40
   6     -1864.193755715     -1.04e-02      7.28e-01      577.71
   7     -1864.204332890     -1.06e-02      1.34e+00      566.56
   8     -1864.187598039      1.67e-02      2.03e+00      577.92
   9     -1864.213277527     -2.57e-02      3.95e-01      570.57
  10     -1864.214255250     -9.78e-04      2.54e-01      575.32
  11     -1864.214657029     -4.02e-04      3.65e-01      586.23
  12     -1864.215060249     -4.03e-04      2.39e-01      582.48
  13     -1864.215336063     -2.76e-04      1.44e-01      567.64
  14     -1864.215392844     -5.68e-05      6.39e-02      578.95
  15     -1864.215442989     -5.01e-05      4.99e-02      576.88
  16     -1864.215475696     -3.27e-05      1.22e-04      571.63
  17     -1864.215475747     -5.09e-08      6.77e-05      581.34
  18     -1864.215475767     -1.99e-08      2.32e-05      564.98
  19     -1864.215475744      2.37e-08      1.48e-05      570.88
  20     -1864.215475767     -2.34e-08      1.13e-05      569.94
  21     -1864.215475709      5.79e-08      2.09e-05      559.40
  22     -1864.215475720     -1.10e-08      1.32e-05      562.51
  23     -1864.215475765     -4.49e-08      1.12e-05      566.92
  24     -1864.215475735      3.00e-08      1.66e-05      564.32
  25     -1864.215475756     -2.09e-08      1.47e-05      559.50
  26     -1864.215475727      2.92e-08      1.21e-05      575.28
  27     -1864.215475736     -9.72e-09      1.14e-05      560.18
  28     -1864.215475750     -1.41e-08      7.74e-06      566.10

 SCF converged in 28 iterations.

 Dipole moment (in Debye):              -1.138131       0.430221       4.789457

 Quadrupole moment (in Debye-Angstrom):
                  1            2            3
 1      -154.447502     0.094313    -3.074449
 2         0.094313  -152.725516    -1.956952
 3        -3.074449    -1.956952  -173.036291

 Spin-squared expectation <S^2>:         0.000
 Total spin quantum number S:            0.000
 TOTAL ENERGY:                       -1864.215475733

 --------------------------------------------------------------------------------

 End time:                               Thu Nov  4 08:55:33 2021
 Total wall-clock time:              18238.106 seconds
==================================================================================
