
================================================================================
          _____________ ________ _______________ ________     _________         
         / ___________// ______ \\_____   _____// ______ \   / ________)        
        / /_________  / /      \ \     | |     / /      \ \ | (_______          
       |  __________|| |        | |    | |    | |        | | \________ \        
        \ \_________ | |        | |    | |     \ \______/ /___________) |       
         \__________||_|        |_|    |_|      \________//____________/        
                                                                                
====================================[ Qcore ]===================================

 Git describe: 2.3.0-1-g21d9df7e5
 Compiler:     GNU 9.1.0
 Build type:   Release
 Version:      2.3.0-1-g21d9df7e5

 Start time:   Tue Oct 26 06:07:07 2021

 Data directory: /work/zw18965/.local/qcore/share/entos/qcore/data
 Number of threads: 24
 Number of threads was determined by: command line argument
  - More threads can be used by running 'qcore -n 32'

 --------------------------------------------------------------------------------
                                   command: dft                                  
 --------------------------------------------------------------------------------
 AO basis set:                           def2-tzvppd
 Number of AO basis functions:         773
 ECP on atom 1 (Mo):                     28 electrons

 Formula:                                C9H9N3O3Mo
 Nuclear charge:                       150.000000000
 Total charge:                           0.000000000
 Number of core electrons:              28
 Number of treated electrons:          122

 Number of alpha electrons:             61
 Number of beta electrons:              61
 Number of unpaired electrons:           0
 Spin:                                   0
 Multiplicity:                           singlet

 Theory:                                 dft
 Exchange-correlation functional:        0.49 b88 + 0.4 lyp
 Method for Coulomb:                     incore_df
 Method for exact exchange:              pre_transformed_df
 Integral threshold:                     1.00e-12
 DF basis set:                           def2-universal-jkfit
 Number of DF basis functions:        1554
 Schwarz screening threshold:            1.00e-10
 Coulomb fitting method:                 Cholesky

 ------------------
  UW12 Correlation 
 ------------------
 Factor for UW12 correlation:            1.000000000
 Opposite spin scale factor:             0.520000000
 Same spin scale factor:                 0.000000000
 Calculate indirect contribution:        false
 Method for three electron term:         df_ri
 Auxiliary RI basis set:                 Def2-TZVPPD-RI
 Number of RI basis functions:        1907
 Gaussians in geminal expansion:        10
 UW12 screening threshold:               1.00e-12
 Method for density-fitting:             w(r)
 Number of core spatial orbitals:       19

 Total number of grid points:       163712
 Method for AO orthogonalization:        symmetric
 Threshold for linear dependence:        1.00e-08
 D3BJ dispersion energy:                -0.055913547

 -------------------------------------
  Running restricted closed-shell SCF 
 -------------------------------------
 Max number of iterations:             128
 Conv. threshold (gradient):             1.00e-05
 Conv. threshold (energy):               1.00e-06
 Interpolation scheme:                   adiis+cdiis
 Initial guess:                          SAD

 ---------------------------------------------------------------
                  energy        change          grad        time
 ---------------------------------------------------------------
   0      -808.651752184                    2.46e+01      262.97
   1      -808.636194662      1.56e-02      6.57e+00       73.09
   2      -799.751612867      8.88e+00      2.65e+01       73.09
   3      -808.746866684     -9.00e+00      6.93e+00       73.58
   4      -809.410136813     -6.63e-01      1.26e+00       72.84
   5      -809.287581688      1.23e-01      2.36e+00       72.57
   6      -809.442921783     -1.55e-01      5.02e-01       72.74
   7      -809.446377203     -3.46e-03      4.76e-01       73.42
   8      -809.450408858     -4.03e-03      2.06e-01       73.36
   9      -809.447625353      2.78e-03      4.59e-01       73.16
  10      -809.451224353     -3.60e-03      1.32e-01       73.02
  11      -809.451198517      2.58e-05      1.11e-01       72.42
  12      -809.451436358     -2.38e-04      1.24e-01       72.89
  13      -809.451631200     -1.95e-04      5.90e-02       72.69
  14      -809.451708493     -7.73e-05      4.33e-02       73.28
  15      -809.451779318     -7.08e-05      1.42e-02       73.32
  16      -809.451790809     -1.15e-05      1.42e-02       72.99
  17      -809.451777628      1.32e-05      1.41e-02       72.07
  18      -809.451709486      6.81e-05      1.38e-02       72.93
  19      -809.451614028      9.55e-05      1.36e-02       72.19
  20      -809.451562996      5.10e-05      1.24e-02       73.55
  21      -809.451390150      1.73e-04      1.30e-02       72.02
  22      -809.451254682      1.35e-04      1.24e-02       72.54
  23      -809.451259835     -5.15e-06      1.16e-02       72.09
  24      -809.451242930      1.69e-05      1.06e-02       72.60
  25      -809.451242091      8.39e-07      4.69e-03       72.89
  26      -809.451247544     -5.45e-06      9.74e-03       72.44
  27      -809.451245407      2.14e-06      5.79e-03       72.44
  28      -809.451245531     -1.24e-07      9.62e-03       72.42
  29      -809.451249455     -3.92e-06      2.08e-03       72.21
  30      -809.451251318     -1.86e-06      2.25e-03       72.98
  31      -809.451253037     -1.72e-06      1.35e-03       71.90
  32      -809.451252637      4.00e-07      1.02e-03       73.17
  33      -809.451252297      3.40e-07      7.74e-04       72.49
  34      -809.451252821     -5.24e-07      7.21e-04       73.23
  35      -809.451252837     -1.62e-08      7.04e-04       72.51
  36      -809.451252732      1.05e-07      6.41e-04       73.14
  37      -809.451252713      1.95e-08      5.98e-04       73.00
  38      -809.451252639      7.41e-08      5.47e-04       73.32
  39      -809.451252243      3.96e-07      4.53e-04       71.89
  40      -809.451252129      1.14e-07      2.21e-04       72.38
  41      -809.451252025      1.04e-07      9.34e-05       72.51
  42      -809.451252007      1.76e-08      5.76e-05       72.94
  43      -809.451252005      2.03e-09      5.56e-05       73.41
  44      -809.451251997      7.85e-09      4.23e-05       73.46
  45      -809.451251986      1.13e-08      3.09e-05       73.29
  46      -809.451251981      5.04e-09      1.97e-05       73.30
  47      -809.451251981      2.29e-10      1.99e-05       72.83
  48      -809.451251967      1.40e-08      1.93e-05       73.42
  49      -809.451251969     -2.26e-09      1.51e-05       72.19
  50      -809.451251976     -7.49e-09      1.44e-05       73.01
  51      -809.451251965      1.13e-08      1.52e-05       72.48
  52      -809.451251968     -2.89e-09      1.68e-05       72.32
  53      -809.451251976     -7.54e-09      1.62e-05       72.59
  54      -809.451251976     -1.55e-10      1.55e-05       72.58
  55      -809.451251973      2.34e-09      1.74e-05       72.76
  56      -809.451251974     -4.02e-10      1.61e-05       73.25
  57      -809.451251973      2.62e-10      1.03e-05       72.10
  58      -809.451251967      5.97e-09      1.33e-05       72.93
  59      -809.451251969     -1.06e-09      8.49e-06       72.33

 SCF converged in 59 iterations.

 Dipole moment (in Debye):               1.632792      -2.998164      25.767705

 Quadrupole moment (in Debye-Angstrom):
                  1            2            3
 1      -127.120349    -2.719129    -1.405223
 2        -2.719129  -116.222469     8.989088
 3        -1.405223     8.989088  -150.984032

 Spin-squared expectation <S^2>:         0.000
 Total spin quantum number S:            0.000
 TOTAL ENERGY:                        -809.451251978

 --------------------------------------------------------------------------------

 End time:                               Tue Oct 26 07:24:35 2021
 Total wall-clock time:               4647.915 seconds
==================================================================================
