
================================================================================
          _____________ ________ _______________ ________     _________         
         / ___________// ______ \\_____   _____// ______ \   / ________)        
        / /_________  / /      \ \     | |     / /      \ \ | (_______          
       |  __________|| |        | |    | |    | |        | | \________ \        
        \ \_________ | |        | |    | |     \ \______/ /___________) |       
         \__________||_|        |_|    |_|      \________//____________/        
                                                                                
====================================[ Qcore ]===================================

 Git describe: 2.3.0-1-g21d9df7e5
 Compiler:     GNU 9.1.0
 Build type:   Release
 Version:      2.3.0-1-g21d9df7e5

 Start time:   Tue Oct 26 05:54:35 2021

 Data directory: /work/zw18965/.local/qcore/share/entos/qcore/data
 Number of threads: 24
 Number of threads was determined by: command line argument
  - More threads can be used by running 'qcore -n 32'

 --------------------------------------------------------------------------------
                                   command: dft                                  
 --------------------------------------------------------------------------------
 AO basis set:                           def2-tzvppd
 Number of AO basis functions:         594

 Formula:                                C7H4O5Cr
 Nuclear charge:                       110.000000000
 Total charge:                           0.000000000
 Number of electrons:                  110.000000000

 Number of alpha electrons:             55
 Number of beta electrons:              55
 Number of unpaired electrons:           0
 Spin:                                   0
 Multiplicity:                           singlet

 Theory:                                 dft
 Exchange-correlation functional:        0.49 b88 + 0.4 lyp
 Method for Coulomb:                     incore_df
 Method for exact exchange:              pre_transformed_df
 Integral threshold:                     1.00e-12
 DF basis set:                           def2-universal-jkfit
 Number of DF basis functions:        1246
 Schwarz screening threshold:            1.00e-10
 Coulomb fitting method:                 Cholesky

 ------------------
  UW12 Correlation 
 ------------------
 Factor for UW12 correlation:            1.000000000
 Opposite spin scale factor:             0.520000000
 Same spin scale factor:                 0.000000000
 Calculate indirect contribution:        false
 Method for three electron term:         df_ri
 Auxiliary RI basis set:                 Def2-TZVPPD-RI
 Number of RI basis functions:        1485
 Gaussians in geminal expansion:        10
 UW12 screening threshold:               1.00e-12
 Method for density-fitting:             w(r)
 Number of core spatial orbitals:       21

 Total number of grid points:       113708
 Method for AO orthogonalization:        symmetric
 Threshold for linear dependence:        1.00e-08
 D3BJ dispersion energy:                -0.042643717

 -------------------------------------
  Running restricted closed-shell SCF 
 -------------------------------------
 Max number of iterations:             128
 Conv. threshold (gradient):             1.00e-05
 Conv. threshold (energy):               1.00e-06
 Interpolation scheme:                   adiis+cdiis
 Initial guess:                          SAD

 ---------------------------------------------------------------
                  energy        change          grad        time
 ---------------------------------------------------------------
   0     -1691.304671041                    3.11e+01      146.93
   1     -1687.122254362      4.18e+00      7.22e+00       29.27
   2     -1663.002026277      2.41e+01      3.06e+01       29.07
   3     -1684.340470127     -2.13e+01      2.09e+01       29.34
   4     -1688.447932670     -4.11e+00      1.52e+00       28.96
   5     -1688.322627962      1.25e-01      2.68e+00       29.22
   6     -1688.565843125     -2.43e-01      2.33e-01       29.37
   7     -1688.555255723      1.06e-02      9.18e-01       29.16
   8     -1688.566432241     -1.12e-02      4.31e-01       29.36
   9     -1688.565089727      1.34e-03      6.29e-01       29.00
  10     -1688.569841905     -4.75e-03      1.36e-01       29.26
  11     -1688.569449975      3.92e-04      2.26e-01       29.04
  12     -1688.570367595     -9.18e-04      6.60e-02       29.11
  13     -1688.569852176      5.15e-04      1.82e-01       29.34
  14     -1688.570413316     -5.61e-04      2.54e-04       29.32
  15     -1688.570413488     -1.72e-07      1.54e-04       29.34
  16     -1688.570413459      2.96e-08      5.23e-05       29.05
  17     -1688.570413445      1.35e-08      5.20e-05       29.15
  18     -1688.570413434      1.12e-08      1.44e-05       29.26
  19     -1688.570413436     -1.89e-09      5.13e-06       29.04

 SCF converged in 19 iterations.

 Dipole moment (in Debye):              -0.001972       0.003000      -2.903068

 Quadrupole moment (in Debye-Angstrom):
                  1            2            3
 1       -88.020211    -0.000054     0.002424
 2        -0.000054   -87.995212    -0.004368
 3         0.002424    -0.004368   -82.387114

 Spin-squared expectation <S^2>:         0.000
 Total spin quantum number S:            0.000
 TOTAL ENERGY:                       -1688.570413439

 --------------------------------------------------------------------------------

 End time:                               Tue Oct 26 06:07:03 2021
 Total wall-clock time:                748.388 seconds
==================================================================================
