
================================================================================
          _____________ ________ _______________ ________     _________         
         / ___________// ______ \\_____   _____// ______ \   / ________)        
        / /_________  / /      \ \     | |     / /      \ \ | (_______          
       |  __________|| |        | |    | |    | |        | | \________ \        
        \ \_________ | |        | |    | |     \ \______/ /___________) |       
         \__________||_|        |_|    |_|      \________//____________/        
                                                                                
====================================[ Qcore ]===================================

 Git describe: 2.3.0-1-g21d9df7e5
 Compiler:     GNU 9.1.0
 Build type:   Release
 Version:      2.3.0-1-g21d9df7e5

 Start time:   Tue Oct 26 06:23:24 2021

 Data directory: /work/zw18965/.local/qcore/share/entos/qcore/data
 Number of threads: 24
 Number of threads was determined by: command line argument

 --------------------------------------------------------------------------------
                                   command: dft                                  
 --------------------------------------------------------------------------------
 AO basis set:                           def2-tzvppd
 Number of AO basis functions:         871
 ECP on atom 2 (Mo):                     28 electrons

 Formula:                                C7H13O2S5Mo-
 Nuclear charge:                       193.000000000
 Total charge:                          -1.000000000
 Number of core electrons:              28
 Number of treated electrons:          166

 Number of alpha electrons:             83
 Number of beta electrons:              83
 Number of unpaired electrons:           0
 Spin:                                   0
 Multiplicity:                           singlet

 Theory:                                 dft
 Exchange-correlation functional:        0.49 b88 + 0.4 lyp
 Method for Coulomb:                     incore_df
 Method for exact exchange:              pre_transformed_df
 Integral threshold:                     1.00e-12
 DF basis set:                           def2-universal-jkfit
 Number of DF basis functions:        1808
 Schwarz screening threshold:            1.00e-10
 Coulomb fitting method:                 Cholesky

 ------------------
  UW12 Correlation 
 ------------------
 Factor for UW12 correlation:            1.000000000
 Opposite spin scale factor:             0.520000000
 Same spin scale factor:                 0.000000000
 Calculate indirect contribution:        false
 Method for three electron term:         df_ri
 Auxiliary RI basis set:                 Def2-TZVPPD-RI
 Number of RI basis functions:        2206
 Gaussians in geminal expansion:        10
 UW12 screening threshold:               1.00e-12
 Method for density-fitting:             w(r)
 Number of core spatial orbitals:       38

 Total number of grid points:       183078
 Method for AO orthogonalization:        symmetric
 Threshold for linear dependence:        1.00e-08
 D3BJ dispersion energy:                -0.101345356

 -------------------------------------
  Running restricted closed-shell SCF 
 -------------------------------------
 Max number of iterations:             128
 Conv. threshold (gradient):             1.00e-05
 Conv. threshold (energy):               1.00e-06
 Interpolation scheme:                   adiis+cdiis
 Initial guess:                          SAD

 ---------------------------------------------------------------
                  energy        change          grad        time
 ---------------------------------------------------------------
   0     -2485.438403110                    2.67e+01      418.50
   1     -2481.223197016      4.22e+00      6.51e+00      125.14
   2     -2475.562582423      5.66e+00      2.35e+01      123.62
   3     -2481.711679965     -6.15e+00      4.36e+00      125.26
   4     -2481.894542226     -1.83e-01      3.04e+00      124.49
   5     -2481.594658623      3.00e-01      7.28e+00      123.37
   6     -2482.044354505     -4.50e-01      1.66e+00      124.92
   7     -2482.045502547     -1.15e-03      1.55e+00      123.50
   8     -2482.052265502     -6.76e-03      1.39e+00      125.10
   9     -2482.068677184     -1.64e-02      6.36e-01      124.87
  10     -2482.070566399     -1.89e-03      4.00e-01      124.78
  11     -2482.072203178     -1.64e-03      9.26e-02      124.62
  12     -2482.072082705      1.20e-04      1.16e-01      124.59
  13     -2482.072314693     -2.32e-04      2.37e-03      124.89
  14     -2482.072314885     -1.92e-07      1.20e-03      124.75
  15     -2482.072314853      3.20e-08      3.69e-04      122.80
  16     -2482.072314861     -8.57e-09      2.00e-04      126.80
  17     -2482.072314858      2.98e-09      1.27e-04      122.55
  18     -2482.072314853      5.31e-09      6.32e-05      124.88
  19     -2482.072314855     -2.43e-09      4.78e-05      125.01
  20     -2482.072314850      5.79e-09      1.40e-05      123.88
  21     -2482.072314856     -6.78e-09      6.31e-06      125.85

 SCF converged in 21 iterations.

 Dipole moment (in Debye):              -8.878300      -0.310777       1.528180

 Quadrupole moment (in Debye-Angstrom):
                  1            2            3
 1      -145.315092     0.191194    -2.261439
 2         0.191194  -162.103763     0.678225
 3        -2.261439     0.678225  -166.543200

 Spin-squared expectation <S^2>:         0.000
 Total spin quantum number S:            0.000
 TOTAL ENERGY:                       -2482.072314865

 --------------------------------------------------------------------------------

 End time:                               Tue Oct 26 07:16:36 2021
 Total wall-clock time:               3192.041 seconds
==================================================================================
