
================================================================================
          _____________ ________ _______________ ________     _________         
         / ___________// ______ \\_____   _____// ______ \   / ________)        
        / /_________  / /      \ \     | |     / /      \ \ | (_______          
       |  __________|| |        | |    | |    | |        | | \________ \        
        \ \_________ | |        | |    | |     \ \______/ /___________) |       
         \__________||_|        |_|    |_|      \________//____________/        
                                                                                
====================================[ Qcore ]===================================

 Git describe: 2.3.0-1-g21d9df7e5
 Compiler:     GNU 9.1.0
 Build type:   Release
 Version:      2.3.0-1-g21d9df7e5

 Start time:   Tue Oct 26 06:14:13 2021

 Data directory: /work/zw18965/.local/qcore/share/entos/qcore/data
 Number of threads: 24
 Number of threads was determined by: command line argument

 --------------------------------------------------------------------------------
                                   command: dft                                  
 --------------------------------------------------------------------------------
 AO basis set:                           def2-tzvppd
 Number of AO basis functions:         772
 ECP on atom 1 (Zr):                     28 electrons

 Formula:                                C12H13ClZr
 Nuclear charge:                       142.000000000
 Total charge:                           0.000000000
 Number of core electrons:              28
 Number of treated electrons:          114

 Number of alpha electrons:             57
 Number of beta electrons:              57
 Number of unpaired electrons:           0
 Spin:                                   0
 Multiplicity:                           singlet

 Theory:                                 dft
 Exchange-correlation functional:        0.49 b88 + 0.4 lyp
 Method for Coulomb:                     incore_df
 Method for exact exchange:              pre_transformed_df
 Integral threshold:                     1.00e-12
 DF basis set:                           def2-universal-jkfit
 Number of DF basis functions:        1517
 Schwarz screening threshold:            1.00e-10
 Coulomb fitting method:                 Cholesky

 ------------------
  UW12 Correlation 
 ------------------
 Factor for UW12 correlation:            1.000000000
 Opposite spin scale factor:             0.520000000
 Same spin scale factor:                 0.000000000
 Calculate indirect contribution:        false
 Method for three electron term:         df_ri
 Auxiliary RI basis set:                 Def2-TZVPPD-RI
 Number of RI basis functions:        1926
 Gaussians in geminal expansion:        10
 UW12 screening threshold:               1.00e-12
 Method for density-fitting:             w(r)
 Number of core spatial orbitals:       21

 Total number of grid points:       173850
 Method for AO orthogonalization:        symmetric
 Threshold for linear dependence:        1.00e-08
 D3BJ dispersion energy:                -0.077283572

 -------------------------------------
  Running restricted closed-shell SCF 
 -------------------------------------
 Max number of iterations:             128
 Conv. threshold (gradient):             1.00e-05
 Conv. threshold (energy):               1.00e-06
 Interpolation scheme:                   adiis+cdiis
 Initial guess:                          SAD

 ---------------------------------------------------------------
                  energy        change          grad        time
 ---------------------------------------------------------------
   0      -975.945339116                    2.90e+01      257.96
   1      -970.591895157      5.35e+00      2.23e+00       66.98
   2      -970.458789567      1.33e-01      3.71e+00       67.59
   3      -971.090649307     -6.32e-01      8.02e-01       69.47
   4      -971.043354278      4.73e-02      1.80e+00       67.04
   5      -971.109565540     -6.62e-02      2.66e-01       67.71
   6      -971.109332844      2.33e-04      2.98e-01       67.42
   7      -971.112073880     -2.74e-03      3.02e-02       67.78
   8      -971.112046997      2.69e-05      5.10e-02       68.26
   9      -971.112115459     -6.85e-05      1.33e-03       67.20
  10      -971.112115693     -2.34e-07      4.47e-04       67.57
  11      -971.112115714     -2.03e-08      1.09e-04       67.54
  12      -971.112115710      3.97e-09      5.58e-05       67.88
  13      -971.112115713     -3.21e-09      1.72e-05       67.97
  14      -971.112115709      4.25e-09      5.96e-06       68.00

 SCF converged in 14 iterations.

 Dipole moment (in Debye):               0.427928      -2.078429       2.373289

 Quadrupole moment (in Debye-Angstrom):
                  1            2            3
 1      -109.125011    -1.897263     0.764276
 2        -1.897263  -107.273415     6.019552
 3         0.764276     6.019552  -106.546408

 Spin-squared expectation <S^2>:         0.000
 Total spin quantum number S:            0.000
 TOTAL ENERGY:                        -971.112115701

 --------------------------------------------------------------------------------

 End time:                               Tue Oct 26 06:35:51 2021
 Total wall-clock time:               1297.584 seconds
==================================================================================
