
================================================================================
          _____________ ________ _______________ ________     _________         
         / ___________// ______ \\_____   _____// ______ \   / ________)        
        / /_________  / /      \ \     | |     / /      \ \ | (_______          
       |  __________|| |        | |    | |    | |        | | \________ \        
        \ \_________ | |        | |    | |     \ \______/ /___________) |       
         \__________||_|        |_|    |_|      \________//____________/        
                                                                                
====================================[ Qcore ]===================================

 Git describe: 2.3.0-3-g778a55bfd
 Compiler:     GNU 9.3.0
 Build type:   Release
 Version:      2.3.0-3-g778a55bfd

 Start time:   Wed Nov  3 18:19:39 2021

 Data directory: /mnt/storage/scratch/zw18965/.local/qcore/share/entos/qcore/data
 Number of threads: 28
 Number of threads was determined by: command line argument

 --------------------------------------------------------------------------------
                                   command: dft                                  
 --------------------------------------------------------------------------------
 AO basis set:                           def2-tzvppd
 Number of AO basis functions:        1005
 ECP on atom 15 (W):                     60 electrons

 Formula:                                C9H14O3S5W(2-)
 Nuclear charge:                       246.000000000
 Total charge:                          -2.000000000
 Number of core electrons:              60
 Number of treated electrons:          188

 Number of alpha electrons:             94
 Number of beta electrons:              94
 Number of unpaired electrons:           0
 Spin:                                   0
 Multiplicity:                           singlet

 Theory:                                 dft
 Exchange-correlation functional:        0.49 b88 + 0.4 lyp
 Method for Coulomb:                     incore_df
 Method for exact exchange:              pre_transformed_df
 Integral threshold:                     1.00e-12
 DF basis set:                           def2-universal-jkfit
 Number of DF basis functions:        2025
 Schwarz screening threshold:            1.00e-10
 Coulomb fitting method:                 Cholesky

 ------------------
  UW12 Correlation 
 ------------------
 Factor for UW12 correlation:            1.000000000
 Opposite spin scale factor:             0.520000000
 Same spin scale factor:                 0.000000000
 Calculate indirect contribution:        false
 Method for three electron term:         df_ri
 Auxiliary RI basis set:                 Def2-TZVPPD-RI
 Number of RI basis functions:        2538
 Gaussians in geminal expansion:        10
 UW12 screening threshold:               1.00e-12
 Method for density-fitting:             w(r)
 Number of core spatial orbitals:       41

 Total number of grid points:       210218
 Method for AO orthogonalization:        symmetric
 Threshold for linear dependence:        1.00e-08
 D3BJ dispersion energy:                -0.112508231

 -------------------------------------
  Running restricted closed-shell SCF 
 -------------------------------------
 Max number of iterations:             128
 Conv. threshold (gradient):             1.00e-05
 Conv. threshold (energy):               1.00e-06
 Interpolation scheme:                   adiis+cdiis
 Initial guess:                          SAD

 ---------------------------------------------------------------
                  energy        change          grad        time
 ---------------------------------------------------------------
   0     -2636.522177577                    2.43e+02      984.26
   1     -2631.983820038      4.54e+00      3.92e+00      238.02
   2     -2627.808340501      4.18e+00      1.69e+01      240.10
   3     -2632.423459334     -4.62e+00      2.62e+00      242.77
   4     -2632.494417988     -7.10e-02      4.51e+00      238.07
   5     -2632.448181941      4.62e-02      4.85e+00      242.50
   6     -2632.749686317     -3.02e-01      8.68e-01      239.81
   7     -2632.690430881      5.93e-02      1.67e+00      240.61
   8     -2632.769342283     -7.89e-02      3.23e-01      240.06
   9     -2632.769413229     -7.09e-05      5.20e-01      241.29
  10     -2632.769718756     -3.06e-04      6.30e-01      239.84
  11     -2632.774021476     -4.30e-03      1.11e-01      239.93
  12     -2632.773474776      5.47e-04      2.27e-01      238.85
  13     -2632.774158566     -6.84e-04      4.53e-02      245.40
  14     -2632.774186626     -2.81e-05      3.26e-02      240.26
  15     -2632.774199181     -1.26e-05      5.93e-04      238.01
  16     -2632.774199178      2.83e-09      2.00e-04      241.59
  17     -2632.774199175      3.30e-09      9.94e-05      238.61
  18     -2632.774199143      3.21e-08      5.73e-05      238.17
  19     -2632.774199113      2.94e-08      2.15e-05      240.22
  20     -2632.774199123     -1.01e-08      9.22e-06      238.02

 SCF converged in 20 iterations.

 Dipole moment (in Debye):               6.425068      -3.299231       0.655092

 Quadrupole moment (in Debye-Angstrom):
                  1            2            3
 1      -271.361252    -6.738571    -3.026658
 2        -6.738571  -198.807425    -3.797272
 3        -3.026658    -3.797272  -198.093142

 Spin-squared expectation <S^2>:         0.000
 Total spin quantum number S:            0.000
 TOTAL ENERGY:                       -2632.774199153

 --------------------------------------------------------------------------------

 End time:                               Wed Nov  3 20:01:17 2021
 Total wall-clock time:               6098.203 seconds
==================================================================================
