
================================================================================
          _____________ ________ _______________ ________     _________         
         / ___________// ______ \\_____   _____// ______ \   / ________)        
        / /_________  / /      \ \     | |     / /      \ \ | (_______          
       |  __________|| |        | |    | |    | |        | | \________ \        
        \ \_________ | |        | |    | |     \ \______/ /___________) |       
         \__________||_|        |_|    |_|      \________//____________/        
                                                                                
====================================[ Qcore ]===================================

 Git describe: 2.3.0-1-g21d9df7e5
 Compiler:     GNU 9.1.0
 Build type:   Release
 Version:      2.3.0-1-g21d9df7e5

 Start time:   Tue Oct 26 06:11:28 2021

 Data directory: /work/zw18965/.local/qcore/share/entos/qcore/data
 Number of threads: 24
 Number of threads was determined by: command line argument

 --------------------------------------------------------------------------------
                                   command: dft                                  
 --------------------------------------------------------------------------------
 AO basis set:                           def2-tzvppd
 Number of AO basis functions:         664
 ECP on atom 1 (Zr):                     28 electrons

 Formula:                                C10H11ClZr
 Nuclear charge:                       128.000000000
 Total charge:                           0.000000000
 Number of core electrons:              28
 Number of treated electrons:          100

 Number of alpha electrons:             50
 Number of beta electrons:              50
 Number of unpaired electrons:           0
 Spin:                                   0
 Multiplicity:                           singlet

 Theory:                                 dft
 Exchange-correlation functional:        0.49 b88 + 0.4 lyp
 Method for Coulomb:                     incore_df
 Method for exact exchange:              pre_transformed_df
 Integral threshold:                     1.00e-12
 DF basis set:                           def2-universal-jkfit
 Number of DF basis functions:        1331
 Schwarz screening threshold:            1.00e-10
 Coulomb fitting method:                 Cholesky

 ------------------
  UW12 Correlation 
 ------------------
 Factor for UW12 correlation:            1.000000000
 Opposite spin scale factor:             0.520000000
 Same spin scale factor:                 0.000000000
 Calculate indirect contribution:        false
 Method for three electron term:         df_ri
 Auxiliary RI basis set:                 Def2-TZVPPD-RI
 Number of RI basis functions:        1664
 Gaussians in geminal expansion:        10
 UW12 screening threshold:               1.00e-12
 Method for density-fitting:             w(r)
 Number of core spatial orbitals:       19

 Total number of grid points:       148470
 Method for AO orthogonalization:        symmetric
 Threshold for linear dependence:        1.00e-08
 D3BJ dispersion energy:                -0.066019149

 -------------------------------------
  Running restricted closed-shell SCF 
 -------------------------------------
 Max number of iterations:             128
 Conv. threshold (gradient):             1.00e-05
 Conv. threshold (energy):               1.00e-06
 Interpolation scheme:                   adiis+cdiis
 Initial guess:                          SAD

 ---------------------------------------------------------------
                  energy        change          grad        time
 ---------------------------------------------------------------
   0      -898.301485402                    2.66e+01      191.27
   1      -893.469626471      4.83e+00      2.23e+00       39.90
   2      -893.327004539      1.43e-01      3.66e+00       40.41
   3      -893.898995539     -5.72e-01      5.97e-01       39.63
   4      -893.879787445      1.92e-02      1.19e+00       39.81
   5      -893.910853624     -3.11e-02      1.25e-01       39.90
   6      -893.910287495      5.66e-04      1.97e-01       40.60
   7      -893.911665536     -1.38e-03      1.65e-02       39.68
   8      -893.911669046     -3.51e-06      1.89e-02       39.35
   9      -893.911694691     -2.56e-05      8.41e-04       39.91
  10      -893.911694805     -1.14e-07      3.12e-04       40.20
  11      -893.911694800      4.40e-09      8.64e-05       40.43
  12      -893.911694792      8.11e-09      2.10e-05       40.58
  13      -893.911694803     -1.08e-08      7.11e-06       40.87

 SCF converged in 13 iterations.

 Dipole moment (in Debye):              -0.015807      -3.429720       1.292768

 Quadrupole moment (in Debye-Angstrom):
                  1            2            3
 1       -97.165186     0.001487    -0.002363
 2         0.001487  -100.073634     0.746899
 3        -0.002363     0.746899   -92.460581

 Spin-squared expectation <S^2>:         0.000
 Total spin quantum number S:            0.000
 TOTAL ENERGY:                        -893.911694807

 --------------------------------------------------------------------------------

 End time:                               Tue Oct 26 06:24:17 2021
 Total wall-clock time:                768.495 seconds
==================================================================================
