
================================================================================
          _____________ ________ _______________ ________     _________         
         / ___________// ______ \\_____   _____// ______ \   / ________)        
        / /_________  / /      \ \     | |     / /      \ \ | (_______          
       |  __________|| |        | |    | |    | |        | | \________ \        
        \ \_________ | |        | |    | |     \ \______/ /___________) |       
         \__________||_|        |_|    |_|      \________//____________/        
                                                                                
====================================[ Qcore ]===================================

 Git describe: 2.3.0-1-g21d9df7e5
 Compiler:     GNU 9.1.0
 Build type:   Release
 Version:      2.3.0-1-g21d9df7e5

 Start time:   Tue Oct 26 06:24:21 2021

 Data directory: /work/zw18965/.local/qcore/share/entos/qcore/data
 Number of threads: 24
 Number of threads was determined by: command line argument

 --------------------------------------------------------------------------------
                                   command: dft                                  
 --------------------------------------------------------------------------------
 AO basis set:                           def2-tzvppd
 Number of AO basis functions:         871
 ECP on atom 2 (Mo):                     28 electrons

 Formula:                                C7H13O2S5Mo-
 Nuclear charge:                       193.000000000
 Total charge:                          -1.000000000
 Number of core electrons:              28
 Number of treated electrons:          166

 Number of alpha electrons:             83
 Number of beta electrons:              83
 Number of unpaired electrons:           0
 Spin:                                   0
 Multiplicity:                           singlet

 Theory:                                 dft
 Exchange-correlation functional:        0.49 b88 + 0.4 lyp
 Method for Coulomb:                     incore_df
 Method for exact exchange:              pre_transformed_df
 Integral threshold:                     1.00e-12
 DF basis set:                           def2-universal-jkfit
 Number of DF basis functions:        1808
 Schwarz screening threshold:            1.00e-10
 Coulomb fitting method:                 Cholesky

 ------------------
  UW12 Correlation 
 ------------------
 Factor for UW12 correlation:            1.000000000
 Opposite spin scale factor:             0.520000000
 Same spin scale factor:                 0.000000000
 Calculate indirect contribution:        false
 Method for three electron term:         df_ri
 Auxiliary RI basis set:                 Def2-TZVPPD-RI
 Number of RI basis functions:        2206
 Gaussians in geminal expansion:        10
 UW12 screening threshold:               1.00e-12
 Method for density-fitting:             w(r)
 Number of core spatial orbitals:       38

 Total number of grid points:       183078
 Method for AO orthogonalization:        symmetric
 Threshold for linear dependence:        1.00e-08
 D3BJ dispersion energy:                -0.102104649

 -------------------------------------
  Running restricted closed-shell SCF 
 -------------------------------------
 Max number of iterations:             128
 Conv. threshold (gradient):             1.00e-05
 Conv. threshold (energy):               1.00e-06
 Interpolation scheme:                   adiis+cdiis
 Initial guess:                          SAD

 ---------------------------------------------------------------
                  energy        change          grad        time
 ---------------------------------------------------------------
   0     -2485.206221126                    2.72e+01      400.67
   1     -2481.099843291      4.11e+00      7.37e+00      121.01
   2     -2473.053259673      8.05e+00      2.75e+01      120.51
   3     -2481.461753230     -8.41e+00      5.72e+00      121.16
   4     -2481.981901203     -5.20e-01      2.60e+00      121.88
   5     -2481.855366032      1.27e-01      4.50e+00      122.48
   6     -2482.037754003     -1.82e-01      9.40e-01      121.42
   7     -2482.037363020      3.91e-04      8.60e-01      120.17
   8     -2482.045173146     -7.81e-03      1.75e-01      120.87
   9     -2482.043904879      1.27e-03      4.33e-01      120.59
  10     -2482.045352599     -1.45e-03      1.06e-01      121.91
  11     -2482.045439449     -8.68e-05      8.49e-02      125.03
  12     -2482.045326090      1.13e-04      1.33e-01      121.89
  13     -2482.045491850     -1.66e-04      1.61e-03      120.96
  14     -2482.045492270     -4.20e-07      5.50e-04      120.49
  15     -2482.045492332     -6.27e-08      1.91e-04      122.84
  16     -2482.045492324      8.17e-09      1.14e-04      123.99
  17     -2482.045492334     -1.02e-08      4.03e-05      120.43
  18     -2482.045492341     -6.48e-09      1.73e-05      121.39
  19     -2482.045492342     -8.47e-10      7.80e-06      120.29

 SCF converged in 19 iterations.

 Dipole moment (in Debye):              -6.961452      -1.245990       1.016405

 Quadrupole moment (in Debye-Angstrom):
                  1            2            3
 1      -150.092088     1.070008     1.289022
 2         1.070008  -163.357805    -0.083874
 3         1.289022    -0.083874  -164.784233

 Spin-squared expectation <S^2>:         0.000
 Total spin quantum number S:            0.000
 TOTAL ENERGY:                       -2482.045492329

 --------------------------------------------------------------------------------

 End time:                               Tue Oct 26 07:12:01 2021
 Total wall-clock time:               2859.940 seconds
==================================================================================
