
================================================================================
          _____________ ________ _______________ ________     _________         
         / ___________// ______ \\_____   _____// ______ \   / ________)        
        / /_________  / /      \ \     | |     / /      \ \ | (_______          
       |  __________|| |        | |    | |    | |        | | \________ \        
        \ \_________ | |        | |    | |     \ \______/ /___________) |       
         \__________||_|        |_|    |_|      \________//____________/        
                                                                                
====================================[ Qcore ]===================================

 Git describe: 2.3.0-1-g21d9df7e5
 Compiler:     GNU 9.1.0
 Build type:   Release
 Version:      2.3.0-1-g21d9df7e5

 Start time:   Tue Oct 26 06:23:39 2021

 Data directory: /work/zw18965/.local/qcore/share/entos/qcore/data
 Number of threads: 24
 Number of threads was determined by: command line argument
  - More threads can be used by running 'qcore -n 32'

 --------------------------------------------------------------------------------
                                   command: dft                                  
 --------------------------------------------------------------------------------
 AO basis set:                           def2-tzvppd
 Number of AO basis functions:         721
 ECP on atom 1 (Mo):                     28 electrons

 Formula:                                C7H17NO2Mo
 Nuclear charge:                       124.000000000
 Total charge:                           0.000000000
 Number of core electrons:              28
 Number of treated electrons:           96

 Number of alpha electrons:             48
 Number of beta electrons:              48
 Number of unpaired electrons:           0
 Spin:                                   0
 Multiplicity:                           singlet

 Theory:                                 dft
 Exchange-correlation functional:        0.49 b88 + 0.4 lyp
 Method for Coulomb:                     incore_df
 Method for exact exchange:              pre_transformed_df
 Integral threshold:                     1.00e-12
 DF basis set:                           def2-universal-jkfit
 Number of DF basis functions:        1317
 Schwarz screening threshold:            1.00e-10
 Coulomb fitting method:                 Cholesky

 ------------------
  UW12 Correlation 
 ------------------
 Factor for UW12 correlation:            1.000000000
 Opposite spin scale factor:             0.520000000
 Same spin scale factor:                 0.000000000
 Calculate indirect contribution:        false
 Method for three electron term:         df_ri
 Auxiliary RI basis set:                 Def2-TZVPPD-RI
 Number of RI basis functions:        1759
 Gaussians in geminal expansion:        10
 UW12 screening threshold:               1.00e-12
 Method for density-fitting:             w(r)
 Number of core spatial orbitals:       14

 Total number of grid points:       176688
 Method for AO orthogonalization:        symmetric
 Threshold for linear dependence:        1.00e-08
 D3BJ dispersion energy:                -0.055023080

 -------------------------------------
  Running restricted closed-shell SCF 
 -------------------------------------
 Max number of iterations:             128
 Conv. threshold (gradient):             1.00e-05
 Conv. threshold (energy):               1.00e-06
 Interpolation scheme:                   adiis+cdiis
 Initial guess:                          SAD

 ---------------------------------------------------------------
                  energy        change          grad        time
 ---------------------------------------------------------------
   0      -551.387695688                    2.81e+01      193.58
   1      -548.441181440      2.95e+00      4.96e+00       44.51
   2      -542.573597080      5.87e+00      2.35e+01       45.20
   3      -549.062789029     -6.49e+00      4.41e+00       45.13
   4      -549.397232557     -3.34e-01      2.49e+00       44.75
   5      -549.379255574      1.80e-02      2.94e+00       44.72
   6      -549.456450804     -7.72e-02      1.17e+00       45.16
   7      -549.425980229      3.05e-02      1.83e+00       44.98
   8      -549.476861733     -5.09e-02      3.06e-01       45.62
   9      -549.476036464      8.25e-04      3.71e-01       45.40
  10      -549.478792002     -2.76e-03      5.59e-02       45.41
  11      -549.478656842      1.35e-04      1.05e-01       45.49
  12      -549.478847054     -1.90e-04      1.55e-03       45.36
  13      -549.478847198     -1.45e-07      8.55e-04       45.09
  14      -549.478847265     -6.63e-08      2.00e-04       45.33
  15      -549.478847309     -4.39e-08      8.83e-05       44.76
  16      -549.478847293      1.52e-08      4.64e-05       44.76
  17      -549.478847299     -5.24e-09      9.05e-06       44.92

 SCF converged in 17 iterations.

 Dipole moment (in Debye):              -3.014200       1.097492       0.623535

 Quadrupole moment (in Debye-Angstrom):
                  1            2            3
 1       -84.901328    -0.164022     0.157874
 2        -0.164022   -82.307133    -2.177503
 3         0.157874    -2.177503   -82.488426

 Spin-squared expectation <S^2>:         0.000
 Total spin quantum number S:            0.000
 TOTAL ENERGY:                        -549.478847299

 --------------------------------------------------------------------------------

 End time:                               Tue Oct 26 06:40:38 2021
 Total wall-clock time:               1019.740 seconds
==================================================================================
