
================================================================================
          _____________ ________ _______________ ________     _________         
         / ___________// ______ \\_____   _____// ______ \   / ________)        
        / /_________  / /      \ \     | |     / /      \ \ | (_______          
       |  __________|| |        | |    | |    | |        | | \________ \        
        \ \_________ | |        | |    | |     \ \______/ /___________) |       
         \__________||_|        |_|    |_|      \________//____________/        
                                                                                
====================================[ Qcore ]===================================

 Git describe: 2.3.0-3-g778a55bfd
 Compiler:     GNU 9.3.0
 Build type:   Release
 Version:      2.3.0-3-g778a55bfd

 Start time:   Thu Nov  4 09:19:41 2021

 Data directory: /mnt/storage/scratch/zw18965/.local/qcore/share/entos/qcore/data
 Number of threads: 28
 Number of threads was determined by: command line argument

 --------------------------------------------------------------------------------
                                   command: dft                                  
 --------------------------------------------------------------------------------
 AO basis set:                           def2-tzvppd
 Number of AO basis functions:        1005
 ECP on atom 15 (W):                     60 electrons

 Formula:                                C9H14O3S5W(2-)
 Nuclear charge:                       246.000000000
 Total charge:                          -2.000000000
 Number of core electrons:              60
 Number of treated electrons:          188

 Number of alpha electrons:             94
 Number of beta electrons:              94
 Number of unpaired electrons:           0
 Spin:                                   0
 Multiplicity:                           singlet

 Theory:                                 dft
 Exchange-correlation functional:        0.49 b88 + 0.4 lyp
 Method for Coulomb:                     incore_df
 Method for exact exchange:              pre_transformed_df
 Integral threshold:                     1.00e-12
 DF basis set:                           def2-universal-jkfit
 Number of DF basis functions:        2025
 Schwarz screening threshold:            1.00e-10
 Coulomb fitting method:                 Cholesky

 ------------------
  UW12 Correlation 
 ------------------
 Factor for UW12 correlation:            1.000000000
 Opposite spin scale factor:             0.520000000
 Same spin scale factor:                 0.000000000
 Calculate indirect contribution:        false
 Method for three electron term:         df_ri
 Auxiliary RI basis set:                 Def2-TZVPPD-RI
 Number of RI basis functions:        2538
 Gaussians in geminal expansion:        10
 UW12 screening threshold:               1.00e-12
 Method for density-fitting:             w(r)
 Number of core spatial orbitals:       41

 Total number of grid points:       210218
 Method for AO orthogonalization:        symmetric
 Threshold for linear dependence:        1.00e-08
 D3BJ dispersion energy:                -0.107815178

 -------------------------------------
  Running restricted closed-shell SCF 
 -------------------------------------
 Max number of iterations:             128
 Conv. threshold (gradient):             1.00e-05
 Conv. threshold (energy):               1.00e-06
 Interpolation scheme:                   adiis+cdiis
 Initial guess:                          SAD

 ---------------------------------------------------------------
                  energy        change          grad        time
 ---------------------------------------------------------------
   0     -2636.232214937                    2.30e+02      990.83
   1     -2631.966425382      4.27e+00      3.35e+00      241.60
   2     -2624.756596230      7.21e+00      1.65e+01      239.38
   3     -2632.314043757     -7.56e+00      3.07e+00      240.80
   4     -2632.711748933     -3.98e-01      1.59e+00      238.08
   5     -2632.586432041      1.25e-01      3.79e+00      244.86
   6     -2632.770364271     -1.84e-01      5.89e-01      242.54
   7     -2632.726383283      4.40e-02      2.07e+00      240.52
   8     -2632.780678999     -5.43e-02      3.45e-01      240.89
   9     -2632.772168994      8.51e-03      1.10e+00      245.38
  10     -2632.786007422     -1.38e-02      1.44e-01      238.59
  11     -2632.783673345      2.33e-03      4.32e-01      239.38
  12     -2632.786566954     -2.89e-03      5.86e-02      239.75
  13     -2632.786397723      1.69e-04      1.67e-01      243.92
  14     -2632.786804783     -4.07e-04      1.49e-03      238.25
  15     -2632.786804722      6.19e-08      5.93e-04      238.52
  16     -2632.786804672      4.91e-08      1.85e-04      237.81
  17     -2632.786804663      9.66e-09      1.05e-04      240.90
  18     -2632.786804642      2.10e-08      5.49e-05      241.75
  19     -2632.786804656     -1.44e-08      3.39e-05      239.04
  20     -2632.786804662     -5.90e-09      1.61e-05      241.05
  21     -2632.786804672     -9.66e-09      9.60e-06      241.93

 SCF converged in 21 iterations.

 Dipole moment (in Debye):               9.287350       1.674214       3.259451

 Quadrupole moment (in Debye-Angstrom):
                  1            2            3
 1      -269.084165    -9.535060    12.701125
 2        -9.535060  -211.259811     4.248855
 3        12.701125     4.248855  -194.570711

 Spin-squared expectation <S^2>:         0.000
 Total spin quantum number S:            0.000
 TOTAL ENERGY:                       -2632.786804674

 --------------------------------------------------------------------------------

 End time:                               Thu Nov  4 11:05:38 2021
 Total wall-clock time:               6356.532 seconds
==================================================================================
