
================================================================================
          _____________ ________ _______________ ________     _________         
         / ___________// ______ \\_____   _____// ______ \   / ________)        
        / /_________  / /      \ \     | |     / /      \ \ | (_______          
       |  __________|| |        | |    | |    | |        | | \________ \        
        \ \_________ | |        | |    | |     \ \______/ /___________) |       
         \__________||_|        |_|    |_|      \________//____________/        
                                                                                
====================================[ Qcore ]===================================

 Git describe: 2.3.0-1-g21d9df7e5
 Compiler:     GNU 9.1.0
 Build type:   Release
 Version:      2.3.0-1-g21d9df7e5

 Start time:   Tue Oct 26 06:29:13 2021

 Data directory: /work/zw18965/.local/qcore/share/entos/qcore/data
 Number of threads: 24
 Number of threads was determined by: command line argument

 --------------------------------------------------------------------------------
                                   command: dft                                  
 --------------------------------------------------------------------------------
 AO basis set:                           def2-tzvppd
 Number of AO basis functions:         721
 ECP on atom 1 (Mo):                     28 electrons

 Formula:                                C7H17NO2Mo
 Nuclear charge:                       124.000000000
 Total charge:                           0.000000000
 Number of core electrons:              28
 Number of treated electrons:           96

 Number of alpha electrons:             48
 Number of beta electrons:              48
 Number of unpaired electrons:           0
 Spin:                                   0
 Multiplicity:                           singlet

 Theory:                                 dft
 Exchange-correlation functional:        0.49 b88 + 0.4 lyp
 Method for Coulomb:                     incore_df
 Method for exact exchange:              pre_transformed_df
 Integral threshold:                     1.00e-12
 DF basis set:                           def2-universal-jkfit
 Number of DF basis functions:        1317
 Schwarz screening threshold:            1.00e-10
 Coulomb fitting method:                 Cholesky

 ------------------
  UW12 Correlation 
 ------------------
 Factor for UW12 correlation:            1.000000000
 Opposite spin scale factor:             0.520000000
 Same spin scale factor:                 0.000000000
 Calculate indirect contribution:        false
 Method for three electron term:         df_ri
 Auxiliary RI basis set:                 Def2-TZVPPD-RI
 Number of RI basis functions:        1759
 Gaussians in geminal expansion:        10
 UW12 screening threshold:               1.00e-12
 Method for density-fitting:             w(r)
 Number of core spatial orbitals:       14

 Total number of grid points:       176688
 Method for AO orthogonalization:        symmetric
 Threshold for linear dependence:        1.00e-08
 D3BJ dispersion energy:                -0.054805673

 -------------------------------------
  Running restricted closed-shell SCF 
 -------------------------------------
 Max number of iterations:             128
 Conv. threshold (gradient):             1.00e-05
 Conv. threshold (energy):               1.00e-06
 Interpolation scheme:                   adiis+cdiis
 Initial guess:                          SAD

 ---------------------------------------------------------------
                  energy        change          grad        time
 ---------------------------------------------------------------
   0      -551.632916666                    3.05e+01      196.23
   1      -548.433457102      3.20e+00      5.28e+00       47.36
   2      -542.449402476      5.98e+00      2.54e+01       47.39
   3      -549.057214040     -6.61e+00      4.71e+00       46.87
   4      -549.428890011     -3.72e-01      2.15e+00       46.37
   5      -549.383629327      4.53e-02      3.23e+00       46.87
   6      -549.478845083     -9.52e-02      1.15e+00       46.96
   7      -549.449061454      2.98e-02      1.81e+00       49.07
   8      -549.500652595     -5.16e-02      4.42e-01       47.41
   9      -549.498485709      2.17e-03      5.73e-01       48.33
  10      -549.502200434     -3.71e-03      3.78e-01       47.43
  11      -549.503113218     -9.13e-04      2.93e-01       47.46
  12      -549.504223012     -1.11e-03      8.35e-02       46.97
  13      -549.504008761      2.14e-04      1.20e-01       47.93
  14      -549.504375778     -3.67e-04      5.64e-04       47.60
  15      -549.504375702      7.63e-08      3.24e-04       47.78
  16      -549.504375642      5.93e-08      9.75e-05       47.03
  17      -549.504375647     -4.64e-09      2.76e-05       47.43
  18      -549.504375643      3.73e-09      1.58e-05       47.06
  19      -549.504375645     -2.13e-09      5.46e-06       47.88

 SCF converged in 19 iterations.

 Dipole moment (in Debye):              -2.972460       0.623940       0.728288

 Quadrupole moment (in Debye-Angstrom):
                  1            2            3
 1       -84.226408    -0.688309    -0.271369
 2        -0.688309   -80.336488     0.648540
 3        -0.271369     0.648540   -84.862960

 Spin-squared expectation <S^2>:         0.000
 Total spin quantum number S:            0.000
 TOTAL ENERGY:                        -549.504375647

 --------------------------------------------------------------------------------

 End time:                               Tue Oct 26 06:48:38 2021
 Total wall-clock time:               1164.441 seconds
==================================================================================
