
================================================================================
          _____________ ________ _______________ ________     _________         
         / ___________// ______ \\_____   _____// ______ \   / ________)        
        / /_________  / /      \ \     | |     / /      \ \ | (_______          
       |  __________|| |        | |    | |    | |        | | \________ \        
        \ \_________ | |        | |    | |     \ \______/ /___________) |       
         \__________||_|        |_|    |_|      \________//____________/        
                                                                                
====================================[ Qcore ]===================================

 Git describe: 2.3.0-1-g21d9df7e5
 Compiler:     GNU 9.1.0
 Build type:   Release
 Version:      2.3.0-1-g21d9df7e5

 Start time:   Tue Oct 26 07:08:00 2021

 Data directory: /work/zw18965/.local/qcore/share/entos/qcore/data
 Number of threads: 24
 Number of threads was determined by: command line argument
  - More threads can be used by running 'qcore -n 32'

 --------------------------------------------------------------------------------
                                   command: dft                                  
 --------------------------------------------------------------------------------
 AO basis set:                           def2-tzvppd
 Number of AO basis functions:         869
 ECP on atom 25 (Au):                    60 electrons

 Formula:                                C9H12O3Cl3Au
 Nuclear charge:                       220.000000000
 Total charge:                           0.000000000
 Number of core electrons:              60
 Number of treated electrons:          160

 Number of alpha electrons:             80
 Number of beta electrons:              80
 Number of unpaired electrons:           0
 Spin:                                   0
 Multiplicity:                           singlet

 Theory:                                 dft
 Exchange-correlation functional:        0.49 b88 + 0.4 lyp
 Method for Coulomb:                     incore_df
 Method for exact exchange:              pre_transformed_df
 Integral threshold:                     1.00e-12
 DF basis set:                           def2-universal-jkfit
 Number of DF basis functions:        1753
 Schwarz screening threshold:            1.00e-10
 Coulomb fitting method:                 Cholesky

 ------------------
  UW12 Correlation 
 ------------------
 Factor for UW12 correlation:            1.000000000
 Opposite spin scale factor:             0.520000000
 Same spin scale factor:                 0.000000000
 Calculate indirect contribution:        false
 Method for three electron term:         df_ri
 Auxiliary RI basis set:                 Def2-TZVPPD-RI
 Number of RI basis functions:        2182
 Gaussians in geminal expansion:        10
 UW12 screening threshold:               1.00e-12
 Method for density-fitting:             w(r)
 Number of core spatial orbitals:       31

 Total number of grid points:       184314
 Method for AO orthogonalization:        symmetric
 Threshold for linear dependence:        1.00e-08
 D3BJ dispersion energy:                -0.071530885

 -------------------------------------
  Running restricted closed-shell SCF 
 -------------------------------------
 Max number of iterations:             128
 Conv. threshold (gradient):             1.00e-05
 Conv. threshold (energy):               1.00e-06
 Interpolation scheme:                   adiis+cdiis
 Initial guess:                          SAD

 ---------------------------------------------------------------
                  energy        change          grad        time
 ---------------------------------------------------------------
   0     -2094.310422862                    4.57e+01      585.28
   1     -2089.691219461      4.62e+00      4.91e+00      151.86
   2     -2088.451021772      1.24e+00      1.03e+01      151.68
   3     -2090.221839897     -1.77e+00      1.76e+00      149.41
   4     -2090.194346631      2.75e-02      2.56e+00      153.16
   5     -2090.316421380     -1.22e-01      3.32e-01      154.03
   6     -2090.312804793      3.62e-03      5.89e-01      155.11
   7     -2090.320565513     -7.76e-03      5.07e-02      156.19
   8     -2090.320620195     -5.47e-05      4.59e-02      155.48
   9     -2090.320743412     -1.23e-04      2.94e-03      154.01
  10     -2090.320744769     -1.36e-06      1.93e-03      155.55
  11     -2090.320745096     -3.26e-07      9.30e-04      154.31
  12     -2090.320745136     -4.02e-08      2.60e-04      156.05
  13     -2090.320745162     -2.64e-08      9.01e-05      158.13
  14     -2090.320745137      2.48e-08      4.50e-05      157.03
  15     -2090.320745149     -1.12e-08      4.71e-05      154.28
  16     -2090.320745150     -1.75e-09      6.18e-05      157.43
  17     -2090.320745150      6.32e-10      6.02e-05      154.43
  18     -2090.320745153     -2.95e-09      2.16e-05      154.61
  19     -2090.320745150      2.35e-09      1.23e-05      153.56
  20     -2090.320745153     -2.90e-09      4.71e-05      158.63
  21     -2090.320745153      3.03e-10      1.52e-05      154.83
  22     -2090.320745141      1.15e-08      9.21e-06      154.78

 SCF converged in 22 iterations.

 Dipole moment (in Debye):              -8.430733       1.796244      -0.503161

 Quadrupole moment (in Debye-Angstrom):
                  1            2            3
 1      -128.193840    10.431177    -1.847241
 2        10.431177  -125.716347    -5.361211
 3        -1.847241    -5.361211  -134.873480

 Spin-squared expectation <S^2>:         0.000
 Total spin quantum number S:            0.000
 TOTAL ENERGY:                       -2090.320745154

 --------------------------------------------------------------------------------

 End time:                               Tue Oct 26 08:17:55 2021
 Total wall-clock time:               4195.552 seconds
==================================================================================
