
================================================================================
          _____________ ________ _______________ ________     _________         
         / ___________// ______ \\_____   _____// ______ \   / ________)        
        / /_________  / /      \ \     | |     / /      \ \ | (_______          
       |  __________|| |        | |    | |    | |        | | \________ \        
        \ \_________ | |        | |    | |     \ \______/ /___________) |       
         \__________||_|        |_|    |_|      \________//____________/        
                                                                                
====================================[ Qcore ]===================================

 Git describe: 2.3.0-1-g21d9df7e5
 Compiler:     GNU 9.1.0
 Build type:   Release
 Version:      2.3.0-1-g21d9df7e5

 Start time:   Tue Oct 26 07:16:40 2021

 Data directory: /work/zw18965/.local/qcore/share/entos/qcore/data
 Number of threads: 24
 Number of threads was determined by: command line argument

 --------------------------------------------------------------------------------
                                   command: dft                                  
 --------------------------------------------------------------------------------
 AO basis set:                           def2-tzvppd
 Number of AO basis functions:         815
 ECP on atom 25 (Au):                    60 electrons

 Formula:                                C9H15O3PAu+
 Nuclear charge:                       187.000000000
 Total charge:                           1.000000000
 Number of core electrons:              60
 Number of treated electrons:          126

 Number of alpha electrons:             63
 Number of beta electrons:              63
 Number of unpaired electrons:           0
 Spin:                                   0
 Multiplicity:                           singlet

 Theory:                                 dft
 Exchange-correlation functional:        0.49 b88 + 0.4 lyp
 Method for Coulomb:                     incore_df
 Method for exact exchange:              pre_transformed_df
 Integral threshold:                     1.00e-12
 DF basis set:                           def2-universal-jkfit
 Number of DF basis functions:        1551
 Schwarz screening threshold:            1.00e-10
 Coulomb fitting method:                 Cholesky

 ------------------
  UW12 Correlation 
 ------------------
 Factor for UW12 correlation:            1.000000000
 Opposite spin scale factor:             0.520000000
 Same spin scale factor:                 0.000000000
 Calculate indirect contribution:        false
 Method for three electron term:         df_ri
 Auxiliary RI basis set:                 Def2-TZVPPD-RI
 Number of RI basis functions:        2021
 Gaussians in geminal expansion:        10
 UW12 screening threshold:               1.00e-12
 Method for density-fitting:             w(r)
 Number of core spatial orbitals:       21

 Total number of grid points:       186852
 Method for AO orthogonalization:        symmetric
 Threshold for linear dependence:        1.00e-08
 D3BJ dispersion energy:                -0.058388387

 -------------------------------------
  Running restricted closed-shell SCF 
 -------------------------------------
 Max number of iterations:             128
 Conv. threshold (gradient):             1.00e-05
 Conv. threshold (energy):               1.00e-06
 Interpolation scheme:                   adiis+cdiis
 Initial guess:                          SAD

 ---------------------------------------------------------------
                  energy        change          grad        time
 ---------------------------------------------------------------
   0     -1057.671496600                    2.99e+01      414.47
   1     -1052.889805083      4.78e+00      2.75e+00       82.46
   2     -1052.779063147      1.11e-01      4.46e+00       81.32
   3     -1053.238728643     -4.60e-01      7.56e-01       81.46
   4     -1053.217309478      2.14e-02      1.52e+00       83.82
   5     -1053.254704649     -3.74e-02      1.16e-01       82.11
   6     -1053.254549547      1.55e-04      1.65e-01       81.31
   7     -1053.255536749     -9.87e-04      4.82e-02       81.58
   8     -1053.255465469      7.13e-05      8.02e-02       80.67
   9     -1053.255574445     -1.09e-04      1.34e-03       81.43
  10     -1053.255574921     -4.76e-07      2.79e-04       81.15
  11     -1053.255574630      2.91e-07      1.12e-04       82.03
  12     -1053.255574656     -2.61e-08      5.61e-05       81.11
  13     -1053.255574665     -9.36e-09      4.16e-05       81.15
  14     -1053.255574658      7.28e-09      1.38e-05       82.25
  15     -1053.255574661     -3.02e-09      6.47e-06       81.11

 SCF converged in 15 iterations.

 Dipole moment (in Debye):               6.307079      -0.059422       0.452620

 Quadrupole moment (in Debye-Angstrom):
                  1            2            3
 1       -24.702773    -6.880427    -0.861723
 2        -6.880427   -98.511229    -0.368832
 3        -0.861723    -0.368832   -97.864168

 Spin-squared expectation <S^2>:         0.000
 Total spin quantum number S:            0.000
 TOTAL ENERGY:                       -1053.255574658

 --------------------------------------------------------------------------------

 End time:                               Tue Oct 26 07:46:01 2021
 Total wall-clock time:               1761.352 seconds
==================================================================================
