
================================================================================
          _____________ ________ _______________ ________     _________         
         / ___________// ______ \\_____   _____// ______ \   / ________)        
        / /_________  / /      \ \     | |     / /      \ \ | (_______          
       |  __________|| |        | |    | |    | |        | | \________ \        
        \ \_________ | |        | |    | |     \ \______/ /___________) |       
         \__________||_|        |_|    |_|      \________//____________/        
                                                                                
====================================[ Qcore ]===================================

 Git describe: 2.3.0-3-g778a55bfd
 Compiler:     GNU 9.3.0
 Build type:   Release
 Version:      2.3.0-3-g778a55bfd

 Start time:   Wed Nov  3 20:17:18 2021

 Data directory: /mnt/storage/scratch/zw18965/.local/qcore/share/entos/qcore/data
 Number of threads: 28
 Number of threads was determined by: command line argument

 --------------------------------------------------------------------------------
                                   command: dft                                  
 --------------------------------------------------------------------------------
 AO basis set:                           def2-tzvppd
 Number of AO basis functions:        1122
 ECP on atom 23 (Au):                    60 electrons

 Formula:                                C16H14O2Cl3Au
 Nuclear charge:                       256.000000000
 Total charge:                           0.000000000
 Number of core electrons:              60
 Number of treated electrons:          196

 Number of alpha electrons:             98
 Number of beta electrons:              98
 Number of unpaired electrons:           0
 Spin:                                   0
 Multiplicity:                           singlet

 Theory:                                 dft
 Exchange-correlation functional:        0.49 b88 + 0.4 lyp
 Method for Coulomb:                     incore_df
 Method for exact exchange:              pre_transformed_df
 Integral threshold:                     1.00e-12
 DF basis set:                           def2-universal-jkfit
 Number of DF basis functions:        2237
 Schwarz screening threshold:            1.00e-10
 Coulomb fitting method:                 Cholesky

 ------------------
  UW12 Correlation 
 ------------------
 Factor for UW12 correlation:            1.000000000
 Opposite spin scale factor:             0.520000000
 Same spin scale factor:                 0.000000000
 Calculate indirect contribution:        false
 Method for three electron term:         df_ri
 Auxiliary RI basis set:                 Def2-TZVPPD-RI
 Number of RI basis functions:        2812
 Gaussians in geminal expansion:        10
 UW12 screening threshold:               1.00e-12
 Method for density-fitting:             w(r)
 Number of core spatial orbitals:       37

 Total number of grid points:       236750
 Method for AO orthogonalization:        symmetric
 Threshold for linear dependence:        1.00e-08
 D3BJ dispersion energy:                -0.094730958

 -------------------------------------
  Running restricted closed-shell SCF 
 -------------------------------------
 Max number of iterations:             128
 Conv. threshold (gradient):             1.00e-05
 Conv. threshold (energy):               1.00e-06
 Interpolation scheme:                   adiis+cdiis
 Initial guess:                          SAD

 ---------------------------------------------------------------
                  energy        change          grad        time
 ---------------------------------------------------------------
   0     -2289.513208854                    3.76e+01     1350.70
   1     -2282.000484104      7.51e+00      5.01e+00      364.08
   2     -2280.439273152      1.56e+00      7.00e+00      363.70
   3     -2282.541625021     -2.10e+00      1.74e+00      362.33
   4     -2282.521212704      2.04e-02      2.94e+00      362.06
   5     -2282.649327545     -1.28e-01      5.58e-01      364.31
   6     -2282.640017537      9.31e-03      1.07e+00      370.47
   7     -2282.655557024     -1.55e-02      1.32e-01      369.24
   8     -2282.654996246      5.61e-04      2.18e-01      367.06
   9     -2282.655918254     -9.22e-04      1.39e-02      364.79
  10     -2282.655922549     -4.30e-06      1.24e-02      368.45
  11     -2282.655937403     -1.49e-05      1.11e-03      365.54
  12     -2282.655937608     -2.05e-07      4.19e-04      367.98
  13     -2282.655937600      8.18e-09      2.61e-04      365.72
  14     -2282.655937575      2.49e-08      7.81e-05      364.77
  15     -2282.655937603     -2.82e-08      4.32e-05      364.64
  16     -2282.655937561      4.26e-08      1.45e-05      365.21
  17     -2282.655937561      4.46e-11      7.24e-06      365.36

 SCF converged in 17 iterations.

 Dipole moment (in Debye):               8.393812       5.059085      -2.583331

 Quadrupole moment (in Debye-Angstrom):
                  1            2            3
 1      -162.369942   -18.502600     9.394788
 2       -18.502600  -146.280530     7.442026
 3         9.394788     7.442026  -160.950814

 Spin-squared expectation <S^2>:         0.000
 Total spin quantum number S:            0.000
 TOTAL ENERGY:                       -2282.655937579

 --------------------------------------------------------------------------------

 End time:                               Wed Nov  3 22:31:01 2021
 Total wall-clock time:               8022.794 seconds
==================================================================================
