
================================================================================
          _____________ ________ _______________ ________     _________         
         / ___________// ______ \\_____   _____// ______ \   / ________)        
        / /_________  / /      \ \     | |     / /      \ \ | (_______          
       |  __________|| |        | |    | |    | |        | | \________ \        
        \ \_________ | |        | |    | |     \ \______/ /___________) |       
         \__________||_|        |_|    |_|      \________//____________/        
                                                                                
====================================[ Qcore ]===================================

 Git describe: 2.3.0-1-g21d9df7e5
 Compiler:     GNU 9.1.0
 Build type:   Release
 Version:      2.3.0-1-g21d9df7e5

 Start time:   Tue Oct 26 07:24:39 2021

 Data directory: /work/zw18965/.local/qcore/share/entos/qcore/data
 Number of threads: 24
 Number of threads was determined by: command line argument
  - More threads can be used by running 'qcore -n 32'

 --------------------------------------------------------------------------------
                                   command: dft                                  
 --------------------------------------------------------------------------------
 AO basis set:                           def2-tzvppd
 Number of AO basis functions:         815
 ECP on atom 25 (Au):                    60 electrons

 Formula:                                C9H15O3PAu+
 Nuclear charge:                       187.000000000
 Total charge:                           1.000000000
 Number of core electrons:              60
 Number of treated electrons:          126

 Number of alpha electrons:             63
 Number of beta electrons:              63
 Number of unpaired electrons:           0
 Spin:                                   0
 Multiplicity:                           singlet

 Theory:                                 dft
 Exchange-correlation functional:        0.49 b88 + 0.4 lyp
 Method for Coulomb:                     incore_df
 Method for exact exchange:              pre_transformed_df
 Integral threshold:                     1.00e-12
 DF basis set:                           def2-universal-jkfit
 Number of DF basis functions:        1551
 Schwarz screening threshold:            1.00e-10
 Coulomb fitting method:                 Cholesky

 ------------------
  UW12 Correlation 
 ------------------
 Factor for UW12 correlation:            1.000000000
 Opposite spin scale factor:             0.520000000
 Same spin scale factor:                 0.000000000
 Calculate indirect contribution:        false
 Method for three electron term:         df_ri
 Auxiliary RI basis set:                 Def2-TZVPPD-RI
 Number of RI basis functions:        2021
 Gaussians in geminal expansion:        10
 UW12 screening threshold:               1.00e-12
 Method for density-fitting:             w(r)
 Number of core spatial orbitals:       21

 Total number of grid points:       186852
 Method for AO orthogonalization:        symmetric
 Threshold for linear dependence:        1.00e-08
 D3BJ dispersion energy:                -0.058901748

 -------------------------------------
  Running restricted closed-shell SCF 
 -------------------------------------
 Max number of iterations:             128
 Conv. threshold (gradient):             1.00e-05
 Conv. threshold (energy):               1.00e-06
 Interpolation scheme:                   adiis+cdiis
 Initial guess:                          SAD

 ---------------------------------------------------------------
                  energy        change          grad        time
 ---------------------------------------------------------------
   0     -1057.376101179                    2.99e+01      357.37
   1     -1052.837977557      4.54e+00      2.92e+00       74.50
   2     -1052.666738863      1.71e-01      5.96e+00       74.84
   3     -1053.217814091     -5.51e-01      1.21e+00       75.55
   4     -1053.183342120      3.45e-02      2.52e+00       74.12
   5     -1053.238980970     -5.56e-02      1.98e-01       74.83
   6     -1053.238446976      5.34e-04      3.65e-01       74.81
   7     -1053.240380556     -1.93e-03      8.14e-02       74.39
   8     -1053.240257020      1.24e-04      1.46e-01       75.71
   9     -1053.240472303     -2.15e-04      1.87e-03       75.25
  10     -1053.240473455     -1.15e-06      1.07e-03       74.89
  11     -1053.240472964      4.91e-07      5.09e-04       74.88
  12     -1053.240472945      1.89e-08      1.61e-04       74.03
  13     -1053.240473011     -6.56e-08      5.66e-05       75.19
  14     -1053.240472987      2.35e-08      1.75e-05       74.34
  15     -1053.240472980      6.71e-09      7.08e-06       75.15

 SCF converged in 15 iterations.

 Dipole moment (in Debye):               0.949351       0.968771      -0.858233

 Quadrupole moment (in Debye-Angstrom):
                  1            2            3
 1       -38.353929     0.098279    -1.995594
 2         0.098279   -94.229084    -0.987387
 3        -1.995594    -0.987387   -97.952122

 Spin-squared expectation <S^2>:         0.000
 Total spin quantum number S:            0.000
 TOTAL ENERGY:                       -1053.240472987

 --------------------------------------------------------------------------------

 End time:                               Tue Oct 26 07:51:05 2021
 Total wall-clock time:               1585.996 seconds
==================================================================================
