
================================================================================
          _____________ ________ _______________ ________     _________         
         / ___________// ______ \\_____   _____// ______ \   / ________)        
        / /_________  / /      \ \     | |     / /      \ \ | (_______          
       |  __________|| |        | |    | |    | |        | | \________ \        
        \ \_________ | |        | |    | |     \ \______/ /___________) |       
         \__________||_|        |_|    |_|      \________//____________/        
                                                                                
====================================[ Qcore ]===================================

 Git describe: 2.3.0-3-g778a55bfd
 Compiler:     GNU 9.3.0
 Build type:   Release
 Version:      2.3.0-3-g778a55bfd

 Start time:   Thu Nov  4 11:06:33 2021

 Data directory: /mnt/storage/scratch/zw18965/.local/qcore/share/entos/qcore/data
 Number of threads: 28
 Number of threads was determined by: command line argument

 --------------------------------------------------------------------------------
                                   command: dft                                  
 --------------------------------------------------------------------------------
 AO basis set:                           def2-tzvppd
 Number of AO basis functions:        1122
 ECP on atom 23 (Au):                    60 electrons

 Formula:                                C16H14O2Cl3Au
 Nuclear charge:                       256.000000000
 Total charge:                           0.000000000
 Number of core electrons:              60
 Number of treated electrons:          196

 Number of alpha electrons:             98
 Number of beta electrons:              98
 Number of unpaired electrons:           0
 Spin:                                   0
 Multiplicity:                           singlet

 Theory:                                 dft
 Exchange-correlation functional:        0.49 b88 + 0.4 lyp
 Method for Coulomb:                     incore_df
 Method for exact exchange:              pre_transformed_df
 Integral threshold:                     1.00e-12
 DF basis set:                           def2-universal-jkfit
 Number of DF basis functions:        2237
 Schwarz screening threshold:            1.00e-10
 Coulomb fitting method:                 Cholesky

 ------------------
  UW12 Correlation 
 ------------------
 Factor for UW12 correlation:            1.000000000
 Opposite spin scale factor:             0.520000000
 Same spin scale factor:                 0.000000000
 Calculate indirect contribution:        false
 Method for three electron term:         df_ri
 Auxiliary RI basis set:                 Def2-TZVPPD-RI
 Number of RI basis functions:        2812
 Gaussians in geminal expansion:        10
 UW12 screening threshold:               1.00e-12
 Method for density-fitting:             w(r)
 Number of core spatial orbitals:       37

 Total number of grid points:       236750
 Method for AO orthogonalization:        symmetric
 Threshold for linear dependence:        1.00e-08
 D3BJ dispersion energy:                -0.097792309

 -------------------------------------
  Running restricted closed-shell SCF 
 -------------------------------------
 Max number of iterations:             128
 Conv. threshold (gradient):             1.00e-05
 Conv. threshold (energy):               1.00e-06
 Interpolation scheme:                   adiis+cdiis
 Initial guess:                          SAD

 ---------------------------------------------------------------
                  energy        change          grad        time
 ---------------------------------------------------------------
   0     -2289.589327073                    3.99e+01     1351.36
   1     -2281.957567054      7.63e+00      4.97e+00      364.61
   2     -2280.738937866      1.22e+00      1.08e+01      363.81
   3     -2282.561222202     -1.82e+00      1.19e+00      364.30
   4     -2282.524532223      3.67e-02      2.11e+00      367.36
   5     -2282.637412654     -1.13e-01      3.58e-01      367.55
   6     -2282.634825258      2.59e-03      5.90e-01      367.26
   7     -2282.641142873     -6.32e-03      4.36e-02      373.28
   8     -2282.641202345     -5.95e-05      4.90e-02      366.70
   9     -2282.641297305     -9.50e-05      6.02e-03      367.23
  10     -2282.641300143     -2.84e-06      2.40e-03      370.09
  11     -2282.641300441     -2.98e-07      1.01e-03      366.92
  12     -2282.641300499     -5.78e-08      4.16e-04      362.27
  13     -2282.641300387      1.12e-07      1.79e-04      366.15
  14     -2282.641300408     -2.14e-08      7.88e-05      368.79
  15     -2282.641300452     -4.37e-08      2.30e-05      368.31
  16     -2282.641300432      1.94e-08      1.03e-05      368.05
  17     -2282.641300436     -3.55e-09      9.15e-06      363.76

 SCF converged in 17 iterations.

 Dipole moment (in Debye):             -12.886022       0.613048       1.507797

 Quadrupole moment (in Debye-Angstrom):
                  1            2            3
 1      -153.762194    23.590019     1.438062
 2        23.590019  -142.366623    -6.252742
 3         1.438062    -6.252742  -176.790960

 Spin-squared expectation <S^2>:         0.000
 Total spin quantum number S:            0.000
 TOTAL ENERGY:                       -2282.641300456

 --------------------------------------------------------------------------------

 End time:                               Thu Nov  4 13:20:48 2021
 Total wall-clock time:               8055.466 seconds
==================================================================================
