
================================================================================
          _____________ ________ _______________ ________     _________         
         / ___________// ______ \\_____   _____// ______ \   / ________)        
        / /_________  / /      \ \     | |     / /      \ \ | (_______          
       |  __________|| |        | |    | |    | |        | | \________ \        
        \ \_________ | |        | |    | |     \ \______/ /___________) |       
         \__________||_|        |_|    |_|      \________//____________/        
                                                                                
====================================[ Qcore ]===================================

 Git describe: 2.3.0-1-g21d9df7e5
 Compiler:     GNU 9.1.0
 Build type:   Release
 Version:      2.3.0-1-g21d9df7e5

 Start time:   Tue Oct 26 07:12:04 2021

 Data directory: /work/zw18965/.local/qcore/share/entos/qcore/data
 Number of threads: 24
 Number of threads was determined by: command line argument

 --------------------------------------------------------------------------------
                                   command: dft                                  
 --------------------------------------------------------------------------------
 AO basis set:                           def2-tzvppd
 Number of AO basis functions:         869
 ECP on atom 25 (Au):                    60 electrons

 Formula:                                C9H12O3Cl3Au
 Nuclear charge:                       220.000000000
 Total charge:                           0.000000000
 Number of core electrons:              60
 Number of treated electrons:          160

 Number of alpha electrons:             80
 Number of beta electrons:              80
 Number of unpaired electrons:           0
 Spin:                                   0
 Multiplicity:                           singlet

 Theory:                                 dft
 Exchange-correlation functional:        0.49 b88 + 0.4 lyp
 Method for Coulomb:                     incore_df
 Method for exact exchange:              pre_transformed_df
 Integral threshold:                     1.00e-12
 DF basis set:                           def2-universal-jkfit
 Number of DF basis functions:        1753
 Schwarz screening threshold:            1.00e-10
 Coulomb fitting method:                 Cholesky

 ------------------
  UW12 Correlation 
 ------------------
 Factor for UW12 correlation:            1.000000000
 Opposite spin scale factor:             0.520000000
 Same spin scale factor:                 0.000000000
 Calculate indirect contribution:        false
 Method for three electron term:         df_ri
 Auxiliary RI basis set:                 Def2-TZVPPD-RI
 Number of RI basis functions:        2182
 Gaussians in geminal expansion:        10
 UW12 screening threshold:               1.00e-12
 Method for density-fitting:             w(r)
 Number of core spatial orbitals:       31

 Total number of grid points:       184314
 Method for AO orthogonalization:        symmetric
 Threshold for linear dependence:        1.00e-08
 D3BJ dispersion energy:                -0.071637813

 -------------------------------------
  Running restricted closed-shell SCF 
 -------------------------------------
 Max number of iterations:             128
 Conv. threshold (gradient):             1.00e-05
 Conv. threshold (energy):               1.00e-06
 Interpolation scheme:                   adiis+cdiis
 Initial guess:                          SAD

 ---------------------------------------------------------------
                  energy        change          grad        time
 ---------------------------------------------------------------
   0     -2094.305744083                    4.13e+01      527.15
   1     -2089.716803631      4.59e+00      4.81e+00      117.32
   2     -2089.029985342      6.87e-01      7.38e+00      118.16
   3     -2090.277977943     -1.25e+00      7.64e-01      117.89
   4     -2090.265589256      1.24e-02      1.22e+00      117.57
   5     -2090.311348711     -4.58e-02      2.48e-01      119.93
   6     -2090.309291630      2.06e-03      4.35e-01      118.37
   7     -2090.313390427     -4.10e-03      3.85e-02      118.93
   8     -2090.313356497      3.39e-05      4.65e-02      117.36
   9     -2090.313475590     -1.19e-04      2.52e-03      118.75
  10     -2090.313476396     -8.06e-07      1.31e-03      123.16
  11     -2090.313476508     -1.12e-07      6.17e-04      118.08
  12     -2090.313476631     -1.22e-07      2.64e-04      118.92
  13     -2090.313476590      4.06e-08      9.87e-05      117.68
  14     -2090.313476557      3.34e-08      9.13e-05      118.34
  15     -2090.313476587     -3.04e-08      3.10e-05      118.02
  16     -2090.313476585      2.60e-09      2.04e-05      118.11
  17     -2090.313476577      7.97e-09      2.15e-05      118.90
  18     -2090.313476587     -1.06e-08      1.79e-05      119.58
  19     -2090.313476581      5.95e-09      5.64e-05      117.86
  20     -2090.313476577      4.00e-09      1.31e-05      117.01
  21     -2090.313476579     -1.79e-09      5.87e-05      117.29
  22     -2090.313476573      6.40e-09      2.02e-05      118.84
  23     -2090.313476574     -1.76e-09      2.20e-05      119.52
  24     -2090.313476583     -8.44e-09      1.78e-05      118.09
  25     -2090.313476578      4.60e-09      1.76e-05      117.85
  26     -2090.313476583     -4.31e-09      9.34e-06      118.82

 SCF converged in 26 iterations.

 Dipole moment (in Debye):             -11.519748      -2.544941       0.252410

 Quadrupole moment (in Debye-Angstrom):
                  1            2            3
 1      -115.427353    -3.482204    -5.005053
 2        -3.482204  -134.029839     4.607648
 3        -5.005053     4.607648  -136.210323

 Spin-squared expectation <S^2>:         0.000
 Total spin quantum number S:            0.000
 TOTAL ENERGY:                       -2090.313476580

 --------------------------------------------------------------------------------

 End time:                               Tue Oct 26 08:14:57 2021
 Total wall-clock time:               3772.585 seconds
==================================================================================
