
================================================================================
          _____________ ________ _______________ ________     _________         
         / ___________// ______ \\_____   _____// ______ \   / ________)        
        / /_________  / /      \ \     | |     / /      \ \ | (_______          
       |  __________|| |        | |    | |    | |        | | \________ \        
        \ \_________ | |        | |    | |     \ \______/ /___________) |       
         \__________||_|        |_|    |_|      \________//____________/        
                                                                                
====================================[ Qcore ]===================================

 Git describe: 2.3.0-1-g21d9df7e5
 Compiler:     GNU 9.1.0
 Build type:   Release
 Version:      2.3.0-1-g21d9df7e5

 Start time:   Tue Oct 26 07:46:05 2021

 Data directory: /work/zw18965/.local/qcore/share/entos/qcore/data
 Number of threads: 24
 Number of threads was determined by: command line argument

 --------------------------------------------------------------------------------
                                   command: dft                                  
 --------------------------------------------------------------------------------
 AO basis set:                           def2-tzvppd
 Number of AO basis functions:         621
 ECP on atom 1 (Ir):                     60 electrons

 Formula:                                C7H15PIr+
 Nuclear charge:                       149.000000000
 Total charge:                           1.000000000
 Number of core electrons:              60
 Number of treated electrons:           88

 Number of alpha electrons:             44
 Number of beta electrons:              44
 Number of unpaired electrons:           0
 Spin:                                   0
 Multiplicity:                           singlet

 Theory:                                 dft
 Exchange-correlation functional:        0.49 b88 + 0.4 lyp
 Method for Coulomb:                     incore_df
 Method for exact exchange:              pre_transformed_df
 Integral threshold:                     1.00e-12
 DF basis set:                           def2-universal-jkfit
 Number of DF basis functions:        1150
 Schwarz screening threshold:            1.00e-10
 Coulomb fitting method:                 Cholesky

 ------------------
  UW12 Correlation 
 ------------------
 Factor for UW12 correlation:            1.000000000
 Opposite spin scale factor:             0.520000000
 Same spin scale factor:                 0.000000000
 Calculate indirect contribution:        false
 Method for three electron term:         df_ri
 Auxiliary RI basis set:                 Def2-TZVPPD-RI
 Number of RI basis functions:        1561
 Gaussians in geminal expansion:        10
 UW12 screening threshold:               1.00e-12
 Method for density-fitting:             w(r)
 Number of core spatial orbitals:       16

 Total number of grid points:       152420
 Method for AO orthogonalization:        symmetric
 Threshold for linear dependence:        1.00e-08
 D3BJ dispersion energy:                -0.059066511

 -------------------------------------
  Running restricted closed-shell SCF 
 -------------------------------------
 Max number of iterations:             128
 Conv. threshold (gradient):             1.00e-05
 Conv. threshold (energy):               1.00e-06
 Interpolation scheme:                   adiis+cdiis
 Initial guess:                          SAD

 ---------------------------------------------------------------
                  energy        change          grad        time
 ---------------------------------------------------------------
   0      -723.153668482                    1.66e+02      178.86
   1      -719.702890002      3.45e+00      5.39e+00       26.47
   2      -718.350126721      1.35e+00      1.18e+01       26.49
   3      -720.161596343     -1.81e+00      1.63e+00       26.62
   4      -720.175095888     -1.35e-02      2.07e+00       26.62
   5      -720.230107281     -5.50e-02      8.72e-01       26.29
   6      -720.214139200      1.60e-02      1.54e+00       26.38
   7      -720.237808708     -2.37e-02      3.20e-01       27.45
   8      -720.237756673      5.20e-05      3.02e-01       26.56
   9      -720.238853505     -1.10e-03      1.46e-02       26.42
  10      -720.238834144      1.94e-05      2.96e-02       26.21
  11      -720.238857899     -2.38e-05      1.10e-03       26.40
  12      -720.238857983     -8.40e-08      2.21e-04       26.15
  13      -720.238857992     -8.53e-09      1.09e-04       26.22
  14      -720.238857977      1.52e-08      4.59e-05       26.48
  15      -720.238857982     -4.96e-09      1.34e-05       26.46
  16      -720.238857977      4.77e-09      5.16e-06       26.18

 SCF converged in 16 iterations.

 Dipole moment (in Debye):              -0.585143      -0.649087      -1.746403

 Quadrupole moment (in Debye-Angstrom):
                  1            2            3
 1       -62.780184     2.404546     3.082222
 2         2.404546   -63.932513    -1.045277
 3         3.082222    -1.045277   -71.063243

 Spin-squared expectation <S^2>:         0.000
 Total spin quantum number S:            0.000
 TOTAL ENERGY:                        -720.238857979

 --------------------------------------------------------------------------------

 End time:                               Tue Oct 26 07:56:56 2021
 Total wall-clock time:                651.637 seconds
==================================================================================
