
================================================================================
          _____________ ________ _______________ ________     _________         
         / ___________// ______ \\_____   _____// ______ \   / ________)        
        / /_________  / /      \ \     | |     / /      \ \ | (_______          
       |  __________|| |        | |    | |    | |        | | \________ \        
        \ \_________ | |        | |    | |     \ \______/ /___________) |       
         \__________||_|        |_|    |_|      \________//____________/        
                                                                                
====================================[ Qcore ]===================================

 Git describe: 2.3.0-1-g21d9df7e5
 Compiler:     GNU 9.1.0
 Build type:   Release
 Version:      2.3.0-1-g21d9df7e5

 Start time:   Tue Oct 26 07:51:09 2021

 Data directory: /work/zw18965/.local/qcore/share/entos/qcore/data
 Number of threads: 24
 Number of threads was determined by: command line argument
  - More threads can be used by running 'qcore -n 32'

 --------------------------------------------------------------------------------
                                   command: dft                                  
 --------------------------------------------------------------------------------
 AO basis set:                           def2-tzvppd
 Number of AO basis functions:         621
 ECP on atom 1 (Ir):                     60 electrons

 Formula:                                C7H15PIr+
 Nuclear charge:                       149.000000000
 Total charge:                           1.000000000
 Number of core electrons:              60
 Number of treated electrons:           88

 Number of alpha electrons:             44
 Number of beta electrons:              44
 Number of unpaired electrons:           0
 Spin:                                   0
 Multiplicity:                           singlet

 Theory:                                 dft
 Exchange-correlation functional:        0.49 b88 + 0.4 lyp
 Method for Coulomb:                     incore_df
 Method for exact exchange:              pre_transformed_df
 Integral threshold:                     1.00e-12
 DF basis set:                           def2-universal-jkfit
 Number of DF basis functions:        1150
 Schwarz screening threshold:            1.00e-10
 Coulomb fitting method:                 Cholesky

 ------------------
  UW12 Correlation 
 ------------------
 Factor for UW12 correlation:            1.000000000
 Opposite spin scale factor:             0.520000000
 Same spin scale factor:                 0.000000000
 Calculate indirect contribution:        false
 Method for three electron term:         df_ri
 Auxiliary RI basis set:                 Def2-TZVPPD-RI
 Number of RI basis functions:        1561
 Gaussians in geminal expansion:        10
 UW12 screening threshold:               1.00e-12
 Method for density-fitting:             w(r)
 Number of core spatial orbitals:       16

 Total number of grid points:       152420
 Method for AO orthogonalization:        symmetric
 Threshold for linear dependence:        1.00e-08
 D3BJ dispersion energy:                -0.061052968

 -------------------------------------
  Running restricted closed-shell SCF 
 -------------------------------------
 Max number of iterations:             128
 Conv. threshold (gradient):             1.00e-05
 Conv. threshold (energy):               1.00e-06
 Interpolation scheme:                   adiis+cdiis
 Initial guess:                          SAD

 ---------------------------------------------------------------
                  energy        change          grad        time
 ---------------------------------------------------------------
   0      -723.166858587                    1.74e+02      174.61
   1      -719.721496218      3.45e+00      5.04e+00       25.89
   2      -718.609805591      1.11e+00      1.16e+01       25.93
   3      -720.161034064     -1.55e+00      1.32e+00       25.84
   4      -720.158830305      2.20e-03      1.95e+00       26.14
   5      -720.214725143     -5.59e-02      8.16e-01       25.95
   6      -720.189407699      2.53e-02      1.87e+00       25.79
   7      -720.219471234     -3.01e-02      4.77e-01       26.07
   8      -720.221158920     -1.69e-03      1.99e-01       25.90
   9      -720.221372669     -2.14e-04      1.71e-01       25.93
  10      -720.221571257     -1.99e-04      1.71e-02       26.02
  11      -720.221578747     -7.49e-06      3.79e-02       26.03
  12      -720.221581056     -2.31e-06      1.69e-04       26.05
  13      -720.221581084     -2.78e-08      4.96e-05       26.09
  14      -720.221581092     -8.73e-09      2.32e-05       25.96
  15      -720.221581089      2.92e-09      8.66e-06       25.77

 SCF converged in 15 iterations.

 Dipole moment (in Debye):               0.972808       0.264447       1.557474

 Quadrupole moment (in Debye-Angstrom):
                  1            2            3
 1       -62.215403    -0.572153     4.094523
 2        -0.572153   -68.266317    -1.541423
 3         4.094523    -1.541423   -68.869419

 Spin-squared expectation <S^2>:         0.000
 Total spin quantum number S:            0.000
 TOTAL ENERGY:                        -720.221581085

 --------------------------------------------------------------------------------

 End time:                               Tue Oct 26 08:01:18 2021
 Total wall-clock time:                608.876 seconds
==================================================================================
