
================================================================================
          _____________ ________ _______________ ________     _________         
         / ___________// ______ \\_____   _____// ______ \   / ________)        
        / /_________  / /      \ \     | |     / /      \ \ | (_______          
       |  __________|| |        | |    | |    | |        | | \________ \        
        \ \_________ | |        | |    | |     \ \______/ /___________) |       
         \__________||_|        |_|    |_|      \________//____________/        
                                                                                
====================================[ Qcore ]===================================

 Git describe: 2.3.0-1-g21d9df7e5
 Compiler:     GNU 9.1.0
 Build type:   Release
 Version:      2.3.0-1-g21d9df7e5

 Start time:   Tue Oct 26 07:57:26 2021

 Data directory: /work/zw18965/.local/qcore/share/entos/qcore/data
 Number of threads: 24
 Number of threads was determined by: command line argument

 --------------------------------------------------------------------------------
                                   command: dft                                  
 --------------------------------------------------------------------------------
 AO basis set:                           def2-tzvppd
 Number of AO basis functions:          67

 Formula:                                Ti
 Nuclear charge:                        22.000000000
 Total charge:                           0.000000000
 Number of electrons:                   22.000000000

 Number of alpha electrons:             12
 Number of beta electrons:              10
 Number of unpaired electrons:           2
 Spin:                                   2
 Multiplicity:                           triplet

 Theory:                                 dft
 Exchange-correlation functional:        0.49 b88 + 0.4 lyp
 Method for Coulomb:                     incore_df
 Method for exact exchange:              pre_transformed_df
 Integral threshold:                     1.00e-12
 DF basis set:                           def2-universal-jkfit
 Number of DF basis functions:         264
 Schwarz screening threshold:            1.00e-10
 Coulomb fitting method:                 Cholesky

 ------------------
  UW12 Correlation 
 ------------------
 Factor for UW12 correlation:            1.000000000
 Opposite spin scale factor:             0.520000000
 Same spin scale factor:                 0.000000000
 Calculate indirect contribution:        false
 Method for three electron term:         df_ri
 Auxiliary RI basis set:                 Def2-TZVPPD-RI
 Number of RI basis functions:         225
 Gaussians in geminal expansion:        10
 UW12 screening threshold:               1.00e-12
 Method for density-fitting:             w(r)
 Number of core spatial orbitals:        9

 Total number of grid points:         7792
 Method for AO orthogonalization:        symmetric
 Threshold for linear dependence:        1.00e-08
 D3BJ dispersion energy:                 0.000000000

 -------------------------------------
  Running unrestricted open-shell SCF 
 -------------------------------------
 Max number of iterations:             128
 Conv. threshold (gradient):             1.00e-05
 Conv. threshold (energy):               1.00e-06
 Interpolation scheme:                   adiis+cdiis
 Initial guess:                          SAD

 ---------------------------------------------------------------
                  energy        change          grad        time
 ---------------------------------------------------------------
   0      -848.596448781                    3.98e-03        1.13
   1      -848.760990308     -1.65e-01      1.43e-01        0.09
   2      -848.773270972     -1.23e-02      5.25e-02        0.08
   3      -848.776509561     -3.24e-03      4.87e-02        0.08
   4      -848.779119079     -2.61e-03      4.03e-02        0.08
   5      -848.781863418     -2.74e-03      3.98e-02        0.08
   6      -848.789215174     -7.35e-03      3.40e-02        0.08
   7      -848.784329849      4.89e-03      5.63e-02        0.07
   8      -848.796365199     -1.20e-02      2.15e-02        0.07
   9      -848.796726090     -3.61e-04      2.38e-02        0.07
  10      -848.796861835     -1.36e-04      2.63e-02        0.07
  11      -848.797705343     -8.44e-04      2.00e-02        0.07
  12      -848.798249213     -5.44e-04      5.10e-03        0.07
  13      -848.798426282     -1.77e-04      3.88e-03        0.07
  14      -848.798503468     -7.72e-05      3.56e-03        0.07
  15      -848.798513581     -1.01e-05      5.85e-03        0.07
  16      -848.798529840     -1.63e-05      2.61e-03        0.07
  17      -848.798536694     -6.85e-06      6.52e-04        0.07
  18      -848.798539525     -2.83e-06      4.68e-04        0.07
  19      -848.798541603     -2.08e-06      2.42e-04        0.07
  20      -848.798542074     -4.71e-07      9.45e-05        0.07
  21      -848.798542068      6.19e-09      6.20e-05        0.07
  22      -848.798542038      2.98e-08      3.78e-05        0.07
  23      -848.798542039     -1.12e-09      2.28e-05        0.07
  24      -848.798542062     -2.25e-08      1.46e-05        0.07
  25      -848.798542059      2.96e-09      1.12e-05        0.07
  26      -848.798542061     -1.92e-09      8.79e-06        0.07

 SCF converged in 26 iterations.

 Dipole moment (in Debye):               0.000001       0.000001       0.000000

 Quadrupole moment (in Debye-Angstrom):
                  1            2            3
 1       -21.507204     0.000005     0.000054
 2         0.000005   -21.507224     0.000013
 3         0.000054     0.000013   -21.507223

 Spin-squared expectation <S^2>:         2.002
 Total spin quantum number S:            1.001
 TOTAL ENERGY:                        -848.798542059

 --------------------------------------------------------------------------------

 End time:                               Tue Oct 26 07:57:32 2021
 Total wall-clock time:                  6.282 seconds
==================================================================================
