
================================================================================
          _____________ ________ _______________ ________     _________         
         / ___________// ______ \\_____   _____// ______ \   / ________)        
        / /_________  / /      \ \     | |     / /      \ \ | (_______          
       |  __________|| |        | |    | |    | |        | | \________ \        
        \ \_________ | |        | |    | |     \ \______/ /___________) |       
         \__________||_|        |_|    |_|      \________//____________/        
                                                                                
====================================[ Qcore ]===================================

 Git describe: 2.3.0-3-g778a55bfd
 Compiler:     GNU 9.3.0
 Build type:   Release
 Version:      2.3.0-3-g778a55bfd

 Start time:   Sun Nov  7 03:14:05 2021

 Data directory: /mnt/storage/scratch/zw18965/.local/qcore/share/entos/qcore/data
 Number of threads: 28
 Number of threads was determined by: command line argument

 --------------------------------------------------------------------------------
                                   command: dft                                  
 --------------------------------------------------------------------------------
 AO basis set:                           def2-tzvppd
 Number of AO basis functions:          67

 Formula:                                V
 Nuclear charge:                        23.000000000
 Total charge:                           0.000000000
 Number of electrons:                   23.000000000

 Number of alpha electrons:             13
 Number of beta electrons:              10
 Number of unpaired electrons:           3
 Spin:                                   3
 Multiplicity:                           quartet

 Theory:                                 dft
 Exchange-correlation functional:        0.49 b88 + 0.4 lyp
 Method for Coulomb:                     incore_df
 Method for exact exchange:              pre_transformed_df
 Integral threshold:                     1.00e-12
 DF basis set:                           def2-universal-jkfit
 Number of DF basis functions:         264
 Schwarz screening threshold:            1.00e-10
 Coulomb fitting method:                 Cholesky

 ------------------
  UW12 Correlation 
 ------------------
 Factor for UW12 correlation:            1.000000000
 Opposite spin scale factor:             0.520000000
 Same spin scale factor:                 0.000000000
 Calculate indirect contribution:        false
 Method for three electron term:         df_ri
 Auxiliary RI basis set:                 Def2-TZVPPD-RI
 Number of RI basis functions:         225
 Gaussians in geminal expansion:        10
 UW12 screening threshold:               1.00e-16
 Method for density-fitting:             w(r)
 Number of core spatial orbitals:        9

 Total number of grid points:         7852
 Method for AO orthogonalization:        symmetric
 Threshold for linear dependence:        1.00e-08
 D3BJ dispersion energy:                 0.000000000

 -------------------------------------
  Running unrestricted open-shell SCF 
 -------------------------------------
 Max number of iterations:             128
 Conv. threshold (gradient):             1.00e-05
 Conv. threshold (energy):               1.00e-06
 Interpolation scheme:                   adiis+cdiis
 Initial guess:                          SAD

 ---------------------------------------------------------------
                  energy        change          grad        time
 ---------------------------------------------------------------
   0      -943.004243144                    2.06e-02        1.69
   1      -943.190166567     -1.86e-01      3.57e-01        0.08
   2      -943.021910982      1.68e-01      6.38e-01        0.07
   3      -943.306910104     -2.85e-01      3.62e-02        0.07
   4      -943.309002884     -2.09e-03      1.15e-02        0.07
   5      -943.309284546     -2.82e-04      6.84e-03        0.07
   6      -943.309406635     -1.22e-04      5.85e-03        0.07
   7      -943.309558072     -1.51e-04      3.88e-03        0.07
   8      -943.309671380     -1.13e-04      8.91e-04        0.07
   9      -943.309672139     -7.59e-07      4.09e-04        0.07
  10      -943.309673259     -1.12e-06      3.14e-04        0.07
  11      -943.309673564     -3.05e-07      8.82e-05        0.07
  12      -943.309673605     -4.15e-08      1.31e-05        0.07
  13      -943.309673593      1.20e-08      6.13e-06        0.07

 SCF converged in 13 iterations.

 Dipole moment (in Debye):              -0.000002      -0.000001      -0.000002

 Quadrupole moment (in Debye-Angstrom):
                  1            2            3
 1       -20.326492    -0.000008    -0.000004
 2        -0.000008   -20.326366    -0.000009
 3        -0.000004    -0.000009   -20.326511

 Spin-squared expectation <S^2>:         3.753
 Total spin quantum number S:            1.501
 TOTAL ENERGY:                        -943.309673594

 --------------------------------------------------------------------------------

 End time:                               Sun Nov  7 03:14:12 2021
 Total wall-clock time:                  6.921 seconds
==================================================================================
