
================================================================================
          _____________ ________ _______________ ________     _________         
         / ___________// ______ \\_____   _____// ______ \   / ________)        
        / /_________  / /      \ \     | |     / /      \ \ | (_______          
       |  __________|| |        | |    | |    | |        | | \________ \        
        \ \_________ | |        | |    | |     \ \______/ /___________) |       
         \__________||_|        |_|    |_|      \________//____________/        
                                                                                
====================================[ Qcore ]===================================

 Git describe: 2.3.0-3-g778a55bfd
 Compiler:     GNU 9.3.0
 Build type:   Release
 Version:      2.3.0-3-g778a55bfd

 Start time:   Sun Nov  7 03:13:05 2021

 Data directory: /mnt/storage/scratch/zw18965/.local/qcore/share/entos/qcore/data
 Number of threads: 28
 Number of threads was determined by: command line argument

 --------------------------------------------------------------------------------
                                   command: dft                                  
 --------------------------------------------------------------------------------
 AO basis set:                           def2-tzvppd
 Number of AO basis functions:         118

 Formula:                                ClFe
 Nuclear charge:                        43.000000000
 Total charge:                           0.000000000
 Number of electrons:                   43.000000000

 Number of alpha electrons:             24
 Number of beta electrons:              19
 Number of unpaired electrons:           5
 Spin:                                   5
 Multiplicity:                           septet

 Theory:                                 dft
 Exchange-correlation functional:        0.49 b88 + 0.4 lyp
 Method for Coulomb:                     incore_df
 Method for exact exchange:              pre_transformed_df
 Integral threshold:                     1.00e-12
 DF basis set:                           def2-universal-jkfit
 Number of DF basis functions:         392
 Schwarz screening threshold:            1.00e-10
 Coulomb fitting method:                 Cholesky

 ------------------
  UW12 Correlation 
 ------------------
 Factor for UW12 correlation:            1.000000000
 Opposite spin scale factor:             0.520000000
 Same spin scale factor:                 0.000000000
 Calculate indirect contribution:        false
 Method for three electron term:         df_ri
 Auxiliary RI basis set:                 Def2-TZVPPD-RI
 Number of RI basis functions:         364
 Gaussians in geminal expansion:        10
 UW12 screening threshold:               1.00e-16
 Method for density-fitting:             w(r)
 Number of core spatial orbitals:       14

 Total number of grid points:        15430
 Method for AO orthogonalization:        symmetric
 Threshold for linear dependence:        1.00e-08
 D3BJ dispersion energy:                -0.004414770

 -------------------------------------
  Running unrestricted open-shell SCF 
 -------------------------------------
 Max number of iterations:             128
 Conv. threshold (gradient):             1.00e-05
 Conv. threshold (energy):               1.00e-06
 Interpolation scheme:                   adiis+cdiis
 Initial guess:                          SAD

 ---------------------------------------------------------------
                  energy        change          grad        time
 ---------------------------------------------------------------
   0     -1722.786787974                    1.82e+00        5.48
   1     -1722.969253073     -1.82e-01      1.82e-01        0.41
   2     -1722.989395170     -2.01e-02      1.18e-01        0.40
   3     -1722.992819502     -3.42e-03      1.09e-01        0.38
   4     -1723.000139406     -7.32e-03      2.90e-02        0.38
   5     -1723.000175106     -3.57e-05      3.19e-02        0.36
   6     -1723.000752286     -5.77e-04      1.74e-03        0.36
   7     -1723.000763995     -1.17e-05      5.40e-04        0.36
   8     -1723.000763398      5.97e-07      3.51e-04        0.36
   9     -1723.000762760      6.38e-07      4.05e-05        0.37
  10     -1723.000762617      1.43e-07      1.04e-05        0.36
  11     -1723.000762634     -1.72e-08      2.93e-06        0.37

 SCF converged in 11 iterations.

 Dipole moment (in Debye):              -0.000000      -0.000000       2.357309

 Quadrupole moment (in Debye-Angstrom):
                  1            2            3
 1       -27.902051     0.000004     0.000000
 2         0.000004   -27.902051     0.000000
 3         0.000000     0.000000   -32.707596

 Spin-squared expectation <S^2>:         8.754
 Total spin quantum number S:            2.501
 TOTAL ENERGY:                       -1723.000762648

 --------------------------------------------------------------------------------

 End time:                               Sun Nov  7 03:13:19 2021
 Total wall-clock time:                 14.595 seconds
==================================================================================
