
================================================================================
          _____________ ________ _______________ ________     _________         
         / ___________// ______ \\_____   _____// ______ \   / ________)        
        / /_________  / /      \ \     | |     / /      \ \ | (_______          
       |  __________|| |        | |    | |    | |        | | \________ \        
        \ \_________ | |        | |    | |     \ \______/ /___________) |       
         \__________||_|        |_|    |_|      \________//____________/        
                                                                                
====================================[ Qcore ]===================================

 Git describe: 2.3.0-3-g778a55bfd
 Compiler:     GNU 9.3.0
 Build type:   Release
 Version:      2.3.0-3-g778a55bfd

 Start time:   Sun Nov  7 03:13:05 2021

 Data directory: /mnt/storage/scratch/zw18965/.local/qcore/share/entos/qcore/data
 Number of threads: 28
 Number of threads was determined by: command line argument

 --------------------------------------------------------------------------------
                                   command: dft                                  
 --------------------------------------------------------------------------------
 AO basis set:                           def2-tzvppd
 Number of AO basis functions:          67

 Formula:                                Mn
 Nuclear charge:                        25.000000000
 Total charge:                           0.000000000
 Number of electrons:                   25.000000000

 Number of alpha electrons:             15
 Number of beta electrons:              10
 Number of unpaired electrons:           5
 Spin:                                   5
 Multiplicity:                           septet

 Theory:                                 dft
 Exchange-correlation functional:        0.49 b88 + 0.4 lyp
 Method for Coulomb:                     incore_df
 Method for exact exchange:              pre_transformed_df
 Integral threshold:                     1.00e-12
 DF basis set:                           def2-universal-jkfit
 Number of DF basis functions:         264
 Schwarz screening threshold:            1.00e-10
 Coulomb fitting method:                 Cholesky

 ------------------
  UW12 Correlation 
 ------------------
 Factor for UW12 correlation:            1.000000000
 Opposite spin scale factor:             0.520000000
 Same spin scale factor:                 0.000000000
 Calculate indirect contribution:        false
 Method for three electron term:         df_ri
 Auxiliary RI basis set:                 Def2-TZVPPD-RI
 Number of RI basis functions:         225
 Gaussians in geminal expansion:        10
 UW12 screening threshold:               1.00e-16
 Method for density-fitting:             w(r)
 Number of core spatial orbitals:        9

 Total number of grid points:         7936
 Method for AO orthogonalization:        symmetric
 Threshold for linear dependence:        1.00e-08
 D3BJ dispersion energy:                 0.000000000

 -------------------------------------
  Running unrestricted open-shell SCF 
 -------------------------------------
 Max number of iterations:             128
 Conv. threshold (gradient):             1.00e-05
 Conv. threshold (energy):               1.00e-06
 Interpolation scheme:                   adiis+cdiis
 Initial guess:                          SAD

 ---------------------------------------------------------------
                  energy        change          grad        time
 ---------------------------------------------------------------
   0     -1149.985738418                    4.11e-02        1.66
   1     -1150.232729204     -2.47e-01      2.69e-01        0.08
   2     -1149.882548450      3.50e-01      7.26e-01        0.08
   3     -1150.284915627     -4.02e-01      1.19e-01        0.08
   4     -1150.286232858     -1.32e-03      1.02e-01        0.09
   5     -1150.294737608     -8.50e-03      1.22e-02        0.08
   6     -1150.294362737      3.75e-04      1.84e-02        0.08
   7     -1150.294775715     -4.13e-04      4.80e-04        0.08
   8     -1150.294778281     -2.57e-06      1.40e-04        0.08
   9     -1150.294778300     -1.89e-08      1.26e-04        0.08
  10     -1150.294778295      5.12e-09      7.48e-05        0.08
  11     -1150.294778085      2.10e-07      4.17e-05        0.08
  12     -1150.294778100     -1.48e-08      3.73e-05        0.08
  13     -1150.294778057      4.30e-08      3.98e-05        0.07
  14     -1150.294778047      1.00e-08      1.73e-05        0.07
  15     -1150.294778042      5.31e-09      6.55e-06        0.07

 SCF converged in 15 iterations.

 Dipole moment (in Debye):               0.000012       0.000012       0.000000

 Quadrupole moment (in Debye-Angstrom):
                  1            2            3
 1       -16.552379     0.000245     0.000005
 2         0.000245   -16.552379     0.000005
 3         0.000005     0.000005   -15.479061

 Spin-squared expectation <S^2>:         8.757
 Total spin quantum number S:            2.501
 TOTAL ENERGY:                       -1150.294778041

 --------------------------------------------------------------------------------

 End time:                               Sun Nov  7 03:13:11 2021
 Total wall-clock time:                  6.491 seconds
==================================================================================
