
================================================================================
          _____________ ________ _______________ ________     _________         
         / ___________// ______ \\_____   _____// ______ \   / ________)        
        / /_________  / /      \ \     | |     / /      \ \ | (_______          
       |  __________|| |        | |    | |    | |        | | \________ \        
        \ \_________ | |        | |    | |     \ \______/ /___________) |       
         \__________||_|        |_|    |_|      \________//____________/        
                                                                                
====================================[ Qcore ]===================================

 Git describe: 2.3.0-1-g21d9df7e5
 Compiler:     GNU 9.1.0
 Build type:   Release
 Version:      2.3.0-1-g21d9df7e5

 Start time:   Tue Oct 26 07:59:24 2021

 Data directory: /work/zw18965/.local/qcore/share/entos/qcore/data
 Number of threads: 24
 Number of threads was determined by: command line argument

 --------------------------------------------------------------------------------
                                   command: dft                                  
 --------------------------------------------------------------------------------
 AO basis set:                           def2-tzvppd
 Number of AO basis functions:         118

 Formula:                                SCr
 Nuclear charge:                        40.000000000
 Total charge:                           0.000000000
 Number of electrons:                   40.000000000

 Number of alpha electrons:             22
 Number of beta electrons:              18
 Number of unpaired electrons:           4
 Spin:                                   4
 Multiplicity:                           quintet

 Theory:                                 dft
 Exchange-correlation functional:        0.49 b88 + 0.4 lyp
 Method for Coulomb:                     incore_df
 Method for exact exchange:              pre_transformed_df
 Integral threshold:                     1.00e-12
 DF basis set:                           def2-universal-jkfit
 Number of DF basis functions:         392
 Schwarz screening threshold:            1.00e-10
 Coulomb fitting method:                 Cholesky

 ------------------
  UW12 Correlation 
 ------------------
 Factor for UW12 correlation:            1.000000000
 Opposite spin scale factor:             0.520000000
 Same spin scale factor:                 0.000000000
 Calculate indirect contribution:        false
 Method for three electron term:         df_ri
 Auxiliary RI basis set:                 Def2-TZVPPD-RI
 Number of RI basis functions:         364
 Gaussians in geminal expansion:        10
 UW12 screening threshold:               1.00e-12
 Method for density-fitting:             w(r)
 Number of core spatial orbitals:       14

 Total number of grid points:        15178
 Method for AO orthogonalization:        symmetric
 Threshold for linear dependence:        1.00e-08
 D3BJ dispersion energy:                -0.006858018

 -------------------------------------
  Running unrestricted open-shell SCF 
 -------------------------------------
 Max number of iterations:             128
 Conv. threshold (gradient):             1.00e-05
 Conv. threshold (energy):               1.00e-06
 Interpolation scheme:                   adiis+cdiis
 Initial guess:                          SAD

 ---------------------------------------------------------------
                  energy        change          grad        time
 ---------------------------------------------------------------
   0     -1441.491305538                    1.89e+00        3.52
   1     -1441.149795618      3.42e-01      1.28e+00        0.39
   2     -1430.047813871      1.11e+01      7.56e+00        0.38
   3     -1439.415254640     -9.37e+00      3.07e+00        0.35
   4     -1441.651244715     -2.24e+00      4.16e-01        0.34
   5     -1441.606573742      4.47e-02      6.73e-01        0.32
   6     -1441.708782118     -1.02e-01      1.27e-01        0.32
   7     -1441.697339615      1.14e-02      2.28e-01        0.33
   8     -1441.713064068     -1.57e-02      3.19e-02        0.33
   9     -1441.712978188      8.59e-05      1.01e-01        0.33
  10     -1441.715837127     -2.86e-03      1.11e-02        0.32
  11     -1441.716065308     -2.28e-04      4.82e-03        0.32
  12     -1441.716182505     -1.17e-04      4.37e-03        0.32
  13     -1441.716250535     -6.80e-05      2.28e-03        0.33
  14     -1441.716300100     -4.96e-05      2.10e-03        0.32
  15     -1441.716336321     -3.62e-05      1.88e-03        0.33
  16     -1441.716347399     -1.11e-05      5.47e-04        0.32
  17     -1441.716347959     -5.60e-07      1.29e-04        0.33
  18     -1441.716348231     -2.72e-07      1.15e-04        0.33
  19     -1441.716348341     -1.09e-07      1.62e-05        0.33
  20     -1441.716348271      6.94e-08      1.38e-05        0.32
  21     -1441.716348225      4.63e-08      4.30e-06        0.33

 SCF converged in 21 iterations.

 Dipole moment (in Debye):               0.000001       0.000001       6.204231

 Quadrupole moment (in Debye-Angstrom):
                  1            2            3
 1       -29.405904    -1.114424    -0.000001
 2        -1.114424   -29.406251    -0.000001
 3        -0.000001    -0.000001   -25.359055

 Spin-squared expectation <S^2>:         6.143
 Total spin quantum number S:            2.028
 TOTAL ENERGY:                       -1441.716348227

 --------------------------------------------------------------------------------

 End time:                               Tue Oct 26 07:59:38 2021
 Total wall-clock time:                 14.579 seconds
==================================================================================
