
================================================================================
          _____________ ________ _______________ ________     _________         
         / ___________// ______ \\_____   _____// ______ \   / ________)        
        / /_________  / /      \ \     | |     / /      \ \ | (_______          
       |  __________|| |        | |    | |    | |        | | \________ \        
        \ \_________ | |        | |    | |     \ \______/ /___________) |       
         \__________||_|        |_|    |_|      \________//____________/        
                                                                                
====================================[ Qcore ]===================================

 Git describe: 2.3.0-1-g21d9df7e5
 Compiler:     GNU 9.1.0
 Build type:   Release
 Version:      2.3.0-1-g21d9df7e5

 Start time:   Tue Oct 26 07:58:35 2021

 Data directory: /work/zw18965/.local/qcore/share/entos/qcore/data
 Number of threads: 24
 Number of threads was determined by: command line argument

 --------------------------------------------------------------------------------
                                   command: dft                                  
 --------------------------------------------------------------------------------
 AO basis set:                           def2-tzvppd
 Number of AO basis functions:          67

 Formula:                                Zn
 Nuclear charge:                        30.000000000
 Total charge:                           0.000000000
 Number of electrons:                   30.000000000

 Number of alpha electrons:             15
 Number of beta electrons:              15
 Number of unpaired electrons:           0
 Spin:                                   0
 Multiplicity:                           singlet

 Theory:                                 dft
 Exchange-correlation functional:        0.49 b88 + 0.4 lyp
 Method for Coulomb:                     incore_df
 Method for exact exchange:              pre_transformed_df
 Integral threshold:                     1.00e-12
 DF basis set:                           def2-universal-jkfit
 Number of DF basis functions:         264
 Schwarz screening threshold:            1.00e-10
 Coulomb fitting method:                 Cholesky

 ------------------
  UW12 Correlation 
 ------------------
 Factor for UW12 correlation:            1.000000000
 Opposite spin scale factor:             0.520000000
 Same spin scale factor:                 0.000000000
 Calculate indirect contribution:        false
 Method for three electron term:         df_ri
 Auxiliary RI basis set:                 Def2-TZVPPD-RI
 Number of RI basis functions:         228
 Gaussians in geminal expansion:        10
 UW12 screening threshold:               1.00e-12
 Method for density-fitting:             w(r)
 Number of core spatial orbitals:        9

 Total number of grid points:         7936
 Method for AO orthogonalization:        symmetric
 Threshold for linear dependence:        1.00e-08
 D3BJ dispersion energy:                 0.000000000

 -------------------------------------
  Running restricted closed-shell SCF 
 -------------------------------------
 Max number of iterations:             128
 Conv. threshold (gradient):             1.00e-05
 Conv. threshold (energy):               1.00e-06
 Interpolation scheme:                   adiis+cdiis
 Initial guess:                          SAD

 ---------------------------------------------------------------
                  energy        change          grad        time
 ---------------------------------------------------------------
   0     -1778.641691539                    1.11e-01        1.15
   1     -1778.841387664     -2.00e-01      1.43e-01        0.04
   2     -1778.840805920      5.82e-04      1.37e-01        0.04
   3     -1778.842429011     -1.62e-03      5.63e-02        0.04
   4     -1778.843155421     -7.26e-04      4.18e-02        0.04
   5     -1778.843200480     -4.51e-05      5.74e-04        0.05
   6     -1778.843199127      1.35e-06      4.59e-05        0.04
   7     -1778.843198940      1.87e-07      7.74e-06        0.04

 SCF converged in 7 iterations.

 Dipole moment (in Debye):              -0.000001      -0.000001       0.000001

 Quadrupole moment (in Debye-Angstrom):
                  1            2            3
 1       -14.803585    -0.000000    -0.000000
 2        -0.000000   -14.803585    -0.000000
 3        -0.000000    -0.000000   -14.803584

 Spin-squared expectation <S^2>:         0.000
 Total spin quantum number S:            0.000
 TOTAL ENERGY:                       -1778.843198916

 --------------------------------------------------------------------------------

 End time:                               Tue Oct 26 07:58:39 2021
 Total wall-clock time:                  3.813 seconds
==================================================================================
