
================================================================================
          _____________ ________ _______________ ________     _________         
         / ___________// ______ \\_____   _____// ______ \   / ________)        
        / /_________  / /      \ \     | |     / /      \ \ | (_______          
       |  __________|| |        | |    | |    | |        | | \________ \        
        \ \_________ | |        | |    | |     \ \______/ /___________) |       
         \__________||_|        |_|    |_|      \________//____________/        
                                                                                
====================================[ Qcore ]===================================

 Git describe: 2.3.0-3-g778a55bfd
 Compiler:     GNU 9.3.0
 Build type:   Release
 Version:      2.3.0-3-g778a55bfd

 Start time:   Sun Nov  7 03:15:05 2021

 Data directory: /mnt/storage/scratch/zw18965/.local/qcore/share/entos/qcore/data
 Number of threads: 28
 Number of threads was determined by: command line argument

 --------------------------------------------------------------------------------
                                   command: dft                                  
 --------------------------------------------------------------------------------
 AO basis set:                           def2-tzvppd
 Number of AO basis functions:          67

 Formula:                                Co
 Nuclear charge:                        27.000000000
 Total charge:                           0.000000000
 Number of electrons:                   27.000000000

 Number of alpha electrons:             15
 Number of beta electrons:              12
 Number of unpaired electrons:           3
 Spin:                                   3
 Multiplicity:                           quartet

 Theory:                                 dft
 Exchange-correlation functional:        0.49 b88 + 0.4 lyp
 Method for Coulomb:                     incore_df
 Method for exact exchange:              pre_transformed_df
 Integral threshold:                     1.00e-12
 DF basis set:                           def2-universal-jkfit
 Number of DF basis functions:         264
 Schwarz screening threshold:            1.00e-10
 Coulomb fitting method:                 Cholesky

 ------------------
  UW12 Correlation 
 ------------------
 Factor for UW12 correlation:            1.000000000
 Opposite spin scale factor:             0.520000000
 Same spin scale factor:                 0.000000000
 Calculate indirect contribution:        false
 Method for three electron term:         df_ri
 Auxiliary RI basis set:                 Def2-TZVPPD-RI
 Number of RI basis functions:         225
 Gaussians in geminal expansion:        10
 UW12 screening threshold:               1.00e-16
 Method for density-fitting:             w(r)
 Number of core spatial orbitals:        9

 Total number of grid points:         7936
 Method for AO orthogonalization:        symmetric
 Threshold for linear dependence:        1.00e-08
 D3BJ dispersion energy:                 0.000000000

 -------------------------------------
  Running unrestricted open-shell SCF 
 -------------------------------------
 Max number of iterations:             128
 Conv. threshold (gradient):             1.00e-05
 Conv. threshold (energy):               1.00e-06
 Interpolation scheme:                   adiis+cdiis
 Initial guess:                          SAD

 ---------------------------------------------------------------
                  energy        change          grad        time
 ---------------------------------------------------------------
   0     -1381.886444271                    9.96e-03        1.72
   1     -1382.055408857     -1.69e-01      2.75e-01        0.09
   2     -1382.068171177     -1.28e-02      7.15e-02        0.08
   3     -1382.063722619      4.45e-03      1.34e-01        0.08
   4     -1382.069810542     -6.09e-03      8.94e-03        0.09
   5     -1382.070134623     -3.24e-04      9.58e-03        0.09
   6     -1382.069995828      1.39e-04      8.24e-03        0.10
   7     -1382.069532112      4.64e-04      2.02e-03        0.09
   8     -1382.069536848     -4.74e-06      2.28e-03        0.08
   9     -1382.069542440     -5.59e-06      2.41e-03        0.09
  10     -1382.069522290      2.02e-05      1.21e-03        0.08
  11     -1382.069511554      1.07e-05      2.28e-04        0.08
  12     -1382.069509993      1.56e-06      1.04e-04        0.08
  13     -1382.069510574     -5.80e-07      1.53e-05        0.08
  14     -1382.069510489      8.41e-08      5.62e-06        0.08

 SCF converged in 14 iterations.

 Dipole moment (in Debye):               0.000000       0.000000       0.000000

 Quadrupole moment (in Debye-Angstrom):
                  1            2            3
 1       -14.969863    -0.511101    -0.511347
 2        -0.511101   -14.969863    -0.511332
 3        -0.511347    -0.511332   -14.970253

 Spin-squared expectation <S^2>:         3.753
 Total spin quantum number S:            1.501
 TOTAL ENERGY:                       -1382.069510490

 --------------------------------------------------------------------------------

 End time:                               Sun Nov  7 03:15:11 2021
 Total wall-clock time:                  6.684 seconds
==================================================================================
