
================================================================================
          _____________ ________ _______________ ________     _________         
         / ___________// ______ \\_____   _____// ______ \   / ________)        
        / /_________  / /      \ \     | |     / /      \ \ | (_______          
       |  __________|| |        | |    | |    | |        | | \________ \        
        \ \_________ | |        | |    | |     \ \______/ /___________) |       
         \__________||_|        |_|    |_|      \________//____________/        
                                                                                
====================================[ Qcore ]===================================

 Git describe: 2.3.0-3-g778a55bfd
 Compiler:     GNU 9.3.0
 Build type:   Release
 Version:      2.3.0-3-g778a55bfd

 Start time:   Fri Nov  5 11:35:19 2021

 Data directory: /mnt/storage/scratch/zw18965/.local/qcore/share/entos/qcore/data
 Number of threads: 12
 Number of threads was determined by: command line argument
  - More threads can be used by running 'qcore -n 28'

 --------------------------------------------------------------------------------
                                command: structure                               
 --------------------------------------------------------------------------------
 Molecular formula:                      Fe
 Molecular mass:                        55.845000000 amu
 Number of atoms:                        1
 Nuclear energy:                         0.000000000 au
 Saving results in set 'mol'

 --------------------------------------------------------------------------------
                                   command: dft                                  
 --------------------------------------------------------------------------------
 AO basis set:                           def2-tzvppd
 Number of AO basis functions:          67

 Formula:                                Fe
 Nuclear charge:                        26.000000000
 Total charge:                           0.000000000
 Number of electrons:                   26.000000000

 Number of alpha electrons:             15
 Number of beta electrons:              11
 Number of unpaired electrons:           4
 Spin:                                   4
 Multiplicity:                           quintet

 Theory:                                 dft
 Exchange-correlation functional:        b3lyp
 Method for Coulomb:                     incore_df
 Method for exact exchange:              pre_transformed_df
 Integral threshold:                     1.00e-12
 DF basis set:                           def2-universal-jkfit
 Number of DF basis functions:         264
 Schwarz screening threshold:            1.00e-10
 Coulomb fitting method:                 Cholesky
 Total number of grid points:         7936
 Method for AO orthogonalization:        symmetric
 Threshold for linear dependence:        1.00e-08

 -------------------------------------
  Running unrestricted open-shell SCF 
 -------------------------------------
 Max number of iterations:             128
 Conv. threshold (gradient):             1.00e-05
 Conv. threshold (energy):               1.00e-06
 Interpolation scheme:                   adiis+cdiis
 Initial guess:                          SAD

 ---------------------------------------------------------------
                  energy        change          grad        time
 ---------------------------------------------------------------
   0     -1263.252849988                    2.57e-02        0.01
   1     -1263.496812981     -2.44e-01      4.52e-01        0.01
   2     -1261.701881816      1.79e+00      1.60e+00        0.01
   3     -1263.307030136     -1.61e+00      8.70e-01        0.01
   4     -1263.535380172     -2.28e-01      3.78e-01        0.01
   5     -1263.575179752     -3.98e-02      1.93e-01        0.01
   6     -1263.587423849     -1.22e-02      1.33e-01        0.01
   7     -1263.590977939     -3.55e-03      8.46e-02        0.01
   8     -1263.594311067     -3.33e-03      3.91e-02        0.01
   9     -1263.595131999     -8.21e-04      2.55e-02        0.01
  10     -1263.595985469     -8.53e-04      1.26e-02        0.01
  11     -1263.596525407     -5.40e-04      4.01e-03        0.01
  12     -1263.596639545     -1.14e-04      4.19e-03        0.01
  13     -1263.596902523     -2.63e-04      2.85e-03        0.01
  14     -1263.596967375     -6.49e-05      2.88e-03        0.01
  15     -1263.597024935     -5.76e-05      4.47e-03        0.01
  16     -1263.596968643      5.63e-05      7.04e-03        0.01
  17     -1263.596961134      7.51e-06      6.72e-03        0.01
  18     -1263.596802534      1.59e-04      2.96e-03        0.01
  19     -1263.596420676      3.82e-04      1.91e-02        0.01
  20     -1263.596576652     -1.56e-04      1.17e-02        0.01
  21     -1263.596701074     -1.24e-04      5.54e-03        0.01
  22     -1263.596826666     -1.26e-04      3.21e-03        0.01
  23     -1263.596779354      4.73e-05      5.10e-03        0.01
  24     -1263.596790340     -1.10e-05      4.19e-03        0.01
  25     -1263.596797433     -7.09e-06      4.06e-03        0.01
  26     -1263.596715880      8.16e-05      6.27e-03        0.01
  27     -1263.596665592      5.03e-05      7.02e-03        0.01
  28     -1263.596652865      1.27e-05      5.22e-03        0.01
  29     -1263.596641763      1.11e-05      6.07e-03        0.01
  30     -1263.596593716      4.80e-05      3.88e-03        0.01
  31     -1263.596567489      2.62e-05      2.41e-03        0.01
  32     -1263.596536050      3.14e-05      3.81e-03        0.01
  33     -1263.596540956     -4.91e-06      4.01e-03        0.01
  34     -1263.596529927      1.10e-05      2.25e-03        0.01
  35     -1263.596512809      1.71e-05      1.87e-03        0.01
  36     -1263.596515480     -2.67e-06      3.00e-03        0.01
  37     -1263.596512968      2.51e-06      2.75e-03        0.01
  38     -1263.596509173      3.79e-06      3.42e-03        0.01
  39     -1263.596506161      3.01e-06      2.85e-03        0.01
  40     -1263.596504411      1.75e-06      2.30e-03        0.01
  41     -1263.596509821     -5.41e-06      7.61e-04        0.01
  42     -1263.596501758      8.06e-06      4.80e-04        0.01
  43     -1263.596501224      5.34e-07      3.51e-04        0.01
  44     -1263.596500246      9.77e-07      2.21e-04        0.01
  45     -1263.596500420     -1.74e-07      1.87e-04        0.01
  46     -1263.596500353      6.74e-08      2.12e-04        0.01
  47     -1263.596500234      1.18e-07      2.15e-04        0.01
  48     -1263.596500221      1.36e-08      2.35e-04        0.01
  49     -1263.596500278     -5.73e-08      2.61e-04        0.01
  50     -1263.596499962      3.16e-07      2.51e-04        0.01
  51     -1263.596499803      1.59e-07      5.99e-05        0.01
  52     -1263.596499806     -2.98e-09      5.31e-05        0.01
  53     -1263.596499831     -2.49e-08      4.93e-05        0.01
  54     -1263.596499888     -5.74e-08      4.29e-05        0.01
  55     -1263.596499895     -7.16e-09      4.08e-05        0.01
  56     -1263.596499893      2.32e-09      3.91e-05        0.01
  57     -1263.596499891      2.19e-09      3.64e-05        0.01
  58     -1263.596499903     -1.22e-08      3.46e-05        0.01
  59     -1263.596499920     -1.65e-08      3.51e-05        0.01
  60     -1263.596499927     -7.94e-09      3.44e-05        0.01
  61     -1263.596499930     -2.32e-09      3.27e-05        0.01
  62     -1263.596499938     -8.53e-09      3.06e-05        0.01
  63     -1263.596499941     -2.29e-09      3.03e-05        0.01
  64     -1263.596499944     -3.67e-09      3.00e-05        0.01
  65     -1263.596499948     -3.85e-09      3.01e-05        0.01
  66     -1263.596499965     -1.66e-08      2.99e-05        0.01
  67     -1263.596499971     -5.97e-09      2.99e-05        0.01
  68     -1263.596500007     -3.60e-08      2.94e-05        0.01
  69     -1263.596500096     -8.95e-08      2.93e-05        0.01
  70     -1263.596500140     -4.39e-08      2.77e-05        0.01
  71     -1263.596500395     -2.55e-07      5.68e-05        0.01
  72     -1263.596500468     -7.34e-08      1.05e-04        0.01
  73     -1263.596500576     -1.07e-07      1.58e-04        0.01
  74     -1263.596500569      6.62e-09      1.19e-04        0.01
  75     -1263.596500541      2.75e-08      1.04e-04        0.01
  76     -1263.596500527      1.47e-08      7.25e-05        0.01
  77     -1263.596500600     -7.38e-08      5.79e-05        0.01
  78     -1263.596500728     -1.28e-07      7.96e-05        0.01
  79     -1263.596500734     -5.14e-09      1.72e-05        0.01
  80     -1263.596500780     -4.64e-08      2.66e-05        0.01
  81     -1263.596500793     -1.32e-08      1.03e-04        0.01
  82     -1263.596500791      2.13e-09      9.70e-06        0.01

 SCF converged in 82 iterations.

 Dipole moment (in Debye):               0.000001       0.000003      -0.000001

 Quadrupole moment (in Debye-Angstrom):
                  1            2            3
 1       -17.681775     0.003563     0.504245
 2         0.003563   -17.891639     0.095318
 3         0.504245     0.095318   -16.695135

 Spin-squared expectation <S^2>:         6.010
 Total spin quantum number S:            2.002
 TOTAL ENERGY:                       -1263.596500794
 Saving results in set 'guess'

 --------------------------------------------------------------------------------
                                   command: dft                                  
 --------------------------------------------------------------------------------
 AO basis set:                           def2-tzvppd
 Number of AO basis functions:          67

 Formula:                                Fe
 Nuclear charge:                        26.000000000
 Total charge:                           0.000000000
 Number of electrons:                   26.000000000

 Number of alpha electrons:             15
 Number of beta electrons:              11
 Number of unpaired electrons:           4
 Spin:                                   4
 Multiplicity:                           quintet

 Theory:                                 dft
 Exchange-correlation functional:        0.49 b88 + 0.4 lyp
 Method for Coulomb:                     incore_df
 Method for exact exchange:              pre_transformed_df
 Integral threshold:                     1.00e-12
 DF basis set:                           def2-universal-jkfit
 Number of DF basis functions:         264
 Schwarz screening threshold:            1.00e-10
 Coulomb fitting method:                 Cholesky

 ------------------
  UW12 Correlation 
 ------------------
 Factor for UW12 correlation:            1.000000000
 Opposite spin scale factor:             0.520000000
 Same spin scale factor:                 0.000000000
 Calculate indirect contribution:        false
 Method for three electron term:         df_ri
 Auxiliary RI basis set:                 Def2-TZVPPD-RI
 Number of RI basis functions:         225
 Gaussians in geminal expansion:        10
 UW12 screening threshold:               1.00e-12
 Method for density-fitting:             w(r)
 Number of core spatial orbitals:        9

 Total number of grid points:         7936
 Method for AO orthogonalization:        symmetric
 Threshold for linear dependence:        1.00e-08
 D3BJ dispersion energy:                 0.000000000

 -------------------------------------
  Running unrestricted open-shell SCF 
 -------------------------------------
 Max number of iterations:             128
 Conv. threshold (gradient):             1.00e-05
 Conv. threshold (energy):               1.00e-06
 Interpolation scheme:                   adiis+cdiis
 Initializing maximum overlap method (MOM)

 ---------------------------------------------------------------
                  energy        change          grad        time
 ---------------------------------------------------------------
   0     -1263.032762058                    9.50e-02        2.12
   1     -1263.033195438     -4.33e-04      2.79e-02        0.11
   2     -1263.033365400     -1.70e-04      3.86e-02        0.11
   3     -1263.033606695     -2.41e-04      1.69e-03        0.11
   4     -1263.033601328      5.37e-06      1.58e-03        0.11
   5     -1263.033605782     -4.45e-06      1.48e-03        0.11
   6     -1263.033609625     -3.84e-06      1.45e-03        0.11
   7     -1263.033630081     -2.05e-05      1.51e-03        0.11
   8     -1263.033630859     -7.79e-07      1.38e-03        0.11
   9     -1263.033627306      3.55e-06      1.38e-03        0.11
  10     -1263.033629752     -2.45e-06      1.41e-03        0.11
  11     -1263.033625087      4.67e-06      1.70e-03        0.11
  12     -1263.033606886      1.82e-05      2.80e-03        0.11
  13     -1263.033607638     -7.52e-07      3.27e-03        0.11
  14     -1263.033610731     -3.09e-06      3.34e-03        0.11
  15     -1263.033616494     -5.76e-06      3.81e-03        0.11
  16     -1263.033614538      1.96e-06      4.22e-03        0.11
  17     -1263.033618100     -3.56e-06      3.77e-03        0.11
  18     -1263.033619823     -1.72e-06      3.41e-03        0.10
  19     -1263.033618486      1.34e-06      4.07e-03        0.10
  20     -1263.033617356      1.13e-06      4.16e-03        0.11
  21     -1263.033616513      8.43e-07      9.23e-04        0.10
  22     -1263.033615643      8.70e-07      8.99e-04        0.10
  23     -1263.033615415      2.28e-07      9.19e-04        0.10
  24     -1263.033615827     -4.11e-07      8.96e-04        0.11
  25     -1263.033615702      1.24e-07      9.10e-04        0.11
  26     -1263.033611459      4.24e-06      1.55e-03        0.11
  27     -1263.033612921     -1.46e-06      1.35e-03        0.10
  28     -1263.033617882     -4.96e-06      1.50e-03        0.11
  29     -1263.033625346     -7.46e-06      7.00e-04        0.10
  30     -1263.033619224      6.12e-06      1.21e-03        0.11
  31     -1263.033612193      7.03e-06      6.52e-03        0.11
  32     -1263.033625869     -1.37e-05      1.71e-03        0.11
  33     -1263.033540128      8.57e-05      1.62e-02        0.11
  34     -1263.033629756     -8.96e-05      6.51e-04        0.10
  35     -1263.033630896     -1.14e-06      1.07e-03        0.11
  36     -1263.033628977      1.92e-06      1.53e-03        0.10
  37     -1263.033629355     -3.79e-07      1.57e-03        0.10
  38     -1263.033626907      2.45e-06      2.07e-03        0.10
  39     -1263.033626220      6.87e-07      1.59e-03        0.10
  40     -1263.033626789     -5.69e-07      9.47e-04        0.11
  41     -1263.033628259     -1.47e-06      1.14e-03        0.10
  42     -1263.033619564      8.69e-06      1.74e-03        0.11
  43     -1263.033622802     -3.24e-06      5.62e-04        0.10
  44     -1263.033600456      2.23e-05      7.06e-03        0.10
  45     -1263.033614814     -1.44e-05      2.45e-03        0.11
  46     -1263.033558572      5.62e-05      1.16e-02        0.11
  47     -1263.033616843     -5.83e-05      2.19e-03        0.11
  48     -1263.033605028      1.18e-05      5.29e-03        0.10
  49     -1263.033603536      1.49e-06      5.90e-03        0.10
  50     -1263.033623993     -2.05e-05      7.49e-04        0.10
  51     -1263.033619907      4.09e-06      3.28e-03        0.11
  52     -1263.033616834      3.07e-06      4.66e-03        0.11
  53     -1263.033622653     -5.82e-06      3.09e-04        0.11
  54     -1263.033618608      4.04e-06      1.48e-03        0.11
  55     -1263.033620873     -2.26e-06      4.76e-04        0.11
  56     -1263.033620032      8.41e-07      8.69e-04        0.10
  57     -1263.033620511     -4.79e-07      6.58e-04        0.10
  58     -1263.033621414     -9.03e-07      1.13e-04        0.10
  59     -1263.033621232      1.82e-07      2.27e-04        0.11
  60     -1263.033621140      9.26e-08      2.11e-04        0.11
  61     -1263.033622397     -1.26e-06      6.31e-04        0.11
  62     -1263.033622469     -7.19e-08      6.98e-04        0.10
  63     -1263.033621249      1.22e-06      2.00e-04        0.10
  64     -1263.033622024     -7.75e-07      3.51e-04        0.10
  65     -1263.033621566      4.58e-07      5.24e-05        0.11
  66     -1263.033621532      3.39e-08      3.83e-05        0.11
  67     -1263.033621603     -7.11e-08      6.09e-05        0.11
  68     -1263.033621529      7.48e-08      3.40e-05        0.10
  69     -1263.033621529     -4.55e-10      2.38e-05        0.10
  70     -1263.033621537     -8.12e-09      2.78e-05        0.10
  71     -1263.033621507      2.98e-08      2.24e-05        0.10
  72     -1263.033621533     -2.58e-08      2.07e-05        0.10
  73     -1263.033621532      6.83e-10      2.06e-05        0.10
  74     -1263.033621526      6.66e-09      2.18e-05        0.10
  75     -1263.033621549     -2.32e-08      2.63e-05        0.10
  76     -1263.033621538      1.06e-08      2.16e-05        0.10
  77     -1263.033621535      3.61e-09      2.03e-05        0.10
  78     -1263.033621527      7.38e-09      2.14e-05        0.10
  79     -1263.033621531     -4.04e-09      2.11e-05        0.10
  80     -1263.033621536     -4.45e-09      2.06e-05        0.10
  81     -1263.033621573     -3.75e-08      1.71e-05        0.10
  82     -1263.033621565      8.82e-09      1.43e-05        0.10
  83     -1263.033621579     -1.42e-08      1.88e-05        0.10
  84     -1263.033621573      5.28e-09      1.06e-05        0.10
  85     -1263.033621572      1.88e-09      9.27e-06        0.10

 SCF converged in 85 iterations.

 Dipole moment (in Debye):              -0.000001       0.000003      -0.000003

 Quadrupole moment (in Debye-Angstrom):
                  1            2            3
 1       -17.566031     0.219126     0.068653
 2         0.219126   -17.564620    -0.074492
 3         0.068653    -0.074492   -17.382535

 Spin-squared expectation <S^2>:         6.005
 Total spin quantum number S:            2.001
 TOTAL ENERGY:                       -1263.033621562

 --------------------------------------------------------------------------------

 End time:                               Fri Nov  5 11:35:32 2021
 Total wall-clock time:                 12.840 seconds
==================================================================================
