
================================================================================
          _____________ ________ _______________ ________     _________         
         / ___________// ______ \\_____   _____// ______ \   / ________)        
        / /_________  / /      \ \     | |     / /      \ \ | (_______          
       |  __________|| |        | |    | |    | |        | | \________ \        
        \ \_________ | |        | |    | |     \ \______/ /___________) |       
         \__________||_|        |_|    |_|      \________//____________/        
                                                                                
====================================[ Qcore ]===================================

 Git describe: 2.3.0-1-g21d9df7e5
 Compiler:     GNU 9.1.0
 Build type:   Release
 Version:      2.3.0-1-g21d9df7e5

 Start time:   Tue Oct 26 07:59:41 2021

 Data directory: /work/zw18965/.local/qcore/share/entos/qcore/data
 Number of threads: 24
 Number of threads was determined by: command line argument

 --------------------------------------------------------------------------------
                                   command: dft                                  
 --------------------------------------------------------------------------------
 AO basis set:                           def2-tzvppd
 Number of AO basis functions:         124

 Formula:                                MnBr
 Nuclear charge:                        60.000000000
 Total charge:                           0.000000000
 Number of electrons:                   60.000000000

 Number of alpha electrons:             33
 Number of beta electrons:              27
 Number of unpaired electrons:           6
 Spin:                                   6
 Multiplicity:                           octet

 Theory:                                 dft
 Exchange-correlation functional:        0.49 b88 + 0.4 lyp
 Method for Coulomb:                     incore_df
 Method for exact exchange:              pre_transformed_df
 Integral threshold:                     1.00e-12
 DF basis set:                           def2-universal-jkfit
 Number of DF basis functions:         530
 Schwarz screening threshold:            1.00e-10
 Coulomb fitting method:                 Cholesky

 ------------------
  UW12 Correlation 
 ------------------
 Factor for UW12 correlation:            1.000000000
 Opposite spin scale factor:             0.520000000
 Same spin scale factor:                 0.000000000
 Calculate indirect contribution:        false
 Method for three electron term:         df_ri
 Auxiliary RI basis set:                 Def2-TZVPPD-RI
 Number of RI basis functions:         400
 Gaussians in geminal expansion:        10
 UW12 screening threshold:               1.00e-12
 Method for density-fitting:             w(r)
 Number of core spatial orbitals:       18

 Total number of grid points:        16100
 Method for AO orthogonalization:        symmetric
 Threshold for linear dependence:        1.00e-08
 D3BJ dispersion energy:                -0.006067963

 -------------------------------------
  Running unrestricted open-shell SCF 
 -------------------------------------
 Max number of iterations:             128
 Conv. threshold (gradient):             1.00e-05
 Conv. threshold (energy):               1.00e-06
 Interpolation scheme:                   adiis+cdiis
 Initial guess:                          SAD

 ---------------------------------------------------------------
                  energy        change          grad        time
 ---------------------------------------------------------------
   0     -3723.642087698                    2.21e+00        6.24
   1     -3723.935434580     -2.93e-01      2.23e-01        0.80
   2     -3723.929416884      6.02e-03      2.46e-01        0.77
   3     -3723.969846519     -4.04e-02      7.88e-02        0.77
   4     -3723.969253792      5.93e-04      7.51e-02        0.77
   5     -3723.972557540     -3.30e-03      4.88e-03        0.76
   6     -3723.972575024     -1.75e-05      1.48e-03        0.76
   7     -3723.972584031     -9.01e-06      5.30e-04        0.75
   8     -3723.972583849      1.82e-07      2.45e-04        0.74
   9     -3723.972583677      1.72e-07      4.31e-05        0.76
  10     -3723.972583626      5.10e-08      7.12e-06        0.76

 SCF converged in 10 iterations.

 Dipole moment (in Debye):               0.000000       0.000000      -3.035991

 Quadrupole moment (in Debye-Angstrom):
                  1            2            3
 1       -34.234700    -0.000000    -0.000000
 2        -0.000000   -34.234700    -0.000000
 3        -0.000000    -0.000000   -36.579816

 Spin-squared expectation <S^2>:        12.003
 Total spin quantum number S:            3.000
 TOTAL ENERGY:                       -3723.972583649

 --------------------------------------------------------------------------------

 End time:                               Tue Oct 26 08:00:02 2021
 Total wall-clock time:                 21.007 seconds
==================================================================================
