
================================================================================
          _____________ ________ _______________ ________     _________         
         / ___________// ______ \\_____   _____// ______ \   / ________)        
        / /_________  / /      \ \     | |     / /      \ \ | (_______          
       |  __________|| |        | |    | |    | |        | | \________ \        
        \ \_________ | |        | |    | |     \ \______/ /___________) |       
         \__________||_|        |_|    |_|      \________//____________/        
                                                                                
====================================[ Qcore ]===================================

 Git describe: 2.3.0-1-g21d9df7e5
 Compiler:     GNU 9.1.0
 Build type:   Release
 Version:      2.3.0-1-g21d9df7e5

 Start time:   Tue Oct 26 07:59:10 2021

 Data directory: /work/zw18965/.local/qcore/share/entos/qcore/data
 Number of threads: 24
 Number of threads was determined by: command line argument

 --------------------------------------------------------------------------------
                                   command: dft                                  
 --------------------------------------------------------------------------------
 AO basis set:                           def2-tzvppd
 Number of AO basis functions:         107

 Formula:                                OV
 Nuclear charge:                        31.000000000
 Total charge:                           0.000000000
 Number of electrons:                   31.000000000

 Number of alpha electrons:             17
 Number of beta electrons:              14
 Number of unpaired electrons:           3
 Spin:                                   3
 Multiplicity:                           quartet

 Theory:                                 dft
 Exchange-correlation functional:        0.49 b88 + 0.4 lyp
 Method for Coulomb:                     incore_df
 Method for exact exchange:              pre_transformed_df
 Integral threshold:                     1.00e-12
 DF basis set:                           def2-universal-jkfit
 Number of DF basis functions:         341
 Schwarz screening threshold:            1.00e-10
 Coulomb fitting method:                 Cholesky

 ------------------
  UW12 Correlation 
 ------------------
 Factor for UW12 correlation:            1.000000000
 Opposite spin scale factor:             0.520000000
 Same spin scale factor:                 0.000000000
 Calculate indirect contribution:        false
 Method for three electron term:         df_ri
 Auxiliary RI basis set:                 Def2-TZVPPD-RI
 Number of RI basis functions:         317
 Gaussians in geminal expansion:        10
 UW12 screening threshold:               1.00e-12
 Method for density-fitting:             w(r)
 Number of core spatial orbitals:       10

 Total number of grid points:        14796
 Method for AO orthogonalization:        symmetric
 Threshold for linear dependence:        1.00e-08
 D3BJ dispersion energy:                -0.002475127

 -------------------------------------
  Running unrestricted open-shell SCF 
 -------------------------------------
 Max number of iterations:             128
 Conv. threshold (gradient):             1.00e-05
 Conv. threshold (energy):               1.00e-06
 Interpolation scheme:                   adiis+cdiis
 Initial guess:                          SAD

 ---------------------------------------------------------------
                  energy        change          grad        time
 ---------------------------------------------------------------
   0     -1018.320890789                    2.13e+00        2.93
   1     -1017.982035003      3.39e-01      1.25e+00        0.28
   2     -1008.605151752      9.38e+00      4.58e+00        0.26
   3     -1017.354352002     -8.75e+00      1.90e+00        0.26
   4     -1018.550745458     -1.20e+00      1.48e-01        0.23
   5     -1018.520322965      3.04e-02      3.71e-01        0.22
   6     -1018.554163903     -3.38e-02      1.16e-01        0.22
   7     -1018.556053922     -1.89e-03      6.03e-02        0.23
   8     -1018.557075446     -1.02e-03      3.13e-02        0.23
   9     -1018.557332813     -2.57e-04      4.64e-03        0.22
  10     -1018.557337388     -4.57e-06      3.05e-03        0.22
  11     -1018.557340145     -2.76e-06      5.63e-04        0.23
  12     -1018.557339456      6.89e-07      1.09e-04        0.22
  13     -1018.557339447      8.34e-09      4.20e-05        0.23
  14     -1018.557339321      1.27e-07      2.65e-05        0.23
  15     -1018.557339280      4.07e-08      7.87e-06        0.23

 SCF converged in 15 iterations.

 Dipole moment (in Debye):              -0.000001      -0.000001       3.619154

 Quadrupole moment (in Debye-Angstrom):
                  1            2            3
 1       -21.762836     0.000000    -0.000000
 2         0.000000   -21.762836    -0.000000
 3        -0.000000    -0.000000   -23.895685

 Spin-squared expectation <S^2>:         3.761
 Total spin quantum number S:            1.503
 TOTAL ENERGY:                       -1018.557339254

 --------------------------------------------------------------------------------

 End time:                               Tue Oct 26 07:59:21 2021
 Total wall-clock time:                 10.850 seconds
==================================================================================
