
================================================================================
          _____________ ________ _______________ ________     _________         
         / ___________// ______ \\_____   _____// ______ \   / ________)        
        / /_________  / /      \ \     | |     / /      \ \ | (_______          
       |  __________|| |        | |    | |    | |        | | \________ \        
        \ \_________ | |        | |    | |     \ \______/ /___________) |       
         \__________||_|        |_|    |_|      \________//____________/        
                                                                                
====================================[ Qcore ]===================================

 Git describe: 2.3.0-3-g778a55bfd
 Compiler:     GNU 9.3.0
 Build type:   Release
 Version:      2.3.0-3-g778a55bfd

 Start time:   Fri Nov  5 15:58:13 2021

 Data directory: /mnt/storage/scratch/zw18965/.local/qcore/share/entos/qcore/data
 Number of threads: 12
 Number of threads was determined by: command line argument
  - More threads can be used by running 'qcore -n 28'

 --------------------------------------------------------------------------------
                                   command: dft                                  
 --------------------------------------------------------------------------------
 AO basis set:                           def2-tzvppd
 Number of AO basis functions:         124

 Formula:                                TiBr
 Nuclear charge:                        57.000000000
 Total charge:                           0.000000000
 Number of electrons:                   57.000000000

 Number of alpha electrons:             30
 Number of beta electrons:              27
 Number of unpaired electrons:           3
 Spin:                                   3
 Multiplicity:                           quartet

 Theory:                                 dft
 Exchange-correlation functional:        0.49 b88 + 0.4 lyp
 Method for Coulomb:                     incore_df
 Method for exact exchange:              pre_transformed_df
 Integral threshold:                     1.00e-12
 DF basis set:                           def2-universal-jkfit
 Number of DF basis functions:         530
 Schwarz screening threshold:            1.00e-10
 Coulomb fitting method:                 Cholesky

 ------------------
  UW12 Correlation 
 ------------------
 Factor for UW12 correlation:            1.000000000
 Opposite spin scale factor:             0.520000000
 Same spin scale factor:                 0.000000000
 Calculate indirect contribution:        false
 Method for three electron term:         df_ri
 Auxiliary RI basis set:                 Def2-TZVPPD-RI
 Number of RI basis functions:         400
 Gaussians in geminal expansion:        10
 UW12 screening threshold:               1.00e-14
 Method for density-fitting:             w(r)
 Number of core spatial orbitals:       18

 Total number of grid points:        15956
 Method for AO orthogonalization:        symmetric
 Threshold for linear dependence:        1.00e-08
 D3BJ dispersion energy:                -0.007481151

 -------------------------------------
  Running unrestricted open-shell SCF 
 -------------------------------------
 Max number of iterations:             128
 Conv. threshold (gradient):             1.00e-05
 Conv. threshold (energy):               1.00e-06
 Interpolation scheme:                   adiis+cdiis
 Initial guess:                          SAD

 ---------------------------------------------------------------
                  energy        change          grad        time
 ---------------------------------------------------------------
   0     -3422.277368153                    2.56e+00       18.38
   1     -3422.333155967     -5.58e-02      1.89e-01        1.11
   2     -3422.349240294     -1.61e-02      1.00e-01        1.07
   3     -3422.353072076     -3.83e-03      8.43e-02        1.06
   4     -3422.357617673     -4.55e-03      3.09e-02        1.06
   5     -3422.357949386     -3.32e-04      7.16e-03        1.06
   6     -3422.357986224     -3.68e-05      3.30e-03        1.06
   7     -3422.358010850     -2.46e-05      2.03e-03        1.10
   8     -3422.358030243     -1.94e-05      1.24e-03        1.08
   9     -3422.358043601     -1.34e-05      6.00e-04        1.07
  10     -3422.358046101     -2.50e-06      1.49e-04        1.07
  11     -3422.358046261     -1.60e-07      3.91e-05        1.06
  12     -3422.358046256      5.08e-09      1.46e-05        1.07
  13     -3422.358046256     -8.87e-11      1.09e-05        1.07
  14     -3422.358046256      1.06e-10      1.17e-05        1.06
  15     -3422.358046255      8.50e-10      9.98e-06        1.06

 SCF converged in 15 iterations.

 Dipole moment (in Debye):               0.000147       0.000147      -5.166543

 Quadrupole moment (in Debye-Angstrom):
                  1            2            3
 1       -36.670362     0.000303    -0.000425
 2         0.000303   -36.670362    -0.000425
 3        -0.000425    -0.000425   -26.686731

 Spin-squared expectation <S^2>:         3.754
 Total spin quantum number S:            1.501
 TOTAL ENERGY:                       -3422.358046257

 --------------------------------------------------------------------------------

 End time:                               Fri Nov  5 15:58:58 2021
 Total wall-clock time:                 45.312 seconds
==================================================================================
