
================================================================================
          _____________ ________ _______________ ________     _________         
         / ___________// ______ \\_____   _____// ______ \   / ________)        
        / /_________  / /      \ \     | |     / /      \ \ | (_______          
       |  __________|| |        | |    | |    | |        | | \________ \        
        \ \_________ | |        | |    | |     \ \______/ /___________) |       
         \__________||_|        |_|    |_|      \________//____________/        
                                                                                
====================================[ Qcore ]===================================

 Git describe: 2.3.0-3-g778a55bfd
 Compiler:     GNU 9.3.0
 Build type:   Release
 Version:      2.3.0-3-g778a55bfd

 Start time:   Sun Nov  7 03:14:05 2021

 Data directory: /mnt/storage/scratch/zw18965/.local/qcore/share/entos/qcore/data
 Number of threads: 28
 Number of threads was determined by: command line argument

 --------------------------------------------------------------------------------
                                   command: dft                                  
 --------------------------------------------------------------------------------
 AO basis set:                           def2-tzvppd
 Number of AO basis functions:         107

 Formula:                                FCo
 Nuclear charge:                        36.000000000
 Total charge:                           0.000000000
 Number of electrons:                   36.000000000

 Number of alpha electrons:             19
 Number of beta electrons:              17
 Number of unpaired electrons:           2
 Spin:                                   2
 Multiplicity:                           triplet

 Theory:                                 dft
 Exchange-correlation functional:        0.49 b88 + 0.4 lyp
 Method for Coulomb:                     incore_df
 Method for exact exchange:              pre_transformed_df
 Integral threshold:                     1.00e-12
 DF basis set:                           def2-universal-jkfit
 Number of DF basis functions:         341
 Schwarz screening threshold:            1.00e-10
 Coulomb fitting method:                 Cholesky

 ------------------
  UW12 Correlation 
 ------------------
 Factor for UW12 correlation:            1.000000000
 Opposite spin scale factor:             0.520000000
 Same spin scale factor:                 0.000000000
 Calculate indirect contribution:        false
 Method for three electron term:         df_ri
 Auxiliary RI basis set:                 Def2-TZVPPD-RI
 Number of RI basis functions:         317
 Gaussians in geminal expansion:        10
 UW12 screening threshold:               1.00e-16
 Method for density-fitting:             w(r)
 Number of core spatial orbitals:       10

 Total number of grid points:        14748
 Method for AO orthogonalization:        symmetric
 Threshold for linear dependence:        1.00e-08
 D3BJ dispersion energy:                -0.001212033

 -------------------------------------
  Running unrestricted open-shell SCF 
 -------------------------------------
 Max number of iterations:             128
 Conv. threshold (gradient):             1.00e-05
 Conv. threshold (energy):               1.00e-06
 Interpolation scheme:                   adiis+cdiis
 Initial guess:                          SAD

 ---------------------------------------------------------------
                  energy        change          grad        time
 ---------------------------------------------------------------
   0     -1481.711325128                    1.24e+00        4.52
   1     -1481.836470919     -1.25e-01      6.23e-01        0.28
   2     -1481.163810309      6.73e-01      1.69e+00        0.28
   3     -1481.909621088     -7.46e-01      4.27e-01        0.27
   4     -1481.943359772     -3.37e-02      2.13e-01        0.25
   5     -1481.949475450     -6.12e-03      1.09e-01        0.25
   6     -1481.952636840     -3.16e-03      8.76e-02        0.26
   7     -1481.952925592     -2.89e-04      5.52e-02        0.26
   8     -1481.954318850     -1.39e-03      5.77e-03        0.25
   9     -1481.954436055     -1.17e-04      5.15e-03        0.25
  10     -1481.954528041     -9.20e-05      2.89e-03        0.25
  11     -1481.954549039     -2.10e-05      1.79e-03        0.25
  12     -1481.954543709      5.33e-06      8.39e-04        0.26
  13     -1481.954537145      6.56e-06      1.19e-04        0.25
  14     -1481.954536561      5.84e-07      3.17e-05        0.25
  15     -1481.954536358      2.03e-07      4.52e-06        0.26

 SCF converged in 15 iterations.

 Dipole moment (in Debye):              -0.000008      -0.000008       5.453556

 Quadrupole moment (in Debye-Angstrom):
                  1            2            3
 1       -18.206560     0.000000    -0.000013
 2         0.000000   -18.206560    -0.000013
 3        -0.000013    -0.000013   -18.641597

 Spin-squared expectation <S^2>:         2.058
 Total spin quantum number S:            1.019
 TOTAL ENERGY:                       -1481.954536290

 --------------------------------------------------------------------------------

 End time:                               Sun Nov  7 03:14:18 2021
 Total wall-clock time:                 12.880 seconds
==================================================================================
