
================================================================================
          _____________ ________ _______________ ________     _________         
         / ___________// ______ \\_____   _____// ______ \   / ________)        
        / /_________  / /      \ \     | |     / /      \ \ | (_______          
       |  __________|| |        | |    | |    | |        | | \________ \        
        \ \_________ | |        | |    | |     \ \______/ /___________) |       
         \__________||_|        |_|    |_|      \________//____________/        
                                                                                
====================================[ Qcore ]===================================

 Git describe: 2.3.0-3-g778a55bfd
 Compiler:     GNU 9.3.0
 Build type:   Release
 Version:      2.3.0-3-g778a55bfd

 Start time:   Sun Nov  7 03:17:41 2021

 Data directory: /mnt/storage/scratch/zw18965/.local/qcore/share/entos/qcore/data
 Number of threads: 28
 Number of threads was determined by: command line argument

 --------------------------------------------------------------------------------
                                   command: dft                                  
 --------------------------------------------------------------------------------
 AO basis set:                           def2-tzvppd
 Number of AO basis functions:         118

 Formula:                                SZn
 Nuclear charge:                        46.000000000
 Total charge:                           0.000000000
 Number of electrons:                   46.000000000

 Number of alpha electrons:             23
 Number of beta electrons:              23
 Number of unpaired electrons:           0
 Spin:                                   0
 Multiplicity:                           singlet

 Theory:                                 dft
 Exchange-correlation functional:        0.49 b88 + 0.4 lyp
 Method for Coulomb:                     incore_df
 Method for exact exchange:              pre_transformed_df
 Integral threshold:                     1.00e-12
 DF basis set:                           def2-universal-jkfit
 Number of DF basis functions:         392
 Schwarz screening threshold:            1.00e-10
 Coulomb fitting method:                 Cholesky

 ------------------
  UW12 Correlation 
 ------------------
 Factor for UW12 correlation:            1.000000000
 Opposite spin scale factor:             0.520000000
 Same spin scale factor:                 0.000000000
 Calculate indirect contribution:        false
 Method for three electron term:         df_ri
 Auxiliary RI basis set:                 Def2-TZVPPD-RI
 Number of RI basis functions:         367
 Gaussians in geminal expansion:        10
 UW12 screening threshold:               1.00e-16
 Method for density-fitting:             w(r)
 Number of core spatial orbitals:       14

 Total number of grid points:        15286
 Method for AO orthogonalization:        symmetric
 Threshold for linear dependence:        1.00e-08
 D3BJ dispersion energy:                -0.005538575

 -------------------------------------
  Running restricted closed-shell SCF 
 -------------------------------------
 Max number of iterations:             128
 Conv. threshold (gradient):             1.00e-05
 Conv. threshold (energy):               1.00e-06
 Interpolation scheme:                   adiis+cdiis
 Initial guess:                          SAD

 ---------------------------------------------------------------
                  energy        change          grad        time
 ---------------------------------------------------------------
   0     -2176.724650613                    4.32e+00        5.37
   1     -2176.563563539      1.61e-01      7.64e-01        0.19
   2     -2175.900312859      6.63e-01      1.77e+00        0.18
   3     -2176.646778127     -7.46e-01      4.69e-01        0.18
   4     -2176.684341542     -3.76e-02      2.29e-01        0.18
   5     -2176.689431741     -5.09e-03      1.62e-01        0.18
   6     -2176.693463322     -4.03e-03      8.96e-02        0.18
   7     -2176.692910811      5.53e-04      8.49e-02        0.18
   8     -2176.693840184     -9.29e-04      5.90e-04        0.18
   9     -2176.693840759     -5.75e-07      3.00e-04        0.19
  10     -2176.693840427      3.32e-07      3.35e-05        0.19
  11     -2176.693840346      8.10e-08      3.42e-06        0.18

 SCF converged in 11 iterations.

 Dipole moment (in Debye):               0.000001       0.000001       5.547159

 Quadrupole moment (in Debye-Angstrom):
                  1            2            3
 1       -28.670911    -0.000000     0.000000
 2        -0.000000   -28.670911     0.000000
 3         0.000000     0.000000   -24.301638

 Spin-squared expectation <S^2>:         0.000
 Total spin quantum number S:            0.000
 TOTAL ENERGY:                       -2176.693840338

 --------------------------------------------------------------------------------

 End time:                               Sun Nov  7 03:17:54 2021
 Total wall-clock time:                 12.880 seconds
==================================================================================
