
================================================================================
          _____________ ________ _______________ ________     _________         
         / ___________// ______ \\_____   _____// ______ \   / ________)        
        / /_________  / /      \ \     | |     / /      \ \ | (_______          
       |  __________|| |        | |    | |    | |        | | \________ \        
        \ \_________ | |        | |    | |     \ \______/ /___________) |       
         \__________||_|        |_|    |_|      \________//____________/        
                                                                                
====================================[ Qcore ]===================================

 Git describe: 2.3.0-3-g778a55bfd
 Compiler:     GNU 9.3.0
 Build type:   Release
 Version:      2.3.0-3-g778a55bfd

 Start time:   Sun Nov  7 03:15:05 2021

 Data directory: /mnt/storage/scratch/zw18965/.local/qcore/share/entos/qcore/data
 Number of threads: 28
 Number of threads was determined by: command line argument

 --------------------------------------------------------------------------------
                                   command: dft                                  
 --------------------------------------------------------------------------------
 AO basis set:                           def2-tzvppd
 Number of AO basis functions:         118

 Formula:                                SFe
 Nuclear charge:                        42.000000000
 Total charge:                           0.000000000
 Number of electrons:                   42.000000000

 Number of alpha electrons:             23
 Number of beta electrons:              19
 Number of unpaired electrons:           4
 Spin:                                   4
 Multiplicity:                           quintet

 Theory:                                 dft
 Exchange-correlation functional:        0.49 b88 + 0.4 lyp
 Method for Coulomb:                     incore_df
 Method for exact exchange:              pre_transformed_df
 Integral threshold:                     1.00e-12
 DF basis set:                           def2-universal-jkfit
 Number of DF basis functions:         392
 Schwarz screening threshold:            1.00e-10
 Coulomb fitting method:                 Cholesky

 ------------------
  UW12 Correlation 
 ------------------
 Factor for UW12 correlation:            1.000000000
 Opposite spin scale factor:             0.520000000
 Same spin scale factor:                 0.000000000
 Calculate indirect contribution:        false
 Method for three electron term:         df_ri
 Auxiliary RI basis set:                 Def2-TZVPPD-RI
 Number of RI basis functions:         364
 Gaussians in geminal expansion:        10
 UW12 screening threshold:               1.00e-16
 Method for density-fitting:             w(r)
 Number of core spatial orbitals:       14

 Total number of grid points:        15286
 Method for AO orthogonalization:        symmetric
 Threshold for linear dependence:        1.00e-08
 D3BJ dispersion energy:                -0.005746103

 -------------------------------------
  Running unrestricted open-shell SCF 
 -------------------------------------
 Max number of iterations:             128
 Conv. threshold (gradient):             1.00e-05
 Conv. threshold (energy):               1.00e-06
 Interpolation scheme:                   adiis+cdiis
 Initial guess:                          SAD

 ---------------------------------------------------------------
                  energy        change          grad        time
 ---------------------------------------------------------------
   0     -1660.886184895                    2.36e+00        5.56
   1     -1660.858328295      2.79e-02      4.94e-01        0.40
   2     -1660.299344003      5.59e-01      1.75e+00        0.40
   3     -1660.926980514     -6.28e-01      4.21e-01        0.39
   4     -1660.941569552     -1.46e-02      2.60e-01        0.37
   5     -1660.952173131     -1.06e-02      2.32e-01        0.38
   6     -1660.964378551     -1.22e-02      5.51e-02        0.37
   7     -1660.965031122     -6.53e-04      4.79e-02        0.37
   8     -1660.966823977     -1.79e-03      5.89e-03        0.37
   9     -1660.966882660     -5.87e-05      3.32e-03        0.36
  10     -1660.966884755     -2.10e-06      6.19e-04        0.36
  11     -1660.966882499      2.26e-06      4.16e-04        0.36
  12     -1660.966882488      1.07e-08      1.50e-04        0.36
  13     -1660.966881988      5.00e-07      2.90e-05        0.36
  14     -1660.966882057     -6.93e-08      1.61e-05        0.36
  15     -1660.966882095     -3.77e-08      5.30e-06        0.36

 SCF converged in 15 iterations.

 Dipole moment (in Debye):              -0.000000      -0.000000       5.925613

 Quadrupole moment (in Debye-Angstrom):
                  1            2            3
 1       -28.468430     0.000015    -0.000001
 2         0.000015   -28.468430    -0.000001
 3        -0.000001    -0.000001   -24.661572

 Spin-squared expectation <S^2>:         6.035
 Total spin quantum number S:            2.007
 TOTAL ENERGY:                       -1660.966882111

 --------------------------------------------------------------------------------

 End time:                               Sun Nov  7 03:15:21 2021
 Total wall-clock time:                 16.156 seconds
==================================================================================
