
================================================================================
          _____________ ________ _______________ ________     _________         
         / ___________// ______ \\_____   _____// ______ \   / ________)        
        / /_________  / /      \ \     | |     / /      \ \ | (_______          
       |  __________|| |        | |    | |    | |        | | \________ \        
        \ \_________ | |        | |    | |     \ \______/ /___________) |       
         \__________||_|        |_|    |_|      \________//____________/        
                                                                                
====================================[ Qcore ]===================================

 Git describe: 2.3.0-1-g21d9df7e5
 Compiler:     GNU 9.1.0
 Build type:   Release
 Version:      2.3.0-1-g21d9df7e5

 Start time:   Tue Oct 26 08:01:02 2021

 Data directory: /work/zw18965/.local/qcore/share/entos/qcore/data
 Number of threads: 24
 Number of threads was determined by: command line argument

 --------------------------------------------------------------------------------
                                   command: dft                                  
 --------------------------------------------------------------------------------
 AO basis set:                           def2-tzvppd
 Number of AO basis functions:         124

 Formula:                                CuBr
 Nuclear charge:                        64.000000000
 Total charge:                           0.000000000
 Number of electrons:                   64.000000000

 Number of alpha electrons:             32
 Number of beta electrons:              32
 Number of unpaired electrons:           0
 Spin:                                   0
 Multiplicity:                           singlet

 Theory:                                 dft
 Exchange-correlation functional:        0.49 b88 + 0.4 lyp
 Method for Coulomb:                     incore_df
 Method for exact exchange:              pre_transformed_df
 Integral threshold:                     1.00e-12
 DF basis set:                           def2-universal-jkfit
 Number of DF basis functions:         530
 Schwarz screening threshold:            1.00e-10
 Coulomb fitting method:                 Cholesky

 ------------------
  UW12 Correlation 
 ------------------
 Factor for UW12 correlation:            1.000000000
 Opposite spin scale factor:             0.520000000
 Same spin scale factor:                 0.000000000
 Calculate indirect contribution:        false
 Method for three electron term:         df_ri
 Auxiliary RI basis set:                 Def2-TZVPPD-RI
 Number of RI basis functions:         400
 Gaussians in geminal expansion:        10
 UW12 screening threshold:               1.00e-12
 Method for density-fitting:             w(r)
 Number of core spatial orbitals:       18

 Total number of grid points:        16100
 Method for AO orthogonalization:        symmetric
 Threshold for linear dependence:        1.00e-08
 D3BJ dispersion energy:                -0.005322465

 -------------------------------------
  Running restricted closed-shell SCF 
 -------------------------------------
 Max number of iterations:             128
 Conv. threshold (gradient):             1.00e-05
 Conv. threshold (energy):               1.00e-06
 Interpolation scheme:                   adiis+cdiis
 Initial guess:                          SAD

 ---------------------------------------------------------------
                  energy        change          grad        time
 ---------------------------------------------------------------
   0     -4213.455098553                    3.72e+00        5.99
   1     -4213.641411349     -1.86e-01      4.06e-01        0.44
   2     -4213.644026222     -2.61e-03      4.73e-01        0.41
   3     -4213.672303044     -2.83e-02      1.30e-01        0.41
   4     -4213.665895067      6.41e-03      2.97e-01        0.40
   5     -4213.673344263     -7.45e-03      5.97e-02        0.41
   6     -4213.673615591     -2.71e-04      6.11e-02        0.40
   7     -4213.673765150     -1.50e-04      2.34e-03        0.40
   8     -4213.673765402     -2.53e-07      6.65e-04        0.41
   9     -4213.673763315      2.09e-06      1.31e-04        0.40
  10     -4213.673763181      1.33e-07      3.19e-05        0.39
  11     -4213.673763182     -4.04e-10      1.13e-05        0.39
  12     -4213.673763126      5.54e-08      2.03e-06        0.39

 SCF converged in 12 iterations.

 Dipole moment (in Debye):              -0.000002      -0.000002      -5.122360

 Quadrupole moment (in Debye-Angstrom):
                  1            2            3
 1       -31.653378     0.000000     0.000003
 2         0.000000   -31.653378     0.000003
 3         0.000003     0.000003   -24.766043

 Spin-squared expectation <S^2>:         0.000
 Total spin quantum number S:            0.000
 TOTAL ENERGY:                       -4213.673763115

 --------------------------------------------------------------------------------

 End time:                               Tue Oct 26 08:01:20 2021
 Total wall-clock time:                 17.718 seconds
==================================================================================
