
================================================================================
          _____________ ________ _______________ ________     _________         
         / ___________// ______ \\_____   _____// ______ \   / ________)        
        / /_________  / /      \ \     | |     / /      \ \ | (_______          
       |  __________|| |        | |    | |    | |        | | \________ \        
        \ \_________ | |        | |    | |     \ \______/ /___________) |       
         \__________||_|        |_|    |_|      \________//____________/        
                                                                                
====================================[ Qcore ]===================================

 Git describe: 2.3.0-1-g21d9df7e5
 Compiler:     GNU 9.1.0
 Build type:   Release
 Version:      2.3.0-1-g21d9df7e5

 Start time:   Tue Oct 26 10:24:52 2021

 Data directory: /work/zw18965/.local/qcore/share/entos/qcore/data
 Number of threads: 24
 Number of threads was determined by: command line argument

 --------------------------------------------------------------------------------
                                   command: dft                                  
 --------------------------------------------------------------------------------
 AO basis set:                           def2-tzvppd
 Number of AO basis functions:         469

 Formula:                                C5HO5Mn
 Nuclear charge:                        96.000000000
 Total charge:                           0.000000000
 Number of electrons:                   96.000000000

 Number of alpha electrons:             48
 Number of beta electrons:              48
 Number of unpaired electrons:           0
 Spin:                                   0
 Multiplicity:                           singlet

 Theory:                                 dft
 Exchange-correlation functional:        wb97x

 Using range separated hybrid functional
 Range separation parameter:             0.300000000
 Short range exact exchange:             0.263800000
 Total long range exact exchange:        1.000000000

 Method for Coulomb:                     incore_df
 Method for exact exchange:              pre_transformed_df
 Integral threshold:                     1.00e-12
 DF basis set:                           def2-universal-jkfit
 Number of DF basis functions:        1042
 Schwarz screening threshold:            1.00e-10
 Coulomb fitting method:                 Cholesky

 ------------------
  UW12 Correlation 
 ------------------
 Factor for UW12 correlation:            1.000000000
 Same spin scale factor:                 0.000000000
 Calculate indirect contribution:        false
 Method for three electron term:         df_ri
 Auxiliary RI basis set:                 Def2-TZVPPD-RI
 Number of RI basis functions:        1184
 Gaussians in geminal expansion:         4
 UW12 screening threshold:               1.00e-12
 Method for density-fitting:             w(r)
 Number of core spatial orbitals:       19

 Total number of grid points:        82546
 Method for AO orthogonalization:        symmetric
 Threshold for linear dependence:        1.00e-08
 D3BJ dispersion energy:                -0.023310777

 -------------------------------------
  Running restricted closed-shell SCF 
 -------------------------------------
 Max number of iterations:             128
 Conv. threshold (gradient):             1.00e-05
 Conv. threshold (energy):               1.00e-06
 Interpolation scheme:                   adiis+cdiis
 Initial guess:                          SAD

 ---------------------------------------------------------------
                  energy        change          grad        time
 ---------------------------------------------------------------
   0     -1732.856066287                    2.79e+01       87.87
   1     -1729.599978914      3.26e+00      1.45e+00       16.02
   2     -1729.275233820      3.25e-01      5.30e+00       14.92
   3     -1729.679517167     -4.04e-01      1.28e+00       14.84
   4     -1729.572357131      1.07e-01      3.17e+00       14.72
   5     -1729.709862449     -1.38e-01      6.23e-01       14.83
   6     -1729.702741755      7.12e-03      9.25e-01       15.19
   7     -1729.715538027     -1.28e-02      6.91e-02       15.68
   8     -1729.715026573      5.11e-04      8.77e-02       15.48
   9     -1729.716061185     -1.03e-03      4.96e-03       15.44
  10     -1729.716064479     -3.29e-06      3.03e-03       15.36
  11     -1729.716065727     -1.25e-06      2.71e-04       15.29
  12     -1729.716065772     -4.51e-08      1.74e-04       15.21
  13     -1729.716065748      2.45e-08      7.64e-05       15.08
  14     -1729.716065734      1.39e-08      2.12e-05       15.10
  15     -1729.716065742     -8.70e-09      6.72e-06       15.29

 SCF converged in 15 iterations.

 Dipole moment (in Debye):               0.000028      -0.000070       0.198194

 Quadrupole moment (in Debye-Angstrom):
                  1            2            3
 1       -70.729862    -0.000059    -0.000181
 2        -0.000059   -70.731120     0.000504
 3        -0.000181     0.000504   -70.959432

 Spin-squared expectation <S^2>:         0.000
 Total spin quantum number S:            0.000
 TOTAL ENERGY:                       -1729.716065722

 --------------------------------------------------------------------------------

 End time:                               Tue Oct 26 10:30:41 2021
 Total wall-clock time:                348.925 seconds
==================================================================================
