
================================================================================
          _____________ ________ _______________ ________     _________         
         / ___________// ______ \\_____   _____// ______ \   / ________)        
        / /_________  / /      \ \     | |     / /      \ \ | (_______          
       |  __________|| |        | |    | |    | |        | | \________ \        
        \ \_________ | |        | |    | |     \ \______/ /___________) |       
         \__________||_|        |_|    |_|      \________//____________/        
                                                                                
====================================[ Qcore ]===================================

 Git describe: 2.3.0-3-g778a55bfd
 Compiler:     GNU 9.3.0
 Build type:   Release
 Version:      2.3.0-3-g778a55bfd

 Start time:   Wed Nov  3 12:17:16 2021

 Data directory: /mnt/storage/scratch/zw18965/.local/qcore/share/entos/qcore/data
 Number of threads: 28
 Number of threads was determined by: command line argument

 --------------------------------------------------------------------------------
                                   command: dft                                  
 --------------------------------------------------------------------------------
 AO basis set:                           def2-tzvppd
 Number of AO basis functions:         500

 Formula:                                C8H12
 Nuclear charge:                        60.000000000
 Total charge:                           0.000000000
 Number of electrons:                   60.000000000

 Number of alpha electrons:             30
 Number of beta electrons:              30
 Number of unpaired electrons:           0
 Spin:                                   0
 Multiplicity:                           singlet

 Theory:                                 dft
 Exchange-correlation functional:        wb97x

 Using range separated hybrid functional
 Range separation parameter:             0.300000000
 Short range exact exchange:             0.263800000
 Total long range exact exchange:        1.000000000

 Method for Coulomb:                     incore_df
 Method for exact exchange:              pre_transformed_df
 Integral threshold:                     1.00e-12
 DF basis set:                           def2-universal-jkfit
 Number of DF basis functions:         816
 Schwarz screening threshold:            1.00e-10
 Coulomb fitting method:                 Cholesky

 ------------------
  UW12 Correlation 
 ------------------
 Factor for UW12 correlation:            1.000000000
 Same spin scale factor:                 0.000000000
 Calculate indirect contribution:        false
 Method for three electron term:         df_ri
 Auxiliary RI basis set:                 Def2-TZVPPD-RI
 Number of RI basis functions:        1204
 Gaussians in geminal expansion:         4
 UW12 screening threshold:               1.00e-12
 Method for density-fitting:             w(r)
 Number of core spatial orbitals:        8

 Total number of grid points:       125080
 Method for AO orthogonalization:        symmetric
 Threshold for linear dependence:        1.00e-08
 D3BJ dispersion energy:                -0.027492779

 -------------------------------------
  Running restricted closed-shell SCF 
 -------------------------------------
 Max number of iterations:             128
 Conv. threshold (gradient):             1.00e-05
 Conv. threshold (energy):               1.00e-06
 Interpolation scheme:                   adiis+cdiis
 Initial guess:                          SAD

 ---------------------------------------------------------------
                  energy        change          grad        time
 ---------------------------------------------------------------
   0      -315.547766413                    1.92e+01       28.41
   1      -311.722804511      3.82e+00      1.81e+00       11.09
   2      -311.826442368     -1.04e-01      1.58e+00       11.10
   3      -312.029057996     -2.03e-01      3.03e-01       11.04
   4      -312.030859157     -1.80e-03      2.85e-01       11.09
   5      -312.036139577     -5.28e-03      3.43e-02       11.07
   6      -312.036151020     -1.14e-05      3.55e-02       11.14
   7      -312.036210025     -5.90e-05      1.40e-03       11.09
   8      -312.036210123     -9.75e-08      5.83e-04       11.05
   9      -312.036210140     -1.68e-08      8.69e-05       11.06
  10      -312.036210129      1.07e-08      3.33e-05       11.23
  11      -312.036210139     -9.40e-09      1.43e-05       11.17
  12      -312.036210127      1.19e-08      3.44e-06       11.13

 SCF converged in 12 iterations.

 Dipole moment (in Debye):               0.000046       0.000003       0.245620

 Quadrupole moment (in Debye-Angstrom):
                  1            2            3
 1       -48.016292    -1.982887     0.000136
 2        -1.982887   -51.849730    -0.000140
 3         0.000136    -0.000140   -51.291019

 Spin-squared expectation <S^2>:         0.000
 Total spin quantum number S:            0.000
 TOTAL ENERGY:                        -312.036210127

 --------------------------------------------------------------------------------

 End time:                               Wed Nov  3 12:20:14 2021
 Total wall-clock time:                177.970 seconds
==================================================================================
