
================================================================================
          _____________ ________ _______________ ________     _________         
         / ___________// ______ \\_____   _____// ______ \   / ________)        
        / /_________  / /      \ \     | |     / /      \ \ | (_______          
       |  __________|| |        | |    | |    | |        | | \________ \        
        \ \_________ | |        | |    | |     \ \______/ /___________) |       
         \__________||_|        |_|    |_|      \________//____________/        
                                                                                
====================================[ Qcore ]===================================

 Git describe: 2.3.0-3-g778a55bfd
 Compiler:     GNU 9.3.0
 Build type:   Release
 Version:      2.3.0-3-g778a55bfd

 Start time:   Wed Nov  3 12:17:16 2021

 Data directory: /mnt/storage/scratch/zw18965/.local/qcore/share/entos/qcore/data
 Number of threads: 28
 Number of threads was determined by: command line argument

 --------------------------------------------------------------------------------
                                   command: dft                                  
 --------------------------------------------------------------------------------
 AO basis set:                           def2-tzvppd
 Number of AO basis functions:         216

 Formula:                                C2H3OCl
 Nuclear charge:                        40.000000000
 Total charge:                           0.000000000
 Number of electrons:                   40.000000000

 Number of alpha electrons:             20
 Number of beta electrons:              20
 Number of unpaired electrons:           0
 Spin:                                   0
 Multiplicity:                           singlet

 Theory:                                 dft
 Exchange-correlation functional:        wb97x

 Using range separated hybrid functional
 Range separation parameter:             0.300000000
 Short range exact exchange:             0.263800000
 Total long range exact exchange:        1.000000000

 Method for Coulomb:                     incore_df
 Method for exact exchange:              pre_transformed_df
 Integral threshold:                     1.00e-12
 DF basis set:                           def2-universal-jkfit
 Number of DF basis functions:         409
 Schwarz screening threshold:            1.00e-10
 Coulomb fitting method:                 Cholesky

 ------------------
  UW12 Correlation 
 ------------------
 Factor for UW12 correlation:            1.000000000
 Same spin scale factor:                 0.000000000
 Calculate indirect contribution:        false
 Method for three electron term:         df_ri
 Auxiliary RI basis set:                 Def2-TZVPPD-RI
 Number of RI basis functions:         532
 Gaussians in geminal expansion:         4
 UW12 screening threshold:               1.00e-12
 Method for density-fitting:             w(r)
 Number of core spatial orbitals:        8

 Total number of grid points:        45708
 Method for AO orthogonalization:        symmetric
 Threshold for linear dependence:        1.00e-08
 D3BJ dispersion energy:                -0.007314415

 -------------------------------------
  Running restricted closed-shell SCF 
 -------------------------------------
 Max number of iterations:             128
 Conv. threshold (gradient):             1.00e-05
 Conv. threshold (energy):               1.00e-06
 Interpolation scheme:                   adiis+cdiis
 Initial guess:                          SAD

 ---------------------------------------------------------------
                  energy        change          grad        time
 ---------------------------------------------------------------
   0      -614.423080821                    1.35e+01        2.47
   1      -613.357214493      1.07e+00      1.78e+00        0.58
   2      -613.295123352      6.21e-02      2.98e+00        0.59
   3      -613.465321366     -1.70e-01      3.31e-01        0.58
   4      -613.466492736     -1.17e-03      2.43e-01        0.57
   5      -613.467860587     -1.37e-03      8.69e-02        0.57
   6      -613.467660458      2.00e-04      1.43e-01        0.58
   7      -613.468110126     -4.50e-04      3.65e-03        0.61
   8      -613.468110888     -7.62e-07      1.10e-03        0.58
   9      -613.468111000     -1.12e-07      3.08e-04        0.58
  10      -613.468111014     -1.40e-08      6.13e-05        0.57
  11      -613.468111013      1.46e-09      1.49e-05        0.57
  12      -613.468111010      3.24e-09      6.43e-06        0.58

 SCF converged in 12 iterations.

 Dipole moment (in Debye):               1.480140      -2.467431       0.000132

 Quadrupole moment (in Debye-Angstrom):
                  1            2            3
 1       -30.117435    -2.926797     0.000304
 2        -2.926797   -32.523760    -0.000349
 3         0.000304    -0.000349   -29.787894

 Spin-squared expectation <S^2>:         0.000
 Total spin quantum number S:            0.000
 TOTAL ENERGY:                        -613.468111015

 --------------------------------------------------------------------------------

 End time:                               Wed Nov  3 12:17:28 2021
 Total wall-clock time:                 11.645 seconds
==================================================================================
