
================================================================================
          _____________ ________ _______________ ________     _________         
         / ___________// ______ \\_____   _____// ______ \   / ________)        
        / /_________  / /      \ \     | |     / /      \ \ | (_______          
       |  __________|| |        | |    | |    | |        | | \________ \        
        \ \_________ | |        | |    | |     \ \______/ /___________) |       
         \__________||_|        |_|    |_|      \________//____________/        
                                                                                
====================================[ Qcore ]===================================

 Git describe: 2.3.0-3-g778a55bfd
 Compiler:     GNU 9.3.0
 Build type:   Release
 Version:      2.3.0-3-g778a55bfd

 Start time:   Wed Nov  3 12:20:16 2021

 Data directory: /mnt/storage/scratch/zw18965/.local/qcore/share/entos/qcore/data
 Number of threads: 28
 Number of threads was determined by: command line argument

 --------------------------------------------------------------------------------
                                   command: dft                                  
 --------------------------------------------------------------------------------
 AO basis set:                           def2-tzvppd
 Number of AO basis functions:         452

 Formula:                                C5O5Cr
 Nuclear charge:                        94.000000000
 Total charge:                           0.000000000
 Number of electrons:                   94.000000000

 Number of alpha electrons:             47
 Number of beta electrons:              47
 Number of unpaired electrons:           0
 Spin:                                   0
 Multiplicity:                           singlet

 Theory:                                 dft
 Exchange-correlation functional:        wb97x

 Using range separated hybrid functional
 Range separation parameter:             0.300000000
 Short range exact exchange:             0.263800000
 Total long range exact exchange:        1.000000000

 Method for Coulomb:                     incore_df
 Method for exact exchange:              pre_transformed_df
 Integral threshold:                     1.00e-12
 DF basis set:                           def2-universal-jkfit
 Number of DF basis functions:        1024
 Schwarz screening threshold:            1.00e-10
 Coulomb fitting method:                 Cholesky

 ------------------
  UW12 Correlation 
 ------------------
 Factor for UW12 correlation:            1.000000000
 Same spin scale factor:                 0.000000000
 Calculate indirect contribution:        false
 Method for three electron term:         df_ri
 Auxiliary RI basis set:                 Def2-TZVPPD-RI
 Number of RI basis functions:        1145
 Gaussians in geminal expansion:         4
 UW12 screening threshold:               1.00e-12
 Method for density-fitting:             w(r)
 Number of core spatial orbitals:       19

 Total number of grid points:        76548
 Method for AO orthogonalization:        symmetric
 Threshold for linear dependence:        1.00e-08
 D3BJ dispersion energy:                -0.026436125

 -------------------------------------
  Running restricted closed-shell SCF 
 -------------------------------------
 Max number of iterations:             128
 Conv. threshold (gradient):             1.00e-05
 Conv. threshold (energy):               1.00e-06
 Interpolation scheme:                   adiis+cdiis
 Initial guess:                          SAD

 ---------------------------------------------------------------
                  energy        change          grad        time
 ---------------------------------------------------------------
   0     -1613.966815584                    2.71e+01      115.93
   1     -1609.088835632      4.88e+00      8.41e+00       14.65
   2     -1578.712072038      3.04e+01      3.04e+01       14.66
   3     -1606.440848161     -2.77e+01      2.22e+01       14.51
   4     -1611.061587726     -4.62e+00      1.95e+00       14.40
   5     -1610.836062558      2.26e-01      3.96e+00       14.48
   6     -1611.212845279     -3.77e-01      5.40e-01       14.62
   7     -1611.196881565      1.60e-02      1.14e+00       14.38
   8     -1611.220767246     -2.39e-02      3.59e-01       14.64
   9     -1611.194102865      2.67e-02      1.44e+00       14.50
  10     -1611.222117852     -2.80e-02      3.06e-01       14.55
  11     -1611.224408305     -2.29e-03      6.21e-02       14.46
  12     -1611.223861397      5.47e-04      2.20e-01       14.45
  13     -1611.224550567     -6.89e-04      6.50e-03       14.40
  14     -1611.224549473      1.09e-06      6.38e-04       14.56
  15     -1611.224549468      4.70e-09      3.59e-04       14.59
  16     -1611.224549478     -1.01e-08      1.46e-04       14.45
  17     -1611.224549443      3.52e-08      3.62e-05       14.46
  18     -1611.224549432      1.14e-08      1.28e-05       14.41
  19     -1611.224549439     -7.56e-09      3.85e-06       14.46

 SCF converged in 19 iterations.

 Dipole moment (in Debye):              -0.000419       0.000460      -2.431380

 Quadrupole moment (in Debye-Angstrom):
                  1            2            3
 1       -74.694535    -0.000523     0.000484
 2        -0.000523   -74.694091    -0.000324
 3         0.000484    -0.000324   -69.743580

 Spin-squared expectation <S^2>:         0.000
 Total spin quantum number S:            0.000
 TOTAL ENERGY:                       -1611.224549448

 --------------------------------------------------------------------------------

 End time:                               Wed Nov  3 12:27:22 2021
 Total wall-clock time:                425.788 seconds
==================================================================================
