
================================================================================
          _____________ ________ _______________ ________     _________         
         / ___________// ______ \\_____   _____// ______ \   / ________)        
        / /_________  / /      \ \     | |     / /      \ \ | (_______          
       |  __________|| |        | |    | |    | |        | | \________ \        
        \ \_________ | |        | |    | |     \ \______/ /___________) |       
         \__________||_|        |_|    |_|      \________//____________/        
                                                                                
====================================[ Qcore ]===================================

 Git describe: 2.3.0-1-g21d9df7e5
 Compiler:     GNU 9.1.0
 Build type:   Release
 Version:      2.3.0-1-g21d9df7e5

 Start time:   Wed Oct 27 12:24:24 2021

 Data directory: /work/zw18965/.local/qcore/share/entos/qcore/data
 Number of threads: 24
 Number of threads was determined by: command line argument
  - More threads can be used by running 'qcore -n 32'

 --------------------------------------------------------------------------------
                                   command: dft                                  
 --------------------------------------------------------------------------------
 AO basis set:                           def2-tzvppd
 Number of AO basis functions:         783
 ECP on atom 21 (Pd):                    28 electrons
 ECP on atom 26 (I):                     28 electrons

 Formula:                                C11H11N2PdI
 Nuclear charge:                       190.000000000
 Total charge:                           0.000000000
 Number of core electrons:              56
 Number of treated electrons:          134

 Number of alpha electrons:             67
 Number of beta electrons:              67
 Number of unpaired electrons:           0
 Spin:                                   0
 Multiplicity:                           singlet

 Theory:                                 dft
 Exchange-correlation functional:        wb97x

 Using range separated hybrid functional
 Range separation parameter:             0.300000000
 Short range exact exchange:             0.263800000
 Total long range exact exchange:        1.000000000

 Method for Coulomb:                     incore_df
 Method for exact exchange:              pre_transformed_df
 Integral threshold:                     1.00e-12
 DF basis set:                           def2-universal-jkfit
 Number of DF basis functions:        1650
 Schwarz screening threshold:            1.00e-10
 Coulomb fitting method:                 Cholesky

 ------------------
  UW12 Correlation 
 ------------------
 Factor for UW12 correlation:            1.000000000
 Same spin scale factor:                 0.000000000
 Calculate indirect contribution:        false
 Method for three electron term:         df_ri
 Auxiliary RI basis set:                 Def2-TZVPPD-RI
 Number of RI basis functions:        2001
 Gaussians in geminal expansion:         4
 UW12 screening threshold:               1.00e-12
 Method for density-fitting:             w(r)
 Number of core spatial orbitals:       21

 Total number of grid points:       170474
 Method for AO orthogonalization:        symmetric
 Threshold for linear dependence:        1.00e-08
 D3BJ dispersion energy:                -0.058551888

 -------------------------------------
  Running restricted closed-shell SCF 
 -------------------------------------
 Max number of iterations:             128
 Conv. threshold (gradient):             1.00e-05
 Conv. threshold (energy):               1.00e-06
 Interpolation scheme:                   adiis+cdiis
 Initial guess:                          SAD

 ---------------------------------------------------------------
                  energy        change          grad        time
 ---------------------------------------------------------------
   0      -976.434151528                    1.93e+01     2731.15
   1      -968.422813420      8.01e+00      1.04e+01       99.31
   2      -957.088482433      1.13e+01      2.41e+01       98.54
   3      -969.699052320     -1.26e+01      7.83e+00      103.23
   4      -970.846552081     -1.15e+00      1.79e+00      101.07
   5      -970.770437971      7.61e-02      3.12e+00      102.70
   6      -970.960541966     -1.90e-01      2.95e-01      102.86
   7      -970.957731677      2.81e-03      5.33e-01      100.94
   8      -970.965269252     -7.54e-03      8.25e-02      104.40
   9      -970.965065132      2.04e-04      1.48e-01      101.59
  10      -970.965511524     -4.46e-04      6.53e-03      104.42
  11      -970.965516209     -4.68e-06      2.59e-03      100.52
  12      -970.965517247     -1.04e-06      7.59e-04      104.69
  13      -970.965517356     -1.10e-07      4.17e-04      102.52
  14      -970.965517456     -9.94e-08      2.37e-04      100.87
  15      -970.965517374      8.18e-08      9.55e-05      106.37
  16      -970.965517376     -1.62e-09      4.13e-05      105.45
  17      -970.965517361      1.49e-08      2.98e-05      102.69
  18      -970.965517351      9.80e-09      2.29e-05      100.84
  19      -970.965517334      1.66e-08      3.15e-05      101.74
  20      -970.965517342     -7.42e-09      4.43e-05      100.16
  21      -970.965517368     -2.67e-08      4.38e-05      100.17
  22      -970.965517350      1.80e-08      3.29e-05      105.78
  23      -970.965517319      3.15e-08      6.01e-05      101.05
  24      -970.965517376     -5.75e-08      3.71e-05       99.92
  25      -970.965517330      4.64e-08      2.05e-05      100.23
  26      -970.965517381     -5.06e-08      2.14e-05       99.60
  27      -970.965517362      1.87e-08      2.62e-05      101.48
  28      -970.965517341      2.10e-08      6.00e-05      105.35
  29      -970.965517389     -4.75e-08      3.36e-05      100.69
  30      -970.965517395     -6.41e-09      3.76e-05      103.41
  31      -970.965517371      2.39e-08      3.68e-05      102.34
  32      -970.965517359      1.23e-08      4.75e-05       98.05
  33      -970.965517378     -1.94e-08      3.04e-05       99.06
  34      -970.965517365      1.34e-08      3.73e-05       99.61
  35      -970.965517347      1.79e-08      2.13e-05      105.60
  36      -970.965517397     -5.01e-08      2.68e-05      101.12
  37      -970.965517376      2.11e-08      1.90e-05      100.11
  38      -970.965517364      1.18e-08      9.53e-06      100.20

 SCF converged in 38 iterations.

 Dipole moment (in Debye):              11.632969       2.797363       0.000045

 Quadrupole moment (in Debye-Angstrom):
                  1            2            3
 1      -106.004285    -4.018212    -0.023618
 2        -4.018212   -94.626759     0.007802
 3        -0.023618     0.007802  -126.491422

 Spin-squared expectation <S^2>:         0.000
 Total spin quantum number S:            0.000
 TOTAL ENERGY:                        -970.965517387

 --------------------------------------------------------------------------------

 End time:                               Wed Oct 27 14:22:49 2021
 Total wall-clock time:               7104.373 seconds
==================================================================================
