
================================================================================
          _____________ ________ _______________ ________     _________         
         / ___________// ______ \\_____   _____// ______ \   / ________)        
        / /_________  / /      \ \     | |     / /      \ \ | (_______          
       |  __________|| |        | |    | |    | |        | | \________ \        
        \ \_________ | |        | |    | |     \ \______/ /___________) |       
         \__________||_|        |_|    |_|      \________//____________/        
                                                                                
====================================[ Qcore ]===================================

 Git describe: 2.3.0-3-g778a55bfd
 Compiler:     GNU 9.3.0
 Build type:   Release
 Version:      2.3.0-3-g778a55bfd

 Start time:   Fri Nov  5 00:29:23 2021

 Data directory: /mnt/storage/scratch/zw18965/.local/qcore/share/entos/qcore/data
 Number of threads: 28
 Number of threads was determined by: command line argument

 --------------------------------------------------------------------------------
                                   command: dft                                  
 --------------------------------------------------------------------------------
 AO basis set:                           def2-tzvppd
 Number of AO basis functions:         811
 ECP on atom 1 (Ir):                     60 electrons

 Formula:                                C7H18OP2ClIr
 Nuclear charge:                       192.000000000
 Total charge:                           0.000000000
 Number of core electrons:              60
 Number of treated electrons:          132

 Number of alpha electrons:             66
 Number of beta electrons:              66
 Number of unpaired electrons:           0
 Spin:                                   0
 Multiplicity:                           singlet

 Theory:                                 dft
 Exchange-correlation functional:        wb97x

 Using range separated hybrid functional
 Range separation parameter:             0.300000000
 Short range exact exchange:             0.263800000
 Total long range exact exchange:        1.000000000

 Method for Coulomb:                     incore_df
 Method for exact exchange:              pre_transformed_df
 Integral threshold:                     1.00e-12
 DF basis set:                           def2-universal-jkfit
 Number of DF basis functions:        1537
 Schwarz screening threshold:            1.00e-10
 Coulomb fitting method:                 Cholesky

 ------------------
  UW12 Correlation 
 ------------------
 Factor for UW12 correlation:            1.000000000
 Same spin scale factor:                 0.000000000
 Calculate indirect contribution:        false
 Method for three electron term:         df_ri
 Auxiliary RI basis set:                 Def2-TZVPPD-RI
 Number of RI basis functions:        2048
 Gaussians in geminal expansion:         4
 UW12 screening threshold:               1.00e-12
 Method for density-fitting:             w(r)
 Number of core spatial orbitals:       27

 Total number of grid points:       191878
 Method for AO orthogonalization:        symmetric
 Threshold for linear dependence:        1.00e-08
 D3BJ dispersion energy:                -0.064058852

 -------------------------------------
  Running restricted closed-shell SCF 
 -------------------------------------
 Max number of iterations:             128
 Conv. threshold (gradient):             1.00e-05
 Conv. threshold (energy):               1.00e-06
 Interpolation scheme:                   adiis+cdiis
 Initial guess:                          SAD

 ---------------------------------------------------------------
                  energy        change          grad        time
 ---------------------------------------------------------------
   0     -1603.793833152                    9.50e+01      546.71
   1     -1599.497835094      4.30e+00      4.08e+00       95.92
   2     -1598.688046615      8.10e-01      9.41e+00       97.12
   3     -1600.179273266     -1.49e+00      6.03e-01       96.82
   4     -1600.193055030     -1.38e-02      5.30e-01       96.78
   5     -1600.217130394     -2.41e-02      3.68e-01       96.53
   6     -1600.208669524      8.46e-03      6.88e-01       97.75
   7     -1600.221272817     -1.26e-02      1.29e-01       97.28
   8     -1600.221086476      1.86e-04      1.57e-01       96.86
   9     -1600.221779990     -6.94e-04      1.44e-02       97.37
  10     -1600.221786191     -6.20e-06      1.31e-02       96.85
  11     -1600.221791846     -5.66e-06      5.62e-04       96.47
  12     -1600.221791862     -1.60e-08      1.92e-04       96.56
  13     -1600.221791898     -3.60e-08      8.04e-05       96.68
  14     -1600.221791904     -6.26e-09      4.22e-05       97.27
  15     -1600.221791921     -1.69e-08      1.25e-05       95.98
  16     -1600.221791913      8.09e-09      4.41e-06       96.74

 SCF converged in 16 iterations.

 Dipole moment (in Debye):               0.000514       1.040639       0.010672

 Quadrupole moment (in Debye-Angstrom):
                  1            2            3
 1       -90.122774    -0.008592    -0.000969
 2        -0.008592  -130.162107    -0.002896
 3        -0.000969    -0.002896  -113.435981

 Spin-squared expectation <S^2>:         0.000
 Total spin quantum number S:            0.000
 TOTAL ENERGY:                       -1600.221791847

 --------------------------------------------------------------------------------

 End time:                               Fri Nov  5 01:07:02 2021
 Total wall-clock time:               2258.445 seconds
==================================================================================
