
================================================================================
          _____________ ________ _______________ ________     _________         
         / ___________// ______ \\_____   _____// ______ \   / ________)        
        / /_________  / /      \ \     | |     / /      \ \ | (_______          
       |  __________|| |        | |    | |    | |        | | \________ \        
        \ \_________ | |        | |    | |     \ \______/ /___________) |       
         \__________||_|        |_|    |_|      \________//____________/        
                                                                                
====================================[ Qcore ]===================================

 Git describe: 2.3.0-3-g778a55bfd
 Compiler:     GNU 9.3.0
 Build type:   Release
 Version:      2.3.0-3-g778a55bfd

 Start time:   Fri Nov  5 17:53:50 2021

 Data directory: /mnt/storage/scratch/zw18965/.local/qcore/share/entos/qcore/data
 Number of threads: 28
 Number of threads was determined by: command line argument

 --------------------------------------------------------------------------------
                                   command: dft                                  
 --------------------------------------------------------------------------------
 AO basis set:                           def2-tzvppd
 Number of AO basis functions:        1232
 ECP on atom 1 (Ru):                     28 electrons

 Formula:                                C18H27ClRu
 Nuclear charge:                       196.000000000
 Total charge:                           0.000000000
 Number of core electrons:              28
 Number of treated electrons:          168

 Number of alpha electrons:             84
 Number of beta electrons:              84
 Number of unpaired electrons:           0
 Spin:                                   0
 Multiplicity:                           singlet

 Theory:                                 dft
 Exchange-correlation functional:        wb97x

 Using range separated hybrid functional
 Range separation parameter:             0.300000000
 Short range exact exchange:             0.263800000
 Total long range exact exchange:        1.000000000

 Method for Coulomb:                     incore_df
 Method for exact exchange:              pre_transformed_df
 Integral threshold:                     1.00e-12
 DF basis set:                           def2-universal-jkfit
 Number of DF basis functions:        2219
 Schwarz screening threshold:            1.00e-10
 Coulomb fitting method:                 Cholesky

 ------------------
  UW12 Correlation 
 ------------------
 Factor for UW12 correlation:            1.000000000
 Same spin scale factor:                 0.000000000
 Calculate indirect contribution:        false
 Method for three electron term:         df_ri
 Auxiliary RI basis set:                 Def2-TZVPPD-RI
 Number of RI basis functions:        3024
 Gaussians in geminal expansion:         4
 UW12 screening threshold:               1.00e-12
 Method for density-fitting:             w(r)
 Number of core spatial orbitals:       27

 Total number of grid points:       297338
 Method for AO orthogonalization:        symmetric
 Threshold for linear dependence:        1.00e-08
 D3BJ dispersion energy:                -0.101869285

 -------------------------------------
  Running restricted closed-shell SCF 
 -------------------------------------
 Max number of iterations:             128
 Conv. threshold (gradient):             1.00e-05
 Conv. threshold (energy):               1.00e-06
 Interpolation scheme:                   adiis+cdiis
 Initial guess:                          SAD

 ---------------------------------------------------------------
                  energy        change          grad        time
 ---------------------------------------------------------------
   0     -1267.908978401                    5.26e+01     1415.22
   1     -1253.171990801      1.47e+01      1.99e+01      449.14
   2     -1241.293288885      1.19e+01      4.05e+01      440.84
   3     -1255.994589668     -1.47e+01      1.48e+01      426.36
   4     -1256.701179958     -7.07e-01      1.08e+01      434.98
   5     -1257.134724632     -4.34e-01      4.93e+00      440.07
   6     -1257.254118956     -1.19e-01      2.41e+00      434.52
   7     -1257.295825497     -4.17e-02      9.57e-01      435.13
   8     -1257.298359784     -2.53e-03      1.13e+00      445.15
   9     -1257.304328221     -5.97e-03      5.03e-01      443.41
  10     -1257.303820342      5.08e-04      6.51e-01      431.50
  11     -1257.305734230     -1.91e-03      7.99e-02      437.54
  12     -1257.305567837      1.66e-04      1.85e-01      443.86
  13     -1257.305807629     -2.40e-04      3.58e-03      442.43
  14     -1257.305808181     -5.52e-07      1.46e-03      444.21
  15     -1257.305808176      5.53e-09      8.61e-04      445.66
  16     -1257.305808274     -9.79e-08      3.05e-04      449.39
  17     -1257.305808477     -2.04e-07      1.43e-04      441.96
  18     -1257.305808425      5.20e-08      6.59e-05      441.73
  19     -1257.305808251      1.75e-07      4.18e-05      444.37
  20     -1257.305808416     -1.66e-07      5.21e-05      452.07
  21     -1257.305808384      3.24e-08      5.06e-05      438.57
  22     -1257.305808337      4.73e-08      3.84e-05      442.11
  23     -1257.305808269      6.75e-08      3.75e-05      447.70
  24     -1257.305808424     -1.55e-07      3.60e-05      445.36
  25     -1257.305808189      2.35e-07      3.21e-05      454.36
  26     -1257.305808403     -2.14e-07      5.79e-05      438.09
  27     -1257.305808276      1.27e-07      3.80e-05      443.55
  28     -1257.305808390     -1.15e-07      4.38e-05      446.19
  29     -1257.305808383      7.37e-09      4.51e-05      414.23
  30     -1257.305808341      4.18e-08      4.33e-05      415.23
  31     -1257.305808321      1.99e-08      4.65e-05      406.74
  32     -1257.305808110      2.11e-07      5.82e-05      409.66
  33     -1257.305808307     -1.97e-07      5.46e-05      405.81
  34     -1257.305808391     -8.42e-08      2.90e-05      403.72
  35     -1257.305808345      4.56e-08      6.32e-05      409.78
  36     -1257.305808297      4.85e-08      5.96e-05      410.13
  37     -1257.305808347     -5.00e-08      2.21e-05      409.16
  38     -1257.305808233      1.14e-07      3.81e-05      408.22
  39     -1257.305808339     -1.06e-07      4.88e-05      407.11
  40     -1257.305808288      5.11e-08      5.62e-05      412.27
  41     -1257.305808180      1.08e-07      2.88e-05      406.70
  42     -1257.305808317     -1.37e-07      2.53e-05      406.69
  43     -1257.305808434     -1.17e-07      4.36e-05      411.55
  44     -1257.305808279      1.56e-07      3.36e-05      408.14
  45     -1257.305808326     -4.77e-08      4.17e-05      409.95
  46     -1257.305808349     -2.24e-08      4.05e-05      412.37
  47     -1257.305808369     -1.97e-08      3.17e-05      408.27
  48     -1257.305808350      1.89e-08      3.85e-05      409.26
  49     -1257.305808441     -9.14e-08      3.75e-05      412.22
  50     -1257.305808366      7.46e-08      4.48e-05      408.46
  51     -1257.305808336      2.99e-08      4.28e-05      410.29
  52     -1257.305808352     -1.53e-08      6.01e-05      407.94
  53     -1257.305808274      7.78e-08      4.11e-05      409.30
  54     -1257.305808280     -5.90e-09      3.67e-05      409.70
  55     -1257.305808323     -4.34e-08      3.50e-05      406.15
  56     -1257.305808439     -1.16e-07      3.07e-05      410.38
  57     -1257.305808322      1.17e-07      3.36e-05      403.99
  58     -1257.305808239      8.28e-08      3.20e-05      407.61
  59     -1257.305808326     -8.66e-08      5.62e-05      405.80
  60     -1257.305808408     -8.17e-08      6.75e-05      407.99
  61     -1257.305808335      7.30e-08      3.68e-05      410.86
  62     -1257.305808224      1.10e-07      6.35e-05      406.41
  63     -1257.305808285     -6.12e-08      2.16e-05      409.42
  64     -1257.305808397     -1.12e-07      5.50e-05      412.43
  65     -1257.305808519     -1.22e-07      3.53e-05      408.69
  66     -1257.305808171      3.48e-07      3.88e-05      417.25
  67     -1257.305808346     -1.75e-07      3.54e-05      413.93
  68     -1257.305808266      8.00e-08      3.22e-05      412.72
  69     -1257.305808261      5.06e-09      2.84e-05      412.25
  70     -1257.305808421     -1.61e-07      4.05e-05      408.59
  71     -1257.305808355      6.61e-08      5.13e-05      407.77
  72     -1257.305808283      7.21e-08      5.04e-05      410.97
  73     -1257.305808322     -3.90e-08      4.75e-05      410.69
  74     -1257.305808197      1.25e-07      3.40e-05      407.15
  75     -1257.305808485     -2.88e-07      3.04e-05      408.01
  76     -1257.305808299      1.86e-07      3.21e-05      410.44
  77     -1257.305808266      3.27e-08      2.92e-05      407.03
  78     -1257.305808422     -1.56e-07      5.32e-05      411.32
  79     -1257.305808163      2.59e-07      5.35e-05      409.08
  80     -1257.305808460     -2.97e-07      3.95e-05      408.89
  81     -1257.305808439      2.15e-08      4.84e-05      411.47
  82     -1257.305808389      4.96e-08      4.07e-05      411.96
  83     -1257.305808269      1.21e-07      3.21e-05      408.81
  84     -1257.305808546     -2.78e-07      4.28e-05      410.72
  85     -1257.305808407      1.40e-07      7.05e-05      409.47
  86     -1257.305808323      8.36e-08      5.52e-05      416.13
  87     -1257.305808312      1.10e-08      3.41e-05      409.08
  88     -1257.305808290      2.23e-08      5.45e-05      404.66
  89     -1257.305808449     -1.59e-07      3.23e-05      409.02
  90     -1257.305808451     -1.75e-09      3.21e-05      406.75
  91     -1257.305808400      5.09e-08      5.90e-05      408.79
  92     -1257.305808366      3.40e-08      2.38e-05      406.79
  93     -1257.305808381     -1.53e-08      4.94e-05      410.34
  94     -1257.305808541     -1.60e-07      5.21e-05      410.74
  95     -1257.305808405      1.36e-07      3.27e-05      409.69
  96     -1257.305808264      1.41e-07      3.63e-05      413.84
  97     -1257.305808375     -1.11e-07      6.68e-05      410.53
  98     -1257.305808531     -1.56e-07      4.91e-05      408.69
  99     -1257.305808420      1.11e-07      4.68e-05      410.74
 100     -1257.305808330      9.07e-08      3.33e-05      415.14
 101     -1257.305808293      3.62e-08      3.34e-05      409.59
 102     -1257.305808395     -1.01e-07      5.07e-05      410.94
 103     -1257.305808304      9.06e-08      3.03e-05      409.43
 104     -1257.305808251      5.33e-08      6.09e-05      405.66
 105     -1257.305808275     -2.49e-08      3.46e-05      408.73
 106     -1257.305808309     -3.36e-08      4.64e-05      410.65
 107     -1257.305808165      1.44e-07      3.88e-05      409.35
 108     -1257.305808439     -2.74e-07      4.99e-05      414.15
 109     -1257.305808345      9.33e-08      4.18e-05      412.93
 110     -1257.305808340      5.05e-09      3.45e-05      408.32
 111     -1257.305808428     -8.81e-08      4.72e-05      413.77
 112     -1257.305808337      9.18e-08      2.92e-05      410.70
 113     -1257.305808430     -9.38e-08      4.10e-05      415.75
 114     -1257.305808311      1.20e-07      3.47e-05      408.87
 115     -1257.305808410     -9.92e-08      4.93e-05      412.01
 116     -1257.305808358      5.21e-08      3.67e-05      413.36
 117     -1257.305808254      1.04e-07      3.41e-05      409.28
 118     -1257.305808451     -1.97e-07      3.04e-05      410.59
 119     -1257.305808403      4.81e-08      2.54e-05      411.66
 120     -1257.305808296      1.07e-07      3.68e-05      408.09
 121     -1257.305808363     -6.75e-08      4.22e-05      403.14
 122     -1257.305808429     -6.57e-08      2.02e-05      405.43
 123     -1257.305808273      1.56e-07      3.31e-05      403.52
 124     -1257.305808374     -1.00e-07      4.53e-05      409.25
 125     -1257.305808281      9.23e-08      3.98e-05      411.93
 126     -1257.305808272      9.11e-09      5.88e-05      407.18
 127     -1257.305808404     -1.32e-07      4.80e-05      406.15

Error: SCF not converged after 127 cycles
