
================================================================================
          _____________ ________ _______________ ________     _________         
         / ___________// ______ \\_____   _____// ______ \   / ________)        
        / /_________  / /      \ \     | |     / /      \ \ | (_______          
       |  __________|| |        | |    | |    | |        | | \________ \        
        \ \_________ | |        | |    | |     \ \______/ /___________) |       
         \__________||_|        |_|    |_|      \________//____________/        
                                                                                
====================================[ Qcore ]===================================

 Git describe: 2.3.0-3-g778a55bfd
 Compiler:     GNU 9.3.0
 Build type:   Release
 Version:      2.3.0-3-g778a55bfd

 Start time:   Wed Nov  3 11:48:12 2021

 Data directory: /mnt/storage/scratch/zw18965/.local/qcore/share/entos/qcore/data
 Number of threads: 28
 Number of threads was determined by: command line argument

 --------------------------------------------------------------------------------
                                   command: dft                                  
 --------------------------------------------------------------------------------
 AO basis set:                           def2-tzvppd
 Number of AO basis functions:         738
 ECP on atom 1 (Mo):                     28 electrons

 Formula:                                C12H14Mo
 Nuclear charge:                       128.000000000
 Total charge:                           0.000000000
 Number of core electrons:              28
 Number of treated electrons:          100

 Number of alpha electrons:             50
 Number of beta electrons:              50
 Number of unpaired electrons:           0
 Spin:                                   0
 Multiplicity:                           singlet

 Theory:                                 dft
 Exchange-correlation functional:        wb97x

 Using range separated hybrid functional
 Range separation parameter:             0.300000000
 Short range exact exchange:             0.263800000
 Total long range exact exchange:        1.000000000

 Method for Coulomb:                     incore_df
 Method for exact exchange:              pre_transformed_df
 Integral threshold:                     1.00e-12
 DF basis set:                           def2-universal-jkfit
 Number of DF basis functions:        1407
 Schwarz screening threshold:            1.00e-10
 Coulomb fitting method:                 Cholesky

 ------------------
  UW12 Correlation 
 ------------------
 Factor for UW12 correlation:            1.000000000
 Same spin scale factor:                 0.000000000
 Calculate indirect contribution:        false
 Method for three electron term:         df_ri
 Auxiliary RI basis set:                 Def2-TZVPPD-RI
 Number of RI basis functions:        1826
 Gaussians in geminal expansion:         4
 UW12 screening threshold:               1.00e-12
 Method for density-fitting:             w(r)
 Number of core spatial orbitals:       16

 Total number of grid points:       172330
 Method for AO orthogonalization:        symmetric
 Threshold for linear dependence:        1.00e-08
 D3BJ dispersion energy:                -0.060467431

 -------------------------------------
  Running restricted closed-shell SCF 
 -------------------------------------
 Max number of iterations:             128
 Conv. threshold (gradient):             1.00e-05
 Conv. threshold (energy):               1.00e-06
 Interpolation scheme:                   adiis+cdiis
 Initial guess:                          SAD

 ---------------------------------------------------------------
                  energy        change          grad        time
 ---------------------------------------------------------------
   0      -540.576247865                    4.46e+01      297.02
   1      -532.307748553      8.27e+00      8.00e+00       64.19
   2      -527.142617181      5.17e+00      2.80e+01       63.56
   3      -533.589592892     -6.45e+00      2.51e+00       63.98
   4      -533.659899696     -7.03e-02      3.48e+00       64.24
   5      -533.785101112     -1.25e-01      2.11e+00       63.59
   6      -533.764904890      2.02e-02      2.78e+00       63.64
   7      -533.829385995     -6.45e-02      3.97e-01       64.30
   8      -533.826100853      3.29e-03      6.74e-01       63.75
   9      -533.830678673     -4.58e-03      9.32e-02       64.74
  10      -533.830617069      6.16e-05      2.10e-01       64.29
  11      -533.830980023     -3.63e-04      8.03e-03       64.18
  12      -533.830982826     -2.80e-06      5.35e-03       63.40
  13      -533.830984214     -1.39e-06      1.93e-03       64.16
  14      -533.830984610     -3.96e-07      4.35e-04       63.98
  15      -533.830984600      9.34e-09      1.01e-04       63.82
  16      -533.830984594      6.08e-09      4.71e-05       63.65
  17      -533.830984656     -6.16e-08      2.05e-05       64.23
  18      -533.830984626      3.02e-08      1.10e-05       64.58
  19      -533.830984624      1.97e-09      1.29e-05       64.28
  20      -533.830984625     -1.04e-09      8.49e-06       64.46

 SCF converged in 20 iterations.

 Dipole moment (in Debye):              -0.000729      -1.333612       0.029073

 Quadrupole moment (in Debye-Angstrom):
                  1            2            3
 1       -96.758736    -0.034771     0.427732
 2        -0.034771   -93.632433    -0.005875
 3         0.427732    -0.005875   -90.395015

 Spin-squared expectation <S^2>:         0.000
 Total spin quantum number S:            0.000
 TOTAL ENERGY:                        -533.830984598

 --------------------------------------------------------------------------------

 End time:                               Wed Nov  3 12:16:04 2021
 Total wall-clock time:               1672.353 seconds
==================================================================================
