
================================================================================
          _____________ ________ _______________ ________     _________         
         / ___________// ______ \\_____   _____// ______ \   / ________)        
        / /_________  / /      \ \     | |     / /      \ \ | (_______          
       |  __________|| |        | |    | |    | |        | | \________ \        
        \ \_________ | |        | |    | |     \ \______/ /___________) |       
         \__________||_|        |_|    |_|      \________//____________/        
                                                                                
====================================[ Qcore ]===================================

 Git describe: 2.3.0-1-g21d9df7e5
 Compiler:     GNU 9.1.0
 Build type:   Release
 Version:      2.3.0-1-g21d9df7e5

 Start time:   Tue Oct 26 10:30:44 2021

 Data directory: /work/zw18965/.local/qcore/share/entos/qcore/data
 Number of threads: 24
 Number of threads was determined by: command line argument

 --------------------------------------------------------------------------------
                                   command: dft                                  
 --------------------------------------------------------------------------------
 AO basis set:                           def2-tzvppd
 Number of AO basis functions:         590

 Formula:                                C6H16P2
 Nuclear charge:                        82.000000000
 Total charge:                           0.000000000
 Number of electrons:                   82.000000000

 Number of alpha electrons:             41
 Number of beta electrons:              41
 Number of unpaired electrons:           0
 Spin:                                   0
 Multiplicity:                           singlet

 Theory:                                 dft
 Exchange-correlation functional:        wb97x

 Using range separated hybrid functional
 Range separation parameter:             0.300000000
 Short range exact exchange:             0.263800000
 Total long range exact exchange:        1.000000000

 Method for Coulomb:                     incore_df
 Method for exact exchange:              pre_transformed_df
 Integral threshold:                     1.00e-12
 DF basis set:                           def2-universal-jkfit
 Number of DF basis functions:         994
 Schwarz screening threshold:            1.00e-10
 Coulomb fitting method:                 Cholesky

 ------------------
  UW12 Correlation 
 ------------------
 Factor for UW12 correlation:            1.000000000
 Same spin scale factor:                 0.000000000
 Calculate indirect contribution:        false
 Method for three electron term:         df_ri
 Auxiliary RI basis set:                 Def2-TZVPPD-RI
 Number of RI basis functions:        1454
 Gaussians in geminal expansion:         4
 UW12 screening threshold:               1.00e-12
 Method for density-fitting:             w(r)
 Number of core spatial orbitals:       16

 Total number of grid points:       149740
 Method for AO orthogonalization:        symmetric
 Threshold for linear dependence:        1.00e-08
 D3BJ dispersion energy:                -0.036046185

 -------------------------------------
  Running restricted closed-shell SCF 
 -------------------------------------
 Max number of iterations:             128
 Conv. threshold (gradient):             1.00e-05
 Conv. threshold (energy):               1.00e-06
 Interpolation scheme:                   adiis+cdiis
 Initial guess:                          SAD

 ---------------------------------------------------------------
                  energy        change          grad        time
 ---------------------------------------------------------------
   0      -930.797563785                    1.88e+01       47.75
   1      -928.413194750      2.38e+00      1.92e+00       19.43
   2      -928.546173571     -1.33e-01      1.63e+00       19.16
   3      -928.710040478     -1.64e-01      4.24e-01       19.31
   4      -928.712629434     -2.59e-03      3.89e-01       19.62
   5      -928.717825021     -5.20e-03      6.42e-02       19.17
   6      -928.717858683     -3.37e-05      6.17e-02       19.18
   7      -928.717958445     -9.98e-05      1.24e-03       19.14
   8      -928.717958725     -2.80e-07      4.65e-04       19.19
   9      -928.717958759     -3.33e-08      1.35e-04       19.48
  10      -928.717958760     -1.36e-09      3.77e-05       19.18
  11      -928.717958760     -1.66e-10      8.07e-06       19.19

 SCF converged in 11 iterations.

 Dipole moment (in Debye):              -0.000041       0.000020       1.819311

 Quadrupole moment (in Debye-Angstrom):
                  1            2            3
 1       -64.355201     4.317901     0.000169
 2         4.317901   -67.009543    -0.000125
 3         0.000169    -0.000125   -67.853491

 Spin-squared expectation <S^2>:         0.000
 Total spin quantum number S:            0.000
 TOTAL ENERGY:                        -928.717958758

 --------------------------------------------------------------------------------

 End time:                               Tue Oct 26 10:35:32 2021
 Total wall-clock time:                287.751 seconds
==================================================================================
