
================================================================================
          _____________ ________ _______________ ________     _________         
         / ___________// ______ \\_____   _____// ______ \   / ________)        
        / /_________  / /      \ \     | |     / /      \ \ | (_______          
       |  __________|| |        | |    | |    | |        | | \________ \        
        \ \_________ | |        | |    | |     \ \______/ /___________) |       
         \__________||_|        |_|    |_|      \________//____________/        
                                                                                
====================================[ Qcore ]===================================

 Git describe: 2.3.0-3-g778a55bfd
 Compiler:     GNU 9.3.0
 Build type:   Release
 Version:      2.3.0-3-g778a55bfd

 Start time:   Wed Nov  3 11:48:12 2021

 Data directory: /mnt/storage/scratch/zw18965/.local/qcore/share/entos/qcore/data
 Number of threads: 28
 Number of threads was determined by: command line argument

 --------------------------------------------------------------------------------
                                   command: dft                                  
 --------------------------------------------------------------------------------
 AO basis set:                           def2-tzvppd
 Number of AO basis functions:         611
 ECP on atom 1 (Mo):                     28 electrons

 Formula:                                C9H6O3Mo
 Nuclear charge:                       126.000000000
 Total charge:                           0.000000000
 Number of core electrons:              28
 Number of treated electrons:           98

 Number of alpha electrons:             49
 Number of beta electrons:              49
 Number of unpaired electrons:           0
 Spin:                                   0
 Multiplicity:                           singlet

 Theory:                                 dft
 Exchange-correlation functional:        wb97x

 Using range separated hybrid functional
 Range separation parameter:             0.300000000
 Short range exact exchange:             0.263800000
 Total long range exact exchange:        1.000000000

 Method for Coulomb:                     incore_df
 Method for exact exchange:              pre_transformed_df
 Integral threshold:                     1.00e-12
 DF basis set:                           def2-universal-jkfit
 Number of DF basis functions:        1269
 Schwarz screening threshold:            1.00e-10
 Coulomb fitting method:                 Cholesky

 ------------------
  UW12 Correlation 
 ------------------
 Factor for UW12 correlation:            1.000000000
 Same spin scale factor:                 0.000000000
 Calculate indirect contribution:        false
 Method for three electron term:         df_ri
 Auxiliary RI basis set:                 Def2-TZVPPD-RI
 Number of RI basis functions:        1514
 Gaussians in geminal expansion:         4
 UW12 screening threshold:               1.00e-12
 Method for density-fitting:             w(r)
 Number of core spatial orbitals:       16

 Total number of grid points:       125642
 Method for AO orthogonalization:        symmetric
 Threshold for linear dependence:        1.00e-08
 D3BJ dispersion energy:                -0.044231957

 -------------------------------------
  Running restricted closed-shell SCF 
 -------------------------------------
 Max number of iterations:             128
 Conv. threshold (gradient):             1.00e-05
 Conv. threshold (energy):               1.00e-06
 Interpolation scheme:                   adiis+cdiis
 Initial guess:                          SAD

 ---------------------------------------------------------------
                  energy        change          grad        time
 ---------------------------------------------------------------
   0      -645.381382652                    3.62e+01      180.67
   1      -645.741379390     -3.60e-01      6.70e+00       37.45
   2      -634.838536814      1.09e+01      3.19e+01       37.59
   3      -646.366853889     -1.15e+01      6.73e+00       37.15
   4      -646.922523048     -5.56e-01      2.11e+00       37.70
   5      -646.884826258      3.77e-02      2.28e+00       37.32
   6      -647.004689631     -1.20e-01      3.79e-01       37.42
   7      -647.003374289      1.32e-03      5.84e-01       37.22
   8      -647.007541729     -4.17e-03      5.07e-02       37.66
   9      -647.007609401     -6.77e-05      6.59e-02       37.52
  10      -647.007926301     -3.17e-04      2.15e-02       37.42
  11      -647.007964894     -3.86e-05      2.13e-02       37.14
  12      -647.008021552     -5.67e-05      1.96e-02       37.85
  13      -647.008066433     -4.49e-05      1.92e-02       37.15
  14      -647.008130099     -6.37e-05      1.92e-02       37.28
  15      -647.008281176     -1.51e-04      1.91e-02       37.44
  16      -647.008334979     -5.38e-05      1.93e-02       37.61
  17      -647.008348531     -1.36e-05      1.92e-02       37.20
  18      -647.008350789     -2.26e-06      1.93e-02       38.08
  19      -647.008333550      1.72e-05      1.93e-02       37.22
  20      -647.008119935      2.14e-04      1.95e-02       37.48
  21      -647.007743193      3.77e-04      2.36e-02       37.41
  22      -647.007859093     -1.16e-04      2.27e-02       37.38
  23      -647.007807026      5.21e-05      2.73e-02       37.51
  24      -647.007636999      1.70e-04      2.47e-02       37.55
  25      -647.007580860      5.61e-05      2.49e-02       37.42
  26      -647.007863479     -2.83e-04      1.90e-02       37.40
  27      -647.008036912     -1.73e-04      1.88e-02       37.60
  28      -647.007821230      2.16e-04      2.03e-02       37.35
  29      -647.008073864     -2.53e-04      3.32e-02       37.31
  30      -647.008182400     -1.09e-04      3.32e-02       37.15
  31      -647.008105590      7.68e-05      3.46e-02       37.32
  32      -647.008229028     -1.23e-04      5.22e-02       37.16
  33      -647.008224947      4.08e-06      5.05e-02       37.09
  34      -647.008085366      1.40e-04      2.88e-02       37.58
  35      -647.008113112     -2.77e-05      2.99e-02       37.11
  36      -647.007901879      2.11e-04      2.45e-02       37.72
  37      -647.007835849      6.60e-05      1.57e-02       37.69
  38      -647.007842463     -6.61e-06      1.52e-02       37.45
  39      -647.007751488      9.10e-05      1.04e-02       37.20
  40      -647.007643953      1.08e-04      1.03e-02       37.01
  41      -647.007621176      2.28e-05      1.18e-02       37.12
  42      -647.007633946     -1.28e-05      8.47e-03       37.37
  43      -647.007616386      1.76e-05      1.04e-02       37.41
  44      -647.007625888     -9.50e-06      8.95e-03       37.30
  45      -647.007638911     -1.30e-05      6.68e-03       37.20
  46      -647.007638827      8.31e-08      4.77e-03       37.44
  47      -647.007637671      1.16e-06      4.03e-03       37.10
  48      -647.007638941     -1.27e-06      4.62e-03       37.10
  49      -647.007642288     -3.35e-06      6.82e-03       37.84
  50      -647.007641164      1.12e-06      6.24e-03       37.51
  51      -647.007635968      5.20e-06      4.76e-03       37.46
  52      -647.007627944      8.02e-06      3.75e-03       37.65
  53      -647.007628839     -8.96e-07      3.53e-03       37.39
  54      -647.007626798      2.04e-06      3.27e-03       37.46
  55      -647.007624939      1.86e-06      3.30e-03       37.45
  56      -647.007602833      2.21e-05      4.60e-03       37.30
  57      -647.007606629     -3.80e-06      2.75e-03       37.03
  58      -647.007607333     -7.03e-07      2.60e-03       37.23
  59      -647.007596150      1.12e-05      2.73e-03       37.60
  60      -647.007579687      1.65e-05      2.91e-03       38.15
  61      -647.007580691     -1.00e-06      3.05e-03       37.82
  62      -647.007579977      7.15e-07      3.04e-03       38.17
  63      -647.007583404     -3.43e-06      3.06e-03       37.71
  64      -647.007583349      5.50e-08      3.07e-03       37.59
  65      -647.007583275      7.45e-08      3.11e-03       37.67
  66      -647.007591222     -7.95e-06      2.21e-03       37.55
  67      -647.007582823      8.40e-06      1.81e-03       37.48
  68      -647.007579417      3.41e-06      2.00e-03       37.58
  69      -647.007583196     -3.78e-06      1.63e-03       37.77
  70      -647.007582549      6.47e-07      1.64e-03       37.27
  71      -647.007582167      3.83e-07      1.60e-03       37.63
  72      -647.007581956      2.11e-07      1.59e-03       38.02
  73      -647.007582463     -5.08e-07      1.60e-03       37.44
  74      -647.007584254     -1.79e-06      1.71e-03       37.77
  75      -647.007583401      8.53e-07      1.60e-03       37.66
  76      -647.007583133      2.68e-07      1.61e-03       37.91
  77      -647.007584570     -1.44e-06      1.62e-03       37.54
  78      -647.007584740     -1.70e-07      1.63e-03       37.42
  79      -647.007584865     -1.25e-07      1.62e-03       37.24
  80      -647.007584351      5.14e-07      1.64e-03       37.71
  81      -647.007583836      5.15e-07      1.59e-03       37.64
  82      -647.007580942      2.89e-06      1.63e-03       37.81
  83      -647.007581447     -5.05e-07      1.60e-03       37.98
  84      -647.007581481     -3.44e-08      1.61e-03       37.48
  85      -647.007581289      1.93e-07      1.60e-03       37.49
  86      -647.007581246      4.27e-08      1.62e-03       37.35
  87      -647.007581381     -1.35e-07      1.60e-03       37.38
  88      -647.007581255      1.26e-07      1.59e-03       37.74
  89      -647.007581870     -6.15e-07      1.65e-03       37.43
  90      -647.007582896     -1.03e-06      1.59e-03       37.73
  91      -647.007582890      5.82e-09      1.59e-03       37.42
  92      -647.007582887      3.50e-09      1.60e-03       37.75
  93      -647.007582906     -1.90e-08      1.60e-03       37.50
  94      -647.007583151     -2.45e-07      1.66e-03       37.69
  95      -647.007583208     -5.78e-08      1.60e-03       37.60
  96      -647.007583133      7.58e-08      1.60e-03       37.58
  97      -647.007583299     -1.66e-07      1.60e-03       37.66
  98      -647.007583171      1.27e-07      1.61e-03       38.02
  99      -647.007583200     -2.87e-08      1.61e-03       37.58
 100      -647.007583410     -2.10e-07      1.63e-03       38.01
 101      -647.007583440     -2.92e-08      1.61e-03       37.37
 102      -647.007583628     -1.88e-07      1.75e-03       38.14
 103      -647.007583761     -1.33e-07      1.68e-03       37.80
 104      -647.007584020     -2.59e-07      1.68e-03       37.95
 105      -647.007584073     -5.28e-08      1.67e-03       37.80
 106      -647.007584023      5.02e-08      1.66e-03       37.79
 107      -647.007583351      6.71e-07      1.61e-03       37.72
 108      -647.007582334      1.02e-06      1.59e-03       37.72
 109      -647.007579801      2.53e-06      1.69e-03       37.49
 110      -647.007579754      4.72e-08      1.82e-03       37.99
 111      -647.007580575     -8.21e-07      1.56e-03       37.45
 112      -647.007579140      1.44e-06      2.37e-03       37.38
 113      -647.007577154      1.99e-06      3.60e-03       37.45
 114      -647.007577071      8.24e-08      3.70e-03       37.36
 115      -647.007580379     -3.31e-06      1.60e-03       37.69
 116      -647.007582803     -2.42e-06      1.63e-03       37.53
 117      -647.007583006     -2.03e-07      1.59e-03       37.60
 118      -647.007582923      8.34e-08      1.61e-03       37.37
 119      -647.007583779     -8.56e-07      1.61e-03       37.12
 120      -647.007582842      9.37e-07      1.59e-03       37.29
 121      -647.007581787      1.06e-06      1.57e-03       37.83
 122      -647.007581187      5.99e-07      1.58e-03       37.55
 123      -647.007581237     -4.92e-08      1.61e-03       37.24
 124      -647.007581675     -4.38e-07      1.57e-03       37.06
 125      -647.007582219     -5.44e-07      1.59e-03       37.22
 126      -647.007580324      1.90e-06      1.60e-03       37.83
 127      -647.007579568      7.55e-07      1.58e-03       37.45

Error: SCF not converged after 127 cycles
