
================================================================================
          _____________ ________ _______________ ________     _________         
         / ___________// ______ \\_____   _____// ______ \   / ________)        
        / /_________  / /      \ \     | |     / /      \ \ | (_______          
       |  __________|| |        | |    | |    | |        | | \________ \        
        \ \_________ | |        | |    | |     \ \______/ /___________) |       
         \__________||_|        |_|    |_|      \________//____________/        
                                                                                
====================================[ Qcore ]===================================

 Git describe: 2.3.0-3-g778a55bfd
 Compiler:     GNU 9.3.0
 Build type:   Release
 Version:      2.3.0-3-g778a55bfd

 Start time:   Thu Nov  4 19:13:58 2021

 Data directory: /mnt/storage/scratch/zw18965/.local/qcore/share/entos/qcore/data
 Number of threads: 28
 Number of threads was determined by: command line argument

 --------------------------------------------------------------------------------
                                   command: dft                                  
 --------------------------------------------------------------------------------
 AO basis set:                           def2-tzvppd
 Number of AO basis functions:         959
 ECP on atom 21 (Pd):                    28 electrons
 ECP on atom 30 (I):                     28 electrons

 Formula:                                C13H17N2PdI
 Nuclear charge:                       208.000000000
 Total charge:                           0.000000000
 Number of core electrons:              56
 Number of treated electrons:          152

 Number of alpha electrons:             76
 Number of beta electrons:              76
 Number of unpaired electrons:           0
 Spin:                                   0
 Multiplicity:                           singlet

 Theory:                                 dft
 Exchange-correlation functional:        wb97x

 Using range separated hybrid functional
 Range separation parameter:             0.300000000
 Short range exact exchange:             0.263800000
 Total long range exact exchange:        1.000000000

 Method for Coulomb:                     incore_df
 Method for exact exchange:              pre_transformed_df
 Integral threshold:                     1.00e-12
 DF basis set:                           def2-universal-jkfit
 Number of DF basis functions:        1908
 Schwarz screening threshold:            1.00e-10
 Coulomb fitting method:                 Cholesky

 ------------------
  UW12 Correlation 
 ------------------
 Factor for UW12 correlation:            1.000000000
 Same spin scale factor:                 0.000000000
 Calculate indirect contribution:        false
 Method for three electron term:         df_ri
 Auxiliary RI basis set:                 Def2-TZVPPD-RI
 Number of RI basis functions:        2419
 Gaussians in geminal expansion:         4
 UW12 screening threshold:               1.00e-12
 Method for density-fitting:             w(r)
 Number of core spatial orbitals:       23

 Total number of grid points:       219414
 Method for AO orthogonalization:        symmetric
 Threshold for linear dependence:        1.00e-08
 D3BJ dispersion energy:                -0.076101517

 -------------------------------------
  Running restricted closed-shell SCF 
 -------------------------------------
 Max number of iterations:             128
 Conv. threshold (gradient):             1.00e-05
 Conv. threshold (energy):               1.00e-06
 Interpolation scheme:                   adiis+cdiis
 Initial guess:                          SAD

 ---------------------------------------------------------------
                  energy        change          grad        time
 ---------------------------------------------------------------
   0     -1047.481747828                    3.21e+01     1318.13
   1     -1035.665703136      1.18e+01      2.68e+01      201.38
   2      -999.119691056      3.65e+01      4.84e+01      197.85
   3     -1037.116078646     -3.80e+01      1.59e+01      198.10
   4     -1040.317465924     -3.20e+00      2.14e+00      199.81
   5     -1040.251734506      6.57e-02      3.19e+00      199.57
   6     -1040.553622556     -3.02e-01      1.09e+00      199.97
   7     -1040.523396127      3.02e-02      2.07e+00      199.60
   8     -1040.564248866     -4.09e-02      3.98e-01      199.74
   9     -1040.564036722      2.12e-04      4.85e-01      199.95
  10     -1040.566152938     -2.12e-03      3.62e-02      199.42
  11     -1040.566131955      2.10e-05      6.99e-02      200.77
  12     -1040.566211149     -7.92e-05      5.23e-03      199.11
  13     -1040.566212783     -1.63e-06      1.42e-03      197.74
  14     -1040.566213117     -3.34e-07      5.86e-04      198.17
  15     -1040.566213058      5.96e-08      2.23e-04      199.04
  16     -1040.566213005      5.29e-08      1.01e-04      199.65
  17     -1040.566213099     -9.48e-08      4.14e-05      199.16
  18     -1040.566212969      1.30e-07      3.00e-05      198.81
  19     -1040.566213076     -1.07e-07      2.41e-05      199.00
  20     -1040.566213095     -1.94e-08      2.57e-05      200.62
  21     -1040.566213085      1.07e-08      2.57e-05      199.09
  22     -1040.566213024      6.03e-08      9.50e-06      198.32

 SCF converged in 22 iterations.

 Dipole moment (in Debye):              -8.839913       0.418550       3.092459

 Quadrupole moment (in Debye-Angstrom):
                  1            2            3
 1      -125.460255     0.468085    12.316739
 2         0.468085  -112.174069     2.485803
 3        12.316739     2.485803  -154.050838

 Spin-squared expectation <S^2>:         0.000
 Total spin quantum number S:            0.000
 TOTAL ENERGY:                       -1040.566213008

 --------------------------------------------------------------------------------

 End time:                               Thu Nov  4 20:57:20 2021
 Total wall-clock time:               6201.670 seconds
==================================================================================
