
================================================================================
          _____________ ________ _______________ ________     _________         
         / ___________// ______ \\_____   _____// ______ \   / ________)        
        / /_________  / /      \ \     | |     / /      \ \ | (_______          
       |  __________|| |        | |    | |    | |        | | \________ \        
        \ \_________ | |        | |    | |     \ \______/ /___________) |       
         \__________||_|        |_|    |_|      \________//____________/        
                                                                                
====================================[ Qcore ]===================================

 Git describe: 2.3.0-3-g778a55bfd
 Compiler:     GNU 9.3.0
 Build type:   Release
 Version:      2.3.0-3-g778a55bfd

 Start time:   Thu Nov  4 14:41:06 2021

 Data directory: /mnt/storage/scratch/zw18965/.local/qcore/share/entos/qcore/data
 Number of threads: 28
 Number of threads was determined by: command line argument

 --------------------------------------------------------------------------------
                                   command: dft                                  
 --------------------------------------------------------------------------------
 AO basis set:                           def2-tzvppd
 Number of AO basis functions:        1275

 Formula:                                C18H33P
 Nuclear charge:                       156.000000000
 Total charge:                           0.000000000
 Number of electrons:                  156.000000000

 Number of alpha electrons:             78
 Number of beta electrons:              78
 Number of unpaired electrons:           0
 Spin:                                   0
 Multiplicity:                           singlet

 Theory:                                 dft
 Exchange-correlation functional:        wb97x

 Using range separated hybrid functional
 Range separation parameter:             0.300000000
 Short range exact exchange:             0.263800000
 Total long range exact exchange:        1.000000000

 Method for Coulomb:                     incore_df
 Method for exact exchange:              pre_transformed_df
 Integral threshold:                     1.00e-12
 DF basis set:                           def2-universal-jkfit
 Number of DF basis functions:        2072
 Schwarz screening threshold:            1.00e-10
 Coulomb fitting method:                 Cholesky

 ------------------
  UW12 Correlation 
 ------------------
 Factor for UW12 correlation:            1.000000000
 Same spin scale factor:                 0.000000000
 Calculate indirect contribution:        false
 Method for three electron term:         df_ri
 Auxiliary RI basis set:                 Def2-TZVPPD-RI
 Number of RI basis functions:        3082
 Gaussians in geminal expansion:         4
 UW12 screening threshold:               1.00e-12
 Method for density-fitting:             w(r)
 Number of core spatial orbitals:       23

 Total number of grid points:       324120
 Method for AO orthogonalization:        symmetric
 Threshold for linear dependence:        1.00e-08
 D3BJ dispersion energy:                -0.088392330

 -------------------------------------
  Running restricted closed-shell SCF 
 -------------------------------------
 Max number of iterations:             128
 Conv. threshold (gradient):             1.00e-05
 Conv. threshold (energy):               1.00e-06
 Interpolation scheme:                   adiis+cdiis
 Initial guess:                          SAD

 ---------------------------------------------------------------
                  energy        change          grad        time
 ---------------------------------------------------------------
   0     -1056.885553863                    2.76e+01      789.87
   1     -1046.184718849      1.07e+01      3.06e+00      400.52
   2     -1046.332015570     -1.47e-01      2.87e+00      400.72
   3     -1047.200671006     -8.69e-01      4.48e-01      399.44
   4     -1047.202787040     -2.12e-03      4.09e-01      402.85
   5     -1047.211324190     -8.54e-03      6.75e-02      404.25
   6     -1047.211366247     -4.21e-05      5.91e-02      401.64
   7     -1047.211492903     -1.27e-04      5.41e-03      399.96
   8     -1047.211493910     -1.01e-06      1.36e-03      403.68
   9     -1047.211493932     -2.23e-08      5.26e-04      399.91
  10     -1047.211493972     -4.00e-08      1.61e-04      402.39
  11     -1047.211493866      1.06e-07      4.79e-05      397.02
  12     -1047.211493848      1.74e-08      1.72e-05      400.30
  13     -1047.211493847      9.51e-10      1.04e-05      397.98
  14     -1047.211493967     -1.20e-07      1.09e-05      401.79
  15     -1047.211493879      8.88e-08      9.17e-06      399.68

 SCF converged in 15 iterations.

 Dipole moment (in Debye):               0.131304       0.108525       1.325177

 Quadrupole moment (in Debye-Angstrom):
                  1            2            3
 1      -129.605401     0.180458    -0.325081
 2         0.180458  -129.894770    -0.537717
 3        -0.325081    -0.537717  -135.683416

 Spin-squared expectation <S^2>:         0.000
 Total spin quantum number S:            0.000
 TOTAL ENERGY:                       -1047.211493879

 --------------------------------------------------------------------------------

 End time:                               Thu Nov  4 16:42:10 2021
 Total wall-clock time:               7263.580 seconds
==================================================================================
