
================================================================================
          _____________ ________ _______________ ________     _________         
         / ___________// ______ \\_____   _____// ______ \   / ________)        
        / /_________  / /      \ \     | |     / /      \ \ | (_______          
       |  __________|| |        | |    | |    | |        | | \________ \        
        \ \_________ | |        | |    | |     \ \______/ /___________) |       
         \__________||_|        |_|    |_|      \________//____________/        
                                                                                
====================================[ Qcore ]===================================

 Git describe: 2.3.0-1-g21d9df7e5
 Compiler:     GNU 9.1.0
 Build type:   Release
 Version:      2.3.0-1-g21d9df7e5

 Start time:   Tue Oct 26 10:37:40 2021

 Data directory: /work/zw18965/.local/qcore/share/entos/qcore/data
 Number of threads: 24
 Number of threads was determined by: command line argument

 --------------------------------------------------------------------------------
                                   command: dft                                  
 --------------------------------------------------------------------------------
 AO basis set:                           def2-tzvppd
 Number of AO basis functions:         381

 Formula:                                C6H6Se
 Nuclear charge:                        76.000000000
 Total charge:                           0.000000000
 Number of electrons:                   76.000000000

 Number of alpha electrons:             38
 Number of beta electrons:              38
 Number of unpaired electrons:           0
 Spin:                                   0
 Multiplicity:                           singlet

 Theory:                                 dft
 Exchange-correlation functional:        wb97x

 Using range separated hybrid functional
 Range separation parameter:             0.300000000
 Short range exact exchange:             0.263800000
 Total long range exact exchange:        1.000000000

 Method for Coulomb:                     incore_df
 Method for exact exchange:              pre_transformed_df
 Integral threshold:                     1.00e-12
 DF basis set:                           def2-universal-jkfit
 Number of DF basis functions:         824
 Schwarz screening threshold:            1.00e-10
 Coulomb fitting method:                 Cholesky

 ------------------
  UW12 Correlation 
 ------------------
 Factor for UW12 correlation:            1.000000000
 Same spin scale factor:                 0.000000000
 Calculate indirect contribution:        false
 Method for three electron term:         df_ri
 Auxiliary RI basis set:                 Def2-TZVPPD-RI
 Number of RI basis functions:         961
 Gaussians in geminal expansion:         4
 UW12 screening threshold:               1.00e-12
 Method for density-fitting:             w(r)
 Number of core spatial orbitals:       15

 Total number of grid points:        84112
 Method for AO orthogonalization:        symmetric
 Threshold for linear dependence:        1.00e-08
 D3BJ dispersion energy:                -0.022453545

 -------------------------------------
  Running restricted closed-shell SCF 
 -------------------------------------
 Max number of iterations:             128
 Conv. threshold (gradient):             1.00e-05
 Conv. threshold (energy):               1.00e-06
 Interpolation scheme:                   adiis+cdiis
 Initial guess:                          SAD

 ---------------------------------------------------------------
                  energy        change          grad        time
 ---------------------------------------------------------------
   0     -2647.920968622                    1.59e+01       50.14
   1     -2645.278011466      2.64e+00      1.24e+00        6.78
   2     -2645.342173845     -6.42e-02      1.17e+00        6.49
   3     -2645.473014864     -1.31e-01      2.41e-01        6.84
   4     -2645.474000858     -9.86e-04      2.59e-01        6.95
   5     -2645.477324172     -3.32e-03      6.05e-02        6.49
   6     -2645.477316587      7.59e-06      6.77e-02        6.51
   7     -2645.477490241     -1.74e-04      3.66e-03        6.47
   8     -2645.477492919     -2.68e-06      1.08e-03        6.73
   9     -2645.477492998     -7.85e-08      4.38e-04        6.53
  10     -2645.477492997      4.54e-10      1.43e-04        6.76
  11     -2645.477492994      3.16e-09      3.15e-05        6.51
  12     -2645.477492992      1.86e-09      1.37e-05        6.86
  13     -2645.477492996     -3.97e-09      1.10e-05        6.76
  14     -2645.477492995      1.22e-09      5.80e-06        6.75

 SCF converged in 14 iterations.

 Dipole moment (in Debye):               0.858388       0.518391       0.000001

 Quadrupole moment (in Debye-Angstrom):
                  1            2            3
 1       -47.914503    -1.610260    -0.000004
 2        -1.610260   -45.624425    -0.000005
 3        -0.000004    -0.000005   -58.092102

 Spin-squared expectation <S^2>:         0.000
 Total spin quantum number S:            0.000
 TOTAL ENERGY:                       -2645.477492997

 --------------------------------------------------------------------------------

 End time:                               Tue Oct 26 10:40:29 2021
 Total wall-clock time:                169.112 seconds
==================================================================================
