
================================================================================
          _____________ ________ _______________ ________     _________         
         / ___________// ______ \\_____   _____// ______ \   / ________)        
        / /_________  / /      \ \     | |     / /      \ \ | (_______          
       |  __________|| |        | |    | |    | |        | | \________ \        
        \ \_________ | |        | |    | |     \ \______/ /___________) |       
         \__________||_|        |_|    |_|      \________//____________/        
                                                                                
====================================[ Qcore ]===================================

 Git describe: 2.3.0-3-g778a55bfd
 Compiler:     GNU 9.3.0
 Build type:   Release
 Version:      2.3.0-3-g778a55bfd

 Start time:   Wed Nov  3 12:17:17 2021

 Data directory: /mnt/storage/scratch/zw18965/.local/qcore/share/entos/qcore/data
 Number of threads: 28
 Number of threads was determined by: command line argument

 --------------------------------------------------------------------------------
                                   command: dft                                  
 --------------------------------------------------------------------------------
 AO basis set:                           def2-tzvppd
 Number of AO basis functions:         546

 Formula:                                C6HO6Mn
 Nuclear charge:                       110.000000000
 Total charge:                           0.000000000
 Number of electrons:                  110.000000000

 Number of alpha electrons:             55
 Number of beta electrons:              55
 Number of unpaired electrons:           0
 Spin:                                   0
 Multiplicity:                           singlet

 Theory:                                 dft
 Exchange-correlation functional:        wb97x

 Using range separated hybrid functional
 Range separation parameter:             0.300000000
 Short range exact exchange:             0.263800000
 Total long range exact exchange:        1.000000000

 Method for Coulomb:                     incore_df
 Method for exact exchange:              pre_transformed_df
 Integral threshold:                     1.00e-12
 DF basis set:                           def2-universal-jkfit
 Number of DF basis functions:        1194
 Schwarz screening threshold:            1.00e-10
 Coulomb fitting method:                 Cholesky

 ------------------
  UW12 Correlation 
 ------------------
 Factor for UW12 correlation:            1.000000000
 Same spin scale factor:                 0.000000000
 Calculate indirect contribution:        false
 Method for three electron term:         df_ri
 Auxiliary RI basis set:                 Def2-TZVPPD-RI
 Number of RI basis functions:        1368
 Gaussians in geminal expansion:         4
 UW12 screening threshold:               1.00e-12
 Method for density-fitting:             w(r)
 Number of core spatial orbitals:       21

 Total number of grid points:        96290
 Method for AO orthogonalization:        symmetric
 Threshold for linear dependence:        1.00e-08
 D3BJ dispersion energy:                -0.029238896

 -------------------------------------
  Running restricted closed-shell SCF 
 -------------------------------------
 Max number of iterations:             128
 Conv. threshold (gradient):             1.00e-05
 Conv. threshold (energy):               1.00e-06
 Interpolation scheme:                   adiis+cdiis
 Initial guess:                          SAD

 ---------------------------------------------------------------
                  energy        change          grad        time
 ---------------------------------------------------------------
   0     -1835.887454695                    3.53e+01      184.69
   1     -1831.443733083      4.44e+00      3.42e+00       27.53
   2     -1829.298873896      2.14e+00      1.81e+01       27.53
   3     -1831.612740822     -2.31e+00      2.53e+00       27.27
   4     -1831.484172144      1.29e-01      4.87e+00       27.72
   5     -1831.693068412     -2.09e-01      7.84e-01       27.59
   6     -1831.649210952      4.39e-02      2.38e+00       27.61
   7     -1831.703527103     -5.43e-02      4.48e-01       27.56
   8     -1831.696312625      7.21e-03      9.22e-01       27.43
   9     -1831.704225014     -7.91e-03      4.40e-01       27.65
  10     -1831.704735628     -5.11e-04      4.79e-01       27.71
  11     -1831.705751667     -1.02e-03      2.30e-01       27.74
  12     -1831.706267937     -5.16e-04      9.56e-02       27.66
  13     -1831.706337400     -6.95e-05      1.23e-01       27.60
  14     -1831.706474508     -1.37e-04      8.10e-04       27.99
  15     -1831.706474437      7.15e-08      4.22e-04       27.81
  16     -1831.706474433      3.31e-09      1.04e-04       27.64
  17     -1831.706474382      5.15e-08      6.14e-05       27.53
  18     -1831.706474406     -2.40e-08      5.27e-05       27.63
  19     -1831.706474430     -2.37e-08      8.90e-06       27.64

 SCF converged in 19 iterations.

 Dipole moment (in Debye):               2.283431      -0.002791       0.301738

 Quadrupole moment (in Debye-Angstrom):
                  1            2            3
 1       -91.174569     0.018985    -3.356730
 2         0.018985   -82.712793    -0.004379
 3        -3.356730    -0.004379   -81.348698

 Spin-squared expectation <S^2>:         0.000
 Total spin quantum number S:            0.000
 TOTAL ENERGY:                       -1831.706474420

 --------------------------------------------------------------------------------

 End time:                               Wed Nov  3 12:30:02 2021
 Total wall-clock time:                765.047 seconds
==================================================================================
