
================================================================================
          _____________ ________ _______________ ________     _________         
         / ___________// ______ \\_____   _____// ______ \   / ________)        
        / /_________  / /      \ \     | |     / /      \ \ | (_______          
       |  __________|| |        | |    | |    | |        | | \________ \        
        \ \_________ | |        | |    | |     \ \______/ /___________) |       
         \__________||_|        |_|    |_|      \________//____________/        
                                                                                
====================================[ Qcore ]===================================

 Git describe: 2.3.0-3-g778a55bfd
 Compiler:     GNU 9.3.0
 Build type:   Release
 Version:      2.3.0-3-g778a55bfd

 Start time:   Wed Nov  3 11:45:11 2021

 Data directory: /mnt/storage/scratch/zw18965/.local/qcore/share/entos/qcore/data
 Number of threads: 28
 Number of threads was determined by: command line argument

 --------------------------------------------------------------------------------
                                   command: dft                                  
 --------------------------------------------------------------------------------
 AO basis set:                           def2-tzvppd
 Number of AO basis functions:         529

 Formula:                                C6O6Cr
 Nuclear charge:                       108.000000000
 Total charge:                           0.000000000
 Number of electrons:                  108.000000000

 Number of alpha electrons:             54
 Number of beta electrons:              54
 Number of unpaired electrons:           0
 Spin:                                   0
 Multiplicity:                           singlet

 Theory:                                 dft
 Exchange-correlation functional:        wb97x

 Using range separated hybrid functional
 Range separation parameter:             0.300000000
 Short range exact exchange:             0.263800000
 Total long range exact exchange:        1.000000000

 Method for Coulomb:                     incore_df
 Method for exact exchange:              pre_transformed_df
 Integral threshold:                     1.00e-12
 DF basis set:                           def2-universal-jkfit
 Number of DF basis functions:        1176
 Schwarz screening threshold:            1.00e-10
 Coulomb fitting method:                 Cholesky

 ------------------
  UW12 Correlation 
 ------------------
 Factor for UW12 correlation:            1.000000000
 Same spin scale factor:                 0.000000000
 Calculate indirect contribution:        false
 Method for three electron term:         df_ri
 Auxiliary RI basis set:                 Def2-TZVPPD-RI
 Number of RI basis functions:        1329
 Gaussians in geminal expansion:         4
 UW12 screening threshold:               1.00e-12
 Method for density-fitting:             w(r)
 Number of core spatial orbitals:       21

 Total number of grid points:        90292
 Method for AO orthogonalization:        symmetric
 Threshold for linear dependence:        1.00e-08
 D3BJ dispersion energy:                -0.033561417

 -------------------------------------
  Running restricted closed-shell SCF 
 -------------------------------------
 Max number of iterations:             128
 Conv. threshold (gradient):             1.00e-05
 Conv. threshold (energy):               1.00e-06
 Interpolation scheme:                   adiis+cdiis
 Initial guess:                          SAD

 ---------------------------------------------------------------
                  energy        change          grad        time
 ---------------------------------------------------------------
   0     -1728.071877145                    3.59e+01      169.79
   1     -1722.770866415      5.30e+00      1.15e+01       24.19
   2     -1696.038540129      2.67e+01      3.55e+01       24.01
   3     -1720.221521179     -2.42e+01      2.65e+01       24.42
   4     -1724.511920484     -4.29e+00      2.57e+00       24.08
   5     -1724.175767818      3.36e-01      6.68e+00       24.21
   6     -1724.600904329     -4.25e-01      8.02e-01       24.18
   7     -1724.605666456     -4.76e-03      8.82e-01       24.28
   8     -1724.618497670     -1.28e-02      5.29e-01       24.30
   9     -1724.608352454      1.01e-02      1.39e+00       24.13
  10     -1724.618779994     -1.04e-02      4.33e-01       24.09
  11     -1724.620070648     -1.29e-03      4.47e-02       24.41
  12     -1724.619943454      1.27e-04      1.07e-01       24.29
  13     -1724.620139788     -1.96e-04      1.07e-03       24.15
  14     -1724.620140048     -2.61e-07      1.34e-04       24.24
  15     -1724.620140094     -4.52e-08      1.74e-05       24.26
  16     -1724.620140075      1.85e-08      4.58e-06       24.15

 SCF converged in 16 iterations.

 Dipole moment (in Debye):              -0.000097       0.000025      -0.000093

 Quadrupole moment (in Debye-Angstrom):
                  1            2            3
 1       -84.428459    -0.000639     0.000083
 2        -0.000639   -84.428206    -0.000624
 3         0.000083    -0.000624   -84.428743

 Spin-squared expectation <S^2>:         0.000
 Total spin quantum number S:            0.000
 TOTAL ENERGY:                       -1724.620140093

 --------------------------------------------------------------------------------

 End time:                               Wed Nov  3 11:55:18 2021
 Total wall-clock time:                607.027 seconds
==================================================================================
