
================================================================================
          _____________ ________ _______________ ________     _________         
         / ___________// ______ \\_____   _____// ______ \   / ________)        
        / /_________  / /      \ \     | |     / /      \ \ | (_______          
       |  __________|| |        | |    | |    | |        | | \________ \        
        \ \_________ | |        | |    | |     \ \______/ /___________) |       
         \__________||_|        |_|    |_|      \________//____________/        
                                                                                
====================================[ Qcore ]===================================

 Git describe: 2.3.0-3-g778a55bfd
 Compiler:     GNU 9.3.0
 Build type:   Release
 Version:      2.3.0-3-g778a55bfd

 Start time:   Sat Nov  6 14:33:00 2021

 Data directory: /mnt/storage/scratch/zw18965/.local/qcore/share/entos/qcore/data
 Number of threads: 28
 Number of threads was determined by: command line argument

 --------------------------------------------------------------------------------
                                   command: dft                                  
 --------------------------------------------------------------------------------
 AO basis set:                           def2-tzvppd
 Number of AO basis functions:        1322
 ECP on atom 25 (Ru):                    28 electrons

 Formula:                                C16H31P2ClRu
 Nuclear charge:                       218.000000000
 Total charge:                           0.000000000
 Number of core electrons:              28
 Number of treated electrons:          190

 Number of alpha electrons:             95
 Number of beta electrons:              95
 Number of unpaired electrons:           0
 Spin:                                   0
 Multiplicity:                           singlet

 Theory:                                 dft
 Exchange-correlation functional:        wb97x

 Using range separated hybrid functional
 Range separation parameter:             0.300000000
 Short range exact exchange:             0.263800000
 Total long range exact exchange:        1.000000000

 Method for Coulomb:                     incore_df
 Method for exact exchange:              pre_transformed_df
 Integral threshold:                     1.00e-12
 DF basis set:                           def2-universal-jkfit
 Number of DF basis functions:        2397
 Schwarz screening threshold:            1.00e-10
 Coulomb fitting method:                 Cholesky

 ------------------
  UW12 Correlation 
 ------------------
 Factor for UW12 correlation:            1.000000000
 Same spin scale factor:                 0.000000000
 Calculate indirect contribution:        false
 Method for three electron term:         df_ri
 Auxiliary RI basis set:                 Def2-TZVPPD-RI
 Number of RI basis functions:        3274
 Gaussians in geminal expansion:         4
 UW12 screening threshold:               1.00e-12
 Method for density-fitting:             w(r)
 Number of core spatial orbitals:       35

 Total number of grid points:       321998
 Method for AO orthogonalization:        symmetric
 Threshold for linear dependence:        1.00e-08
 D3BJ dispersion energy:                -0.116518237

 -------------------------------------
  Running restricted closed-shell SCF 
 -------------------------------------
 Max number of iterations:             128
 Conv. threshold (gradient):             1.00e-05
 Conv. threshold (energy):               1.00e-06
 Interpolation scheme:                   adiis+cdiis
 Initial guess:                          SAD

 ---------------------------------------------------------------
                  energy        change          grad        time
 ---------------------------------------------------------------
   0     -1875.984645978                    4.81e+01     1619.65
   1     -1863.437042764      1.25e+01      1.73e+01      576.10
   2     -1852.214467872      1.12e+01      3.29e+01      574.30
   3     -1865.376833682     -1.32e+01      1.15e+01      569.65
   4     -1865.631228507     -2.54e-01      1.19e+01      563.57
   5     -1866.216809470     -5.86e-01      3.47e+00      567.56
   6     -1866.251206293     -3.44e-02      2.76e+00      572.03
   7     -1866.326609203     -7.54e-02      2.81e-01      580.03
   8     -1866.324413391      2.20e-03      4.15e-01      578.28
   9     -1866.329622987     -5.21e-03      1.05e-01      577.64
  10     -1866.329447769      1.75e-04      2.00e-01      578.18
  11     -1866.329768350     -3.21e-04      5.23e-02      576.06
  12     -1866.329709762      5.86e-05      9.99e-02      567.50
  13     -1866.329799828     -9.01e-05      2.63e-03      573.86
  14     -1866.329800248     -4.20e-07      1.19e-03      557.54
  15     -1866.329800248      5.83e-10      5.32e-04      574.99
  16     -1866.329800305     -5.76e-08      1.85e-04      573.11
  17     -1866.329800411     -1.05e-07      7.35e-05      564.03
  18     -1866.329800374      3.69e-08      3.72e-05      565.15
  19     -1866.329800363      1.05e-08      3.74e-05      567.32
  20     -1866.329800336      2.69e-08      3.16e-05      561.40
  21     -1866.329800274      6.21e-08      3.24e-05      559.61
  22     -1866.329800426     -1.52e-07      2.47e-05      568.87
  23     -1866.329800164      2.62e-07      3.65e-05      565.87
  24     -1866.329800367     -2.03e-07      4.14e-05      568.67
  25     -1866.329800413     -4.60e-08      2.54e-05      562.54
  26     -1866.329800381      3.27e-08      3.67e-05      572.32
  27     -1866.329800294      8.63e-08      4.07e-05      576.74
  28     -1866.329800416     -1.22e-07      3.47e-05      565.08
  29     -1866.329800297      1.19e-07      4.36e-05      569.70
  30     -1866.329800261      3.59e-08      2.22e-05      574.96
  31     -1866.329800320     -5.87e-08      2.30e-05      574.14
  32     -1866.329800305      1.44e-08      5.70e-05      562.60
  33     -1866.329800272      3.32e-08      3.59e-05      573.36
  34     -1866.329800505     -2.33e-07      2.83e-05      574.20
  35     -1866.329800364      1.41e-07      4.76e-05      573.95
  36     -1866.329800280      8.39e-08      4.84e-05      563.47
  37     -1866.329800333     -5.35e-08      2.62e-05      564.41
  38     -1866.329800186      1.48e-07      3.53e-05      564.98
  39     -1866.329800236     -5.04e-08      2.80e-05      563.28
  40     -1866.329800407     -1.70e-07      3.93e-05      564.75
  41     -1866.329800346      6.10e-08      2.82e-05      564.94
  42     -1866.329800333      1.25e-08      4.00e-05      565.52
  43     -1866.329800380     -4.72e-08      2.90e-05      557.46
  44     -1866.329800467     -8.65e-08      2.41e-05      569.38
  45     -1866.329800451      1.54e-08      2.24e-05      562.48
  46     -1866.329800330      1.22e-07      3.17e-05      569.71
  47     -1866.329800349     -1.94e-08      4.71e-05      568.80
  48     -1866.329800274      7.47e-08      3.58e-05      557.63
  49     -1866.329800265      9.18e-09      3.01e-05      564.42
  50     -1866.329800287     -2.22e-08      6.21e-05      559.46
  51     -1866.329800236      5.10e-08      3.34e-05      578.01
  52     -1866.329800303     -6.63e-08      3.12e-05      575.08
  53     -1866.329800432     -1.29e-07      4.06e-05      568.54
  54     -1866.329800357      7.50e-08      2.92e-05      572.80
  55     -1866.329800415     -5.77e-08      3.26e-05      575.39
  56     -1866.329800294      1.21e-07      3.15e-05      575.25
  57     -1866.329800312     -1.82e-08      3.97e-05      576.19
  58     -1866.329800382     -6.99e-08      2.28e-05      581.06
  59     -1866.329800267      1.15e-07      3.43e-05      571.83
  60     -1866.329800250      1.74e-08      2.85e-05      570.03
  61     -1866.329800331     -8.15e-08      3.25e-05      573.94
  62     -1866.329800462     -1.31e-07      2.24e-05      560.88
  63     -1866.329800274      1.88e-07      3.05e-05      569.87
  64     -1866.329800375     -1.01e-07      2.54e-05      572.76
  65     -1866.329800316      5.87e-08      2.92e-05      563.52
  66     -1866.329800392     -7.64e-08      2.61e-05      558.58
  67     -1866.329800413     -2.07e-08      4.44e-05      558.98
  68     -1866.329800311      1.02e-07      3.88e-05      564.71
  69     -1866.329800381     -7.07e-08      2.49e-05      565.88
  70     -1866.329800292      8.99e-08      3.46e-05      565.18
  71     -1866.329800309     -1.76e-08      4.04e-05      569.52
  72     -1866.329800487     -1.78e-07      2.23e-05      562.83
  73     -1866.329800181      3.06e-07      2.84e-05      563.20
  74     -1866.329800322     -1.42e-07      2.93e-05      566.56
  75     -1866.329800204      1.18e-07      3.31e-05      559.23
  76     -1866.329800399     -1.95e-07      2.81e-05      564.17
  77     -1866.329800316      8.29e-08      3.14e-05      568.16
  78     -1866.329800273      4.38e-08      2.78e-05      561.24
  79     -1866.329800438     -1.66e-07      3.90e-05      573.57
  80     -1866.329800208      2.30e-07      5.54e-05      578.19
  81     -1866.329800447     -2.38e-07      2.44e-05      561.56
  82     -1866.329800333      1.13e-07      4.45e-05      569.92
  83     -1866.329800372     -3.90e-08      3.59e-05      573.84
  84     -1866.329800272      1.00e-07      4.86e-05      566.99
  85     -1866.329800363     -9.11e-08      5.75e-05      574.44
  86     -1866.329800320      4.25e-08      2.44e-05      575.14
  87     -1866.329800402     -8.19e-08      3.35e-05      580.05
  88     -1866.329800215      1.87e-07      3.13e-05      565.18
  89     -1866.329800275     -5.94e-08      2.08e-05      563.70
  90     -1866.329800282     -7.66e-09      2.28e-05      559.05
  91     -1866.329800329     -4.66e-08      3.47e-05      565.73
  92     -1866.329800289      4.04e-08      2.35e-05      568.50
  93     -1866.329800277      1.12e-08      3.85e-05      563.66
  94     -1866.329800365     -8.77e-08      4.72e-05      568.62
  95     -1866.329800365      4.62e-10      4.59e-05      563.33
  96     -1866.329800415     -5.01e-08      2.97e-05      567.07
  97     -1866.329800217      1.98e-07      1.78e-05      569.63
  98     -1866.329800380     -1.63e-07      2.36e-05      571.92
  99     -1866.329800354      2.55e-08      3.05e-05      563.64
 100     -1866.329800118      2.37e-07      2.81e-05      558.78
 101     -1866.329800314     -1.97e-07      3.53e-05      561.14
 102     -1866.329800360     -4.58e-08      5.98e-05      562.59
 103     -1866.329800176      1.84e-07      2.78e-05      556.74
 104     -1866.329800426     -2.49e-07      4.41e-05      560.25
 105     -1866.329800334      9.14e-08      2.33e-05      569.48
 106     -1866.329800396     -6.15e-08      2.39e-05      580.59
 107     -1866.329800349      4.66e-08      2.70e-05      589.61
 108     -1866.329800192      1.57e-07      4.45e-05      571.98
 109     -1866.329800337     -1.45e-07      2.49e-05      574.54
 110     -1866.329800329      8.27e-09      3.61e-05      571.05
 111     -1866.329800342     -1.37e-08      2.07e-05      570.30
 112     -1866.329800278      6.49e-08      3.26e-05      564.11
 113     -1866.329800311     -3.34e-08      2.28e-05      564.54
 114     -1866.329800350     -3.89e-08      2.12e-05      563.05
 115     -1866.329800288      6.22e-08      3.30e-05      563.06
 116     -1866.329800295     -7.74e-09      3.33e-05      556.99
 117     -1866.329800353     -5.75e-08      3.76e-05      560.81
 118     -1866.329800254      9.91e-08      2.32e-05      567.65
 119     -1866.329800285     -3.09e-08      4.10e-05      564.95
 120     -1866.329800313     -2.80e-08      2.99e-05      564.20
 121     -1866.329800435     -1.22e-07      3.17e-05      564.79
 122     -1866.329800189      2.46e-07      5.18e-05      558.79
 123     -1866.329800379     -1.90e-07      3.41e-05      566.83
 124     -1866.329800305      7.39e-08      4.35e-05      565.46
 125     -1866.329800265      3.95e-08      2.63e-05      564.51
 126     -1866.329800347     -8.19e-08      2.95e-05      586.18
 127     -1866.329800327      1.98e-08      2.74e-05      567.72

Error: SCF not converged after 127 cycles
