
================================================================================
          _____________ ________ _______________ ________     _________         
         / ___________// ______ \\_____   _____// ______ \   / ________)        
        / /_________  / /      \ \     | |     / /      \ \ | (_______          
       |  __________|| |        | |    | |    | |        | | \________ \        
        \ \_________ | |        | |    | |     \ \______/ /___________) |       
         \__________||_|        |_|    |_|      \________//____________/        
                                                                                
====================================[ Qcore ]===================================

 Git describe: 2.3.0-3-g778a55bfd
 Compiler:     GNU 9.3.0
 Build type:   Release
 Version:      2.3.0-3-g778a55bfd

 Start time:   Thu Nov  4 16:42:39 2021

 Data directory: /mnt/storage/scratch/zw18965/.local/qcore/share/entos/qcore/data
 Number of threads: 28
 Number of threads was determined by: command line argument

 --------------------------------------------------------------------------------
                                   command: dft                                  
 --------------------------------------------------------------------------------
 AO basis set:                           def2-tzvppd
 Number of AO basis functions:        1027
 ECP on atom 1 (Ir):                     60 electrons

 Formula:                                C9H21O2P2Cl2Ir
 Nuclear charge:                       232.000000000
 Total charge:                           0.000000000
 Number of core electrons:              60
 Number of treated electrons:          172

 Number of alpha electrons:             86
 Number of beta electrons:              86
 Number of unpaired electrons:           0
 Spin:                                   0
 Multiplicity:                           singlet

 Theory:                                 dft
 Exchange-correlation functional:        wb97x

 Using range separated hybrid functional
 Range separation parameter:             0.300000000
 Short range exact exchange:             0.263800000
 Total long range exact exchange:        1.000000000

 Method for Coulomb:                     incore_df
 Method for exact exchange:              pre_transformed_df
 Integral threshold:                     1.00e-12
 DF basis set:                           def2-universal-jkfit
 Number of DF basis functions:        1946
 Schwarz screening threshold:            1.00e-10
 Coulomb fitting method:                 Cholesky

 ------------------
  UW12 Correlation 
 ------------------
 Factor for UW12 correlation:            1.000000000
 Same spin scale factor:                 0.000000000
 Calculate indirect contribution:        false
 Method for three electron term:         df_ri
 Auxiliary RI basis set:                 Def2-TZVPPD-RI
 Number of RI basis functions:        2580
 Gaussians in geminal expansion:         4
 UW12 screening threshold:               1.00e-12
 Method for density-fitting:             w(r)
 Number of core spatial orbitals:       35

 Total number of grid points:       237586
 Method for AO orthogonalization:        symmetric
 Threshold for linear dependence:        1.00e-08
 D3BJ dispersion energy:                -0.090725884

 -------------------------------------
  Running restricted closed-shell SCF 
 -------------------------------------
 Max number of iterations:             128
 Conv. threshold (gradient):             1.00e-05
 Conv. threshold (energy):               1.00e-06
 Interpolation scheme:                   adiis+cdiis
 Initial guess:                          SAD

 ---------------------------------------------------------------
                  energy        change          grad        time
 ---------------------------------------------------------------
   0     -2218.777067773                    1.34e+02     1015.47
   1     -2211.928783432      6.85e+00      1.15e+01      238.39
   2     -2203.025234622      8.90e+00      2.17e+01      237.79
   3     -2212.901418265     -9.88e+00      8.89e+00      238.75
   4     -2213.518565487     -6.17e-01      3.82e+00      237.91
   5     -2213.635761323     -1.17e-01      2.46e+00      238.44
   6     -2213.732742530     -9.70e-02      1.00e+00      239.27
   7     -2213.725029375      7.71e-03      1.35e+00      240.97
   8     -2213.741171728     -1.61e-02      1.38e-01      238.39
   9     -2213.740967266      2.04e-04      1.96e-01      236.27
  10     -2213.741584623     -6.17e-04      4.53e-02      237.63
  11     -2213.741568895      1.57e-05      7.01e-02      236.47
  12     -2213.741627821     -5.89e-05      1.39e-03      238.80
  13     -2213.741627878     -5.72e-08      6.96e-04      238.66
  14     -2213.741627842      3.61e-08      3.13e-04      238.56
  15     -2213.741627783      5.83e-08      1.06e-04      237.64
  16     -2213.741627808     -2.51e-08      2.72e-05      240.12
  17     -2213.741627783      2.57e-08      1.60e-05      240.78
  18     -2213.741627733      4.95e-08      6.06e-06      238.19

 SCF converged in 18 iterations.

 Dipole moment (in Debye):               0.304525       1.981371       0.694110

 Quadrupole moment (in Debye-Angstrom):
                  1            2            3
 1      -112.526451     4.604936     1.191568
 2         4.604936  -159.870330    -6.588467
 3         1.191568    -6.588467  -158.291349

 Spin-squared expectation <S^2>:         0.000
 Total spin quantum number S:            0.000
 TOTAL ENERGY:                       -2213.741627804

 --------------------------------------------------------------------------------

 End time:                               Thu Nov  4 18:16:58 2021
 Total wall-clock time:               5659.581 seconds
==================================================================================
