
================================================================================
          _____________ ________ _______________ ________     _________         
         / ___________// ______ \\_____   _____// ______ \   / ________)        
        / /_________  / /      \ \     | |     / /      \ \ | (_______          
       |  __________|| |        | |    | |    | |        | | \________ \        
        \ \_________ | |        | |    | |     \ \______/ /___________) |       
         \__________||_|        |_|    |_|      \________//____________/        
                                                                                
====================================[ Qcore ]===================================

 Git describe: 2.3.0-3-g778a55bfd
 Compiler:     GNU 9.3.0
 Build type:   Release
 Version:      2.3.0-3-g778a55bfd

 Start time:   Sat Nov  6 09:12:35 2021

 Data directory: /mnt/storage/scratch/zw18965/.local/qcore/share/entos/qcore/data
 Number of threads: 28
 Number of threads was determined by: command line argument

 --------------------------------------------------------------------------------
                                   command: dft                                  
 --------------------------------------------------------------------------------
 AO basis set:                           def2-tzvppd
 Number of AO basis functions:        1223
 ECP on atom 1 (Mo):                     28 electrons

 Formula:                                C12H27O3P3Mo
 Nuclear charge:                       210.000000000
 Total charge:                           0.000000000
 Number of core electrons:              28
 Number of treated electrons:          182

 Number of alpha electrons:             91
 Number of beta electrons:              91
 Number of unpaired electrons:           0
 Spin:                                   0
 Multiplicity:                           singlet

 Theory:                                 dft
 Exchange-correlation functional:        wb97x

 Using range separated hybrid functional
 Range separation parameter:             0.300000000
 Short range exact exchange:             0.263800000
 Total long range exact exchange:        1.000000000

 Method for Coulomb:                     incore_df
 Method for exact exchange:              pre_transformed_df
 Integral threshold:                     1.00e-12
 DF basis set:                           def2-universal-jkfit
 Number of DF basis functions:        2256
 Schwarz screening threshold:            1.00e-10
 Coulomb fitting method:                 Cholesky

 ------------------
  UW12 Correlation 
 ------------------
 Factor for UW12 correlation:            1.000000000
 Same spin scale factor:                 0.000000000
 Calculate indirect contribution:        false
 Method for three electron term:         df_ri
 Auxiliary RI basis set:                 Def2-TZVPPD-RI
 Number of RI basis functions:        3026
 Gaussians in geminal expansion:         4
 UW12 screening threshold:               1.00e-12
 Method for density-fitting:             w(r)
 Number of core spatial orbitals:       34

 Total number of grid points:       291782
 Method for AO orthogonalization:        symmetric
 Threshold for linear dependence:        1.00e-08
 D3BJ dispersion energy:                -0.111995573

 -------------------------------------
  Running restricted closed-shell SCF 
 -------------------------------------
 Max number of iterations:             128
 Conv. threshold (gradient):             1.00e-05
 Conv. threshold (energy):               1.00e-06
 Interpolation scheme:                   adiis+cdiis
 Initial guess:                          SAD

 ---------------------------------------------------------------
                  energy        change          grad        time
 ---------------------------------------------------------------
   0     -1798.279055568                    3.47e+01     1265.58
   1     -1831.004098015     -3.27e+01      9.56e+00      422.54
   2     -1764.852649148      6.62e+01      6.94e+01      421.32
   3     -1822.752314435     -5.79e+01      3.96e+01      422.00
   4     -1828.411521035     -5.66e+00      1.74e+01      427.18
   5     -1831.158143338     -2.75e+00      1.30e+01      428.17
   6     -1833.305404110     -2.15e+00      3.10e+00      424.79
   7     -1833.344317471     -3.89e-02      3.98e+00      423.98
   8     -1833.512925336     -1.69e-01      8.07e+00      427.87
   9     -1833.595314133     -8.24e-02      5.65e+00      425.53
  10     -1833.857874731     -2.63e-01      9.58e-01      426.43
  11     -1833.828250393      2.96e-02      1.22e+00      425.07
  12     -1833.884421916     -5.62e-02      7.59e-01      429.35
  13     -1833.829603376      5.48e-02      3.10e+00      425.86
  14     -1833.885076190     -5.55e-02      8.59e-01      424.81
  15     -1833.890506016     -5.43e-03      3.68e-01      425.96
  16     -1833.890199963      3.06e-04      5.60e-01      419.84
  17     -1833.891992443     -1.79e-03      2.90e-01      423.22
  18     -1833.892242888     -2.50e-04      3.31e-01      427.19
  19     -1833.892626362     -3.83e-04      3.06e-01      426.43
  20     -1833.893189380     -5.63e-04      2.09e-01      432.77
  21     -1833.893133556      5.58e-05      2.91e-01      426.50
  22     -1833.893666981     -5.33e-04      1.43e-01      424.47
  23     -1833.893625573      4.14e-05      2.28e-01      429.46
  24     -1833.893844135     -2.19e-04      1.55e-01      420.45
  25     -1833.893950839     -1.07e-04      1.47e-01      424.47
  26     -1833.893868641      8.22e-05      1.93e-01      435.34
  27     -1833.894098111     -2.29e-04      8.84e-02      429.48
  28     -1833.893959012      1.39e-04      1.73e-01      429.85
  29     -1833.894184049     -2.25e-04      2.54e-02      429.63
  30     -1833.894213246     -2.92e-05      2.03e-02      432.48
  31     -1833.894198207      1.50e-05      2.69e-02      423.47
  32     -1833.893862620      3.36e-04      6.21e-02      422.51
  33     -1833.893968602     -1.06e-04      5.64e-02      428.31
  34     -1833.894181181     -2.13e-04      1.98e-02      426.89
  35     -1833.894203136     -2.20e-05      1.87e-02      424.04
  36     -1833.894196723      6.41e-06      1.13e-02      429.14
  37     -1833.894201965     -5.24e-06      1.05e-02      428.85
  38     -1833.894216849     -1.49e-05      1.12e-02      427.06
  39     -1833.894237446     -2.06e-05      9.67e-03      426.00
  40     -1833.894281318     -4.39e-05      1.03e-02      424.56
  41     -1833.894287418     -6.10e-06      1.09e-02      425.57
  42     -1833.894230180      5.72e-05      1.15e-02      426.17
  43     -1833.894120427      1.10e-04      9.93e-03      423.36
  44     -1833.894018137      1.02e-04      8.28e-03      426.70
  45     -1833.893971315      4.68e-05      7.16e-03      423.55
  46     -1833.893930678      4.06e-05      7.64e-03      425.87
  47     -1833.893911312      1.94e-05      8.10e-03      424.86
  48     -1833.893921129     -9.82e-06      7.37e-03      424.16
  49     -1833.893906307      1.48e-05      6.95e-03      425.87
  50     -1833.893927217     -2.09e-05      9.47e-03      423.57
  51     -1833.893914616      1.26e-05      5.66e-03      427.31
  52     -1833.893917049     -2.43e-06      5.40e-03      425.50
  53     -1833.893923625     -6.58e-06      4.23e-03      428.97
  54     -1833.893931505     -7.88e-06      3.92e-03      422.12
  55     -1833.893934894     -3.39e-06      4.12e-03      429.66
  56     -1833.893938367     -3.47e-06      3.88e-03      422.36
  57     -1833.893938341      2.60e-08      4.12e-03      425.22
  58     -1833.893940712     -2.37e-06      4.24e-03      430.60
  59     -1833.893944611     -3.90e-06      3.87e-03      425.18
  60     -1833.893947834     -3.22e-06      4.25e-03      424.44
  61     -1833.893949091     -1.26e-06      4.05e-03      427.63
  62     -1833.893952789     -3.70e-06      4.06e-03      426.80
  63     -1833.893959146     -6.36e-06      4.37e-03      428.81
  64     -1833.893962711     -3.57e-06      3.75e-03      422.40
  65     -1833.893966225     -3.51e-06      4.06e-03      425.99
  66     -1833.893968391     -2.17e-06      3.95e-03      422.89
  67     -1833.893973399     -5.01e-06      4.07e-03      428.51
  68     -1833.893977948     -4.55e-06      4.02e-03      421.29
  69     -1833.893980451     -2.50e-06      3.78e-03      424.89
  70     -1833.893983837     -3.39e-06      3.85e-03      428.18
  71     -1833.893988859     -5.02e-06      3.52e-03      421.25
  72     -1833.893995143     -6.28e-06      3.79e-03      429.03
  73     -1833.893998924     -3.78e-06      3.61e-03      426.96
  74     -1833.893999078     -1.53e-07      2.89e-03      427.07
  75     -1833.894004316     -5.24e-06      3.69e-03      427.30
  76     -1833.894013231     -8.92e-06      3.24e-03      418.94
  77     -1833.894020594     -7.36e-06      3.81e-03      426.25
  78     -1833.894025313     -4.72e-06      2.53e-03      425.18
  79     -1833.894035173     -9.86e-06      2.33e-03      424.63
  80     -1833.894042616     -7.44e-06      2.37e-03      424.14
  81     -1833.894048746     -6.13e-06      2.99e-03      428.26
  82     -1833.894049826     -1.08e-06      2.91e-03      431.17
  83     -1833.894050370     -5.44e-07      1.53e-03      424.92
  84     -1833.894051588     -1.22e-06      1.71e-03      430.17
  85     -1833.894051235      3.53e-07      1.23e-03      422.74
  86     -1833.894051518     -2.83e-07      1.21e-03      424.00
  87     -1833.894051684     -1.66e-07      9.31e-04      426.62
  88     -1833.894051447      2.38e-07      6.18e-04      421.39
  89     -1833.894051270      1.77e-07      1.47e-03      423.49
  90     -1833.894051302     -3.25e-08      5.92e-04      423.45
  91     -1833.894051394     -9.16e-08      5.66e-04      424.59
  92     -1833.894051187      2.07e-07      5.36e-04      424.50
  93     -1833.894051025      1.62e-07      5.08e-04      425.64
  94     -1833.894051038     -1.34e-08      4.88e-04      426.06
  95     -1833.894050992      4.66e-08      4.67e-04      423.36
  96     -1833.894051008     -1.61e-08      5.00e-04      423.46
  97     -1833.894050998      1.01e-08      1.24e-03      427.23
  98     -1833.894050956      4.20e-08      7.06e-04      423.63
  99     -1833.894050890      6.56e-08      4.91e-04      423.98
 100     -1833.894050759      1.31e-07      4.10e-04      425.92
 101     -1833.894050746      1.24e-08      4.48e-04      424.70
 102     -1833.894050658      8.84e-08      6.07e-04      419.05
 103     -1833.894050855     -1.97e-07      5.01e-04      425.87
 104     -1833.894050791      6.48e-08      3.86e-04      417.38
 105     -1833.894050427      3.64e-07      8.93e-04      419.98
 106     -1833.894050727     -3.00e-07      9.69e-04      424.77
 107     -1833.894050440      2.87e-07      4.52e-04      428.42
 108     -1833.894050532     -9.20e-08      1.42e-03      423.71
 109     -1833.894050327      2.05e-07      3.58e-04      420.44
 110     -1833.894050559     -2.33e-07      4.76e-04      420.07
 111     -1833.894050376      1.83e-07      3.59e-04      419.51
 112     -1833.894050306      6.99e-08      6.19e-04      420.14
 113     -1833.894050367     -6.02e-08      5.52e-04      425.30
 114     -1833.894050527     -1.60e-07      5.53e-04      418.18
 115     -1833.894050336      1.90e-07      1.04e-03      421.79
 116     -1833.894050373     -3.68e-08      1.13e-03      422.49
 117     -1833.894050167      2.06e-07      5.74e-04      416.97
 118     -1833.894050266     -9.83e-08      6.34e-04      425.82
 119     -1833.894050208      5.75e-08      6.96e-04      423.23
 120     -1833.894050107      1.01e-07      3.15e-04      425.54
 121     -1833.894050409     -3.02e-07      3.73e-04      426.60
 122     -1833.894050222      1.87e-07      3.78e-04      420.49
 123     -1833.894050066      1.55e-07      3.48e-04      421.21
 124     -1833.894049906      1.61e-07      4.81e-04      422.62
 125     -1833.894050153     -2.47e-07      3.50e-04      421.64
 126     -1833.894050227     -7.41e-08      3.19e-04      426.49
 127     -1833.894050027      2.00e-07      8.97e-04      420.10

Error: SCF not converged after 127 cycles
