
================================================================================
          _____________ ________ _______________ ________     _________         
         / ___________// ______ \\_____   _____// ______ \   / ________)        
        / /_________  / /      \ \     | |     / /      \ \ | (_______          
       |  __________|| |        | |    | |    | |        | | \________ \        
        \ \_________ | |        | |    | |     \ \______/ /___________) |       
         \__________||_|        |_|    |_|      \________//____________/        
                                                                                
====================================[ Qcore ]===================================

 Git describe: 2.3.0-1-g21d9df7e5
 Compiler:     GNU 9.1.0
 Build type:   Release
 Version:      2.3.0-1-g21d9df7e5

 Start time:   Tue Oct 26 10:57:15 2021

 Data directory: /work/zw18965/.local/qcore/share/entos/qcore/data
 Number of threads: 24
 Number of threads was determined by: command line argument

 --------------------------------------------------------------------------------
                                   command: dft                                  
 --------------------------------------------------------------------------------
 AO basis set:                           def2-tzvppd
 Number of AO basis functions:         773
 ECP on atom 1 (Mo):                     28 electrons

 Formula:                                C9H9N3O3Mo
 Nuclear charge:                       150.000000000
 Total charge:                           0.000000000
 Number of core electrons:              28
 Number of treated electrons:          122

 Number of alpha electrons:             61
 Number of beta electrons:              61
 Number of unpaired electrons:           0
 Spin:                                   0
 Multiplicity:                           singlet

 Theory:                                 dft
 Exchange-correlation functional:        wb97x

 Using range separated hybrid functional
 Range separation parameter:             0.300000000
 Short range exact exchange:             0.263800000
 Total long range exact exchange:        1.000000000

 Method for Coulomb:                     incore_df
 Method for exact exchange:              pre_transformed_df
 Integral threshold:                     1.00e-12
 DF basis set:                           def2-universal-jkfit
 Number of DF basis functions:        1554
 Schwarz screening threshold:            1.00e-10
 Coulomb fitting method:                 Cholesky

 ------------------
  UW12 Correlation 
 ------------------
 Factor for UW12 correlation:            1.000000000
 Same spin scale factor:                 0.000000000
 Calculate indirect contribution:        false
 Method for three electron term:         df_ri
 Auxiliary RI basis set:                 Def2-TZVPPD-RI
 Number of RI basis functions:        1907
 Gaussians in geminal expansion:         4
 UW12 screening threshold:               1.00e-12
 Method for density-fitting:             w(r)
 Number of core spatial orbitals:       19

 Total number of grid points:       163712
 Method for AO orthogonalization:        symmetric
 Threshold for linear dependence:        1.00e-08
 D3BJ dispersion energy:                -0.046473381

 -------------------------------------
  Running restricted closed-shell SCF 
 -------------------------------------
 Max number of iterations:             128
 Conv. threshold (gradient):             1.00e-05
 Conv. threshold (energy):               1.00e-06
 Interpolation scheme:                   adiis+cdiis
 Initial guess:                          SAD

 ---------------------------------------------------------------
                  energy        change          grad        time
 ---------------------------------------------------------------
   0      -819.991860501                    2.30e+01      283.69
   1      -818.748594472      1.24e+00      7.81e+00       71.51
   2      -804.738725370      1.40e+01      2.86e+01       73.45
   3      -818.601270193     -1.39e+01      1.06e+01       72.08
   4      -819.805867840     -1.20e+00      1.30e+00       71.93
   5      -819.753882474      5.20e-02      1.92e+00       71.79
   6      -819.861685506     -1.08e-01      3.54e-01       74.54
   7      -819.861413689      2.72e-04      4.37e-01       71.59
   8      -819.864836225     -3.42e-03      1.92e-01       73.32
   9      -819.864159859      6.76e-04      2.50e-01       72.24
  10      -819.865441992     -1.28e-03      3.26e-02       73.72
  11      -819.865479638     -3.76e-05      4.64e-02       71.53
  12      -819.865550738     -7.11e-05      1.35e-02       73.77
  13      -819.865584016     -3.33e-05      1.33e-02       72.26
  14      -819.865614040     -3.00e-05      1.31e-02       72.39
  15      -819.865703869     -8.98e-05      1.28e-02       71.46
  16      -819.865938837     -2.35e-04      1.05e-02       72.27
  17      -819.866000955     -6.21e-05      9.64e-03       71.49
  18      -819.866056906     -5.60e-05      8.26e-03       71.11
  19      -819.866195050     -1.38e-04      1.23e-02       72.76
  20      -819.866190904      4.15e-06      6.79e-03       74.05
  21      -819.866203988     -1.31e-05      4.12e-03       72.19
  22      -819.866206042     -2.05e-06      2.34e-03       71.94
  23      -819.866204087      1.95e-06      3.21e-03       73.54
  24      -819.866201386      2.70e-06      2.94e-03       72.34
  25      -819.866199207      2.18e-06      1.43e-03       74.37
  26      -819.866195786      3.42e-06      1.91e-03       74.10
  27      -819.866194629      1.16e-06      1.14e-03       71.54
  28      -819.866194805     -1.76e-07      7.29e-04       71.40
  29      -819.866194915     -1.09e-07      5.17e-04       72.49
  30      -819.866194915     -4.26e-10      5.27e-04       72.01
  31      -819.866195005     -9.01e-08      5.18e-04       71.55
  32      -819.866195100     -9.43e-08      4.90e-04       71.99
  33      -819.866195164     -6.39e-08      4.63e-04       72.89
  34      -819.866195212     -4.87e-08      4.45e-04       74.87
  35      -819.866195250     -3.76e-08      4.07e-04       72.49
  36      -819.866195436     -1.86e-07      3.65e-04       71.78
  37      -819.866195465     -2.90e-08      2.90e-04       72.00
  38      -819.866195630     -1.66e-07      1.90e-04       71.75
  39      -819.866195528      1.03e-07      1.15e-04       72.62
  40      -819.866195499      2.86e-08      4.10e-05       71.73
  41      -819.866195498      7.11e-10      5.35e-05       71.92
  42      -819.866195474      2.47e-08      2.83e-05       72.33
  43      -819.866195462      1.19e-08      3.11e-05       72.34
  44      -819.866195439      2.25e-08      2.70e-05       71.52
  45      -819.866195453     -1.43e-08      3.78e-05       72.29
  46      -819.866195431      2.24e-08      5.00e-05       72.29
  47      -819.866195432     -6.91e-10      3.86e-05       72.78
  48      -819.866195447     -1.57e-08      2.89e-05       72.95
  49      -819.866195461     -1.32e-08      3.27e-05       73.95
  50      -819.866195463     -2.41e-09      5.76e-05       71.71
  51      -819.866195447      1.60e-08      3.40e-05       73.29
  52      -819.866195436      1.12e-08      2.33e-05       71.55
  53      -819.866195419      1.73e-08      6.04e-05       71.91
  54      -819.866195448     -2.95e-08      3.90e-05       72.38
  55      -819.866195464     -1.61e-08      4.42e-05       71.78
  56      -819.866195433      3.15e-08      2.94e-05       72.12
  57      -819.866195442     -9.22e-09      4.24e-05       72.42
  58      -819.866195432      9.45e-09      3.28e-05       71.81
  59      -819.866195446     -1.35e-08      3.59e-05       71.92
  60      -819.866195441      5.18e-09      3.00e-05       72.79
  61      -819.866195429      1.12e-08      4.31e-05       75.52
  62      -819.866195429      3.40e-10      5.71e-05       72.01
  63      -819.866195450     -2.04e-08      1.81e-05       71.56
  64      -819.866195428      2.20e-08      2.34e-05       72.31
  65      -819.866195451     -2.31e-08      3.27e-05       71.93
  66      -819.866195458     -7.08e-09      2.44e-05       73.72
  67      -819.866195442      1.57e-08      3.30e-05       72.38
  68      -819.866195442     -3.95e-10      4.29e-05       71.81
  69      -819.866195441      1.43e-09      3.11e-05       72.34
  70      -819.866195424      1.71e-08      4.32e-05       72.66
  71      -819.866195450     -2.62e-08      3.18e-05       72.61
  72      -819.866195441      8.76e-09      2.66e-05       72.86
  73      -819.866195441      5.84e-10      2.79e-05       72.64
  74      -819.866195450     -8.84e-09      1.77e-05       72.54
  75      -819.866195449      1.78e-11      2.61e-05       72.16
  76      -819.866195456     -6.30e-09      4.31e-05       71.94
  77      -819.866195443      1.24e-08      4.20e-05       72.03
  78      -819.866195439      4.17e-09      2.54e-05       71.45
  79      -819.866195462     -2.28e-08      2.89e-05       71.73
  80      -819.866195447      1.53e-08      2.91e-05       72.76
  81      -819.866195427      1.97e-08      2.49e-05       72.07
  82      -819.866195423      4.10e-09      2.15e-05       72.15
  83      -819.866195449     -2.61e-08      3.14e-05       72.33
  84      -819.866195442      6.70e-09      3.48e-05       72.22
  85      -819.866195449     -6.26e-09      1.74e-05       72.63
  86      -819.866195437      1.16e-08      4.80e-05       72.36
  87      -819.866195471     -3.44e-08      2.93e-05       72.51
  88      -819.866195438      3.36e-08      4.04e-05       72.42
  89      -819.866195447     -9.28e-09      2.60e-05       71.86
  90      -819.866195469     -2.21e-08      3.70e-05       71.48
  91      -819.866195430      3.90e-08      2.45e-05       72.62
  92      -819.866195431     -3.81e-10      5.00e-05       71.91
  93      -819.866195442     -1.14e-08      4.27e-05       71.81
  94      -819.866195449     -7.34e-09      2.34e-05       72.96
  95      -819.866195453     -3.55e-09      1.99e-05       72.37
  96      -819.866195431      2.14e-08      2.62e-05       72.23
  97      -819.866195448     -1.64e-08      3.61e-05       72.60
  98      -819.866195445      2.67e-09      2.39e-05       72.25
  99      -819.866195427      1.78e-08      3.62e-05       71.94
 100      -819.866195463     -3.59e-08      4.62e-05       71.55
 101      -819.866195449      1.46e-08      4.18e-05       71.51
 102      -819.866195455     -6.41e-09      3.05e-05       72.39
 103      -819.866195442      1.28e-08      2.30e-05       71.84
 104      -819.866195449     -6.77e-09      3.10e-05       74.60
 105      -819.866195458     -8.67e-09      4.23e-05       72.87
 106      -819.866195447      1.04e-08      5.49e-05       72.20
 107      -819.866195436      1.11e-08      2.66e-05       72.42
 108      -819.866195446     -1.00e-08      2.40e-05       71.74
 109      -819.866195443      3.15e-09      4.48e-05       71.53
 110      -819.866195460     -1.72e-08      2.41e-05       71.67
 111      -819.866195456      4.38e-09      2.75e-05       71.84
 112      -819.866195447      8.99e-09      2.60e-05       71.68
 113      -819.866195453     -6.50e-09      2.46e-05       72.50
 114      -819.866195441      1.19e-08      2.33e-05       72.32
 115      -819.866195438      3.74e-09      3.93e-05       71.71
 116      -819.866195440     -2.03e-09      3.72e-05       71.84
 117      -819.866195448     -8.06e-09      3.60e-05       71.92
 118      -819.866195452     -4.36e-09      3.15e-05       74.23
 119      -819.866195439      1.33e-08      3.00e-05       72.17
 120      -819.866195421      1.80e-08      2.52e-05       72.18
 121      -819.866195431     -1.04e-08      4.43e-05       72.10
 122      -819.866195458     -2.70e-08      2.69e-05       72.00
 123      -819.866195461     -2.78e-09      2.57e-05       74.42
 124      -819.866195438      2.27e-08      3.13e-05       71.90
 125      -819.866195455     -1.63e-08      3.58e-05       72.29
 126      -819.866195435      1.92e-08      2.15e-05       72.10
 127      -819.866195439     -3.37e-09      3.73e-05       73.96

Error: SCF not converged after 127 cycles
