
================================================================================
          _____________ ________ _______________ ________     _________         
         / ___________// ______ \\_____   _____// ______ \   / ________)        
        / /_________  / /      \ \     | |     / /      \ \ | (_______          
       |  __________|| |        | |    | |    | |        | | \________ \        
        \ \_________ | |        | |    | |     \ \______/ /___________) |       
         \__________||_|        |_|    |_|      \________//____________/        
                                                                                
====================================[ Qcore ]===================================

 Git describe: 2.3.0-3-g778a55bfd
 Compiler:     GNU 9.3.0
 Build type:   Release
 Version:      2.3.0-3-g778a55bfd

 Start time:   Wed Nov  3 11:43:12 2021

 Data directory: /mnt/storage/scratch/zw18965/.local/qcore/share/entos/qcore/data
 Number of threads: 28
 Number of threads was determined by: command line argument

 --------------------------------------------------------------------------------
                                   command: dft                                  
 --------------------------------------------------------------------------------
 AO basis set:                           def2-tzvppd
 Number of AO basis functions:         714
 ECP on atom 1 (Mo):                     28 electrons
 ECP on atom 22 (I):                     28 electrons
 ECP on atom 23 (I):                     28 electrons

 Formula:                                C10H10MoI2
 Nuclear charge:                       218.000000000
 Total charge:                           0.000000000
 Number of core electrons:              84
 Number of treated electrons:          134

 Number of alpha electrons:             67
 Number of beta electrons:              67
 Number of unpaired electrons:           0
 Spin:                                   0
 Multiplicity:                           singlet

 Theory:                                 dft
 Exchange-correlation functional:        wb97x

 Using range separated hybrid functional
 Range separation parameter:             0.300000000
 Short range exact exchange:             0.263800000
 Total long range exact exchange:        1.000000000

 Method for Coulomb:                     incore_df
 Method for exact exchange:              pre_transformed_df
 Integral threshold:                     1.00e-12
 DF basis set:                           def2-universal-jkfit
 Number of DF basis functions:        1621
 Schwarz screening threshold:            1.00e-10
 Coulomb fitting method:                 Cholesky

 ------------------
  UW12 Correlation 
 ------------------
 Factor for UW12 correlation:            1.000000000
 Same spin scale factor:                 0.000000000
 Calculate indirect contribution:        false
 Method for three electron term:         df_ri
 Auxiliary RI basis set:                 Def2-TZVPPD-RI
 Number of RI basis functions:        1886
 Gaussians in geminal expansion:         4
 UW12 screening threshold:               1.00e-12
 Method for density-fitting:             w(r)
 Number of core spatial orbitals:       22

 Total number of grid points:       152910
 Method for AO orthogonalization:        symmetric
 Threshold for linear dependence:        1.00e-08
 D3BJ dispersion energy:                -0.066848527

 -------------------------------------
  Running restricted closed-shell SCF 
 -------------------------------------
 Max number of iterations:             128
 Conv. threshold (gradient):             1.00e-05
 Conv. threshold (energy):               1.00e-06
 Interpolation scheme:                   adiis+cdiis
 Initial guess:                          SAD

 ---------------------------------------------------------------
                  energy        change          grad        time
 ---------------------------------------------------------------
   0     -1056.390145885                    4.08e+01      674.26
   1     -1049.090012930      7.30e+00      8.68e+00       87.46
   2     -1041.173566126      7.92e+00      2.87e+01       86.42
   3     -1049.967356440     -8.79e+00      6.96e+00       87.17
   4     -1050.328111931     -3.61e-01      4.25e+00       87.64
   5     -1050.374014281     -4.59e-02      3.10e+00       87.10
   6     -1050.478055258     -1.04e-01      5.88e-01       87.90
   7     -1050.470479054      7.58e-03      9.21e-01       87.67
   8     -1050.484906156     -1.44e-02      1.80e-01       87.80
   9     -1050.484520953      3.85e-04      2.69e-01       87.71
  10     -1050.485414591     -8.94e-04      1.01e-01       87.69
  11     -1050.485084815      3.30e-04      1.87e-01       88.06
  12     -1050.485532691     -4.48e-04      2.99e-02       87.82
  13     -1050.485499737      3.30e-05      8.20e-02       87.82
  14     -1050.485601382     -1.02e-04      2.42e-03       88.02
  15     -1050.485603581     -2.20e-06      2.45e-03       86.72
  16     -1050.485552147      5.14e-05      3.00e-03       86.89
  17     -1050.485552172     -2.53e-08      2.61e-03       87.86
  18     -1050.485543894      8.28e-06      2.52e-03       86.37
  19     -1050.485531122      1.28e-05      2.44e-03       87.80
  20     -1050.485539961     -8.84e-06      4.32e-03       86.55
  21     -1050.485562539     -2.26e-05      1.71e-03       86.59
  22     -1050.485545731      1.68e-05      1.67e-03       86.50
  23     -1050.485556319     -1.06e-05      2.17e-03       87.39
  24     -1050.485585918     -2.96e-05      3.83e-03       86.46
  25     -1050.485571761      1.42e-05      3.61e-03       86.98
  26     -1050.485636164     -6.44e-05      7.84e-03       87.28
  27     -1050.485590979      4.52e-05      2.87e-03       86.95
  28     -1050.485598968     -7.99e-06      2.37e-03       86.48
  29     -1050.485665205     -6.62e-05      2.63e-03       88.05
  30     -1050.485678844     -1.36e-05      3.00e-03       87.28
  31     -1050.485654203      2.46e-05      4.21e-03       88.00
  32     -1050.485670311     -1.61e-05      4.15e-03       87.80
  33     -1050.485667999      2.31e-06      4.08e-03       86.94
  34     -1050.485676999     -9.00e-06      2.50e-03       86.23
  35     -1050.485630261      4.67e-05      2.95e-03       87.99
  36     -1050.485646689     -1.64e-05      3.06e-03       87.58
  37     -1050.485649879     -3.19e-06      2.36e-03       87.06
  38     -1050.485616595      3.33e-05      2.30e-03       87.92
  39     -1050.485610873      5.72e-06      2.22e-03       85.93
  40     -1050.485601353      9.52e-06      2.80e-03       87.09
  41     -1050.485611374     -1.00e-05      2.74e-03       86.15
  42     -1050.485597393      1.40e-05      2.23e-03       87.19
  43     -1050.485540260      5.71e-05      6.59e-03       86.69
  44     -1050.485587543     -4.73e-05      2.90e-03       86.20
  45     -1050.485590152     -2.61e-06      3.88e-03       87.31
  46     -1050.485654894     -6.47e-05      4.53e-03       85.51
  47     -1050.485683589     -2.87e-05      4.89e-03       87.41
  48     -1050.485678921      4.67e-06      5.19e-03       86.49
  49     -1050.485700727     -2.18e-05      4.68e-03       86.08
  50     -1050.485736196     -3.55e-05      4.64e-03       86.39
  51     -1050.485760068     -2.39e-05      4.27e-03       86.58
  52     -1050.485766077     -6.01e-06      4.42e-03       86.77
  53     -1050.485774157     -8.08e-06      4.13e-03       86.47
  54     -1050.485823616     -4.95e-05      3.81e-03       86.86
  55     -1050.485839612     -1.60e-05      8.62e-03       86.70
  56     -1050.485789961      4.97e-05      3.01e-03       87.67
  57     -1050.485791748     -1.79e-06      3.09e-03       86.69
  58     -1050.485791413      3.36e-07      2.87e-03       86.92
  59     -1050.485789018      2.39e-06      2.76e-03       87.15
  60     -1050.485803503     -1.45e-05      2.72e-03       86.46
  61     -1050.485813079     -9.58e-06      2.71e-03       87.00
  62     -1050.485813237     -1.57e-07      2.72e-03       86.97
  63     -1050.485825001     -1.18e-05      2.60e-03       87.92
  64     -1050.485848169     -2.32e-05      2.30e-03       87.65
  65     -1050.485844279      3.89e-06      2.30e-03       87.36
  66     -1050.485884284     -4.00e-05      2.37e-03       87.83
  67     -1050.485880317      3.97e-06      3.23e-03       88.67
  68     -1050.485880628     -3.11e-07      1.94e-03       86.66
  69     -1050.485875389      5.24e-06      1.78e-03       86.53
  70     -1050.485879917     -4.53e-06      1.94e-03       86.61
  71     -1050.485888527     -8.61e-06      1.25e-03       87.03
  72     -1050.485903429     -1.49e-05      1.76e-03       87.67
  73     -1050.485900603      2.83e-06      1.55e-03       86.52
  74     -1050.485908332     -7.73e-06      9.76e-04       87.90
  75     -1050.485907719      6.13e-07      9.00e-04       87.48
  76     -1050.485909343     -1.62e-06      6.36e-04       86.87
  77     -1050.485910860     -1.52e-06      4.01e-04       87.13
  78     -1050.485912163     -1.30e-06      3.18e-04       88.06
  79     -1050.485912494     -3.31e-07      1.56e-04       87.04
  80     -1050.485912158      3.36e-07      1.89e-04       87.73
  81     -1050.485912310     -1.52e-07      1.34e-04       87.66
  82     -1050.485912267      4.31e-08      1.61e-04       87.23
  83     -1050.485912171      9.56e-08      2.04e-04       87.80
  84     -1050.485912344     -1.72e-07      1.13e-04       87.22
  85     -1050.485912242      1.02e-07      1.32e-04       88.38
  86     -1050.485912256     -1.44e-08      1.03e-04       88.24
  87     -1050.485912317     -6.04e-08      9.36e-05       86.69
  88     -1050.485912384     -6.79e-08      9.59e-05       87.87
  89     -1050.485912407     -2.26e-08      9.66e-05       85.74
  90     -1050.485912385      2.19e-08      9.67e-05       87.27
  91     -1050.485912422     -3.68e-08      9.63e-05       87.05
  92     -1050.485912430     -8.36e-09      9.63e-05       86.92
  93     -1050.485912394      3.67e-08      9.56e-05       87.26
  94     -1050.485912377      1.69e-08      9.55e-05       86.77
  95     -1050.485912362      1.49e-08      9.68e-05       87.51
  96     -1050.485912355      6.70e-09      9.69e-05       87.19
  97     -1050.485912379     -2.41e-08      9.73e-05       88.55
  98     -1050.485912406     -2.72e-08      9.72e-05       87.38
  99     -1050.485912408     -1.74e-09      9.73e-05       88.25
 100     -1050.485912410     -1.33e-09      9.77e-05       87.63
 101     -1050.485912423     -1.33e-08      9.79e-05       87.64
 102     -1050.485912387      3.55e-08      9.78e-05       87.54
 103     -1050.485912410     -2.25e-08      9.78e-05       87.92
 104     -1050.485912420     -1.05e-08      9.74e-05       87.42
 105     -1050.485912425     -4.28e-09      9.68e-05       87.88
 106     -1050.485912430     -5.60e-09      9.68e-05       87.65
 107     -1050.485912393      3.77e-08      9.69e-05       88.20
 108     -1050.485912444     -5.11e-08      9.72e-05       86.78
 109     -1050.485912364      8.03e-08      9.74e-05       86.93
 110     -1050.485912386     -2.30e-08      9.73e-05       88.42
 111     -1050.485912414     -2.71e-08      9.72e-05       86.80
 112     -1050.485912401      1.26e-08      9.71e-05       87.97
 113     -1050.485912381      1.99e-08      9.72e-05       87.26
 114     -1050.485912392     -1.06e-08      9.81e-05       87.06
 115     -1050.485912391      4.31e-10      9.83e-05       86.77
 116     -1050.485912415     -2.35e-08      9.85e-05       86.32
 117     -1050.485912421     -6.14e-09      9.83e-05       87.98
 118     -1050.485912412      9.18e-09      9.82e-05       86.62
 119     -1050.485912394      1.73e-08      9.84e-05       87.01
 120     -1050.485912421     -2.67e-08      9.84e-05       87.74
 121     -1050.485912451     -2.96e-08      9.86e-05       88.25
 122     -1050.485912354      9.65e-08      9.86e-05       88.09
 123     -1050.485912365     -1.11e-08      9.85e-05       87.88
 124     -1050.485912499     -1.34e-07      9.76e-05       86.43
 125     -1050.485912449      5.00e-08      9.75e-05       87.16
 126     -1050.485912393      5.63e-08      9.76e-05       85.72
 127     -1050.485912450     -5.70e-08      9.75e-05       87.29

Error: SCF not converged after 127 cycles
