
================================================================================
          _____________ ________ _______________ ________     _________         
         / ___________// ______ \\_____   _____// ______ \   / ________)        
        / /_________  / /      \ \     | |     / /      \ \ | (_______          
       |  __________|| |        | |    | |    | |        | | \________ \        
        \ \_________ | |        | |    | |     \ \______/ /___________) |       
         \__________||_|        |_|    |_|      \________//____________/        
                                                                                
====================================[ Qcore ]===================================

 Git describe: 2.3.0-1-g21d9df7e5
 Compiler:     GNU 9.1.0
 Build type:   Release
 Version:      2.3.0-1-g21d9df7e5

 Start time:   Tue Oct 26 10:46:47 2021

 Data directory: /work/zw18965/.local/qcore/share/entos/qcore/data
 Number of threads: 24
 Number of threads was determined by: command line argument
  - More threads can be used by running 'qcore -n 32'

 --------------------------------------------------------------------------------
                                   command: dft                                  
 --------------------------------------------------------------------------------
 AO basis set:                           def2-tzvppd
 Number of AO basis functions:         594

 Formula:                                C7H4O5Cr
 Nuclear charge:                       110.000000000
 Total charge:                           0.000000000
 Number of electrons:                  110.000000000

 Number of alpha electrons:             55
 Number of beta electrons:              55
 Number of unpaired electrons:           0
 Spin:                                   0
 Multiplicity:                           singlet

 Theory:                                 dft
 Exchange-correlation functional:        wb97x

 Using range separated hybrid functional
 Range separation parameter:             0.300000000
 Short range exact exchange:             0.263800000
 Total long range exact exchange:        1.000000000

 Method for Coulomb:                     incore_df
 Method for exact exchange:              pre_transformed_df
 Integral threshold:                     1.00e-12
 DF basis set:                           def2-universal-jkfit
 Number of DF basis functions:        1246
 Schwarz screening threshold:            1.00e-10
 Coulomb fitting method:                 Cholesky

 ------------------
  UW12 Correlation 
 ------------------
 Factor for UW12 correlation:            1.000000000
 Same spin scale factor:                 0.000000000
 Calculate indirect contribution:        false
 Method for three electron term:         df_ri
 Auxiliary RI basis set:                 Def2-TZVPPD-RI
 Number of RI basis functions:        1485
 Gaussians in geminal expansion:         4
 UW12 screening threshold:               1.00e-12
 Method for density-fitting:             w(r)
 Number of core spatial orbitals:       21

 Total number of grid points:       113708
 Method for AO orthogonalization:        symmetric
 Threshold for linear dependence:        1.00e-08
 D3BJ dispersion energy:                -0.035849503

 -------------------------------------
  Running restricted closed-shell SCF 
 -------------------------------------
 Max number of iterations:             128
 Conv. threshold (gradient):             1.00e-05
 Conv. threshold (energy):               1.00e-06
 Interpolation scheme:                   adiis+cdiis
 Initial guess:                          SAD

 ---------------------------------------------------------------
                  energy        change          grad        time
 ---------------------------------------------------------------
   0     -1705.197607087                    2.91e+01      149.20
   1     -1699.581689691      5.62e+00      8.05e+00       29.30
   2     -1673.178299282      2.64e+01      3.12e+01       28.97
   3     -1697.306150828     -2.41e+01      2.30e+01       29.16
   4     -1701.812986065     -4.51e+00      1.16e+00       29.41
   5     -1701.407055563      4.06e-01      4.87e+00       29.47
   6     -1701.863013748     -4.56e-01      7.29e-01       29.44
   7     -1701.876457265     -1.34e-02      8.01e-01       29.05
   8     -1701.829197351      4.73e-02      2.27e+00       29.18
   9     -1701.890685799     -6.15e-02      2.81e-01       29.27
  10     -1701.888873796      1.81e-03      5.53e-01       29.39
  11     -1701.891955063     -3.08e-03      1.66e-01       29.08
  12     -1701.891825935      1.29e-04      2.39e-01       29.05
  13     -1701.892711185     -8.85e-04      6.83e-02       29.66
  14     -1701.892365751      3.45e-04      2.00e-01       29.54
  15     -1701.892823710     -4.58e-04      3.11e-04       29.20
  16     -1701.892823719     -9.13e-09      1.32e-04       28.89
  17     -1701.892823700      1.92e-08      9.18e-05       29.15
  18     -1701.892823702     -1.86e-09      2.38e-05       29.15
  19     -1701.892823700      1.92e-09      1.79e-05       29.08
  20     -1701.892823692      7.81e-09      6.36e-06       28.92

 SCF converged in 20 iterations.

 Dipole moment (in Debye):              -0.002006       0.003069      -2.959829

 Quadrupole moment (in Debye-Angstrom):
                  1            2            3
 1       -85.246981    -0.000050     0.002396
 2        -0.000050   -85.173480    -0.004389
 3         0.002396    -0.004389   -79.555621

 Spin-squared expectation <S^2>:         0.000
 Total spin quantum number S:            0.000
 TOTAL ENERGY:                       -1701.892823727

 --------------------------------------------------------------------------------

 End time:                               Tue Oct 26 10:59:53 2021
 Total wall-clock time:                786.075 seconds
==================================================================================
