
================================================================================
          _____________ ________ _______________ ________     _________         
         / ___________// ______ \\_____   _____// ______ \   / ________)        
        / /_________  / /      \ \     | |     / /      \ \ | (_______          
       |  __________|| |        | |    | |    | |        | | \________ \        
        \ \_________ | |        | |    | |     \ \______/ /___________) |       
         \__________||_|        |_|    |_|      \________//____________/        
                                                                                
====================================[ Qcore ]===================================

 Git describe: 2.3.0-1-g21d9df7e5
 Compiler:     GNU 9.1.0
 Build type:   Release
 Version:      2.3.0-1-g21d9df7e5

 Start time:   Tue Oct 26 11:03:57 2021

 Data directory: /work/zw18965/.local/qcore/share/entos/qcore/data
 Number of threads: 24
 Number of threads was determined by: command line argument

 --------------------------------------------------------------------------------
                                   command: dft                                  
 --------------------------------------------------------------------------------
 AO basis set:                           def2-tzvppd
 Number of AO basis functions:         871
 ECP on atom 2 (Mo):                     28 electrons

 Formula:                                C7H13O2S5Mo-
 Nuclear charge:                       193.000000000
 Total charge:                          -1.000000000
 Number of core electrons:              28
 Number of treated electrons:          166

 Number of alpha electrons:             83
 Number of beta electrons:              83
 Number of unpaired electrons:           0
 Spin:                                   0
 Multiplicity:                           singlet

 Theory:                                 dft
 Exchange-correlation functional:        wb97x

 Using range separated hybrid functional
 Range separation parameter:             0.300000000
 Short range exact exchange:             0.263800000
 Total long range exact exchange:        1.000000000

 Method for Coulomb:                     incore_df
 Method for exact exchange:              pre_transformed_df
 Integral threshold:                     1.00e-12
 DF basis set:                           def2-universal-jkfit
 Number of DF basis functions:        1808
 Schwarz screening threshold:            1.00e-10
 Coulomb fitting method:                 Cholesky

 ------------------
  UW12 Correlation 
 ------------------
 Factor for UW12 correlation:            1.000000000
 Same spin scale factor:                 0.000000000
 Calculate indirect contribution:        false
 Method for three electron term:         df_ri
 Auxiliary RI basis set:                 Def2-TZVPPD-RI
 Number of RI basis functions:        2206
 Gaussians in geminal expansion:         4
 UW12 screening threshold:               1.00e-12
 Method for density-fitting:             w(r)
 Number of core spatial orbitals:       38

 Total number of grid points:       183078
 Method for AO orthogonalization:        symmetric
 Threshold for linear dependence:        1.00e-08
 D3BJ dispersion energy:                -0.081099093

 -------------------------------------
  Running restricted closed-shell SCF 
 -------------------------------------
 Max number of iterations:             128
 Conv. threshold (gradient):             1.00e-05
 Conv. threshold (energy):               1.00e-06
 Interpolation scheme:                   adiis+cdiis
 Initial guess:                          SAD

 ---------------------------------------------------------------
                  energy        change          grad        time
 ---------------------------------------------------------------
   0     -2506.660232774                    2.48e+01      382.29
   1     -2501.442412339      5.22e+00      8.56e+00      123.66
   2     -2495.147632022      6.29e+00      2.64e+01      121.60
   3     -2502.207004945     -7.06e+00      3.61e+00      121.37
   4     -2502.405065909     -1.98e-01      2.59e+00      122.21
   5     -2502.486829294     -8.18e-02      1.39e+00      121.87
   6     -2502.505028137     -1.82e-02      1.21e+00      122.37
   7     -2502.514861976     -9.83e-03      6.49e-01      122.40
   8     -2502.515875399     -1.01e-03      5.45e-01      123.15
   9     -2502.519502927     -3.63e-03      2.06e-01      122.41
  10     -2502.518702874      8.00e-04      3.12e-01      121.91
  11     -2502.520026608     -1.32e-03      5.53e-02      123.26
  12     -2502.519992130      3.45e-05      7.71e-02      121.12
  13     -2502.520076292     -8.42e-05      1.80e-03      121.66
  14     -2502.520076546     -2.54e-07      1.19e-03      122.33
  15     -2502.520076690     -1.44e-07      5.72e-04      121.90
  16     -2502.520076753     -6.36e-08      2.88e-04      122.32
  17     -2502.520076749      4.60e-09      1.66e-04      122.20
  18     -2502.520076740      8.63e-09      7.79e-05      121.09
  19     -2502.520076736      4.56e-09      2.59e-05      121.57
  20     -2502.520076765     -2.91e-08      1.70e-05      121.53
  21     -2502.520076779     -1.37e-08      9.95e-06      120.76

 SCF converged in 21 iterations.

 Dipole moment (in Debye):              -9.038465      -0.305418       1.496860

 Quadrupole moment (in Debye-Angstrom):
                  1            2            3
 1      -138.710267     0.108773    -2.084333
 2         0.108773  -155.673120     0.715141
 3        -2.084333     0.715141  -160.660813

 Spin-squared expectation <S^2>:         0.000
 Total spin quantum number S:            0.000
 TOTAL ENERGY:                       -2502.520076743

 --------------------------------------------------------------------------------

 End time:                               Tue Oct 26 11:55:40 2021
 Total wall-clock time:               3102.354 seconds
==================================================================================
