
================================================================================
          _____________ ________ _______________ ________     _________         
         / ___________// ______ \\_____   _____// ______ \   / ________)        
        / /_________  / /      \ \     | |     / /      \ \ | (_______          
       |  __________|| |        | |    | |    | |        | | \________ \        
        \ \_________ | |        | |    | |     \ \______/ /___________) |       
         \__________||_|        |_|    |_|      \________//____________/        
                                                                                
====================================[ Qcore ]===================================

 Git describe: 2.3.0-1-g21d9df7e5
 Compiler:     GNU 9.1.0
 Build type:   Release
 Version:      2.3.0-1-g21d9df7e5

 Start time:   Tue Oct 26 10:58:59 2021

 Data directory: /work/zw18965/.local/qcore/share/entos/qcore/data
 Number of threads: 24
 Number of threads was determined by: command line argument

 --------------------------------------------------------------------------------
                                   command: dft                                  
 --------------------------------------------------------------------------------
 AO basis set:                           def2-tzvppd
 Number of AO basis functions:         664
 ECP on atom 1 (Zr):                     28 electrons

 Formula:                                C10H11ClZr
 Nuclear charge:                       128.000000000
 Total charge:                           0.000000000
 Number of core electrons:              28
 Number of treated electrons:          100

 Number of alpha electrons:             50
 Number of beta electrons:              50
 Number of unpaired electrons:           0
 Spin:                                   0
 Multiplicity:                           singlet

 Theory:                                 dft
 Exchange-correlation functional:        wb97x

 Using range separated hybrid functional
 Range separation parameter:             0.300000000
 Short range exact exchange:             0.263800000
 Total long range exact exchange:        1.000000000

 Method for Coulomb:                     incore_df
 Method for exact exchange:              pre_transformed_df
 Integral threshold:                     1.00e-12
 DF basis set:                           def2-universal-jkfit
 Number of DF basis functions:        1331
 Schwarz screening threshold:            1.00e-10
 Coulomb fitting method:                 Cholesky

 ------------------
  UW12 Correlation 
 ------------------
 Factor for UW12 correlation:            1.000000000
 Same spin scale factor:                 0.000000000
 Calculate indirect contribution:        false
 Method for three electron term:         df_ri
 Auxiliary RI basis set:                 Def2-TZVPPD-RI
 Number of RI basis functions:        1664
 Gaussians in geminal expansion:         4
 UW12 screening threshold:               1.00e-12
 Method for density-fitting:             w(r)
 Number of core spatial orbitals:       19

 Total number of grid points:       148470
 Method for AO orthogonalization:        symmetric
 Threshold for linear dependence:        1.00e-08
 D3BJ dispersion energy:                -0.052439384

 -------------------------------------
  Running restricted closed-shell SCF 
 -------------------------------------
 Max number of iterations:             128
 Conv. threshold (gradient):             1.00e-05
 Conv. threshold (energy):               1.00e-06
 Interpolation scheme:                   adiis+cdiis
 Initial guess:                          SAD

 ---------------------------------------------------------------
                  energy        change          grad        time
 ---------------------------------------------------------------
   0      -908.657247542                    2.44e+01      183.41
   1      -902.951648492      5.71e+00      2.05e+00       40.09
   2      -903.070063387     -1.18e-01      2.03e+00       40.99
   3      -903.344153551     -2.74e-01      5.09e-01       40.52
   4      -903.341612312      2.54e-03      7.15e-01       40.00
   5      -903.354136716     -1.25e-02      5.10e-02       40.40
   6      -903.354124652      1.21e-05      4.62e-02       39.85
   7      -903.354252683     -1.28e-04      3.57e-03       40.23
   8      -903.354253201     -5.17e-07      1.19e-03       39.48
   9      -903.354253530     -3.29e-07      5.19e-04       39.96
  10      -903.354253475      5.48e-08      1.38e-04       39.67
  11      -903.354253468      6.58e-09      6.84e-05       39.86
  12      -903.354253487     -1.85e-08      2.83e-05       40.97
  13      -903.354253474      1.32e-08      1.07e-05       40.06
  14      -903.354253479     -5.48e-09      6.42e-06       40.51

 SCF converged in 14 iterations.

 Dipole moment (in Debye):              -0.016055      -3.523539       1.239804

 Quadrupole moment (in Debye-Angstrom):
                  1            2            3
 1       -93.870162     0.002321    -0.002911
 2         0.002321   -96.814915     0.767415
 3        -0.002911     0.767415   -88.886794

 Spin-squared expectation <S^2>:         0.000
 Total spin quantum number S:            0.000
 TOTAL ENERGY:                        -903.354253489

 --------------------------------------------------------------------------------

 End time:                               Tue Oct 26 11:12:25 2021
 Total wall-clock time:                806.648 seconds
==================================================================================
