
================================================================================
          _____________ ________ _______________ ________     _________         
         / ___________// ______ \\_____   _____// ______ \   / ________)        
        / /_________  / /      \ \     | |     / /      \ \ | (_______          
       |  __________|| |        | |    | |    | |        | | \________ \        
        \ \_________ | |        | |    | |     \ \______/ /___________) |       
         \__________||_|        |_|    |_|      \________//____________/        
                                                                                
====================================[ Qcore ]===================================

 Git describe: 2.3.0-3-g778a55bfd
 Compiler:     GNU 9.3.0
 Build type:   Release
 Version:      2.3.0-3-g778a55bfd

 Start time:   Thu Nov  4 23:32:34 2021

 Data directory: /mnt/storage/scratch/zw18965/.local/qcore/share/entos/qcore/data
 Number of threads: 28
 Number of threads was determined by: command line argument

 --------------------------------------------------------------------------------
                                   command: dft                                  
 --------------------------------------------------------------------------------
 AO basis set:                           def2-tzvppd
 Number of AO basis functions:        1005
 ECP on atom 15 (W):                     60 electrons

 Formula:                                C9H14O3S5W(2-)
 Nuclear charge:                       246.000000000
 Total charge:                          -2.000000000
 Number of core electrons:              60
 Number of treated electrons:          188

 Number of alpha electrons:             94
 Number of beta electrons:              94
 Number of unpaired electrons:           0
 Spin:                                   0
 Multiplicity:                           singlet

 Theory:                                 dft
 Exchange-correlation functional:        wb97x

 Using range separated hybrid functional
 Range separation parameter:             0.300000000
 Short range exact exchange:             0.263800000
 Total long range exact exchange:        1.000000000

 Method for Coulomb:                     incore_df
 Method for exact exchange:              pre_transformed_df
 Integral threshold:                     1.00e-12
 DF basis set:                           def2-universal-jkfit
 Number of DF basis functions:        2025
 Schwarz screening threshold:            1.00e-10
 Coulomb fitting method:                 Cholesky

 ------------------
  UW12 Correlation 
 ------------------
 Factor for UW12 correlation:            1.000000000
 Same spin scale factor:                 0.000000000
 Calculate indirect contribution:        false
 Method for three electron term:         df_ri
 Auxiliary RI basis set:                 Def2-TZVPPD-RI
 Number of RI basis functions:        2538
 Gaussians in geminal expansion:         4
 UW12 screening threshold:               1.00e-12
 Method for density-fitting:             w(r)
 Number of core spatial orbitals:       41

 Total number of grid points:       210218
 Method for AO orthogonalization:        symmetric
 Threshold for linear dependence:        1.00e-08
 D3BJ dispersion energy:                -0.088843635

 -------------------------------------
  Running restricted closed-shell SCF 
 -------------------------------------
 Max number of iterations:             128
 Conv. threshold (gradient):             1.00e-05
 Conv. threshold (energy):               1.00e-06
 Interpolation scheme:                   adiis+cdiis
 Initial guess:                          SAD

 ---------------------------------------------------------------
                  energy        change          grad        time
 ---------------------------------------------------------------
   0     -2640.519877298                    2.49e+02      973.94
   1     -2633.898650229      6.62e+00      5.84e+00      239.08
   2     -2627.242782581      6.66e+00      2.67e+01      241.19
   3     -2634.845378407     -7.60e+00      3.01e+00      239.61
   4     -2635.061948336     -2.17e-01      2.09e+00      240.51
   5     -2635.167197291     -1.05e-01      1.42e+00      240.69
   6     -2635.178811238     -1.16e-02      1.50e+00      240.84
   7     -2635.206842466     -2.80e-02      5.67e-01      240.47
   8     -2635.204212878      2.63e-03      7.45e-01      239.74
   9     -2635.211774515     -7.56e-03      8.25e-02      240.44
  10     -2635.211367783      4.07e-04      1.72e-01      241.16
  11     -2635.211973703     -6.06e-04      4.86e-03      241.41
  12     -2635.211974614     -9.11e-07      2.60e-03      240.68
  13     -2635.211974757     -1.43e-07      9.40e-04      238.73
  14     -2635.211974843     -8.59e-08      5.55e-04      241.63
  15     -2635.211974789      5.38e-08      2.75e-04      239.30
  16     -2635.211974812     -2.31e-08      1.42e-04      244.11
  17     -2635.211974805      7.83e-09      5.46e-05      242.21
  18     -2635.211974888     -8.36e-08      2.81e-05      240.21
  19     -2635.211974857      3.08e-08      1.28e-05      241.35
  20     -2635.211974838      1.93e-08      1.15e-05      240.28
  21     -2635.211974815      2.36e-08      3.48e-06      240.55

 SCF converged in 21 iterations.

 Dipole moment (in Debye):               6.336946      -3.297929       0.685317

 Quadrupole moment (in Debye-Angstrom):
                  1            2            3
 1      -272.046826    -6.983473    -3.038690
 2        -6.983473  -199.490302    -3.901011
 3        -3.038690    -3.901011  -198.714288

 Spin-squared expectation <S^2>:         0.000
 Total spin quantum number S:            0.000
 TOTAL ENERGY:                       -2635.211974804

 --------------------------------------------------------------------------------

 End time:                               Fri Nov  5 01:18:50 2021
 Total wall-clock time:               6376.567 seconds
==================================================================================
