
================================================================================
          _____________ ________ _______________ ________     _________         
         / ___________// ______ \\_____   _____// ______ \   / ________)        
        / /_________  / /      \ \     | |     / /      \ \ | (_______          
       |  __________|| |        | |    | |    | |        | | \________ \        
        \ \_________ | |        | |    | |     \ \______/ /___________) |       
         \__________||_|        |_|    |_|      \________//____________/        
                                                                                
====================================[ Qcore ]===================================

 Git describe: 2.3.0-3-g778a55bfd
 Compiler:     GNU 9.3.0
 Build type:   Release
 Version:      2.3.0-3-g778a55bfd

 Start time:   Wed Nov  3 12:20:16 2021

 Data directory: /mnt/storage/scratch/zw18965/.local/qcore/share/entos/qcore/data
 Number of threads: 28
 Number of threads was determined by: command line argument

 --------------------------------------------------------------------------------
                                   command: dft                                  
 --------------------------------------------------------------------------------
 AO basis set:                           def2-tzvppd
 Number of AO basis functions:         721
 ECP on atom 1 (Mo):                     28 electrons

 Formula:                                C7H17NO2Mo
 Nuclear charge:                       124.000000000
 Total charge:                           0.000000000
 Number of core electrons:              28
 Number of treated electrons:           96

 Number of alpha electrons:             48
 Number of beta electrons:              48
 Number of unpaired electrons:           0
 Spin:                                   0
 Multiplicity:                           singlet

 Theory:                                 dft
 Exchange-correlation functional:        wb97x

 Using range separated hybrid functional
 Range separation parameter:             0.300000000
 Short range exact exchange:             0.263800000
 Total long range exact exchange:        1.000000000

 Method for Coulomb:                     incore_df
 Method for exact exchange:              pre_transformed_df
 Integral threshold:                     1.00e-12
 DF basis set:                           def2-universal-jkfit
 Number of DF basis functions:        1317
 Schwarz screening threshold:            1.00e-10
 Coulomb fitting method:                 Cholesky

 ------------------
  UW12 Correlation 
 ------------------
 Factor for UW12 correlation:            1.000000000
 Same spin scale factor:                 0.000000000
 Calculate indirect contribution:        false
 Method for three electron term:         df_ri
 Auxiliary RI basis set:                 Def2-TZVPPD-RI
 Number of RI basis functions:        1759
 Gaussians in geminal expansion:         4
 UW12 screening threshold:               1.00e-12
 Method for density-fitting:             w(r)
 Number of core spatial orbitals:       14

 Total number of grid points:       176688
 Method for AO orthogonalization:        symmetric
 Threshold for linear dependence:        1.00e-08
 D3BJ dispersion energy:                -0.046432274

 -------------------------------------
  Running restricted closed-shell SCF 
 -------------------------------------
 Max number of iterations:             128
 Conv. threshold (gradient):             1.00e-05
 Conv. threshold (energy):               1.00e-06
 Interpolation scheme:                   adiis+cdiis
 Initial guess:                          SAD

 ---------------------------------------------------------------
                  energy        change          grad        time
 ---------------------------------------------------------------
   0      -553.511492125                    2.90e+01      371.41
   1      -549.012515779      4.50e+00      5.54e+00      105.62
   2      -543.535411944      5.48e+00      2.43e+01      104.37
   3      -550.006396635     -6.47e+00      3.70e+00      104.89
   4      -550.162955426     -1.57e-01      2.65e+00      103.41
   5      -550.290003226     -1.27e-01      1.32e+00      105.95
   6      -550.291046296     -1.04e-03      1.31e+00      103.29
   7      -550.313295500     -2.22e-02      2.83e-01      104.41
   8      -550.308983585      4.31e-03      6.02e-01      103.89
   9      -550.314389397     -5.41e-03      1.58e-01      103.36
  10      -550.314643429     -2.54e-04      8.59e-02      103.42
  11      -550.314719827     -7.64e-05      4.00e-02      104.81
  12      -550.314744644     -2.48e-05      1.57e-03      105.09
  13      -550.314744557      8.71e-08      7.41e-04      103.81
  14      -550.314744663     -1.06e-07      1.96e-04      104.95
  15      -550.314744719     -5.57e-08      1.07e-04      103.19
  16      -550.314744717      2.26e-09      4.91e-05      104.60
  17      -550.314744704      1.29e-08      1.57e-05      104.07
  18      -550.314744693      1.04e-08      9.24e-06      104.43

 SCF converged in 18 iterations.

 Dipole moment (in Debye):              -3.041073       1.041345       0.634339

 Quadrupole moment (in Debye-Angstrom):
                  1            2            3
 1       -85.454996    -0.062674     0.160686
 2        -0.062674   -82.979651    -2.185084
 3         0.160686    -2.185084   -83.124712

 Spin-squared expectation <S^2>:         0.000
 Total spin quantum number S:            0.000
 TOTAL ENERGY:                        -550.314744690

 --------------------------------------------------------------------------------

 End time:                               Wed Nov  3 13:00:03 2021
 Total wall-clock time:               2386.923 seconds
==================================================================================
