
================================================================================
          _____________ ________ _______________ ________     _________         
         / ___________// ______ \\_____   _____// ______ \   / ________)        
        / /_________  / /      \ \     | |     / /      \ \ | (_______          
       |  __________|| |        | |    | |    | |        | | \________ \        
        \ \_________ | |        | |    | |     \ \______/ /___________) |       
         \__________||_|        |_|    |_|      \________//____________/        
                                                                                
====================================[ Qcore ]===================================

 Git describe: 2.3.0-1-g21d9df7e5
 Compiler:     GNU 9.1.0
 Build type:   Release
 Version:      2.3.0-1-g21d9df7e5

 Start time:   Tue Oct 26 11:08:47 2021

 Data directory: /work/zw18965/.local/qcore/share/entos/qcore/data
 Number of threads: 24
 Number of threads was determined by: command line argument
  - More threads can be used by running 'qcore -n 32'

 --------------------------------------------------------------------------------
                                   command: dft                                  
 --------------------------------------------------------------------------------
 AO basis set:                           def2-tzvppd
 Number of AO basis functions:         871
 ECP on atom 2 (Mo):                     28 electrons

 Formula:                                C7H13O2S5Mo-
 Nuclear charge:                       193.000000000
 Total charge:                          -1.000000000
 Number of core electrons:              28
 Number of treated electrons:          166

 Number of alpha electrons:             83
 Number of beta electrons:              83
 Number of unpaired electrons:           0
 Spin:                                   0
 Multiplicity:                           singlet

 Theory:                                 dft
 Exchange-correlation functional:        wb97x

 Using range separated hybrid functional
 Range separation parameter:             0.300000000
 Short range exact exchange:             0.263800000
 Total long range exact exchange:        1.000000000

 Method for Coulomb:                     incore_df
 Method for exact exchange:              pre_transformed_df
 Integral threshold:                     1.00e-12
 DF basis set:                           def2-universal-jkfit
 Number of DF basis functions:        1808
 Schwarz screening threshold:            1.00e-10
 Coulomb fitting method:                 Cholesky

 ------------------
  UW12 Correlation 
 ------------------
 Factor for UW12 correlation:            1.000000000
 Same spin scale factor:                 0.000000000
 Calculate indirect contribution:        false
 Method for three electron term:         df_ri
 Auxiliary RI basis set:                 Def2-TZVPPD-RI
 Number of RI basis functions:        2206
 Gaussians in geminal expansion:         4
 UW12 screening threshold:               1.00e-12
 Method for density-fitting:             w(r)
 Number of core spatial orbitals:       38

 Total number of grid points:       183078
 Method for AO orthogonalization:        symmetric
 Threshold for linear dependence:        1.00e-08
 D3BJ dispersion energy:                -0.081970670

 -------------------------------------
  Running restricted closed-shell SCF 
 -------------------------------------
 Max number of iterations:             128
 Conv. threshold (gradient):             1.00e-05
 Conv. threshold (energy):               1.00e-06
 Interpolation scheme:                   adiis+cdiis
 Initial guess:                          SAD

 ---------------------------------------------------------------
                  energy        change          grad        time
 ---------------------------------------------------------------
   0     -2506.437351403                    2.52e+01      386.19
   1     -2501.202088786      5.24e+00      8.44e+00      118.97
   2     -2490.396443432      1.08e+01      3.06e+01      118.83
   3     -2501.615475671     -1.12e+01      9.26e+00      115.82
   4     -2502.347977512     -7.33e-01      3.98e+00      117.66
   5     -2502.257438886      9.05e-02      5.10e+00      118.96
   6     -2502.474180893     -2.17e-01      7.44e-01      118.64
   7     -2502.456636115      1.75e-02      1.47e+00      119.48
   8     -2502.480432639     -2.38e-02      4.15e-01      116.18
   9     -2502.480043938      3.89e-04      4.96e-01      117.78
  10     -2502.482030822     -1.99e-03      7.80e-02      118.91
  11     -2502.481883456      1.47e-04      2.30e-01      117.09
  12     -2502.482264470     -3.81e-04      5.76e-03      117.32
  13     -2502.482268750     -4.28e-06      2.99e-03      116.88
  14     -2502.482269675     -9.25e-07      1.55e-03      117.46
  15     -2502.482269880     -2.05e-07      6.15e-04      117.98
  16     -2502.482269888     -8.19e-09      3.82e-04      117.80
  17     -2502.482269946     -5.78e-08      1.88e-04      116.57
  18     -2502.482269933      1.34e-08      9.39e-05      117.22
  19     -2502.482269927      5.07e-09      5.04e-05      117.07
  20     -2502.482269926      1.33e-09      2.26e-05      117.87
  21     -2502.482269890      3.58e-08      1.60e-05      117.63
  22     -2502.482269930     -3.94e-08      1.33e-05      117.29
  23     -2502.482269910      1.99e-08      5.38e-06      117.09

 SCF converged in 23 iterations.

 Dipole moment (in Debye):              -7.547949      -1.376797       0.965578

 Quadrupole moment (in Debye-Angstrom):
                  1            2            3
 1      -142.492155     1.533192     1.406034
 2         1.533192  -157.467163    -0.041281
 3         1.406034    -0.041281  -159.126082

 Spin-squared expectation <S^2>:         0.000
 Total spin quantum number S:            0.000
 TOTAL ENERGY:                       -2502.482269896

 --------------------------------------------------------------------------------

 End time:                               Tue Oct 26 12:02:48 2021
 Total wall-clock time:               3241.703 seconds
==================================================================================
