
================================================================================
          _____________ ________ _______________ ________     _________         
         / ___________// ______ \\_____   _____// ______ \   / ________)        
        / /_________  / /      \ \     | |     / /      \ \ | (_______          
       |  __________|| |        | |    | |    | |        | | \________ \        
        \ \_________ | |        | |    | |     \ \______/ /___________) |       
         \__________||_|        |_|    |_|      \________//____________/        
                                                                                
====================================[ Qcore ]===================================

 Git describe: 2.3.0-3-g778a55bfd
 Compiler:     GNU 9.3.0
 Build type:   Release
 Version:      2.3.0-3-g778a55bfd

 Start time:   Wed Nov  3 12:20:16 2021

 Data directory: /mnt/storage/scratch/zw18965/.local/qcore/share/entos/qcore/data
 Number of threads: 28
 Number of threads was determined by: command line argument

 --------------------------------------------------------------------------------
                                   command: dft                                  
 --------------------------------------------------------------------------------
 AO basis set:                           def2-tzvppd
 Number of AO basis functions:         772
 ECP on atom 1 (Zr):                     28 electrons

 Formula:                                C12H13ClZr
 Nuclear charge:                       142.000000000
 Total charge:                           0.000000000
 Number of core electrons:              28
 Number of treated electrons:          114

 Number of alpha electrons:             57
 Number of beta electrons:              57
 Number of unpaired electrons:           0
 Spin:                                   0
 Multiplicity:                           singlet

 Theory:                                 dft
 Exchange-correlation functional:        wb97x

 Using range separated hybrid functional
 Range separation parameter:             0.300000000
 Short range exact exchange:             0.263800000
 Total long range exact exchange:        1.000000000

 Method for Coulomb:                     incore_df
 Method for exact exchange:              pre_transformed_df
 Integral threshold:                     1.00e-12
 DF basis set:                           def2-universal-jkfit
 Number of DF basis functions:        1517
 Schwarz screening threshold:            1.00e-10
 Coulomb fitting method:                 Cholesky

 ------------------
  UW12 Correlation 
 ------------------
 Factor for UW12 correlation:            1.000000000
 Same spin scale factor:                 0.000000000
 Calculate indirect contribution:        false
 Method for three electron term:         df_ri
 Auxiliary RI basis set:                 Def2-TZVPPD-RI
 Number of RI basis functions:        1926
 Gaussians in geminal expansion:         4
 UW12 screening threshold:               1.00e-12
 Method for density-fitting:             w(r)
 Number of core spatial orbitals:       21

 Total number of grid points:       173850
 Method for AO orthogonalization:        symmetric
 Threshold for linear dependence:        1.00e-08
 D3BJ dispersion energy:                -0.062159659

 -------------------------------------
  Running restricted closed-shell SCF 
 -------------------------------------
 Max number of iterations:             128
 Conv. threshold (gradient):             1.00e-05
 Conv. threshold (energy):               1.00e-06
 Interpolation scheme:                   adiis+cdiis
 Initial guess:                          SAD

 ---------------------------------------------------------------
                  energy        change          grad        time
 ---------------------------------------------------------------
   0      -979.010344749                    3.00e+01      341.10
   1      -971.721224230      7.29e+00      2.44e+00       77.10
   2      -971.876027950     -1.55e-01      2.18e+00       78.07
   3      -972.306625602     -4.31e-01      5.28e-01       77.39
   4      -972.303331261      3.29e-03      6.95e-01       77.66
   5      -972.319843952     -1.65e-02      7.38e-02       77.44
   6      -972.319777097      6.69e-05      8.37e-02       77.93
   7      -972.320054050     -2.77e-04      5.35e-03       77.89
   8      -972.320055028     -9.78e-07      1.65e-03       77.04
   9      -972.320055589     -5.60e-07      5.52e-04       78.34
  10      -972.320055655     -6.64e-08      2.63e-04       77.78
  11      -972.320055577      7.87e-08      1.26e-04       77.19
  12      -972.320055587     -1.05e-08      3.89e-05       77.27
  13      -972.320055580      7.21e-09      1.75e-05       77.70
  14      -972.320055632     -5.19e-08      7.35e-06       77.77

 SCF converged in 14 iterations.

 Dipole moment (in Debye):               0.422870      -2.070288       2.399676

 Quadrupole moment (in Debye-Angstrom):
                  1            2            3
 1      -109.477822    -1.881717     0.761129
 2        -1.881717  -107.719350     6.045427
 3         0.761129     6.045427  -107.042722

 Spin-squared expectation <S^2>:         0.000
 Total spin quantum number S:            0.000
 TOTAL ENERGY:                        -972.320055622

 --------------------------------------------------------------------------------

 End time:                               Wed Nov  3 12:45:51 2021
 Total wall-clock time:               1535.542 seconds
==================================================================================
