
================================================================================
          _____________ ________ _______________ ________     _________         
         / ___________// ______ \\_____   _____// ______ \   / ________)        
        / /_________  / /      \ \     | |     / /      \ \ | (_______          
       |  __________|| |        | |    | |    | |        | | \________ \        
        \ \_________ | |        | |    | |     \ \______/ /___________) |       
         \__________||_|        |_|    |_|      \________//____________/        
                                                                                
====================================[ Qcore ]===================================

 Git describe: 2.3.0-3-g778a55bfd
 Compiler:     GNU 9.3.0
 Build type:   Release
 Version:      2.3.0-3-g778a55bfd

 Start time:   Wed Nov  3 11:44:12 2021

 Data directory: /mnt/storage/scratch/zw18965/.local/qcore/share/entos/qcore/data
 Number of threads: 28
 Number of threads was determined by: command line argument

 --------------------------------------------------------------------------------
                                   command: dft                                  
 --------------------------------------------------------------------------------
 AO basis set:                           def2-tzvppd
 Number of AO basis functions:         721
 ECP on atom 1 (Mo):                     28 electrons

 Formula:                                C7H17NO2Mo
 Nuclear charge:                       124.000000000
 Total charge:                           0.000000000
 Number of core electrons:              28
 Number of treated electrons:           96

 Number of alpha electrons:             48
 Number of beta electrons:              48
 Number of unpaired electrons:           0
 Spin:                                   0
 Multiplicity:                           singlet

 Theory:                                 dft
 Exchange-correlation functional:        wb97x

 Using range separated hybrid functional
 Range separation parameter:             0.300000000
 Short range exact exchange:             0.263800000
 Total long range exact exchange:        1.000000000

 Method for Coulomb:                     incore_df
 Method for exact exchange:              pre_transformed_df
 Integral threshold:                     1.00e-12
 DF basis set:                           def2-universal-jkfit
 Number of DF basis functions:        1317
 Schwarz screening threshold:            1.00e-10
 Coulomb fitting method:                 Cholesky

 ------------------
  UW12 Correlation 
 ------------------
 Factor for UW12 correlation:            1.000000000
 Same spin scale factor:                 0.000000000
 Calculate indirect contribution:        false
 Method for three electron term:         df_ri
 Auxiliary RI basis set:                 Def2-TZVPPD-RI
 Number of RI basis functions:        1759
 Gaussians in geminal expansion:         4
 UW12 screening threshold:               1.00e-12
 Method for density-fitting:             w(r)
 Number of core spatial orbitals:       14

 Total number of grid points:       176688
 Method for AO orthogonalization:        symmetric
 Threshold for linear dependence:        1.00e-08
 D3BJ dispersion energy:                -0.046241123

 -------------------------------------
  Running restricted closed-shell SCF 
 -------------------------------------
 Max number of iterations:             128
 Conv. threshold (gradient):             1.00e-05
 Conv. threshold (energy):               1.00e-06
 Interpolation scheme:                   adiis+cdiis
 Initial guess:                          SAD

 ---------------------------------------------------------------
                  energy        change          grad        time
 ---------------------------------------------------------------
   0      -553.811453261                    3.14e+01      270.82
   1      -549.002099552      4.81e+00      5.93e+00       54.17
   2      -543.410021530      5.59e+00      2.62e+01       54.50
   3      -550.025884259     -6.62e+00      3.78e+00       54.39
   4      -550.192427332     -1.67e-01      2.57e+00       54.32
   5      -550.317181643     -1.25e-01      1.28e+00       54.62
   6      -550.318880822     -1.70e-03      1.25e+00       54.46
   7      -550.339994060     -2.11e-02      2.97e-01       54.62
   8      -550.334826676      5.17e-03      6.74e-01       54.17
   9      -550.341051541     -6.22e-03      1.68e-01       54.28
  10      -550.341410912     -3.59e-04      7.24e-02       54.30
  11      -550.341458498     -4.76e-05      5.88e-02       54.93
  12      -550.341499384     -4.09e-05      1.42e-03       54.15
  13      -550.341499329      5.48e-08      5.60e-04       53.71
  14      -550.341499436     -1.07e-07      3.00e-04       53.79
  15      -550.341499375      6.05e-08      1.38e-04       54.29
  16      -550.341499426     -5.05e-08      4.02e-05       54.37
  17      -550.341499395      3.06e-08      1.56e-05       54.46
  18      -550.341499382      1.29e-08      7.58e-06       53.84

 SCF converged in 18 iterations.

 Dipole moment (in Debye):              -2.960541       0.614652       0.725843

 Quadrupole moment (in Debye-Angstrom):
                  1            2            3
 1       -84.922533    -0.618701    -0.296914
 2        -0.618701   -80.954019     0.623761
 3        -0.296914     0.623761   -85.525248

 Spin-squared expectation <S^2>:         0.000
 Total spin quantum number S:            0.000
 TOTAL ENERGY:                        -550.341499451

 --------------------------------------------------------------------------------

 End time:                               Wed Nov  3 12:06:21 2021
 Total wall-clock time:               1329.479 seconds
==================================================================================
