
================================================================================
          _____________ ________ _______________ ________     _________         
         / ___________// ______ \\_____   _____// ______ \   / ________)        
        / /_________  / /      \ \     | |     / /      \ \ | (_______          
       |  __________|| |        | |    | |    | |        | | \________ \        
        \ \_________ | |        | |    | |     \ \______/ /___________) |       
         \__________||_|        |_|    |_|      \________//____________/        
                                                                                
====================================[ Qcore ]===================================

 Git describe: 2.3.0-1-g21d9df7e5
 Compiler:     GNU 9.1.0
 Build type:   Release
 Version:      2.3.0-1-g21d9df7e5

 Start time:   Tue Oct 26 11:30:20 2021

 Data directory: /work/zw18965/.local/qcore/share/entos/qcore/data
 Number of threads: 24
 Number of threads was determined by: command line argument

 --------------------------------------------------------------------------------
                                   command: dft                                  
 --------------------------------------------------------------------------------
 AO basis set:                           def2-tzvppd
 Number of AO basis functions:         825
 ECP on atom 1 (Re):                     60 electrons

 Formula:                                C9H8O6BrRe
 Nuclear charge:                       220.000000000
 Total charge:                           0.000000000
 Number of core electrons:              60
 Number of treated electrons:          160

 Number of alpha electrons:             80
 Number of beta electrons:              80
 Number of unpaired electrons:           0
 Spin:                                   0
 Multiplicity:                           singlet

 Theory:                                 dft
 Exchange-correlation functional:        wb97x

 Using range separated hybrid functional
 Range separation parameter:             0.300000000
 Short range exact exchange:             0.263800000
 Total long range exact exchange:        1.000000000

 Method for Coulomb:                     incore_df
 Method for exact exchange:              pre_transformed_df
 Integral threshold:                     1.00e-12
 DF basis set:                           def2-universal-jkfit
 Number of DF basis functions:        1774
 Schwarz screening threshold:            1.00e-10
 Coulomb fitting method:                 Cholesky

 ------------------
  UW12 Correlation 
 ------------------
 Factor for UW12 correlation:            1.000000000
 Same spin scale factor:                 0.000000000
 Calculate indirect contribution:        false
 Method for three electron term:         df_ri
 Auxiliary RI basis set:                 Def2-TZVPPD-RI
 Number of RI basis functions:        2060
 Gaussians in geminal expansion:         4
 UW12 screening threshold:               1.00e-12
 Method for density-fitting:             w(r)
 Number of core spatial orbitals:       28

 Total number of grid points:       167124
 Method for AO orthogonalization:        symmetric
 Threshold for linear dependence:        1.00e-08
 D3BJ dispersion energy:                -0.057751141

 -------------------------------------
  Running restricted closed-shell SCF 
 -------------------------------------
 Max number of iterations:             128
 Conv. threshold (gradient):             1.00e-05
 Conv. threshold (energy):               1.00e-06
 Interpolation scheme:                   adiis+cdiis
 Initial guess:                          SAD

 ---------------------------------------------------------------
                  energy        change          grad        time
 ---------------------------------------------------------------
   0     -3476.241571997                    2.00e+02      554.39
   1     -3470.191252089      6.05e+00      4.41e+00      116.85
   2     -3469.384752747      8.06e-01      1.10e+01      118.50
   3     -3470.685831789     -1.30e+00      1.07e+00      117.08
   4     -3470.688237139     -2.41e-03      1.07e+00      119.24
   5     -3470.718726849     -3.05e-02      2.97e-01      119.56
   6     -3470.715011084      3.72e-03      5.81e-01      117.93
   7     -3470.720583084     -5.57e-03      6.70e-02      118.97
   8     -3470.720405747      1.77e-04      1.09e-01      121.11
   9     -3470.720796339     -3.91e-04      5.48e-03      120.38
  10     -3470.720797758     -1.42e-06      1.78e-03      121.24
  11     -3470.720800257     -2.50e-06      1.51e-03      121.43
  12     -3470.720805509     -5.25e-06      1.37e-03      121.38
  13     -3470.720813666     -8.16e-06      1.34e-03      120.19
  14     -3470.720820216     -6.55e-06      1.36e-03      122.58
  15     -3470.720823424     -3.21e-06      1.38e-03      121.49
  16     -3470.720805885      1.75e-05      1.25e-03      117.34
  17     -3470.720776758      2.91e-05      1.34e-03      119.69
  18     -3470.720785353     -8.60e-06      1.44e-03      118.68
  19     -3470.720815702     -3.03e-05      2.06e-03      119.78
  20     -3470.720912872     -9.72e-05      2.61e-02      117.92
  21     -3470.720901162      1.17e-05      1.40e-02      119.84
  22     -3470.720902599     -1.44e-06      1.29e-02      118.99
  23     -3470.720904117     -1.52e-06      1.44e-02      118.48
  24     -3470.720905179     -1.06e-06      1.44e-02      121.97
  25     -3470.720904643      5.36e-07      1.54e-02      119.68
  26     -3470.720860036      4.46e-05      2.59e-03      120.31
  27     -3470.720843620      1.64e-05      1.51e-03      122.14
  28     -3470.720870598     -2.70e-05      2.99e-03      121.17
  29     -3470.720861373      9.22e-06      1.90e-03      120.21
  30     -3470.720853523      7.85e-06      1.23e-03      118.45
  31     -3470.720857238     -3.71e-06      1.24e-03      119.60
  32     -3470.720858894     -1.66e-06      1.22e-03      120.80
  33     -3470.720856924      1.97e-06      1.33e-03      119.49
  34     -3470.720855167      1.76e-06      1.30e-03      120.84
  35     -3470.720857526     -2.36e-06      1.26e-03      121.09
  36     -3470.720882832     -2.53e-05      1.38e-03      119.94
  37     -3470.720907155     -2.43e-05      1.82e-03      119.72
  38     -3470.720881831      2.53e-05      1.57e-03      120.14
  39     -3470.720841136      4.07e-05      1.29e-03      118.45
  40     -3470.720878858     -3.77e-05      1.41e-03      120.56
  41     -3470.720928924     -5.01e-05      1.62e-03      121.03
  42     -3470.720959667     -3.07e-05      1.02e-03      122.92
  43     -3470.720969692     -1.00e-05      7.60e-04      119.33
  44     -3470.720972438     -2.75e-06      7.20e-04      117.69
  45     -3470.720979524     -7.09e-06      6.52e-04      121.30
  46     -3470.720978261      1.26e-06      9.28e-04      120.00
  47     -3470.720984591     -6.33e-06      2.87e-04      122.08
  48     -3470.720985034     -4.43e-07      2.89e-04      120.21
  49     -3470.720986317     -1.28e-06      1.85e-04      120.75
  50     -3470.720987032     -7.15e-07      7.72e-05      122.63
  51     -3470.720986812      2.21e-07      1.43e-04      122.84
  52     -3470.720986613      1.98e-07      1.11e-04      121.09
  53     -3470.720986178      4.35e-07      8.77e-05      119.81
  54     -3470.720986237     -5.84e-08      6.81e-05      121.53
  55     -3470.720986171      6.55e-08      3.34e-05      119.53
  56     -3470.720986266     -9.54e-08      1.62e-05      121.97
  57     -3470.720986192      7.46e-08      1.37e-05      119.20
  58     -3470.720986182      9.79e-09      9.92e-06      119.71

 SCF converged in 58 iterations.

 Dipole moment (in Debye):              -6.255064       2.759439      -0.427497

 Quadrupole moment (in Debye-Angstrom):
                  1            2            3
 1      -101.335611     3.277239     0.059348
 2         3.277239  -133.039805    -2.594255
 3         0.059348    -2.594255  -125.847742

 Spin-squared expectation <S^2>:         0.000
 Total spin quantum number S:            0.000
 TOTAL ENERGY:                       -3470.720986179

 --------------------------------------------------------------------------------

 End time:                               Tue Oct 26 13:39:12 2021
 Total wall-clock time:               7732.761 seconds
==================================================================================
