
================================================================================
          _____________ ________ _______________ ________     _________         
         / ___________// ______ \\_____   _____// ______ \   / ________)        
        / /_________  / /      \ \     | |     / /      \ \ | (_______          
       |  __________|| |        | |    | |    | |        | | \________ \        
        \ \_________ | |        | |    | |     \ \______/ /___________) |       
         \__________||_|        |_|    |_|      \________//____________/        
                                                                                
====================================[ Qcore ]===================================

 Git describe: 2.3.0-1-g21d9df7e5
 Compiler:     GNU 9.1.0
 Build type:   Release
 Version:      2.3.0-1-g21d9df7e5

 Start time:   Tue Oct 26 12:59:14 2021

 Data directory: /work/zw18965/.local/qcore/share/entos/qcore/data
 Number of threads: 24
 Number of threads was determined by: command line argument
  - More threads can be used by running 'qcore -n 32'

 --------------------------------------------------------------------------------
                                   command: dft                                  
 --------------------------------------------------------------------------------
 AO basis set:                           def2-tzvppd
 Number of AO basis functions:         815
 ECP on atom 25 (Au):                    60 electrons

 Formula:                                C9H15O3PAu+
 Nuclear charge:                       187.000000000
 Total charge:                           1.000000000
 Number of core electrons:              60
 Number of treated electrons:          126

 Number of alpha electrons:             63
 Number of beta electrons:              63
 Number of unpaired electrons:           0
 Spin:                                   0
 Multiplicity:                           singlet

 Theory:                                 dft
 Exchange-correlation functional:        wb97x

 Using range separated hybrid functional
 Range separation parameter:             0.300000000
 Short range exact exchange:             0.263800000
 Total long range exact exchange:        1.000000000

 Method for Coulomb:                     incore_df
 Method for exact exchange:              pre_transformed_df
 Integral threshold:                     1.00e-12
 DF basis set:                           def2-universal-jkfit
 Number of DF basis functions:        1551
 Schwarz screening threshold:            1.00e-10
 Coulomb fitting method:                 Cholesky

 ------------------
  UW12 Correlation 
 ------------------
 Factor for UW12 correlation:            1.000000000
 Same spin scale factor:                 0.000000000
 Calculate indirect contribution:        false
 Method for three electron term:         df_ri
 Auxiliary RI basis set:                 Def2-TZVPPD-RI
 Number of RI basis functions:        2021
 Gaussians in geminal expansion:         4
 UW12 screening threshold:               1.00e-12
 Method for density-fitting:             w(r)
 Number of core spatial orbitals:       21

 Total number of grid points:       186852
 Method for AO orthogonalization:        symmetric
 Threshold for linear dependence:        1.00e-08
 D3BJ dispersion energy:                -0.049711757

 -------------------------------------
  Running restricted closed-shell SCF 
 -------------------------------------
 Max number of iterations:             128
 Conv. threshold (gradient):             1.00e-05
 Conv. threshold (energy):               1.00e-06
 Interpolation scheme:                   adiis+cdiis
 Initial guess:                          SAD

 ---------------------------------------------------------------
                  energy        change          grad        time
 ---------------------------------------------------------------
   0     -1070.169785806                    2.77e+01      356.90
   1     -1064.613636401      5.56e+00      2.72e+00       75.13
   2     -1064.714013270     -1.00e-01      2.78e+00       75.11
   3     -1064.920185716     -2.06e-01      1.02e+00       74.89
   4     -1064.904307321      1.59e-02      1.54e+00       73.76
   5     -1064.941595828     -3.73e-02      1.76e-01       75.03
   6     -1064.941546909      4.89e-05      1.92e-01       74.05
   7     -1064.942196146     -6.49e-04      1.41e-02       73.54
   8     -1064.942193421      2.73e-06      1.76e-02       75.67
   9     -1064.942201360     -7.94e-06      1.26e-03       74.86
  10     -1064.942201107      2.53e-07      4.62e-04       74.02
  11     -1064.942201129     -2.16e-08      2.26e-04       74.54
  12     -1064.942201151     -2.22e-08      6.60e-05       75.02
  13     -1064.942201124      2.68e-08      2.76e-05       75.08
  14     -1064.942201106      1.80e-08      1.70e-05       74.60
  15     -1064.942201134     -2.79e-08      2.45e-05       75.60
  16     -1064.942201101      3.28e-08      2.13e-05       75.06
  17     -1064.942201100      1.23e-09      1.84e-05       74.31
  18     -1064.942201091      9.11e-09      1.68e-05       74.88
  19     -1064.942201105     -1.42e-08      1.22e-05       74.87
  20     -1064.942201106     -1.21e-09      3.39e-05       74.81
  21     -1064.942201084      2.20e-08      3.42e-05       74.81
  22     -1064.942201104     -1.98e-08      1.52e-05       74.97
  23     -1064.942201099      5.24e-09      2.23e-05       75.02
  24     -1064.942201100     -1.27e-09      3.57e-05       74.77
  25     -1064.942201122     -2.15e-08      3.78e-05       74.94
  26     -1064.942201099      2.28e-08      2.48e-05       74.50
  27     -1064.942201116     -1.70e-08      3.66e-05       74.35
  28     -1064.942201123     -7.22e-09      2.16e-05       75.26
  29     -1064.942201112      1.06e-08      2.75e-05       75.09
  30     -1064.942201103      9.26e-09      1.53e-05       75.56
  31     -1064.942201094      9.48e-09      3.63e-05       75.42
  32     -1064.942201142     -4.80e-08      4.32e-05       74.12
  33     -1064.942201104      3.77e-08      1.29e-05       74.26
  34     -1064.942201092      1.25e-08      1.84e-05       74.39
  35     -1064.942201138     -4.63e-08      3.13e-05       75.49
  36     -1064.942201101      3.71e-08      3.74e-05       75.36
  37     -1064.942201097      3.78e-09      1.42e-05       74.47
  38     -1064.942201118     -2.11e-08      3.67e-05       74.76
  39     -1064.942201125     -6.97e-09      2.18e-05       74.91
  40     -1064.942201118      6.65e-09      2.48e-05       74.69
  41     -1064.942201136     -1.75e-08      2.65e-05       74.70
  42     -1064.942201105      3.06e-08      2.27e-05       73.73
  43     -1064.942201123     -1.80e-08      1.22e-05       74.33
  44     -1064.942201115      8.20e-09      2.09e-05       75.06
  45     -1064.942201117     -1.36e-09      1.94e-05       74.92
  46     -1064.942201104      1.29e-08      1.90e-05       74.50
  47     -1064.942201092      1.16e-08      1.71e-05       74.80
  48     -1064.942201104     -1.22e-08      1.42e-05       75.44
  49     -1064.942201139     -3.49e-08      3.51e-05       74.59
  50     -1064.942201120      1.90e-08      1.28e-05       74.60
  51     -1064.942201116      4.11e-09      2.82e-05       74.18
  52     -1064.942201113      2.56e-09      2.32e-05       75.30
  53     -1064.942201084      2.96e-08      1.97e-05       74.27
  54     -1064.942201129     -4.52e-08      2.22e-05       74.92
  55     -1064.942201102      2.69e-08      1.96e-05       74.92
  56     -1064.942201095      7.05e-09      2.57e-05       74.58
  57     -1064.942201115     -2.01e-08      2.67e-05       75.08
  58     -1064.942201130     -1.49e-08      1.05e-05       74.22
  59     -1064.942201130     -3.07e-11      1.43e-05       74.88
  60     -1064.942201149     -1.90e-08      1.23e-05       74.84
  61     -1064.942201113      3.63e-08      2.79e-05       75.23
  62     -1064.942201122     -9.61e-09      1.50e-05       75.54
  63     -1064.942201109      1.29e-08      2.14e-05       75.40
  64     -1064.942201113     -3.76e-09      1.91e-05       75.19
  65     -1064.942201096      1.68e-08      1.29e-05       75.01
  66     -1064.942201108     -1.13e-08      1.70e-05       74.67
  67     -1064.942201097      1.09e-08      1.20e-05       74.55
  68     -1064.942201131     -3.40e-08      2.41e-05       75.12
  69     -1064.942201084      4.73e-08      1.91e-05       74.96
  70     -1064.942201110     -2.61e-08      1.80e-05       73.62
  71     -1064.942201102      7.42e-09      3.63e-05       75.45
  72     -1064.942201099      3.44e-09      1.77e-05       75.18
  73     -1064.942201099      2.56e-10      1.23e-05       73.96
  74     -1064.942201104     -5.42e-09      2.37e-05       75.35
  75     -1064.942201111     -7.43e-09      1.00e-05       74.91
  76     -1064.942201085      2.64e-08      1.63e-05       74.87
  77     -1064.942201101     -1.62e-08      1.77e-05       74.10
  78     -1064.942201092      9.15e-09      2.40e-05       74.24
  79     -1064.942201125     -3.29e-08      1.66e-05       74.34
  80     -1064.942201102      2.31e-08      1.44e-05       73.56
  81     -1064.942201124     -2.20e-08      1.43e-05       75.22
  82     -1064.942201113      1.09e-08      2.25e-05       74.55
  83     -1064.942201118     -5.35e-09      1.23e-05       74.73
  84     -1064.942201130     -1.22e-08      1.97e-05       76.10
  85     -1064.942201135     -4.53e-09      1.05e-05       74.91
  86     -1064.942201116      1.93e-08      2.66e-05       75.08
  87     -1064.942201093      2.28e-08      2.93e-05       76.06
  88     -1064.942201096     -3.43e-09      1.77e-05       73.98
  89     -1064.942201107     -1.12e-08      2.15e-05       74.99
  90     -1064.942201081      2.66e-08      2.29e-05       75.87
  91     -1064.942201125     -4.38e-08      1.45e-05       74.48
  92     -1064.942201110      1.47e-08      3.08e-05       74.48
  93     -1064.942201118     -7.56e-09      2.89e-05       74.46
  94     -1064.942201102      1.60e-08      2.21e-05       74.77
  95     -1064.942201086      1.59e-08      1.04e-05       74.09
  96     -1064.942201098     -1.25e-08      2.04e-05       74.47
  97     -1064.942201119     -2.06e-08      1.83e-05       73.95
  98     -1064.942201075      4.40e-08      3.90e-05       74.70
  99     -1064.942201114     -3.88e-08      1.77e-05       74.94
 100     -1064.942201145     -3.11e-08      1.68e-05       74.37
 101     -1064.942201122      2.33e-08      2.00e-05       74.42
 102     -1064.942201157     -3.50e-08      3.25e-05       74.57
 103     -1064.942201102      5.50e-08      2.20e-05       74.40
 104     -1064.942201121     -1.96e-08      2.20e-05       74.93
 105     -1064.942201132     -1.11e-08      1.49e-05       74.55
 106     -1064.942201119      1.33e-08      3.97e-05       75.06
 107     -1064.942201107      1.14e-08      1.72e-05       75.29
 108     -1064.942201127     -1.96e-08      1.18e-05       74.98
 109     -1064.942201139     -1.15e-08      1.24e-05       74.03
 110     -1064.942201109      2.93e-08      1.52e-05       73.93
 111     -1064.942201108      1.64e-09      1.90e-05       74.39
 112     -1064.942201104      3.24e-09      8.39e-06       74.94

 SCF converged in 112 iterations.

 Dipole moment (in Debye):               6.199292      -0.036837       0.448187

 Quadrupole moment (in Debye-Angstrom):
                  1            2            3
 1       -19.993056    -6.941466    -0.914559
 2        -6.941466   -94.882396    -0.368870
 3        -0.914559    -0.368870   -94.333196

 Spin-squared expectation <S^2>:         0.000
 Total spin quantum number S:            0.000
 TOTAL ENERGY:                       -1064.942201141

 --------------------------------------------------------------------------------

 End time:                               Tue Oct 26 15:26:44 2021
 Total wall-clock time:               8849.956 seconds
==================================================================================
