
================================================================================
          _____________ ________ _______________ ________     _________         
         / ___________// ______ \\_____   _____// ______ \   / ________)        
        / /_________  / /      \ \     | |     / /      \ \ | (_______          
       |  __________|| |        | |    | |    | |        | | \________ \        
        \ \_________ | |        | |    | |     \ \______/ /___________) |       
         \__________||_|        |_|    |_|      \________//____________/        
                                                                                
====================================[ Qcore ]===================================

 Git describe: 2.3.0-3-g778a55bfd
 Compiler:     GNU 9.3.0
 Build type:   Release
 Version:      2.3.0-3-g778a55bfd

 Start time:   Tue Nov  9 13:28:51 2021

 Data directory: /mnt/storage/scratch/zw18965/.local/qcore/share/entos/qcore/data
 Number of threads: 28
 Number of threads was determined by: command line argument

 --------------------------------------------------------------------------------
                                   command: dft                                  
 --------------------------------------------------------------------------------
 AO basis set:                           def2-tzvppd
 Number of AO basis functions:         815
 ECP on atom 25 (Au):                    60 electrons

 Formula:                                C9H15O3PAu+
 Nuclear charge:                       187.000000000
 Total charge:                           1.000000000
 Number of core electrons:              60
 Number of treated electrons:          126

 Number of alpha electrons:             63
 Number of beta electrons:              63
 Number of unpaired electrons:           0
 Spin:                                   0
 Multiplicity:                           singlet

 Theory:                                 dft
 Exchange-correlation functional:        wb97x

 Using range separated hybrid functional
 Range separation parameter:             0.300000000
 Short range exact exchange:             0.263800000
 Total long range exact exchange:        1.000000000

 Method for Coulomb:                     incore_df
 Method for exact exchange:              pre_transformed_df
 Integral threshold:                     1.00e-12
 DF basis set:                           def2-universal-jkfit
 Number of DF basis functions:        1551
 Schwarz screening threshold:            1.00e-10
 Coulomb fitting method:                 Cholesky

 ------------------
  UW12 Correlation 
 ------------------
 Factor for UW12 correlation:            1.000000000
 Same spin scale factor:                 0.000000000
 Calculate indirect contribution:        false
 Method for three electron term:         df_ri
 Auxiliary RI basis set:                 Def2-TZVPPD-RI
 Number of RI basis functions:        2021
 Gaussians in geminal expansion:         4
 UW12 screening threshold:               1.00e-12
 Method for density-fitting:             w(r)
 Number of core spatial orbitals:       21

 Total number of grid points:       186852
 Method for AO orthogonalization:        symmetric
 Threshold for linear dependence:        1.00e-08
 D3BJ dispersion energy:                -0.050031937

 -------------------------------------
  Running restricted closed-shell SCF 
 -------------------------------------
 Max number of iterations:             128
 Conv. threshold (gradient):             1.00e-05
 Conv. threshold (energy):               1.00e-06
 Interpolation scheme:                   adiis+cdiis
 Initial guess:                          SAD

 ---------------------------------------------------------------
                  energy        change          grad        time
 ---------------------------------------------------------------
   0     -1060.109812813                    3.07e+01      550.79
   1     -1053.992599357      6.12e+00      2.85e+00       98.33
   2     -1054.071872890     -7.93e-02      3.97e+00       98.78
   3     -1054.412411631     -3.41e-01      1.56e+00       98.41
   4     -1054.379216655      3.32e-02      2.60e+00       98.73
   5     -1054.439941805     -6.07e-02      2.79e-01       98.09
   6     -1054.439297634      6.44e-04      4.12e-01       98.25
   7     -1054.441579477     -2.28e-03      3.91e-02       98.23
   8     -1054.441591962     -1.25e-05      2.90e-02       98.93
   9     -1054.441633904     -4.19e-05      4.05e-03       98.52
  10     -1054.441633966     -6.26e-08      1.66e-03       98.88
  11     -1054.441634054     -8.76e-08      7.76e-04       98.95
  12     -1054.441634083     -2.90e-08      3.17e-04       98.45
  13     -1054.441633997      8.55e-08      1.05e-04       98.04
  14     -1054.441634026     -2.90e-08      3.79e-05       98.15
  15     -1054.441634095     -6.89e-08      2.07e-05       98.88
  16     -1054.441633988      1.07e-07      8.49e-06       98.68

 SCF converged in 16 iterations.

 Dipole moment (in Debye):               0.981941       0.970618      -0.845574

 Quadrupole moment (in Debye-Angstrom):
                  1            2            3
 1       -39.272317     0.091820    -1.970672
 2         0.091820   -94.816410    -0.972795
 3        -1.970672    -0.972795   -98.696465

 Spin-squared expectation <S^2>:         0.000
 Total spin quantum number S:            0.000
 TOTAL ENERGY:                       -1054.441634069

 --------------------------------------------------------------------------------

 End time:                               Tue Nov  9 14:07:03 2021
 Total wall-clock time:               2291.778 seconds
==================================================================================
