
================================================================================
          _____________ ________ _______________ ________     _________         
         / ___________// ______ \\_____   _____// ______ \   / ________)        
        / /_________  / /      \ \     | |     / /      \ \ | (_______          
       |  __________|| |        | |    | |    | |        | | \________ \        
        \ \_________ | |        | |    | |     \ \______/ /___________) |       
         \__________||_|        |_|    |_|      \________//____________/        
                                                                                
====================================[ Qcore ]===================================

 Git describe: 2.3.0-3-g778a55bfd
 Compiler:     GNU 9.3.0
 Build type:   Release
 Version:      2.3.0-3-g778a55bfd

 Start time:   Thu Nov  4 16:57:58 2021

 Data directory: /mnt/storage/scratch/zw18965/.local/qcore/share/entos/qcore/data
 Number of threads: 28
 Number of threads was determined by: command line argument

 --------------------------------------------------------------------------------
                                   command: dft                                  
 --------------------------------------------------------------------------------
 AO basis set:                           def2-tzvppd
 Number of AO basis functions:         825
 ECP on atom 1 (Re):                     60 electrons

 Formula:                                C9H8O6BrRe
 Nuclear charge:                       220.000000000
 Total charge:                           0.000000000
 Number of core electrons:              60
 Number of treated electrons:          160

 Number of alpha electrons:             80
 Number of beta electrons:              80
 Number of unpaired electrons:           0
 Spin:                                   0
 Multiplicity:                           singlet

 Theory:                                 dft
 Exchange-correlation functional:        wb97x

 Using range separated hybrid functional
 Range separation parameter:             0.300000000
 Short range exact exchange:             0.263800000
 Total long range exact exchange:        1.000000000

 Method for Coulomb:                     incore_df
 Method for exact exchange:              pre_transformed_df
 Integral threshold:                     1.00e-12
 DF basis set:                           def2-universal-jkfit
 Number of DF basis functions:        1774
 Schwarz screening threshold:            1.00e-10
 Coulomb fitting method:                 Cholesky

 ------------------
  UW12 Correlation 
 ------------------
 Factor for UW12 correlation:            1.000000000
 Same spin scale factor:                 0.000000000
 Calculate indirect contribution:        false
 Method for three electron term:         df_ri
 Auxiliary RI basis set:                 Def2-TZVPPD-RI
 Number of RI basis functions:        2060
 Gaussians in geminal expansion:         4
 UW12 screening threshold:               1.00e-12
 Method for density-fitting:             w(r)
 Number of core spatial orbitals:       28

 Total number of grid points:       167124
 Method for AO orthogonalization:        symmetric
 Threshold for linear dependence:        1.00e-08
 D3BJ dispersion energy:                -0.057244927

 -------------------------------------
  Running restricted closed-shell SCF 
 -------------------------------------
 Max number of iterations:             128
 Conv. threshold (gradient):             1.00e-05
 Conv. threshold (energy):               1.00e-06
 Interpolation scheme:                   adiis+cdiis
 Initial guess:                          SAD

 ---------------------------------------------------------------
                  energy        change          grad        time
 ---------------------------------------------------------------
   0     -3458.039774395                    2.35e+02      786.38
   1     -3451.126554581      6.91e+00      4.30e+00      131.06
   2     -3450.431219918      6.95e-01      1.06e+01      132.02
   3     -3451.624656605     -1.19e+00      9.82e-01      131.59
   4     -3451.607520406      1.71e-02      1.63e+00      131.00
   5     -3451.658999401     -5.15e-02      6.00e-01      131.12
   6     -3451.643826915      1.52e-02      1.34e+00      132.21
   7     -3451.663015919     -1.92e-02      2.75e-01      129.69
   8     -3451.663302019     -2.86e-04      2.59e-01      131.60
   9     -3451.664002080     -7.00e-04      5.50e-02      131.32
  10     -3451.663921077      8.10e-05      1.08e-01      131.35
  11     -3451.664057930     -1.37e-04      1.68e-03      130.95
  12     -3451.664067733     -9.80e-06      1.58e-03      131.15
  13     -3451.664079273     -1.15e-05      1.54e-03      130.52
  14     -3451.664088556     -9.28e-06      1.54e-03      131.15
  15     -3451.664086142      2.41e-06      1.52e-03      131.46
  16     -3451.664070176      1.60e-05      1.42e-03      130.40
  17     -3451.664052919      1.73e-05      2.55e-03      131.28
  18     -3451.664065056     -1.21e-05      2.37e-03      129.15
  19     -3451.664141394     -7.63e-05      3.82e-03      130.46
  20     -3451.664220260     -7.89e-05      5.35e-03      131.96
  21     -3451.664241414     -2.12e-05      5.53e-03      131.13
  22     -3451.664250758     -9.34e-06      5.61e-03      131.57
  23     -3451.664233779      1.70e-05      6.85e-03      130.89
  24     -3451.664218214      1.56e-05      8.70e-03      131.28
  25     -3451.664207859      1.04e-05      9.62e-03      129.99
  26     -3451.664255418     -4.76e-05      3.78e-03      131.20
  27     -3451.664284973     -2.96e-05      1.73e-03      131.64
  28     -3451.664301113     -1.61e-05      1.46e-03      130.36
  29     -3451.664300307      8.06e-07      1.38e-03      131.51
  30     -3451.664308377     -8.07e-06      1.28e-03      131.34
  31     -3451.664310960     -2.58e-06      1.24e-03      131.42
  32     -3451.664314562     -3.60e-06      1.25e-03      131.59
  33     -3451.664310726      3.84e-06      1.29e-03      131.63
  34     -3451.664303081      7.64e-06      1.39e-03      130.21
  35     -3451.664334319     -3.12e-05      1.05e-03      131.05
  36     -3451.664373737     -3.94e-05      2.31e-03      130.93
  37     -3451.664368356      5.38e-06      8.43e-04      132.87
  38     -3451.664372945     -4.59e-06      5.12e-04      131.66
  39     -3451.664379089     -6.14e-06      4.63e-04      131.01
  40     -3451.664381201     -2.11e-06      2.48e-04      131.57
  41     -3451.664382333     -1.13e-06      6.44e-04      130.97
  42     -3451.664383058     -7.24e-07      1.30e-04      130.42
  43     -3451.664382897      1.60e-07      2.04e-04      133.12
  44     -3451.664382844      5.29e-08      1.36e-04      133.03
  45     -3451.664382892     -4.79e-08      1.66e-04      132.65
  46     -3451.664382917     -2.48e-08      1.66e-04      131.55
  47     -3451.664382909      7.67e-09      1.40e-04      134.07
  48     -3451.664382941     -3.16e-08      4.43e-05      131.35
  49     -3451.664382925      1.55e-08      4.91e-05      132.22
  50     -3451.664382843      8.26e-08      2.81e-05      132.60
  51     -3451.664382868     -2.55e-08      1.17e-05      130.54
  52     -3451.664382960     -9.13e-08      1.09e-05      133.61
  53     -3451.664382970     -1.07e-08      1.14e-05      131.40
  54     -3451.664382870      1.01e-07      7.84e-06      132.08

 SCF converged in 54 iterations.

 Dipole moment (in Debye):               5.291668       2.777861      -0.470821

 Quadrupole moment (in Debye-Angstrom):
                  1            2            3
 1      -122.647084     0.695503     9.718947
 2         0.695503  -136.391893     1.587007
 3         9.718947     1.587007  -128.241300

 Spin-squared expectation <S^2>:         0.000
 Total spin quantum number S:            0.000
 TOTAL ENERGY:                       -3451.664382836

 --------------------------------------------------------------------------------

 End time:                               Thu Nov  4 19:13:43 2021
 Total wall-clock time:               8144.551 seconds
==================================================================================
