
================================================================================
          _____________ ________ _______________ ________     _________         
         / ___________// ______ \\_____   _____// ______ \   / ________)        
        / /_________  / /      \ \     | |     / /      \ \ | (_______          
       |  __________|| |        | |    | |    | |        | | \________ \        
        \ \_________ | |        | |    | |     \ \______/ /___________) |       
         \__________||_|        |_|    |_|      \________//____________/        
                                                                                
====================================[ Qcore ]===================================

 Git describe: 2.3.0-1-g21d9df7e5
 Compiler:     GNU 9.1.0
 Build type:   Release
 Version:      2.3.0-1-g21d9df7e5

 Start time:   Tue Oct 26 11:20:27 2021

 Data directory: /work/zw18965/.local/qcore/share/entos/qcore/data
 Number of threads: 24
 Number of threads was determined by: command line argument
  - More threads can be used by running 'qcore -n 32'

 --------------------------------------------------------------------------------
                                   command: dft                                  
 --------------------------------------------------------------------------------
 AO basis set:                           def2-tzvppd
 Number of AO basis functions:         825
 ECP on atom 1 (Re):                     60 electrons

 Formula:                                C9H8O6BrRe
 Nuclear charge:                       220.000000000
 Total charge:                           0.000000000
 Number of core electrons:              60
 Number of treated electrons:          160

 Number of alpha electrons:             80
 Number of beta electrons:              80
 Number of unpaired electrons:           0
 Spin:                                   0
 Multiplicity:                           singlet

 Theory:                                 dft
 Exchange-correlation functional:        wb97x

 Using range separated hybrid functional
 Range separation parameter:             0.300000000
 Short range exact exchange:             0.263800000
 Total long range exact exchange:        1.000000000

 Method for Coulomb:                     incore_df
 Method for exact exchange:              pre_transformed_df
 Integral threshold:                     1.00e-12
 DF basis set:                           def2-universal-jkfit
 Number of DF basis functions:        1774
 Schwarz screening threshold:            1.00e-10
 Coulomb fitting method:                 Cholesky

 ------------------
  UW12 Correlation 
 ------------------
 Factor for UW12 correlation:            1.000000000
 Same spin scale factor:                 0.000000000
 Calculate indirect contribution:        false
 Method for three electron term:         df_ri
 Auxiliary RI basis set:                 Def2-TZVPPD-RI
 Number of RI basis functions:        2060
 Gaussians in geminal expansion:         4
 UW12 screening threshold:               1.00e-12
 Method for density-fitting:             w(r)
 Number of core spatial orbitals:       28

 Total number of grid points:       167124
 Method for AO orthogonalization:        symmetric
 Threshold for linear dependence:        1.00e-08
 D3BJ dispersion energy:                -0.053242551

 -------------------------------------
  Running restricted closed-shell SCF 
 -------------------------------------
 Max number of iterations:             128
 Conv. threshold (gradient):             1.00e-05
 Conv. threshold (energy):               1.00e-06
 Interpolation scheme:                   adiis+cdiis
 Initial guess:                          SAD

 ---------------------------------------------------------------
                  energy        change          grad        time
 ---------------------------------------------------------------
   0     -3475.771328035                    1.77e+02      516.85
   1     -3470.290223639      5.48e+00      3.11e+00      108.49
   2     -3469.883380124      4.07e-01      7.10e+00      108.24
   3     -3470.674471058     -7.91e-01      9.06e-01      108.57
   4     -3470.636973970      3.75e-02      1.87e+00      107.78
   5     -3470.703493547     -6.65e-02      1.76e-01      108.05
   6     -3470.703689069     -1.96e-04      2.54e-01      109.67
   7     -3470.704990733     -1.30e-03      1.62e-01      108.63
   8     -3470.704728856      2.62e-04      2.02e-01      108.00
   9     -3470.705360035     -6.31e-04      2.94e-02      108.48
  10     -3470.705352882      7.15e-06      4.34e-02      109.75
  11     -3470.705393073     -4.02e-05      9.82e-04      108.90
  12     -3470.705401893     -8.82e-06      7.68e-04      109.78
  13     -3470.705411490     -9.60e-06      7.28e-04      109.49
  14     -3470.705427126     -1.56e-05      6.06e-04      107.23
  15     -3470.705442771     -1.56e-05      6.41e-04      108.45
  16     -3470.705448637     -5.87e-06      6.62e-04      109.21
  17     -3470.705448063      5.74e-07      6.58e-04      108.11
  18     -3470.705443206      4.86e-06      5.95e-04      109.02
  19     -3470.705435946      7.26e-06      5.04e-04      107.72
  20     -3470.705440377     -4.43e-06      5.29e-04      109.86
  21     -3470.705446967     -6.59e-06      3.45e-04      107.57
  22     -3470.705469755     -2.28e-05      3.04e-04      110.19
  23     -3470.705471291     -1.54e-06      2.86e-04      109.52
  24     -3470.705474371     -3.08e-06      2.70e-04      108.76
  25     -3470.705476183     -1.81e-06      2.71e-04      107.98
  26     -3470.705479454     -3.27e-06      3.19e-04      107.91
  27     -3470.705482929     -3.47e-06      2.84e-04      109.06
  28     -3470.705483437     -5.08e-07      3.31e-04      109.15
  29     -3470.705481427      2.01e-06      1.94e-04      107.80
  30     -3470.705482908     -1.48e-06      1.62e-04      109.81
  31     -3470.705483178     -2.70e-07      1.68e-04      107.96
  32     -3470.705482534      6.44e-07      1.43e-04      108.01
  33     -3470.705480806      1.73e-06      1.19e-04      108.91
  34     -3470.705480122      6.84e-07      1.05e-04      109.21
  35     -3470.705481204     -1.08e-06      7.09e-05      108.96
  36     -3470.705480487      7.16e-07      7.66e-05      108.86
  37     -3470.705480537     -4.99e-08      7.07e-05      108.11
  38     -3470.705480187      3.50e-07      6.89e-05      109.03
  39     -3470.705479459      7.28e-07      9.66e-05      108.27
  40     -3470.705479283      1.76e-07      5.83e-05      109.05
  41     -3470.705478941      3.42e-07      5.35e-05      108.88
  42     -3470.705478735      2.06e-07      4.22e-05      108.83
  43     -3470.705478569      1.67e-07      3.75e-05      108.20
  44     -3470.705479678     -1.11e-06      2.74e-05      109.15
  45     -3470.705480960     -1.28e-06      1.77e-05      109.09
  46     -3470.705481306     -3.46e-07      1.34e-05      109.78
  47     -3470.705481719     -4.13e-07      1.12e-05      108.12
  48     -3470.705481928     -2.09e-07      9.72e-06      108.04

 SCF converged in 48 iterations.

 Dipole moment (in Debye):               7.579290       4.191965      -1.988736

 Quadrupole moment (in Debye-Angstrom):
                  1            2            3
 1      -100.122000    -3.218377     2.996052
 2        -3.218377  -129.140304    -2.721171
 3         2.996052    -2.721171  -122.480069

 Spin-squared expectation <S^2>:         0.000
 Total spin quantum number S:            0.000
 TOTAL ENERGY:                       -3470.705482042

 --------------------------------------------------------------------------------

 End time:                               Tue Oct 26 12:59:10 2021
 Total wall-clock time:               5923.157 seconds
==================================================================================
