
================================================================================
          _____________ ________ _______________ ________     _________         
         / ___________// ______ \\_____   _____// ______ \   / ________)        
        / /_________  / /      \ \     | |     / /      \ \ | (_______          
       |  __________|| |        | |    | |    | |        | | \________ \        
        \ \_________ | |        | |    | |     \ \______/ /___________) |       
         \__________||_|        |_|    |_|      \________//____________/        
                                                                                
====================================[ Qcore ]===================================

 Git describe: 2.3.0-3-g778a55bfd
 Compiler:     GNU 9.3.0
 Build type:   Release
 Version:      2.3.0-3-g778a55bfd

 Start time:   Wed Nov 10 00:29:18 2021

 Data directory: /mnt/storage/scratch/zw18965/.local/qcore/share/entos/qcore/data
 Number of threads: 28
 Number of threads was determined by: command line argument

 --------------------------------------------------------------------------------
                                   command: dft                                  
 --------------------------------------------------------------------------------
 AO basis set:                           def2-tzvppd
 Number of AO basis functions:         825
 ECP on atom 1 (Re):                     60 electrons

 Formula:                                C9H8O6BrRe
 Nuclear charge:                       220.000000000
 Total charge:                           0.000000000
 Number of core electrons:              60
 Number of treated electrons:          160

 Number of alpha electrons:             80
 Number of beta electrons:              80
 Number of unpaired electrons:           0
 Spin:                                   0
 Multiplicity:                           singlet

 Theory:                                 dft
 Exchange-correlation functional:        wb97x

 Using range separated hybrid functional
 Range separation parameter:             0.300000000
 Short range exact exchange:             0.263800000
 Total long range exact exchange:        1.000000000

 Method for Coulomb:                     incore_df
 Method for exact exchange:              pre_transformed_df
 Integral threshold:                     1.00e-12
 DF basis set:                           def2-universal-jkfit
 Number of DF basis functions:        1774
 Schwarz screening threshold:            1.00e-10
 Coulomb fitting method:                 Cholesky

 ------------------
  UW12 Correlation 
 ------------------
 Factor for UW12 correlation:            1.000000000
 Same spin scale factor:                 0.000000000
 Calculate indirect contribution:        false
 Method for three electron term:         df_ri
 Auxiliary RI basis set:                 Def2-TZVPPD-RI
 Number of RI basis functions:        2060
 Gaussians in geminal expansion:         4
 UW12 screening threshold:               1.00e-12
 Method for density-fitting:             w(r)
 Number of core spatial orbitals:       28

 Total number of grid points:       167124
 Method for AO orthogonalization:        symmetric
 Threshold for linear dependence:        1.00e-08
 D3BJ dispersion energy:                -0.055924028

 -------------------------------------
  Running restricted closed-shell SCF 
 -------------------------------------
 Max number of iterations:             128
 Conv. threshold (gradient):             1.00e-05
 Conv. threshold (energy):               1.00e-06
 Interpolation scheme:                   adiis+cdiis
 Initial guess:                          SAD

 ---------------------------------------------------------------
                  energy        change          grad        time
 ---------------------------------------------------------------
   0     -3457.397799346                    1.97e+02      780.84
   1     -3451.120547588      6.28e+00      3.19e+00      132.37
   2     -3450.769307505      3.51e-01      7.53e+00      131.03
   3     -3451.566502288     -7.97e-01      1.77e+00      132.68
   4     -3451.376513153      1.90e-01      4.07e+00      130.71
   5     -3451.619296359     -2.43e-01      7.38e-01      130.54
   6     -3451.620224444     -9.28e-04      8.18e-01      131.69
   7     -3451.630448486     -1.02e-02      1.60e-01      130.88
   8     -3451.629312880      1.14e-03      3.46e-01      133.16
   9     -3451.630847705     -1.53e-03      5.62e-02      130.60
  10     -3451.630784573      6.31e-05      9.14e-02      130.96
  11     -3451.630886985     -1.02e-04      1.35e-03      131.61
  12     -3451.630879272      7.71e-06      1.25e-03      130.38
  13     -3451.630875261      4.01e-06      1.31e-03      130.33
  14     -3451.630872835      2.43e-06      1.29e-03      131.02
  15     -3451.630872480      3.56e-07      1.25e-03      131.22
  16     -3451.630875228     -2.75e-06      1.22e-03      130.25
  17     -3451.630891968     -1.67e-05      1.11e-03      131.71
  18     -3451.630923075     -3.11e-05      9.48e-04      131.34
  19     -3451.630937759     -1.47e-05      3.13e-03      132.31
  20     -3451.631001887     -6.41e-05      1.25e-02      131.37
  21     -3451.630872744      1.29e-04      1.39e-03      132.02
  22     -3451.630885036     -1.23e-05      2.62e-03      133.16
  23     -3451.630885455     -4.19e-07      1.97e-03      131.99
  24     -3451.630889339     -3.88e-06      1.87e-03      130.59
  25     -3451.630883872      5.47e-06      1.46e-03      131.72
  26     -3451.630879582      4.29e-06      1.48e-03      130.53
  27     -3451.630872205      7.38e-06      1.30e-03      132.16
  28     -3451.630869862      2.34e-06      1.11e-03      132.14
  29     -3451.630873830     -3.97e-06      1.21e-03      129.69
  30     -3451.630875942     -2.11e-06      1.10e-03      129.94
  31     -3451.630907288     -3.13e-05      4.64e-03      130.30
  32     -3451.630933985     -2.67e-05      2.35e-03      130.93
  33     -3451.630950800     -1.68e-05      1.48e-03      131.99
  34     -3451.630900293      5.05e-05      1.13e-03      130.16
  35     -3451.630883251      1.70e-05      1.90e-03      129.83
  36     -3451.630922048     -3.88e-05      1.76e-03      130.35
  37     -3451.630955275     -3.32e-05      1.35e-03      132.12
  38     -3451.630932019      2.33e-05      9.77e-04      130.78
  39     -3451.630920898      1.11e-05      1.09e-03      131.16
  40     -3451.630879854      4.10e-05      3.91e-03      130.11
  41     -3451.631051576     -1.72e-04      1.86e-03      131.07
  42     -3451.631040204      1.14e-05      1.58e-03      131.02
  43     -3451.631000723      3.95e-05      1.18e-03      132.15
  44     -3451.631001140     -4.17e-07      1.41e-03      130.89
  45     -3451.630996771      4.37e-06      1.15e-03      131.33
  46     -3451.630998227     -1.46e-06      1.26e-03      132.23
  47     -3451.631013548     -1.53e-05      1.22e-03      130.78
  48     -3451.631015622     -2.07e-06      1.12e-03      130.42
  49     -3451.631024205     -8.58e-06      1.20e-03      131.71
  50     -3451.631028594     -4.39e-06      1.81e-03      132.74
  51     -3451.631031482     -2.89e-06      7.76e-04      130.96
  52     -3451.631058625     -2.71e-05      1.44e-03      133.03
  53     -3451.631075096     -1.65e-05      8.18e-04      131.37
  54     -3451.631051114      2.40e-05      1.06e-03      132.22
  55     -3451.631097438     -4.63e-05      8.66e-04      132.89
  56     -3451.631086015      1.14e-05      7.84e-04      133.48
  57     -3451.631123913     -3.79e-05      1.89e-03      130.13
  58     -3451.631098919      2.50e-05      8.65e-04      130.38
  59     -3451.631112705     -1.38e-05      7.68e-04      130.12
  60     -3451.631115694     -2.99e-06      9.37e-04      131.94
  61     -3451.631109542      6.15e-06      3.81e-03      130.57
  62     -3451.631152208     -4.27e-05      4.77e-03      130.39
  63     -3451.631158329     -6.12e-06      3.93e-03      132.46
  64     -3451.631154221      4.11e-06      3.29e-03      130.76
  65     -3451.631136754      1.75e-05      1.52e-03      130.95
  66     -3451.631134786      1.97e-06      1.21e-03      131.67
  67     -3451.631134286      5.00e-07      1.09e-03      133.06
  68     -3451.631136109     -1.82e-06      7.90e-04      132.18
  69     -3451.631146340     -1.02e-05      6.07e-04      131.07
  70     -3451.631148434     -2.09e-06      7.84e-04      131.06
  71     -3451.631151242     -2.81e-06      6.83e-04      131.08
  72     -3451.631148106      3.14e-06      6.06e-04      131.95
  73     -3451.631143102      5.00e-06      6.28e-04      131.82
  74     -3451.631064311      7.88e-05      1.10e-03      130.28
  75     -3451.631145593     -8.13e-05      1.26e-03      130.12
  76     -3451.631189313     -4.37e-05      2.31e-03      132.44
  77     -3451.631179963      9.35e-06      1.12e-03      131.78
  78     -3451.631182037     -2.07e-06      1.22e-03      131.25
  79     -3451.631184671     -2.63e-06      1.54e-03      131.38
  80     -3451.631183029      1.64e-06      1.15e-03      131.55
  81     -3451.631170247      1.28e-05      7.41e-04      130.81
  82     -3451.631113361      5.69e-05      7.64e-04      130.76
  83     -3451.631059694      5.37e-05      1.44e-03      131.80
  84     -3451.631176800     -1.17e-04      6.22e-04      131.47
  85     -3451.631172358      4.44e-06      5.33e-04      130.14
  86     -3451.631172394     -3.57e-08      5.75e-04      131.94
  87     -3451.631178476     -6.08e-06      9.10e-04      133.13
  88     -3451.631182085     -3.61e-06      1.15e-03      130.86
  89     -3451.631180292      1.79e-06      9.82e-04      132.39
  90     -3451.631181881     -1.59e-06      9.73e-04      131.45
  91     -3451.631179170      2.71e-06      8.78e-04      131.30
  92     -3451.631181914     -2.74e-06      9.77e-04      131.33
  93     -3451.631200813     -1.89e-05      2.09e-03      130.60
  94     -3451.631178268      2.25e-05      5.95e-04      130.30
  95     -3451.631186306     -8.04e-06      5.26e-04      130.50
  96     -3451.631195540     -9.23e-06      4.46e-04      129.96
  97     -3451.631209814     -1.43e-05      3.56e-04      131.03
  98     -3451.631208290      1.52e-06      2.97e-04      129.94
  99     -3451.631207540      7.50e-07      3.03e-04      130.12
 100     -3451.631185592      2.19e-05      3.84e-04      131.46
 101     -3451.631215339     -2.97e-05      2.79e-04      130.32
 102     -3451.631217788     -2.45e-06      2.64e-04      130.59
 103     -3451.631226169     -8.38e-06      5.29e-04      131.42
 104     -3451.631209405      1.68e-05      7.03e-04      131.10
 105     -3451.631211730     -2.32e-06      7.46e-04      130.90
 106     -3451.631219397     -7.67e-06      4.77e-04      130.77
 107     -3451.631227101     -7.70e-06      4.05e-04      129.40
 108     -3451.631224247      2.85e-06      1.46e-04      132.44
 109     -3451.631224600     -3.53e-07      9.92e-05      130.75
 110     -3451.631224325      2.75e-07      9.25e-05      133.27
 111     -3451.631223949      3.77e-07      1.61e-04      130.99
 112     -3451.631223931      1.78e-08      1.50e-04      131.02
 113     -3451.631223670      2.61e-07      1.94e-04      132.34
 114     -3451.631223569      1.01e-07      2.32e-04      130.98
 115     -3451.631223596     -2.71e-08      2.36e-04      130.94
 116     -3451.631223715     -1.19e-07      1.18e-04      131.16
 117     -3451.631223360      3.56e-07      1.31e-04      134.12
 118     -3451.631223468     -1.08e-07      1.16e-04      129.61
 119     -3451.631223694     -2.26e-07      1.22e-04      132.09
 120     -3451.631223754     -6.06e-08      6.99e-05      131.73
 121     -3451.631224216     -4.62e-07      3.86e-05      130.98
 122     -3451.631224400     -1.83e-07      1.68e-05      132.16
 123     -3451.631224528     -1.28e-07      1.43e-05      131.69
 124     -3451.631224595     -6.75e-08      1.23e-05      131.19
 125     -3451.631224954     -3.58e-07      1.22e-05      130.48
 126     -3451.631225243     -2.90e-07      1.26e-05      131.88
 127     -3451.631225469     -2.26e-07      1.39e-05      130.99

Error: SCF not converged after 127 cycles
