
================================================================================
          _____________ ________ _______________ ________     _________         
         / ___________// ______ \\_____   _____// ______ \   / ________)        
        / /_________  / /      \ \     | |     / /      \ \ | (_______          
       |  __________|| |        | |    | |    | |        | | \________ \        
        \ \_________ | |        | |    | |     \ \______/ /___________) |       
         \__________||_|        |_|    |_|      \________//____________/        
                                                                                
====================================[ Qcore ]===================================

 Git describe: 2.3.0-3-g778a55bfd
 Compiler:     GNU 9.3.0
 Build type:   Release
 Version:      2.3.0-3-g778a55bfd

 Start time:   Fri Nov  5 03:06:43 2021

 Data directory: /mnt/storage/scratch/zw18965/.local/qcore/share/entos/qcore/data
 Number of threads: 28
 Number of threads was determined by: command line argument

 --------------------------------------------------------------------------------
                                   command: dft                                  
 --------------------------------------------------------------------------------
 AO basis set:                           def2-tzvppd
 Number of AO basis functions:        1122
 ECP on atom 23 (Au):                    60 electrons

 Formula:                                C16H14O2Cl3Au
 Nuclear charge:                       256.000000000
 Total charge:                           0.000000000
 Number of core electrons:              60
 Number of treated electrons:          196

 Number of alpha electrons:             98
 Number of beta electrons:              98
 Number of unpaired electrons:           0
 Spin:                                   0
 Multiplicity:                           singlet

 Theory:                                 dft
 Exchange-correlation functional:        wb97x

 Using range separated hybrid functional
 Range separation parameter:             0.300000000
 Short range exact exchange:             0.263800000
 Total long range exact exchange:        1.000000000

 Method for Coulomb:                     incore_df
 Method for exact exchange:              pre_transformed_df
 Integral threshold:                     1.00e-12
 DF basis set:                           def2-universal-jkfit
 Number of DF basis functions:        2237
 Schwarz screening threshold:            1.00e-10
 Coulomb fitting method:                 Cholesky

 ------------------
  UW12 Correlation 
 ------------------
 Factor for UW12 correlation:            1.000000000
 Same spin scale factor:                 0.000000000
 Calculate indirect contribution:        false
 Method for three electron term:         df_ri
 Auxiliary RI basis set:                 Def2-TZVPPD-RI
 Number of RI basis functions:        2812
 Gaussians in geminal expansion:         4
 UW12 screening threshold:               1.00e-12
 Method for density-fitting:             w(r)
 Number of core spatial orbitals:       37

 Total number of grid points:       236750
 Method for AO orthogonalization:        symmetric
 Threshold for linear dependence:        1.00e-08
 D3BJ dispersion energy:                -0.080437282

 -------------------------------------
  Running restricted closed-shell SCF 
 -------------------------------------
 Max number of iterations:             128
 Conv. threshold (gradient):             1.00e-05
 Conv. threshold (energy):               1.00e-06
 Interpolation scheme:                   adiis+cdiis
 Initial guess:                          SAD

 ---------------------------------------------------------------
                  energy        change          grad        time
 ---------------------------------------------------------------
   0     -2294.235630088                    3.85e+01     1377.20
   1     -2283.886045716      1.03e+01      6.87e+00      407.97
   2     -2282.371008007      1.52e+00      7.71e+00      392.60
   3     -2284.741837841     -2.37e+00      1.35e+00      395.68
   4     -2284.755524555     -1.37e-02      2.14e+00      394.22
   5     -2284.823622559     -6.81e-02      7.14e-01      403.55
   6     -2284.815944748      7.68e-03      1.15e+00      426.45
   7     -2284.831038628     -1.51e-02      1.77e-01      401.56
   8     -2284.830742868      2.96e-04      2.09e-01      400.13
   9     -2284.831398650     -6.56e-04      1.81e-02      399.14
  10     -2284.831420249     -2.16e-05      1.25e-02      396.89
  11     -2284.831430388     -1.01e-05      2.30e-03      400.97
  12     -2284.831430807     -4.18e-07      1.28e-03      400.77
  13     -2284.831430962     -1.55e-07      4.98e-04      403.58
  14     -2284.831430982     -1.95e-08      2.11e-04      405.21
  15     -2284.831430918      6.35e-08      9.50e-05      407.76
  16     -2284.831431014     -9.54e-08      5.40e-05      398.91
  17     -2284.831430954      5.98e-08      2.94e-05      407.68
  18     -2284.831430976     -2.19e-08      3.03e-05      410.86
  19     -2284.831431044     -6.79e-08      4.27e-05      396.56
  20     -2284.831430940      1.04e-07      2.79e-05      400.51
  21     -2284.831431011     -7.11e-08      4.36e-05      399.60
  22     -2284.831430948      6.30e-08      1.77e-05      408.42
  23     -2284.831431079     -1.31e-07      1.87e-05      398.29
  24     -2284.831430787      2.92e-07      2.98e-05      396.74
  25     -2284.831430951     -1.64e-07      1.84e-05      398.53
  26     -2284.831431038     -8.66e-08      2.79e-05      405.62
  27     -2284.831431076     -3.78e-08      3.86e-05      413.08
  28     -2284.831430987      8.84e-08      2.89e-05      414.17
  29     -2284.831430882      1.05e-07      2.52e-05      409.38
  30     -2284.831430958     -7.60e-08      3.06e-05      410.62
  31     -2284.831431027     -6.82e-08      2.37e-05      412.23
  32     -2284.831430963      6.32e-08      3.27e-05      408.36
  33     -2284.831430830      1.34e-07      2.19e-05      431.60
  34     -2284.831430934     -1.05e-07      2.67e-05      400.52
  35     -2284.831431023     -8.91e-08      3.27e-05      398.54
  36     -2284.831431060     -3.68e-08      1.69e-05      400.55
  37     -2284.831430992      6.79e-08      1.85e-05      404.00
  38     -2284.831430989      3.27e-09      2.50e-05      415.73
  39     -2284.831430921      6.79e-08      2.14e-05      404.36
  40     -2284.831430908      1.29e-08      2.69e-05      398.30
  41     -2284.831430919     -1.09e-08      3.63e-05      401.20
  42     -2284.831430961     -4.19e-08      2.39e-05      405.50
  43     -2284.831430953      7.89e-09      2.85e-05      408.49
  44     -2284.831431021     -6.78e-08      2.27e-05      407.11
  45     -2284.831430873      1.48e-07      2.16e-05      408.79
  46     -2284.831431000     -1.28e-07      1.99e-05      406.90
  47     -2284.831431056     -5.52e-08      2.05e-05      397.72
  48     -2284.831430994      6.15e-08      3.23e-05      408.54
  49     -2284.831431208     -2.14e-07      1.93e-05      397.00
  50     -2284.831430992      2.16e-07      1.71e-05      420.82
  51     -2284.831430916      7.54e-08      1.86e-05      401.58
  52     -2284.831430947     -3.07e-08      2.57e-05      397.01
  53     -2284.831431085     -1.38e-07      2.50e-05      400.20
  54     -2284.831430981      1.03e-07      1.62e-05      407.38
  55     -2284.831431017     -3.57e-08      2.01e-05      415.58
  56     -2284.831430946      7.07e-08      2.02e-05      408.25
  57     -2284.831430990     -4.35e-08      2.55e-05      426.70
  58     -2284.831431091     -1.01e-07      2.74e-05      416.32
  59     -2284.831431025      6.60e-08      2.55e-05      416.32
  60     -2284.831430877      1.48e-07      1.91e-05      398.71
  61     -2284.831430958     -8.07e-08      3.30e-05      401.01
  62     -2284.831431010     -5.15e-08      3.43e-05      404.77
  63     -2284.831430944      6.54e-08      2.08e-05      398.05
  64     -2284.831431160     -2.16e-07      2.41e-05      407.32
  65     -2284.831430947      2.13e-07      2.44e-05      412.29
  66     -2284.831430933      1.39e-08      1.74e-05      408.38
  67     -2284.831430876      5.74e-08      3.89e-05      400.25
  68     -2284.831431032     -1.56e-07      2.71e-05      400.05
  69     -2284.831430913      1.20e-07      2.24e-05      396.62
  70     -2284.831431020     -1.07e-07      2.01e-05      406.84
  71     -2284.831431041     -2.18e-08      2.12e-05      402.35
  72     -2284.831430859      1.82e-07      2.76e-05      398.46
  73     -2284.831431009     -1.50e-07      1.71e-05      387.62
  74     -2284.831430921      8.84e-08      2.62e-05      402.92
  75     -2284.831430999     -7.80e-08      1.89e-05      407.30
  76     -2284.831430963      3.55e-08      2.83e-05      402.94
  77     -2284.831430881      8.23e-08      1.67e-05      402.78
  78     -2284.831431050     -1.69e-07      2.15e-05      397.02
  79     -2284.831430981      6.92e-08      1.43e-05      405.49
  80     -2284.831430992     -1.14e-08      2.04e-05      403.67
  81     -2284.831430950      4.26e-08      2.25e-05      403.55
  82     -2284.831430966     -1.65e-08      2.41e-05      403.99
  83     -2284.831431028     -6.18e-08      2.18e-05      407.45
  84     -2284.831430984      4.38e-08      1.68e-05      422.42
  85     -2284.831431020     -3.61e-08      3.18e-05      397.85
  86     -2284.831430948      7.26e-08      2.11e-05      405.33
  87     -2284.831430992     -4.46e-08      2.41e-05      415.14
  88     -2284.831430930      6.20e-08      2.85e-05      399.98
  89     -2284.831430880      5.05e-08      2.60e-05      399.02
  90     -2284.831431016     -1.36e-07      2.92e-05      402.73
  91     -2284.831431059     -4.34e-08      2.20e-05      400.75
  92     -2284.831430938      1.21e-07      2.10e-05      398.30
  93     -2284.831431020     -8.15e-08      1.89e-05      400.18
  94     -2284.831431029     -8.89e-09      2.25e-05      400.61
  95     -2284.831430959      6.99e-08      1.84e-05      398.69
  96     -2284.831430833      1.26e-07      1.70e-05      392.79
  97     -2284.831430902     -6.96e-08      2.07e-05      398.22
  98     -2284.831431061     -1.59e-07      1.90e-05      414.71
  99     -2284.831430957      1.04e-07      2.31e-05      417.83
 100     -2284.831430970     -1.31e-08      3.43e-05      401.17
 101     -2284.831430926      4.48e-08      2.23e-05      410.31
 102     -2284.831431064     -1.39e-07      1.94e-05      410.77
 103     -2284.831430973      9.10e-08      2.01e-05      402.83
 104     -2284.831430921      5.22e-08      2.53e-05      403.09
 105     -2284.831431036     -1.15e-07      3.09e-05      405.24
 106     -2284.831430971      6.49e-08      2.43e-05      407.01
 107     -2284.831430931      3.99e-08      3.50e-05      401.53
 108     -2284.831430924      7.23e-09      2.50e-05      404.50
 109     -2284.831430953     -2.89e-08      2.20e-05      406.06
 110     -2284.831430938      1.45e-08      2.41e-05      398.34
 111     -2284.831430925      1.30e-08      2.47e-05      404.54
 112     -2284.831430959     -3.44e-08      2.64e-05      403.64
 113     -2284.831430933      2.66e-08      1.72e-05      409.33
 114     -2284.831431094     -1.62e-07      1.98e-05      397.80
 115     -2284.831430885      2.10e-07      2.37e-05      402.89
 116     -2284.831430985     -1.00e-07      2.10e-05      403.54
 117     -2284.831430870      1.15e-07      2.28e-05      398.42
 118     -2284.831430993     -1.22e-07      1.76e-05      402.91
 119     -2284.831431022     -2.92e-08      2.59e-05      409.05
 120     -2284.831431131     -1.10e-07      1.80e-05      402.84
 121     -2284.831430888      2.44e-07      3.66e-05      392.35
 122     -2284.831430987     -9.90e-08      1.76e-05      400.24
 123     -2284.831430959      2.79e-08      2.02e-05      399.18
 124     -2284.831431011     -5.27e-08      2.89e-05      390.37
 125     -2284.831430889      1.22e-07      2.24e-05      394.51
 126     -2284.831431066     -1.77e-07      2.14e-05      403.89
 127     -2284.831430849      2.17e-07      2.03e-05      404.14

Error: SCF not converged after 127 cycles
