
================================================================================
          _____________ ________ _______________ ________     _________         
         / ___________// ______ \\_____   _____// ______ \   / ________)        
        / /_________  / /      \ \     | |     / /      \ \ | (_______          
       |  __________|| |        | |    | |    | |        | | \________ \        
        \ \_________ | |        | |    | |     \ \______/ /___________) |       
         \__________||_|        |_|    |_|      \________//____________/        
                                                                                
====================================[ Qcore ]===================================

 Git describe: 2.3.0-3-g778a55bfd
 Compiler:     GNU 9.3.0
 Build type:   Release
 Version:      2.3.0-3-g778a55bfd

 Start time:   Thu Nov  4 18:17:18 2021

 Data directory: /mnt/storage/scratch/zw18965/.local/qcore/share/entos/qcore/data
 Number of threads: 28
 Number of threads was determined by: command line argument

 --------------------------------------------------------------------------------
                                   command: dft                                  
 --------------------------------------------------------------------------------
 AO basis set:                           def2-tzvppd
 Number of AO basis functions:         869
 ECP on atom 25 (Au):                    60 electrons

 Formula:                                C9H12O3Cl3Au
 Nuclear charge:                       220.000000000
 Total charge:                           0.000000000
 Number of core electrons:              60
 Number of treated electrons:          160

 Number of alpha electrons:             80
 Number of beta electrons:              80
 Number of unpaired electrons:           0
 Spin:                                   0
 Multiplicity:                           singlet

 Theory:                                 dft
 Exchange-correlation functional:        wb97x

 Using range separated hybrid functional
 Range separation parameter:             0.300000000
 Short range exact exchange:             0.263800000
 Total long range exact exchange:        1.000000000

 Method for Coulomb:                     incore_df
 Method for exact exchange:              pre_transformed_df
 Integral threshold:                     1.00e-12
 DF basis set:                           def2-universal-jkfit
 Number of DF basis functions:        1753
 Schwarz screening threshold:            1.00e-10
 Coulomb fitting method:                 Cholesky

 ------------------
  UW12 Correlation 
 ------------------
 Factor for UW12 correlation:            1.000000000
 Same spin scale factor:                 0.000000000
 Calculate indirect contribution:        false
 Method for three electron term:         df_ri
 Auxiliary RI basis set:                 Def2-TZVPPD-RI
 Number of RI basis functions:        2182
 Gaussians in geminal expansion:         4
 UW12 screening threshold:               1.00e-12
 Method for density-fitting:             w(r)
 Number of core spatial orbitals:       31

 Total number of grid points:       184314
 Method for AO orthogonalization:        symmetric
 Threshold for linear dependence:        1.00e-08
 D3BJ dispersion energy:                -0.060037906

 -------------------------------------
  Running restricted closed-shell SCF 
 -------------------------------------
 Max number of iterations:             128
 Conv. threshold (gradient):             1.00e-05
 Conv. threshold (energy):               1.00e-06
 Interpolation scheme:                   adiis+cdiis
 Initial guess:                          SAD

 ---------------------------------------------------------------
                  energy        change          grad        time
 ---------------------------------------------------------------
   0     -2097.836146924                    4.68e+01      661.17
   1     -2091.480108433      6.36e+00      5.60e+00      142.59
   2     -2091.192640707      2.87e-01      7.51e+00      142.94
   3     -2092.145054276     -9.52e-01      4.30e-01      143.10
   4     -2092.149426043     -4.37e-03      5.83e-01      142.09
   5     -2092.159190487     -9.76e-03      3.03e-01      142.96
   6     -2092.158150276      1.04e-03      4.07e-01      141.94
   7     -2092.160993622     -2.84e-03      3.12e-02      143.47
   8     -2092.161012546     -1.89e-05      3.45e-02      141.14
   9     -2092.161042080     -2.95e-05      2.67e-03      142.19
  10     -2092.161042985     -9.05e-07      1.30e-03      142.62
  11     -2092.161043182     -1.96e-07      5.65e-04      142.36
  12     -2092.161043206     -2.41e-08      2.06e-04      143.39
  13     -2092.161043186      1.96e-08      1.04e-04      143.01
  14     -2092.161043157      2.93e-08      6.41e-05      140.78
  15     -2092.161043119      3.77e-08      5.77e-05      141.57
  16     -2092.161043171     -5.16e-08      9.00e-05      142.82
  17     -2092.161043186     -1.58e-08      5.25e-05      143.02
  18     -2092.161043325     -1.39e-07      4.53e-05      142.26
  19     -2092.161043178      1.47e-07      8.07e-05      142.19
  20     -2092.161043165      1.35e-08      2.29e-05      143.80
  21     -2092.161043169     -3.90e-09      3.70e-05      142.83
  22     -2092.161043191     -2.20e-08      2.20e-05      142.75
  23     -2092.161043165      2.57e-08      4.12e-05      144.45
  24     -2092.161043139      2.62e-08      2.42e-05      141.53
  25     -2092.161043142     -2.63e-09      3.43e-05      141.33
  26     -2092.161043191     -4.92e-08      3.04e-05      142.35
  27     -2092.161043144      4.71e-08      6.37e-05      142.23
  28     -2092.161043205     -6.17e-08      3.00e-05      141.03
  29     -2092.161043098      1.07e-07      3.32e-05      141.68
  30     -2092.161043145     -4.64e-08      2.23e-05      142.62
  31     -2092.161043215     -7.04e-08      5.76e-05      141.56
  32     -2092.161043184      3.10e-08      7.28e-05      142.54
  33     -2092.161043135      4.92e-08      5.61e-05      141.56
  34     -2092.161043187     -5.22e-08      5.08e-05      142.01
  35     -2092.161043212     -2.53e-08      3.53e-05      141.15
  36     -2092.161043211      1.87e-09      3.13e-05      141.88
  37     -2092.161043229     -1.85e-08      6.20e-05      142.85
  38     -2092.161043166      6.27e-08      4.24e-05      142.00
  39     -2092.161043137      2.96e-08      1.33e-05      142.39
  40     -2092.161043173     -3.62e-08      1.93e-05      141.79
  41     -2092.161043125      4.78e-08      2.28e-05      141.42
  42     -2092.161043194     -6.87e-08      1.54e-05      142.31
  43     -2092.161043189      4.39e-09      5.88e-05      141.29
  44     -2092.161043196     -6.35e-09      5.36e-05      141.20
  45     -2092.161043130      6.62e-08      1.55e-05      141.70
  46     -2092.161043227     -9.73e-08      1.69e-05      140.85
  47     -2092.161043149      7.79e-08      1.60e-05      142.40
  48     -2092.161043215     -6.64e-08      6.23e-05      140.76
  49     -2092.161043178      3.70e-08      1.65e-05      140.42
  50     -2092.161043186     -7.15e-09      2.71e-05      143.69
  51     -2092.161043277     -9.12e-08      3.69e-05      140.52
  52     -2092.161043177      9.98e-08      1.61e-05      141.89
  53     -2092.161043239     -6.25e-08      2.81e-05      142.87
  54     -2092.161043143      9.60e-08      8.60e-05      141.38
  55     -2092.161043090      5.38e-08      2.52e-05      142.81
  56     -2092.161043160     -7.05e-08      3.54e-05      142.36
  57     -2092.161043211     -5.08e-08      3.85e-05      142.15
  58     -2092.161043151      6.01e-08      2.55e-05      141.24
  59     -2092.161043127      2.37e-08      6.20e-05      141.69
  60     -2092.161043210     -8.26e-08      5.82e-05      142.87
  61     -2092.161043215     -5.02e-09      3.18e-05      141.40
  62     -2092.161043167      4.78e-08      4.10e-05      142.13
  63     -2092.161043164      3.06e-09      1.55e-05      142.35
  64     -2092.161043264     -1.00e-07      1.82e-05      141.90
  65     -2092.161043191      7.33e-08      4.69e-05      142.43
  66     -2092.161043174      1.68e-08      1.67e-05      142.02
  67     -2092.161043138      3.64e-08      7.62e-05      142.49
  68     -2092.161043165     -2.70e-08      1.56e-05      142.20
  69     -2092.161043182     -1.77e-08      2.82e-05      141.87
  70     -2092.161043156      2.61e-08      5.33e-05      142.20
  71     -2092.161043174     -1.82e-08      3.04e-05      142.53
  72     -2092.161043150      2.40e-08      4.88e-05      141.21
  73     -2092.161043192     -4.19e-08      3.01e-05      141.19
  74     -2092.161043246     -5.33e-08      3.01e-05      141.98
  75     -2092.161043257     -1.17e-08      5.72e-05      141.54
  76     -2092.161043182      7.58e-08      4.03e-05      142.36
  77     -2092.161043168      1.37e-08      2.51e-05      141.50
  78     -2092.161043264     -9.58e-08      1.47e-05      142.10
  79     -2092.161043206      5.75e-08      3.39e-05      140.81
  80     -2092.161043165      4.09e-08      2.53e-05      142.01
  81     -2092.161043223     -5.81e-08      3.45e-05      142.61
  82     -2092.161043243     -2.01e-08      4.85e-05      140.25
  83     -2092.161043158      8.50e-08      2.86e-05      142.74
  84     -2092.161043160     -1.29e-09      3.07e-05      141.21
  85     -2092.161043146      1.35e-08      2.03e-05      142.85
  86     -2092.161043180     -3.40e-08      2.13e-05      141.31
  87     -2092.161043172      8.05e-09      1.48e-05      141.20
  88     -2092.161043211     -3.87e-08      3.84e-05      142.21
  89     -2092.161043158      5.22e-08      2.98e-05      142.32
  90     -2092.161043184     -2.58e-08      5.34e-05      142.48
  91     -2092.161043147      3.77e-08      1.85e-05      141.39
  92     -2092.161043100      4.68e-08      1.85e-05      140.46
  93     -2092.161043222     -1.22e-07      2.33e-05      142.19
  94     -2092.161043150      7.20e-08      5.29e-05      142.36
  95     -2092.161043149      1.55e-10      1.59e-05      140.34
  96     -2092.161043205     -5.59e-08      2.58e-05      142.41
  97     -2092.161043064      1.41e-07      7.74e-05      141.18
  98     -2092.161043173     -1.09e-07      1.84e-05      141.91
  99     -2092.161043219     -4.58e-08      2.81e-05      142.25
 100     -2092.161043082      1.37e-07      4.29e-05      141.62
 101     -2092.161043213     -1.32e-07      3.49e-05      141.44
 102     -2092.161043151      6.23e-08      4.99e-05      142.78
 103     -2092.161043187     -3.56e-08      3.69e-05      142.91
 104     -2092.161043163      2.34e-08      4.88e-05      141.83
 105     -2092.161043193     -2.98e-08      5.55e-05      141.08
 106     -2092.161043213     -2.02e-08      3.47e-05      142.10
 107     -2092.161043217     -4.10e-09      2.02e-05      142.04
 108     -2092.161043183      3.49e-08      7.24e-05      141.61
 109     -2092.161043161      2.17e-08      2.54e-05      142.41
 110     -2092.161043164     -2.73e-09      2.20e-05      140.76
 111     -2092.161043208     -4.46e-08      1.74e-05      141.86
 112     -2092.161043130      7.79e-08      2.11e-05      141.09
 113     -2092.161043165     -3.50e-08      4.42e-05      142.34
 114     -2092.161043202     -3.68e-08      2.61e-05      141.44
 115     -2092.161043144      5.82e-08      1.79e-05      141.37
 116     -2092.161043120      2.39e-08      7.20e-05      141.91
 117     -2092.161043159     -3.95e-08      2.75e-05      142.00
 118     -2092.161043210     -5.05e-08      2.28e-05      140.06
 119     -2092.161043130      8.00e-08      8.09e-05      141.06
 120     -2092.161043128      2.06e-09      2.06e-05      141.28
 121     -2092.161043160     -3.19e-08      2.73e-05      141.34
 122     -2092.161043175     -1.49e-08      3.59e-05      140.17
 123     -2092.161043066      1.09e-07      2.62e-05      141.18
 124     -2092.161043153     -8.74e-08      1.54e-05      141.11
 125     -2092.161043208     -5.44e-08      2.07e-05      141.10
 126     -2092.161043174      3.41e-08      5.62e-05      141.50
 127     -2092.161043206     -3.29e-08      2.50e-05      140.94

Error: SCF not converged after 127 cycles
