
================================================================================
          _____________ ________ _______________ ________     _________         
         / ___________// ______ \\_____   _____// ______ \   / ________)        
        / /_________  / /      \ \     | |     / /      \ \ | (_______          
       |  __________|| |        | |    | |    | |        | | \________ \        
        \ \_________ | |        | |    | |     \ \______/ /___________) |       
         \__________||_|        |_|    |_|      \________//____________/        
                                                                                
====================================[ Qcore ]===================================

 Git describe: 2.3.0-3-g778a55bfd
 Compiler:     GNU 9.3.0
 Build type:   Release
 Version:      2.3.0-3-g778a55bfd

 Start time:   Fri Nov  5 13:22:34 2021

 Data directory: /mnt/storage/scratch/zw18965/.local/qcore/share/entos/qcore/data
 Number of threads: 28
 Number of threads was determined by: command line argument

 --------------------------------------------------------------------------------
                                   command: dft                                  
 --------------------------------------------------------------------------------
 AO basis set:                           def2-tzvppd
 Number of AO basis functions:         869
 ECP on atom 25 (Au):                    60 electrons

 Formula:                                C9H12O3Cl3Au
 Nuclear charge:                       220.000000000
 Total charge:                           0.000000000
 Number of core electrons:              60
 Number of treated electrons:          160

 Number of alpha electrons:             80
 Number of beta electrons:              80
 Number of unpaired electrons:           0
 Spin:                                   0
 Multiplicity:                           singlet

 Theory:                                 dft
 Exchange-correlation functional:        wb97x

 Using range separated hybrid functional
 Range separation parameter:             0.300000000
 Short range exact exchange:             0.263800000
 Total long range exact exchange:        1.000000000

 Method for Coulomb:                     incore_df
 Method for exact exchange:              pre_transformed_df
 Integral threshold:                     1.00e-12
 DF basis set:                           def2-universal-jkfit
 Number of DF basis functions:        1753
 Schwarz screening threshold:            1.00e-10
 Coulomb fitting method:                 Cholesky

 ------------------
  UW12 Correlation 
 ------------------
 Factor for UW12 correlation:            1.000000000
 Same spin scale factor:                 0.000000000
 Calculate indirect contribution:        false
 Method for three electron term:         df_ri
 Auxiliary RI basis set:                 Def2-TZVPPD-RI
 Number of RI basis functions:        2182
 Gaussians in geminal expansion:         4
 UW12 screening threshold:               1.00e-12
 Method for density-fitting:             w(r)
 Number of core spatial orbitals:       31

 Total number of grid points:       184314
 Method for AO orthogonalization:        symmetric
 Threshold for linear dependence:        1.00e-08
 D3BJ dispersion energy:                -0.060262378

 -------------------------------------
  Running restricted closed-shell SCF 
 -------------------------------------
 Max number of iterations:             128
 Conv. threshold (gradient):             1.00e-05
 Conv. threshold (energy):               1.00e-06
 Interpolation scheme:                   adiis+cdiis
 Initial guess:                          SAD

 ---------------------------------------------------------------
                  energy        change          grad        time
 ---------------------------------------------------------------
   0     -2097.838332957                    4.24e+01      708.24
   1     -2091.478176183      6.36e+00      6.13e+00      155.22
   2     -2091.186715502      2.91e-01      7.07e+00      152.83
   3     -2092.131919126     -9.45e-01      8.09e-01      155.53
   4     -2092.132693175     -7.74e-04      1.42e+00      157.78
   5     -2092.150706701     -1.80e-02      4.76e-01      156.35
   6     -2092.148399167      2.31e-03      7.70e-01      154.30
   7     -2092.152638742     -4.24e-03      9.85e-02      154.54
   8     -2092.152618374      2.04e-05      1.42e-01      155.55
   9     -2092.152775511     -1.57e-04      3.55e-03      157.56
  10     -2092.152776701     -1.19e-06      1.63e-03      156.67
  11     -2092.152777008     -3.08e-07      1.03e-03      156.49
  12     -2092.152777082     -7.40e-08      3.66e-04      157.24
  13     -2092.152777093     -1.02e-08      2.48e-04      156.80
  14     -2092.152777153     -6.06e-08      1.10e-04      156.13
  15     -2092.152777058      9.49e-08      4.34e-05      156.72
  16     -2092.152776973      8.51e-08      6.29e-05      156.56
  17     -2092.152776998     -2.49e-08      4.06e-05      154.68
  18     -2092.152777119     -1.21e-07      1.88e-05      154.93
  19     -2092.152777011      1.09e-07      3.32e-05      155.22
  20     -2092.152777124     -1.13e-07      2.38e-05      156.80
  21     -2092.152777136     -1.27e-08      2.43e-05      158.36
  22     -2092.152777007      1.29e-07      1.38e-05      157.53
  23     -2092.152777141     -1.34e-07      5.18e-05      156.12
  24     -2092.152777125      1.61e-08      5.85e-05      157.44
  25     -2092.152777131     -5.62e-09      3.09e-05      158.75
  26     -2092.152777010      1.21e-07      3.88e-05      155.22
  27     -2092.152777168     -1.58e-07      2.74e-05      158.41
  28     -2092.152777149      1.94e-08      2.99e-05      158.91
  29     -2092.152777103      4.54e-08      2.05e-05      157.77
  30     -2092.152777089      1.47e-08      1.64e-05      153.25
  31     -2092.152777082      6.97e-09      2.49e-05      154.62
  32     -2092.152777089     -7.27e-09      2.31e-05      156.86
  33     -2092.152777038      5.14e-08      6.95e-05      158.33
  34     -2092.152777067     -2.94e-08      1.90e-05      155.99
  35     -2092.152777069     -1.81e-09      2.46e-05      157.90
  36     -2092.152777090     -2.12e-08      1.03e-05      153.21
  37     -2092.152777073      1.66e-08      2.35e-05      153.96
  38     -2092.152777120     -4.66e-08      2.26e-05      157.27
  39     -2092.152777158     -3.74e-08      1.78e-05      156.49
  40     -2092.152777087      7.07e-08      2.98e-05      154.40
  41     -2092.152777106     -1.93e-08      6.01e-05      156.98
  42     -2092.152777073      3.28e-08      2.21e-05      156.87
  43     -2092.152777075     -1.43e-09      2.92e-05      160.34
  44     -2092.152777110     -3.51e-08      3.69e-05      156.49
  45     -2092.152777095      1.46e-08      1.95e-05      154.80
  46     -2092.152777076      1.90e-08      5.04e-05      157.82
  47     -2092.152777066      1.00e-08      3.80e-05      152.12
  48     -2092.152777030      3.58e-08      2.11e-05      156.56
  49     -2092.152777117     -8.65e-08      5.42e-05      158.63
  50     -2092.152777070      4.73e-08      2.58e-05      156.53
  51     -2092.152777108     -3.88e-08      3.63e-05      157.05
  52     -2092.152777087      2.13e-08      5.08e-05      154.20
  53     -2092.152777089     -1.64e-09      6.05e-05      158.15
  54     -2092.152777132     -4.36e-08      6.31e-05      158.00
  55     -2092.152777105      2.74e-08      3.37e-05      160.06
  56     -2092.152777161     -5.58e-08      3.99e-05      157.45
  57     -2092.152777087      7.34e-08      2.98e-05      157.10
  58     -2092.152777067      1.99e-08      4.98e-05      154.49
  59     -2092.152777111     -4.37e-08      2.02e-05      157.53
  60     -2092.152777134     -2.28e-08      2.84e-05      155.73
  61     -2092.152777006      1.28e-07      3.22e-05      153.53
  62     -2092.152777135     -1.29e-07      3.38e-05      156.53
  63     -2092.152777096      3.92e-08      2.39e-05      153.11
  64     -2092.152777144     -4.79e-08      4.64e-05      155.68
  65     -2092.152777121      2.26e-08      4.88e-05      156.87
  66     -2092.152777114      7.03e-09      2.01e-05      157.69
  67     -2092.152777077      3.73e-08      3.69e-05      157.72
  68     -2092.152777159     -8.19e-08      4.61e-05      158.84
  69     -2092.152777083      7.59e-08      2.10e-05      156.82
  70     -2092.152777079      4.41e-09      2.53e-05      151.63
  71     -2092.152777037      4.19e-08      4.26e-05      151.47
  72     -2092.152777081     -4.42e-08      3.80e-05      155.24
  73     -2092.152777145     -6.40e-08      1.26e-05      154.91
  74     -2092.152777108      3.71e-08      6.55e-05      155.24
  75     -2092.152777156     -4.85e-08      1.73e-05      156.10
  76     -2092.152776985      1.71e-07      2.39e-05      155.48
  77     -2092.152777030     -4.45e-08      2.73e-05      154.49
  78     -2092.152777043     -1.28e-08      2.38e-05      155.86
  79     -2092.152777033      9.11e-09      5.24e-05      155.90
  80     -2092.152777084     -5.10e-08      3.42e-05      155.34
  81     -2092.152777042      4.22e-08      7.47e-05      157.37
  82     -2092.152777103     -6.05e-08      3.97e-05      156.15
  83     -2092.152777044      5.91e-08      3.78e-05      149.45
  84     -2092.152777123     -7.99e-08      3.34e-05      152.40
  85     -2092.152777085      3.87e-08      6.23e-05      154.01
  86     -2092.152777084      1.26e-09      3.07e-05      151.69
  87     -2092.152777143     -5.99e-08      5.34e-05      152.03
  88     -2092.152776978      1.65e-07      3.29e-05      150.43
  89     -2092.152777089     -1.10e-07      9.79e-06      154.46

 SCF converged in 89 iterations.

 Dipole moment (in Debye):             -11.557940      -2.533479       0.233743

 Quadrupole moment (in Debye-Angstrom):
                  1            2            3
 1      -116.586061    -3.576858    -5.002879
 2        -3.576858  -134.773244     4.654014
 3        -5.002879     4.654014  -137.153446

 Spin-squared expectation <S^2>:         0.000
 Total spin quantum number S:            0.000
 TOTAL ENERGY:                       -2092.152777076

 --------------------------------------------------------------------------------

 End time:                               Fri Nov  5 17:29:24 2021
 Total wall-clock time:              14809.439 seconds
==================================================================================
