
================================================================================
          _____________ ________ _______________ ________     _________         
         / ___________// ______ \\_____   _____// ______ \   / ________)        
        / /_________  / /      \ \     | |     / /      \ \ | (_______          
       |  __________|| |        | |    | |    | |        | | \________ \        
        \ \_________ | |        | |    | |     \ \______/ /___________) |       
         \__________||_|        |_|    |_|      \________//____________/        
                                                                                
====================================[ Qcore ]===================================

 Git describe: 2.3.0-1-g21d9df7e5
 Compiler:     GNU 9.1.0
 Build type:   Release
 Version:      2.3.0-1-g21d9df7e5

 Start time:   Tue Oct 26 11:28:24 2021

 Data directory: /work/zw18965/.local/qcore/share/entos/qcore/data
 Number of threads: 24
 Number of threads was determined by: command line argument
  - More threads can be used by running 'qcore -n 32'

 --------------------------------------------------------------------------------
                                   command: dft                                  
 --------------------------------------------------------------------------------
 AO basis set:                           def2-tzvppd
 Number of AO basis functions:         825
 ECP on atom 1 (Re):                     60 electrons

 Formula:                                C9H8O6BrRe
 Nuclear charge:                       220.000000000
 Total charge:                           0.000000000
 Number of core electrons:              60
 Number of treated electrons:          160

 Number of alpha electrons:             80
 Number of beta electrons:              80
 Number of unpaired electrons:           0
 Spin:                                   0
 Multiplicity:                           singlet

 Theory:                                 dft
 Exchange-correlation functional:        wb97x

 Using range separated hybrid functional
 Range separation parameter:             0.300000000
 Short range exact exchange:             0.263800000
 Total long range exact exchange:        1.000000000

 Method for Coulomb:                     incore_df
 Method for exact exchange:              pre_transformed_df
 Integral threshold:                     1.00e-12
 DF basis set:                           def2-universal-jkfit
 Number of DF basis functions:        1774
 Schwarz screening threshold:            1.00e-10
 Coulomb fitting method:                 Cholesky

 ------------------
  UW12 Correlation 
 ------------------
 Factor for UW12 correlation:            1.000000000
 Same spin scale factor:                 0.000000000
 Calculate indirect contribution:        false
 Method for three electron term:         df_ri
 Auxiliary RI basis set:                 Def2-TZVPPD-RI
 Number of RI basis functions:        2060
 Gaussians in geminal expansion:         4
 UW12 screening threshold:               1.00e-12
 Method for density-fitting:             w(r)
 Number of core spatial orbitals:       28

 Total number of grid points:       167124
 Method for AO orthogonalization:        symmetric
 Threshold for linear dependence:        1.00e-08
 D3BJ dispersion energy:                -0.057642474

 -------------------------------------
  Running restricted closed-shell SCF 
 -------------------------------------
 Max number of iterations:             128
 Conv. threshold (gradient):             1.00e-05
 Conv. threshold (energy):               1.00e-06
 Interpolation scheme:                   adiis+cdiis
 Initial guess:                          SAD

 ---------------------------------------------------------------
                  energy        change          grad        time
 ---------------------------------------------------------------
   0     -3476.275004443                    2.01e+02      532.17
   1     -3470.261975053      6.01e+00      4.01e+00      113.44
   2     -3469.726888610      5.35e-01      8.69e+00      113.50
   3     -3470.669508657     -9.43e-01      7.74e-01      112.82
   4     -3470.667119028      2.39e-03      1.04e+00      113.98
   5     -3470.691644122     -2.45e-02      6.03e-01      117.74
   6     -3470.685381321      6.26e-03      9.50e-01      113.64
   7     -3470.696145239     -1.08e-02      1.29e-01      112.24
   8     -3470.695500521      6.45e-04      2.64e-01      112.89
   9     -3470.696437569     -9.37e-04      4.27e-02      113.61
  10     -3470.696414864      2.27e-05      5.91e-02      116.26
  11     -3470.696479529     -6.47e-05      1.50e-03      116.62
  12     -3470.696482636     -3.11e-06      9.94e-04      113.54
  13     -3470.696488168     -5.53e-06      9.81e-04      113.42
  14     -3470.696496977     -8.81e-06      9.46e-04      113.83
  15     -3470.696506570     -9.59e-06      8.80e-04      112.39
  16     -3470.696515763     -9.19e-06      9.03e-04      112.60
  17     -3470.696523025     -7.26e-06      9.36e-04      112.45
  18     -3470.696522208      8.16e-07      9.36e-04      112.56
  19     -3470.696506356      1.59e-05      9.12e-04      115.23
  20     -3470.696498812      7.54e-06      8.81e-04      114.47
  21     -3470.696488310      1.05e-05      8.83e-04      114.65
  22     -3470.696480298      8.01e-06      8.62e-04      115.78
  23     -3470.696441869      3.84e-05      1.07e-03      112.95
  24     -3470.696475020     -3.32e-05      1.18e-03      113.82
  25     -3470.696514662     -3.96e-05      2.55e-03      117.88
  26     -3470.696518007     -3.35e-06      2.70e-03      113.71
  27     -3470.696468639      4.94e-05      2.24e-03      112.43
  28     -3470.696602052     -1.33e-04      1.35e-03      112.68
  29     -3470.696563640      3.84e-05      1.99e-03      114.28
  30     -3470.696599835     -3.62e-05      1.48e-03      113.73
  31     -3470.696597110      2.72e-06      1.19e-03      113.00
  32     -3470.696597443     -3.33e-07      9.48e-04      112.93
  33     -3470.696619687     -2.22e-05      2.82e-03      112.34
  34     -3470.696637165     -1.75e-05      1.93e-03      112.72
  35     -3470.696652457     -1.53e-05      2.83e-03      113.70
  36     -3470.696633159      1.93e-05      1.15e-03      116.87
  37     -3470.696655396     -2.22e-05      1.21e-03      112.87
  38     -3470.696641009      1.44e-05      1.01e-03      111.53
  39     -3470.696658775     -1.78e-05      1.14e-03      111.83
  40     -3470.696692253     -3.35e-05      8.52e-04      113.40
  41     -3470.696717034     -2.48e-05      6.70e-04      113.14
  42     -3470.696736140     -1.91e-05      6.08e-04      113.37
  43     -3470.696733323      2.82e-06      1.19e-03      114.39
  44     -3470.696713912      1.94e-05      1.25e-03      113.67
  45     -3470.696686834      2.71e-05      8.29e-04      114.69
  46     -3470.696689678     -2.84e-06      8.16e-04      113.30
  47     -3470.696684592      5.09e-06      8.81e-04      113.91
  48     -3470.696656770      2.78e-05      1.26e-03      114.61
  49     -3470.696664065     -7.29e-06      1.77e-03      115.91
  50     -3470.696653404      1.07e-05      2.47e-03      113.94
  51     -3470.696734125     -8.07e-05      5.74e-04      112.87
  52     -3470.696728515      5.61e-06      6.28e-04      114.00
  53     -3470.696750978     -2.25e-05      8.78e-04      113.73
  54     -3470.696742685      8.29e-06      5.22e-04      112.87
  55     -3470.696755309     -1.26e-05      5.79e-04      114.53
  56     -3470.696768259     -1.30e-05      8.71e-04      114.09
  57     -3470.696766532      1.73e-06      3.28e-04      114.25
  58     -3470.696769307     -2.78e-06      2.96e-04      117.90
  59     -3470.696770345     -1.04e-06      2.63e-04      115.62
  60     -3470.696770769     -4.24e-07      2.86e-04      113.84
  61     -3470.696771673     -9.04e-07      1.26e-04      113.34
  62     -3470.696771896     -2.23e-07      1.25e-04      114.94
  63     -3470.696771902     -5.88e-09      8.00e-05      113.45
  64     -3470.696771862      4.02e-08      1.51e-04      115.55
  65     -3470.696771893     -3.07e-08      1.60e-04      114.10
  66     -3470.696771949     -5.60e-08      8.94e-05      117.13
  67     -3470.696772026     -7.73e-08      4.78e-05      113.82
  68     -3470.696772125     -9.87e-08      2.65e-05      113.55
  69     -3470.696772152     -2.76e-08      4.44e-05      112.73
  70     -3470.696772180     -2.74e-08      4.61e-05      112.66
  71     -3470.696772187     -7.86e-09      6.09e-05      114.22
  72     -3470.696772193     -5.28e-09      3.86e-05      117.73
  73     -3470.696772216     -2.35e-08      4.51e-05      112.97
  74     -3470.696772236     -2.00e-08      3.48e-05      112.61
  75     -3470.696772194      4.25e-08      1.28e-05      111.93
  76     -3470.696772212     -1.87e-08      1.04e-05      115.40
  77     -3470.696772175      3.73e-08      9.91e-06      112.99

 SCF converged in 77 iterations.

 Dipole moment (in Debye):              -5.422422       4.970629       0.627275

 Quadrupole moment (in Debye-Angstrom):
                  1            2            3
 1      -112.843864    -5.463260    -1.756840
 2        -5.463260  -124.074926     2.716324
 3        -1.756840     2.716324  -126.787231

 Spin-squared expectation <S^2>:         0.000
 Total spin quantum number S:            0.000
 TOTAL ENERGY:                       -3470.696772187

 --------------------------------------------------------------------------------

 End time:                               Tue Oct 26 14:06:52 2021
 Total wall-clock time:               9507.584 seconds
==================================================================================
