
================================================================================
          _____________ ________ _______________ ________     _________         
         / ___________// ______ \\_____   _____// ______ \   / ________)        
        / /_________  / /      \ \     | |     / /      \ \ | (_______          
       |  __________|| |        | |    | |    | |        | | \________ \        
        \ \_________ | |        | |    | |     \ \______/ /___________) |       
         \__________||_|        |_|    |_|      \________//____________/        
                                                                                
====================================[ Qcore ]===================================

 Git describe: 2.3.0-1-g21d9df7e5
 Compiler:     GNU 9.1.0
 Build type:   Release
 Version:      2.3.0-1-g21d9df7e5

 Start time:   Tue Oct 26 13:51:48 2021

 Data directory: /work/zw18965/.local/qcore/share/entos/qcore/data
 Number of threads: 24
 Number of threads was determined by: command line argument

 --------------------------------------------------------------------------------
                                   command: dft                                  
 --------------------------------------------------------------------------------
 AO basis set:                           def2-tzvppd
 Number of AO basis functions:         621
 ECP on atom 1 (Ir):                     60 electrons

 Formula:                                C7H15PIr+
 Nuclear charge:                       149.000000000
 Total charge:                           1.000000000
 Number of core electrons:              60
 Number of treated electrons:           88

 Number of alpha electrons:             44
 Number of beta electrons:              44
 Number of unpaired electrons:           0
 Spin:                                   0
 Multiplicity:                           singlet

 Theory:                                 dft
 Exchange-correlation functional:        wb97x

 Using range separated hybrid functional
 Range separation parameter:             0.300000000
 Short range exact exchange:             0.263800000
 Total long range exact exchange:        1.000000000

 Method for Coulomb:                     incore_df
 Method for exact exchange:              pre_transformed_df
 Integral threshold:                     1.00e-12
 DF basis set:                           def2-universal-jkfit
 Number of DF basis functions:        1150
 Schwarz screening threshold:            1.00e-10
 Coulomb fitting method:                 Cholesky

 ------------------
  UW12 Correlation 
 ------------------
 Factor for UW12 correlation:            1.000000000
 Same spin scale factor:                 0.000000000
 Calculate indirect contribution:        false
 Method for three electron term:         df_ri
 Auxiliary RI basis set:                 Def2-TZVPPD-RI
 Number of RI basis functions:        1561
 Gaussians in geminal expansion:         4
 UW12 screening threshold:               1.00e-12
 Method for density-fitting:             w(r)
 Number of core spatial orbitals:       16

 Total number of grid points:       152420
 Method for AO orthogonalization:        symmetric
 Threshold for linear dependence:        1.00e-08
 D3BJ dispersion energy:                -0.050064922

 -------------------------------------
  Running restricted closed-shell SCF 
 -------------------------------------
 Max number of iterations:             128
 Conv. threshold (gradient):             1.00e-05
 Conv. threshold (energy):               1.00e-06
 Interpolation scheme:                   adiis+cdiis
 Initial guess:                          SAD

 ---------------------------------------------------------------
                  energy        change          grad        time
 ---------------------------------------------------------------
   0      -731.665704365                    1.61e+02      189.56
   1      -727.478376983      4.19e+00      6.60e+00       26.79
   2      -726.509531933      9.69e-01      1.23e+01       28.11
   3      -728.083745339     -1.57e+00      1.36e+00       27.61
   4      -728.058929092      2.48e-02      2.42e+00       27.37
   5      -728.123263162     -6.43e-02      3.94e-01       28.10
   6      -728.121174718      2.09e-03      6.98e-01       28.73
   7      -728.125987268     -4.81e-03      6.08e-02       27.80
   8      -728.126048151     -6.09e-05      9.07e-02       28.01
   9      -728.126158090     -1.10e-04      3.00e-03       28.88
  10      -728.126158786     -6.96e-07      1.52e-03       27.71
  11      -728.126158751      3.45e-08      5.10e-04       27.80
  12      -728.126158749      1.94e-09      2.77e-04       27.88
  13      -728.126158783     -3.32e-08      7.53e-05       27.66
  14      -728.126158805     -2.24e-08      3.64e-05       27.72
  15      -728.126158800      4.89e-09      1.24e-05       28.34
  16      -728.126158779      2.13e-08      9.91e-06       27.70

 SCF converged in 16 iterations.

 Dipole moment (in Debye):               1.145275       0.284228       1.581943

 Quadrupole moment (in Debye-Angstrom):
                  1            2            3
 1       -59.386285    -0.645582     4.303385
 2        -0.645582   -65.304559    -1.515534
 3         4.303385    -1.515534   -66.007172

 Spin-squared expectation <S^2>:         0.000
 Total spin quantum number S:            0.000
 TOTAL ENERGY:                        -728.126158791

 --------------------------------------------------------------------------------

 End time:                               Tue Oct 26 14:03:19 2021
 Total wall-clock time:                691.092 seconds
==================================================================================
