
================================================================================
          _____________ ________ _______________ ________     _________         
         / ___________// ______ \\_____   _____// ______ \   / ________)        
        / /_________  / /      \ \     | |     / /      \ \ | (_______          
       |  __________|| |        | |    | |    | |        | | \________ \        
        \ \_________ | |        | |    | |     \ \______/ /___________) |       
         \__________||_|        |_|    |_|      \________//____________/        
                                                                                
====================================[ Qcore ]===================================

 Git describe: 2.3.0-3-g778a55bfd
 Compiler:     GNU 9.3.0
 Build type:   Release
 Version:      2.3.0-3-g778a55bfd

 Start time:   Wed Nov  3 11:47:15 2021

 Data directory: /mnt/storage/scratch/zw18965/.local/qcore/share/entos/qcore/data
 Number of threads: 28
 Number of threads was determined by: command line argument

 --------------------------------------------------------------------------------
                                   command: dft                                  
 --------------------------------------------------------------------------------
 AO basis set:                           def2-tzvppd
 Number of AO basis functions:         621
 ECP on atom 1 (Ir):                     60 electrons

 Formula:                                C7H15PIr+
 Nuclear charge:                       149.000000000
 Total charge:                           1.000000000
 Number of core electrons:              60
 Number of treated electrons:           88

 Number of alpha electrons:             44
 Number of beta electrons:              44
 Number of unpaired electrons:           0
 Spin:                                   0
 Multiplicity:                           singlet

 Theory:                                 dft
 Exchange-correlation functional:        wb97x

 Using range separated hybrid functional
 Range separation parameter:             0.300000000
 Short range exact exchange:             0.263800000
 Total long range exact exchange:        1.000000000

 Method for Coulomb:                     incore_df
 Method for exact exchange:              pre_transformed_df
 Integral threshold:                     1.00e-12
 DF basis set:                           def2-universal-jkfit
 Number of DF basis functions:        1150
 Schwarz screening threshold:            1.00e-10
 Coulomb fitting method:                 Cholesky

 ------------------
  UW12 Correlation 
 ------------------
 Factor for UW12 correlation:            1.000000000
 Same spin scale factor:                 0.000000000
 Calculate indirect contribution:        false
 Method for three electron term:         df_ri
 Auxiliary RI basis set:                 Def2-TZVPPD-RI
 Number of RI basis functions:        1561
 Gaussians in geminal expansion:         4
 UW12 screening threshold:               1.00e-12
 Method for density-fitting:             w(r)
 Number of core spatial orbitals:       16

 Total number of grid points:       152420
 Method for AO orthogonalization:        symmetric
 Threshold for linear dependence:        1.00e-08
 D3BJ dispersion energy:                -0.048427687

 -------------------------------------
  Running restricted closed-shell SCF 
 -------------------------------------
 Max number of iterations:             128
 Conv. threshold (gradient):             1.00e-05
 Conv. threshold (energy):               1.00e-06
 Interpolation scheme:                   adiis+cdiis
 Initial guess:                          SAD

 ---------------------------------------------------------------
                  energy        change          grad        time
 ---------------------------------------------------------------
   0      -725.229754148                    1.69e+02      271.11
   1      -720.337343160      4.89e+00      7.52e+00       32.34
   2      -718.758921722      1.58e+00      1.39e+01       32.26
   3      -721.089179090     -2.33e+00      2.03e+00       32.82
   4      -721.038165684      5.10e-02      3.49e+00       32.15
   5      -721.167471211     -1.29e-01      3.38e-01       32.37
   6      -721.166702816      7.68e-04      5.96e-01       31.91
   7      -721.171164179     -4.46e-03      1.95e-01       32.12
   8      -721.170481050      6.83e-04      3.53e-01       32.23
   9      -721.171667334     -1.19e-03      5.75e-02       32.34
  10      -721.171591440      7.59e-05      9.61e-02       32.45
  11      -721.171712649     -1.21e-04      2.04e-03       32.40
  12      -721.171712791     -1.42e-07      1.08e-03       32.46
  13      -721.171712918     -1.27e-07      4.19e-04       32.26
  14      -721.171712892      2.63e-08      1.57e-04       31.91
  15      -721.171712925     -3.28e-08      5.48e-05       32.29
  16      -721.171712917      7.63e-09      3.71e-05       32.55
  17      -721.171712935     -1.77e-08      1.63e-05       33.05
  18      -721.171712938     -3.04e-09      9.35e-06       32.76

 SCF converged in 18 iterations.

 Dipole moment (in Debye):              -0.634768      -0.610232      -1.799294

 Quadrupole moment (in Debye-Angstrom):
                  1            2            3
 1       -63.093647     2.414048     3.098514
 2         2.414048   -64.312009    -1.059542
 3         3.098514    -1.059542   -71.586170

 Spin-squared expectation <S^2>:         0.000
 Total spin quantum number S:            0.000
 TOTAL ENERGY:                        -721.171712935

 --------------------------------------------------------------------------------

 End time:                               Wed Nov  3 12:02:39 2021
 Total wall-clock time:                924.611 seconds
==================================================================================
