
================================================================================
          _____________ ________ _______________ ________     _________         
         / ___________// ______ \\_____   _____// ______ \   / ________)        
        / /_________  / /      \ \     | |     / /      \ \ | (_______          
       |  __________|| |        | |    | |    | |        | | \________ \        
        \ \_________ | |        | |    | |     \ \______/ /___________) |       
         \__________||_|        |_|    |_|      \________//____________/        
                                                                                
====================================[ Qcore ]===================================

 Git describe: 2.3.0-1-g21d9df7e5
 Compiler:     GNU 9.1.0
 Build type:   Release
 Version:      2.3.0-1-g21d9df7e5

 Start time:   Tue Oct 26 14:04:04 2021

 Data directory: /work/zw18965/.local/qcore/share/entos/qcore/data
 Number of threads: 24
 Number of threads was determined by: command line argument

 --------------------------------------------------------------------------------
                                   command: dft                                  
 --------------------------------------------------------------------------------
 AO basis set:                           def2-tzvppd
 Number of AO basis functions:          67

 Formula:                                V
 Nuclear charge:                        23.000000000
 Total charge:                           0.000000000
 Number of electrons:                   23.000000000

 Number of alpha electrons:             13
 Number of beta electrons:              10
 Number of unpaired electrons:           3
 Spin:                                   3
 Multiplicity:                           quartet

 Theory:                                 dft
 Exchange-correlation functional:        wb97x

 Using range separated hybrid functional
 Range separation parameter:             0.300000000
 Short range exact exchange:             0.263800000
 Total long range exact exchange:        1.000000000

 Method for Coulomb:                     incore_df
 Method for exact exchange:              pre_transformed_df
 Integral threshold:                     1.00e-12
 DF basis set:                           def2-universal-jkfit
 Number of DF basis functions:         264
 Schwarz screening threshold:            1.00e-10
 Coulomb fitting method:                 Cholesky

 ------------------
  UW12 Correlation 
 ------------------
 Factor for UW12 correlation:            1.000000000
 Same spin scale factor:                 0.000000000
 Calculate indirect contribution:        false
 Method for three electron term:         df_ri
 Auxiliary RI basis set:                 Def2-TZVPPD-RI
 Number of RI basis functions:         225
 Gaussians in geminal expansion:         4
 UW12 screening threshold:               1.00e-12
 Method for density-fitting:             w(r)
 Number of core spatial orbitals:        9

 Total number of grid points:         7852
 Method for AO orthogonalization:        symmetric
 Threshold for linear dependence:        1.00e-08
 D3BJ dispersion energy:                 0.000000000

 -------------------------------------
  Running unrestricted open-shell SCF 
 -------------------------------------
 Max number of iterations:             128
 Conv. threshold (gradient):             1.00e-05
 Conv. threshold (energy):               1.00e-06
 Interpolation scheme:                   adiis+cdiis
 Initial guess:                          SAD

 ---------------------------------------------------------------
                  energy        change          grad        time
 ---------------------------------------------------------------
   0      -947.814156941                    1.90e-02        1.13
   1      -948.073914090     -2.60e-01      3.67e-01        0.09
   2      -948.154309385     -8.04e-02      2.15e-01        0.08
   3      -948.176982521     -2.27e-02      1.52e-01        0.08
   4      -948.190634903     -1.37e-02      6.55e-02        0.09
   5      -948.192898996     -2.26e-03      4.87e-02        0.08
   6      -948.195805408     -2.91e-03      1.71e-02        0.09
   7      -948.198386283     -2.58e-03      9.03e-03        0.09
   8      -948.198389039     -2.76e-06      6.61e-03        0.08
   9      -948.198503274     -1.14e-04      6.94e-04        0.07
  10      -948.198505116     -1.84e-06      3.62e-04        0.07
  11      -948.198505358     -2.42e-07      2.62e-04        0.07
  12      -948.198505641     -2.82e-07      8.70e-05        0.08
  13      -948.198505679     -3.87e-08      1.03e-05        0.08
  14      -948.198505682     -2.57e-09      7.29e-06        0.08

 SCF converged in 14 iterations.

 Dipole moment (in Debye):               0.000001       0.000001       0.000001

 Quadrupole moment (in Debye-Angstrom):
                  1            2            3
 1       -19.521842    -0.000241    -0.000277
 2        -0.000241   -19.521605     0.000165
 3        -0.000277     0.000165   -19.521624

 Spin-squared expectation <S^2>:         3.751
 Total spin quantum number S:            1.500
 TOTAL ENERGY:                        -948.198505682

 --------------------------------------------------------------------------------

 End time:                               Tue Oct 26 14:04:10 2021
 Total wall-clock time:                  5.657 seconds
==================================================================================
