
================================================================================
          _____________ ________ _______________ ________     _________         
         / ___________// ______ \\_____   _____// ______ \   / ________)        
        / /_________  / /      \ \     | |     / /      \ \ | (_______          
       |  __________|| |        | |    | |    | |        | | \________ \        
        \ \_________ | |        | |    | |     \ \______/ /___________) |       
         \__________||_|        |_|    |_|      \________//____________/        
                                                                                
====================================[ Qcore ]===================================

 Git describe: 2.3.0-1-g21d9df7e5
 Compiler:     GNU 9.1.0
 Build type:   Release
 Version:      2.3.0-1-g21d9df7e5

 Start time:   Tue Oct 26 14:03:55 2021

 Data directory: /work/zw18965/.local/qcore/share/entos/qcore/data
 Number of threads: 24
 Number of threads was determined by: command line argument

 --------------------------------------------------------------------------------
                                   command: dft                                  
 --------------------------------------------------------------------------------
 AO basis set:                           def2-tzvppd
 Number of AO basis functions:          67

 Formula:                                Ti
 Nuclear charge:                        22.000000000
 Total charge:                           0.000000000
 Number of electrons:                   22.000000000

 Number of alpha electrons:             12
 Number of beta electrons:              10
 Number of unpaired electrons:           2
 Spin:                                   2
 Multiplicity:                           triplet

 Theory:                                 dft
 Exchange-correlation functional:        wb97x

 Using range separated hybrid functional
 Range separation parameter:             0.300000000
 Short range exact exchange:             0.263800000
 Total long range exact exchange:        1.000000000

 Method for Coulomb:                     incore_df
 Method for exact exchange:              pre_transformed_df
 Integral threshold:                     1.00e-12
 DF basis set:                           def2-universal-jkfit
 Number of DF basis functions:         264
 Schwarz screening threshold:            1.00e-10
 Coulomb fitting method:                 Cholesky

 ------------------
  UW12 Correlation 
 ------------------
 Factor for UW12 correlation:            1.000000000
 Same spin scale factor:                 0.000000000
 Calculate indirect contribution:        false
 Method for three electron term:         df_ri
 Auxiliary RI basis set:                 Def2-TZVPPD-RI
 Number of RI basis functions:         225
 Gaussians in geminal expansion:         4
 UW12 screening threshold:               1.00e-12
 Method for density-fitting:             w(r)
 Number of core spatial orbitals:        9

 Total number of grid points:         7792
 Method for AO orthogonalization:        symmetric
 Threshold for linear dependence:        1.00e-08
 D3BJ dispersion energy:                 0.000000000

 -------------------------------------
  Running unrestricted open-shell SCF 
 -------------------------------------
 Max number of iterations:             128
 Conv. threshold (gradient):             1.00e-05
 Conv. threshold (energy):               1.00e-06
 Interpolation scheme:                   adiis+cdiis
 Initial guess:                          SAD

 ---------------------------------------------------------------
                  energy        change          grad        time
 ---------------------------------------------------------------
   0      -853.077295793                    4.45e-03        1.22
   1      -853.322639920     -2.45e-01      1.04e-01        0.09
   2      -853.329421166     -6.78e-03      2.34e-02        0.09
   3      -853.330064151     -6.43e-04      1.58e-02        0.08
   4      -853.330229618     -1.65e-04      6.81e-03        0.07
   5      -853.330340746     -1.11e-04      6.78e-03        0.07
   6      -853.330377617     -3.69e-05      6.82e-03        0.07
   7      -853.329600645      7.77e-04      3.98e-03        0.07
   8      -853.329524851      7.58e-05      2.64e-03        0.07
   9      -853.329520403      4.45e-06      2.18e-03        0.07
  10      -853.329545165     -2.48e-05      9.74e-04        0.07
  11      -853.329547981     -2.82e-06      5.60e-04        0.07
  12      -853.329549354     -1.37e-06      4.21e-04        0.07
  13      -853.329551356     -2.00e-06      2.06e-04        0.07
  14      -853.329551777     -4.22e-07      2.50e-05        0.07
  15      -853.329551796     -1.87e-08      3.84e-06        0.07

 SCF converged in 15 iterations.

 Dipole moment (in Debye):              -0.000005      -0.000005      -0.000005

 Quadrupole moment (in Debye-Angstrom):
                  1            2            3
 1       -20.617110    -0.092153    -0.092152
 2        -0.092153   -20.617118    -0.092151
 3        -0.092152    -0.092151   -20.617113

 Spin-squared expectation <S^2>:         2.001
 Total spin quantum number S:            1.000
 TOTAL ENERGY:                        -853.329551795

 --------------------------------------------------------------------------------

 End time:                               Tue Oct 26 14:04:01 2021
 Total wall-clock time:                  5.697 seconds
==================================================================================
