
================================================================================
          _____________ ________ _______________ ________     _________         
         / ___________// ______ \\_____   _____// ______ \   / ________)        
        / /_________  / /      \ \     | |     / /      \ \ | (_______          
       |  __________|| |        | |    | |    | |        | | \________ \        
        \ \_________ | |        | |    | |     \ \______/ /___________) |       
         \__________||_|        |_|    |_|      \________//____________/        
                                                                                
====================================[ Qcore ]===================================

 Git describe: 2.3.0-3-g778a55bfd
 Compiler:     GNU 9.3.0
 Build type:   Release
 Version:      2.3.0-3-g778a55bfd

 Start time:   Sun Nov  7 03:23:16 2021

 Data directory: /mnt/storage/scratch/zw18965/.local/qcore/share/entos/qcore/data
 Number of threads: 28
 Number of threads was determined by: command line argument

 --------------------------------------------------------------------------------
                                command: structure                               
 --------------------------------------------------------------------------------
 Molecular formula:                      TiBr
 Molecular mass:                       127.771000000 amu
 Number of atoms:                        2
 Nuclear energy:                       168.374567118 au
 Saving results in set 'mol'

 --------------------------------------------------------------------------------
                                   command: dft                                  
 --------------------------------------------------------------------------------
 AO basis set:                           def2-tzvppd
 Number of AO basis functions:         124

 Formula:                                TiBr
 Nuclear charge:                        57.000000000
 Total charge:                           0.000000000
 Number of electrons:                   57.000000000

 Number of alpha electrons:             30
 Number of beta electrons:              27
 Number of unpaired electrons:           3
 Spin:                                   3
 Multiplicity:                           quartet

 Theory:                                 dft
 Exchange-correlation functional:        wb97x

 Using range separated hybrid functional
 Range separation parameter:             0.300000000
 Short range exact exchange:             0.157706000
 Total long range exact exchange:        1.000000000

 Method for Coulomb:                     incore_df
 Method for exact exchange:              pre_transformed_df
 Integral threshold:                     1.00e-12
 DF basis set:                           def2-universal-jkfit
 Number of DF basis functions:         530
 Schwarz screening threshold:            1.00e-10
 Coulomb fitting method:                 Cholesky
 Total number of grid points:        15956
 Method for AO orthogonalization:        symmetric
 Threshold for linear dependence:        1.00e-08

 -------------------------------------
  Running unrestricted open-shell SCF 
 -------------------------------------
 Max number of iterations:             128
 Conv. threshold (gradient):             1.00e-05
 Conv. threshold (energy):               1.00e-06
 Interpolation scheme:                   adiis+cdiis
 Initial guess:                          SAD

 ---------------------------------------------------------------
                  energy        change          grad        time
 ---------------------------------------------------------------
   0     -3423.415896395                    2.51e+00        0.04
   1     -3423.557722647     -1.42e-01      2.22e-01        0.03
   2     -3423.577609506     -1.99e-02      1.99e-01        0.03
   3     -3423.593201678     -1.56e-02      1.38e-01        0.03
   4     -3423.600826534     -7.62e-03      6.74e-02        0.03
   5     -3423.602488603     -1.66e-03      7.19e-02        0.03
   6     -3423.605036969     -2.55e-03      1.32e-02        0.03
   7     -3423.605434669     -3.98e-04      1.06e-02        0.03
   8     -3423.605793638     -3.59e-04      9.10e-03        0.04
   9     -3423.606329536     -5.36e-04      4.42e-03        0.04
  10     -3423.606483143     -1.54e-04      1.43e-03        0.03
  11     -3423.606491885     -8.74e-06      5.03e-04        0.03
  12     -3423.606492804     -9.19e-07      1.40e-04        0.03
  13     -3423.606492847     -4.32e-08      3.21e-05        0.03
  14     -3423.606492849     -2.04e-09      1.14e-05        0.03
  15     -3423.606492849     -2.50e-10      4.20e-06        0.03

 SCF converged in 15 iterations.

 Dipole moment (in Debye):               0.000056       0.000056      -5.954856

 Quadrupole moment (in Debye-Angstrom):
                  1            2            3
 1       -36.549368     0.000025    -0.000160
 2         0.000025   -36.549368    -0.000160
 3        -0.000160    -0.000160   -24.667576

 Spin-squared expectation <S^2>:         3.755
 Total spin quantum number S:            1.501
 TOTAL ENERGY:                       -3423.606492849
 Saving results in set 'guess'

 --------------------------------------------------------------------------------
                                   command: dft                                  
 --------------------------------------------------------------------------------
 AO basis set:                           def2-tzvppd
 Number of AO basis functions:         124

 Formula:                                TiBr
 Nuclear charge:                        57.000000000
 Total charge:                           0.000000000
 Number of electrons:                   57.000000000

 Number of alpha electrons:             30
 Number of beta electrons:              27
 Number of unpaired electrons:           3
 Spin:                                   3
 Multiplicity:                           quartet

 Theory:                                 dft
 Exchange-correlation functional:        wb97x

 Using range separated hybrid functional
 Range separation parameter:             0.300000000
 Short range exact exchange:             0.263800000
 Total long range exact exchange:        1.000000000

 Method for Coulomb:                     incore_df
 Method for exact exchange:              pre_transformed_df
 Integral threshold:                     1.00e-12
 DF basis set:                           def2-universal-jkfit
 Number of DF basis functions:         530
 Schwarz screening threshold:            1.00e-10
 Coulomb fitting method:                 Cholesky

 ------------------
  UW12 Correlation 
 ------------------
 Factor for UW12 correlation:            1.000000000
 Same spin scale factor:                 0.000000000
 Calculate indirect contribution:        false
 Method for three electron term:         df_ri
 Auxiliary RI basis set:                 Def2-TZVPPD-RI
 Number of RI basis functions:         400
 Gaussians in geminal expansion:         4
 UW12 screening threshold:               1.00e-16
 Method for density-fitting:             w(r)
 Number of core spatial orbitals:       18

 Total number of grid points:        15956
 Method for AO orthogonalization:        symmetric
 Threshold for linear dependence:        1.00e-08
 D3BJ dispersion energy:                -0.004710183

 -------------------------------------
  Running unrestricted open-shell SCF 
 -------------------------------------
 Max number of iterations:             128
 Conv. threshold (gradient):             1.00e-05
 Conv. threshold (energy):               1.00e-06
 Interpolation scheme:                   adiis+cdiis

 ---------------------------------------------------------------
                  energy        change          grad        time
 ---------------------------------------------------------------
   0     -3423.572872110                    3.76e-02       10.14
   1     -3423.573801995     -9.30e-04      1.83e-02        0.75
   2     -3423.573929013     -1.27e-04      2.09e-02        0.75
   3     -3423.574047440     -1.18e-04      5.45e-03        0.69
   4     -3423.574108878     -6.14e-05      4.55e-03        0.67
   5     -3423.574148619     -3.97e-05      3.51e-03        0.66
   6     -3423.574203521     -5.49e-05      2.25e-03        0.69
   7     -3423.574245098     -4.16e-05      7.35e-04        0.67
   8     -3423.574249928     -4.83e-06      1.37e-04        0.66
   9     -3423.574250013     -8.56e-08      4.87e-05        0.68
  10     -3423.574250023     -9.34e-09      2.06e-05        0.67
  11     -3423.574250023     -8.02e-10      1.76e-05        0.66
  12     -3423.574250024     -3.22e-10      1.84e-05        0.67
  13     -3423.574250024      8.23e-11      1.85e-05        0.67
  14     -3423.574250023      7.62e-10      1.68e-05        0.68
  15     -3423.574250021      2.11e-09      5.01e-06        0.68

 SCF converged in 15 iterations.

 Dipole moment (in Debye):               0.000033       0.000033      -5.330659

 Quadrupole moment (in Debye-Angstrom):
                  1            2            3
 1       -36.786796     0.000022    -0.000094
 2         0.000022   -36.786796    -0.000094
 3        -0.000094    -0.000094   -26.501585

 Spin-squared expectation <S^2>:         3.753
 Total spin quantum number S:            1.501
 TOTAL ENERGY:                       -3423.574250020

 --------------------------------------------------------------------------------

 End time:                               Sun Nov  7 03:23:43 2021
 Total wall-clock time:                 26.552 seconds
==================================================================================
