
================================================================================
          _____________ ________ _______________ ________     _________         
         / ___________// ______ \\_____   _____// ______ \   / ________)        
        / /_________  / /      \ \     | |     / /      \ \ | (_______          
       |  __________|| |        | |    | |    | |        | | \________ \        
        \ \_________ | |        | |    | |     \ \______/ /___________) |       
         \__________||_|        |_|    |_|      \________//____________/        
                                                                                
====================================[ Qcore ]===================================

 Git describe: 2.3.0-1-g21d9df7e5
 Compiler:     GNU 9.1.0
 Build type:   Release
 Version:      2.3.0-1-g21d9df7e5

 Start time:   Tue Oct 26 14:04:16 2021

 Data directory: /work/zw18965/.local/qcore/share/entos/qcore/data
 Number of threads: 24
 Number of threads was determined by: command line argument

 --------------------------------------------------------------------------------
                                   command: dft                                  
 --------------------------------------------------------------------------------
 AO basis set:                           def2-tzvppd
 Number of AO basis functions:          67

 Formula:                                Fe
 Nuclear charge:                        26.000000000
 Total charge:                           0.000000000
 Number of electrons:                   26.000000000

 Number of alpha electrons:             15
 Number of beta electrons:              11
 Number of unpaired electrons:           4
 Spin:                                   4
 Multiplicity:                           quintet

 Theory:                                 dft
 Exchange-correlation functional:        wb97x

 Using range separated hybrid functional
 Range separation parameter:             0.300000000
 Short range exact exchange:             0.263800000
 Total long range exact exchange:        1.000000000

 Method for Coulomb:                     incore_df
 Method for exact exchange:              pre_transformed_df
 Integral threshold:                     1.00e-12
 DF basis set:                           def2-universal-jkfit
 Number of DF basis functions:         264
 Schwarz screening threshold:            1.00e-10
 Coulomb fitting method:                 Cholesky

 ------------------
  UW12 Correlation 
 ------------------
 Factor for UW12 correlation:            1.000000000
 Same spin scale factor:                 0.000000000
 Calculate indirect contribution:        false
 Method for three electron term:         df_ri
 Auxiliary RI basis set:                 Def2-TZVPPD-RI
 Number of RI basis functions:         225
 Gaussians in geminal expansion:         4
 UW12 screening threshold:               1.00e-12
 Method for density-fitting:             w(r)
 Number of core spatial orbitals:        9

 Total number of grid points:         7936
 Method for AO orthogonalization:        symmetric
 Threshold for linear dependence:        1.00e-08
 D3BJ dispersion energy:                 0.000000000

 -------------------------------------
  Running unrestricted open-shell SCF 
 -------------------------------------
 Max number of iterations:             128
 Conv. threshold (gradient):             1.00e-05
 Conv. threshold (energy):               1.00e-06
 Interpolation scheme:                   adiis+cdiis
 Initial guess:                          SAD

 ---------------------------------------------------------------
                  energy        change          grad        time
 ---------------------------------------------------------------
   0     -1268.643446125                    2.07e-02        1.17
   1     -1268.959349883     -3.16e-01      2.80e-01        0.09
   2     -1268.971533371     -1.22e-02      1.26e-01        0.09
   3     -1268.964447852      7.09e-03      2.15e-01        0.09
   4     -1268.979504029     -1.51e-02      3.32e-02        0.09
   5     -1268.979829291     -3.25e-04      3.50e-02        0.08
   6     -1268.980485180     -6.56e-04      1.43e-02        0.08
   7     -1268.980409080      7.61e-05      1.38e-02        0.08
   8     -1268.979450651      9.58e-04      6.80e-03        0.08
   9     -1268.979435241      1.54e-05      5.94e-03        0.08
  10     -1268.979491345     -5.61e-05      6.33e-03        0.08
  11     -1268.979217129      2.74e-04      4.42e-03        0.08
  12     -1268.979112567      1.05e-04      3.36e-03        0.08
  13     -1268.979076816      3.58e-05      2.58e-03        0.08
  14     -1268.979076722      9.35e-08      2.56e-03        0.08
  15     -1268.979067924      8.80e-06      2.70e-03        0.08
  16     -1268.979047448      2.05e-05      1.52e-03        0.08
  17     -1268.979042520      4.93e-06      3.27e-04        0.08
  18     -1268.979042131      3.89e-07      8.41e-05        0.08
  19     -1268.979042136     -4.59e-09      6.75e-05        0.08
  20     -1268.979042177     -4.16e-08      2.96e-05        0.08
  21     -1268.979042167      1.03e-08      9.04e-06        0.08

 SCF converged in 21 iterations.

 Dipole moment (in Debye):              -0.000001      -0.000002      -0.000001

 Quadrupole moment (in Debye-Angstrom):
                  1            2            3
 1       -14.584787    -0.361596    -0.816893
 2        -0.361596   -15.605465     0.260108
 3        -0.816893     0.260108   -15.133184

 Spin-squared expectation <S^2>:         6.020
 Total spin quantum number S:            2.004
 TOTAL ENERGY:                       -1268.979042168

 --------------------------------------------------------------------------------

 End time:                               Tue Oct 26 14:04:23 2021
 Total wall-clock time:                  6.624 seconds
==================================================================================
