
================================================================================
          _____________ ________ _______________ ________     _________         
         / ___________// ______ \\_____   _____// ______ \   / ________)        
        / /_________  / /      \ \     | |     / /      \ \ | (_______          
       |  __________|| |        | |    | |    | |        | | \________ \        
        \ \_________ | |        | |    | |     \ \______/ /___________) |       
         \__________||_|        |_|    |_|      \________//____________/        
                                                                                
====================================[ Qcore ]===================================

 Git describe: 2.3.0-3-g778a55bfd
 Compiler:     GNU 9.3.0
 Build type:   Release
 Version:      2.3.0-3-g778a55bfd

 Start time:   Sun Nov  7 03:20:16 2021

 Data directory: /mnt/storage/scratch/zw18965/.local/qcore/share/entos/qcore/data
 Number of threads: 28
 Number of threads was determined by: command line argument

 --------------------------------------------------------------------------------
                                   command: dft                                  
 --------------------------------------------------------------------------------
 AO basis set:                           def2-tzvppd
 Number of AO basis functions:         118

 Formula:                                ClFe
 Nuclear charge:                        43.000000000
 Total charge:                           0.000000000
 Number of electrons:                   43.000000000

 Number of alpha electrons:             24
 Number of beta electrons:              19
 Number of unpaired electrons:           5
 Spin:                                   5
 Multiplicity:                           septet

 Theory:                                 dft
 Exchange-correlation functional:        wb97x

 Using range separated hybrid functional
 Range separation parameter:             0.300000000
 Short range exact exchange:             0.263800000
 Total long range exact exchange:        1.000000000

 Method for Coulomb:                     incore_df
 Method for exact exchange:              pre_transformed_df
 Integral threshold:                     1.00e-12
 DF basis set:                           def2-universal-jkfit
 Number of DF basis functions:         392
 Schwarz screening threshold:            1.00e-10
 Coulomb fitting method:                 Cholesky

 ------------------
  UW12 Correlation 
 ------------------
 Factor for UW12 correlation:            1.000000000
 Same spin scale factor:                 0.000000000
 Calculate indirect contribution:        false
 Method for three electron term:         df_ri
 Auxiliary RI basis set:                 Def2-TZVPPD-RI
 Number of RI basis functions:         364
 Gaussians in geminal expansion:         4
 UW12 screening threshold:               1.00e-16
 Method for density-fitting:             w(r)
 Number of core spatial orbitals:       14

 Total number of grid points:        15430
 Method for AO orthogonalization:        symmetric
 Threshold for linear dependence:        1.00e-08
 D3BJ dispersion energy:                -0.003192872

 -------------------------------------
  Running unrestricted open-shell SCF 
 -------------------------------------
 Max number of iterations:             128
 Conv. threshold (gradient):             1.00e-05
 Conv. threshold (energy):               1.00e-06
 Interpolation scheme:                   adiis+cdiis
 Initial guess:                          SAD

 ---------------------------------------------------------------
                  energy        change          grad        time
 ---------------------------------------------------------------
   0     -1723.631482071                    1.81e+00        5.43
   1     -1723.870597279     -2.39e-01      1.88e-01        0.41
   2     -1723.893380050     -2.28e-02      1.09e-01        0.40
   3     -1723.898726851     -5.35e-03      8.27e-02        0.40
   4     -1723.900948131     -2.22e-03      5.72e-02        0.39
   5     -1723.902492663     -1.54e-03      1.00e-02        0.38
   6     -1723.902602762     -1.10e-04      2.52e-03        0.37
   7     -1723.902615433     -1.27e-05      8.38e-04        0.38
   8     -1723.902616284     -8.51e-07      4.43e-04        0.37
   9     -1723.902616224      6.00e-08      9.99e-05        0.36
  10     -1723.902616247     -2.35e-08      3.40e-05        0.37
  11     -1723.902616264     -1.65e-08      1.29e-05        0.37
  12     -1723.902616264      1.49e-10      4.90e-06        0.36

 SCF converged in 12 iterations.

 Dipole moment (in Debye):              -0.000001      -0.000001       2.336724

 Quadrupole moment (in Debye-Angstrom):
                  1            2            3
 1       -28.013026     0.000028    -0.000001
 2         0.000028   -28.013026    -0.000001
 3        -0.000001    -0.000001   -32.875394

 Spin-squared expectation <S^2>:         8.754
 Total spin quantum number S:            2.501
 TOTAL ENERGY:                       -1723.902616262

 --------------------------------------------------------------------------------

 End time:                               Sun Nov  7 03:20:31 2021
 Total wall-clock time:                 15.300 seconds
==================================================================================
