
================================================================================
          _____________ ________ _______________ ________     _________         
         / ___________// ______ \\_____   _____// ______ \   / ________)        
        / /_________  / /      \ \     | |     / /      \ \ | (_______          
       |  __________|| |        | |    | |    | |        | | \________ \        
        \ \_________ | |        | |    | |     \ \______/ /___________) |       
         \__________||_|        |_|    |_|      \________//____________/        
                                                                                
====================================[ Qcore ]===================================

 Git describe: 2.3.0-3-g778a55bfd
 Compiler:     GNU 9.3.0
 Build type:   Release
 Version:      2.3.0-3-g778a55bfd

 Start time:   Wed Nov  3 12:18:16 2021

 Data directory: /mnt/storage/scratch/zw18965/.local/qcore/share/entos/qcore/data
 Number of threads: 28
 Number of threads was determined by: command line argument

 --------------------------------------------------------------------------------
                                   command: dft                                  
 --------------------------------------------------------------------------------
 AO basis set:                           def2-tzvppd
 Number of AO basis functions:         124

 Formula:                                MnBr
 Nuclear charge:                        60.000000000
 Total charge:                           0.000000000
 Number of electrons:                   60.000000000

 Number of alpha electrons:             33
 Number of beta electrons:              27
 Number of unpaired electrons:           6
 Spin:                                   6
 Multiplicity:                           octet

 Theory:                                 dft
 Exchange-correlation functional:        wb97x

 Using range separated hybrid functional
 Range separation parameter:             0.300000000
 Short range exact exchange:             0.263800000
 Total long range exact exchange:        1.000000000

 Method for Coulomb:                     incore_df
 Method for exact exchange:              pre_transformed_df
 Integral threshold:                     1.00e-12
 DF basis set:                           def2-universal-jkfit
 Number of DF basis functions:         530
 Schwarz screening threshold:            1.00e-10
 Coulomb fitting method:                 Cholesky

 ------------------
  UW12 Correlation 
 ------------------
 Factor for UW12 correlation:            1.000000000
 Same spin scale factor:                 0.000000000
 Calculate indirect contribution:        false
 Method for three electron term:         df_ri
 Auxiliary RI basis set:                 Def2-TZVPPD-RI
 Number of RI basis functions:         400
 Gaussians in geminal expansion:         4
 UW12 screening threshold:               1.00e-12
 Method for density-fitting:             w(r)
 Number of core spatial orbitals:       18

 Total number of grid points:        16100
 Method for AO orthogonalization:        symmetric
 Threshold for linear dependence:        1.00e-08
 D3BJ dispersion energy:                -0.003976591

 -------------------------------------
  Running unrestricted open-shell SCF 
 -------------------------------------
 Max number of iterations:             128
 Conv. threshold (gradient):             1.00e-05
 Conv. threshold (energy):               1.00e-06
 Interpolation scheme:                   adiis+cdiis
 Initial guess:                          SAD

 ---------------------------------------------------------------
                  energy        change          grad        time
 ---------------------------------------------------------------
   0     -3724.835858512                    2.20e+00        9.89
   1     -3725.157404073     -3.22e-01      2.27e-01        0.78
   2     -3725.172154047     -1.47e-02      1.76e-01        0.71
   3     -3725.187000631     -1.48e-02      1.24e-01        0.72
   4     -3725.191749561     -4.75e-03      6.54e-02        0.71
   5     -3725.193458344     -1.71e-03      4.26e-02        0.70
   6     -3725.194212960     -7.55e-04      3.25e-03        0.70
   7     -3725.194232828     -1.99e-05      9.90e-04        0.70
   8     -3725.194234320     -1.49e-06      2.98e-04        0.72
   9     -3725.194234415     -9.45e-08      5.54e-05        0.70
  10     -3725.194234409      5.69e-09      1.85e-05        0.70
  11     -3725.194234421     -1.16e-08      4.42e-06        0.69

 SCF converged in 11 iterations.

 Dipole moment (in Debye):               0.000000       0.000000      -2.980719

 Quadrupole moment (in Debye-Angstrom):
                  1            2            3
 1       -34.413041    -0.000000    -0.000000
 2        -0.000000   -34.413041    -0.000000
 3        -0.000000    -0.000000   -36.957486

 Spin-squared expectation <S^2>:        12.002
 Total spin quantum number S:            3.000
 TOTAL ENERGY:                       -3725.194234418

 --------------------------------------------------------------------------------

 End time:                               Wed Nov  3 12:18:43 2021
 Total wall-clock time:                 26.827 seconds
==================================================================================
