
================================================================================
          _____________ ________ _______________ ________     _________         
         / ___________// ______ \\_____   _____// ______ \   / ________)        
        / /_________  / /      \ \     | |     / /      \ \ | (_______          
       |  __________|| |        | |    | |    | |        | | \________ \        
        \ \_________ | |        | |    | |     \ \______/ /___________) |       
         \__________||_|        |_|    |_|      \________//____________/        
                                                                                
====================================[ Qcore ]===================================

 Git describe: 2.3.0-1-g21d9df7e5
 Compiler:     GNU 9.1.0
 Build type:   Release
 Version:      2.3.0-1-g21d9df7e5

 Start time:   Tue Oct 26 14:04:44 2021

 Data directory: /work/zw18965/.local/qcore/share/entos/qcore/data
 Number of threads: 24
 Number of threads was determined by: command line argument

 --------------------------------------------------------------------------------
                                   command: dft                                  
 --------------------------------------------------------------------------------
 AO basis set:                           def2-tzvppd
 Number of AO basis functions:         107

 Formula:                                OV
 Nuclear charge:                        31.000000000
 Total charge:                           0.000000000
 Number of electrons:                   31.000000000

 Number of alpha electrons:             17
 Number of beta electrons:              14
 Number of unpaired electrons:           3
 Spin:                                   3
 Multiplicity:                           quartet

 Theory:                                 dft
 Exchange-correlation functional:        wb97x

 Using range separated hybrid functional
 Range separation parameter:             0.300000000
 Short range exact exchange:             0.263800000
 Total long range exact exchange:        1.000000000

 Method for Coulomb:                     incore_df
 Method for exact exchange:              pre_transformed_df
 Integral threshold:                     1.00e-12
 DF basis set:                           def2-universal-jkfit
 Number of DF basis functions:         341
 Schwarz screening threshold:            1.00e-10
 Coulomb fitting method:                 Cholesky

 ------------------
  UW12 Correlation 
 ------------------
 Factor for UW12 correlation:            1.000000000
 Same spin scale factor:                 0.000000000
 Calculate indirect contribution:        false
 Method for three electron term:         df_ri
 Auxiliary RI basis set:                 Def2-TZVPPD-RI
 Number of RI basis functions:         317
 Gaussians in geminal expansion:         4
 UW12 screening threshold:               1.00e-12
 Method for density-fitting:             w(r)
 Number of core spatial orbitals:       10

 Total number of grid points:        14796
 Method for AO orthogonalization:        symmetric
 Threshold for linear dependence:        1.00e-08
 D3BJ dispersion energy:                -0.001945834

 -------------------------------------
  Running unrestricted open-shell SCF 
 -------------------------------------
 Max number of iterations:             128
 Conv. threshold (gradient):             1.00e-05
 Conv. threshold (energy):               1.00e-06
 Interpolation scheme:                   adiis+cdiis
 Initial guess:                          SAD

 ---------------------------------------------------------------
                  energy        change          grad        time
 ---------------------------------------------------------------
   0     -1023.958737046                    2.01e+00        2.84
   1     -1023.677929625      2.81e-01      1.28e+00        0.28
   2     -1014.911566012      8.77e+00      4.90e+00        0.27
   3     -1023.334870075     -8.42e+00      1.70e+00        0.27
   4     -1024.281398884     -9.47e-01      5.04e-02        0.23
   5     -1024.283263702     -1.86e-03      4.60e-02        0.23
   6     -1024.283945092     -6.81e-04      1.65e-02        0.23
   7     -1024.284219707     -2.75e-04      1.48e-02        0.23
   8     -1024.284339181     -1.19e-04      2.77e-03        0.23
   9     -1024.284362673     -2.35e-05      3.49e-03        0.23
  10     -1024.284371024     -8.35e-06      1.22e-03        0.23
  11     -1024.284374310     -3.29e-06      3.22e-04        0.22
  12     -1024.284374704     -3.94e-07      1.03e-04        0.23
  13     -1024.284374886     -1.82e-07      5.94e-05        0.23
  14     -1024.284374908     -2.19e-08      1.30e-05        0.23
  15     -1024.284374925     -1.71e-08      5.24e-06        0.23

 SCF converged in 15 iterations.

 Dipole moment (in Debye):              -0.000002      -0.000002       4.428347

 Quadrupole moment (in Debye-Angstrom):
                  1            2            3
 1       -20.725343    -0.000000    -0.000002
 2        -0.000000   -20.725343    -0.000002
 3        -0.000002    -0.000002   -22.029851

 Spin-squared expectation <S^2>:         3.777
 Total spin quantum number S:            1.507
 TOTAL ENERGY:                       -1024.284374938

 --------------------------------------------------------------------------------

 End time:                               Tue Oct 26 14:04:55 2021
 Total wall-clock time:                 10.475 seconds
==================================================================================
