
================================================================================
          _____________ ________ _______________ ________     _________         
         / ___________// ______ \\_____   _____// ______ \   / ________)        
        / /_________  / /      \ \     | |     / /      \ \ | (_______          
       |  __________|| |        | |    | |    | |        | | \________ \        
        \ \_________ | |        | |    | |     \ \______/ /___________) |       
         \__________||_|        |_|    |_|      \________//____________/        
                                                                                
====================================[ Qcore ]===================================

 Git describe: 2.3.0-1-g21d9df7e5
 Compiler:     GNU 9.1.0
 Build type:   Release
 Version:      2.3.0-1-g21d9df7e5

 Start time:   Tue Oct 26 14:04:46 2021

 Data directory: /work/zw18965/.local/qcore/share/entos/qcore/data
 Number of threads: 24
 Number of threads was determined by: command line argument

 --------------------------------------------------------------------------------
                                   command: dft                                  
 --------------------------------------------------------------------------------
 AO basis set:                           def2-tzvppd
 Number of AO basis functions:         118

 Formula:                                SCr
 Nuclear charge:                        40.000000000
 Total charge:                           0.000000000
 Number of electrons:                   40.000000000

 Number of alpha electrons:             22
 Number of beta electrons:              18
 Number of unpaired electrons:           4
 Spin:                                   4
 Multiplicity:                           quintet

 Theory:                                 dft
 Exchange-correlation functional:        wb97x

 Using range separated hybrid functional
 Range separation parameter:             0.300000000
 Short range exact exchange:             0.263800000
 Total long range exact exchange:        1.000000000

 Method for Coulomb:                     incore_df
 Method for exact exchange:              pre_transformed_df
 Integral threshold:                     1.00e-12
 DF basis set:                           def2-universal-jkfit
 Number of DF basis functions:         392
 Schwarz screening threshold:            1.00e-10
 Coulomb fitting method:                 Cholesky

 ------------------
  UW12 Correlation 
 ------------------
 Factor for UW12 correlation:            1.000000000
 Same spin scale factor:                 0.000000000
 Calculate indirect contribution:        false
 Method for three electron term:         df_ri
 Auxiliary RI basis set:                 Def2-TZVPPD-RI
 Number of RI basis functions:         364
 Gaussians in geminal expansion:         4
 UW12 screening threshold:               1.00e-12
 Method for density-fitting:             w(r)
 Number of core spatial orbitals:       14

 Total number of grid points:        15178
 Method for AO orthogonalization:        symmetric
 Threshold for linear dependence:        1.00e-08
 D3BJ dispersion energy:                -0.004842890

 -------------------------------------
  Running unrestricted open-shell SCF 
 -------------------------------------
 Max number of iterations:             128
 Conv. threshold (gradient):             1.00e-05
 Conv. threshold (energy):               1.00e-06
 Interpolation scheme:                   adiis+cdiis
 Initial guess:                          SAD

 ---------------------------------------------------------------
                  energy        change          grad        time
 ---------------------------------------------------------------
   0     -1449.340277767                    1.79e+00        3.65
   1     -1449.062044982      2.78e-01      1.43e+00        0.39
   2     -1439.050336393      1.00e+01      8.15e+00        0.38
   3     -1448.050206803     -9.00e+00      2.65e+00        0.35
   4     -1449.681665125     -1.63e+00      2.01e-01        0.34
   5     -1449.646026913      3.56e-02      5.57e-01        0.32
   6     -1449.703126156     -5.71e-02      1.36e-01        0.32
   7     -1449.703767337     -6.41e-04      1.33e-01        0.32
   8     -1449.707475922     -3.71e-03      1.62e-01        0.33
   9     -1449.712312745     -4.84e-03      5.38e-02        0.31
  10     -1449.711724045      5.89e-04      1.38e-01        0.33
  11     -1449.719261563     -7.54e-03      3.23e-02        0.33
  12     -1449.719788792     -5.27e-04      1.56e-02        0.32
  13     -1449.720967001     -1.18e-03      1.52e-02        0.33
  14     -1449.721593482     -6.26e-04      8.77e-03        0.32
  15     -1449.721927384     -3.34e-04      4.04e-03        0.31
  16     -1449.722010555     -8.32e-05      2.26e-03        0.32
  17     -1449.722025575     -1.50e-05      7.25e-04        0.32
  18     -1449.722026831     -1.26e-06      2.92e-04        0.32
  19     -1449.722026759      7.23e-08      1.00e-04        0.32
  20     -1449.722026660      9.84e-08      4.56e-05        0.32
  21     -1449.722026624      3.61e-08      2.32e-05        0.32
  22     -1449.722026650     -2.54e-08      1.53e-05        0.32
  23     -1449.722026600      4.93e-08      9.34e-06        0.31

 SCF converged in 23 iterations.

 Dipole moment (in Debye):              -0.000001      -0.000001       6.564643

 Quadrupole moment (in Debye-Angstrom):
                  1            2            3
 1       -27.622035    -1.323950    -0.000000
 2        -1.323950   -27.621720    -0.000000
 3        -0.000000    -0.000000   -24.290046

 Spin-squared expectation <S^2>:         6.508
 Total spin quantum number S:            2.100
 TOTAL ENERGY:                       -1449.722026615

 --------------------------------------------------------------------------------

 End time:                               Tue Oct 26 14:05:02 2021
 Total wall-clock time:                 15.628 seconds
==================================================================================
