
================================================================================
          _____________ ________ _______________ ________     _________         
         / ___________// ______ \\_____   _____// ______ \   / ________)        
        / /_________  / /      \ \     | |     / /      \ \ | (_______          
       |  __________|| |        | |    | |    | |        | | \________ \        
        \ \_________ | |        | |    | |     \ \______/ /___________) |       
         \__________||_|        |_|    |_|      \________//____________/        
                                                                                
====================================[ Qcore ]===================================

 Git describe: 2.3.0-1-g21d9df7e5
 Compiler:     GNU 9.1.0
 Build type:   Release
 Version:      2.3.0-1-g21d9df7e5

 Start time:   Tue Oct 26 14:05:25 2021

 Data directory: /work/zw18965/.local/qcore/share/entos/qcore/data
 Number of threads: 24
 Number of threads was determined by: command line argument

 --------------------------------------------------------------------------------
                                   command: dft                                  
 --------------------------------------------------------------------------------
 AO basis set:                           def2-tzvppd
 Number of AO basis functions:         118

 Formula:                                SFe
 Nuclear charge:                        42.000000000
 Total charge:                           0.000000000
 Number of electrons:                   42.000000000

 Number of alpha electrons:             23
 Number of beta electrons:              19
 Number of unpaired electrons:           4
 Spin:                                   4
 Multiplicity:                           quintet

 Theory:                                 dft
 Exchange-correlation functional:        wb97x

 Using range separated hybrid functional
 Range separation parameter:             0.300000000
 Short range exact exchange:             0.263800000
 Total long range exact exchange:        1.000000000

 Method for Coulomb:                     incore_df
 Method for exact exchange:              pre_transformed_df
 Integral threshold:                     1.00e-12
 DF basis set:                           def2-universal-jkfit
 Number of DF basis functions:         392
 Schwarz screening threshold:            1.00e-10
 Coulomb fitting method:                 Cholesky

 ------------------
  UW12 Correlation 
 ------------------
 Factor for UW12 correlation:            1.000000000
 Same spin scale factor:                 0.000000000
 Calculate indirect contribution:        false
 Method for three electron term:         df_ri
 Auxiliary RI basis set:                 Def2-TZVPPD-RI
 Number of RI basis functions:         364
 Gaussians in geminal expansion:         4
 UW12 screening threshold:               1.00e-12
 Method for density-fitting:             w(r)
 Number of core spatial orbitals:       14

 Total number of grid points:        15286
 Method for AO orthogonalization:        symmetric
 Threshold for linear dependence:        1.00e-08
 D3BJ dispersion energy:                -0.004053869

 -------------------------------------
  Running unrestricted open-shell SCF 
 -------------------------------------
 Max number of iterations:             128
 Conv. threshold (gradient):             1.00e-05
 Conv. threshold (energy):               1.00e-06
 Interpolation scheme:                   adiis+cdiis
 Initial guess:                          SAD

 ---------------------------------------------------------------
                  energy        change          grad        time
 ---------------------------------------------------------------
   0     -1669.439562249                    2.16e+00        3.73
   1     -1669.319669104      1.20e-01      1.18e+00        0.38
   2     -1665.236153473      4.08e+00      3.15e+00        0.39
   3     -1669.388967897     -4.15e+00      1.04e+00        0.37
   4     -1669.678395373     -2.89e-01      2.44e-01        0.36
   5     -1669.637558947      4.08e-02      4.64e-01        0.35
   6     -1669.687531833     -5.00e-02      1.24e-01        0.36
   7     -1669.688484625     -9.53e-04      1.15e-01        0.36
   8     -1669.691077979     -2.59e-03      2.38e-02        0.36
   9     -1669.690973843      1.04e-04      4.48e-02        0.35
  10     -1669.691421233     -4.47e-04      3.19e-03        0.35
  11     -1669.691432930     -1.17e-05      1.19e-03        0.36
  12     -1669.691434784     -1.85e-06      8.14e-04        0.35
  13     -1669.691435176     -3.92e-07      2.69e-04        0.35
  14     -1669.691435069      1.07e-07      2.50e-04        0.36
  15     -1669.691435131     -6.26e-08      1.19e-04        0.41
  16     -1669.691435187     -5.54e-08      5.04e-05        0.39
  17     -1669.691435232     -4.52e-08      1.94e-05        0.39
  18     -1669.691435250     -1.84e-08      4.65e-06        0.37

 SCF converged in 18 iterations.

 Dipole moment (in Debye):              -0.000003      -0.000002       5.841449

 Quadrupole moment (in Debye-Angstrom):
                  1            2            3
 1       -28.076629     0.000135    -0.000001
 2         0.000135   -28.076896     0.000000
 3        -0.000001     0.000000   -23.564554

 Spin-squared expectation <S^2>:         6.058
 Total spin quantum number S:            2.012
 TOTAL ENERGY:                       -1669.691435249

 --------------------------------------------------------------------------------

 End time:                               Tue Oct 26 14:05:40 2021
 Total wall-clock time:                 15.429 seconds
==================================================================================
