
================================================================================
          _____________ ________ _______________ ________     _________         
         / ___________// ______ \\_____   _____// ______ \   / ________)        
        / /_________  / /      \ \     | |     / /      \ \ | (_______          
       |  __________|| |        | |    | |    | |        | | \________ \        
        \ \_________ | |        | |    | |     \ \______/ /___________) |       
         \__________||_|        |_|    |_|      \________//____________/        
                                                                                
====================================[ Qcore ]===================================

 Git describe: 2.3.0-3-g778a55bfd
 Compiler:     GNU 9.3.0
 Build type:   Release
 Version:      2.3.0-3-g778a55bfd

 Start time:   Wed Nov  3 11:43:12 2021

 Data directory: /mnt/storage/scratch/zw18965/.local/qcore/share/entos/qcore/data
 Number of threads: 28
 Number of threads was determined by: command line argument

 --------------------------------------------------------------------------------
                                   command: dft                                  
 --------------------------------------------------------------------------------
 AO basis set:                           def2-tzvppd
 Number of AO basis functions:         124

 Formula:                                CuBr
 Nuclear charge:                        64.000000000
 Total charge:                           0.000000000
 Number of electrons:                   64.000000000

 Number of alpha electrons:             32
 Number of beta electrons:              32
 Number of unpaired electrons:           0
 Spin:                                   0
 Multiplicity:                           singlet

 Theory:                                 dft
 Exchange-correlation functional:        wb97x

 Using range separated hybrid functional
 Range separation parameter:             0.300000000
 Short range exact exchange:             0.263800000
 Total long range exact exchange:        1.000000000

 Method for Coulomb:                     incore_df
 Method for exact exchange:              pre_transformed_df
 Integral threshold:                     1.00e-12
 DF basis set:                           def2-universal-jkfit
 Number of DF basis functions:         530
 Schwarz screening threshold:            1.00e-10
 Coulomb fitting method:                 Cholesky

 ------------------
  UW12 Correlation 
 ------------------
 Factor for UW12 correlation:            1.000000000
 Same spin scale factor:                 0.000000000
 Calculate indirect contribution:        false
 Method for three electron term:         df_ri
 Auxiliary RI basis set:                 Def2-TZVPPD-RI
 Number of RI basis functions:         400
 Gaussians in geminal expansion:         4
 UW12 screening threshold:               1.00e-12
 Method for density-fitting:             w(r)
 Number of core spatial orbitals:       18

 Total number of grid points:        16100
 Method for AO orthogonalization:        symmetric
 Threshold for linear dependence:        1.00e-08
 D3BJ dispersion energy:                -0.003654035

 -------------------------------------
  Running restricted closed-shell SCF 
 -------------------------------------
 Max number of iterations:             128
 Conv. threshold (gradient):             1.00e-05
 Conv. threshold (energy):               1.00e-06
 Interpolation scheme:                   adiis+cdiis
 Initial guess:                          SAD

 ---------------------------------------------------------------
                  energy        change          grad        time
 ---------------------------------------------------------------
   0     -4214.710557456                    3.78e+00        9.49
   1     -4214.734820466     -2.43e-02      4.00e-01        0.39
   2     -4214.751343558     -1.65e-02      3.45e-01        0.39
   3     -4214.756058865     -4.72e-03      3.51e-01        0.37
   4     -4214.762040626     -5.98e-03      2.42e-01        0.35
   5     -4214.765487293     -3.45e-03      1.09e-01        0.35
   6     -4214.766245545     -7.58e-04      5.36e-02        0.36
   7     -4214.766459822     -2.14e-04      4.34e-02        0.36
   8     -4214.766579145     -1.19e-04      1.56e-03        0.36
   9     -4214.766579919     -7.74e-07      5.81e-04        0.40
  10     -4214.766579761      1.58e-07      1.06e-04        0.39
  11     -4214.766579666      9.52e-08      3.47e-05        0.38
  12     -4214.766579622      4.40e-08      1.46e-05        0.35
  13     -4214.766579624     -2.34e-09      1.67e-06        0.37

 SCF converged in 13 iterations.

 Dipole moment (in Debye):              -0.000002      -0.000002      -5.198642

 Quadrupole moment (in Debye-Angstrom):
                  1            2            3
 1       -32.005827     0.000000     0.000003
 2         0.000000   -32.005827     0.000003
 3         0.000003     0.000003   -24.850193

 Spin-squared expectation <S^2>:         0.000
 Total spin quantum number S:            0.000
 TOTAL ENERGY:                       -4214.766579626

 --------------------------------------------------------------------------------

 End time:                               Wed Nov  3 11:43:35 2021
 Total wall-clock time:                 23.091 seconds
==================================================================================
