
================================================================================
          _____________ ________ _______________ ________     _________         
         / ___________// ______ \\_____   _____// ______ \   / ________)        
        / /_________  / /      \ \     | |     / /      \ \ | (_______          
       |  __________|| |        | |    | |    | |        | | \________ \        
        \ \_________ | |        | |    | |     \ \______/ /___________) |       
         \__________||_|        |_|    |_|      \________//____________/        
                                                                                
====================================[ Qcore ]===================================

 Git describe: 2.3.0-3-g778a55bfd
 Compiler:     GNU 9.3.0
 Build type:   Release
 Version:      2.3.0-3-g778a55bfd

 Start time:   Wed Nov  3 12:27:22 2021

 Data directory: /mnt/storage/scratch/zw18965/.local/qcore/share/entos/qcore/data
 Number of threads: 28
 Number of threads was determined by: command line argument

 --------------------------------------------------------------------------------
                                   command: dft                                  
 --------------------------------------------------------------------------------
 AO basis set:                           def2-tzvppd
 Number of AO basis functions:         118

 Formula:                                SZn
 Nuclear charge:                        46.000000000
 Total charge:                           0.000000000
 Number of electrons:                   46.000000000

 Number of alpha electrons:             23
 Number of beta electrons:              23
 Number of unpaired electrons:           0
 Spin:                                   0
 Multiplicity:                           singlet

 Theory:                                 dft
 Exchange-correlation functional:        wb97x

 Using range separated hybrid functional
 Range separation parameter:             0.300000000
 Short range exact exchange:             0.263800000
 Total long range exact exchange:        1.000000000

 Method for Coulomb:                     incore_df
 Method for exact exchange:              pre_transformed_df
 Integral threshold:                     1.00e-12
 DF basis set:                           def2-universal-jkfit
 Number of DF basis functions:         392
 Schwarz screening threshold:            1.00e-10
 Coulomb fitting method:                 Cholesky

 ------------------
  UW12 Correlation 
 ------------------
 Factor for UW12 correlation:            1.000000000
 Same spin scale factor:                 0.000000000
 Calculate indirect contribution:        false
 Method for three electron term:         df_ri
 Auxiliary RI basis set:                 Def2-TZVPPD-RI
 Number of RI basis functions:         367
 Gaussians in geminal expansion:         4
 UW12 screening threshold:               1.00e-12
 Method for density-fitting:             w(r)
 Number of core spatial orbitals:       14

 Total number of grid points:        15286
 Method for AO orthogonalization:        symmetric
 Threshold for linear dependence:        1.00e-08
 D3BJ dispersion energy:                -0.004027163

 -------------------------------------
  Running restricted closed-shell SCF 
 -------------------------------------
 Max number of iterations:             128
 Conv. threshold (gradient):             1.00e-05
 Conv. threshold (energy):               1.00e-06
 Interpolation scheme:                   adiis+cdiis
 Initial guess:                          SAD

 ---------------------------------------------------------------
                  energy        change          grad        time
 ---------------------------------------------------------------
   0     -2177.684018738                    4.36e+00        5.51
   1     -2177.459171723      2.25e-01      6.63e-01        0.21
   2     -2177.394668811      6.45e-02      8.54e-01        0.21
   3     -2177.554003781     -1.59e-01      7.38e-02        0.20
   4     -2177.553575696      4.28e-04      1.01e-01        0.19
   5     -2177.555226158     -1.65e-03      7.94e-03        0.19
   6     -2177.555240975     -1.48e-05      2.86e-03        0.19
   7     -2177.555245338     -4.36e-06      1.28e-03        0.19
   8     -2177.555247279     -1.94e-06      5.23e-04        0.19
   9     -2177.555247822     -5.44e-07      1.37e-04        0.19
  10     -2177.555247844     -2.17e-08      2.61e-05        0.19
  11     -2177.555247848     -4.56e-09      4.47e-06        0.19

 SCF converged in 11 iterations.

 Dipole moment (in Debye):               0.000001       0.000001       5.799299

 Quadrupole moment (in Debye-Angstrom):
                  1            2            3
 1       -28.825424    -0.000000    -0.000000
 2        -0.000000   -28.825424    -0.000000
 3        -0.000000    -0.000000   -24.289648

 Spin-squared expectation <S^2>:         0.000
 Total spin quantum number S:            0.000
 TOTAL ENERGY:                       -2177.555247848

 --------------------------------------------------------------------------------

 End time:                               Wed Nov  3 12:27:35 2021
 Total wall-clock time:                 12.557 seconds
==================================================================================
