
================================================================================
          _____________ ________ _______________ ________     _________         
         / ___________// ______ \\_____   _____// ______ \   / ________)        
        / /_________  / /      \ \     | |     / /      \ \ | (_______          
       |  __________|| |        | |    | |    | |        | | \________ \        
        \ \_________ | |        | |    | |     \ \______/ /___________) |       
         \__________||_|        |_|    |_|      \________//____________/        
                                                                                
====================================[ Qcore ]===================================

 Git describe: 2.3.0-1-g21d9df7e5
 Compiler:     GNU 9.1.0
 Build type:   Release
 Version:      2.3.0-1-g21d9df7e5

 Start time:   Tue Oct 26 14:05:36 2021

 Data directory: /work/zw18965/.local/qcore/share/entos/qcore/data
 Number of threads: 24
 Number of threads was determined by: command line argument

 --------------------------------------------------------------------------------
                                   command: dft                                  
 --------------------------------------------------------------------------------
 AO basis set:                           def2-tzvppd
 Number of AO basis functions:         107

 Formula:                                FCo
 Nuclear charge:                        36.000000000
 Total charge:                           0.000000000
 Number of electrons:                   36.000000000

 Number of alpha electrons:             19
 Number of beta electrons:              17
 Number of unpaired electrons:           2
 Spin:                                   2
 Multiplicity:                           triplet

 Theory:                                 dft
 Exchange-correlation functional:        wb97x

 Using range separated hybrid functional
 Range separation parameter:             0.300000000
 Short range exact exchange:             0.263800000
 Total long range exact exchange:        1.000000000

 Method for Coulomb:                     incore_df
 Method for exact exchange:              pre_transformed_df
 Integral threshold:                     1.00e-12
 DF basis set:                           def2-universal-jkfit
 Number of DF basis functions:         341
 Schwarz screening threshold:            1.00e-10
 Coulomb fitting method:                 Cholesky

 ------------------
  UW12 Correlation 
 ------------------
 Factor for UW12 correlation:            1.000000000
 Same spin scale factor:                 0.000000000
 Calculate indirect contribution:        false
 Method for three electron term:         df_ri
 Auxiliary RI basis set:                 Def2-TZVPPD-RI
 Number of RI basis functions:         317
 Gaussians in geminal expansion:         4
 UW12 screening threshold:               1.00e-12
 Method for density-fitting:             w(r)
 Number of core spatial orbitals:       10

 Total number of grid points:        14748
 Method for AO orthogonalization:        symmetric
 Threshold for linear dependence:        1.00e-08
 D3BJ dispersion energy:                -0.000989291

 -------------------------------------
  Running unrestricted open-shell SCF 
 -------------------------------------
 Max number of iterations:             128
 Conv. threshold (gradient):             1.00e-05
 Conv. threshold (energy):               1.00e-06
 Interpolation scheme:                   adiis+cdiis
 Initial guess:                          SAD

 ---------------------------------------------------------------
                  energy        change          grad        time
 ---------------------------------------------------------------
   0     -1488.991366752                    1.15e+00        2.87
   1     -1489.244734890     -2.53e-01      5.75e-01        0.33
   2     -1489.135632938      1.09e-01      9.54e-01        0.32
   3     -1489.340224723     -2.05e-01      9.56e-02        0.30
   4     -1489.338545954      1.68e-03      1.07e-01        0.27
   5     -1489.344190614     -5.64e-03      1.34e-02        0.28
   6     -1489.344346627     -1.56e-04      8.73e-03        0.26
   7     -1489.344431646     -8.50e-05      5.73e-03        0.26
   8     -1489.344510607     -7.90e-05      3.50e-03        0.26
   9     -1489.344561261     -5.07e-05      1.53e-03        0.26
  10     -1489.344569062     -7.80e-06      5.60e-04        0.26
  11     -1489.344568868      1.95e-07      2.31e-04        0.25
  12     -1489.344568719      1.48e-07      1.68e-04        0.25
  13     -1489.344568479      2.40e-07      6.05e-05        0.25
  14     -1489.344568333      1.46e-07      1.11e-05        0.25
  15     -1489.344568328      4.68e-09      4.13e-06        0.25

 SCF converged in 15 iterations.

 Dipole moment (in Debye):              -0.000007      -0.000007       5.642947

 Quadrupole moment (in Debye-Angstrom):
                  1            2            3
 1       -17.487149     0.000000    -0.000012
 2         0.000000   -17.487149    -0.000012
 3        -0.000012    -0.000012   -18.157122

 Spin-squared expectation <S^2>:         2.033
 Total spin quantum number S:            1.011
 TOTAL ENERGY:                       -1489.344568318

 --------------------------------------------------------------------------------

 End time:                               Tue Oct 26 14:05:47 2021
 Total wall-clock time:                 11.128 seconds
==================================================================================
