
================================================================================
          _____________ ________ _______________ ________     _________         
         / ___________// ______ \\_____   _____// ______ \   / ________)        
        / /_________  / /      \ \     | |     / /      \ \ | (_______          
       |  __________|| |        | |    | |    | |        | | \________ \        
        \ \_________ | |        | |    | |     \ \______/ /___________) |       
         \__________||_|        |_|    |_|      \________//____________/        
                                                                                
====================================[ Qcore ]===================================

 Git describe: 2.3.0-1-g21d9df7e5
 Compiler:     GNU 9.1.0
 Build type:   Release
 Version:      2.3.0-1-g21d9df7e5

 Start time:   Tue Oct 26 14:05:26 2021

 Data directory: /work/zw18965/.local/qcore/share/entos/qcore/data
 Number of threads: 24
 Number of threads was determined by: command line argument

 --------------------------------------------------------------------------------
                                   command: dft                                  
 --------------------------------------------------------------------------------
 AO basis set:                           def2-tzvppd
 Number of AO basis functions:          84

 Formula:                                HCo
 Nuclear charge:                        28.000000000
 Total charge:                           0.000000000
 Number of electrons:                   28.000000000

 Number of alpha electrons:             15
 Number of beta electrons:              13
 Number of unpaired electrons:           2
 Spin:                                   2
 Multiplicity:                           triplet

 Theory:                                 dft
 Exchange-correlation functional:        wb97x

 Using range separated hybrid functional
 Range separation parameter:             0.300000000
 Short range exact exchange:             0.263800000
 Total long range exact exchange:        1.000000000

 Method for Coulomb:                     incore_df
 Method for exact exchange:              pre_transformed_df
 Integral threshold:                     1.00e-12
 DF basis set:                           def2-universal-jkfit
 Number of DF basis functions:         282
 Schwarz screening threshold:            1.00e-10
 Coulomb fitting method:                 Cholesky

 ------------------
  UW12 Correlation 
 ------------------
 Factor for UW12 correlation:            1.000000000
 Same spin scale factor:                 0.000000000
 Calculate indirect contribution:        false
 Method for three electron term:         df_ri
 Auxiliary RI basis set:                 Def2-TZVPPD-RI
 Number of RI basis functions:         264
 Gaussians in geminal expansion:         4
 UW12 screening threshold:               1.00e-12
 Method for density-fitting:             w(r)
 Number of core spatial orbitals:        9

 Total number of grid points:        13826
 Method for AO orthogonalization:        symmetric
 Threshold for linear dependence:        1.00e-08
 D3BJ dispersion energy:                -0.000851838

 -------------------------------------
  Running unrestricted open-shell SCF 
 -------------------------------------
 Max number of iterations:             128
 Conv. threshold (gradient):             1.00e-05
 Conv. threshold (energy):               1.00e-06
 Interpolation scheme:                   adiis+cdiis
 Initial guess:                          SAD

 ---------------------------------------------------------------
                  energy        change          grad        time
 ---------------------------------------------------------------
   0     -1388.773055682                    1.28e+00        1.90
   1     -1389.078036780     -3.05e-01      2.15e-01        0.16
   2     -1389.097621917     -1.96e-02      1.13e-01        0.16
   3     -1389.099341821     -1.72e-03      1.01e-01        0.14
   4     -1389.099718534     -3.77e-04      1.25e-01        0.13
   5     -1389.103369963     -3.65e-03      3.15e-02        0.13
   6     -1389.103509256     -1.39e-04      4.10e-02        0.13
   7     -1389.103931327     -4.22e-04      1.90e-03        0.13
   8     -1389.103936326     -5.00e-06      9.82e-04        0.14
   9     -1389.103938735     -2.41e-06      3.48e-04        0.13
  10     -1389.103939362     -6.27e-07      1.06e-04        0.12
  11     -1389.103939585     -2.23e-07      3.90e-05        0.13
  12     -1389.103939603     -1.72e-08      1.44e-05        0.12
  13     -1389.103939614     -1.13e-08      3.56e-06        0.12

 SCF converged in 13 iterations.

 Dipole moment (in Debye):               0.000000       0.000000       3.385620

 Quadrupole moment (in Debye-Angstrom):
                  1            2            3
 1       -14.145753    -0.000000     0.000003
 2        -0.000000   -14.145753     0.000003
 3         0.000003     0.000003   -16.516363

 Spin-squared expectation <S^2>:         2.011
 Total spin quantum number S:            1.004
 TOTAL ENERGY:                       -1389.103939610

 --------------------------------------------------------------------------------

 End time:                               Tue Oct 26 14:05:34 2021
 Total wall-clock time:                  7.503 seconds
==================================================================================
