
================================================================================
          _____________ ________ _______________ ________     _________         
         / ___________// ______ \\_____   _____// ______ \   / ________)        
        / /_________  / /      \ \     | |     / /      \ \ | (_______          
       |  __________|| |        | |    | |    | |        | | \________ \        
        \ \_________ | |        | |    | |     \ \______/ /___________) |       
         \__________||_|        |_|    |_|      \________//____________/        
                                                                                
====================================[ Qcore ]===================================

 Git describe: 2.3.0-1-g21d9df7e5
 Compiler:     GNU 9.1.0
 Build type:   Release
 Version:      2.3.0-1-g21d9df7e5

 Start time:   Tue Oct 26 05:01:41 2021

 Data directory: /work/zw18965/.local/qcore/share/entos/qcore/data
 Number of threads: 24
 Number of threads was determined by: command line argument

 --------------------------------------------------------------------------------
                                   command: dft                                  
 --------------------------------------------------------------------------------
 AO basis set:                           def2-tzvppd
 Number of AO basis functions:          77

 Formula:                                CO
 Nuclear charge:                        14.000000000
 Total charge:                           0.000000000
 Number of electrons:                   14.000000000

 Number of alpha electrons:              7
 Number of beta electrons:               7
 Number of unpaired electrons:           0
 Spin:                                   0
 Multiplicity:                           singlet

 Theory:                                 dft
 Exchange-correlation functional:        b3lyp
 Method for Coulomb:                     incore_df
 Method for exact exchange:              pre_transformed_df
 Integral threshold:                     1.00e-12
 DF basis set:                           def2-universal-jkfit
 Number of DF basis functions:         152
 Schwarz screening threshold:            1.00e-10
 Coulomb fitting method:                 Cholesky
 Total number of grid points:        13744
 Method for AO orthogonalization:        symmetric
 Threshold for linear dependence:        1.00e-08
 D3BJ dispersion energy:                -0.000727738

 -------------------------------------
  Running restricted closed-shell SCF 
 -------------------------------------
 Max number of iterations:             128
 Conv. threshold (gradient):             1.00e-05
 Conv. threshold (energy):               1.00e-06
 Interpolation scheme:                   adiis+cdiis
 Initial guess:                          SAD

 ---------------------------------------------------------------
                  energy        change          grad        time
 ---------------------------------------------------------------
   0      -113.445933881                    5.89e+00        0.01
   1      -113.276311390      1.70e-01      6.71e-01        0.01
   2      -113.106091524      1.70e-01      1.72e+00        0.01
   3      -113.296670807     -1.91e-01      4.75e-01        0.01
   4      -113.309197561     -1.25e-02      1.67e-01        0.01
   5      -113.309336253     -1.39e-04      1.58e-01        0.01
   6      -113.311188568     -1.85e-03      4.89e-03        0.01
   7      -113.311187794      7.74e-07      5.72e-03        0.01
   8      -113.311190509     -2.71e-06      2.85e-05        0.01
   9      -113.311190509     -3.09e-11      4.47e-06        0.01

 SCF converged in 9 iterations.

 Dipole moment (in Debye):               0.000000       0.000000       0.067733

 Quadrupole moment (in Debye-Angstrom):
                  1            2            3
 1       -10.334459     0.000000    -0.000001
 2         0.000000   -10.334459    -0.000001
 3        -0.000001    -0.000001   -12.345349

 Spin-squared expectation <S^2>:         0.000
 Total spin quantum number S:            0.000
 TOTAL ENERGY:                        -113.311190509

 --------------------------------------------------------------------------------

 End time:                               Tue Oct 26 05:01:41 2021
 Total wall-clock time:                  0.451 seconds
==================================================================================
