
================================================================================
          _____________ ________ _______________ ________     _________         
         / ___________// ______ \\_____   _____// ______ \   / ________)        
        / /_________  / /      \ \     | |     / /      \ \ | (_______          
       |  __________|| |        | |    | |    | |        | | \________ \        
        \ \_________ | |        | |    | |     \ \______/ /___________) |       
         \__________||_|        |_|    |_|      \________//____________/        
                                                                                
====================================[ Qcore ]===================================

 Git describe: 2.3.0-1-g21d9df7e5
 Compiler:     GNU 9.1.0
 Build type:   Release
 Version:      2.3.0-1-g21d9df7e5

 Start time:   Tue Oct 26 05:01:32 2021

 Data directory: /work/zw18965/.local/qcore/share/entos/qcore/data
 Number of threads: 24
 Number of threads was determined by: command line argument

 --------------------------------------------------------------------------------
                                   command: dft                                  
 --------------------------------------------------------------------------------
 AO basis set:                           def2-tzvppd
 Number of AO basis functions:         216

 Formula:                                C2H3OCl
 Nuclear charge:                        40.000000000
 Total charge:                           0.000000000
 Number of electrons:                   40.000000000

 Number of alpha electrons:             20
 Number of beta electrons:              20
 Number of unpaired electrons:           0
 Spin:                                   0
 Multiplicity:                           singlet

 Theory:                                 dft
 Exchange-correlation functional:        b3lyp
 Method for Coulomb:                     incore_df
 Method for exact exchange:              pre_transformed_df
 Integral threshold:                     1.00e-12
 DF basis set:                           def2-universal-jkfit
 Number of DF basis functions:         409
 Schwarz screening threshold:            1.00e-10
 Coulomb fitting method:                 Cholesky
 Total number of grid points:        45708
 Method for AO orthogonalization:        symmetric
 Threshold for linear dependence:        1.00e-08
 D3BJ dispersion energy:                -0.008264939

 -------------------------------------
  Running restricted closed-shell SCF 
 -------------------------------------
 Max number of iterations:             128
 Conv. threshold (gradient):             1.00e-05
 Conv. threshold (energy):               1.00e-06
 Interpolation scheme:                   adiis+cdiis
 Initial guess:                          SAD

 ---------------------------------------------------------------
                  energy        change          grad        time
 ---------------------------------------------------------------
   0      -613.918753182                    1.34e+01        0.06
   1      -613.286055892      6.33e-01      1.77e+00        0.05
   2      -612.821070564      4.65e-01      5.32e+00        0.05
   3      -613.374639377     -5.54e-01      8.75e-01        0.05
   4      -613.396605683     -2.20e-02      4.59e-01        0.05
   5      -613.401012157     -4.41e-03      3.91e-01        0.05
   6      -613.403095862     -2.08e-03      2.46e-01        0.06
   7      -613.404088267     -9.92e-04      1.11e-01        0.06
   8      -613.404436753     -3.48e-04      7.12e-02        0.06
   9      -613.404490180     -5.34e-05      4.46e-02        0.06
  10      -613.404546802     -5.66e-05      2.03e-04        0.06
  11      -613.404546804     -2.57e-09      6.53e-05        0.05
  12      -613.404546804     -1.51e-10      8.98e-06        0.05

 SCF converged in 12 iterations.

 Dipole moment (in Debye):               1.466568      -2.475533       0.000145

 Quadrupole moment (in Debye-Angstrom):
                  1            2            3
 1       -30.118812    -2.961946     0.000319
 2        -2.961946   -32.510963    -0.000370
 3         0.000319    -0.000370   -29.716986

 Spin-squared expectation <S^2>:         0.000
 Total spin quantum number S:            0.000
 TOTAL ENERGY:                        -613.404546804

 --------------------------------------------------------------------------------

 End time:                               Tue Oct 26 05:01:34 2021
 Total wall-clock time:                  1.869 seconds
==================================================================================
