
================================================================================
          _____________ ________ _______________ ________     _________         
         / ___________// ______ \\_____   _____// ______ \   / ________)        
        / /_________  / /      \ \     | |     / /      \ \ | (_______          
       |  __________|| |        | |    | |    | |        | | \________ \        
        \ \_________ | |        | |    | |     \ \______/ /___________) |       
         \__________||_|        |_|    |_|      \________//____________/        
                                                                                
====================================[ Qcore ]===================================

 Git describe: 2.3.0-1-g21d9df7e5
 Compiler:     GNU 9.1.0
 Build type:   Release
 Version:      2.3.0-1-g21d9df7e5

 Start time:   Tue Oct 26 05:01:37 2021

 Data directory: /work/zw18965/.local/qcore/share/entos/qcore/data
 Number of threads: 24
 Number of threads was determined by: command line argument

 --------------------------------------------------------------------------------
                                   command: dft                                  
 --------------------------------------------------------------------------------
 AO basis set:                           def2-tzvppd
 Number of AO basis functions:         142

 Formula:                                C2H4
 Nuclear charge:                        16.000000000
 Total charge:                           0.000000000
 Number of electrons:                   16.000000000

 Number of alpha electrons:              8
 Number of beta electrons:               8
 Number of unpaired electrons:           0
 Spin:                                   0
 Multiplicity:                           singlet

 Theory:                                 dft
 Exchange-correlation functional:        b3lyp
 Method for Coulomb:                     incore_df
 Method for exact exchange:              pre_transformed_df
 Integral threshold:                     1.00e-12
 DF basis set:                           def2-universal-jkfit
 Number of DF basis functions:         222
 Schwarz screening threshold:            1.00e-10
 Coulomb fitting method:                 Cholesky
 Total number of grid points:        37160
 Method for AO orthogonalization:        symmetric
 Threshold for linear dependence:        1.00e-08
 D3BJ dispersion energy:                -0.003940664

 -------------------------------------
  Running restricted closed-shell SCF 
 -------------------------------------
 Max number of iterations:             128
 Conv. threshold (gradient):             1.00e-05
 Conv. threshold (energy):               1.00e-06
 Interpolation scheme:                   adiis+cdiis
 Initial guess:                          SAD

 ---------------------------------------------------------------
                  energy        change          grad        time
 ---------------------------------------------------------------
   0       -78.694781254                    9.45e+00        0.04
   1       -78.493051256      2.02e-01      9.68e-01        0.03
   2       -78.462483025      3.06e-02      1.24e+00        0.03
   3       -78.570832427     -1.08e-01      8.08e-02        0.03
   4       -78.570716028      1.16e-04      8.62e-02        0.03
   5       -78.571266029     -5.50e-04      8.64e-04        0.03
   6       -78.571266121     -9.21e-08      1.77e-04        0.03
   7       -78.571266122     -1.68e-09      1.24e-05        0.02
   8       -78.571266122     -9.85e-12      1.36e-06        0.03

 SCF converged in 8 iterations.

 Dipole moment (in Debye):              -0.000000      -0.000003       0.000011

 Quadrupole moment (in Debye-Angstrom):
                  1            2            3
 1       -12.524335     0.000000    -0.000000
 2         0.000000   -12.443813     0.000000
 3        -0.000000     0.000000   -15.716621

 Spin-squared expectation <S^2>:         0.000
 Total spin quantum number S:            0.000
 TOTAL ENERGY:                         -78.571266122

 --------------------------------------------------------------------------------

 End time:                               Tue Oct 26 05:01:38 2021
 Total wall-clock time:                  0.609 seconds
==================================================================================
