
================================================================================
          _____________ ________ _______________ ________     _________         
         / ___________// ______ \\_____   _____// ______ \   / ________)        
        / /_________  / /      \ \     | |     / /      \ \ | (_______          
       |  __________|| |        | |    | |    | |        | | \________ \        
        \ \_________ | |        | |    | |     \ \______/ /___________) |       
         \__________||_|        |_|    |_|      \________//____________/        
                                                                                
====================================[ Qcore ]===================================

 Git describe: 2.3.0-1-g21d9df7e5
 Compiler:     GNU 9.1.0
 Build type:   Release
 Version:      2.3.0-1-g21d9df7e5

 Start time:   Tue Oct 26 05:01:43 2021

 Data directory: /work/zw18965/.local/qcore/share/entos/qcore/data
 Number of threads: 24
 Number of threads was determined by: command line argument

 --------------------------------------------------------------------------------
                                   command: dft                                  
 --------------------------------------------------------------------------------
 AO basis set:                           def2-tzvppd
 Number of AO basis functions:         500

 Formula:                                C8H12
 Nuclear charge:                        60.000000000
 Total charge:                           0.000000000
 Number of electrons:                   60.000000000

 Number of alpha electrons:             30
 Number of beta electrons:              30
 Number of unpaired electrons:           0
 Spin:                                   0
 Multiplicity:                           singlet

 Theory:                                 dft
 Exchange-correlation functional:        b3lyp
 Method for Coulomb:                     incore_df
 Method for exact exchange:              pre_transformed_df
 Integral threshold:                     1.00e-12
 DF basis set:                           def2-universal-jkfit
 Number of DF basis functions:         816
 Schwarz screening threshold:            1.00e-10
 Coulomb fitting method:                 Cholesky
 Total number of grid points:       125080
 Method for AO orthogonalization:        symmetric
 Threshold for linear dependence:        1.00e-08
 D3BJ dispersion energy:                -0.034059507

 -------------------------------------
  Running restricted closed-shell SCF 
 -------------------------------------
 Max number of iterations:             128
 Conv. threshold (gradient):             1.00e-05
 Conv. threshold (energy):               1.00e-06
 Interpolation scheme:                   adiis+cdiis
 Initial guess:                          SAD

 ---------------------------------------------------------------
                  energy        change          grad        time
 ---------------------------------------------------------------
   0      -313.545380187                    1.89e+01        0.48
   1      -311.737712017      1.81e+00      1.51e+00        0.44
   2      -311.550265497      1.87e-01      2.10e+00        0.48
   3      -311.963481070     -4.13e-01      2.49e-01        0.45
   4      -311.963621821     -1.41e-04      2.50e-01        0.43
   5      -311.968029894     -4.41e-03      5.85e-02        0.43
   6      -311.967816228      2.14e-04      9.23e-02        0.43
   7      -311.968242868     -4.27e-04      1.81e-03        0.42
   8      -311.968242929     -6.15e-08      9.60e-04        0.40
   9      -311.968242950     -2.08e-08      7.07e-05        0.39
  10      -311.968242950     -1.39e-10      3.96e-05        0.43
  11      -311.968242950     -4.36e-11      4.22e-06        0.41

 SCF converged in 11 iterations.

 Dipole moment (in Debye):               0.000049      -0.000002       0.251662

 Quadrupole moment (in Debye-Angstrom):
                  1            2            3
 1       -48.138329    -1.943865     0.000122
 2        -1.943865   -51.903855    -0.000148
 3         0.000122    -0.000148   -51.252743

 Spin-squared expectation <S^2>:         0.000
 Total spin quantum number S:            0.000
 TOTAL ENERGY:                        -311.968242950

 --------------------------------------------------------------------------------

 End time:                               Tue Oct 26 05:01:51 2021
 Total wall-clock time:                  7.191 seconds
==================================================================================
