
================================================================================
          _____________ ________ _______________ ________     _________         
         / ___________// ______ \\_____   _____// ______ \   / ________)        
        / /_________  / /      \ \     | |     / /      \ \ | (_______          
       |  __________|| |        | |    | |    | |        | | \________ \        
        \ \_________ | |        | |    | |     \ \______/ /___________) |       
         \__________||_|        |_|    |_|      \________//____________/        
                                                                                
====================================[ Qcore ]===================================

 Git describe: 2.3.0-1-g21d9df7e5
 Compiler:     GNU 9.1.0
 Build type:   Release
 Version:      2.3.0-1-g21d9df7e5

 Start time:   Tue Oct 26 05:01:34 2021

 Data directory: /work/zw18965/.local/qcore/share/entos/qcore/data
 Number of threads: 24
 Number of threads was determined by: command line argument

 --------------------------------------------------------------------------------
                                   command: dft                                  
 --------------------------------------------------------------------------------
 AO basis set:                           def2-tzvppd
 Number of AO basis functions:         324

 Formula:                                C6H6
 Nuclear charge:                        42.000000000
 Total charge:                           0.000000000
 Number of electrons:                   42.000000000

 Number of alpha electrons:             21
 Number of beta electrons:              21
 Number of unpaired electrons:           0
 Spin:                                   0
 Multiplicity:                           singlet

 Theory:                                 dft
 Exchange-correlation functional:        b3lyp
 Method for Coulomb:                     incore_df
 Method for exact exchange:              pre_transformed_df
 Integral threshold:                     1.00e-12
 DF basis set:                           def2-universal-jkfit
 Number of DF basis functions:         558
 Schwarz screening threshold:            1.00e-10
 Coulomb fitting method:                 Cholesky
 Total number of grid points:        76140
 Method for AO orthogonalization:        symmetric
 Threshold for linear dependence:        1.00e-08
 D3BJ dispersion energy:                -0.018906787

 -------------------------------------
  Running restricted closed-shell SCF 
 -------------------------------------
 Max number of iterations:             128
 Conv. threshold (gradient):             1.00e-05
 Conv. threshold (energy):               1.00e-06
 Interpolation scheme:                   adiis+cdiis
 Initial guess:                          SAD

 ---------------------------------------------------------------
                  energy        change          grad        time
 ---------------------------------------------------------------
   0      -233.491161380                    1.50e+01        0.17
   1      -232.059215131      1.43e+00      1.06e+00        0.15
   2      -231.974269006      8.49e-02      1.33e+00        0.12
   3      -232.203673494     -2.29e-01      1.10e-01        0.13
   4      -232.203873622     -2.00e-04      9.25e-02        0.13
   5      -232.204980280     -1.11e-03      2.10e-02        0.14
   6      -232.205035185     -5.49e-05      5.47e-04        0.14
   7      -232.205035221     -3.66e-08      4.96e-05        0.14
   8      -232.205035222     -4.04e-10      3.20e-06        0.14

 SCF converged in 8 iterations.

 Dipole moment (in Debye):               0.000009       0.000002       0.000101

 Quadrupole moment (in Debye-Angstrom):
                  1            2            3
 1       -32.424468     0.000039    -0.000001
 2         0.000039   -32.424813     0.000002
 3        -0.000001     0.000002   -39.887303

 Spin-squared expectation <S^2>:         0.000
 Total spin quantum number S:            0.000
 TOTAL ENERGY:                        -232.205035222

 --------------------------------------------------------------------------------

 End time:                               Tue Oct 26 05:01:37 2021
 Total wall-clock time:                  2.329 seconds
==================================================================================
