
================================================================================
          _____________ ________ _______________ ________     _________         
         / ___________// ______ \\_____   _____// ______ \   / ________)        
        / /_________  / /      \ \     | |     / /      \ \ | (_______          
       |  __________|| |        | |    | |    | |        | | \________ \        
        \ \_________ | |        | |    | |     \ \______/ /___________) |       
         \__________||_|        |_|    |_|      \________//____________/        
                                                                                
====================================[ Qcore ]===================================

 Git describe: 2.3.0-1-g21d9df7e5
 Compiler:     GNU 9.1.0
 Build type:   Release
 Version:      2.3.0-1-g21d9df7e5

 Start time:   Tue Oct 26 05:02:02 2021

 Data directory: /work/zw18965/.local/qcore/share/entos/qcore/data
 Number of threads: 24
 Number of threads was determined by: command line argument

 --------------------------------------------------------------------------------
                                   command: dft                                  
 --------------------------------------------------------------------------------
 AO basis set:                           def2-tzvppd
 Number of AO basis functions:        1766
 ECP on atom 1 (W):                      60 electrons

 Formula:                                C21H42O3P2W
 Nuclear charge:                       296.000000000
 Total charge:                           0.000000000
 Number of core electrons:              60
 Number of treated electrons:          236

 Number of alpha electrons:            118
 Number of beta electrons:             118
 Number of unpaired electrons:           0
 Spin:                                   0
 Multiplicity:                           singlet

 Theory:                                 dft
 Exchange-correlation functional:        b3lyp
 Method for Coulomb:                     incore_df
 Method for exact exchange:              pre_transformed_df
 Integral threshold:                     1.00e-12
 DF basis set:                           def2-universal-jkfit
 Number of DF basis functions:        3045
 Schwarz screening threshold:            1.00e-10
 Coulomb fitting method:                 Cholesky
 Total number of grid points:       434688
 Method for AO orthogonalization:        symmetric
 Threshold for linear dependence:        1.00e-08
 D3BJ dispersion energy:                -0.198004999

 -------------------------------------
  Running restricted closed-shell SCF 
 -------------------------------------
 Max number of iterations:             128
 Conv. threshold (gradient):             1.00e-05
 Conv. threshold (energy):               1.00e-06
 Interpolation scheme:                   adiis+cdiis
 Initial guess:                          SAD

 ---------------------------------------------------------------
                  energy        change          grad        time
 ---------------------------------------------------------------
   0     -1805.252609016                    2.47e+02       24.42
   1     -1800.104610826      5.15e+00      2.64e+00       15.68
   2     -1798.853840878      1.25e+00      7.34e+00       15.54
   3     -1800.692441985     -1.84e+00      4.27e+00       17.30
   4     -1798.923744626      1.77e+00      1.30e+01       16.60
   5     -1800.797818053     -1.87e+00      3.31e+00       17.00
   6     -1800.951959868     -1.54e-01      6.25e-01       18.14
   7     -1800.916325286      3.56e-02      1.86e+00       17.19
   8     -1800.957169325     -4.08e-02      2.33e-01       18.55
   9     -1800.958703030     -1.53e-03      2.69e-01       17.81
  10     -1800.955128240      3.57e-03      7.51e-01       20.37
  11     -1800.960108842     -4.98e-03      9.88e-02       18.86
  12     -1800.960224562     -1.16e-04      7.08e-02       18.54
  13     -1800.960395211     -1.71e-04      1.16e-03       19.36
  14     -1800.960395222     -1.12e-08      6.63e-04       17.13
  15     -1800.960395228     -5.55e-09      2.85e-04       17.26
  16     -1800.960395231     -3.07e-09      8.33e-05       19.49
  17     -1800.960395231     -2.42e-10      2.95e-05       17.32
  18     -1800.960395231     -4.66e-11      5.87e-06       17.47

 SCF converged in 18 iterations.

 Dipole moment (in Debye):               0.971417      -1.654752       4.857342

 Quadrupole moment (in Debye-Angstrom):
                  1            2            3
 1      -183.303426     0.349604     1.410292
 2         0.349604  -216.714946    -1.170569
 3         1.410292    -1.170569  -211.203987

 Spin-squared expectation <S^2>:         0.000
 Total spin quantum number S:            0.000
 TOTAL ENERGY:                       -1800.960395231

 --------------------------------------------------------------------------------

 End time:                               Tue Oct 26 05:10:35 2021
 Total wall-clock time:                513.401 seconds
==================================================================================
