
================================================================================
          _____________ ________ _______________ ________     _________         
         / ___________// ______ \\_____   _____// ______ \   / ________)        
        / /_________  / /      \ \     | |     / /      \ \ | (_______          
       |  __________|| |        | |    | |    | |        | | \________ \        
        \ \_________ | |        | |    | |     \ \______/ /___________) |       
         \__________||_|        |_|    |_|      \________//____________/        
                                                                                
====================================[ Qcore ]===================================

 Git describe: 2.3.0-1-g21d9df7e5
 Compiler:     GNU 9.1.0
 Build type:   Release
 Version:      2.3.0-1-g21d9df7e5

 Start time:   Tue Oct 26 05:01:54 2021

 Data directory: /work/zw18965/.local/qcore/share/entos/qcore/data
 Number of threads: 24
 Number of threads was determined by: command line argument

 --------------------------------------------------------------------------------
                                   command: dft                                  
 --------------------------------------------------------------------------------
 AO basis set:                           def2-tzvppd
 Number of AO basis functions:         469

 Formula:                                C5HO5Mn
 Nuclear charge:                        96.000000000
 Total charge:                           0.000000000
 Number of electrons:                   96.000000000

 Number of alpha electrons:             48
 Number of beta electrons:              48
 Number of unpaired electrons:           0
 Spin:                                   0
 Multiplicity:                           singlet

 Theory:                                 dft
 Exchange-correlation functional:        b3lyp
 Method for Coulomb:                     incore_df
 Method for exact exchange:              pre_transformed_df
 Integral threshold:                     1.00e-12
 DF basis set:                           def2-universal-jkfit
 Number of DF basis functions:        1042
 Schwarz screening threshold:            1.00e-10
 Coulomb fitting method:                 Cholesky
 Total number of grid points:        82546
 Method for AO orthogonalization:        symmetric
 Threshold for linear dependence:        1.00e-08
 D3BJ dispersion energy:                -0.025375815

 -------------------------------------
  Running restricted closed-shell SCF 
 -------------------------------------
 Max number of iterations:             128
 Conv. threshold (gradient):             1.00e-05
 Conv. threshold (energy):               1.00e-06
 Interpolation scheme:                   adiis+cdiis
 Initial guess:                          SAD

 ---------------------------------------------------------------
                  energy        change          grad        time
 ---------------------------------------------------------------
   0     -1720.095995940                    2.93e+01        0.40
   1     -1718.101151265      1.99e+00      1.03e+00        0.34
   2     -1717.488732576      6.12e-01      3.14e+00        0.33
   3     -1718.171008732     -6.82e-01      1.70e+00        0.32
   4     -1716.885549119      1.29e+00      8.45e+00        0.34
   5     -1718.105642725     -1.22e+00      2.86e+00        0.34
   6     -1718.192280903     -8.66e-02      1.88e+00        0.35
   7     -1718.255557115     -6.33e-02      4.41e-01        0.40
   8     -1718.251396732      4.16e-03      6.84e-01        0.36
   9     -1718.259707371     -8.31e-03      1.32e-01        0.37
  10     -1718.243591111      1.61e-02      9.00e-01        0.37
  11     -1718.258374454     -1.48e-02      2.46e-01        0.41
  12     -1718.260325396     -1.95e-03      4.72e-02        0.38
  13     -1718.260199184      1.26e-04      1.06e-01        0.39
  14     -1718.260400619     -2.01e-04      8.00e-05        0.37
  15     -1718.260400618      3.00e-10      1.51e-04        0.33
  16     -1718.260400619     -6.02e-10      9.65e-06        0.33

 SCF converged in 16 iterations.

 Dipole moment (in Debye):               0.000023      -0.000059       0.150692

 Quadrupole moment (in Debye-Angstrom):
                  1            2            3
 1       -73.393754    -0.000057    -0.000169
 2        -0.000057   -73.394801     0.000480
 3        -0.000169     0.000480   -73.248838

 Spin-squared expectation <S^2>:         0.000
 Total spin quantum number S:            0.000
 TOTAL ENERGY:                       -1718.260400619

 --------------------------------------------------------------------------------

 End time:                               Tue Oct 26 05:02:07 2021
 Total wall-clock time:                 13.630 seconds
==================================================================================
