
================================================================================
          _____________ ________ _______________ ________     _________         
         / ___________// ______ \\_____   _____// ______ \   / ________)        
        / /_________  / /      \ \     | |     / /      \ \ | (_______          
       |  __________|| |        | |    | |    | |        | | \________ \        
        \ \_________ | |        | |    | |     \ \______/ /___________) |       
         \__________||_|        |_|    |_|      \________//____________/        
                                                                                
====================================[ Qcore ]===================================

 Git describe: 2.3.0-1-g21d9df7e5
 Compiler:     GNU 9.1.0
 Build type:   Release
 Version:      2.3.0-1-g21d9df7e5

 Start time:   Tue Oct 26 05:01:44 2021

 Data directory: /work/zw18965/.local/qcore/share/entos/qcore/data
 Number of threads: 24
 Number of threads was determined by: command line argument

 --------------------------------------------------------------------------------
                                   command: dft                                  
 --------------------------------------------------------------------------------
 AO basis set:                           def2-tzvppd
 Number of AO basis functions:         452

 Formula:                                C5O5Cr
 Nuclear charge:                        94.000000000
 Total charge:                           0.000000000
 Number of electrons:                   94.000000000

 Number of alpha electrons:             47
 Number of beta electrons:              47
 Number of unpaired electrons:           0
 Spin:                                   0
 Multiplicity:                           singlet

 Theory:                                 dft
 Exchange-correlation functional:        b3lyp
 Method for Coulomb:                     incore_df
 Method for exact exchange:              pre_transformed_df
 Integral threshold:                     1.00e-12
 DF basis set:                           def2-universal-jkfit
 Number of DF basis functions:        1024
 Schwarz screening threshold:            1.00e-10
 Coulomb fitting method:                 Cholesky
 Total number of grid points:        76548
 Method for AO orthogonalization:        symmetric
 Threshold for linear dependence:        1.00e-08
 D3BJ dispersion energy:                -0.027687359

 -------------------------------------
  Running restricted closed-shell SCF 
 -------------------------------------
 Max number of iterations:             128
 Conv. threshold (gradient):             1.00e-05
 Conv. threshold (energy):               1.00e-06
 Interpolation scheme:                   adiis+cdiis
 Initial guess:                          SAD

 ---------------------------------------------------------------
                  energy        change          grad        time
 ---------------------------------------------------------------
   0     -1612.589160257                    2.64e+01        0.35
   1     -1609.747800543      2.84e+00      7.67e+00        0.30
   2     -1576.678071962      3.31e+01      2.82e+01        0.31
   3     -1604.507587655     -2.78e+01      2.56e+01        0.30
   4     -1610.407109957     -5.90e+00      4.88e+00        0.32
   5     -1610.774605077     -3.67e-01      3.55e+00        0.33
   6     -1611.013220648     -2.39e-01      2.75e+00        0.33
   7     -1610.912013535      1.01e-01      3.97e+00        0.32
   8     -1611.088813600     -1.77e-01      9.79e-01        0.35
   9     -1611.113356401     -2.45e-02      6.14e-01        0.35
  10     -1611.094631866      1.87e-02      1.41e+00        0.37
  11     -1611.120635909     -2.60e-02      3.21e-01        0.38
  12     -1611.121709544     -1.07e-03      4.71e-01        0.40
  13     -1611.122445097     -7.36e-04      4.19e-01        0.38
  14     -1611.124343479     -1.90e-03      1.22e-01        0.41
  15     -1611.124663436     -3.20e-04      7.59e-02        0.38
  16     -1611.124494844      1.69e-04      1.67e-01        0.38
  17     -1611.124868762     -3.74e-04      4.10e-05        0.36
  18     -1611.124868762     -5.18e-11      2.15e-05        0.33
  19     -1611.124868762     -4.27e-11      1.50e-05        0.32
  20     -1611.124868762     -3.18e-12      4.65e-06        0.34

 SCF converged in 20 iterations.

 Dipole moment (in Debye):              -0.000346       0.000400      -2.340342

 Quadrupole moment (in Debye-Angstrom):
                  1            2            3
 1       -75.229412    -0.000449     0.000356
 2        -0.000449   -75.228879    -0.000348
 3         0.000356    -0.000348   -69.425751

 Spin-squared expectation <S^2>:         0.000
 Total spin quantum number S:            0.000
 TOTAL ENERGY:                       -1611.124868762

 --------------------------------------------------------------------------------

 End time:                               Tue Oct 26 05:01:59 2021
 Total wall-clock time:                 14.061 seconds
==================================================================================
