
================================================================================
          _____________ ________ _______________ ________     _________         
         / ___________// ______ \\_____   _____// ______ \   / ________)        
        / /_________  / /      \ \     | |     / /      \ \ | (_______          
       |  __________|| |        | |    | |    | |        | | \________ \        
        \ \_________ | |        | |    | |     \ \______/ /___________) |       
         \__________||_|        |_|    |_|      \________//____________/        
                                                                                
====================================[ Qcore ]===================================

 Git describe: 2.3.0-1-g21d9df7e5
 Compiler:     GNU 9.1.0
 Build type:   Release
 Version:      2.3.0-1-g21d9df7e5

 Start time:   Tue Oct 26 05:04:09 2021

 Data directory: /work/zw18965/.local/qcore/share/entos/qcore/data
 Number of threads: 24
 Number of threads was determined by: command line argument
  - More threads can be used by running 'qcore -n 32'

 --------------------------------------------------------------------------------
                                   command: dft                                  
 --------------------------------------------------------------------------------
 AO basis set:                           def2-tzvppd
 Number of AO basis functions:         590

 Formula:                                C6H16P2
 Nuclear charge:                        82.000000000
 Total charge:                           0.000000000
 Number of electrons:                   82.000000000

 Number of alpha electrons:             41
 Number of beta electrons:              41
 Number of unpaired electrons:           0
 Spin:                                   0
 Multiplicity:                           singlet

 Theory:                                 dft
 Exchange-correlation functional:        b3lyp
 Method for Coulomb:                     incore_df
 Method for exact exchange:              pre_transformed_df
 Integral threshold:                     1.00e-12
 DF basis set:                           def2-universal-jkfit
 Number of DF basis functions:         994
 Schwarz screening threshold:            1.00e-10
 Coulomb fitting method:                 Cholesky
 Total number of grid points:       149740
 Method for AO orthogonalization:        symmetric
 Threshold for linear dependence:        1.00e-08
 D3BJ dispersion energy:                -0.042560416

 -------------------------------------
  Running restricted closed-shell SCF 
 -------------------------------------
 Max number of iterations:             128
 Conv. threshold (gradient):             1.00e-05
 Conv. threshold (energy):               1.00e-06
 Interpolation scheme:                   adiis+cdiis
 Initial guess:                          SAD

 ---------------------------------------------------------------
                  energy        change          grad        time
 ---------------------------------------------------------------
   0      -921.884178192                    1.97e+01        0.73
   1      -920.560005591      1.32e+00      1.92e+00        0.69
   2      -920.321012534      2.39e-01      2.47e+00        0.60
   3      -920.886596821     -5.66e-01      3.63e-01        0.62
   4      -920.883059142      3.54e-03      4.69e-01        0.64
   5      -920.894834660     -1.18e-02      3.84e-02        0.64
   6      -920.894837994     -3.33e-06      4.72e-02        0.64
   7      -920.894948128     -1.10e-04      1.72e-03        0.63
   8      -920.894948238     -1.09e-07      9.08e-04        0.62
   9      -920.894948285     -4.72e-08      4.40e-05        0.68
  10      -920.894948285     -2.18e-10      1.21e-05        0.66
  11      -920.894948285     -1.15e-11      4.50e-06        0.61

 SCF converged in 11 iterations.

 Dipole moment (in Debye):              -0.000027       0.000008       1.702651

 Quadrupole moment (in Debye-Angstrom):
                  1            2            3
 1       -68.046097     4.024638     0.000183
 2         4.024638   -70.361095    -0.000135
 3         0.000183    -0.000135   -71.191388

 Spin-squared expectation <S^2>:         0.000
 Total spin quantum number S:            0.000
 TOTAL ENERGY:                        -920.894948285

 --------------------------------------------------------------------------------

 End time:                               Tue Oct 26 05:04:21 2021
 Total wall-clock time:                 11.221 seconds
==================================================================================
