
================================================================================
          _____________ ________ _______________ ________     _________         
         / ___________// ______ \\_____   _____// ______ \   / ________)        
        / /_________  / /      \ \     | |     / /      \ \ | (_______          
       |  __________|| |        | |    | |    | |        | | \________ \        
        \ \_________ | |        | |    | |     \ \______/ /___________) |       
         \__________||_|        |_|    |_|      \________//____________/        
                                                                                
====================================[ Qcore ]===================================

 Git describe: 2.3.0-1-g21d9df7e5
 Compiler:     GNU 9.1.0
 Build type:   Release
 Version:      2.3.0-1-g21d9df7e5

 Start time:   Tue Oct 26 05:01:14 2021

 Data directory: /work/zw18965/.local/qcore/share/entos/qcore/data
 Number of threads: 24
 Number of threads was determined by: command line argument
  - More threads can be used by running 'qcore -n 32'

 --------------------------------------------------------------------------------
                                   command: dft                                  
 --------------------------------------------------------------------------------
 AO basis set:                           def2-tzvppd
 Number of AO basis functions:         783
 ECP on atom 21 (Pd):                    28 electrons
 ECP on atom 26 (I):                     28 electrons

 Formula:                                C11H11N2PdI
 Nuclear charge:                       190.000000000
 Total charge:                           0.000000000
 Number of core electrons:              56
 Number of treated electrons:          134

 Number of alpha electrons:             67
 Number of beta electrons:              67
 Number of unpaired electrons:           0
 Spin:                                   0
 Multiplicity:                           singlet

 Theory:                                 dft
 Exchange-correlation functional:        b3lyp
 Method for Coulomb:                     incore_df
 Method for exact exchange:              pre_transformed_df
 Integral threshold:                     1.00e-12
 DF basis set:                           def2-universal-jkfit
 Number of DF basis functions:        1650
 Schwarz screening threshold:            1.00e-10
 Coulomb fitting method:                 Cholesky
 Total number of grid points:       170474
 Method for AO orthogonalization:        symmetric
 Threshold for linear dependence:        1.00e-08
 D3BJ dispersion energy:                -0.068855825

 -------------------------------------
  Running restricted closed-shell SCF 
 -------------------------------------
 Max number of iterations:             128
 Conv. threshold (gradient):             1.00e-05
 Conv. threshold (energy):               1.00e-06
 Interpolation scheme:                   adiis+cdiis
 Initial guess:                          SAD

 ---------------------------------------------------------------
                  energy        change          grad        time
 ---------------------------------------------------------------
   0      -964.169704737                    1.97e+01        2.07
   1      -957.661129512      6.51e+00      1.43e+01        1.69
   2      -915.070235423      4.26e+01      2.82e+01        1.59
   3      -956.934203188     -4.19e+01      1.28e+01        1.63
   4      -960.429963723     -3.50e+00      2.64e+00        1.74
   5      -955.909165478      4.52e+00      7.26e+00        1.65
   6      -960.714024674     -4.80e+00      1.79e+00        1.66
   7      -960.712512276      1.51e-03      1.94e+00        1.69
   8      -960.841061809     -1.29e-01      1.72e+00        1.78
   9      -960.849019767     -7.96e-03      1.88e+00        1.75
  10      -960.887085789     -3.81e-02      1.06e+00        1.70
  11      -960.901296580     -1.42e-02      7.55e-01        1.94
  12      -960.906613494     -5.32e-03      5.95e-01        1.82
  13      -960.911446809     -4.83e-03      4.18e-01        1.88
  14      -960.911437613      9.20e-06      4.21e-01        1.78
  15      -960.913469268     -2.03e-03      1.95e-01        1.92
  16      -960.914124835     -6.56e-04      9.99e-02        1.84
  17      -960.914347840     -2.23e-04      3.70e-02        1.78
  18      -960.914416823     -6.90e-05      4.95e-04        1.81
  19      -960.914416829     -6.22e-09      1.84e-04        1.61
  20      -960.914416830     -9.71e-10      5.10e-05        1.67
  21      -960.914416830     -1.38e-10      2.38e-05        1.65
  22      -960.914416830     -1.01e-11      4.50e-06        1.64

 SCF converged in 22 iterations.

 Dipole moment (in Debye):              10.952521       2.822612      -0.000075

 Quadrupole moment (in Debye-Angstrom):
                  1            2            3
 1      -112.536531    -3.748167    -0.021232
 2        -3.748167  -102.220142     0.008077
 3        -0.021232     0.008077  -129.915354

 Spin-squared expectation <S^2>:         0.000
 Total spin quantum number S:            0.000
 TOTAL ENERGY:                        -960.914416830

 --------------------------------------------------------------------------------

 End time:                               Tue Oct 26 05:04:06 2021
 Total wall-clock time:                171.419 seconds
==================================================================================
