
================================================================================
          _____________ ________ _______________ ________     _________         
         / ___________// ______ \\_____   _____// ______ \   / ________)        
        / /_________  / /      \ \     | |     / /      \ \ | (_______          
       |  __________|| |        | |    | |    | |        | | \________ \        
        \ \_________ | |        | |    | |     \ \______/ /___________) |       
         \__________||_|        |_|    |_|      \________//____________/        
                                                                                
====================================[ Qcore ]===================================

 Git describe: 2.3.0-1-g21d9df7e5
 Compiler:     GNU 9.1.0
 Build type:   Release
 Version:      2.3.0-1-g21d9df7e5

 Start time:   Tue Oct 26 05:04:11 2021

 Data directory: /work/zw18965/.local/qcore/share/entos/qcore/data
 Number of threads: 24
 Number of threads was determined by: command line argument

 --------------------------------------------------------------------------------
                                   command: dft                                  
 --------------------------------------------------------------------------------
 AO basis set:                           def2-tzvppd
 Number of AO basis functions:        1794
 ECP on atom 1 (Ru):                     28 electrons

 Formula:                                C25H39PCl2Ru
 Nuclear charge:                       282.000000000
 Total charge:                           0.000000000
 Number of core electrons:              28
 Number of treated electrons:          254

 Number of alpha electrons:            127
 Number of beta electrons:             127
 Number of unpaired electrons:           0
 Spin:                                   0
 Multiplicity:                           singlet

 Theory:                                 dft
 Exchange-correlation functional:        b3lyp
 Method for Coulomb:                     incore_df
 Method for exact exchange:              pre_transformed_df
 Integral threshold:                     1.00e-12
 DF basis set:                           def2-universal-jkfit
 Number of DF basis functions:        3216
 Schwarz screening threshold:            1.00e-10
 Coulomb fitting method:                 Cholesky
 Total number of grid points:       430462
 Method for AO orthogonalization:        symmetric
 Threshold for linear dependence:        1.00e-08
 D3BJ dispersion energy:                -0.190390061

 -------------------------------------
  Running restricted closed-shell SCF 
 -------------------------------------
 Max number of iterations:             128
 Conv. threshold (gradient):             1.00e-05
 Conv. threshold (energy):               1.00e-06
 Interpolation scheme:                   adiis+cdiis
 Initial guess:                          SAD

 ---------------------------------------------------------------
                  energy        change          grad        time
 ---------------------------------------------------------------
   0     -2338.868816542                    3.81e+01       28.27
   1     -2331.782304661      7.09e+00      4.48e+00       19.98
   2     -2326.663616021      5.12e+00      1.72e+01       18.93
   3     -2332.266806120     -5.60e+00      1.95e+00       18.83
   4     -2332.409177197     -1.42e-01      5.03e+00       19.00
   5     -2331.956581532      4.53e-01      1.01e+01       20.09
   6     -2332.652799274     -6.96e-01      8.30e-01       18.86
   7     -2332.596808737      5.60e-02      1.87e+00       20.19
   8     -2332.643290158     -4.65e-02      2.28e+00       20.06
   9     -2332.674050365     -3.08e-02      1.31e+00       19.84
  10     -2332.678909255     -4.86e-03      9.17e-01       20.02
  11     -2332.686476835     -7.57e-03      1.91e-01       20.62
  12     -2332.683238883      3.24e-03      5.57e-01       20.72
  13     -2332.687185208     -3.95e-03      8.14e-02       21.29
  14     -2332.686507096      6.78e-04      3.43e-01       20.06
  15     -2332.687488105     -9.81e-04      3.55e-04       20.56
  16     -2332.687488107     -2.62e-09      2.59e-04       19.29
  17     -2332.687488109     -1.76e-09      6.52e-05       20.87
  18     -2332.687488109     -2.00e-10      2.60e-05       18.83
  19     -2332.687488109     -7.73e-12      1.12e-05       19.50
  20     -2332.687488109     -8.87e-11      4.79e-06       18.83

 SCF converged in 20 iterations.

 Dipole moment (in Debye):              -2.462919       3.367313       3.018757

 Quadrupole moment (in Debye-Angstrom):
                  1            2            3
 1      -198.850613     3.631708     2.422280
 2         3.631708  -219.258892     4.170006
 3         2.422280     4.170006  -226.532216

 Spin-squared expectation <S^2>:         0.000
 Total spin quantum number S:            0.000
 TOTAL ENERGY:                       -2332.687488109

 --------------------------------------------------------------------------------

 End time:                               Tue Oct 26 05:13:15 2021
 Total wall-clock time:                543.925 seconds
==================================================================================
