
================================================================================
          _____________ ________ _______________ ________     _________         
         / ___________// ______ \\_____   _____// ______ \   / ________)        
        / /_________  / /      \ \     | |     / /      \ \ | (_______          
       |  __________|| |        | |    | |    | |        | | \________ \        
        \ \_________ | |        | |    | |     \ \______/ /___________) |       
         \__________||_|        |_|    |_|      \________//____________/        
                                                                                
====================================[ Qcore ]===================================

 Git describe: 2.3.0-1-g21d9df7e5
 Compiler:     GNU 9.1.0
 Build type:   Release
 Version:      2.3.0-1-g21d9df7e5

 Start time:   Tue Oct 26 05:03:31 2021

 Data directory: /work/zw18965/.local/qcore/share/entos/qcore/data
 Number of threads: 24
 Number of threads was determined by: command line argument
  - More threads can be used by running 'qcore -n 32'

 --------------------------------------------------------------------------------
                                   command: dft                                  
 --------------------------------------------------------------------------------
 AO basis set:                           def2-tzvppd
 Number of AO basis functions:        1232
 ECP on atom 1 (Ru):                     28 electrons

 Formula:                                C18H27ClRu
 Nuclear charge:                       196.000000000
 Total charge:                           0.000000000
 Number of core electrons:              28
 Number of treated electrons:          168

 Number of alpha electrons:             84
 Number of beta electrons:              84
 Number of unpaired electrons:           0
 Spin:                                   0
 Multiplicity:                           singlet

 Theory:                                 dft
 Exchange-correlation functional:        b3lyp
 Method for Coulomb:                     incore_df
 Method for exact exchange:              pre_transformed_df
 Integral threshold:                     1.00e-12
 DF basis set:                           def2-universal-jkfit
 Number of DF basis functions:        2219
 Schwarz screening threshold:            1.00e-10
 Coulomb fitting method:                 Cholesky
 Total number of grid points:       297338
 Method for AO orthogonalization:        symmetric
 Threshold for linear dependence:        1.00e-08
 D3BJ dispersion energy:                -0.127676204

 -------------------------------------
  Running restricted closed-shell SCF 
 -------------------------------------
 Max number of iterations:             128
 Conv. threshold (gradient):             1.00e-05
 Conv. threshold (energy):               1.00e-06
 Interpolation scheme:                   adiis+cdiis
 Initial guess:                          SAD

 ---------------------------------------------------------------
                  energy        change          grad        time
 ---------------------------------------------------------------
   0     -1261.873073237                    5.07e+01        7.95
   1     -1256.476236370      5.40e+00      6.77e+00        6.08
   2     -1253.715416101      2.76e+00      2.14e+01        6.04
   3     -1256.982203533     -3.27e+00      1.33e+00        6.15
   4     -1256.801951649      1.80e-01      7.38e+00        6.28
   5     -1256.987215145     -1.85e-01      6.24e+00        6.49
   6     -1257.150248507     -1.63e-01      2.48e+00        6.28
   7     -1257.157598625     -7.35e-03      2.19e+00        6.52
   8     -1257.179882967     -2.23e-02      2.05e-01        6.54
   9     -1257.176040411      3.84e-03      4.67e-01        6.76
  10     -1257.180885705     -4.85e-03      1.06e-01        6.77
  11     -1257.180986482     -1.01e-04      1.66e-01        6.87
  12     -1257.180791356      1.95e-04      2.83e-01        6.81
  13     -1257.181158239     -3.67e-04      3.02e-02        7.13
  14     -1257.181138786      1.95e-05      4.15e-02        7.00
  15     -1257.181171747     -3.30e-05      1.46e-04        6.74
  16     -1257.181171748     -4.63e-10      5.57e-05        6.33
  17     -1257.181171748     -8.32e-11      1.43e-05        6.14
  18     -1257.181171748     -1.32e-11      8.42e-06        6.52

 SCF converged in 18 iterations.

 Dipole moment (in Debye):               1.478847       5.198924       0.376792

 Quadrupole moment (in Debye-Angstrom):
                  1            2            3
 1      -140.911423    -0.078043     0.354071
 2        -0.078043  -154.440696    -1.688144
 3         0.354071    -1.688144  -141.201717

 Spin-squared expectation <S^2>:         0.000
 Total spin quantum number S:            0.000
 TOTAL ENERGY:                       -1257.181171748

 --------------------------------------------------------------------------------

 End time:                               Tue Oct 26 05:06:12 2021
 Total wall-clock time:                160.903 seconds
==================================================================================
