
================================================================================
          _____________ ________ _______________ ________     _________         
         / ___________// ______ \\_____   _____// ______ \   / ________)        
        / /_________  / /      \ \     | |     / /      \ \ | (_______          
       |  __________|| |        | |    | |    | |        | | \________ \        
        \ \_________ | |        | |    | |     \ \______/ /___________) |       
         \__________||_|        |_|    |_|      \________//____________/        
                                                                                
====================================[ Qcore ]===================================

 Git describe: 2.3.0-1-g21d9df7e5
 Compiler:     GNU 9.1.0
 Build type:   Release
 Version:      2.3.0-1-g21d9df7e5

 Start time:   Tue Oct 26 05:04:24 2021

 Data directory: /work/zw18965/.local/qcore/share/entos/qcore/data
 Number of threads: 24
 Number of threads was determined by: command line argument
  - More threads can be used by running 'qcore -n 32'

 --------------------------------------------------------------------------------
                                   command: dft                                  
 --------------------------------------------------------------------------------
 AO basis set:                           def2-tzvppd
 Number of AO basis functions:        1446
 ECP on atom 1 (Ru):                     28 electrons

 Formula:                                C14H40P4Ru
 Nuclear charge:                       228.000000000
 Total charge:                           0.000000000
 Number of core electrons:              28
 Number of treated electrons:          200

 Number of alpha electrons:            100
 Number of beta electrons:             100
 Number of unpaired electrons:           0
 Spin:                                   0
 Multiplicity:                           singlet

 Theory:                                 dft
 Exchange-correlation functional:        b3lyp
 Method for Coulomb:                     incore_df
 Method for exact exchange:              pre_transformed_df
 Integral threshold:                     1.00e-12
 DF basis set:                           def2-universal-jkfit
 Number of DF basis functions:        2537
 Schwarz screening threshold:            1.00e-10
 Coulomb fitting method:                 Cholesky
 Total number of grid points:       368614
 Method for AO orthogonalization:        symmetric
 Threshold for linear dependence:        1.00e-08
 D3BJ dispersion energy:                -0.173160770

 -------------------------------------
  Running restricted closed-shell SCF 
 -------------------------------------
 Max number of iterations:             128
 Conv. threshold (gradient):             1.00e-05
 Conv. threshold (energy):               1.00e-06
 Interpolation scheme:                   adiis+cdiis
 Initial guess:                          SAD

 ---------------------------------------------------------------
                  energy        change          grad        time
 ---------------------------------------------------------------
   0     -2020.765700023                    4.10e+01       12.35
   1     -2016.985885059      3.78e+00      3.82e+00        9.46
   2     -2016.129233732      8.57e-01      6.71e+00        9.38
   3     -2017.721787549     -1.59e+00      3.45e+00        9.94
   4     -2016.132069809      1.59e+00      1.86e+01        9.72
   5     -2017.712306133     -1.58e+00      3.88e+00        9.96
   6     -2017.848271933     -1.36e-01      4.52e-01        9.98
   7     -2017.831337117      1.69e-02      1.80e+00       10.43
   8     -2017.848639793     -1.73e-02      3.82e-01       10.37
   9     -2017.850147788     -1.51e-03      6.77e-02       10.05
  10     -2017.849510975      6.37e-04      2.86e-01       10.56
  11     -2017.850225790     -7.15e-04      1.12e-03       10.12
  12     -2017.850225801     -1.04e-08      7.92e-04        9.87
  13     -2017.850225806     -5.48e-09      3.75e-04       10.12
  14     -2017.850225807     -1.09e-09      1.29e-04        9.63
  15     -2017.850225807     -1.00e-10      2.74e-05        9.92
  16     -2017.850225807     -3.27e-11      7.23e-06        9.71

 SCF converged in 16 iterations.

 Dipole moment (in Debye):               0.052899       0.428538       2.068839

 Quadrupole moment (in Debye-Angstrom):
                  1            2            3
 1      -163.151329     0.646353    -0.439642
 2         0.646353  -172.745088    -0.824760
 3        -0.439642    -0.824760  -179.687312

 Spin-squared expectation <S^2>:         0.000
 Total spin quantum number S:            0.000
 TOTAL ENERGY:                       -2017.850225807

 --------------------------------------------------------------------------------

 End time:                               Tue Oct 26 05:08:10 2021
 Total wall-clock time:                226.040 seconds
==================================================================================
