
================================================================================
          _____________ ________ _______________ ________     _________         
         / ___________// ______ \\_____   _____// ______ \   / ________)        
        / /_________  / /      \ \     | |     / /      \ \ | (_______          
       |  __________|| |        | |    | |    | |        | | \________ \        
        \ \_________ | |        | |    | |     \ \______/ /___________) |       
         \__________||_|        |_|    |_|      \________//____________/        
                                                                                
====================================[ Qcore ]===================================

 Git describe: 2.3.0-1-g21d9df7e5
 Compiler:     GNU 9.1.0
 Build type:   Release
 Version:      2.3.0-1-g21d9df7e5

 Start time:   Tue Oct 26 05:02:35 2021

 Data directory: /work/zw18965/.local/qcore/share/entos/qcore/data
 Number of threads: 24
 Number of threads was determined by: command line argument
  - More threads can be used by running 'qcore -n 32'

 --------------------------------------------------------------------------------
                                   command: dft                                  
 --------------------------------------------------------------------------------
 AO basis set:                           def2-tzvppd
 Number of AO basis functions:         811
 ECP on atom 1 (Ir):                     60 electrons

 Formula:                                C7H18OP2ClIr
 Nuclear charge:                       192.000000000
 Total charge:                           0.000000000
 Number of core electrons:              60
 Number of treated electrons:          132

 Number of alpha electrons:             66
 Number of beta electrons:              66
 Number of unpaired electrons:           0
 Spin:                                   0
 Multiplicity:                           singlet

 Theory:                                 dft
 Exchange-correlation functional:        b3lyp
 Method for Coulomb:                     incore_df
 Method for exact exchange:              pre_transformed_df
 Integral threshold:                     1.00e-12
 DF basis set:                           def2-universal-jkfit
 Number of DF basis functions:        1537
 Schwarz screening threshold:            1.00e-10
 Coulomb fitting method:                 Cholesky
 Total number of grid points:       191878
 Method for AO orthogonalization:        symmetric
 Threshold for linear dependence:        1.00e-08
 D3BJ dispersion energy:                -0.074843607

 -------------------------------------
  Running restricted closed-shell SCF 
 -------------------------------------
 Max number of iterations:             128
 Conv. threshold (gradient):             1.00e-05
 Conv. threshold (energy):               1.00e-06
 Interpolation scheme:                   adiis+cdiis
 Initial guess:                          SAD

 ---------------------------------------------------------------
                  energy        change          grad        time
 ---------------------------------------------------------------
   0     -1601.651689152                    9.33e+01        2.21
   1     -1599.752807554      1.90e+00      1.98e+00        1.67
   2     -1599.422314144      3.30e-01      3.21e+00        1.62
   3     -1600.086398903     -6.64e-01      1.87e+00        1.68
   4     -1599.202152616      8.84e-01      7.05e+00        1.59
   5     -1600.069719760     -8.68e-01      2.11e+00        1.66
   6     -1600.155097093     -8.54e-02      1.39e-01        1.82
   7     -1600.152597638      2.50e-03      4.27e-01        1.76
   8     -1600.155656971     -3.06e-03      4.95e-02        1.81
   9     -1600.155404021      2.53e-04      1.36e-01        1.74
  10     -1600.155864229     -4.60e-04      1.83e-03        1.76
  11     -1600.155864302     -7.32e-08      5.47e-04        1.62
  12     -1600.155864321     -1.91e-08      2.09e-04        1.70
  13     -1600.155864322     -7.96e-10      9.61e-05        1.69
  14     -1600.155864322     -2.13e-10      1.94e-05        1.67
  15     -1600.155864322     -1.27e-11      2.57e-06        1.76

 SCF converged in 15 iterations.

 Dipole moment (in Debye):               0.000457       0.858550       0.010546

 Quadrupole moment (in Debye-Angstrom):
                  1            2            3
 1       -90.780503    -0.008633    -0.000979
 2        -0.008633  -130.400330    -0.002387
 3        -0.000979    -0.002387  -113.536480

 Spin-squared expectation <S^2>:         0.000
 Total spin quantum number S:            0.000
 TOTAL ENERGY:                       -1600.155864322

 --------------------------------------------------------------------------------

 End time:                               Tue Oct 26 05:03:28 2021
 Total wall-clock time:                 52.222 seconds
==================================================================================
