
================================================================================
          _____________ ________ _______________ ________     _________         
         / ___________// ______ \\_____   _____// ______ \   / ________)        
        / /_________  / /      \ \     | |     / /      \ \ | (_______          
       |  __________|| |        | |    | |    | |        | | \________ \        
        \ \_________ | |        | |    | |     \ \______/ /___________) |       
         \__________||_|        |_|    |_|      \________//____________/        
                                                                                
====================================[ Qcore ]===================================

 Git describe: 2.3.0-1-g21d9df7e5
 Compiler:     GNU 9.1.0
 Build type:   Release
 Version:      2.3.0-1-g21d9df7e5

 Start time:   Tue Oct 26 05:06:16 2021

 Data directory: /work/zw18965/.local/qcore/share/entos/qcore/data
 Number of threads: 24
 Number of threads was determined by: command line argument
  - More threads can be used by running 'qcore -n 32'

 --------------------------------------------------------------------------------
                                   command: dft                                  
 --------------------------------------------------------------------------------
 AO basis set:                           def2-tzvppd
 Number of AO basis functions:         738
 ECP on atom 1 (Mo):                     28 electrons

 Formula:                                C12H14Mo
 Nuclear charge:                       128.000000000
 Total charge:                           0.000000000
 Number of core electrons:              28
 Number of treated electrons:          100

 Number of alpha electrons:             50
 Number of beta electrons:              50
 Number of unpaired electrons:           0
 Spin:                                   0
 Multiplicity:                           singlet

 Theory:                                 dft
 Exchange-correlation functional:        b3lyp
 Method for Coulomb:                     incore_df
 Method for exact exchange:              pre_transformed_df
 Integral threshold:                     1.00e-12
 DF basis set:                           def2-universal-jkfit
 Number of DF basis functions:        1407
 Schwarz screening threshold:            1.00e-10
 Coulomb fitting method:                 Cholesky
 Total number of grid points:       172330
 Method for AO orthogonalization:        symmetric
 Threshold for linear dependence:        1.00e-08
 D3BJ dispersion energy:                -0.067049345

 -------------------------------------
  Running restricted closed-shell SCF 
 -------------------------------------
 Max number of iterations:             128
 Conv. threshold (gradient):             1.00e-05
 Conv. threshold (energy):               1.00e-06
 Interpolation scheme:                   adiis+cdiis
 Initial guess:                          SAD

 ---------------------------------------------------------------
                  energy        change          grad        time
 ---------------------------------------------------------------
   0      -537.051652395                    4.31e+01        1.77
   1      -532.936219716      4.12e+00      6.95e+00        1.41
   2      -526.094403882      6.84e+00      2.72e+01        1.39
   3      -533.240699172     -7.15e+00      5.79e+00        1.35
   4      -533.790651792     -5.50e-01      1.31e+00        1.42
   5      -533.600042047      1.91e-01      4.53e+00        1.45
   6      -533.786930842     -1.87e-01      1.38e+00        1.42
   7      -533.807888765     -2.10e-02      6.38e-02        1.43
   8      -533.807584985      3.04e-04      1.70e-01        1.51
   9      -533.808018369     -4.33e-04      6.86e-03        1.47
  10      -533.808020464     -2.09e-06      3.47e-03        1.38
  11      -533.808020649     -1.85e-07      7.97e-04        1.41
  12      -533.808020680     -3.13e-08      6.05e-04        1.36
  13      -533.808020685     -4.43e-09      1.29e-04        1.45
  14      -533.808020685     -2.59e-10      8.87e-05        1.47
  15      -533.808020685     -2.66e-10      1.92e-05        1.41
  16      -533.808020685     -8.98e-12      5.01e-06        1.38

 SCF converged in 16 iterations.

 Dipole moment (in Debye):              -0.000550      -1.277535       0.028887

 Quadrupole moment (in Debye-Angstrom):
                  1            2            3
 1       -97.135025    -0.033905     0.429996
 2        -0.033905   -93.856023    -0.006923
 3         0.429996    -0.006923   -90.518085

 Spin-squared expectation <S^2>:         0.000
 Total spin quantum number S:            0.000
 TOTAL ENERGY:                        -533.808020685

 --------------------------------------------------------------------------------

 End time:                               Tue Oct 26 05:06:51 2021
 Total wall-clock time:                 34.915 seconds
==================================================================================
