
================================================================================
          _____________ ________ _______________ ________     _________         
         / ___________// ______ \\_____   _____// ______ \   / ________)        
        / /_________  / /      \ \     | |     / /      \ \ | (_______          
       |  __________|| |        | |    | |    | |        | | \________ \        
        \ \_________ | |        | |    | |     \ \______/ /___________) |       
         \__________||_|        |_|    |_|      \________//____________/        
                                                                                
====================================[ Qcore ]===================================

 Git describe: 2.3.0-1-g21d9df7e5
 Compiler:     GNU 9.1.0
 Build type:   Release
 Version:      2.3.0-1-g21d9df7e5

 Start time:   Tue Oct 26 05:02:10 2021

 Data directory: /work/zw18965/.local/qcore/share/entos/qcore/data
 Number of threads: 24
 Number of threads was determined by: command line argument

 --------------------------------------------------------------------------------
                                   command: dft                                  
 --------------------------------------------------------------------------------
 AO basis set:                           def2-tzvppd
 Number of AO basis functions:        2045
 ECP on atom 14 (Rh):                    28 electrons

 Formula:                                C36H30P2ClRh
 Nuclear charge:                       338.000000000
 Total charge:                           0.000000000
 Number of core electrons:              28
 Number of treated electrons:          310

 Number of alpha electrons:            155
 Number of beta electrons:             155
 Number of unpaired electrons:           0
 Spin:                                   0
 Multiplicity:                           singlet

 Theory:                                 dft
 Exchange-correlation functional:        b3lyp
 Method for Coulomb:                     incore_df
 Method for exact exchange:              pre_transformed_df
 Integral threshold:                     1.00e-12
 DF basis set:                           def2-universal-jkfit
 Number of DF basis functions:        3879
 Schwarz screening threshold:            1.00e-10
 Coulomb fitting method:                 Cholesky
 Total number of grid points:       452108
 Method for AO orthogonalization:        symmetric
 Threshold for linear dependence:        1.00e-08
 D3BJ dispersion energy:                -0.237918791

 -------------------------------------
  Running restricted closed-shell SCF 
 -------------------------------------
 Max number of iterations:             128
 Conv. threshold (gradient):             1.00e-05
 Conv. threshold (energy):               1.00e-06
 Interpolation scheme:                   adiis+cdiis
 Initial guess:                          SAD

 ---------------------------------------------------------------
                  energy        change          grad        time
 ---------------------------------------------------------------
   0     -2653.021843136                    3.64e+01       37.87
   1     -2642.388833587      1.06e+01      1.93e+00       26.64
   2     -2641.631871293      7.57e-01      6.67e+00       25.51
   3     -2643.064407686     -1.43e+00      4.88e+00       25.82
   4     -2642.138962735      9.25e-01      1.49e+01       26.11
   5     -2643.105085460     -9.66e-01      4.23e+00       26.17
   6     -2643.201521706     -9.64e-02      9.75e-01       26.45
   7     -2643.171633850      2.99e-02      2.78e+00       27.14
   8     -2643.202788046     -3.12e-02      8.58e-01       26.44
   9     -2643.206087303     -3.30e-03      6.81e-02       27.56
  10     -2643.204956772      1.13e-03      1.45e-01       27.46
  11     -2643.206302707     -1.35e-03      1.99e-03       27.36
  12     -2643.206302885     -1.78e-07      7.60e-04       27.00
  13     -2643.206302901     -1.59e-08      3.81e-04       27.28
  14     -2643.206302908     -7.58e-09      2.88e-04       26.09
  15     -2643.206302909     -1.10e-09      1.20e-04       27.03
  16     -2643.206302910     -2.47e-10      4.27e-05       26.84
  17     -2643.206302910     -1.13e-10      2.01e-05       26.70
  18     -2643.206302910     -7.28e-12      7.85e-06       27.36

 SCF converged in 18 iterations.

 Dipole moment (in Debye):              -2.339549       3.525955       6.038284

 Quadrupole moment (in Debye-Angstrom):
                  1            2            3
 1      -251.674602     2.415107     7.571637
 2         2.415107  -252.861294   -13.870828
 3         7.571637   -13.870828  -268.955660

 Spin-squared expectation <S^2>:         0.000
 Total spin quantum number S:            0.000
 TOTAL ENERGY:                       -2643.206302910

 --------------------------------------------------------------------------------

 End time:                               Tue Oct 26 05:15:10 2021
 Total wall-clock time:                779.997 seconds
==================================================================================
