
================================================================================
          _____________ ________ _______________ ________     _________         
         / ___________// ______ \\_____   _____// ______ \   / ________)        
        / /_________  / /      \ \     | |     / /      \ \ | (_______          
       |  __________|| |        | |    | |    | |        | | \________ \        
        \ \_________ | |        | |    | |     \ \______/ /___________) |       
         \__________||_|        |_|    |_|      \________//____________/        
                                                                                
====================================[ Qcore ]===================================

 Git describe: 2.3.0-1-g21d9df7e5
 Compiler:     GNU 9.1.0
 Build type:   Release
 Version:      2.3.0-1-g21d9df7e5

 Start time:   Tue Oct 26 05:10:39 2021

 Data directory: /work/zw18965/.local/qcore/share/entos/qcore/data
 Number of threads: 24
 Number of threads was determined by: command line argument

 --------------------------------------------------------------------------------
                                   command: dft                                  
 --------------------------------------------------------------------------------
 AO basis set:                           def2-tzvppd
 Number of AO basis functions:        2079
 ECP on atom 1 (Rh):                     28 electrons

 Formula:                                C36H32P2ClRh
 Nuclear charge:                       340.000000000
 Total charge:                           0.000000000
 Number of core electrons:              28
 Number of treated electrons:          312

 Number of alpha electrons:            156
 Number of beta electrons:             156
 Number of unpaired electrons:           0
 Spin:                                   0
 Multiplicity:                           singlet

 Theory:                                 dft
 Exchange-correlation functional:        b3lyp
 Method for Coulomb:                     incore_df
 Method for exact exchange:              pre_transformed_df
 Integral threshold:                     1.00e-12
 DF basis set:                           def2-universal-jkfit
 Number of DF basis functions:        3915
 Schwarz screening threshold:            1.00e-10
 Coulomb fitting method:                 Cholesky
 Total number of grid points:       463888
 Method for AO orthogonalization:        symmetric
 Threshold for linear dependence:        1.00e-08
 D3BJ dispersion energy:                -0.222795208

 -------------------------------------
  Running restricted closed-shell SCF 
 -------------------------------------
 Max number of iterations:             128
 Conv. threshold (gradient):             1.00e-05
 Conv. threshold (energy):               1.00e-06
 Interpolation scheme:                   adiis+cdiis
 Initial guess:                          SAD

 ---------------------------------------------------------------
                  energy        change          grad        time
 ---------------------------------------------------------------
   0     -2653.989586018                    3.39e+01       37.15
   1     -2643.558656553      1.04e+01      2.38e+00       26.73
   2     -2642.657620503      9.01e-01      9.85e+00       26.46
   3     -2644.238485422     -1.58e+00      4.17e+00       27.45
   4     -2643.359886210      8.79e-01      1.31e+01       27.82
   5     -2644.310728583     -9.51e-01      3.44e+00       28.56
   6     -2644.391020336     -8.03e-02      1.07e+00       27.67
   7     -2644.373080971      1.79e-02      2.10e+00       27.99
   8     -2644.396412944     -2.33e-02      4.85e-01       29.04
   9     -2644.397377086     -9.64e-04      2.28e-01       28.87
  10     -2644.397710641     -3.34e-04      5.60e-02       28.48
  11     -2644.397633811      7.68e-05      2.08e-01       28.56
  12     -2644.397987532     -3.54e-04      4.43e-04       28.17
  13     -2644.397987546     -1.44e-08      2.76e-04       27.10
  14     -2644.397987552     -5.79e-09      9.38e-05       28.99
  15     -2644.397987552      4.46e-11      3.47e-05       29.39
  16     -2644.397987552     -1.59e-10      1.39e-05       27.25
  17     -2644.397987552      9.09e-11      6.74e-06       28.16

 SCF converged in 17 iterations.

 Dipole moment (in Debye):               0.000090       3.131522       0.090314

 Quadrupole moment (in Debye-Angstrom):
                  1            2            3
 1      -240.661886    -0.088889    -0.125537
 2        -0.088889  -262.703775    -0.360870
 3        -0.125537    -0.360870  -254.790330

 Spin-squared expectation <S^2>:         0.000
 Total spin quantum number S:            0.000
 TOTAL ENERGY:                       -2644.397987552

 --------------------------------------------------------------------------------

 End time:                               Tue Oct 26 05:23:44 2021
 Total wall-clock time:                785.303 seconds
==================================================================================
