
================================================================================
          _____________ ________ _______________ ________     _________         
         / ___________// ______ \\_____   _____// ______ \   / ________)        
        / /_________  / /      \ \     | |     / /      \ \ | (_______          
       |  __________|| |        | |    | |    | |        | | \________ \        
        \ \_________ | |        | |    | |     \ \______/ /___________) |       
         \__________||_|        |_|    |_|      \________//____________/        
                                                                                
====================================[ Qcore ]===================================

 Git describe: 2.3.0-1-g21d9df7e5
 Compiler:     GNU 9.1.0
 Build type:   Release
 Version:      2.3.0-1-g21d9df7e5

 Start time:   Tue Oct 26 05:10:02 2021

 Data directory: /work/zw18965/.local/qcore/share/entos/qcore/data
 Number of threads: 24
 Number of threads was determined by: command line argument
  - More threads can be used by running 'qcore -n 32'

 --------------------------------------------------------------------------------
                                   command: dft                                  
 --------------------------------------------------------------------------------
 AO basis set:                           def2-tzvppd
 Number of AO basis functions:         959
 ECP on atom 21 (Pd):                    28 electrons
 ECP on atom 30 (I):                     28 electrons

 Formula:                                C13H17N2PdI
 Nuclear charge:                       208.000000000
 Total charge:                           0.000000000
 Number of core electrons:              56
 Number of treated electrons:          152

 Number of alpha electrons:             76
 Number of beta electrons:              76
 Number of unpaired electrons:           0
 Spin:                                   0
 Multiplicity:                           singlet

 Theory:                                 dft
 Exchange-correlation functional:        b3lyp
 Method for Coulomb:                     incore_df
 Method for exact exchange:              pre_transformed_df
 Integral threshold:                     1.00e-12
 DF basis set:                           def2-universal-jkfit
 Number of DF basis functions:        1908
 Schwarz screening threshold:            1.00e-10
 Coulomb fitting method:                 Cholesky
 Total number of grid points:       219414
 Method for AO orthogonalization:        symmetric
 Threshold for linear dependence:        1.00e-08
 D3BJ dispersion energy:                -0.093540992

 -------------------------------------
  Running restricted closed-shell SCF 
 -------------------------------------
 Max number of iterations:             128
 Conv. threshold (gradient):             1.00e-05
 Conv. threshold (energy):               1.00e-06
 Interpolation scheme:                   adiis+cdiis
 Initial guess:                          SAD

 ---------------------------------------------------------------
                  energy        change          grad        time
 ---------------------------------------------------------------
   0     -1044.014051642                    3.13e+01        3.68
   1     -1038.836702963      5.18e+00      1.80e+01        2.84
   2     -1032.285064558      6.55e+00      2.26e+01        2.94
   3     -1039.562413408     -7.28e+00      8.65e+00        2.91
   4     -1040.438540131     -8.76e-01      1.95e+00        2.98
   5     -1040.172654894      2.66e-01      5.21e+00        2.80
   6     -1040.538232257     -3.66e-01      3.55e+00        2.88
   7     -1040.539466166     -1.23e-03      3.97e+00        2.96
   8     -1040.655650079     -1.16e-01      7.57e-01        3.04
   9     -1040.645571110      1.01e-02      1.02e+00        3.11
  10     -1040.671170957     -2.56e-02      7.79e-01        3.17
  11     -1040.653735375      1.74e-02      1.57e+00        3.31
  12     -1040.673854585     -2.01e-02      4.59e-01        3.29
  13     -1040.675601200     -1.75e-03      2.11e-01        3.32
  14     -1040.675933291     -3.32e-04      1.84e-01        3.37
  15     -1040.676396989     -4.64e-04      1.75e-01        3.27
  16     -1040.676335673      6.13e-05      1.73e-01        3.34
  17     -1040.676594131     -2.58e-04      6.32e-02        3.36
  18     -1040.676635719     -4.16e-05      4.50e-02        3.23
  19     -1040.676676837     -4.11e-05      6.97e-05        3.17
  20     -1040.676676837     -1.95e-10      2.06e-05        2.93
  21     -1040.676676837     -2.89e-11      1.46e-05        2.86
  22     -1040.676676837      2.66e-11      4.32e-06        3.00

 SCF converged in 22 iterations.

 Dipole moment (in Debye):              -8.632262       0.441287       2.774895

 Quadrupole moment (in Debye-Angstrom):
                  1            2            3
 1      -126.303012     0.507857    11.528488
 2         0.507857  -113.401142     2.450169
 3        11.528488     2.450169  -153.854648

 Spin-squared expectation <S^2>:         0.000
 Total spin quantum number S:            0.000
 TOTAL ENERGY:                       -1040.676676837

 --------------------------------------------------------------------------------

 End time:                               Tue Oct 26 05:14:31 2021
 Total wall-clock time:                268.594 seconds
==================================================================================
