
================================================================================
          _____________ ________ _______________ ________     _________         
         / ___________// ______ \\_____   _____// ______ \   / ________)        
        / /_________  / /      \ \     | |     / /      \ \ | (_______          
       |  __________|| |        | |    | |    | |        | | \________ \        
        \ \_________ | |        | |    | |     \ \______/ /___________) |       
         \__________||_|        |_|    |_|      \________//____________/        
                                                                                
====================================[ Qcore ]===================================

 Git describe: 2.3.0-1-g21d9df7e5
 Compiler:     GNU 9.1.0
 Build type:   Release
 Version:      2.3.0-1-g21d9df7e5

 Start time:   Tue Oct 26 05:08:30 2021

 Data directory: /work/zw18965/.local/qcore/share/entos/qcore/data
 Number of threads: 24
 Number of threads was determined by: command line argument
  - More threads can be used by running 'qcore -n 32'

 --------------------------------------------------------------------------------
                                   command: dft                                  
 --------------------------------------------------------------------------------
 AO basis set:                           def2-tzvppd
 Number of AO basis functions:        1275

 Formula:                                C18H33P
 Nuclear charge:                       156.000000000
 Total charge:                           0.000000000
 Number of electrons:                  156.000000000

 Number of alpha electrons:             78
 Number of beta electrons:              78
 Number of unpaired electrons:           0
 Spin:                                   0
 Multiplicity:                           singlet

 Theory:                                 dft
 Exchange-correlation functional:        b3lyp
 Method for Coulomb:                     incore_df
 Method for exact exchange:              pre_transformed_df
 Integral threshold:                     1.00e-12
 DF basis set:                           def2-universal-jkfit
 Number of DF basis functions:        2072
 Schwarz screening threshold:            1.00e-10
 Coulomb fitting method:                 Cholesky
 Total number of grid points:       324120
 Method for AO orthogonalization:        symmetric
 Threshold for linear dependence:        1.00e-08
 D3BJ dispersion energy:                -0.112013801

 -------------------------------------
  Running restricted closed-shell SCF 
 -------------------------------------
 Max number of iterations:             128
 Conv. threshold (gradient):             1.00e-05
 Conv. threshold (energy):               1.00e-06
 Interpolation scheme:                   adiis+cdiis
 Initial guess:                          SAD

 ---------------------------------------------------------------
                  energy        change          grad        time
 ---------------------------------------------------------------
   0     -1051.041333207                    2.70e+01        7.16
   1     -1046.392330457      4.65e+00      2.11e+00        5.82
   2     -1045.728562672      6.64e-01      2.92e+00        5.75
   3     -1046.981924401     -1.25e+00      3.82e-01        5.82
   4     -1046.971324279      1.06e-02      4.71e-01        5.65
   5     -1047.003471607     -3.21e-02      6.74e-02        5.95
   6     -1047.003609806     -1.38e-04      8.21e-02        5.94
   7     -1047.003876645     -2.67e-04      3.63e-03        5.93
   8     -1047.003876999     -3.54e-07      1.50e-03        5.74
   9     -1047.003877059     -6.02e-08      5.40e-04        5.71
  10     -1047.003877064     -4.81e-09      1.53e-04        6.18
  11     -1047.003877064     -3.76e-10      3.62e-05        6.00
  12     -1047.003877064     -2.82e-11      7.93e-06        6.09

 SCF converged in 12 iterations.

 Dipole moment (in Debye):               0.132413       0.111747       1.296991

 Quadrupole moment (in Debye-Angstrom):
                  1            2            3
 1      -129.793312     0.178225    -0.298736
 2         0.178225  -130.071363    -0.534717
 3        -0.298736    -0.534717  -135.660714

 Spin-squared expectation <S^2>:         0.000
 Total spin quantum number S:            0.000
 TOTAL ENERGY:                       -1047.003877064

 --------------------------------------------------------------------------------

 End time:                               Tue Oct 26 05:10:12 2021
 Total wall-clock time:                101.683 seconds
==================================================================================
