
================================================================================
          _____________ ________ _______________ ________     _________         
         / ___________// ______ \\_____   _____// ______ \   / ________)        
        / /_________  / /      \ \     | |     / /      \ \ | (_______          
       |  __________|| |        | |    | |    | |        | | \________ \        
        \ \_________ | |        | |    | |     \ \______/ /___________) |       
         \__________||_|        |_|    |_|      \________//____________/        
                                                                                
====================================[ Qcore ]===================================

 Git describe: 2.3.0-1-g21d9df7e5
 Compiler:     GNU 9.1.0
 Build type:   Release
 Version:      2.3.0-1-g21d9df7e5

 Start time:   Tue Oct 26 05:09:05 2021

 Data directory: /work/zw18965/.local/qcore/share/entos/qcore/data
 Number of threads: 24
 Number of threads was determined by: command line argument
  - More threads can be used by running 'qcore -n 32'

 --------------------------------------------------------------------------------
                                   command: dft                                  
 --------------------------------------------------------------------------------
 AO basis set:                           def2-tzvppd
 Number of AO basis functions:         312

 Formula:                                C3H9P
 Nuclear charge:                        42.000000000
 Total charge:                           0.000000000
 Number of electrons:                   42.000000000

 Number of alpha electrons:             21
 Number of beta electrons:              21
 Number of unpaired electrons:           0
 Spin:                                   0
 Multiplicity:                           singlet

 Theory:                                 dft
 Exchange-correlation functional:        b3lyp
 Method for Coulomb:                     incore_df
 Method for exact exchange:              pre_transformed_df
 Integral threshold:                     1.00e-12
 DF basis set:                           def2-universal-jkfit
 Number of DF basis functions:         515
 Schwarz screening threshold:            1.00e-10
 Coulomb fitting method:                 Cholesky
 Total number of grid points:        80760
 Method for AO orthogonalization:        symmetric
 Threshold for linear dependence:        1.00e-08
 D3BJ dispersion energy:                -0.017722638

 -------------------------------------
  Running restricted closed-shell SCF 
 -------------------------------------
 Max number of iterations:             128
 Conv. threshold (gradient):             1.00e-05
 Conv. threshold (energy):               1.00e-06
 Interpolation scheme:                   adiis+cdiis
 Initial guess:                          SAD

 ---------------------------------------------------------------
                  energy        change          grad        time
 ---------------------------------------------------------------
   0      -461.392544734                    1.77e+01        0.13
   1      -460.859021952      5.34e-01      1.86e+00        0.12
   2      -460.733344126      1.26e-01      2.13e+00        0.12
   3      -461.043184455     -3.10e-01      2.79e-01        0.11
   4      -461.041689186      1.50e-03      3.23e-01        0.11
   5      -461.047128995     -5.44e-03      2.77e-02        0.12
   6      -461.047144316     -1.53e-05      2.12e-02        0.12
   7      -461.047177382     -3.31e-05      4.75e-04        0.12
   8      -461.047177393     -1.06e-08      3.39e-04        0.12
   9      -461.047177396     -3.72e-09      1.98e-05        0.12
  10      -461.047177397     -1.67e-11      3.48e-06        0.11

 SCF converged in 10 iterations.

 Dipole moment (in Debye):              -0.000329       0.000300       1.189614

 Quadrupole moment (in Debye-Angstrom):
                  1            2            3
 1       -34.150583    -0.000305    -0.000031
 2        -0.000305   -34.150352    -0.000202
 3        -0.000031    -0.000202   -38.497519

 Spin-squared expectation <S^2>:         0.000
 Total spin quantum number S:            0.000
 TOTAL ENERGY:                        -461.047177397

 --------------------------------------------------------------------------------

 End time:                               Tue Oct 26 05:09:07 2021
 Total wall-clock time:                  2.536 seconds
==================================================================================
