
================================================================================
          _____________ ________ _______________ ________     _________         
         / ___________// ______ \\_____   _____// ______ \   / ________)        
        / /_________  / /      \ \     | |     / /      \ \ | (_______          
       |  __________|| |        | |    | |    | |        | | \________ \        
        \ \_________ | |        | |    | |     \ \______/ /___________) |       
         \__________||_|        |_|    |_|      \________//____________/        
                                                                                
====================================[ Qcore ]===================================

 Git describe: 2.3.0-1-g21d9df7e5
 Compiler:     GNU 9.1.0
 Build type:   Release
 Version:      2.3.0-1-g21d9df7e5

 Start time:   Tue Oct 26 05:08:26 2021

 Data directory: /work/zw18965/.local/qcore/share/entos/qcore/data
 Number of threads: 24
 Number of threads was determined by: command line argument
  - More threads can be used by running 'qcore -n 32'

 --------------------------------------------------------------------------------
                                   command: dft                                  
 --------------------------------------------------------------------------------
 AO basis set:                           def2-tzvppd
 Number of AO basis functions:         162

 Formula:                                C2H3N
 Nuclear charge:                        22.000000000
 Total charge:                           0.000000000
 Number of electrons:                   22.000000000

 Number of alpha electrons:             11
 Number of beta electrons:              11
 Number of unpaired electrons:           0
 Spin:                                   0
 Multiplicity:                           singlet

 Theory:                                 dft
 Exchange-correlation functional:        b3lyp
 Method for Coulomb:                     incore_df
 Method for exact exchange:              pre_transformed_df
 Integral threshold:                     1.00e-12
 DF basis set:                           def2-universal-jkfit
 Number of DF basis functions:         281
 Schwarz screening threshold:            1.00e-10
 Coulomb fitting method:                 Cholesky
 Total number of grid points:        38070
 Method for AO orthogonalization:        symmetric
 Threshold for linear dependence:        1.00e-08
 D3BJ dispersion energy:                -0.004762356

 -------------------------------------
  Running restricted closed-shell SCF 
 -------------------------------------
 Max number of iterations:             128
 Conv. threshold (gradient):             1.00e-05
 Conv. threshold (energy):               1.00e-06
 Interpolation scheme:                   adiis+cdiis
 Initial guess:                          SAD

 ---------------------------------------------------------------
                  energy        change          grad        time
 ---------------------------------------------------------------
   0      -133.063943643                    1.09e+01        0.04
   1      -132.657586917      4.06e-01      9.47e-01        0.03
   2      -132.531559182      1.26e-01      2.28e+00        0.03
   3      -132.726257506     -1.95e-01      4.21e-01        0.03
   4      -132.720383227      5.87e-03      5.20e-01        0.03
   5      -132.733857321     -1.35e-02      1.93e-01        0.03
   6      -132.727276060      6.58e-03      4.70e-01        0.03
   7      -132.734821404     -7.55e-03      1.17e-01        0.03
   8      -132.735269524     -4.48e-04      4.81e-02        0.03
   9      -132.735256456      1.31e-05      4.94e-02        0.03
  10      -132.735355922     -9.95e-05      1.25e-04        0.03
  11      -132.735355923     -5.74e-10      6.66e-06        0.03

 SCF converged in 11 iterations.

 Dipole moment (in Debye):              -4.034801      -0.234865       0.149696

 Quadrupole moment (in Debye-Angstrom):
                  1            2            3
 1       -21.021930    -0.190583     0.121423
 2        -0.190583   -17.759708     0.007095
 3         0.121423     0.007095   -17.753074

 Spin-squared expectation <S^2>:         0.000
 Total spin quantum number S:            0.000
 TOTAL ENERGY:                        -132.735355923

 --------------------------------------------------------------------------------

 End time:                               Tue Oct 26 05:08:27 2021
 Total wall-clock time:                  0.995 seconds
==================================================================================
