
================================================================================
          _____________ ________ _______________ ________     _________         
         / ___________// ______ \\_____   _____// ______ \   / ________)        
        / /_________  / /      \ \     | |     / /      \ \ | (_______          
       |  __________|| |        | |    | |    | |        | | \________ \        
        \ \_________ | |        | |    | |     \ \______/ /___________) |       
         \__________||_|        |_|    |_|      \________//____________/        
                                                                                
====================================[ Qcore ]===================================

 Git describe: 2.3.0-1-g21d9df7e5
 Compiler:     GNU 9.1.0
 Build type:   Release
 Version:      2.3.0-1-g21d9df7e5

 Start time:   Tue Oct 26 05:09:11 2021

 Data directory: /work/zw18965/.local/qcore/share/entos/qcore/data
 Number of threads: 24
 Number of threads was determined by: command line argument
  - More threads can be used by running 'qcore -n 32'

 --------------------------------------------------------------------------------
                                   command: dft                                  
 --------------------------------------------------------------------------------
 AO basis set:                           def2-tzvppd
 Number of AO basis functions:         529

 Formula:                                C6O6Cr
 Nuclear charge:                       108.000000000
 Total charge:                           0.000000000
 Number of electrons:                  108.000000000

 Number of alpha electrons:             54
 Number of beta electrons:              54
 Number of unpaired electrons:           0
 Spin:                                   0
 Multiplicity:                           singlet

 Theory:                                 dft
 Exchange-correlation functional:        b3lyp
 Method for Coulomb:                     incore_df
 Method for exact exchange:              pre_transformed_df
 Integral threshold:                     1.00e-12
 DF basis set:                           def2-universal-jkfit
 Number of DF basis functions:        1176
 Schwarz screening threshold:            1.00e-10
 Coulomb fitting method:                 Cholesky
 Total number of grid points:        90292
 Method for AO orthogonalization:        symmetric
 Threshold for linear dependence:        1.00e-08
 D3BJ dispersion energy:                -0.036095158

 -------------------------------------
  Running restricted closed-shell SCF 
 -------------------------------------
 Max number of iterations:             128
 Conv. threshold (gradient):             1.00e-05
 Conv. threshold (energy):               1.00e-06
 Interpolation scheme:                   adiis+cdiis
 Initial guess:                          SAD

 ---------------------------------------------------------------
                  energy        change          grad        time
 ---------------------------------------------------------------
   0     -1726.309345605                    3.49e+01        0.60
   1     -1723.320786705      2.99e+00      1.03e+01        0.54
   2     -1692.517093576      3.08e+01      3.62e+01        0.55
   3     -1718.543279710     -2.60e+01      2.77e+01        0.54
   4     -1723.965978101     -5.42e+00      5.88e+00        0.54
   5     -1724.201133778     -2.35e-01      5.23e+00        0.56
   6     -1724.371962058     -1.71e-01      4.40e+00        0.54
   7     -1724.375607365     -3.65e-03      4.46e+00        0.54
   8     -1724.481231564     -1.06e-01      5.23e-01        0.57
   9     -1724.489051297     -7.82e-03      3.95e-01        0.57
  10     -1724.494748341     -5.70e-03      1.04e+00        0.59
  11     -1724.480409501      1.43e-02      1.80e+00        0.59
  12     -1724.500022767     -1.96e-02      3.57e-01        0.61
  13     -1724.499384078      6.39e-04      1.78e-01        0.61
  14     -1724.500953138     -1.57e-03      2.40e-01        0.63
  15     -1724.500201392      7.52e-04      3.98e-01        0.64
  16     -1724.501174276     -9.73e-04      1.17e-01        0.66
  17     -1724.501177908     -3.63e-06      6.99e-02        0.65
  18     -1724.501295498     -1.18e-04      3.75e-02        0.63
  19     -1724.501304503     -9.01e-06      1.30e-04        0.59
  20     -1724.501304503     -1.11e-10      9.58e-06        0.53

 SCF converged in 20 iterations.

 Dipole moment (in Debye):              -0.000086       0.000021      -0.000083

 Quadrupole moment (in Debye-Angstrom):
                  1            2            3
 1       -84.711110    -0.000142     0.000415
 2        -0.000142   -84.710675     0.000039
 3         0.000415     0.000039   -84.710759

 Spin-squared expectation <S^2>:         0.000
 Total spin quantum number S:            0.000
 TOTAL ENERGY:                       -1724.501304503

 --------------------------------------------------------------------------------

 End time:                               Tue Oct 26 05:09:32 2021
 Total wall-clock time:                 21.407 seconds
==================================================================================
