
================================================================================
          _____________ ________ _______________ ________     _________         
         / ___________// ______ \\_____   _____// ______ \   / ________)        
        / /_________  / /      \ \     | |     / /      \ \ | (_______          
       |  __________|| |        | |    | |    | |        | | \________ \        
        \ \_________ | |        | |    | |     \ \______/ /___________) |       
         \__________||_|        |_|    |_|      \________//____________/        
                                                                                
====================================[ Qcore ]===================================

 Git describe: 2.3.0-1-g21d9df7e5
 Compiler:     GNU 9.1.0
 Build type:   Release
 Version:      2.3.0-1-g21d9df7e5

 Start time:   Tue Oct 26 05:09:36 2021

 Data directory: /work/zw18965/.local/qcore/share/entos/qcore/data
 Number of threads: 24
 Number of threads was determined by: command line argument
  - More threads can be used by running 'qcore -n 32'

 --------------------------------------------------------------------------------
                                   command: dft                                  
 --------------------------------------------------------------------------------
 AO basis set:                           def2-tzvppd
 Number of AO basis functions:         546

 Formula:                                C6HO6Mn
 Nuclear charge:                       110.000000000
 Total charge:                           0.000000000
 Number of electrons:                  110.000000000

 Number of alpha electrons:             55
 Number of beta electrons:              55
 Number of unpaired electrons:           0
 Spin:                                   0
 Multiplicity:                           singlet

 Theory:                                 dft
 Exchange-correlation functional:        b3lyp
 Method for Coulomb:                     incore_df
 Method for exact exchange:              pre_transformed_df
 Integral threshold:                     1.00e-12
 DF basis set:                           def2-universal-jkfit
 Number of DF basis functions:        1194
 Schwarz screening threshold:            1.00e-10
 Coulomb fitting method:                 Cholesky
 Total number of grid points:        96290
 Method for AO orthogonalization:        symmetric
 Threshold for linear dependence:        1.00e-08
 D3BJ dispersion energy:                -0.032989410

 -------------------------------------
  Running restricted closed-shell SCF 
 -------------------------------------
 Max number of iterations:             128
 Conv. threshold (gradient):             1.00e-05
 Conv. threshold (energy):               1.00e-06
 Interpolation scheme:                   adiis+cdiis
 Initial guess:                          SAD

 ---------------------------------------------------------------
                  energy        change          grad        time
 ---------------------------------------------------------------
   0     -1833.724332559                    3.44e+01        0.69
   1     -1831.352307151      2.37e+00      2.20e+00        0.54
   2     -1830.214665550      1.14e+00      7.75e+00        0.58
   3     -1831.335663954     -1.12e+00      4.41e+00        0.58
   4     -1829.769156445      1.57e+00      1.50e+01        0.58
   5     -1831.396124851     -1.63e+00      4.63e+00        0.60
   6     -1831.451263161     -5.51e-02      3.18e+00        0.60
   7     -1831.553376073     -1.02e-01      6.32e-01        0.61
   8     -1831.557891826     -4.52e-03      8.47e-01        0.66
   9     -1831.550107303      7.78e-03      1.57e+00        0.68
  10     -1831.569264485     -1.92e-02      4.43e-01        0.69
  11     -1831.568747680      5.17e-04      3.45e-01        0.67
  12     -1831.569097537     -3.50e-04      5.41e-01        0.67
  13     -1831.571542931     -2.45e-03      2.38e-02        0.70
  14     -1831.571240973      3.02e-04      7.33e-02        0.69
  15     -1831.571598343     -3.57e-04      2.51e-04        0.66
  16     -1831.571598346     -2.89e-09      2.07e-04        0.60
  17     -1831.571598347     -1.50e-09      7.93e-05        0.61
  18     -1831.571598348     -9.75e-11      3.88e-05        0.58
  19     -1831.571598348     -4.14e-11      1.50e-05        0.61
  20     -1831.571598348     -7.28e-12      3.81e-06        0.60

 SCF converged in 20 iterations.

 Dipole moment (in Debye):               2.126979      -0.002398       0.183444

 Quadrupole moment (in Debye-Angstrom):
                  1            2            3
 1       -91.058341     0.017758    -2.871245
 2         0.017758   -83.293528    -0.006277
 3        -2.871245    -0.006277   -81.360292

 Spin-squared expectation <S^2>:         0.000
 Total spin quantum number S:            0.000
 TOTAL ENERGY:                       -1831.571598348

 --------------------------------------------------------------------------------

 End time:                               Tue Oct 26 05:09:58 2021
 Total wall-clock time:                 22.728 seconds
==================================================================================
