
================================================================================
          _____________ ________ _______________ ________     _________         
         / ___________// ______ \\_____   _____// ______ \   / ________)        
        / /_________  / /      \ \     | |     / /      \ \ | (_______          
       |  __________|| |        | |    | |    | |        | | \________ \        
        \ \_________ | |        | |    | |     \ \______/ /___________) |       
         \__________||_|        |_|    |_|      \________//____________/        
                                                                                
====================================[ Qcore ]===================================

 Git describe: 2.3.0-1-g21d9df7e5
 Compiler:     GNU 9.1.0
 Build type:   Release
 Version:      2.3.0-1-g21d9df7e5

 Start time:   Tue Oct 26 05:08:49 2021

 Data directory: /work/zw18965/.local/qcore/share/entos/qcore/data
 Number of threads: 24
 Number of threads was determined by: command line argument
  - More threads can be used by running 'qcore -n 32'

 --------------------------------------------------------------------------------
                                   command: dft                                  
 --------------------------------------------------------------------------------
 AO basis set:                           def2-tzvppd
 Number of AO basis functions:         381

 Formula:                                C6H6Se
 Nuclear charge:                        76.000000000
 Total charge:                           0.000000000
 Number of electrons:                   76.000000000

 Number of alpha electrons:             38
 Number of beta electrons:              38
 Number of unpaired electrons:           0
 Spin:                                   0
 Multiplicity:                           singlet

 Theory:                                 dft
 Exchange-correlation functional:        b3lyp
 Method for Coulomb:                     incore_df
 Method for exact exchange:              pre_transformed_df
 Integral threshold:                     1.00e-12
 DF basis set:                           def2-universal-jkfit
 Number of DF basis functions:         824
 Schwarz screening threshold:            1.00e-10
 Coulomb fitting method:                 Cholesky
 Total number of grid points:        84112
 Method for AO orthogonalization:        symmetric
 Threshold for linear dependence:        1.00e-08
 D3BJ dispersion energy:                -0.025585683

 -------------------------------------
  Running restricted closed-shell SCF 
 -------------------------------------
 Max number of iterations:             128
 Conv. threshold (gradient):             1.00e-05
 Conv. threshold (energy):               1.00e-06
 Interpolation scheme:                   adiis+cdiis
 Initial guess:                          SAD

 ---------------------------------------------------------------
                  energy        change          grad        time
 ---------------------------------------------------------------
   0     -2635.188634026                    1.60e+01        0.27
   1     -2633.484510259      1.70e+00      1.19e+00        0.24
   2     -2633.285231081      1.99e-01      1.90e+00        0.23
   3     -2633.651409831     -3.66e-01      2.67e-01        0.24
   4     -2633.646471292      4.94e-03      3.42e-01        0.23
   5     -2633.658018228     -1.15e-02      4.42e-02        0.24
   6     -2633.657963168      5.51e-05      5.79e-02        0.24
   7     -2633.658177407     -2.14e-04      3.25e-03        0.24
   8     -2633.658178113     -7.06e-07      1.20e-03        0.23
   9     -2633.658178159     -4.53e-08      1.75e-04        0.24
  10     -2633.658178160     -1.78e-09      1.45e-04        0.24
  11     -2633.658178161     -1.05e-09      4.01e-05        0.24
  12     -2633.658178162     -1.24e-10      1.26e-05        0.24
  13     -2633.658178162     -3.18e-12      4.03e-06        0.23

 SCF converged in 13 iterations.

 Dipole moment (in Debye):               0.832944       0.487978       0.000003

 Quadrupole moment (in Debye-Angstrom):
                  1            2            3
 1       -50.980015    -1.525669    -0.000014
 2        -1.525669   -48.303480    -0.000005
 3        -0.000014    -0.000005   -59.598510

 Spin-squared expectation <S^2>:         0.000
 Total spin quantum number S:            0.000
 TOTAL ENERGY:                       -2633.658178162

 --------------------------------------------------------------------------------

 End time:                               Tue Oct 26 05:09:01 2021
 Total wall-clock time:                 12.434 seconds
==================================================================================
