
================================================================================
          _____________ ________ _______________ ________     _________         
         / ___________// ______ \\_____   _____// ______ \   / ________)        
        / /_________  / /      \ \     | |     / /      \ \ | (_______          
       |  __________|| |        | |    | |    | |        | | \________ \        
        \ \_________ | |        | |    | |     \ \______/ /___________) |       
         \__________||_|        |_|    |_|      \________//____________/        
                                                                                
====================================[ Qcore ]===================================

 Git describe: 2.3.0-1-g21d9df7e5
 Compiler:     GNU 9.1.0
 Build type:   Release
 Version:      2.3.0-1-g21d9df7e5

 Start time:   Tue Oct 26 05:10:34 2021

 Data directory: /work/zw18965/.local/qcore/share/entos/qcore/data
 Number of threads: 24
 Number of threads was determined by: command line argument

 --------------------------------------------------------------------------------
                                   command: dft                                  
 --------------------------------------------------------------------------------
 AO basis set:                           def2-tzvppd
 Number of AO basis functions:        1800
 ECP on atom 1 (W):                      60 electrons

 Formula:                                C21H44O3P2W
 Nuclear charge:                       298.000000000
 Total charge:                           0.000000000
 Number of core electrons:              60
 Number of treated electrons:          238

 Number of alpha electrons:            119
 Number of beta electrons:             119
 Number of unpaired electrons:           0
 Spin:                                   0
 Multiplicity:                           singlet

 Theory:                                 dft
 Exchange-correlation functional:        b3lyp
 Method for Coulomb:                     incore_df
 Method for exact exchange:              pre_transformed_df
 Integral threshold:                     1.00e-12
 DF basis set:                           def2-universal-jkfit
 Number of DF basis functions:        3081
 Schwarz screening threshold:            1.00e-10
 Coulomb fitting method:                 Cholesky
 Total number of grid points:       446468
 Method for AO orthogonalization:        symmetric
 Threshold for linear dependence:        1.00e-08
 D3BJ dispersion energy:                -0.198134661

 -------------------------------------
  Running restricted closed-shell SCF 
 -------------------------------------
 Max number of iterations:             128
 Conv. threshold (gradient):             1.00e-05
 Conv. threshold (energy):               1.00e-06
 Interpolation scheme:                   adiis+cdiis
 Initial guess:                          SAD

 ---------------------------------------------------------------
                  energy        change          grad        time
 ---------------------------------------------------------------
   0     -1806.321616116                    2.49e+02       21.98
   1     -1801.310307497      5.01e+00      2.18e+00       15.53
   2     -1800.385319082      9.25e-01      5.19e+00       15.73
   3     -1801.979877001     -1.59e+00      3.10e+00       15.17
   4     -1800.602285218      1.38e+00      1.03e+01       16.13
   5     -1802.020578431     -1.42e+00      2.88e+00       15.07
   6     -1802.145969193     -1.25e-01      6.42e-01       16.58
   7     -1802.108030950      3.79e-02      1.93e+00       17.25
   8     -1802.147371515     -3.93e-02      5.41e-01       16.70
   9     -1802.151662193     -4.29e-03      3.85e-02       16.95
  10     -1802.151333924      3.28e-04      1.07e-01       17.19
  11     -1802.151713613     -3.80e-04      2.90e-03       17.18
  12     -1802.151713736     -1.23e-07      9.02e-04       16.03
  13     -1802.151713751     -1.51e-08      3.02e-04       16.70
  14     -1802.151713756     -4.35e-09      2.37e-04       16.74
  15     -1802.151713758     -1.93e-09      7.25e-05       16.12
  16     -1802.151713758     -8.64e-11      3.81e-05       16.61
  17     -1802.151713758     -6.16e-11      6.82e-06       16.64

 SCF converged in 17 iterations.

 Dipole moment (in Debye):              -0.001506       0.014898       1.859149

 Quadrupole moment (in Debye-Angstrom):
                  1            2            3
 1      -185.047890     0.000984     0.001514
 2         0.000984  -219.725695    -1.546305
 3         0.001514    -1.546305  -210.918167

 Spin-squared expectation <S^2>:         0.000
 Total spin quantum number S:            0.000
 TOTAL ENERGY:                       -1802.151713758

 --------------------------------------------------------------------------------

 End time:                               Tue Oct 26 05:18:28 2021
 Total wall-clock time:                473.603 seconds
==================================================================================
