
================================================================================
          _____________ ________ _______________ ________     _________         
         / ___________// ______ \\_____   _____// ______ \   / ________)        
        / /_________  / /      \ \     | |     / /      \ \ | (_______          
       |  __________|| |        | |    | |    | |        | | \________ \        
        \ \_________ | |        | |    | |     \ \______/ /___________) |       
         \__________||_|        |_|    |_|      \________//____________/        
                                                                                
====================================[ Qcore ]===================================

 Git describe: 2.3.0-1-g21d9df7e5
 Compiler:     GNU 9.1.0
 Build type:   Release
 Version:      2.3.0-1-g21d9df7e5

 Start time:   Tue Oct 26 05:14:13 2021

 Data directory: /work/zw18965/.local/qcore/share/entos/qcore/data
 Number of threads: 24
 Number of threads was determined by: command line argument

 --------------------------------------------------------------------------------
                                   command: dft                                  
 --------------------------------------------------------------------------------
 AO basis set:                           def2-tzvppd
 Number of AO basis functions:        1685
 ECP on atom 1 (Ru):                     28 electrons

 Formula:                                C18H42P4SeRu
 Nuclear charge:                       288.000000000
 Total charge:                           0.000000000
 Number of core electrons:              28
 Number of treated electrons:          260

 Number of alpha electrons:            130
 Number of beta electrons:             130
 Number of unpaired electrons:           0
 Spin:                                   0
 Multiplicity:                           singlet

 Theory:                                 dft
 Exchange-correlation functional:        b3lyp
 Method for Coulomb:                     incore_df
 Method for exact exchange:              pre_transformed_df
 Integral threshold:                     1.00e-12
 DF basis set:                           def2-universal-jkfit
 Number of DF basis functions:        3139
 Schwarz screening threshold:            1.00e-10
 Coulomb fitting method:                 Cholesky
 Total number of grid points:       415566
 Method for AO orthogonalization:        symmetric
 Threshold for linear dependence:        1.00e-08
 D3BJ dispersion energy:                -0.206921150

 -------------------------------------
  Running restricted closed-shell SCF 
 -------------------------------------
 Max number of iterations:             128
 Conv. threshold (gradient):             1.00e-05
 Conv. threshold (energy):               1.00e-06
 Interpolation scheme:                   adiis+cdiis
 Initial guess:                          SAD

 ---------------------------------------------------------------
                  energy        change          grad        time
 ---------------------------------------------------------------
   0     -4577.150057842                    4.11e+01       23.85
   1     -4572.130397097      5.02e+00      2.50e+00       23.70
   2     -4571.630329587      5.00e-01      2.97e+00       18.20
   3     -4572.956990632     -1.33e+00      1.61e+00       18.80
   4     -4572.734828856      2.22e-01      6.78e+00       16.59
   5     -4572.976157644     -2.41e-01      5.74e-01       20.38
   6     -4572.985936100     -9.78e-03      8.40e-01       17.36
   7     -4572.959133239      2.68e-02      2.54e+00       17.53
   8     -4572.990311461     -3.12e-02      3.53e-01       20.02
   9     -4572.992020060     -1.71e-03      2.04e-01       18.84
  10     -4572.988406546      3.61e-03      9.12e-01       17.83
  11     -4572.992554091     -4.15e-03      1.50e-01       19.74
  12     -4572.992693127     -1.39e-04      1.60e-01       18.02
  13     -4572.992556393      1.37e-04      2.06e-01       18.23
  14     -4572.992814900     -2.59e-04      4.71e-02       17.72
  15     -4572.992814894      5.91e-09      4.14e-02       21.44
  16     -4572.992830121     -1.52e-05      5.66e-05       17.48
  17     -4572.992830121     -6.55e-11      2.33e-05       16.74
  18     -4572.992830121     -7.09e-11      1.04e-05       17.31
  19     -4572.992830121      1.82e-11      2.35e-06       16.53

 SCF converged in 19 iterations.

 Dipole moment (in Debye):               6.081723      -0.295280       1.003575

 Quadrupole moment (in Debye-Angstrom):
                  1            2            3
 1      -217.106643     0.383545    -1.328245
 2         0.383545  -205.770686     0.332501
 3        -1.328245     0.332501  -208.620637

 Spin-squared expectation <S^2>:         0.000
 Total spin quantum number S:            0.000
 TOTAL ENERGY:                       -4572.992830121

 --------------------------------------------------------------------------------

 End time:                               Tue Oct 26 05:24:57 2021
 Total wall-clock time:                643.693 seconds
==================================================================================
