
================================================================================
          _____________ ________ _______________ ________     _________         
         / ___________// ______ \\_____   _____// ______ \   / ________)        
        / /_________  / /      \ \     | |     / /      \ \ | (_______          
       |  __________|| |        | |    | |    | |        | | \________ \        
        \ \_________ | |        | |    | |     \ \______/ /___________) |       
         \__________||_|        |_|    |_|      \________//____________/        
                                                                                
====================================[ Qcore ]===================================

 Git describe: 2.3.0-1-g21d9df7e5
 Compiler:     GNU 9.1.0
 Build type:   Release
 Version:      2.3.0-1-g21d9df7e5

 Start time:   Tue Oct 26 05:15:47 2021

 Data directory: /work/zw18965/.local/qcore/share/entos/qcore/data
 Number of threads: 24
 Number of threads was determined by: command line argument
  - More threads can be used by running 'qcore -n 32'

 --------------------------------------------------------------------------------
                                   command: dft                                  
 --------------------------------------------------------------------------------
 AO basis set:                           def2-tzvppd
 Number of AO basis functions:        1223
 ECP on atom 1 (Mo):                     28 electrons

 Formula:                                C12H27O3P3Mo
 Nuclear charge:                       210.000000000
 Total charge:                           0.000000000
 Number of core electrons:              28
 Number of treated electrons:          182

 Number of alpha electrons:             91
 Number of beta electrons:              91
 Number of unpaired electrons:           0
 Spin:                                   0
 Multiplicity:                           singlet

 Theory:                                 dft
 Exchange-correlation functional:        b3lyp
 Method for Coulomb:                     incore_df
 Method for exact exchange:              pre_transformed_df
 Integral threshold:                     1.00e-12
 DF basis set:                           def2-universal-jkfit
 Number of DF basis functions:        2256
 Schwarz screening threshold:            1.00e-10
 Coulomb fitting method:                 Cholesky
 Total number of grid points:       291782
 Method for AO orthogonalization:        symmetric
 Threshold for linear dependence:        1.00e-08
 D3BJ dispersion energy:                -0.138440095

 -------------------------------------
  Running restricted closed-shell SCF 
 -------------------------------------
 Max number of iterations:             128
 Conv. threshold (gradient):             1.00e-05
 Conv. threshold (energy):               1.00e-06
 Interpolation scheme:                   adiis+cdiis
 Initial guess:                          SAD

 ---------------------------------------------------------------
                  energy        change          grad        time
 ---------------------------------------------------------------
   0     -1793.929620845                    3.39e+01        7.11
   1     -1831.225870809     -3.73e+01      9.02e+00        5.67
   2     -1716.906229337      1.14e+02      8.88e+01        5.58
   3     -1814.367958318     -9.75e+01      4.44e+01        5.40
   4     -1826.935391928     -1.26e+01      2.32e+01        5.79
   5     -1828.076416685     -1.14e+00      1.84e+01        5.90
   6     -1829.029958168     -9.54e-01      1.32e+01        6.16
   7     -1833.721875639     -4.69e+00      3.52e+00        5.76
   8     -1831.092684451      2.63e+00      1.27e+01        6.05
   9     -1833.850123074     -2.76e+00      2.46e+00        6.42
  10     -1831.353199011      2.50e+00      1.54e+01        6.43
  11     -1833.949939666     -2.60e+00      3.48e+00        6.48
  12     -1833.776067437      1.74e-01      5.52e+00        6.54
  13     -1833.888273232     -1.12e-01      3.72e+00        6.76
  14     -1834.082896004     -1.95e-01      5.82e-01        6.68
  15     -1834.052425195      3.05e-02      1.40e+00        6.59
  16     -1834.070672724     -1.82e-02      1.43e+00        6.56
  17     -1834.077693145     -7.02e-03      1.29e+00        6.39
  18     -1834.087500313     -9.81e-03      9.60e-01        6.13
  19     -1834.089002912     -1.50e-03      5.28e-01        6.29
  20     -1834.090051425     -1.05e-03      3.17e-01        6.58
  21     -1834.091382735     -1.33e-03      5.26e-01        6.69
  22     -1834.091626279     -2.44e-04      5.78e-01        6.39
  23     -1834.093549293     -1.92e-03      3.07e-01        6.53
  24     -1834.093245690      3.04e-04      2.64e-01        6.12
  25     -1834.094283943     -1.04e-03      7.46e-02        6.28
  26     -1834.093752687      5.31e-04      2.85e-01        6.60
  27     -1834.094580018     -8.27e-04      5.67e-03        6.09
  28     -1834.094582298     -2.28e-06      3.96e-03        5.75
  29     -1834.094583772     -1.47e-06      2.95e-03        5.67
  30     -1834.094584329     -5.56e-07      1.55e-03        6.00
  31     -1834.094584707     -3.79e-07      8.84e-04        6.17
  32     -1834.094584860     -1.53e-07      6.62e-04        5.56
  33     -1834.094585142     -2.82e-07      4.85e-04        5.79
  34     -1834.094584979      1.62e-07      4.10e-04        5.85
  35     -1834.094585120     -1.41e-07      4.29e-04        5.72
  36     -1834.094585013      1.07e-07      3.41e-04        6.03
  37     -1834.094585155     -1.42e-07      5.66e-04        5.89
  38     -1834.094585140      1.43e-08      2.83e-04        6.04
  39     -1834.094585113      2.73e-08      1.04e-04        5.89
  40     -1834.094585003      1.10e-07      1.03e-04        5.70
  41     -1834.094585114     -1.11e-07      6.32e-05        5.78
  42     -1834.094585125     -1.10e-08      2.81e-05        6.08
  43     -1834.094585103      2.21e-08      2.61e-05        5.84
  44     -1834.094585075      2.77e-08      2.54e-05        5.91
  45     -1834.094585074      1.17e-09      1.62e-05        5.76
  46     -1834.094585131     -5.72e-08      1.07e-05        5.86
  47     -1834.094585212     -8.15e-08      1.33e-05        5.71
  48     -1834.094585128      8.42e-08      9.12e-06        5.78

 SCF converged in 48 iterations.

 Dipole moment (in Debye):             -16.346795     -11.632563      -3.635548

 Quadrupole moment (in Debye-Angstrom):
                  1            2            3
 1      -301.736887    33.928968   -11.763170
 2        33.928968  -299.134716   -23.546968
 3       -11.763170   -23.546968  -263.059184

 Spin-squared expectation <S^2>:         0.000
 Total spin quantum number S:            0.000
 TOTAL ENERGY:                       -1834.094585146

 --------------------------------------------------------------------------------

 End time:                               Tue Oct 26 05:21:20 2021
 Total wall-clock time:                332.698 seconds
==================================================================================
