
================================================================================
          _____________ ________ _______________ ________     _________         
         / ___________// ______ \\_____   _____// ______ \   / ________)        
        / /_________  / /      \ \     | |     / /      \ \ | (_______          
       |  __________|| |        | |    | |    | |        | | \________ \        
        \ \_________ | |        | |    | |     \ \______/ /___________) |       
         \__________||_|        |_|    |_|      \________//____________/        
                                                                                
====================================[ Qcore ]===================================

 Git describe: 2.3.0-1-g21d9df7e5
 Compiler:     GNU 9.1.0
 Build type:   Release
 Version:      2.3.0-1-g21d9df7e5

 Start time:   Tue Oct 26 05:10:16 2021

 Data directory: /work/zw18965/.local/qcore/share/entos/qcore/data
 Number of threads: 24
 Number of threads was determined by: command line argument
  - More threads can be used by running 'qcore -n 32'

 --------------------------------------------------------------------------------
                                   command: dft                                  
 --------------------------------------------------------------------------------
 AO basis set:                           def2-tzvppd
 Number of AO basis functions:         594

 Formula:                                C7H4O5Cr
 Nuclear charge:                       110.000000000
 Total charge:                           0.000000000
 Number of electrons:                  110.000000000

 Number of alpha electrons:             55
 Number of beta electrons:              55
 Number of unpaired electrons:           0
 Spin:                                   0
 Multiplicity:                           singlet

 Theory:                                 dft
 Exchange-correlation functional:        b3lyp
 Method for Coulomb:                     incore_df
 Method for exact exchange:              pre_transformed_df
 Integral threshold:                     1.00e-12
 DF basis set:                           def2-universal-jkfit
 Number of DF basis functions:        1246
 Schwarz screening threshold:            1.00e-10
 Coulomb fitting method:                 Cholesky
 Total number of grid points:       113708
 Method for AO orthogonalization:        symmetric
 Threshold for linear dependence:        1.00e-08
 D3BJ dispersion energy:                -0.041052317

 -------------------------------------
  Running restricted closed-shell SCF 
 -------------------------------------
 Max number of iterations:             128
 Conv. threshold (gradient):             1.00e-05
 Conv. threshold (energy):               1.00e-06
 Interpolation scheme:                   adiis+cdiis
 Initial guess:                          SAD

 ---------------------------------------------------------------
                  energy        change          grad        time
 ---------------------------------------------------------------
   0     -1691.563907583                    3.07e+01        0.87
   1     -1688.419420464      3.14e+00      7.17e+00        0.75
   2     -1658.978694003      2.94e+01      2.98e+01        0.73
   3     -1683.512537732     -2.45e+01      2.59e+01        0.70
   4     -1689.222925373     -5.71e+00      4.01e+00        0.74
   5     -1689.419218179     -1.96e-01      2.93e+00        0.74
   6     -1689.545682414     -1.26e-01      3.61e+00        0.77
   7     -1689.596713426     -5.10e-02      3.20e+00        0.82
   8     -1689.718378021     -1.22e-01      5.81e-01        0.83
   9     -1689.695541606      2.28e-02      9.46e-01        0.87
  10     -1689.721174474     -2.56e-02      8.56e-01        0.85
  11     -1689.702096957      1.91e-02      1.51e+00        0.84
  12     -1689.730899844     -2.88e-02      3.31e-01        0.86
  13     -1689.730973049     -7.32e-05      3.48e-01        0.86
  14     -1689.732360045     -1.39e-03      5.80e-02        0.83
  15     -1689.732290650      6.94e-05      7.30e-02        0.85
  16     -1689.732531089     -2.40e-04      3.93e-04        0.82
  17     -1689.732531090     -1.21e-09      3.42e-04        0.75
  18     -1689.732531092     -1.85e-09      4.62e-05        0.74
  19     -1689.732531092     -5.05e-11      1.32e-05        0.70
  20     -1689.732531092     -1.41e-11      5.26e-06        0.77

 SCF converged in 20 iterations.

 Dipole moment (in Debye):              -0.001914       0.002886      -2.840660

 Quadrupole moment (in Debye-Angstrom):
                  1            2            3
 1       -88.605150    -0.000051     0.002671
 2        -0.000051   -88.553534    -0.004637
 3         0.002671    -0.004637   -82.638888

 Spin-squared expectation <S^2>:         0.000
 Total spin quantum number S:            0.000
 TOTAL ENERGY:                       -1689.732531092

 --------------------------------------------------------------------------------

 End time:                               Tue Oct 26 05:10:45 2021
 Total wall-clock time:                 28.867 seconds
==================================================================================
