
================================================================================
          _____________ ________ _______________ ________     _________         
         / ___________// ______ \\_____   _____// ______ \   / ________)        
        / /_________  / /      \ \     | |     / /      \ \ | (_______          
       |  __________|| |        | |    | |    | |        | | \________ \        
        \ \_________ | |        | |    | |     \ \______/ /___________) |       
         \__________||_|        |_|    |_|      \________//____________/        
                                                                                
====================================[ Qcore ]===================================

 Git describe: 2.3.0-1-g21d9df7e5
 Compiler:     GNU 9.1.0
 Build type:   Release
 Version:      2.3.0-1-g21d9df7e5

 Start time:   Tue Oct 26 05:12:46 2021

 Data directory: /work/zw18965/.local/qcore/share/entos/qcore/data
 Number of threads: 24
 Number of threads was determined by: command line argument
  - More threads can be used by running 'qcore -n 32'

 --------------------------------------------------------------------------------
                                   command: dft                                  
 --------------------------------------------------------------------------------
 AO basis set:                           def2-tzvppd
 Number of AO basis functions:        1322
 ECP on atom 25 (Ru):                    28 electrons

 Formula:                                C16H31P2ClRu
 Nuclear charge:                       218.000000000
 Total charge:                           0.000000000
 Number of core electrons:              28
 Number of treated electrons:          190

 Number of alpha electrons:             95
 Number of beta electrons:              95
 Number of unpaired electrons:           0
 Spin:                                   0
 Multiplicity:                           singlet

 Theory:                                 dft
 Exchange-correlation functional:        b3lyp
 Method for Coulomb:                     incore_df
 Method for exact exchange:              pre_transformed_df
 Integral threshold:                     1.00e-12
 DF basis set:                           def2-universal-jkfit
 Number of DF basis functions:        2397
 Schwarz screening threshold:            1.00e-10
 Coulomb fitting method:                 Cholesky
 Total number of grid points:       321998
 Method for AO orthogonalization:        symmetric
 Threshold for linear dependence:        1.00e-08
 D3BJ dispersion energy:                -0.145415354

 -------------------------------------
  Running restricted closed-shell SCF 
 -------------------------------------
 Max number of iterations:             128
 Conv. threshold (gradient):             1.00e-05
 Conv. threshold (energy):               1.00e-06
 Interpolation scheme:                   adiis+cdiis
 Initial guess:                          SAD

 ---------------------------------------------------------------
                  energy        change          grad        time
 ---------------------------------------------------------------
   0     -1870.279025852                    4.68e+01        9.70
   1     -1865.539932284      4.74e+00      2.49e+00        7.49
   2     -1864.895751604      6.44e-01      5.96e+00        7.22
   3     -1865.976260532     -1.08e+00      5.24e+00        7.36
   4     -1864.483577157      1.49e+00      1.62e+01        7.11
   5     -1866.017405057     -1.53e+00      4.55e+00        7.60
   6     -1866.170771455     -1.53e-01      8.60e-01        7.53
   7     -1866.116690758      5.41e-02      3.05e+00        7.35
   8     -1866.168854188     -5.22e-02      9.73e-01        8.04
   9     -1866.175537911     -6.68e-03      7.19e-02        7.95
  10     -1866.175030973      5.07e-04      3.01e-01        8.42
  11     -1866.175575807     -5.45e-04      4.40e-03        7.78
  12     -1866.175576098     -2.91e-07      1.99e-03        7.50
  13     -1866.175576145     -4.72e-08      6.65e-04        7.42
  14     -1866.175576155     -9.99e-09      1.73e-04        7.63
  15     -1866.175576156     -4.36e-10      9.00e-05        7.68
  16     -1866.175576156     -1.86e-10      2.78e-05        7.53
  17     -1866.175576156     -1.93e-11      6.23e-06        7.59

 SCF converged in 17 iterations.

 Dipole moment (in Debye):              -1.093132       0.417540       4.661870

 Quadrupole moment (in Debye-Angstrom):
                  1            2            3
 1      -155.840458     0.103757    -2.945920
 2         0.103757  -154.384443    -1.915246
 3        -2.945920    -1.915246  -174.120085

 Spin-squared expectation <S^2>:         0.000
 Total spin quantum number S:            0.000
 TOTAL ENERGY:                       -1866.175576156

 --------------------------------------------------------------------------------

 End time:                               Tue Oct 26 05:15:48 2021
 Total wall-clock time:                182.655 seconds
==================================================================================
