
================================================================================
          _____________ ________ _______________ ________     _________         
         / ___________// ______ \\_____   _____// ______ \   / ________)        
        / /_________  / /      \ \     | |     / /      \ \ | (_______          
       |  __________|| |        | |    | |    | |        | | \________ \        
        \ \_________ | |        | |    | |     \ \______/ /___________) |       
         \__________||_|        |_|    |_|      \________//____________/        
                                                                                
====================================[ Qcore ]===================================

 Git describe: 2.3.0-1-g21d9df7e5
 Compiler:     GNU 9.1.0
 Build type:   Release
 Version:      2.3.0-1-g21d9df7e5

 Start time:   Tue Oct 26 05:15:14 2021

 Data directory: /work/zw18965/.local/qcore/share/entos/qcore/data
 Number of threads: 24
 Number of threads was determined by: command line argument

 --------------------------------------------------------------------------------
                                   command: dft                                  
 --------------------------------------------------------------------------------
 AO basis set:                           def2-tzvppd
 Number of AO basis functions:         714
 ECP on atom 1 (Mo):                     28 electrons
 ECP on atom 22 (I):                     28 electrons
 ECP on atom 23 (I):                     28 electrons

 Formula:                                C10H10MoI2
 Nuclear charge:                       218.000000000
 Total charge:                           0.000000000
 Number of core electrons:              84
 Number of treated electrons:          134

 Number of alpha electrons:             67
 Number of beta electrons:              67
 Number of unpaired electrons:           0
 Spin:                                   0
 Multiplicity:                           singlet

 Theory:                                 dft
 Exchange-correlation functional:        b3lyp
 Method for Coulomb:                     incore_df
 Method for exact exchange:              pre_transformed_df
 Integral threshold:                     1.00e-12
 DF basis set:                           def2-universal-jkfit
 Number of DF basis functions:        1621
 Schwarz screening threshold:            1.00e-10
 Coulomb fitting method:                 Cholesky
 Total number of grid points:       152910
 Method for AO orthogonalization:        symmetric
 Threshold for linear dependence:        1.00e-08
 D3BJ dispersion energy:                -0.077954192

 -------------------------------------
  Running restricted closed-shell SCF 
 -------------------------------------
 Max number of iterations:             128
 Conv. threshold (gradient):             1.00e-05
 Conv. threshold (energy):               1.00e-06
 Interpolation scheme:                   adiis+cdiis
 Initial guess:                          SAD

 ---------------------------------------------------------------
                  energy        change          grad        time
 ---------------------------------------------------------------
   0     -1053.772926681                    3.95e+01        1.97
   1     -1049.823464843      3.95e+00      8.18e+00        1.45
   2     -1039.769799491      1.01e+01      2.69e+01        1.38
   3     -1049.525732723     -9.76e+00      1.19e+01        1.43
   4     -1050.715324090     -1.19e+00      1.41e+00        1.38
   5     -1050.317447605      3.98e-01      6.18e+00        1.32
   6     -1050.698660767     -3.81e-01      1.71e+00        1.35
   7     -1050.742213063     -4.36e-02      1.27e-01        1.44
   8     -1050.739212093      3.00e-03      5.34e-01        1.37
   9     -1050.742563272     -3.35e-03      4.66e-02        1.39
  10     -1050.742447916      1.15e-04      1.51e-01        1.45
  11     -1050.742773445     -3.26e-04      5.88e-03        1.41
  12     -1050.742773877     -4.32e-07      1.33e-03        1.32
  13     -1050.742773910     -3.27e-08      3.15e-04        1.30
  14     -1050.742773914     -4.00e-09      7.73e-05        1.34
  15     -1050.742773914     -4.04e-10      8.49e-05        1.36
  16     -1050.742773914     -1.23e-10      2.39e-05        1.49
  17     -1050.742773914     -2.61e-11      1.13e-05        1.41
  18     -1050.742773914      4.09e-12      4.09e-06        1.36

 SCF converged in 18 iterations.

 Dipole moment (in Debye):               0.008999       7.223389       0.003476

 Quadrupole moment (in Debye-Angstrom):
                  1            2            3
 1      -141.236507     0.013121     0.386700
 2         0.013121  -129.847070    -0.000497
 3         0.386700    -0.000497  -128.981377

 Spin-squared expectation <S^2>:         0.000
 Total spin quantum number S:            0.000
 TOTAL ENERGY:                       -1050.742773914

 --------------------------------------------------------------------------------

 End time:                               Tue Oct 26 05:19:37 2021
 Total wall-clock time:                263.005 seconds
==================================================================================
