
================================================================================
          _____________ ________ _______________ ________     _________         
         / ___________// ______ \\_____   _____// ______ \   / ________)        
        / /_________  / /      \ \     | |     / /      \ \ | (_______          
       |  __________|| |        | |    | |    | |        | | \________ \        
        \ \_________ | |        | |    | |     \ \______/ /___________) |       
         \__________||_|        |_|    |_|      \________//____________/        
                                                                                
====================================[ Qcore ]===================================

 Git describe: 2.3.0-1-g21d9df7e5
 Compiler:     GNU 9.1.0
 Build type:   Release
 Version:      2.3.0-1-g21d9df7e5

 Start time:   Tue Oct 26 05:14:35 2021

 Data directory: /work/zw18965/.local/qcore/share/entos/qcore/data
 Number of threads: 24
 Number of threads was determined by: command line argument
  - More threads can be used by running 'qcore -n 32'

 --------------------------------------------------------------------------------
                                   command: dft                                  
 --------------------------------------------------------------------------------
 AO basis set:                           def2-tzvppd
 Number of AO basis functions:         773
 ECP on atom 1 (Mo):                     28 electrons

 Formula:                                C9H9N3O3Mo
 Nuclear charge:                       150.000000000
 Total charge:                           0.000000000
 Number of core electrons:              28
 Number of treated electrons:          122

 Number of alpha electrons:             61
 Number of beta electrons:              61
 Number of unpaired electrons:           0
 Spin:                                   0
 Multiplicity:                           singlet

 Theory:                                 dft
 Exchange-correlation functional:        b3lyp
 Method for Coulomb:                     incore_df
 Method for exact exchange:              pre_transformed_df
 Integral threshold:                     1.00e-12
 DF basis set:                           def2-universal-jkfit
 Number of DF basis functions:        1554
 Schwarz screening threshold:            1.00e-10
 Coulomb fitting method:                 Cholesky
 Total number of grid points:       163712
 Method for AO orthogonalization:        symmetric
 Threshold for linear dependence:        1.00e-08
 D3BJ dispersion energy:                -0.052212625

 -------------------------------------
  Running restricted closed-shell SCF 
 -------------------------------------
 Max number of iterations:             128
 Conv. threshold (gradient):             1.00e-05
 Conv. threshold (energy):               1.00e-06
 Interpolation scheme:                   adiis+cdiis
 Initial guess:                          SAD

 ---------------------------------------------------------------
                  energy        change          grad        time
 ---------------------------------------------------------------
   0      -808.613000434                    2.46e+01        1.72
   1      -809.767030507     -1.15e+00      6.51e+00        1.35
   2      -793.694089485      1.61e+01      3.08e+01        1.39
   3      -808.604214023     -1.49e+01      1.30e+01        1.40
   4      -810.416400448     -1.81e+00      2.80e+00        1.46
   5      -810.189227418      2.27e-01      4.74e+00        1.39
   6      -810.484552100     -2.95e-01      1.63e+00        1.38
   7      -810.406442568      7.81e-02      2.27e+00        1.40
   8      -810.530045046     -1.24e-01      6.58e-01        1.46
   9      -810.527864726      2.18e-03      7.90e-01        1.55
  10      -810.532662405     -4.80e-03      5.35e-01        1.50
  11      -810.537960170     -5.30e-03      2.05e-01        1.68
  12      -810.537706712      2.53e-04      2.02e-01        1.56
  13      -810.538681918     -9.75e-04      1.26e-01        1.66
  14      -810.538913084     -2.31e-04      9.51e-02        1.54
  15      -810.539188019     -2.75e-04      2.86e-02        1.61
  16      -810.539222565     -3.45e-05      1.53e-02        1.50
  17      -810.539311498     -8.89e-05      1.51e-02        1.37
  18      -810.539435904     -1.24e-04      1.41e-02        1.42
  19      -810.539631721     -1.96e-04      1.23e-02        1.41
  20      -810.539796860     -1.65e-04      1.57e-02        1.47
  21      -810.539873086     -7.62e-05      3.40e-02        1.36
  22      -810.539840218      3.29e-05      1.30e-02        1.39
  23      -810.539892276     -5.21e-05      6.94e-03        1.41
  24      -810.539909010     -1.67e-05      3.36e-03        1.37
  25      -810.539887161      2.18e-05      1.52e-02        1.35
  26      -810.539894404     -7.24e-06      1.23e-02        1.36
  27      -810.539908534     -1.41e-05      6.42e-03        1.38
  28      -810.539917148     -8.61e-06      1.12e-03        1.44
  29      -810.539918773     -1.62e-06      7.96e-04        1.38
  30      -810.539918839     -6.66e-08      7.40e-04        1.41
  31      -810.539918947     -1.07e-07      4.78e-04        1.39
  32      -810.539919085     -1.38e-07      4.67e-04        1.43
  33      -810.539919090     -4.98e-09      3.87e-04        1.43
  34      -810.539919091     -9.25e-10      2.01e-04        1.39
  35      -810.539919106     -1.53e-08      7.93e-05        1.35
  36      -810.539919099      6.83e-09      4.66e-05        1.35
  37      -810.539919096      3.31e-09      3.13e-05        1.48
  38      -810.539919093      3.29e-09      5.42e-06        1.42

 SCF converged in 38 iterations.

 Dipole moment (in Debye):               1.532172      -2.935018      25.906047

 Quadrupole moment (in Debye-Angstrom):
                  1            2            3
 1      -125.775071    -1.894365     0.931480
 2        -1.894365  -118.180907     6.395265
 3         0.931480     6.395265  -151.383348

 Spin-squared expectation <S^2>:         0.000
 Total spin quantum number S:            0.000
 TOTAL ENERGY:                        -810.539919106

 --------------------------------------------------------------------------------

 End time:                               Tue Oct 26 05:15:43 2021
 Total wall-clock time:                 68.546 seconds
==================================================================================
