
================================================================================
          _____________ ________ _______________ ________     _________         
         / ___________// ______ \\_____   _____// ______ \   / ________)        
        / /_________  / /      \ \     | |     / /      \ \ | (_______          
       |  __________|| |        | |    | |    | |        | | \________ \        
        \ \_________ | |        | |    | |     \ \______/ /___________) |       
         \__________||_|        |_|    |_|      \________//____________/        
                                                                                
====================================[ Qcore ]===================================

 Git describe: 2.3.0-1-g21d9df7e5
 Compiler:     GNU 9.1.0
 Build type:   Release
 Version:      2.3.0-1-g21d9df7e5

 Start time:   Tue Oct 26 05:10:48 2021

 Data directory: /work/zw18965/.local/qcore/share/entos/qcore/data
 Number of threads: 24
 Number of threads was determined by: command line argument
  - More threads can be used by running 'qcore -n 32'

 --------------------------------------------------------------------------------
                                   command: dft                                  
 --------------------------------------------------------------------------------
 AO basis set:                           def2-tzvppd
 Number of AO basis functions:        1027
 ECP on atom 1 (Ir):                     60 electrons

 Formula:                                C9H21O2P2Cl2Ir
 Nuclear charge:                       232.000000000
 Total charge:                           0.000000000
 Number of core electrons:              60
 Number of treated electrons:          172

 Number of alpha electrons:             86
 Number of beta electrons:              86
 Number of unpaired electrons:           0
 Spin:                                   0
 Multiplicity:                           singlet

 Theory:                                 dft
 Exchange-correlation functional:        b3lyp
 Method for Coulomb:                     incore_df
 Method for exact exchange:              pre_transformed_df
 Integral threshold:                     1.00e-12
 DF basis set:                           def2-universal-jkfit
 Number of DF basis functions:        1946
 Schwarz screening threshold:            1.00e-10
 Coulomb fitting method:                 Cholesky
 Total number of grid points:       237586
 Method for AO orthogonalization:        symmetric
 Threshold for linear dependence:        1.00e-08
 D3BJ dispersion energy:                -0.111363395

 -------------------------------------
  Running restricted closed-shell SCF 
 -------------------------------------
 Max number of iterations:             128
 Conv. threshold (gradient):             1.00e-05
 Conv. threshold (energy):               1.00e-06
 Interpolation scheme:                   adiis+cdiis
 Initial guess:                          SAD

 ---------------------------------------------------------------
                  energy        change          grad        time
 ---------------------------------------------------------------
   0     -2215.715034905                    1.31e+02        4.36
   1     -2213.088891159      2.63e+00      2.96e+00        3.48
   2     -2211.711796375      1.38e+00      1.18e+01        3.41
   3     -2213.400212538     -1.69e+00      2.96e+00        3.63
   4     -2212.742968790      6.57e-01      8.67e+00        3.59
   5     -2213.569930863     -8.27e-01      1.13e+00        3.42
   6     -2213.575783235     -5.85e-03      1.37e+00        3.66
   7     -2213.597468543     -2.17e-02      8.25e-01        3.65
   8     -2213.596553629      9.15e-04      8.57e-01        3.79
   9     -2213.605683360     -9.13e-03      1.65e-01        3.81
  10     -2213.603171427      2.51e-03      3.19e-01        4.01
  11     -2213.606375665     -3.20e-03      1.21e-01        3.93
  12     -2213.605919788      4.56e-04      2.78e-01        3.87
  13     -2213.606591313     -6.72e-04      5.60e-02        3.99
  14     -2213.606516669      7.46e-05      9.30e-02        4.00
  15     -2213.606665082     -1.48e-04      2.20e-04        3.96
  16     -2213.606665084     -1.54e-09      6.87e-05        3.59
  17     -2213.606665084     -6.59e-11      3.21e-05        3.61
  18     -2213.606665084     -2.73e-11      2.92e-06        3.48

 SCF converged in 18 iterations.

 Dipole moment (in Debye):               0.285791       2.013811       0.432833

 Quadrupole moment (in Debye-Angstrom):
                  1            2            3
 1      -113.019300     4.549050     1.171710
 2         4.549050  -159.650435    -6.384923
 3         1.171710    -6.384923  -158.700985

 Spin-squared expectation <S^2>:         0.000
 Total spin quantum number S:            0.000
 TOTAL ENERGY:                       -2213.606665084

 --------------------------------------------------------------------------------

 End time:                               Tue Oct 26 05:12:42 2021
 Total wall-clock time:                113.526 seconds
==================================================================================
