
================================================================================
          _____________ ________ _______________ ________     _________         
         / ___________// ______ \\_____   _____// ______ \   / ________)        
        / /_________  / /      \ \     | |     / /      \ \ | (_______          
       |  __________|| |        | |    | |    | |        | | \________ \        
        \ \_________ | |        | |    | |     \ \______/ /___________) |       
         \__________||_|        |_|    |_|      \________//____________/        
                                                                                
====================================[ Qcore ]===================================

 Git describe: 2.3.0-1-g21d9df7e5
 Compiler:     GNU 9.1.0
 Build type:   Release
 Version:      2.3.0-1-g21d9df7e5

 Start time:   Wed Oct 27 00:51:14 2021

 Data directory: /work/zw18965/.local/qcore/share/entos/qcore/data
 Number of threads: 24
 Number of threads was determined by: command line argument
  - More threads can be used by running 'qcore -n 32'

 --------------------------------------------------------------------------------
                                   command: dft                                  
 --------------------------------------------------------------------------------
 AO basis set:                           def2-tzvppd
 Number of AO basis functions:        3069
 ECP on atom 1 (Ru):                     28 electrons

 Formula:                                C43H72P2Cl2Ru
 Nuclear charge:                       438.000000000
 Total charge:                           0.000000000
 Number of core electrons:              28
 Number of treated electrons:          410

 Number of alpha electrons:            205
 Number of beta electrons:             205
 Number of unpaired electrons:           0
 Spin:                                   0
 Multiplicity:                           singlet

 Theory:                                 dft
 Exchange-correlation functional:        b3lyp
 Method for Coulomb:                     incore_df
 Method for exact exchange:              pre_transformed_df
 Integral threshold:                     1.00e-12
 DF basis set:                           def2-universal-jkfit
 Number of DF basis functions:        5288
 Schwarz screening threshold:            1.00e-10
 Coulomb fitting method:                 Cholesky
 Total number of grid points:       754582
 Method for AO orthogonalization:        symmetric
 Threshold for linear dependence:        1.00e-08
 D3BJ dispersion energy:                -0.357968244

 -------------------------------------
  Running restricted closed-shell SCF 
 -------------------------------------
 Max number of iterations:             128
 Conv. threshold (gradient):             1.00e-05
 Conv. threshold (energy):               1.00e-06
 Interpolation scheme:                   adiis+cdiis
 Initial guess:                          SAD

 ---------------------------------------------------------------
                  energy        change          grad        time
 ---------------------------------------------------------------
   0     -3390.293423957                    3.98e+01      127.86
   1     -3378.362845649      1.19e+01      3.84e+00       86.12
   2     -3375.761115861      2.60e+00      1.65e+01       86.25
   3     -3379.213369911     -3.45e+00      8.42e+00       86.25
   4     -3377.000640230      2.21e+00      2.05e+01       91.31
   5     -3379.562306928     -2.56e+00      3.76e+00       80.04
   6     -3379.738284284     -1.76e-01      4.36e-01       89.13
   7     -3379.702578202      3.57e-02      2.12e+00       80.84
   8     -3379.734370793     -3.18e-02      2.00e+00       83.21
   9     -3379.751593493     -1.72e-02      1.36e+00       84.44
  10     -3379.756721158     -5.13e-03      8.11e-01       86.93
  11     -3379.761288652     -4.57e-03      1.36e-01       97.20
  12     -3379.760381555      9.07e-04      4.37e-01       97.09
  13     -3379.761649681     -1.27e-03      2.70e-01       88.89
  14     -3379.761529760      1.20e-04      3.30e-01       92.60
  15     -3379.762120191     -5.90e-04      4.65e-02       87.86
  16     -3379.762036562      8.36e-05      8.23e-02       85.67
  17     -3379.762173781     -1.37e-04      1.98e-04       94.55
  18     -3379.762173782     -8.31e-10      7.33e-05       84.43
  19     -3379.762173782     -1.37e-10      4.69e-05       90.63
  20     -3379.762173781      4.75e-10      1.46e-05       87.75
  21     -3379.762173782     -2.68e-10      9.13e-06       78.30

 SCF converged in 21 iterations.

 Dipole moment (in Debye):               0.320490      -0.711615      -0.290727

 Quadrupole moment (in Debye-Angstrom):
                  1            2            3
 1      -329.800588    -1.224038    -1.766914
 2        -1.224038  -333.284884    -4.784943
 3        -1.766914    -4.784943  -358.341258

 Spin-squared expectation <S^2>:         0.000
 Total spin quantum number S:            0.000
 TOTAL ENERGY:                       -3379.762173782

 --------------------------------------------------------------------------------

 End time:                               Wed Oct 27 01:32:10 2021
 Total wall-clock time:               2456.046 seconds
==================================================================================
