
================================================================================
          _____________ ________ _______________ ________     _________         
         / ___________// ______ \\_____   _____// ______ \   / ________)        
        / /_________  / /      \ \     | |     / /      \ \ | (_______          
       |  __________|| |        | |    | |    | |        | | \________ \        
        \ \_________ | |        | |    | |     \ \______/ /___________) |       
         \__________||_|        |_|    |_|      \________//____________/        
                                                                                
====================================[ Qcore ]===================================

 Git describe: 2.3.0-1-g21d9df7e5
 Compiler:     GNU 9.1.0
 Build type:   Release
 Version:      2.3.0-1-g21d9df7e5

 Start time:   Tue Oct 26 05:20:36 2021

 Data directory: /work/zw18965/.local/qcore/share/entos/qcore/data
 Number of threads: 24
 Number of threads was determined by: command line argument

 --------------------------------------------------------------------------------
                                   command: dft                                  
 --------------------------------------------------------------------------------
 AO basis set:                           def2-tzvppd
 Number of AO basis functions:         721
 ECP on atom 1 (Mo):                     28 electrons

 Formula:                                C7H17NO2Mo
 Nuclear charge:                       124.000000000
 Total charge:                           0.000000000
 Number of core electrons:              28
 Number of treated electrons:           96

 Number of alpha electrons:             48
 Number of beta electrons:              48
 Number of unpaired electrons:           0
 Spin:                                   0
 Multiplicity:                           singlet

 Theory:                                 dft
 Exchange-correlation functional:        b3lyp
 Method for Coulomb:                     incore_df
 Method for exact exchange:              pre_transformed_df
 Integral threshold:                     1.00e-12
 DF basis set:                           def2-universal-jkfit
 Number of DF basis functions:        1317
 Schwarz screening threshold:            1.00e-10
 Coulomb fitting method:                 Cholesky
 Total number of grid points:       176688
 Method for AO orthogonalization:        symmetric
 Threshold for linear dependence:        1.00e-08
 D3BJ dispersion energy:                -0.055007465

 -------------------------------------
  Running restricted closed-shell SCF 
 -------------------------------------
 Max number of iterations:             128
 Conv. threshold (gradient):             1.00e-05
 Conv. threshold (energy):               1.00e-06
 Interpolation scheme:                   adiis+cdiis
 Initial guess:                          SAD

 ---------------------------------------------------------------
                  energy        change          grad        time
 ---------------------------------------------------------------
   0      -551.304024460                    2.82e+01        1.42
   1      -549.331502633      1.97e+00      5.27e+00        1.07
   2      -540.845253491      8.49e+00      2.56e+01        1.07
   3      -549.402968129     -8.56e+00      8.03e+00        1.17
   4      -550.250872087     -8.48e-01      2.42e+00        1.13
   5      -549.380881506      8.70e-01      9.21e+00        1.12
   6      -550.238579856     -8.58e-01      2.37e+00        1.11
   7      -550.329109900     -9.05e-02      5.52e-01        1.16
   8      -550.305686277      2.34e-02      1.20e+00        1.17
   9      -550.330917182     -2.52e-02      4.67e-01        1.21
  10      -550.331002059     -8.49e-05      3.83e-01        1.32
  11      -550.333115549     -2.11e-03      2.00e-01        1.32
  12      -550.333205754     -9.02e-05      1.62e-01        1.29
  13      -550.333386805     -1.81e-04      1.48e-01        1.29
  14      -550.333725890     -3.39e-04      3.15e-02        1.27
  15      -550.333685210      4.07e-05      5.61e-02        1.23
  16      -550.333739436     -5.42e-05      4.48e-05        1.23
  17      -550.333739436     -5.65e-11      1.52e-05        1.13
  18      -550.333739436     -1.10e-11      7.57e-06        1.15

 SCF converged in 18 iterations.

 Dipole moment (in Debye):              -2.682666       0.974092       0.495120

 Quadrupole moment (in Debye-Angstrom):
                  1            2            3
 1       -85.448633    -0.231738     0.095451
 2        -0.231738   -82.979830    -1.966574
 3         0.095451    -1.966574   -83.415907

 Spin-squared expectation <S^2>:         0.000
 Total spin quantum number S:            0.000
 TOTAL ENERGY:                        -550.333739436

 --------------------------------------------------------------------------------

 End time:                               Tue Oct 26 05:21:09 2021
 Total wall-clock time:                 32.962 seconds
==================================================================================
