
================================================================================
          _____________ ________ _______________ ________     _________         
         / ___________// ______ \\_____   _____// ______ \   / ________)        
        / /_________  / /      \ \     | |     / /      \ \ | (_______          
       |  __________|| |        | |    | |    | |        | | \________ \        
        \ \_________ | |        | |    | |     \ \______/ /___________) |       
         \__________||_|        |_|    |_|      \________//____________/        
                                                                                
====================================[ Qcore ]===================================

 Git describe: 2.3.0-1-g21d9df7e5
 Compiler:     GNU 9.1.0
 Build type:   Release
 Version:      2.3.0-1-g21d9df7e5

 Start time:   Tue Oct 26 05:16:25 2021

 Data directory: /work/zw18965/.local/qcore/share/entos/qcore/data
 Number of threads: 24
 Number of threads was determined by: command line argument
  - More threads can be used by running 'qcore -n 32'

 --------------------------------------------------------------------------------
                                   command: dft                                  
 --------------------------------------------------------------------------------
 AO basis set:                           def2-tzvppd
 Number of AO basis functions:         772
 ECP on atom 1 (Zr):                     28 electrons

 Formula:                                C12H13ClZr
 Nuclear charge:                       142.000000000
 Total charge:                           0.000000000
 Number of core electrons:              28
 Number of treated electrons:          114

 Number of alpha electrons:             57
 Number of beta electrons:              57
 Number of unpaired electrons:           0
 Spin:                                   0
 Multiplicity:                           singlet

 Theory:                                 dft
 Exchange-correlation functional:        b3lyp
 Method for Coulomb:                     incore_df
 Method for exact exchange:              pre_transformed_df
 Integral threshold:                     1.00e-12
 DF basis set:                           def2-universal-jkfit
 Number of DF basis functions:        1517
 Schwarz screening threshold:            1.00e-10
 Coulomb fitting method:                 Cholesky
 Total number of grid points:       173850
 Method for AO orthogonalization:        symmetric
 Threshold for linear dependence:        1.00e-08
 D3BJ dispersion energy:                -0.070350530

 -------------------------------------
  Running restricted closed-shell SCF 
 -------------------------------------
 Max number of iterations:             128
 Conv. threshold (gradient):             1.00e-05
 Conv. threshold (energy):               1.00e-06
 Interpolation scheme:                   adiis+cdiis
 Initial guess:                          SAD

 ---------------------------------------------------------------
                  energy        change          grad        time
 ---------------------------------------------------------------
   0      -975.555469626                    2.87e+01        2.02
   1      -971.828726118      3.73e+00      2.00e+00        1.53
   2      -970.808214368      1.02e+00      9.11e+00        1.63
   3      -972.149737786     -1.34e+00      1.09e+00        1.50
   4      -971.981669419      1.68e-01      3.78e+00        1.55
   5      -972.219025896     -2.37e-01      8.02e-01        1.53
   6      -972.200708818      1.83e-02      1.73e+00        1.60
   7      -972.248928057     -4.82e-02      4.95e-01        1.70
   8      -972.245707359      3.22e-03      6.46e-01        1.68
   9      -972.258574736     -1.29e-02      4.12e-02        1.68
  10      -972.258520797      5.39e-05      6.00e-02        1.70
  11      -972.258673447     -1.53e-04      1.14e-03        1.65
  12      -972.258673511     -6.33e-08      5.76e-04        1.57
  13      -972.258673524     -1.38e-08      1.97e-04        1.53
  14      -972.258673527     -2.29e-09      5.42e-05        1.57
  15      -972.258673527     -5.74e-11      1.08e-05        1.61
  16      -972.258673527     -8.41e-12      4.03e-06        1.49

 SCF converged in 16 iterations.

 Dipole moment (in Debye):               0.429621      -2.059106       2.320187

 Quadrupole moment (in Debye-Angstrom):
                  1            2            3
 1      -109.294581    -1.813538     0.763120
 2        -1.813538  -107.643307     5.874784
 3         0.763120     5.874784  -106.965887

 Spin-squared expectation <S^2>:         0.000
 Total spin quantum number S:            0.000
 TOTAL ENERGY:                        -972.258673527

 --------------------------------------------------------------------------------

 End time:                               Tue Oct 26 05:17:04 2021
 Total wall-clock time:                 39.159 seconds
==================================================================================
