
================================================================================
          _____________ ________ _______________ ________     _________         
         / ___________// ______ \\_____   _____// ______ \   / ________)        
        / /_________  / /      \ \     | |     / /      \ \ | (_______          
       |  __________|| |        | |    | |    | |        | | \________ \        
        \ \_________ | |        | |    | |     \ \______/ /___________) |       
         \__________||_|        |_|    |_|      \________//____________/        
                                                                                
====================================[ Qcore ]===================================

 Git describe: 2.3.0-1-g21d9df7e5
 Compiler:     GNU 9.1.0
 Build type:   Release
 Version:      2.3.0-1-g21d9df7e5

 Start time:   Tue Oct 26 05:15:52 2021

 Data directory: /work/zw18965/.local/qcore/share/entos/qcore/data
 Number of threads: 24
 Number of threads was determined by: command line argument
  - More threads can be used by running 'qcore -n 32'

 --------------------------------------------------------------------------------
                                   command: dft                                  
 --------------------------------------------------------------------------------
 AO basis set:                           def2-tzvppd
 Number of AO basis functions:         664
 ECP on atom 1 (Zr):                     28 electrons

 Formula:                                C10H11ClZr
 Nuclear charge:                       128.000000000
 Total charge:                           0.000000000
 Number of core electrons:              28
 Number of treated electrons:          100

 Number of alpha electrons:             50
 Number of beta electrons:              50
 Number of unpaired electrons:           0
 Spin:                                   0
 Multiplicity:                           singlet

 Theory:                                 dft
 Exchange-correlation functional:        b3lyp
 Method for Coulomb:                     incore_df
 Method for exact exchange:              pre_transformed_df
 Integral threshold:                     1.00e-12
 DF basis set:                           def2-universal-jkfit
 Number of DF basis functions:        1331
 Schwarz screening threshold:            1.00e-10
 Coulomb fitting method:                 Cholesky
 Total number of grid points:       148470
 Method for AO orthogonalization:        symmetric
 Threshold for linear dependence:        1.00e-08
 D3BJ dispersion energy:                -0.056884991

 -------------------------------------
  Running restricted closed-shell SCF 
 -------------------------------------
 Max number of iterations:             128
 Conv. threshold (gradient):             1.00e-05
 Conv. threshold (energy):               1.00e-06
 Interpolation scheme:                   adiis+cdiis
 Initial guess:                          SAD

 ---------------------------------------------------------------
                  energy        change          grad        time
 ---------------------------------------------------------------
   0      -897.959494283                    2.64e+01        1.25
   1      -894.584512662      3.37e+00      2.03e+00        1.02
   2      -893.745400257      8.39e-01      8.70e+00        1.02
   3      -894.869888285     -1.12e+00      7.68e-01        1.05
   4      -894.805988559      6.39e-02      2.24e+00        1.02
   5      -894.922665691     -1.17e-01      7.97e-01        1.04
   6      -894.904249346      1.84e-02      1.50e+00        1.03
   7      -894.944515901     -4.03e-02      1.27e-01        1.07
   8      -894.942050646      2.47e-03      2.76e-01        1.16
   9      -894.946484143     -4.43e-03      5.58e-02        1.13
  10      -894.946150085      3.34e-04      1.26e-01        1.10
  11      -894.946693607     -5.44e-04      2.42e-04        1.10
  12      -894.946693611     -3.24e-09      1.49e-04        1.06
  13      -894.946693611     -4.14e-10      7.75e-05        1.08
  14      -894.946693611     -2.00e-10      1.36e-05        1.08
  15      -894.946693611     -9.66e-12      7.12e-06        1.06

 SCF converged in 15 iterations.

 Dipole moment (in Debye):              -0.015069      -3.327582       1.271560

 Quadrupole moment (in Debye-Angstrom):
                  1            2            3
 1       -97.236228     0.001721    -0.002431
 2         0.001721  -100.144031     0.707874
 3        -0.002431     0.707874   -92.883157

 Spin-squared expectation <S^2>:         0.000
 Total spin quantum number S:            0.000
 TOTAL ENERGY:                        -894.946693611

 --------------------------------------------------------------------------------

 End time:                               Tue Oct 26 05:16:18 2021
 Total wall-clock time:                 25.444 seconds
==================================================================================
