
================================================================================
          _____________ ________ _______________ ________     _________         
         / ___________// ______ \\_____   _____// ______ \   / ________)        
        / /_________  / /      \ \     | |     / /      \ \ | (_______          
       |  __________|| |        | |    | |    | |        | | \________ \        
        \ \_________ | |        | |    | |     \ \______/ /___________) |       
         \__________||_|        |_|    |_|      \________//____________/        
                                                                                
====================================[ Qcore ]===================================

 Git describe: 2.3.0-1-g21d9df7e5
 Compiler:     GNU 9.1.0
 Build type:   Release
 Version:      2.3.0-1-g21d9df7e5

 Start time:   Tue Oct 26 05:17:08 2021

 Data directory: /work/zw18965/.local/qcore/share/entos/qcore/data
 Number of threads: 24
 Number of threads was determined by: command line argument
  - More threads can be used by running 'qcore -n 32'

 --------------------------------------------------------------------------------
                                   command: dft                                  
 --------------------------------------------------------------------------------
 AO basis set:                           def2-tzvppd
 Number of AO basis functions:        1005
 ECP on atom 15 (W):                     60 electrons

 Formula:                                C9H14O3S5W(2-)
 Nuclear charge:                       246.000000000
 Total charge:                          -2.000000000
 Number of core electrons:              60
 Number of treated electrons:          188

 Number of alpha electrons:             94
 Number of beta electrons:              94
 Number of unpaired electrons:           0
 Spin:                                   0
 Multiplicity:                           singlet

 Theory:                                 dft
 Exchange-correlation functional:        b3lyp
 Method for Coulomb:                     incore_df
 Method for exact exchange:              pre_transformed_df
 Integral threshold:                     1.00e-12
 DF basis set:                           def2-universal-jkfit
 Number of DF basis functions:        2025
 Schwarz screening threshold:            1.00e-10
 Coulomb fitting method:                 Cholesky
 Total number of grid points:       210218
 Method for AO orthogonalization:        symmetric
 Threshold for linear dependence:        1.00e-08
 D3BJ dispersion energy:                -0.098232542

 -------------------------------------
  Running restricted closed-shell SCF 
 -------------------------------------
 Max number of iterations:             128
 Conv. threshold (gradient):             1.00e-05
 Conv. threshold (energy):               1.00e-06
 Interpolation scheme:                   adiis+cdiis
 Initial guess:                          SAD

 ---------------------------------------------------------------
                  energy        change          grad        time
 ---------------------------------------------------------------
   0     -2637.413735235                    2.28e+02        4.31
   1     -2634.319938077      3.09e+00      3.57e+00        3.37
   2     -2620.093130444      1.42e+01      2.46e+01        3.43
   3     -2634.079441067     -1.40e+01      6.31e+00        3.34
   4     -2634.949020658     -8.70e-01      2.28e+00        3.39
   5     -2633.539161185      1.41e+00      1.14e+01        3.40
   6     -2634.957754011     -1.42e+00      2.18e+00        3.45
   7     -2635.074916876     -1.17e-01      1.87e-01        3.50
   8     -2635.065352132      9.56e-03      4.45e-01        3.47
   9     -2635.076449757     -1.11e-02      1.46e-01        3.69
  10     -2635.076163544      2.86e-04      3.46e-01        3.77
  11     -2635.076965693     -8.02e-04      1.80e-01        3.82
  12     -2635.077370093     -4.04e-04      6.56e-02        3.80
  13     -2635.077407642     -3.75e-05      4.08e-02        3.79
  14     -2635.077477917     -7.03e-05      8.61e-04        3.56
  15     -2635.077477948     -3.08e-08      3.18e-04        3.35
  16     -2635.077477954     -5.97e-09      1.40e-04        3.50
  17     -2635.077477956     -1.31e-09      6.46e-05        3.50
  18     -2635.077477956     -2.67e-10      3.42e-05        3.21
  19     -2635.077477956     -6.28e-11      1.95e-05        3.25
  20     -2635.077477956     -4.27e-11      7.21e-06        3.28

 SCF converged in 20 iterations.

 Dipole moment (in Debye):               9.396146       1.517781       3.014377

 Quadrupole moment (in Debye-Angstrom):
                  1            2            3
 1      -270.881229    -9.111574    12.670263
 2        -9.111574  -212.350373     4.110931
 3        12.670263     4.110931  -196.175672

 Spin-squared expectation <S^2>:         0.000
 Total spin quantum number S:            0.000
 TOTAL ENERGY:                       -2635.077477956

 --------------------------------------------------------------------------------

 End time:                               Tue Oct 26 05:19:02 2021
 Total wall-clock time:                113.697 seconds
==================================================================================
