
================================================================================
          _____________ ________ _______________ ________     _________         
         / ___________// ______ \\_____   _____// ______ \   / ________)        
        / /_________  / /      \ \     | |     / /      \ \ | (_______          
       |  __________|| |        | |    | |    | |        | | \________ \        
        \ \_________ | |        | |    | |     \ \______/ /___________) |       
         \__________||_|        |_|    |_|      \________//____________/        
                                                                                
====================================[ Qcore ]===================================

 Git describe: 2.3.0-1-g21d9df7e5
 Compiler:     GNU 9.1.0
 Build type:   Release
 Version:      2.3.0-1-g21d9df7e5

 Start time:   Tue Oct 26 05:19:06 2021

 Data directory: /work/zw18965/.local/qcore/share/entos/qcore/data
 Number of threads: 24
 Number of threads was determined by: command line argument
  - More threads can be used by running 'qcore -n 32'

 --------------------------------------------------------------------------------
                                   command: dft                                  
 --------------------------------------------------------------------------------
 AO basis set:                           def2-tzvppd
 Number of AO basis functions:         871
 ECP on atom 2 (Mo):                     28 electrons

 Formula:                                C7H13O2S5Mo-
 Nuclear charge:                       193.000000000
 Total charge:                          -1.000000000
 Number of core electrons:              28
 Number of treated electrons:          166

 Number of alpha electrons:             83
 Number of beta electrons:              83
 Number of unpaired electrons:           0
 Spin:                                   0
 Multiplicity:                           singlet

 Theory:                                 dft
 Exchange-correlation functional:        b3lyp
 Method for Coulomb:                     incore_df
 Method for exact exchange:              pre_transformed_df
 Integral threshold:                     1.00e-12
 DF basis set:                           def2-universal-jkfit
 Number of DF basis functions:        1808
 Schwarz screening threshold:            1.00e-10
 Coulomb fitting method:                 Cholesky
 Total number of grid points:       183078
 Method for AO orthogonalization:        symmetric
 Threshold for linear dependence:        1.00e-08
 D3BJ dispersion energy:                -0.093913872

 -------------------------------------
  Running restricted closed-shell SCF 
 -------------------------------------
 Max number of iterations:             128
 Conv. threshold (gradient):             1.00e-05
 Conv. threshold (energy):               1.00e-06
 Interpolation scheme:                   adiis+cdiis
 Initial guess:                          SAD

 ---------------------------------------------------------------
                  energy        change          grad        time
 ---------------------------------------------------------------
   0     -2486.350574905                    2.68e+01        2.78
   1     -2483.214656075      3.14e+00      8.02e+00        2.22
   2     -2470.303378493      1.29e+01      2.99e+01        2.17
   3     -2482.430118111     -1.21e+01      1.34e+01        2.37
   4     -2483.830960343     -1.40e+00      6.92e+00        2.25
   5     -2483.692421331      1.39e-01      7.39e+00        2.24
   6     -2484.015723367     -3.23e-01      4.02e+00        2.41
   7     -2483.924562007      9.12e-02      5.55e+00        2.46
   8     -2484.138593303     -2.14e-01      1.49e+00        2.46
   9     -2484.134220817      4.37e-03      1.74e+00        2.48
  10     -2484.153513571     -1.93e-02      1.29e+00        2.51
  11     -2484.150179772      3.33e-03      1.48e+00        2.61
  12     -2484.163056560     -1.29e-02      8.19e-01        2.53
  13     -2484.165884819     -2.83e-03      5.18e-01        2.56
  14     -2484.167200651     -1.32e-03      2.04e-01        2.51
  15     -2484.167289937     -8.93e-05      1.33e-01        2.68
  16     -2484.167387667     -9.77e-05      1.60e-01        2.58
  17     -2484.167594321     -2.07e-04      1.33e-01        2.46
  18     -2484.167312197      2.82e-04      1.97e-01        2.52
  19     -2484.167698775     -3.87e-04      6.48e-02        2.60
  20     -2484.167726943     -2.82e-05      2.16e-02        2.60
  21     -2484.167736164     -9.22e-06      2.45e-04        2.46
  22     -2484.167736164     -6.92e-10      8.49e-05        2.33
  23     -2484.167736165     -1.70e-10      2.28e-05        2.27
  24     -2484.167736165     -9.09e-12      9.56e-06        2.15

 SCF converged in 24 iterations.

 Dipole moment (in Debye):              -6.550979      -1.168267       1.026637

 Quadrupole moment (in Debye-Angstrom):
                  1            2            3
 1      -152.319933     0.828065     1.217872
 2         0.828065  -164.323275    -0.133040
 3         1.217872    -0.133040  -165.440239

 Spin-squared expectation <S^2>:         0.000
 Total spin quantum number S:            0.000
 TOTAL ENERGY:                       -2484.167736165

 --------------------------------------------------------------------------------

 End time:                               Tue Oct 26 05:20:22 2021
 Total wall-clock time:                 76.300 seconds
==================================================================================
