
================================================================================
          _____________ ________ _______________ ________     _________         
         / ___________// ______ \\_____   _____// ______ \   / ________)        
        / /_________  / /      \ \     | |     / /      \ \ | (_______          
       |  __________|| |        | |    | |    | |        | | \________ \        
        \ \_________ | |        | |    | |     \ \______/ /___________) |       
         \__________||_|        |_|    |_|      \________//____________/        
                                                                                
====================================[ Qcore ]===================================

 Git describe: 2.3.0-1-g21d9df7e5
 Compiler:     GNU 9.1.0
 Build type:   Release
 Version:      2.3.0-1-g21d9df7e5

 Start time:   Tue Oct 26 05:19:41 2021

 Data directory: /work/zw18965/.local/qcore/share/entos/qcore/data
 Number of threads: 24
 Number of threads was determined by: command line argument

 --------------------------------------------------------------------------------
                                   command: dft                                  
 --------------------------------------------------------------------------------
 AO basis set:                           def2-tzvppd
 Number of AO basis functions:         871
 ECP on atom 2 (Mo):                     28 electrons

 Formula:                                C7H13O2S5Mo-
 Nuclear charge:                       193.000000000
 Total charge:                          -1.000000000
 Number of core electrons:              28
 Number of treated electrons:          166

 Number of alpha electrons:             83
 Number of beta electrons:              83
 Number of unpaired electrons:           0
 Spin:                                   0
 Multiplicity:                           singlet

 Theory:                                 dft
 Exchange-correlation functional:        b3lyp
 Method for Coulomb:                     incore_df
 Method for exact exchange:              pre_transformed_df
 Integral threshold:                     1.00e-12
 DF basis set:                           def2-universal-jkfit
 Number of DF basis functions:        1808
 Schwarz screening threshold:            1.00e-10
 Coulomb fitting method:                 Cholesky
 Total number of grid points:       183078
 Method for AO orthogonalization:        symmetric
 Threshold for linear dependence:        1.00e-08
 D3BJ dispersion energy:                -0.091749457

 -------------------------------------
  Running restricted closed-shell SCF 
 -------------------------------------
 Max number of iterations:             128
 Conv. threshold (gradient):             1.00e-05
 Conv. threshold (energy):               1.00e-06
 Interpolation scheme:                   adiis+cdiis
 Initial guess:                          SAD

 ---------------------------------------------------------------
                  energy        change          grad        time
 ---------------------------------------------------------------
   0     -2486.548376406                    2.63e+01        2.58
   1     -2483.327960109      3.22e+00      7.19e+00        2.25
   2     -2474.350457994      8.98e+00      2.68e+01        2.04
   3     -2483.463300588     -9.11e+00      5.58e+00        2.14
   4     -2484.048070298     -5.85e-01      2.53e+00        2.12
   5     -2482.549044672      1.50e+00      9.81e+00        2.21
   6     -2483.990909014     -1.44e+00      3.66e+00        2.07
   7     -2484.161461797     -1.71e-01      1.55e+00        2.26
   8     -2484.029888625      1.32e-01      3.93e+00        2.14
   9     -2484.157395806     -1.28e-01      1.48e+00        2.36
  10     -2484.178274306     -2.09e-02      8.02e-01        2.33
  11     -2484.181360433     -3.09e-03      5.53e-01        2.37
  12     -2484.183472506     -2.11e-03      1.74e-01        2.32
  13     -2484.180526075      2.95e-03      5.87e-01        2.27
  14     -2484.183517914     -2.99e-03      1.98e-01        2.34
  15     -2484.183845479     -3.28e-04      7.60e-02        2.50
  16     -2484.183536851      3.09e-04      1.89e-01        2.41
  17     -2484.183905161     -3.68e-04      1.36e-04        2.41
  18     -2484.183905161     -4.60e-10      1.10e-04        2.21
  19     -2484.183905162     -5.13e-10      3.01e-05        2.22
  20     -2484.183905162     -2.18e-11      2.01e-05        2.18
  21     -2484.183905162     -5.46e-12      9.35e-06        2.19

 SCF converged in 21 iterations.

 Dipole moment (in Debye):              -8.698998      -0.316561       1.527023

 Quadrupole moment (in Debye-Angstrom):
                  1            2            3
 1      -147.052638     0.257109    -2.331834
 2         0.257109  -163.493531     0.682242
 3        -2.331834     0.682242  -167.341140

 Spin-squared expectation <S^2>:         0.000
 Total spin quantum number S:            0.000
 TOTAL ENERGY:                       -2484.183905162

 --------------------------------------------------------------------------------

 End time:                               Tue Oct 26 05:20:46 2021
 Total wall-clock time:                 65.631 seconds
==================================================================================
