
================================================================================
          _____________ ________ _______________ ________     _________         
         / ___________// ______ \\_____   _____// ______ \   / ________)        
        / /_________  / /      \ \     | |     / /      \ \ | (_______          
       |  __________|| |        | |    | |    | |        | | \________ \        
        \ \_________ | |        | |    | |     \ \______/ /___________) |       
         \__________||_|        |_|    |_|      \________//____________/        
                                                                                
====================================[ Qcore ]===================================

 Git describe: 2.3.0-1-g21d9df7e5
 Compiler:     GNU 9.1.0
 Build type:   Release
 Version:      2.3.0-1-g21d9df7e5

 Start time:   Tue Oct 26 05:18:31 2021

 Data directory: /work/zw18965/.local/qcore/share/entos/qcore/data
 Number of threads: 24
 Number of threads was determined by: command line argument

 --------------------------------------------------------------------------------
                                   command: dft                                  
 --------------------------------------------------------------------------------
 AO basis set:                           def2-tzvppd
 Number of AO basis functions:        1005
 ECP on atom 15 (W):                     60 electrons

 Formula:                                C9H14O3S5W(2-)
 Nuclear charge:                       246.000000000
 Total charge:                          -2.000000000
 Number of core electrons:              60
 Number of treated electrons:          188

 Number of alpha electrons:             94
 Number of beta electrons:              94
 Number of unpaired electrons:           0
 Spin:                                   0
 Multiplicity:                           singlet

 Theory:                                 dft
 Exchange-correlation functional:        b3lyp
 Method for Coulomb:                     incore_df
 Method for exact exchange:              pre_transformed_df
 Integral threshold:                     1.00e-12
 DF basis set:                           def2-universal-jkfit
 Number of DF basis functions:        2025
 Schwarz screening threshold:            1.00e-10
 Coulomb fitting method:                 Cholesky
 Total number of grid points:       210218
 Method for AO orthogonalization:        symmetric
 Threshold for linear dependence:        1.00e-08
 D3BJ dispersion energy:                -0.103544107

 -------------------------------------
  Running restricted closed-shell SCF 
 -------------------------------------
 Max number of iterations:             128
 Conv. threshold (gradient):             1.00e-05
 Conv. threshold (energy):               1.00e-06
 Interpolation scheme:                   adiis+cdiis
 Initial guess:                          SAD

 ---------------------------------------------------------------
                  energy        change          grad        time
 ---------------------------------------------------------------
   0     -2637.628324519                    2.42e+02        4.84
   1     -2634.349526402      3.28e+00      3.67e+00        3.55
   2     -2623.130096967      1.12e+01      2.65e+01        3.32
   3     -2634.029534281     -1.09e+01      7.31e+00        3.35
   4     -2634.931196573     -9.02e-01      2.63e+00        3.08
   5     -2633.696955408      1.23e+00      1.19e+01        3.26
   6     -2634.953453129     -1.26e+00      2.54e+00        3.61
   7     -2635.057960566     -1.05e-01      4.15e-01        3.58
   8     -2635.032219722      2.57e-02      1.10e+00        3.78
   9     -2635.059482754     -2.73e-02      3.12e-01        3.78
  10     -2635.061682631     -2.20e-03      2.01e-01        3.99
  11     -2635.056248600      5.43e-03      7.49e-01        3.91
  12     -2635.061403313     -5.15e-03      2.32e-01        4.02
  13     -2635.062145862     -7.43e-04      6.55e-02        3.87
  14     -2635.061921642      2.24e-04      1.41e-01        4.01
  15     -2635.062194233     -2.73e-04      4.27e-04        3.70
  16     -2635.062194236     -3.15e-09      2.76e-04        4.16
  17     -2635.062194238     -1.90e-09      1.33e-04        3.41
  18     -2635.062194239     -9.40e-10      2.88e-05        3.38
  19     -2635.062194239     -5.91e-12      1.73e-05        3.65
  20     -2635.062194239     -3.00e-11      8.85e-06        3.43

 SCF converged in 20 iterations.

 Dipole moment (in Debye):               6.462453      -3.077012       0.558082

 Quadrupole moment (in Debye-Angstrom):
                  1            2            3
 1      -272.795385    -6.831215    -3.032481
 2        -6.831215  -200.445874    -3.681800
 3        -3.032481    -3.681800  -199.250549

 Spin-squared expectation <S^2>:         0.000
 Total spin quantum number S:            0.000
 TOTAL ENERGY:                       -2635.062194239

 --------------------------------------------------------------------------------

 End time:                               Tue Oct 26 05:20:33 2021
 Total wall-clock time:                121.419 seconds
==================================================================================
