
================================================================================
          _____________ ________ _______________ ________     _________         
         / ___________// ______ \\_____   _____// ______ \   / ________)        
        / /_________  / /      \ \     | |     / /      \ \ | (_______          
       |  __________|| |        | |    | |    | |        | | \________ \        
        \ \_________ | |        | |    | |     \ \______/ /___________) |       
         \__________||_|        |_|    |_|      \________//____________/        
                                                                                
====================================[ Qcore ]===================================

 Git describe: 2.3.0-1-g21d9df7e5
 Compiler:     GNU 9.1.0
 Build type:   Release
 Version:      2.3.0-1-g21d9df7e5

 Start time:   Tue Oct 26 05:20:50 2021

 Data directory: /work/zw18965/.local/qcore/share/entos/qcore/data
 Number of threads: 24
 Number of threads was determined by: command line argument

 --------------------------------------------------------------------------------
                                   command: dft                                  
 --------------------------------------------------------------------------------
 AO basis set:                           def2-tzvppd
 Number of AO basis functions:         721
 ECP on atom 1 (Mo):                     28 electrons

 Formula:                                C7H17NO2Mo
 Nuclear charge:                       124.000000000
 Total charge:                           0.000000000
 Number of core electrons:              28
 Number of treated electrons:           96

 Number of alpha electrons:             48
 Number of beta electrons:              48
 Number of unpaired electrons:           0
 Spin:                                   0
 Multiplicity:                           singlet

 Theory:                                 dft
 Exchange-correlation functional:        b3lyp
 Method for Coulomb:                     incore_df
 Method for exact exchange:              pre_transformed_df
 Integral threshold:                     1.00e-12
 DF basis set:                           def2-universal-jkfit
 Number of DF basis functions:        1317
 Schwarz screening threshold:            1.00e-10
 Coulomb fitting method:                 Cholesky
 Total number of grid points:       176688
 Method for AO orthogonalization:        symmetric
 Threshold for linear dependence:        1.00e-08
 D3BJ dispersion energy:                -0.054406410

 -------------------------------------
  Running restricted closed-shell SCF 
 -------------------------------------
 Max number of iterations:             128
 Conv. threshold (gradient):             1.00e-05
 Conv. threshold (energy):               1.00e-06
 Interpolation scheme:                   adiis+cdiis
 Initial guess:                          SAD

 ---------------------------------------------------------------
                  energy        change          grad        time
 ---------------------------------------------------------------
   0      -551.489116515                    3.05e+01        1.36
   1      -549.333374188      2.16e+00      5.53e+00        1.10
   2      -540.831542242      8.50e+00      2.89e+01        1.06
   3      -549.462028258     -8.63e+00      7.86e+00        1.07
   4      -550.309043370     -8.47e-01      1.58e+00        1.09
   5      -549.689211130      6.20e-01      7.38e+00        1.09
   6      -550.287588247     -5.98e-01      1.93e+00        1.13
   7      -550.353520057     -6.59e-02      2.79e-01        1.13
   8      -550.347389637      6.13e-03      6.69e-01        1.16
   9      -550.353790673     -6.40e-03      2.54e-01        1.18
  10      -550.353594361      1.96e-04      2.46e-01        1.21
  11      -550.354573768     -9.79e-04      5.67e-02        1.25
  12      -550.354417255      1.57e-04      1.17e-01        1.23
  13      -550.354623606     -2.06e-04      6.61e-04        1.15
  14      -550.354623613     -7.29e-09      2.82e-04        1.12
  15      -550.354623615     -1.80e-09      8.24e-05        1.06
  16      -550.354623615     -2.50e-10      1.35e-05        1.12
  17      -550.354623615     -1.02e-11      6.50e-06        1.14

 SCF converged in 17 iterations.

 Dipole moment (in Debye):              -2.657321       0.510947       0.656168

 Quadrupole moment (in Debye-Angstrom):
                  1            2            3
 1       -84.727151    -0.624398    -0.275531
 2        -0.624398   -81.115390     0.576867
 3        -0.275531     0.576867   -85.567798

 Spin-squared expectation <S^2>:         0.000
 Total spin quantum number S:            0.000
 TOTAL ENERGY:                        -550.354623615

 --------------------------------------------------------------------------------

 End time:                               Tue Oct 26 05:21:20 2021
 Total wall-clock time:                 30.692 seconds
==================================================================================
