
================================================================================
          _____________ ________ _______________ ________     _________         
         / ___________// ______ \\_____   _____// ______ \   / ________)        
        / /_________  / /      \ \     | |     / /      \ \ | (_______          
       |  __________|| |        | |    | |    | |        | | \________ \        
        \ \_________ | |        | |    | |     \ \______/ /___________) |       
         \__________||_|        |_|    |_|      \________//____________/        
                                                                                
====================================[ Qcore ]===================================

 Git describe: 2.3.0-1-g21d9df7e5
 Compiler:     GNU 9.1.0
 Build type:   Release
 Version:      2.3.0-1-g21d9df7e5

 Start time:   Tue Oct 26 05:22:43 2021

 Data directory: /work/zw18965/.local/qcore/share/entos/qcore/data
 Number of threads: 24
 Number of threads was determined by: command line argument

 --------------------------------------------------------------------------------
                                   command: dft                                  
 --------------------------------------------------------------------------------
 AO basis set:                           def2-tzvppd
 Number of AO basis functions:         825
 ECP on atom 1 (Re):                     60 electrons

 Formula:                                C9H8O6BrRe
 Nuclear charge:                       220.000000000
 Total charge:                           0.000000000
 Number of core electrons:              60
 Number of treated electrons:          160

 Number of alpha electrons:             80
 Number of beta electrons:              80
 Number of unpaired electrons:           0
 Spin:                                   0
 Multiplicity:                           singlet

 Theory:                                 dft
 Exchange-correlation functional:        b3lyp
 Method for Coulomb:                     incore_df
 Method for exact exchange:              pre_transformed_df
 Integral threshold:                     1.00e-12
 DF basis set:                           def2-universal-jkfit
 Number of DF basis functions:        1774
 Schwarz screening threshold:            1.00e-10
 Coulomb fitting method:                 Cholesky
 Total number of grid points:       167124
 Method for AO orthogonalization:        symmetric
 Threshold for linear dependence:        1.00e-08
 D3BJ dispersion energy:                -0.064959178

 -------------------------------------
  Running restricted closed-shell SCF 
 -------------------------------------
 Max number of iterations:             128
 Conv. threshold (gradient):             1.00e-05
 Conv. threshold (energy):               1.00e-06
 Interpolation scheme:                   adiis+cdiis
 Initial guess:                          SAD

 ---------------------------------------------------------------
                  energy        change          grad        time
 ---------------------------------------------------------------
   0     -3454.652466966                    2.28e+02        2.57
   1     -3451.099324155      3.55e+00      2.80e+00        2.01
   2     -3448.747378458      2.35e+00      1.23e+01        1.90
   3     -3451.311002918     -2.56e+00      2.52e+00        1.90
   4     -3451.452357496     -1.41e-01      1.17e+00        1.87
   5     -3451.400618401      5.17e-02      1.98e+00        1.92
   6     -3451.452129094     -5.15e-02      1.29e+00        1.92
   7     -3451.472056628     -1.99e-02      9.36e-01        1.99
   8     -3451.476129665     -4.07e-03      7.05e-01        2.05
   9     -3451.481483574     -5.35e-03      1.84e-01        2.02
  10     -3451.479617759      1.87e-03      3.42e-01        2.11
  11     -3451.481635323     -2.02e-03      1.93e-01        2.17
  12     -3451.481014075      6.21e-04      2.98e-01        2.23
  13     -3451.482147035     -1.13e-03      4.70e-02        2.23
  14     -3451.482023457      1.24e-04      1.16e-01        2.11
  15     -3451.482173058     -1.50e-04      7.60e-05        1.98
  16     -3451.482173058     -1.26e-10      5.60e-05        1.91
  17     -3451.482173058     -9.78e-11      3.52e-05        2.02
  18     -3451.482173058      4.55e-13      2.09e-05        1.92
  19     -3451.482173058     -4.55e-13      4.26e-06        1.92

 SCF converged in 19 iterations.

 Dipole moment (in Debye):               5.368437       2.326171      -0.393710

 Quadrupole moment (in Debye-Angstrom):
                  1            2            3
 1      -122.668627     1.556486     9.512164
 2         1.556486  -136.478025     1.395107
 3         9.512164     1.395107  -128.721687

 Spin-squared expectation <S^2>:         0.000
 Total spin quantum number S:            0.000
 TOTAL ENERGY:                       -3451.482173058

 --------------------------------------------------------------------------------

 End time:                               Tue Oct 26 05:24:12 2021
 Total wall-clock time:                 88.449 seconds
==================================================================================
