
================================================================================
          _____________ ________ _______________ ________     _________         
         / ___________// ______ \\_____   _____// ______ \   / ________)        
        / /_________  / /      \ \     | |     / /      \ \ | (_______          
       |  __________|| |        | |    | |    | |        | | \________ \        
        \ \_________ | |        | |    | |     \ \______/ /___________) |       
         \__________||_|        |_|    |_|      \________//____________/        
                                                                                
====================================[ Qcore ]===================================

 Git describe: 2.3.0-1-g21d9df7e5
 Compiler:     GNU 9.1.0
 Build type:   Release
 Version:      2.3.0-1-g21d9df7e5

 Start time:   Tue Oct 26 05:22:53 2021

 Data directory: /work/zw18965/.local/qcore/share/entos/qcore/data
 Number of threads: 24
 Number of threads was determined by: command line argument

 --------------------------------------------------------------------------------
                                   command: dft                                  
 --------------------------------------------------------------------------------
 AO basis set:                           def2-tzvppd
 Number of AO basis functions:        1122
 ECP on atom 23 (Au):                    60 electrons

 Formula:                                C16H14O2Cl3Au
 Nuclear charge:                       256.000000000
 Total charge:                           0.000000000
 Number of core electrons:              60
 Number of treated electrons:          196

 Number of alpha electrons:             98
 Number of beta electrons:              98
 Number of unpaired electrons:           0
 Spin:                                   0
 Multiplicity:                           singlet

 Theory:                                 dft
 Exchange-correlation functional:        b3lyp
 Method for Coulomb:                     incore_df
 Method for exact exchange:              pre_transformed_df
 Integral threshold:                     1.00e-12
 DF basis set:                           def2-universal-jkfit
 Number of DF basis functions:        2237
 Schwarz screening threshold:            1.00e-10
 Coulomb fitting method:                 Cholesky
 Total number of grid points:       236750
 Method for AO orthogonalization:        symmetric
 Threshold for linear dependence:        1.00e-08
 D3BJ dispersion energy:                -0.095187561

 -------------------------------------
  Running restricted closed-shell SCF 
 -------------------------------------
 Max number of iterations:             128
 Conv. threshold (gradient):             1.00e-05
 Conv. threshold (energy):               1.00e-06
 Interpolation scheme:                   adiis+cdiis
 Initial guess:                          SAD

 ---------------------------------------------------------------
                  energy        change          grad        time
 ---------------------------------------------------------------
   0     -2289.644465357                    3.74e+01        6.64
   1     -2284.101358464      5.54e+00      5.32e+00        5.05
   2     -2281.976181461      2.13e+00      8.01e+00        4.63
   3     -2284.486576487     -2.51e+00      2.74e+00        4.30
   4     -2284.592692429     -1.06e-01      1.96e+00        4.48
   5     -2284.653982899     -6.13e-02      8.09e-01        4.60
   6     -2284.658047347     -4.06e-03      8.60e-01        4.29
   7     -2284.669792186     -1.17e-02      1.18e+00        4.47
   8     -2284.686316387     -1.65e-02      4.29e-01        4.71
   9     -2284.684965168      1.35e-03      4.85e-01        4.75
  10     -2284.688328808     -3.36e-03      1.27e-01        4.92
  11     -2284.687056259      1.27e-03      2.42e-01        5.23
  12     -2284.688620617     -1.56e-03      1.36e-01        5.12
  13     -2284.688639778     -1.92e-05      1.15e-01        4.97
  14     -2284.688845211     -2.05e-04      3.15e-02        4.88
  15     -2284.688795729      4.95e-05      5.02e-02        5.13
  16     -2284.688876437     -8.07e-05      9.46e-05        4.53
  17     -2284.688876438     -2.88e-10      3.66e-05        4.71
  18     -2284.688876438     -1.73e-11      2.10e-05        4.51
  19     -2284.688876438     -3.50e-11      4.37e-06        4.41

 SCF converged in 19 iterations.

 Dipole moment (in Debye):               8.429448       4.967318      -2.500914

 Quadrupole moment (in Debye-Angstrom):
                  1            2            3
 1      -163.146499   -17.986991     9.132205
 2       -17.986991  -147.967989     7.235617
 3         9.132205     7.235617  -161.857525

 Spin-squared expectation <S^2>:         0.000
 Total spin quantum number S:            0.000
 TOTAL ENERGY:                       -2284.688876438

 --------------------------------------------------------------------------------

 End time:                               Tue Oct 26 05:25:25 2021
 Total wall-clock time:                151.477 seconds
==================================================================================
