
================================================================================
          _____________ ________ _______________ ________     _________         
         / ___________// ______ \\_____   _____// ______ \   / ________)        
        / /_________  / /      \ \     | |     / /      \ \ | (_______          
       |  __________|| |        | |    | |    | |        | | \________ \        
        \ \_________ | |        | |    | |     \ \______/ /___________) |       
         \__________||_|        |_|    |_|      \________//____________/        
                                                                                
====================================[ Qcore ]===================================

 Git describe: 2.3.0-1-g21d9df7e5
 Compiler:     GNU 9.1.0
 Build type:   Release
 Version:      2.3.0-1-g21d9df7e5

 Start time:   Tue Oct 26 05:22:52 2021

 Data directory: /work/zw18965/.local/qcore/share/entos/qcore/data
 Number of threads: 24
 Number of threads was determined by: command line argument
  - More threads can be used by running 'qcore -n 32'

 --------------------------------------------------------------------------------
                                   command: dft                                  
 --------------------------------------------------------------------------------
 AO basis set:                           def2-tzvppd
 Number of AO basis functions:         869
 ECP on atom 25 (Au):                    60 electrons

 Formula:                                C9H12O3Cl3Au
 Nuclear charge:                       220.000000000
 Total charge:                           0.000000000
 Number of core electrons:              60
 Number of treated electrons:          160

 Number of alpha electrons:             80
 Number of beta electrons:              80
 Number of unpaired electrons:           0
 Spin:                                   0
 Multiplicity:                           singlet

 Theory:                                 dft
 Exchange-correlation functional:        b3lyp
 Method for Coulomb:                     incore_df
 Method for exact exchange:              pre_transformed_df
 Integral threshold:                     1.00e-12
 DF basis set:                           def2-universal-jkfit
 Number of DF basis functions:        1753
 Schwarz screening threshold:            1.00e-10
 Coulomb fitting method:                 Cholesky
 Total number of grid points:       184314
 Method for AO orthogonalization:        symmetric
 Threshold for linear dependence:        1.00e-08
 D3BJ dispersion energy:                -0.072292581

 -------------------------------------
  Running restricted closed-shell SCF 
 -------------------------------------
 Max number of iterations:             128
 Conv. threshold (gradient):             1.00e-05
 Conv. threshold (energy):               1.00e-06
 Interpolation scheme:                   adiis+cdiis
 Initial guess:                          SAD

 ---------------------------------------------------------------
                  energy        change          grad        time
 ---------------------------------------------------------------
   0     -2094.920818869                    4.53e+01        2.88
   1     -2091.393011249      3.53e+00      5.10e+00        2.38
   2     -2088.130678541      3.26e+00      1.21e+01        2.17
   3     -2091.638741209     -3.51e+00      3.76e+00        2.26
   4     -2091.898698871     -2.60e-01      4.22e+00        2.20
   5     -2091.854325469      4.44e-02      4.39e+00        2.25
   6     -2091.992899353     -1.39e-01      1.54e+00        2.33
   7     -2091.991011709      1.89e-03      1.64e+00        2.22
   8     -2092.034735326     -4.37e-02      6.86e-01        2.39
   9     -2092.021756899      1.30e-02      1.36e+00        2.40
  10     -2092.037708434     -1.60e-02      3.44e-01        2.46
  11     -2092.038466386     -7.58e-04      1.81e-01        2.61
  12     -2092.038607294     -1.41e-04      1.03e-01        2.57
  13     -2092.038685483     -7.82e-05      4.48e-02        2.50
  14     -2092.038663068      2.24e-05      5.74e-02        2.58
  15     -2092.038736307     -7.32e-05      1.26e-04        2.36
  16     -2092.038736308     -4.88e-10      4.52e-05        2.25
  17     -2092.038736308     -6.68e-11      2.37e-05        2.33
  18     -2092.038736308     -1.91e-11      1.57e-05        2.21
  19     -2092.038736308     -1.59e-11      5.65e-06        2.28

 SCF converged in 19 iterations.

 Dipole moment (in Debye):              -8.360835       1.735549      -0.491172

 Quadrupole moment (in Debye-Angstrom):
                  1            2            3
 1      -129.212656    10.440794    -1.893665
 2        10.440794  -126.575329    -5.359345
 3        -1.893665    -5.359345  -135.635185

 Spin-squared expectation <S^2>:         0.000
 Total spin quantum number S:            0.000
 TOTAL ENERGY:                       -2092.038736308

 --------------------------------------------------------------------------------

 End time:                               Tue Oct 26 05:24:09 2021
 Total wall-clock time:                 76.683 seconds
==================================================================================
