
================================================================================
          _____________ ________ _______________ ________     _________         
         / ___________// ______ \\_____   _____// ______ \   / ________)        
        / /_________  / /      \ \     | |     / /      \ \ | (_______          
       |  __________|| |        | |    | |    | |        | | \________ \        
        \ \_________ | |        | |    | |     \ \______/ /___________) |       
         \__________||_|        |_|    |_|      \________//____________/        
                                                                                
====================================[ Qcore ]===================================

 Git describe: 2.3.0-1-g21d9df7e5
 Compiler:     GNU 9.1.0
 Build type:   Release
 Version:      2.3.0-1-g21d9df7e5

 Start time:   Tue Oct 26 05:20:26 2021

 Data directory: /work/zw18965/.local/qcore/share/entos/qcore/data
 Number of threads: 24
 Number of threads was determined by: command line argument
  - More threads can be used by running 'qcore -n 32'

 --------------------------------------------------------------------------------
                                   command: dft                                  
 --------------------------------------------------------------------------------
 AO basis set:                           def2-tzvppd
 Number of AO basis functions:         825
 ECP on atom 1 (Re):                     60 electrons

 Formula:                                C9H8O6BrRe
 Nuclear charge:                       220.000000000
 Total charge:                           0.000000000
 Number of core electrons:              60
 Number of treated electrons:          160

 Number of alpha electrons:             80
 Number of beta electrons:              80
 Number of unpaired electrons:           0
 Spin:                                   0
 Multiplicity:                           singlet

 Theory:                                 dft
 Exchange-correlation functional:        b3lyp
 Method for Coulomb:                     incore_df
 Method for exact exchange:              pre_transformed_df
 Integral threshold:                     1.00e-12
 DF basis set:                           def2-universal-jkfit
 Number of DF basis functions:        1774
 Schwarz screening threshold:            1.00e-10
 Coulomb fitting method:                 Cholesky
 Total number of grid points:       167124
 Method for AO orthogonalization:        symmetric
 Threshold for linear dependence:        1.00e-08
 D3BJ dispersion energy:                -0.065599268

 -------------------------------------
  Running restricted closed-shell SCF 
 -------------------------------------
 Max number of iterations:             128
 Conv. threshold (gradient):             1.00e-05
 Conv. threshold (energy):               1.00e-06
 Interpolation scheme:                   adiis+cdiis
 Initial guess:                          SAD

 ---------------------------------------------------------------
                  energy        change          grad        time
 ---------------------------------------------------------------
   0     -3454.324019621                    1.91e+02        2.67
   1     -3451.099395790      3.22e+00      2.92e+00        2.00
   2     -3449.649536652      1.45e+00      7.79e+00        1.96
   3     -3451.360253583     -1.71e+00      2.07e+00        1.97
   4     -3451.286312124      7.39e-02      2.85e+00        2.07
   5     -3451.360111409     -7.38e-02      2.58e+00        2.06
   6     -3451.457300321     -9.72e-02      8.76e-01        2.01
   7     -3451.449536307      7.76e-03      1.04e+00        2.06
   8     -3451.466966946     -1.74e-02      3.43e-01        2.09
   9     -3451.460714749      6.25e-03      5.21e-01        2.08
  10     -3451.468051626     -7.34e-03      3.03e-01        2.26
  11     -3451.468733080     -6.81e-04      1.49e-01        2.24
  12     -3451.469285743     -5.53e-04      8.75e-02        2.32
  13     -3451.469202282      8.35e-05      9.45e-02        2.17
  14     -3451.469453442     -2.51e-04      3.06e-04        2.27
  15     -3451.469453446     -3.59e-09      1.93e-04        2.08
  16     -3451.469453447     -1.16e-09      7.24e-05        1.96
  17     -3451.469453447     -1.46e-10      3.64e-05        2.13
  18     -3451.469453447     -4.82e-11      7.13e-06        1.99

 SCF converged in 18 iterations.

 Dipole moment (in Debye):             -11.119980       4.015049       1.429606

 Quadrupole moment (in Debye-Angstrom):
                  1            2            3
 1      -104.761762    -4.752264    -2.973601
 2        -4.752264  -134.721973     0.974733
 3        -2.973601     0.974733  -128.762477

 Spin-squared expectation <S^2>:         0.000
 Total spin quantum number S:            0.000
 TOTAL ENERGY:                       -3451.469453447

 --------------------------------------------------------------------------------

 End time:                               Tue Oct 26 05:21:53 2021
 Total wall-clock time:                 86.996 seconds
==================================================================================
