
================================================================================
          _____________ ________ _______________ ________     _________         
         / ___________// ______ \\_____   _____// ______ \   / ________)        
        / /_________  / /      \ \     | |     / /      \ \ | (_______          
       |  __________|| |        | |    | |    | |        | | \________ \        
        \ \_________ | |        | |    | |     \ \______/ /___________) |       
         \__________||_|        |_|    |_|      \________//____________/        
                                                                                
====================================[ Qcore ]===================================

 Git describe: 2.3.0-1-g21d9df7e5
 Compiler:     GNU 9.1.0
 Build type:   Release
 Version:      2.3.0-1-g21d9df7e5

 Start time:   Tue Oct 26 05:21:24 2021

 Data directory: /work/zw18965/.local/qcore/share/entos/qcore/data
 Number of threads: 24
 Number of threads was determined by: command line argument
  - More threads can be used by running 'qcore -n 32'

 --------------------------------------------------------------------------------
                                   command: dft                                  
 --------------------------------------------------------------------------------
 AO basis set:                           def2-tzvppd
 Number of AO basis functions:         825
 ECP on atom 1 (Re):                     60 electrons

 Formula:                                C9H8O6BrRe
 Nuclear charge:                       220.000000000
 Total charge:                           0.000000000
 Number of core electrons:              60
 Number of treated electrons:          160

 Number of alpha electrons:             80
 Number of beta electrons:              80
 Number of unpaired electrons:           0
 Spin:                                   0
 Multiplicity:                           singlet

 Theory:                                 dft
 Exchange-correlation functional:        b3lyp
 Method for Coulomb:                     incore_df
 Method for exact exchange:              pre_transformed_df
 Integral threshold:                     1.00e-12
 DF basis set:                           def2-universal-jkfit
 Number of DF basis functions:        1774
 Schwarz screening threshold:            1.00e-10
 Coulomb fitting method:                 Cholesky
 Total number of grid points:       167124
 Method for AO orthogonalization:        symmetric
 Threshold for linear dependence:        1.00e-08
 D3BJ dispersion energy:                -0.067492454

 -------------------------------------
  Running restricted closed-shell SCF 
 -------------------------------------
 Max number of iterations:             128
 Conv. threshold (gradient):             1.00e-05
 Conv. threshold (energy):               1.00e-06
 Interpolation scheme:                   adiis+cdiis
 Initial guess:                          SAD

 ---------------------------------------------------------------
                  energy        change          grad        time
 ---------------------------------------------------------------
   0     -3454.645748208                    2.15e+02        2.69
   1     -3451.135912392      3.51e+00      2.70e+00        2.07
   2     -3449.352811552      1.78e+00      9.49e+00        2.08
   3     -3451.368455772     -2.02e+00      2.14e+00        2.20
   4     -3451.451412596     -8.30e-02      1.37e+00        2.06
   5     -3451.387959406      6.35e-02      2.62e+00        2.16
   6     -3451.474580073     -8.66e-02      8.02e-01        2.06
   7     -3451.468512368      6.07e-03      1.26e+00        2.09
   8     -3451.486600480     -1.81e-02      4.60e-01        2.07
   9     -3451.486053841      5.47e-04      5.14e-01        2.19
  10     -3451.490426740     -4.37e-03      7.97e-02        2.27
  11     -3451.489945504      4.81e-04      1.59e-01        2.38
  12     -3451.490592576     -6.47e-04      5.94e-04        2.15
  13     -3451.490592585     -8.72e-09      4.35e-04        2.11
  14     -3451.490592591     -6.34e-09      1.05e-04        2.08
  15     -3451.490592591     -4.70e-10      4.39e-05        2.12
  16     -3451.490592591     -2.96e-11      2.90e-05        2.09
  17     -3451.490592591     -2.46e-11      4.34e-06        2.09

 SCF converged in 17 iterations.

 Dipole moment (in Debye):              -5.549715       4.697679       0.545547

 Quadrupole moment (in Debye-Angstrom):
                  1            2            3
 1      -118.349411    -5.278413    -1.564226
 2        -5.278413  -128.990637     2.292665
 3        -1.564226     2.292665  -131.662236

 Spin-squared expectation <S^2>:         0.000
 Total spin quantum number S:            0.000
 TOTAL ENERGY:                       -3451.490592591

 --------------------------------------------------------------------------------

 End time:                               Tue Oct 26 05:22:48 2021
 Total wall-clock time:                 84.267 seconds
==================================================================================
