
================================================================================
          _____________ ________ _______________ ________     _________         
         / ___________// ______ \\_____   _____// ______ \   / ________)        
        / /_________  / /      \ \     | |     / /      \ \ | (_______          
       |  __________|| |        | |    | |    | |        | | \________ \        
        \ \_________ | |        | |    | |     \ \______/ /___________) |       
         \__________||_|        |_|    |_|      \________//____________/        
                                                                                
====================================[ Qcore ]===================================

 Git describe: 2.3.0-1-g21d9df7e5
 Compiler:     GNU 9.1.0
 Build type:   Release
 Version:      2.3.0-1-g21d9df7e5

 Start time:   Tue Oct 26 05:21:23 2021

 Data directory: /work/zw18965/.local/qcore/share/entos/qcore/data
 Number of threads: 24
 Number of threads was determined by: command line argument

 --------------------------------------------------------------------------------
                                   command: dft                                  
 --------------------------------------------------------------------------------
 AO basis set:                           def2-tzvppd
 Number of AO basis functions:         825
 ECP on atom 1 (Re):                     60 electrons

 Formula:                                C9H8O6BrRe
 Nuclear charge:                       220.000000000
 Total charge:                           0.000000000
 Number of core electrons:              60
 Number of treated electrons:          160

 Number of alpha electrons:             80
 Number of beta electrons:              80
 Number of unpaired electrons:           0
 Spin:                                   0
 Multiplicity:                           singlet

 Theory:                                 dft
 Exchange-correlation functional:        b3lyp
 Method for Coulomb:                     incore_df
 Method for exact exchange:              pre_transformed_df
 Integral threshold:                     1.00e-12
 DF basis set:                           def2-universal-jkfit
 Number of DF basis functions:        1774
 Schwarz screening threshold:            1.00e-10
 Coulomb fitting method:                 Cholesky
 Total number of grid points:       167124
 Method for AO orthogonalization:        symmetric
 Threshold for linear dependence:        1.00e-08
 D3BJ dispersion energy:                -0.065751771

 -------------------------------------
  Running restricted closed-shell SCF 
 -------------------------------------
 Max number of iterations:             128
 Conv. threshold (gradient):             1.00e-05
 Conv. threshold (energy):               1.00e-06
 Interpolation scheme:                   adiis+cdiis
 Initial guess:                          SAD

 ---------------------------------------------------------------
                  energy        change          grad        time
 ---------------------------------------------------------------
   0     -3454.617814986                    2.13e+02        2.54
   1     -3451.110728226      3.51e+00      3.01e+00        1.97
   2     -3448.931126461      2.18e+00      1.26e+01        1.89
   3     -3451.355329887     -2.42e+00      2.24e+00        1.87
   4     -3451.461630134     -1.06e-01      1.32e+00        1.94
   5     -3451.321331508      1.40e-01      3.75e+00        1.99
   6     -3451.500296584     -1.79e-01      7.88e-01        2.00
   7     -3451.494343205      5.95e-03      1.07e+00        2.10
   8     -3451.507228083     -1.29e-02      7.87e-01        2.04
   9     -3451.513076429     -5.85e-03      4.42e-01        2.24
  10     -3451.514853227     -1.78e-03      2.24e-01        2.14
  11     -3451.515304569     -4.51e-04      1.04e-01        2.28
  12     -3451.515426108     -1.22e-04      6.19e-02        2.15
  13     -3451.515438593     -1.25e-05      8.33e-02        2.14
  14     -3451.515546942     -1.08e-04      2.00e-04        2.17
  15     -3451.515546943     -1.16e-09      1.13e-04        1.97
  16     -3451.515546943     -3.68e-10      2.56e-05        2.00
  17     -3451.515546943     -6.82e-12      1.96e-05        1.98
  18     -3451.515546943      9.55e-12      4.56e-06        1.98

 SCF converged in 18 iterations.

 Dipole moment (in Debye):              -6.461584       2.412368      -0.349656

 Quadrupole moment (in Debye-Angstrom):
                  1            2            3
 1      -106.768783     2.642679     0.258795
 2         2.642679  -137.559095    -2.440431
 3         0.258795    -2.440431  -130.977228

 Spin-squared expectation <S^2>:         0.000
 Total spin quantum number S:            0.000
 TOTAL ENERGY:                       -3451.515546943

 --------------------------------------------------------------------------------

 End time:                               Tue Oct 26 05:22:50 2021
 Total wall-clock time:                 86.624 seconds
==================================================================================
