
================================================================================
          _____________ ________ _______________ ________     _________         
         / ___________// ______ \\_____   _____// ______ \   / ________)        
        / /_________  / /      \ \     | |     / /      \ \ | (_______          
       |  __________|| |        | |    | |    | |        | | \________ \        
        \ \_________ | |        | |    | |     \ \______/ /___________) |       
         \__________||_|        |_|    |_|      \________//____________/        
                                                                                
====================================[ Qcore ]===================================

 Git describe: 2.3.0-1-g21d9df7e5
 Compiler:     GNU 9.1.0
 Build type:   Release
 Version:      2.3.0-1-g21d9df7e5

 Start time:   Tue Oct 26 05:23:48 2021

 Data directory: /work/zw18965/.local/qcore/share/entos/qcore/data
 Number of threads: 24
 Number of threads was determined by: command line argument

 --------------------------------------------------------------------------------
                                   command: dft                                  
 --------------------------------------------------------------------------------
 AO basis set:                           def2-tzvppd
 Number of AO basis functions:         869
 ECP on atom 25 (Au):                    60 electrons

 Formula:                                C9H12O3Cl3Au
 Nuclear charge:                       220.000000000
 Total charge:                           0.000000000
 Number of core electrons:              60
 Number of treated electrons:          160

 Number of alpha electrons:             80
 Number of beta electrons:              80
 Number of unpaired electrons:           0
 Spin:                                   0
 Multiplicity:                           singlet

 Theory:                                 dft
 Exchange-correlation functional:        b3lyp
 Method for Coulomb:                     incore_df
 Method for exact exchange:              pre_transformed_df
 Integral threshold:                     1.00e-12
 DF basis set:                           def2-universal-jkfit
 Number of DF basis functions:        1753
 Schwarz screening threshold:            1.00e-10
 Coulomb fitting method:                 Cholesky
 Total number of grid points:       184314
 Method for AO orthogonalization:        symmetric
 Threshold for linear dependence:        1.00e-08
 D3BJ dispersion energy:                -0.073109005

 -------------------------------------
  Running restricted closed-shell SCF 
 -------------------------------------
 Max number of iterations:             128
 Conv. threshold (gradient):             1.00e-05
 Conv. threshold (energy):               1.00e-06
 Interpolation scheme:                   adiis+cdiis
 Initial guess:                          SAD

 ---------------------------------------------------------------
                  energy        change          grad        time
 ---------------------------------------------------------------
   0     -2094.913297235                    4.11e+01        2.85
   1     -2091.423286086      3.49e+00      4.82e+00        2.16
   2     -2088.351672980      3.07e+00      1.12e+01        2.19
   3     -2091.627132999     -3.28e+00      3.56e+00        2.09
   4     -2091.837113029     -2.10e-01      5.80e+00        2.23
   5     -2091.926027392     -8.89e-02      3.47e+00        2.13
   6     -2091.978213989     -5.22e-02      1.36e+00        2.22
   7     -2092.006531290     -2.83e-02      1.18e+00        2.24
   8     -2092.019749726     -1.32e-02      1.05e+00        2.29
   9     -2092.027129496     -7.38e-03      8.76e-01        2.38
  10     -2092.031865362     -4.74e-03      3.20e-01        2.43
  11     -2092.032735763     -8.70e-04      3.20e-01        2.35
  12     -2092.034428225     -1.69e-03      2.29e-01        2.44
  13     -2092.034604264     -1.76e-04      2.00e-01        2.43
  14     -2092.035082952     -4.79e-04      7.08e-02        2.38
  15     -2092.034843885      2.39e-04      1.19e-01        2.41
  16     -2092.035188170     -3.44e-04      1.20e-04        2.35
  17     -2092.035188171     -3.99e-10      5.38e-05        2.07
  18     -2092.035188171     -1.68e-10      2.28e-05        2.02
  19     -2092.035188171     -2.27e-12      5.69e-06        2.22

 SCF converged in 19 iterations.

 Dipole moment (in Debye):             -11.536012      -2.498901       0.286730

 Quadrupole moment (in Debye-Angstrom):
                  1            2            3
 1      -115.984932    -3.407608    -5.007779
 2        -3.407608  -134.797748     4.630240
 3        -5.007779     4.630240  -136.994800

 Spin-squared expectation <S^2>:         0.000
 Total spin quantum number S:            0.000
 TOTAL ENERGY:                       -2092.035188171

 --------------------------------------------------------------------------------

 End time:                               Tue Oct 26 05:25:03 2021
 Total wall-clock time:                 75.246 seconds
==================================================================================
