
================================================================================
          _____________ ________ _______________ ________     _________         
         / ___________// ______ \\_____   _____// ______ \   / ________)        
        / /_________  / /      \ \     | |     / /      \ \ | (_______          
       |  __________|| |        | |    | |    | |        | | \________ \        
        \ \_________ | |        | |    | |     \ \______/ /___________) |       
         \__________||_|        |_|    |_|      \________//____________/        
                                                                                
====================================[ Qcore ]===================================

 Git describe: 2.3.0-1-g21d9df7e5
 Compiler:     GNU 9.1.0
 Build type:   Release
 Version:      2.3.0-1-g21d9df7e5

 Start time:   Tue Oct 26 05:21:57 2021

 Data directory: /work/zw18965/.local/qcore/share/entos/qcore/data
 Number of threads: 24
 Number of threads was determined by: command line argument
  - More threads can be used by running 'qcore -n 32'

 --------------------------------------------------------------------------------
                                   command: dft                                  
 --------------------------------------------------------------------------------
 AO basis set:                           def2-tzvppd
 Number of AO basis functions:        1122
 ECP on atom 23 (Au):                    60 electrons

 Formula:                                C16H14O2Cl3Au
 Nuclear charge:                       256.000000000
 Total charge:                           0.000000000
 Number of core electrons:              60
 Number of treated electrons:          196

 Number of alpha electrons:             98
 Number of beta electrons:              98
 Number of unpaired electrons:           0
 Spin:                                   0
 Multiplicity:                           singlet

 Theory:                                 dft
 Exchange-correlation functional:        b3lyp
 Method for Coulomb:                     incore_df
 Method for exact exchange:              pre_transformed_df
 Integral threshold:                     1.00e-12
 DF basis set:                           def2-universal-jkfit
 Number of DF basis functions:        2237
 Schwarz screening threshold:            1.00e-10
 Coulomb fitting method:                 Cholesky
 Total number of grid points:       236750
 Method for AO orthogonalization:        symmetric
 Threshold for linear dependence:        1.00e-08
 D3BJ dispersion energy:                -0.098111810

 -------------------------------------
  Running restricted closed-shell SCF 
 -------------------------------------
 Max number of iterations:             128
 Conv. threshold (gradient):             1.00e-05
 Conv. threshold (energy):               1.00e-06
 Interpolation scheme:                   adiis+cdiis
 Initial guess:                          SAD

 ---------------------------------------------------------------
                  energy        change          grad        time
 ---------------------------------------------------------------
   0     -2289.691621491                    3.97e+01        6.08
   1     -2284.059956449      5.63e+00      5.22e+00        4.46
   2     -2281.703871358      2.36e+00      9.71e+00        4.58
   3     -2284.433033058     -2.73e+00      2.75e+00        4.82
   4     -2284.556370261     -1.23e-01      1.57e+00        4.65
   5     -2284.601602994     -4.52e-02      1.15e+00        4.57
   6     -2284.616157168     -1.46e-02      1.75e+00        5.00
   7     -2284.661649172     -4.55e-02      8.13e-01        4.76
   8     -2284.658090240      3.56e-03      7.94e-01        5.02
   9     -2284.668837107     -1.07e-02      2.87e-01        4.98
  10     -2284.668289634      5.47e-04      3.06e-01        5.32
  11     -2284.671601258     -3.31e-03      2.02e-01        5.50
  12     -2284.670279701      1.32e-03      3.53e-01        5.21
  13     -2284.672032150     -1.75e-03      9.88e-02        5.26
  14     -2284.672035983     -3.83e-06      6.54e-02        5.21
  15     -2284.672181128     -1.45e-04      1.92e-04        4.98
  16     -2284.672181128     -4.21e-10      1.45e-04        4.66
  17     -2284.672181130     -1.23e-09      4.11e-05        4.65
  18     -2284.672181130     -8.78e-11      1.01e-05        4.92
  19     -2284.672181130      1.36e-12      6.68e-06        4.66

 SCF converged in 19 iterations.

 Dipole moment (in Debye):             -13.098430       0.616716       1.509837

 Quadrupole moment (in Debye-Angstrom):
                  1            2            3
 1      -154.151787    23.311105     1.418054
 2        23.311105  -144.047743    -6.267955
 3         1.418054    -6.267955  -177.238786

 Spin-squared expectation <S^2>:         0.000
 Total spin quantum number S:            0.000
 TOTAL ENERGY:                       -2284.672181130

 --------------------------------------------------------------------------------

 End time:                               Tue Oct 26 05:24:27 2021
 Total wall-clock time:                150.522 seconds
==================================================================================
