
================================================================================
          _____________ ________ _______________ ________     _________         
         / ___________// ______ \\_____   _____// ______ \   / ________)        
        / /_________  / /      \ \     | |     / /      \ \ | (_______          
       |  __________|| |        | |    | |    | |        | | \________ \        
        \ \_________ | |        | |    | |     \ \______/ /___________) |       
         \__________||_|        |_|    |_|      \________//____________/        
                                                                                
====================================[ Qcore ]===================================

 Git describe: 2.3.0-1-g21d9df7e5
 Compiler:     GNU 9.1.0
 Build type:   Release
 Version:      2.3.0-1-g21d9df7e5

 Start time:   Tue Oct 26 05:21:12 2021

 Data directory: /work/zw18965/.local/qcore/share/entos/qcore/data
 Number of threads: 24
 Number of threads was determined by: command line argument

 --------------------------------------------------------------------------------
                                   command: dft                                  
 --------------------------------------------------------------------------------
 AO basis set:                           def2-tzvppd
 Number of AO basis functions:         825
 ECP on atom 1 (Re):                     60 electrons

 Formula:                                C9H8O6BrRe
 Nuclear charge:                       220.000000000
 Total charge:                           0.000000000
 Number of core electrons:              60
 Number of treated electrons:          160

 Number of alpha electrons:             80
 Number of beta electrons:              80
 Number of unpaired electrons:           0
 Spin:                                   0
 Multiplicity:                           singlet

 Theory:                                 dft
 Exchange-correlation functional:        b3lyp
 Method for Coulomb:                     incore_df
 Method for exact exchange:              pre_transformed_df
 Integral threshold:                     1.00e-12
 DF basis set:                           def2-universal-jkfit
 Number of DF basis functions:        1774
 Schwarz screening threshold:            1.00e-10
 Coulomb fitting method:                 Cholesky
 Total number of grid points:       167124
 Method for AO orthogonalization:        symmetric
 Threshold for linear dependence:        1.00e-08
 D3BJ dispersion energy:                -0.060690770

 -------------------------------------
  Running restricted closed-shell SCF 
 -------------------------------------
 Max number of iterations:             128
 Conv. threshold (gradient):             1.00e-05
 Conv. threshold (energy):               1.00e-06
 Interpolation scheme:                   adiis+cdiis
 Initial guess:                          SAD

 ---------------------------------------------------------------
                  energy        change          grad        time
 ---------------------------------------------------------------
   0     -3454.394086099                    1.89e+02        2.38
   1     -3451.162995530      3.23e+00      2.44e+00        1.90
   2     -3449.738788927      1.42e+00      7.53e+00        1.87
   3     -3451.418632871     -1.68e+00      1.86e+00        1.90
   4     -3451.388546259      3.01e-02      2.39e+00        1.97
   5     -3451.377746598      1.08e-02      2.85e+00        2.02
   6     -3451.517479528     -1.40e-01      3.90e-01        2.06
   7     -3451.493736093      2.37e-02      1.07e+00        1.96
   8     -3451.519282120     -2.55e-02      3.45e-01        2.11
   9     -3451.521193744     -1.91e-03      1.39e-01        2.09
  10     -3451.517826798      3.37e-03      4.79e-01        2.06
  11     -3451.521191472     -3.36e-03      1.57e-01        2.11
  12     -3451.521585886     -3.94e-04      4.96e-02        2.19
  13     -3451.521263533      3.22e-04      1.39e-01        2.10
  14     -3451.521633406     -3.70e-04      2.76e-04        1.99
  15     -3451.521633408     -2.44e-09      5.48e-05        1.87
  16     -3451.521633408     -3.55e-11      4.28e-05        2.02
  17     -3451.521633408     -8.91e-11      9.35e-06        1.87

 SCF converged in 17 iterations.

 Dipole moment (in Debye):               7.697169       3.929506      -1.965578

 Quadrupole moment (in Debye-Angstrom):
                  1            2            3
 1      -105.423701    -2.844449     2.984448
 2        -2.844449  -134.238164    -2.482313
 3         2.984448    -2.482313  -127.576420

 Spin-squared expectation <S^2>:         0.000
 Total spin quantum number S:            0.000
 TOTAL ENERGY:                       -3451.521633408

 --------------------------------------------------------------------------------

 End time:                               Tue Oct 26 05:22:40 2021
 Total wall-clock time:                 87.584 seconds
==================================================================================
