
================================================================================
          _____________ ________ _______________ ________     _________         
         / ___________// ______ \\_____   _____// ______ \   / ________)        
        / /_________  / /      \ \     | |     / /      \ \ | (_______          
       |  __________|| |        | |    | |    | |        | | \________ \        
        \ \_________ | |        | |    | |     \ \______/ /___________) |       
         \__________||_|        |_|    |_|      \________//____________/        
                                                                                
====================================[ Qcore ]===================================

 Git describe: 2.3.0-1-g21d9df7e5
 Compiler:     GNU 9.1.0
 Build type:   Release
 Version:      2.3.0-1-g21d9df7e5

 Start time:   Tue Oct 26 05:24:15 2021

 Data directory: /work/zw18965/.local/qcore/share/entos/qcore/data
 Number of threads: 24
 Number of threads was determined by: command line argument

 --------------------------------------------------------------------------------
                                   command: dft                                  
 --------------------------------------------------------------------------------
 AO basis set:                           def2-tzvppd
 Number of AO basis functions:         815
 ECP on atom 25 (Au):                    60 electrons

 Formula:                                C9H15O3PAu+
 Nuclear charge:                       187.000000000
 Total charge:                           1.000000000
 Number of core electrons:              60
 Number of treated electrons:          126

 Number of alpha electrons:             63
 Number of beta electrons:              63
 Number of unpaired electrons:           0
 Spin:                                   0
 Multiplicity:                           singlet

 Theory:                                 dft
 Exchange-correlation functional:        b3lyp
 Method for Coulomb:                     incore_df
 Method for exact exchange:              pre_transformed_df
 Integral threshold:                     1.00e-12
 DF basis set:                           def2-universal-jkfit
 Number of DF basis functions:        1551
 Schwarz screening threshold:            1.00e-10
 Coulomb fitting method:                 Cholesky
 Total number of grid points:       186852
 Method for AO orthogonalization:        symmetric
 Threshold for linear dependence:        1.00e-08
 D3BJ dispersion energy:                -0.060010989

 -------------------------------------
  Running restricted closed-shell SCF 
 -------------------------------------
 Max number of iterations:             128
 Conv. threshold (gradient):             1.00e-05
 Conv. threshold (energy):               1.00e-06
 Interpolation scheme:                   adiis+cdiis
 Initial guess:                          SAD

 ---------------------------------------------------------------
                  energy        change          grad        time
 ---------------------------------------------------------------
   0     -1057.581515691                    2.97e+01        2.16
   1     -1054.068111150      3.51e+00      2.85e+00        1.84
   2     -1053.196987184      8.71e-01      1.00e+01        1.57
   3     -1054.362825025     -1.17e+00      1.18e+00        1.61
   4     -1054.356626451      6.20e-03      1.58e+00        1.63
   5     -1054.418117542     -6.15e-02      1.26e+00        1.63
   6     -1054.383575465      3.45e-02      2.34e+00        1.65
   7     -1054.430408451     -4.68e-02      5.17e-01        1.60
   8     -1054.431384057     -9.76e-04      3.29e-01        1.81
   9     -1054.433015843     -1.63e-03      1.43e-01        1.72
  10     -1054.432268990      7.47e-04      2.26e-01        1.99
  11     -1054.433261675     -9.93e-04      7.22e-02        1.78
  12     -1054.433250966      1.07e-05      9.80e-02        1.88
  13     -1054.433364723     -1.14e-04      1.81e-04        1.77
  14     -1054.433364723     -6.48e-10      1.57e-04        1.70
  15     -1054.433364724     -3.58e-10      3.86e-05        1.70
  16     -1054.433364724     -3.02e-11      1.14e-05        1.69
  17     -1054.433364724      5.00e-12      3.14e-06        1.60

 SCF converged in 17 iterations.

 Dipole moment (in Debye):               6.368146      -0.104734       0.420027

 Quadrupole moment (in Debye-Angstrom):
                  1            2            3
 1       -26.339827    -6.714998    -0.851501
 2        -6.714998   -98.995052    -0.380360
 3        -0.851501    -0.380360   -98.507400

 Spin-squared expectation <S^2>:         0.000
 Total spin quantum number S:            0.000
 TOTAL ENERGY:                       -1054.433364724

 --------------------------------------------------------------------------------

 End time:                               Tue Oct 26 05:25:13 2021
 Total wall-clock time:                 57.570 seconds
==================================================================================
