
================================================================================
          _____________ ________ _______________ ________     _________         
         / ___________// ______ \\_____   _____// ______ \   / ________)        
        / /_________  / /      \ \     | |     / /      \ \ | (_______          
       |  __________|| |        | |    | |    | |        | | \________ \        
        \ \_________ | |        | |    | |     \ \______/ /___________) |       
         \__________||_|        |_|    |_|      \________//____________/        
                                                                                
====================================[ Qcore ]===================================

 Git describe: 2.3.0-1-g21d9df7e5
 Compiler:     GNU 9.1.0
 Build type:   Release
 Version:      2.3.0-1-g21d9df7e5

 Start time:   Tue Oct 26 05:25:01 2021

 Data directory: /work/zw18965/.local/qcore/share/entos/qcore/data
 Number of threads: 24
 Number of threads was determined by: command line argument

 --------------------------------------------------------------------------------
                                   command: dft                                  
 --------------------------------------------------------------------------------
 AO basis set:                           def2-tzvppd
 Number of AO basis functions:         815
 ECP on atom 25 (Au):                    60 electrons

 Formula:                                C9H15O3PAu+
 Nuclear charge:                       187.000000000
 Total charge:                           1.000000000
 Number of core electrons:              60
 Number of treated electrons:          126

 Number of alpha electrons:             63
 Number of beta electrons:              63
 Number of unpaired electrons:           0
 Spin:                                   0
 Multiplicity:                           singlet

 Theory:                                 dft
 Exchange-correlation functional:        b3lyp
 Method for Coulomb:                     incore_df
 Method for exact exchange:              pre_transformed_df
 Integral threshold:                     1.00e-12
 DF basis set:                           def2-universal-jkfit
 Number of DF basis functions:        1551
 Schwarz screening threshold:            1.00e-10
 Coulomb fitting method:                 Cholesky
 Total number of grid points:       186852
 Method for AO orthogonalization:        symmetric
 Threshold for linear dependence:        1.00e-08
 D3BJ dispersion energy:                -0.059967312

 -------------------------------------
  Running restricted closed-shell SCF 
 -------------------------------------
 Max number of iterations:             128
 Conv. threshold (gradient):             1.00e-05
 Conv. threshold (energy):               1.00e-06
 Interpolation scheme:                   adiis+cdiis
 Initial guess:                          SAD

 ---------------------------------------------------------------
                  energy        change          grad        time
 ---------------------------------------------------------------
   0     -1057.354571784                    2.97e+01        2.84
   1     -1054.035176857      3.32e+00      3.01e+00        1.86
   2     -1053.255255012      7.80e-01      8.92e+00        1.91
   3     -1054.361877074     -1.11e+00      1.12e+00        2.73
   4     -1054.328545199      3.33e-02      2.12e+00        1.97
   5     -1054.409685806     -8.11e-02      1.11e+00        1.88
   6     -1054.359993848      4.97e-02      2.93e+00        2.08
   7     -1054.417116644     -5.71e-02      6.48e-01        1.97
   8     -1054.420610865     -3.49e-03      2.41e-01        2.05
   9     -1054.420487226      1.24e-04      2.68e-01        2.01
  10     -1054.421145849     -6.59e-04      1.84e-02        2.08
  11     -1054.421119122      2.67e-05      3.79e-02        2.06
  12     -1054.421166072     -4.69e-05      5.74e-04        1.91
  13     -1054.421166078     -6.28e-09      1.99e-04        1.86
  14     -1054.421166078     -4.07e-10      6.37e-05        1.90
  15     -1054.421166078     -9.50e-11      1.55e-05        1.81
  16     -1054.421166078     -4.32e-12      4.25e-06        1.84

 SCF converged in 16 iterations.

 Dipole moment (in Debye):               1.298200       0.943519      -0.864342

 Quadrupole moment (in Debye-Angstrom):
                  1            2            3
 1       -39.093232     0.098234    -2.028672
 2         0.098234   -94.754837    -1.024704
 3        -2.028672    -1.024704   -98.609430

 Spin-squared expectation <S^2>:         0.000
 Total spin quantum number S:            0.000
 TOTAL ENERGY:                       -1054.421166078

 --------------------------------------------------------------------------------

 End time:                               Tue Oct 26 05:26:03 2021
 Total wall-clock time:                 62.058 seconds
==================================================================================
