
================================================================================
          _____________ ________ _______________ ________     _________         
         / ___________// ______ \\_____   _____// ______ \   / ________)        
        / /_________  / /      \ \     | |     / /      \ \ | (_______          
       |  __________|| |        | |    | |    | |        | | \________ \        
        \ \_________ | |        | |    | |     \ \______/ /___________) |       
         \__________||_|        |_|    |_|      \________//____________/        
                                                                                
====================================[ Qcore ]===================================

 Git describe: 2.3.0-1-g21d9df7e5
 Compiler:     GNU 9.1.0
 Build type:   Release
 Version:      2.3.0-1-g21d9df7e5

 Start time:   Tue Oct 26 05:24:13 2021

 Data directory: /work/zw18965/.local/qcore/share/entos/qcore/data
 Number of threads: 24
 Number of threads was determined by: command line argument
  - More threads can be used by running 'qcore -n 32'

 --------------------------------------------------------------------------------
                                   command: dft                                  
 --------------------------------------------------------------------------------
 AO basis set:                           def2-tzvppd
 Number of AO basis functions:         621
 ECP on atom 1 (Ir):                     60 electrons

 Formula:                                C7H15PIr+
 Nuclear charge:                       149.000000000
 Total charge:                           1.000000000
 Number of core electrons:              60
 Number of treated electrons:           88

 Number of alpha electrons:             44
 Number of beta electrons:              44
 Number of unpaired electrons:           0
 Spin:                                   0
 Multiplicity:                           singlet

 Theory:                                 dft
 Exchange-correlation functional:        b3lyp
 Method for Coulomb:                     incore_df
 Method for exact exchange:              pre_transformed_df
 Integral threshold:                     1.00e-12
 DF basis set:                           def2-universal-jkfit
 Number of DF basis functions:        1150
 Schwarz screening threshold:            1.00e-10
 Coulomb fitting method:                 Cholesky
 Total number of grid points:       152420
 Method for AO orthogonalization:        symmetric
 Threshold for linear dependence:        1.00e-08
 D3BJ dispersion energy:                -0.053735007

 -------------------------------------
  Running restricted closed-shell SCF 
 -------------------------------------
 Max number of iterations:             128
 Conv. threshold (gradient):             1.00e-05
 Conv. threshold (energy):               1.00e-06
 Interpolation scheme:                   adiis+cdiis
 Initial guess:                          SAD

 ---------------------------------------------------------------
                  energy        change          grad        time
 ---------------------------------------------------------------
   0      -723.320772738                    1.66e+02        1.04
   1      -720.948301082      2.37e+00      2.62e+00        0.80
   2      -720.641238917      3.07e-01      4.07e+00        0.79
   3      -721.137546308     -4.96e-01      1.22e+00        0.78
   4      -721.012701396      1.25e-01      3.59e+00        0.78
   5      -721.161643308     -1.49e-01      4.51e-01        0.80
   6      -721.168472760     -6.83e-03      2.57e-01        0.86
   7      -721.168593554     -1.21e-04      3.27e-01        0.86
   8      -721.168584121      9.43e-06      4.18e-01        0.83
   9      -721.170391185     -1.81e-03      9.27e-02        0.91
  10      -721.170176058      2.15e-04      1.69e-01        0.90
  11      -721.170504224     -3.28e-04      4.93e-04        0.87
  12      -721.170504230     -5.53e-09      2.17e-04        0.80
  13      -721.170504231     -9.31e-10      8.51e-05        0.86
  14      -721.170504231     -2.26e-10      2.73e-05        0.84
  15      -721.170504231     -2.83e-11      8.95e-06        0.80

 SCF converged in 15 iterations.

 Dipole moment (in Debye):              -0.588224      -0.561722      -1.726799

 Quadrupole moment (in Debye-Angstrom):
                  1            2            3
 1       -63.436986     2.251036     3.064479
 2         2.251036   -64.438776    -1.091556
 3         3.064479    -1.091556   -71.578894

 Spin-squared expectation <S^2>:         0.000
 Total spin quantum number S:            0.000
 TOTAL ENERGY:                        -721.170504231

 --------------------------------------------------------------------------------

 End time:                               Tue Oct 26 05:24:40 2021
 Total wall-clock time:                 27.528 seconds
==================================================================================
