
================================================================================
          _____________ ________ _______________ ________     _________         
         / ___________// ______ \\_____   _____// ______ \   / ________)        
        / /_________  / /      \ \     | |     / /      \ \ | (_______          
       |  __________|| |        | |    | |    | |        | | \________ \        
        \ \_________ | |        | |    | |     \ \______/ /___________) |       
         \__________||_|        |_|    |_|      \________//____________/        
                                                                                
====================================[ Qcore ]===================================

 Git describe: 2.3.0-1-g21d9df7e5
 Compiler:     GNU 9.1.0
 Build type:   Release
 Version:      2.3.0-1-g21d9df7e5

 Start time:   Tue Oct 26 05:25:06 2021

 Data directory: /work/zw18965/.local/qcore/share/entos/qcore/data
 Number of threads: 24
 Number of threads was determined by: command line argument

 --------------------------------------------------------------------------------
                                   command: dft                                  
 --------------------------------------------------------------------------------
 AO basis set:                           def2-tzvppd
 Number of AO basis functions:         621
 ECP on atom 1 (Ir):                     60 electrons

 Formula:                                C7H15PIr+
 Nuclear charge:                       149.000000000
 Total charge:                           1.000000000
 Number of core electrons:              60
 Number of treated electrons:           88

 Number of alpha electrons:             44
 Number of beta electrons:              44
 Number of unpaired electrons:           0
 Spin:                                   0
 Multiplicity:                           singlet

 Theory:                                 dft
 Exchange-correlation functional:        b3lyp
 Method for Coulomb:                     incore_df
 Method for exact exchange:              pre_transformed_df
 Integral threshold:                     1.00e-12
 DF basis set:                           def2-universal-jkfit
 Number of DF basis functions:        1150
 Schwarz screening threshold:            1.00e-10
 Coulomb fitting method:                 Cholesky
 Total number of grid points:       152420
 Method for AO orthogonalization:        symmetric
 Threshold for linear dependence:        1.00e-08
 D3BJ dispersion energy:                -0.055331708

 -------------------------------------
  Running restricted closed-shell SCF 
 -------------------------------------
 Max number of iterations:             128
 Conv. threshold (gradient):             1.00e-05
 Conv. threshold (energy):               1.00e-06
 Interpolation scheme:                   adiis+cdiis
 Initial guess:                          SAD

 ---------------------------------------------------------------
                  energy        change          grad        time
 ---------------------------------------------------------------
   0      -723.333955120                    1.74e+02        1.06
   1      -720.939743024      2.39e+00      2.22e+00        0.80
   2      -720.639432303      3.00e-01      4.41e+00        0.80
   3      -721.121215177     -4.82e-01      1.20e+00        0.78
   4      -721.024658580      9.66e-02      3.27e+00        0.73
   5      -721.145438572     -1.21e-01      4.35e-01        0.83
   6      -721.148807745     -3.37e-03      3.36e-01        0.85
   7      -721.146962109      1.85e-03      7.76e-01        0.88
   8      -721.151922318     -4.96e-03      1.91e-01        0.86
   9      -721.151460524      4.62e-04      2.66e-01        0.89
  10      -721.152437524     -9.77e-04      4.59e-02        0.86
  11      -721.152302810      1.35e-04      1.29e-01        0.90
  12      -721.152461978     -1.59e-04      1.50e-04        0.87
  13      -721.152461978      1.22e-10      1.71e-04        0.86
  14      -721.152461979     -6.38e-10      2.08e-05        0.77
  15      -721.152461979     -9.78e-12      1.58e-05        0.81
  16      -721.152461979     -7.50e-12      3.54e-06        0.80

 SCF converged in 16 iterations.

 Dipole moment (in Debye):               0.875407       0.256419       1.534668

 Quadrupole moment (in Debye-Angstrom):
                  1            2            3
 1       -62.798802    -0.560090     4.007431
 2        -0.560090   -68.856914    -1.519506
 3         4.007431    -1.519506   -69.421239

 Spin-squared expectation <S^2>:         0.000
 Total spin quantum number S:            0.000
 TOTAL ENERGY:                        -721.152461979

 --------------------------------------------------------------------------------

 End time:                               Tue Oct 26 05:25:36 2021
 Total wall-clock time:                 29.742 seconds
==================================================================================
