
================================================================================
          _____________ ________ _______________ ________     _________         
         / ___________// ______ \\_____   _____// ______ \   / ________)        
        / /_________  / /      \ \     | |     / /      \ \ | (_______          
       |  __________|| |        | |    | |    | |        | | \________ \        
        \ \_________ | |        | |    | |     \ \______/ /___________) |       
         \__________||_|        |_|    |_|      \________//____________/        
                                                                                
====================================[ Qcore ]===================================

 Git describe: 2.3.0-1-g21d9df7e5
 Compiler:     GNU 9.1.0
 Build type:   Release
 Version:      2.3.0-1-g21d9df7e5

 Start time:   Tue Oct 26 05:25:32 2021

 Data directory: /work/zw18965/.local/qcore/share/entos/qcore/data
 Number of threads: 24
 Number of threads was determined by: command line argument

 --------------------------------------------------------------------------------
                                   command: dft                                  
 --------------------------------------------------------------------------------
 AO basis set:                           def2-tzvppd
 Number of AO basis functions:          67

 Formula:                                Ti
 Nuclear charge:                        22.000000000
 Total charge:                           0.000000000
 Number of electrons:                   22.000000000

 Number of alpha electrons:             12
 Number of beta electrons:              10
 Number of unpaired electrons:           2
 Spin:                                   2
 Multiplicity:                           triplet

 Theory:                                 dft
 Exchange-correlation functional:        b3lyp
 Method for Coulomb:                     incore_df
 Method for exact exchange:              pre_transformed_df
 Integral threshold:                     1.00e-12
 DF basis set:                           def2-universal-jkfit
 Number of DF basis functions:         264
 Schwarz screening threshold:            1.00e-10
 Coulomb fitting method:                 Cholesky
 Total number of grid points:         7792
 Method for AO orthogonalization:        symmetric
 Threshold for linear dependence:        1.00e-08
 D3BJ dispersion energy:                 0.000000000

 -------------------------------------
  Running unrestricted open-shell SCF 
 -------------------------------------
 Max number of iterations:             128
 Conv. threshold (gradient):             1.00e-05
 Conv. threshold (energy):               1.00e-06
 Interpolation scheme:                   adiis+cdiis
 Initial guess:                          SAD

 ---------------------------------------------------------------
                  energy        change          grad        time
 ---------------------------------------------------------------
   0      -849.118476976                    7.39e-03        0.01
   1      -849.240255297     -1.22e-01      2.17e-01        0.01
   2      -849.078920170      1.61e-01      4.34e-01        0.01
   3      -849.281247614     -2.02e-01      6.17e-02        0.01
   4      -849.281818235     -5.71e-04      4.12e-02        0.01
   5      -849.283304300     -1.49e-03      4.73e-03        0.01
   6      -849.283325359     -2.11e-05      1.13e-03        0.01
   7      -849.283329481     -4.12e-06      8.46e-04        0.01
   8      -849.283335612     -6.13e-06      2.18e-04        0.01
   9      -849.283336291     -6.79e-07      1.54e-04        0.01
  10      -849.283336545     -2.54e-07      1.13e-04        0.01
  11      -849.283336758     -2.13e-07      9.40e-05        0.01
  12      -849.283337316     -5.58e-07      5.84e-05        0.01
  13      -849.283337530     -2.14e-07      2.94e-05        0.01
  14      -849.283337533     -2.69e-09      1.38e-05        0.01
  15      -849.283337533     -5.83e-10      6.30e-06        0.01

 SCF converged in 15 iterations.

 Dipole moment (in Debye):               0.000002       0.000003       0.000002

 Quadrupole moment (in Debye-Angstrom):
                  1            2            3
 1       -21.263232    -0.000089    -0.000026
 2        -0.000089   -21.263201    -0.000066
 3        -0.000026    -0.000066   -21.263247

 Spin-squared expectation <S^2>:         2.002
 Total spin quantum number S:            1.001
 TOTAL ENERGY:                        -849.283337533

 --------------------------------------------------------------------------------

 End time:                               Tue Oct 26 05:25:33 2021
 Total wall-clock time:                  0.725 seconds
==================================================================================
