
================================================================================
          _____________ ________ _______________ ________     _________         
         / ___________// ______ \\_____   _____// ______ \   / ________)        
        / /_________  / /      \ \     | |     / /      \ \ | (_______          
       |  __________|| |        | |    | |    | |        | | \________ \        
        \ \_________ | |        | |    | |     \ \______/ /___________) |       
         \__________||_|        |_|    |_|      \________//____________/        
                                                                                
====================================[ Qcore ]===================================

 Git describe: 2.3.0-1-g21d9df7e5
 Compiler:     GNU 9.1.0
 Build type:   Release
 Version:      2.3.0-1-g21d9df7e5

 Start time:   Tue Oct 26 05:25:33 2021

 Data directory: /work/zw18965/.local/qcore/share/entos/qcore/data
 Number of threads: 24
 Number of threads was determined by: command line argument

 --------------------------------------------------------------------------------
                                   command: dft                                  
 --------------------------------------------------------------------------------
 AO basis set:                           def2-tzvppd
 Number of AO basis functions:          67

 Formula:                                V
 Nuclear charge:                        23.000000000
 Total charge:                           0.000000000
 Number of electrons:                   23.000000000

 Number of alpha electrons:             13
 Number of beta electrons:              10
 Number of unpaired electrons:           3
 Spin:                                   3
 Multiplicity:                           quartet

 Theory:                                 dft
 Exchange-correlation functional:        b3lyp
 Method for Coulomb:                     incore_df
 Method for exact exchange:              pre_transformed_df
 Integral threshold:                     1.00e-12
 DF basis set:                           def2-universal-jkfit
 Number of DF basis functions:         264
 Schwarz screening threshold:            1.00e-10
 Coulomb fitting method:                 Cholesky
 Total number of grid points:         7852
 Method for AO orthogonalization:        symmetric
 Threshold for linear dependence:        1.00e-08
 D3BJ dispersion energy:                 0.000000000

 -------------------------------------
  Running unrestricted open-shell SCF 
 -------------------------------------
 Max number of iterations:             128
 Conv. threshold (gradient):             1.00e-05
 Conv. threshold (energy):               1.00e-06
 Interpolation scheme:                   adiis+cdiis
 Initial guess:                          SAD

 ---------------------------------------------------------------
                  energy        change          grad        time
 ---------------------------------------------------------------
   0      -943.568046664                    2.06e-02        0.01
   1      -943.608402810     -4.04e-02      6.63e-01        0.01
   2      -942.717613179      8.91e-01      1.29e+00        0.01
   3      -943.753039498     -1.04e+00      3.12e-01        0.01
   4      -943.805781453     -5.27e-02      6.88e-02        0.01
   5      -943.805040870      7.41e-04      9.21e-02        0.01
   6      -943.810655668     -5.61e-03      2.95e-02        0.01
   7      -943.811279439     -6.24e-04      3.08e-02        0.01
   8      -943.807791166      3.49e-03      3.06e-02        0.01
   9      -943.806129492      1.66e-03      4.66e-02        0.01
  10      -943.804928249      1.20e-03      6.20e-02        0.01
  11      -943.807270196     -2.34e-03      2.09e-02        0.01
  12      -943.807335190     -6.50e-05      1.29e-02        0.01
  13      -943.807259500      7.57e-05      8.62e-03        0.01
  14      -943.807093564      1.66e-04      5.25e-03        0.01
  15      -943.807106506     -1.29e-05      6.39e-04        0.01
  16      -943.807106205      3.01e-07      5.28e-04        0.01
  17      -943.807106701     -4.96e-07      5.39e-04        0.01
  18      -943.807105578      1.12e-06      2.89e-04        0.01
  19      -943.807105741     -1.62e-07      2.71e-04        0.01
  20      -943.807105650      9.08e-08      2.43e-04        0.01
  21      -943.807105325      3.25e-07      2.32e-04        0.01
  22      -943.807103183      2.14e-06      1.99e-04        0.01
  23      -943.807102800      3.83e-07      1.64e-04        0.01
  24      -943.807102635      1.65e-07      3.96e-05        0.01
  25      -943.807102628      6.30e-09      5.84e-05        0.01
  26      -943.807102616      1.24e-08      6.89e-05        0.01
  27      -943.807102614      2.28e-09      1.64e-05        0.01
  28      -943.807102613      2.46e-10      1.70e-05        0.01
  29      -943.807102613     -2.15e-11      1.70e-05        0.01
  30      -943.807102614     -1.33e-10      1.58e-05        0.01
  31      -943.807102614     -2.38e-10      1.90e-05        0.01
  32      -943.807102609      4.67e-09      1.10e-05        0.01
  33      -943.807102604      5.08e-09      4.41e-06        0.01

 SCF converged in 33 iterations.

 Dipole moment (in Debye):              -0.000003       0.000000      -0.000000

 Quadrupole moment (in Debye-Angstrom):
                  1            2            3
 1       -18.414576    -0.182442    -0.277964
 2        -0.182442   -18.386349    -0.256362
 3        -0.277964    -0.256362   -18.613498

 Spin-squared expectation <S^2>:         4.749
 Total spin quantum number S:            1.736
 TOTAL ENERGY:                        -943.807102604

 --------------------------------------------------------------------------------

 End time:                               Tue Oct 26 05:25:34 2021
 Total wall-clock time:                  0.815 seconds
==================================================================================
