
================================================================================
          _____________ ________ _______________ ________     _________         
         / ___________// ______ \\_____   _____// ______ \   / ________)        
        / /_________  / /      \ \     | |     / /      \ \ | (_______          
       |  __________|| |        | |    | |    | |        | | \________ \        
        \ \_________ | |        | |    | |     \ \______/ /___________) |       
         \__________||_|        |_|    |_|      \________//____________/        
                                                                                
====================================[ Qcore ]===================================

 Git describe: 2.3.0-1-g21d9df7e5
 Compiler:     GNU 9.1.0
 Build type:   Release
 Version:      2.3.0-1-g21d9df7e5

 Start time:   Tue Oct 26 05:25:41 2021

 Data directory: /work/zw18965/.local/qcore/share/entos/qcore/data
 Number of threads: 24
 Number of threads was determined by: command line argument

 --------------------------------------------------------------------------------
                                   command: dft                                  
 --------------------------------------------------------------------------------
 AO basis set:                           def2-tzvppd
 Number of AO basis functions:         118

 Formula:                                SCr
 Nuclear charge:                        40.000000000
 Total charge:                           0.000000000
 Number of electrons:                   40.000000000

 Number of alpha electrons:             22
 Number of beta electrons:              18
 Number of unpaired electrons:           4
 Spin:                                   4
 Multiplicity:                           quintet

 Theory:                                 dft
 Exchange-correlation functional:        b3lyp
 Method for Coulomb:                     incore_df
 Method for exact exchange:              pre_transformed_df
 Integral threshold:                     1.00e-12
 DF basis set:                           def2-universal-jkfit
 Number of DF basis functions:         392
 Schwarz screening threshold:            1.00e-10
 Coulomb fitting method:                 Cholesky
 Total number of grid points:        15178
 Method for AO orthogonalization:        symmetric
 Threshold for linear dependence:        1.00e-08
 D3BJ dispersion energy:                -0.003229679

 -------------------------------------
  Running unrestricted open-shell SCF 
 -------------------------------------
 Max number of iterations:             128
 Conv. threshold (gradient):             1.00e-05
 Conv. threshold (energy):               1.00e-06
 Interpolation scheme:                   adiis+cdiis
 Initial guess:                          SAD

 ---------------------------------------------------------------
                  energy        change          grad        time
 ---------------------------------------------------------------
   0     -1442.315970532                    1.87e+00        0.03
   1     -1441.800096076      5.16e-01      1.57e+00        0.03
   2     -1427.651228804      1.41e+01      5.79e+00        0.02
   3     -1439.218209686     -1.16e+01      3.67e+00        0.03
   4     -1442.426321017     -3.21e+00      6.49e-01        0.02
   5     -1442.427428299     -1.11e-03      6.87e-01        0.03
   6     -1442.540544838     -1.13e-01      4.69e-02        0.03
   7     -1442.537015783      3.53e-03      1.60e-01        0.03
   8     -1442.543818515     -6.80e-03      5.72e-02        0.03
   9     -1442.545086761     -1.27e-03      4.08e-02        0.03
  10     -1442.545719798     -6.33e-04      3.11e-02        0.03
  11     -1442.546183217     -4.63e-04      5.08e-03        0.03
  12     -1442.546197609     -1.44e-05      1.56e-03        0.03
  13     -1442.546199337     -1.73e-06      5.77e-04        0.03
  14     -1442.546199483     -1.46e-07      5.83e-05        0.03
  15     -1442.546199485     -1.85e-09      2.25e-05        0.03
  16     -1442.546199485     -2.82e-10      7.82e-06        0.03

 SCF converged in 16 iterations.

 Dipole moment (in Debye):               0.000001       0.000001       5.251688

 Quadrupole moment (in Debye-Angstrom):
                  1            2            3
 1       -29.351591    -1.381798    -0.000002
 2        -1.381798   -29.351552    -0.000002
 3        -0.000002    -0.000002   -26.099508

 Spin-squared expectation <S^2>:         6.441
 Total spin quantum number S:            2.087
 TOTAL ENERGY:                       -1442.546199485

 --------------------------------------------------------------------------------

 End time:                               Tue Oct 26 05:25:42 2021
 Total wall-clock time:                  1.281 seconds
==================================================================================
