
================================================================================
          _____________ ________ _______________ ________     _________         
         / ___________// ______ \\_____   _____// ______ \   / ________)        
        / /_________  / /      \ \     | |     / /      \ \ | (_______          
       |  __________|| |        | |    | |    | |        | | \________ \        
        \ \_________ | |        | |    | |     \ \______/ /___________) |       
         \__________||_|        |_|    |_|      \________//____________/        
                                                                                
====================================[ Qcore ]===================================

 Git describe: 2.3.0-1-g21d9df7e5
 Compiler:     GNU 9.1.0
 Build type:   Release
 Version:      2.3.0-1-g21d9df7e5

 Start time:   Tue Oct 26 05:25:37 2021

 Data directory: /work/zw18965/.local/qcore/share/entos/qcore/data
 Number of threads: 24
 Number of threads was determined by: command line argument

 --------------------------------------------------------------------------------
                                   command: dft                                  
 --------------------------------------------------------------------------------
 AO basis set:                           def2-tzvppd
 Number of AO basis functions:          67

 Formula:                                Co
 Nuclear charge:                        27.000000000
 Total charge:                           0.000000000
 Number of electrons:                   27.000000000

 Number of alpha electrons:             15
 Number of beta electrons:              12
 Number of unpaired electrons:           3
 Spin:                                   3
 Multiplicity:                           quartet

 Theory:                                 dft
 Exchange-correlation functional:        b3lyp
 Method for Coulomb:                     incore_df
 Method for exact exchange:              pre_transformed_df
 Integral threshold:                     1.00e-12
 DF basis set:                           def2-universal-jkfit
 Number of DF basis functions:         264
 Schwarz screening threshold:            1.00e-10
 Coulomb fitting method:                 Cholesky
 Total number of grid points:         7936
 Method for AO orthogonalization:        symmetric
 Threshold for linear dependence:        1.00e-08
 D3BJ dispersion energy:                 0.000000000

 -------------------------------------
  Running unrestricted open-shell SCF 
 -------------------------------------
 Max number of iterations:             128
 Conv. threshold (gradient):             1.00e-05
 Conv. threshold (energy):               1.00e-06
 Interpolation scheme:                   adiis+cdiis
 Initial guess:                          SAD

 ---------------------------------------------------------------
                  energy        change          grad        time
 ---------------------------------------------------------------
   0     -1382.419750385                    9.47e-03        0.01
   1     -1382.626520803     -2.07e-01      2.15e-01        0.01
   2     -1382.125060913      5.01e-01      9.00e-01        0.01
   3     -1382.640290401     -5.15e-01      1.58e-01        0.01
   4     -1382.651026174     -1.07e-02      1.14e-01        0.01
   5     -1382.656111302     -5.09e-03      5.64e-02        0.01
   6     -1382.656866071     -7.55e-04      7.57e-02        0.01
   7     -1382.660513919     -3.65e-03      1.21e-02        0.01
   8     -1382.661399301     -8.85e-04      5.04e-03        0.01
   9     -1382.661482639     -8.33e-05      4.21e-03        0.01
  10     -1382.661514893     -3.23e-05      2.12e-03        0.01
  11     -1382.661516491     -1.60e-06      2.90e-04        0.01
  12     -1382.661517057     -5.66e-07      2.62e-04        0.01
  13     -1382.661518134     -1.08e-06      2.24e-04        0.01
  14     -1382.661520531     -2.40e-06      2.19e-04        0.01
  15     -1382.661520609     -7.78e-08      3.48e-05        0.01
  16     -1382.661520633     -2.37e-08      3.02e-05        0.01
  17     -1382.661520633     -6.63e-10      1.46e-06        0.01

 SCF converged in 17 iterations.

 Dipole moment (in Debye):              -0.000000       0.000000      -0.000000

 Quadrupole moment (in Debye-Angstrom):
                  1            2            3
 1       -14.971876     0.000008    -0.000000
 2         0.000008   -14.971874     0.000010
 3        -0.000000     0.000010   -14.971883

 Spin-squared expectation <S^2>:         3.752
 Total spin quantum number S:            1.500
 TOTAL ENERGY:                       -1382.661520633

 --------------------------------------------------------------------------------

 End time:                               Tue Oct 26 05:25:37 2021
 Total wall-clock time:                  0.730 seconds
==================================================================================
