
================================================================================
          _____________ ________ _______________ ________     _________         
         / ___________// ______ \\_____   _____// ______ \   / ________)        
        / /_________  / /      \ \     | |     / /      \ \ | (_______          
       |  __________|| |        | |    | |    | |        | | \________ \        
        \ \_________ | |        | |    | |     \ \______/ /___________) |       
         \__________||_|        |_|    |_|      \________//____________/        
                                                                                
====================================[ Qcore ]===================================

 Git describe: 2.3.0-1-g21d9df7e5
 Compiler:     GNU 9.1.0
 Build type:   Release
 Version:      2.3.0-1-g21d9df7e5

 Start time:   Tue Oct 26 05:25:43 2021

 Data directory: /work/zw18965/.local/qcore/share/entos/qcore/data
 Number of threads: 24
 Number of threads was determined by: command line argument

 --------------------------------------------------------------------------------
                                   command: dft                                  
 --------------------------------------------------------------------------------
 AO basis set:                           def2-tzvppd
 Number of AO basis functions:         124

 Formula:                                MnBr
 Nuclear charge:                        60.000000000
 Total charge:                           0.000000000
 Number of electrons:                   60.000000000

 Number of alpha electrons:             33
 Number of beta electrons:              27
 Number of unpaired electrons:           6
 Spin:                                   6
 Multiplicity:                           octet

 Theory:                                 dft
 Exchange-correlation functional:        b3lyp
 Method for Coulomb:                     incore_df
 Method for exact exchange:              pre_transformed_df
 Integral threshold:                     1.00e-12
 DF basis set:                           def2-universal-jkfit
 Number of DF basis functions:         530
 Schwarz screening threshold:            1.00e-10
 Coulomb fitting method:                 Cholesky
 Total number of grid points:        16100
 Method for AO orthogonalization:        symmetric
 Threshold for linear dependence:        1.00e-08
 D3BJ dispersion energy:                -0.002817849

 -------------------------------------
  Running unrestricted open-shell SCF 
 -------------------------------------
 Max number of iterations:             128
 Conv. threshold (gradient):             1.00e-05
 Conv. threshold (energy):               1.00e-06
 Interpolation scheme:                   adiis+cdiis
 Initial guess:                          SAD

 ---------------------------------------------------------------
                  energy        change          grad        time
 ---------------------------------------------------------------
   0     -3724.724665840                    2.19e+00        0.04
   1     -3724.977095702     -2.52e-01      3.31e-01        0.04
   2     -3724.518568441      4.59e-01      1.13e+00        0.04
   3     -3724.995991614     -4.77e-01      1.93e-01        0.04
   4     -3725.017603923     -2.16e-02      1.24e-01        0.04
   5     -3725.022592288     -4.99e-03      5.93e-02        0.03
   6     -3725.024405519     -1.81e-03      3.15e-02        0.04
   7     -3725.024906195     -5.01e-04      6.28e-04        0.04
   8     -3725.024906647     -4.51e-07      2.31e-04        0.03
   9     -3725.024906697     -5.01e-08      1.20e-04        0.04
  10     -3725.024906705     -7.94e-09      4.41e-05        0.04
  11     -3725.024906705     -9.27e-10      4.07e-06        0.04

 SCF converged in 11 iterations.

 Dipole moment (in Debye):               0.000001       0.000001      -2.920229

 Quadrupole moment (in Debye-Angstrom):
                  1            2            3
 1       -34.457603    -0.000000    -0.000000
 2        -0.000000   -34.457603    -0.000000
 3        -0.000000    -0.000000   -36.495706

 Spin-squared expectation <S^2>:        12.004
 Total spin quantum number S:            3.001
 TOTAL ENERGY:                       -3725.024906705

 --------------------------------------------------------------------------------

 End time:                               Tue Oct 26 05:25:45 2021
 Total wall-clock time:                  1.982 seconds
==================================================================================
