
================================================================================
          _____________ ________ _______________ ________     _________         
         / ___________// ______ \\_____   _____// ______ \   / ________)        
        / /_________  / /      \ \     | |     / /      \ \ | (_______          
       |  __________|| |        | |    | |    | |        | | \________ \        
        \ \_________ | |        | |    | |     \ \______/ /___________) |       
         \__________||_|        |_|    |_|      \________//____________/        
                                                                                
====================================[ Qcore ]===================================

 Git describe: 2.3.0-1-g21d9df7e5
 Compiler:     GNU 9.1.0
 Build type:   Release
 Version:      2.3.0-1-g21d9df7e5

 Start time:   Tue Oct 26 05:25:40 2021

 Data directory: /work/zw18965/.local/qcore/share/entos/qcore/data
 Number of threads: 24
 Number of threads was determined by: command line argument

 --------------------------------------------------------------------------------
                                   command: dft                                  
 --------------------------------------------------------------------------------
 AO basis set:                           def2-tzvppd
 Number of AO basis functions:         107

 Formula:                                OV
 Nuclear charge:                        31.000000000
 Total charge:                           0.000000000
 Number of electrons:                   31.000000000

 Number of alpha electrons:             17
 Number of beta electrons:              14
 Number of unpaired electrons:           3
 Spin:                                   3
 Multiplicity:                           quartet

 Theory:                                 dft
 Exchange-correlation functional:        b3lyp
 Method for Coulomb:                     incore_df
 Method for exact exchange:              pre_transformed_df
 Integral threshold:                     1.00e-12
 DF basis set:                           def2-universal-jkfit
 Number of DF basis functions:         341
 Schwarz screening threshold:            1.00e-10
 Coulomb fitting method:                 Cholesky
 Total number of grid points:        14796
 Method for AO orthogonalization:        symmetric
 Threshold for linear dependence:        1.00e-08
 D3BJ dispersion energy:                -0.001402526

 -------------------------------------
  Running unrestricted open-shell SCF 
 -------------------------------------
 Max number of iterations:             128
 Conv. threshold (gradient):             1.00e-05
 Conv. threshold (energy):               1.00e-06
 Interpolation scheme:                   adiis+cdiis
 Initial guess:                          SAD

 ---------------------------------------------------------------
                  energy        change          grad        time
 ---------------------------------------------------------------
   0     -1018.885181293                    2.11e+00        0.02
   1     -1018.466278484      4.19e-01      1.29e+00        0.02
   2     -1003.324016087      1.51e+01      9.44e+00        0.02
   3     -1016.082834102     -1.28e+01      2.72e+00        0.02
   4     -1019.042611868     -2.96e+00      5.04e-01        0.02
   5     -1019.034841137      7.77e-03      5.58e-01        0.02
   6     -1019.134631800     -9.98e-02      3.01e-02        0.03
   7     -1019.132787147      1.84e-03      7.69e-02        0.02
   8     -1019.135043243     -2.26e-03      5.28e-03        0.02
   9     -1019.135089076     -4.58e-05      5.40e-03        0.03
  10     -1019.135100995     -1.19e-05      1.44e-03        0.03
  11     -1019.135101854     -8.59e-07      2.57e-04        0.02
  12     -1019.135101913     -5.92e-08      1.40e-04        0.02
  13     -1019.135101923     -1.03e-08      9.65e-05        0.02
  14     -1019.135101927     -3.49e-09      7.86e-06        0.02

 SCF converged in 14 iterations.

 Dipole moment (in Debye):              -0.000002      -0.000002       3.816776

 Quadrupole moment (in Debye-Angstrom):
                  1            2            3
 1       -21.677521     0.000000    -0.000000
 2         0.000000   -21.677521    -0.000000
 3        -0.000000    -0.000000   -23.212776

 Spin-squared expectation <S^2>:         3.801
 Total spin quantum number S:            1.513
 TOTAL ENERGY:                       -1019.135101927

 --------------------------------------------------------------------------------

 End time:                               Tue Oct 26 05:25:41 2021
 Total wall-clock time:                  1.166 seconds
==================================================================================
