
================================================================================
          _____________ ________ _______________ ________     _________         
         / ___________// ______ \\_____   _____// ______ \   / ________)        
        / /_________  / /      \ \     | |     / /      \ \ | (_______          
       |  __________|| |        | |    | |    | |        | | \________ \        
        \ \_________ | |        | |    | |     \ \______/ /___________) |       
         \__________||_|        |_|    |_|      \________//____________/        
                                                                                
====================================[ Qcore ]===================================

 Git describe: 2.3.0-1-g21d9df7e5
 Compiler:     GNU 9.1.0
 Build type:   Release
 Version:      2.3.0-1-g21d9df7e5

 Start time:   Tue Oct 26 05:24:40 2021

 Data directory: /work/zw18965/.local/qcore/share/entos/qcore/data
 Number of threads: 24
 Number of threads was determined by: command line argument
  - More threads can be used by running 'qcore -n 32'

 --------------------------------------------------------------------------------
                                   command: dft                                  
 --------------------------------------------------------------------------------
 AO basis set:                           def2-tzvppd
 Number of AO basis functions:         118

 Formula:                                ClFe
 Nuclear charge:                        43.000000000
 Total charge:                           0.000000000
 Number of electrons:                   43.000000000

 Number of alpha electrons:             24
 Number of beta electrons:              19
 Number of unpaired electrons:           5
 Spin:                                   5
 Multiplicity:                           septet

 Theory:                                 dft
 Exchange-correlation functional:        b3lyp
 Method for Coulomb:                     incore_df
 Method for exact exchange:              pre_transformed_df
 Integral threshold:                     1.00e-12
 DF basis set:                           def2-universal-jkfit
 Number of DF basis functions:         392
 Schwarz screening threshold:            1.00e-10
 Coulomb fitting method:                 Cholesky
 Total number of grid points:        15430
 Method for AO orthogonalization:        symmetric
 Threshold for linear dependence:        1.00e-08
 D3BJ dispersion energy:                -0.002303858

 -------------------------------------
  Running unrestricted open-shell SCF 
 -------------------------------------
 Max number of iterations:             128
 Conv. threshold (gradient):             1.00e-05
 Conv. threshold (energy):               1.00e-06
 Interpolation scheme:                   adiis+cdiis
 Initial guess:                          SAD

 ---------------------------------------------------------------
                  energy        change          grad        time
 ---------------------------------------------------------------
   0     -1723.571910492                    1.79e+00        0.02
   1     -1723.803010268     -2.31e-01      1.83e-01        0.03
   2     -1723.822722203     -1.97e-02      8.37e-02        0.02
   3     -1723.821855980      8.66e-04      1.05e-01        0.02
   4     -1723.828630909     -6.77e-03      2.60e-02        0.03
   5     -1723.829099983     -4.69e-04      8.89e-03        0.03
   6     -1723.829127546     -2.76e-05      3.02e-03        0.02
   7     -1723.829132528     -4.98e-06      7.44e-04        0.03
   8     -1723.829132831     -3.03e-07      7.89e-05        0.02
   9     -1723.829132839     -8.15e-09      1.21e-05        0.02
  10     -1723.829132839     -2.61e-10      4.82e-06        0.02

 SCF converged in 10 iterations.

 Dipole moment (in Debye):              -0.000001      -0.000001       2.296483

 Quadrupole moment (in Debye-Angstrom):
                  1            2            3
 1       -28.002975     0.000006    -0.000000
 2         0.000006   -28.002975    -0.000000
 3        -0.000000    -0.000000   -32.253404

 Spin-squared expectation <S^2>:         8.755
 Total spin quantum number S:            2.501
 TOTAL ENERGY:                       -1723.829132839

 --------------------------------------------------------------------------------

 End time:                               Tue Oct 26 05:24:41 2021
 Total wall-clock time:                  1.102 seconds
==================================================================================
