
================================================================================
          _____________ ________ _______________ ________     _________         
         / ___________// ______ \\_____   _____// ______ \   / ________)        
        / /_________  / /      \ \     | |     / /      \ \ | (_______          
       |  __________|| |        | |    | |    | |        | | \________ \        
        \ \_________ | |        | |    | |     \ \______/ /___________) |       
         \__________||_|        |_|    |_|      \________//____________/        
                                                                                
====================================[ Qcore ]===================================

 Git describe: 2.3.0-1-g21d9df7e5
 Compiler:     GNU 9.1.0
 Build type:   Release
 Version:      2.3.0-1-g21d9df7e5

 Start time:   Tue Oct 26 05:24:49 2021

 Data directory: /work/zw18965/.local/qcore/share/entos/qcore/data
 Number of threads: 24
 Number of threads was determined by: command line argument
  - More threads can be used by running 'qcore -n 32'

 --------------------------------------------------------------------------------
                                   command: dft                                  
 --------------------------------------------------------------------------------
 AO basis set:                           def2-tzvppd
 Number of AO basis functions:         124

 Formula:                                TiBr
 Nuclear charge:                        57.000000000
 Total charge:                           0.000000000
 Number of electrons:                   57.000000000

 Number of alpha electrons:             30
 Number of beta electrons:              27
 Number of unpaired electrons:           3
 Spin:                                   3
 Multiplicity:                           quartet

 Theory:                                 dft
 Exchange-correlation functional:        b3lyp
 Method for Coulomb:                     incore_df
 Method for exact exchange:              pre_transformed_df
 Integral threshold:                     1.00e-12
 DF basis set:                           def2-universal-jkfit
 Number of DF basis functions:         530
 Schwarz screening threshold:            1.00e-10
 Coulomb fitting method:                 Cholesky
 Total number of grid points:        15956
 Method for AO orthogonalization:        symmetric
 Threshold for linear dependence:        1.00e-08
 D3BJ dispersion energy:                -0.003263069

 -------------------------------------
  Running unrestricted open-shell SCF 
 -------------------------------------
 Max number of iterations:             128
 Conv. threshold (gradient):             1.00e-05
 Conv. threshold (energy):               1.00e-06
 Interpolation scheme:                   adiis+cdiis
 Initial guess:                          SAD

 ---------------------------------------------------------------
                  energy        change          grad        time
 ---------------------------------------------------------------
   0     -3423.339479054                    2.10e+00        0.04
   1     -3423.357425269     -1.79e-02      3.18e-01        0.03
   2     -3421.454740862      1.90e+00      2.24e+00        0.03
   3     -3423.271018884     -1.82e+00      6.40e-01        0.03
   4     -3423.420557174     -1.50e-01      4.49e-02        0.03
   5     -3423.419327986      1.23e-03      9.09e-02        0.03
   6     -3423.421935574     -2.61e-03      6.18e-03        0.03
   7     -3423.421981113     -4.55e-05      3.68e-03        0.03
   8     -3423.422006766     -2.57e-05      2.24e-03        0.03
   9     -3423.422013397     -6.63e-06      1.05e-03        0.03
  10     -3423.422015520     -2.12e-06      3.25e-04        0.03
  11     -3423.422015696     -1.76e-07      3.76e-05        0.03
  12     -3423.422015699     -2.94e-09      2.30e-05        0.03
  13     -3423.422015700     -8.97e-10      9.19e-06        0.03

 SCF converged in 13 iterations.

 Dipole moment (in Debye):               0.000002       0.000002      -4.995007

 Quadrupole moment (in Debye-Angstrom):
                  1            2            3
 1       -36.965388     0.000000    -0.000007
 2         0.000000   -36.965388    -0.000007
 3        -0.000007    -0.000007   -26.393569

 Spin-squared expectation <S^2>:         3.757
 Total spin quantum number S:            1.502
 TOTAL ENERGY:                       -3423.422015701

 --------------------------------------------------------------------------------

 End time:                               Tue Oct 26 05:24:51 2021
 Total wall-clock time:                  1.939 seconds
==================================================================================
