
================================================================================
          _____________ ________ _______________ ________     _________         
         / ___________// ______ \\_____   _____// ______ \   / ________)        
        / /_________  / /      \ \     | |     / /      \ \ | (_______          
       |  __________|| |        | |    | |    | |        | | \________ \        
        \ \_________ | |        | |    | |     \ \______/ /___________) |       
         \__________||_|        |_|    |_|      \________//____________/        
                                                                                
====================================[ Qcore ]===================================

 Git describe: 2.3.0-1-g21d9df7e5
 Compiler:     GNU 9.1.0
 Build type:   Release
 Version:      2.3.0-1-g21d9df7e5

 Start time:   Tue Oct 26 05:25:48 2021

 Data directory: /work/zw18965/.local/qcore/share/entos/qcore/data
 Number of threads: 24
 Number of threads was determined by: command line argument

 --------------------------------------------------------------------------------
                                   command: dft                                  
 --------------------------------------------------------------------------------
 AO basis set:                           def2-tzvppd
 Number of AO basis functions:         124

 Formula:                                CuBr
 Nuclear charge:                        64.000000000
 Total charge:                           0.000000000
 Number of electrons:                   64.000000000

 Number of alpha electrons:             32
 Number of beta electrons:              32
 Number of unpaired electrons:           0
 Spin:                                   0
 Multiplicity:                           singlet

 Theory:                                 dft
 Exchange-correlation functional:        b3lyp
 Method for Coulomb:                     incore_df
 Method for exact exchange:              pre_transformed_df
 Integral threshold:                     1.00e-12
 DF basis set:                           def2-universal-jkfit
 Number of DF basis functions:         530
 Schwarz screening threshold:            1.00e-10
 Coulomb fitting method:                 Cholesky
 Total number of grid points:        16100
 Method for AO orthogonalization:        symmetric
 Threshold for linear dependence:        1.00e-08
 D3BJ dispersion energy:                -0.002471590

 -------------------------------------
  Running restricted closed-shell SCF 
 -------------------------------------
 Max number of iterations:             128
 Conv. threshold (gradient):             1.00e-05
 Conv. threshold (energy):               1.00e-06
 Interpolation scheme:                   adiis+cdiis
 Initial guess:                          SAD

 ---------------------------------------------------------------
                  energy        change          grad        time
 ---------------------------------------------------------------
   0     -4214.631012667                    3.72e+00        0.02
   1     -4214.509862609      1.21e-01      4.47e-01        0.03
   2     -4214.372293150      1.38e-01      1.06e+00        0.02
   3     -4214.541146562     -1.69e-01      2.11e-01        0.02
   4     -4214.543700613     -2.55e-03      1.89e-01        0.02
   5     -4214.547865434     -4.16e-03      1.31e-01        0.02
   6     -4214.545458109      2.41e-03      2.25e-01        0.02
   7     -4214.548742293     -3.28e-03      5.84e-02        0.02
   8     -4214.548906070     -1.64e-04      3.07e-02        0.02
   9     -4214.549024445     -1.18e-04      2.51e-04        0.02
  10     -4214.549024458     -1.30e-08      4.93e-05        0.02
  11     -4214.549024459     -9.42e-10      7.60e-06        0.02

 SCF converged in 11 iterations.

 Dipole moment (in Debye):              -0.000003      -0.000003      -4.754695

 Quadrupole moment (in Debye-Angstrom):
                  1            2            3
 1       -32.120743     0.000000     0.000005
 2         0.000000   -32.120743     0.000005
 3         0.000005     0.000005   -25.214366

 Spin-squared expectation <S^2>:         0.000
 Total spin quantum number S:            0.000
 TOTAL ENERGY:                       -4214.549024459

 --------------------------------------------------------------------------------

 End time:                               Tue Oct 26 05:25:50 2021
 Total wall-clock time:                  1.725 seconds
==================================================================================
