
================================================================================
          _____________ ________ _______________ ________     _________         
         / ___________// ______ \\_____   _____// ______ \   / ________)        
        / /_________  / /      \ \     | |     / /      \ \ | (_______          
       |  __________|| |        | |    | |    | |        | | \________ \        
        \ \_________ | |        | |    | |     \ \______/ /___________) |       
         \__________||_|        |_|    |_|      \________//____________/        
                                                                                
====================================[ Qcore ]===================================

 Git describe: 2.3.0-1-g21d9df7e5
 Compiler:     GNU 9.1.0
 Build type:   Release
 Version:      2.3.0-1-g21d9df7e5

 Start time:   Tue Oct 26 05:24:55 2021

 Data directory: /work/zw18965/.local/qcore/share/entos/qcore/data
 Number of threads: 24
 Number of threads was determined by: command line argument
  - More threads can be used by running 'qcore -n 32'

 --------------------------------------------------------------------------------
                                   command: dft                                  
 --------------------------------------------------------------------------------
 AO basis set:                           def2-tzvppd
 Number of AO basis functions:         107

 Formula:                                FCo
 Nuclear charge:                        36.000000000
 Total charge:                           0.000000000
 Number of electrons:                   36.000000000

 Number of alpha electrons:             19
 Number of beta electrons:              17
 Number of unpaired electrons:           2
 Spin:                                   2
 Multiplicity:                           triplet

 Theory:                                 dft
 Exchange-correlation functional:        b3lyp
 Method for Coulomb:                     incore_df
 Method for exact exchange:              pre_transformed_df
 Integral threshold:                     1.00e-12
 DF basis set:                           def2-universal-jkfit
 Number of DF basis functions:         341
 Schwarz screening threshold:            1.00e-10
 Coulomb fitting method:                 Cholesky
 Total number of grid points:        14748
 Method for AO orthogonalization:        symmetric
 Threshold for linear dependence:        1.00e-08
 D3BJ dispersion energy:                -0.000805336

 -------------------------------------
  Running unrestricted open-shell SCF 
 -------------------------------------
 Max number of iterations:             128
 Conv. threshold (gradient):             1.00e-05
 Conv. threshold (energy):               1.00e-06
 Interpolation scheme:                   adiis+cdiis
 Initial guess:                          SAD

 ---------------------------------------------------------------
                  energy        change          grad        time
 ---------------------------------------------------------------
   0     -1482.317214611                    1.33e+00        0.02
   1     -1482.431330611     -1.14e-01      4.83e-01        0.02
   2     -1481.252739674      1.18e+00      1.79e+00        0.02
   3     -1482.455119746     -1.20e+00      5.39e-01        0.02
   4     -1482.533648791     -7.85e-02      1.61e-01        0.02
   5     -1482.519904636      1.37e-02      3.36e-01        0.02
   6     -1482.543621863     -2.37e-02      6.48e-02        0.02
   7     -1482.540483184      3.14e-03      1.90e-01        0.02
   8     -1482.550347797     -9.86e-03      4.44e-02        0.02
   9     -1482.553538309     -3.19e-03      4.20e-02        0.02
  10     -1482.556750207     -3.21e-03      3.34e-02        0.02
  11     -1482.559112569     -2.36e-03      5.00e-02        0.02
  12     -1482.559506366     -3.94e-04      7.82e-03        0.02
  13     -1482.559594455     -8.81e-05      2.13e-02        0.02
  14     -1482.559761508     -1.67e-04      5.24e-03        0.02
  15     -1482.559780447     -1.89e-05      4.66e-03        0.02
  16     -1482.559784401     -3.95e-06      4.28e-03        0.02
  17     -1482.559788711     -4.31e-06      1.23e-03        0.02
  18     -1482.559789066     -3.55e-07      2.26e-04        0.02
  19     -1482.559789079     -1.28e-08      3.84e-05        0.02
  20     -1482.559789080     -8.65e-10      1.47e-05        0.02
  21     -1482.559789080     -1.27e-10      2.58e-06        0.02

 SCF converged in 21 iterations.

 Dipole moment (in Debye):               0.000002       0.000002       4.639818

 Quadrupole moment (in Debye-Angstrom):
                  1            2            3
 1       -18.731499     0.452902     0.000003
 2         0.452902   -18.731324     0.000003
 3         0.000003     0.000003   -20.131041

 Spin-squared expectation <S^2>:         2.201
 Total spin quantum number S:            1.066
 TOTAL ENERGY:                       -1482.559789080

 --------------------------------------------------------------------------------

 End time:                               Tue Oct 26 05:24:56 2021
 Total wall-clock time:                  1.272 seconds
==================================================================================
