
================================================================================
          _____________ ________ _______________ ________     _________         
         / ___________// ______ \\_____   _____// ______ \   / ________)        
        / /_________  / /      \ \     | |     / /      \ \ | (_______          
       |  __________|| |        | |    | |    | |        | | \________ \        
        \ \_________ | |        | |    | |     \ \______/ /___________) |       
         \__________||_|        |_|    |_|      \________//____________/        
                                                                                
====================================[ Qcore ]===================================

 Git describe: 2.3.0-1-g21d9df7e5
 Compiler:     GNU 9.1.0
 Build type:   Release
 Version:      2.3.0-1-g21d9df7e5

 Start time:   Tue Oct 26 05:25:45 2021

 Data directory: /work/zw18965/.local/qcore/share/entos/qcore/data
 Number of threads: 24
 Number of threads was determined by: command line argument

 --------------------------------------------------------------------------------
                                   command: dft                                  
 --------------------------------------------------------------------------------
 AO basis set:                           def2-tzvppd
 Number of AO basis functions:          84

 Formula:                                HCo
 Nuclear charge:                        28.000000000
 Total charge:                           0.000000000
 Number of electrons:                   28.000000000

 Number of alpha electrons:             15
 Number of beta electrons:              13
 Number of unpaired electrons:           2
 Spin:                                   2
 Multiplicity:                           triplet

 Theory:                                 dft
 Exchange-correlation functional:        b3lyp
 Method for Coulomb:                     incore_df
 Method for exact exchange:              pre_transformed_df
 Integral threshold:                     1.00e-12
 DF basis set:                           def2-universal-jkfit
 Number of DF basis functions:         282
 Schwarz screening threshold:            1.00e-10
 Coulomb fitting method:                 Cholesky
 Total number of grid points:        13826
 Method for AO orthogonalization:        symmetric
 Threshold for linear dependence:        1.00e-08
 D3BJ dispersion energy:                -0.000735333

 -------------------------------------
  Running unrestricted open-shell SCF 
 -------------------------------------
 Max number of iterations:             128
 Conv. threshold (gradient):             1.00e-05
 Conv. threshold (energy):               1.00e-06
 Interpolation scheme:                   adiis+cdiis
 Initial guess:                          SAD

 ---------------------------------------------------------------
                  energy        change          grad        time
 ---------------------------------------------------------------
   0     -1383.020963436                    1.35e+00        0.02
   1     -1383.188615964     -1.68e-01      3.86e-01        0.02
   2     -1381.733352745      1.46e+00      2.37e+00        0.01
   3     -1383.153298827     -1.42e+00      6.29e-01        0.01
   4     -1383.250808449     -9.75e-02      9.54e-02        0.01
   5     -1383.240792711      1.00e-02      2.38e-01        0.01
   6     -1383.253955713     -1.32e-02      1.40e-02        0.01
   7     -1383.254083151     -1.27e-04      3.71e-03        0.01
   8     -1383.254095361     -1.22e-05      1.62e-03        0.01
   9     -1383.254096689     -1.33e-06      3.07e-04        0.01
  10     -1383.254096749     -5.96e-08      9.83e-05        0.01
  11     -1383.254096756     -6.87e-09      1.41e-05        0.01
  12     -1383.254096756     -4.52e-10      4.99e-06        0.01

 SCF converged in 12 iterations.

 Dipole moment (in Debye):              -0.000001      -0.000001       2.792922

 Quadrupole moment (in Debye-Angstrom):
                  1            2            3
 1       -15.019686    -0.000000    -0.000001
 2        -0.000000   -15.019686    -0.000001
 3        -0.000001    -0.000001   -16.745602

 Spin-squared expectation <S^2>:         2.024
 Total spin quantum number S:            1.008
 TOTAL ENERGY:                       -1383.254096756

 --------------------------------------------------------------------------------

 End time:                               Tue Oct 26 05:25:46 2021
 Total wall-clock time:                  0.815 seconds
==================================================================================
