
================================================================================
          _____________ ________ _______________ ________     _________         
         / ___________// ______ \\_____   _____// ______ \   / ________)        
        / /_________  / /      \ \     | |     / /      \ \ | (_______          
       |  __________|| |        | |    | |    | |        | | \________ \        
        \ \_________ | |        | |    | |     \ \______/ /___________) |       
         \__________||_|        |_|    |_|      \________//____________/        
                                                                                
====================================[ Qcore ]===================================

 Git describe: 2.3.0-1-g21d9df7e5
 Compiler:     GNU 9.1.0
 Build type:   Release
 Version:      2.3.0-1-g21d9df7e5

 Start time:   Tue Oct 26 05:25:49 2021

 Data directory: /work/zw18965/.local/qcore/share/entos/qcore/data
 Number of threads: 24
 Number of threads was determined by: command line argument

 --------------------------------------------------------------------------------
                                   command: dft                                  
 --------------------------------------------------------------------------------
 AO basis set:                           def2-tzvppd
 Number of AO basis functions:         118

 Formula:                                SZn
 Nuclear charge:                        46.000000000
 Total charge:                           0.000000000
 Number of electrons:                   46.000000000

 Number of alpha electrons:             23
 Number of beta electrons:              23
 Number of unpaired electrons:           0
 Spin:                                   0
 Multiplicity:                           singlet

 Theory:                                 dft
 Exchange-correlation functional:        b3lyp
 Method for Coulomb:                     incore_df
 Method for exact exchange:              pre_transformed_df
 Integral threshold:                     1.00e-12
 DF basis set:                           def2-universal-jkfit
 Number of DF basis functions:         392
 Schwarz screening threshold:            1.00e-10
 Coulomb fitting method:                 Cholesky
 Total number of grid points:        15286
 Method for AO orthogonalization:        symmetric
 Threshold for linear dependence:        1.00e-08
 D3BJ dispersion energy:                -0.002782519

 -------------------------------------
  Running restricted closed-shell SCF 
 -------------------------------------
 Max number of iterations:             128
 Conv. threshold (gradient):             1.00e-05
 Conv. threshold (energy):               1.00e-06
 Interpolation scheme:                   adiis+cdiis
 Initial guess:                          SAD

 ---------------------------------------------------------------
                  energy        change          grad        time
 ---------------------------------------------------------------
   0     -2177.644008181                    4.28e+00        0.02
   1     -2177.310113421      3.34e-01      7.83e-01        0.02
   2     -2174.929648418      2.38e+00      3.19e+00        0.02
   3     -2177.179072462     -2.25e+00      1.12e+00        0.02
   4     -2177.451941061     -2.73e-01      8.94e-02        0.02
   5     -2177.441495289      1.04e-02      2.46e-01        0.02
   6     -2177.453699251     -1.22e-02      2.10e-02        0.02
   7     -2177.453794811     -9.56e-05      4.40e-03        0.02
   8     -2177.453796852     -2.04e-06      3.23e-03        0.01
   9     -2177.453798806     -1.95e-06      3.87e-04        0.01
  10     -2177.453798829     -2.36e-08      4.15e-05        0.01
  11     -2177.453798830     -5.95e-10      6.22e-06        0.01

 SCF converged in 11 iterations.

 Dipole moment (in Debye):               0.000002       0.000002       5.300803

 Quadrupole moment (in Debye-Angstrom):
                  1            2            3
 1       -28.846858    -0.000000     0.000000
 2        -0.000000   -28.846858     0.000000
 3         0.000000     0.000000   -24.567179

 Spin-squared expectation <S^2>:         0.000
 Total spin quantum number S:            0.000
 TOTAL ENERGY:                       -2177.453798830

 --------------------------------------------------------------------------------

 End time:                               Tue Oct 26 05:25:50 2021
 Total wall-clock time:                  0.968 seconds
==================================================================================
