
================================================================================
          _____________ ________ _______________ ________     _________         
         / ___________// ______ \\_____   _____// ______ \   / ________)        
        / /_________  / /      \ \     | |     / /      \ \ | (_______          
       |  __________|| |        | |    | |    | |        | | \________ \        
        \ \_________ | |        | |    | |     \ \______/ /___________) |       
         \__________||_|        |_|    |_|      \________//____________/        
                                                                                
====================================[ Qcore ]===================================

 Git describe: 2.3.0-1-g21d9df7e5
 Compiler:     GNU 9.1.0
 Build type:   Release
 Version:      2.3.0-1-g21d9df7e5

 Start time:   Tue Oct 26 05:25:44 2021

 Data directory: /work/zw18965/.local/qcore/share/entos/qcore/data
 Number of threads: 24
 Number of threads was determined by: command line argument

 --------------------------------------------------------------------------------
                                   command: dft                                  
 --------------------------------------------------------------------------------
 AO basis set:                           def2-tzvppd
 Number of AO basis functions:         118

 Formula:                                SFe
 Nuclear charge:                        42.000000000
 Total charge:                           0.000000000
 Number of electrons:                   42.000000000

 Number of alpha electrons:             23
 Number of beta electrons:              19
 Number of unpaired electrons:           4
 Spin:                                   4
 Multiplicity:                           quintet

 Theory:                                 dft
 Exchange-correlation functional:        b3lyp
 Method for Coulomb:                     incore_df
 Method for exact exchange:              pre_transformed_df
 Integral threshold:                     1.00e-12
 DF basis set:                           def2-universal-jkfit
 Number of DF basis functions:         392
 Schwarz screening threshold:            1.00e-10
 Coulomb fitting method:                 Cholesky
 Total number of grid points:        15286
 Method for AO orthogonalization:        symmetric
 Threshold for linear dependence:        1.00e-08
 D3BJ dispersion energy:                -0.002632088

 -------------------------------------
  Running unrestricted open-shell SCF 
 -------------------------------------
 Max number of iterations:             128
 Conv. threshold (gradient):             1.00e-05
 Conv. threshold (energy):               1.00e-06
 Interpolation scheme:                   adiis+cdiis
 Initial guess:                          SAD

 ---------------------------------------------------------------
                  energy        change          grad        time
 ---------------------------------------------------------------
   0     -1661.655800811                    2.33e+00        0.02
   1     -1661.636670236      1.91e-02      6.79e-01        0.03
   2     -1655.286891331      6.35e+00      4.23e+00        0.03
   3     -1660.628749720     -5.34e+00      2.24e+00        0.03
   4     -1661.743113354     -1.11e+00      4.98e-01        0.03
   5     -1661.718687243      2.44e-02      4.64e-01        0.03
   6     -1661.790072089     -7.14e-02      9.72e-02        0.03
   7     -1661.780993692      9.08e-03      1.47e-01        0.03
   8     -1661.796692004     -1.57e-02      3.00e-02        0.03
   9     -1661.797110752     -4.19e-04      8.67e-03        0.02
  10     -1661.797141452     -3.07e-05      1.37e-03        0.03
  11     -1661.797143972     -2.52e-06      9.35e-04        0.03
  12     -1661.797144502     -5.30e-07      2.72e-04        0.03
  13     -1661.797144526     -2.38e-08      1.06e-04        0.03
  14     -1661.797144531     -4.96e-09      3.86e-05        0.03
  15     -1661.797144532     -7.40e-10      4.68e-06        0.03

 SCF converged in 15 iterations.

 Dipole moment (in Debye):              -0.000000      -0.000000       5.586917

 Quadrupole moment (in Debye-Angstrom):
                  1            2            3
 1       -28.610666     0.000063    -0.000002
 2         0.000063   -28.610666    -0.000002
 3        -0.000002    -0.000002   -25.064374

 Spin-squared expectation <S^2>:         6.043
 Total spin quantum number S:            2.009
 TOTAL ENERGY:                       -1661.797144532

 --------------------------------------------------------------------------------

 End time:                               Tue Oct 26 05:25:46 2021
 Total wall-clock time:                  1.302 seconds
==================================================================================
