
================================================================================
          _____________ ________ _______________ ________     _________         
         / ___________// ______ \\_____   _____// ______ \   / ________)        
        / /_________  / /      \ \     | |     / /      \ \ | (_______          
       |  __________|| |        | |    | |    | |        | | \________ \        
        \ \_________ | |        | |    | |     \ \______/ /___________) |       
         \__________||_|        |_|    |_|      \________//____________/        
                                                                                
====================================[ Qcore ]===================================

 Git describe: 2.3.0-1-g21d9df7e5
 Compiler:     GNU 9.1.0
 Build type:   Release
 Version:      2.3.0-1-g21d9df7e5

 Start time:   Tue Oct 26 08:02:29 2021

 Data directory: /work/zw18965/.local/qcore/share/entos/qcore/data
 Number of threads: 24
 Number of threads was determined by: command line argument

 --------------------------------------------------------------------------------
                                   command: dft                                  
 --------------------------------------------------------------------------------
 AO basis set:                           def2-tzvppd
 Number of AO basis functions:        1766
 ECP on atom 1 (W):                      60 electrons

 Formula:                                C21H42O3P2W
 Nuclear charge:                       296.000000000
 Total charge:                           0.000000000
 Number of core electrons:              60
 Number of treated electrons:          236

 Number of alpha electrons:            118
 Number of beta electrons:             118
 Number of unpaired electrons:           0
 Spin:                                   0
 Multiplicity:                           singlet

 Theory:                                 dft
 Exchange-correlation functional:        camb3lyp

 Using range separated hybrid functional
 Range separation parameter:             0.330000000
 Short range exact exchange:             0.190000000
 Total long range exact exchange:        0.650000000

 Method for Coulomb:                     incore_df
 Method for exact exchange:              pre_transformed_df
 Integral threshold:                     1.00e-12
 DF basis set:                           def2-universal-jkfit
 Number of DF basis functions:        3045
 Schwarz screening threshold:            1.00e-10
 Coulomb fitting method:                 Cholesky
 Total number of grid points:       434688
 Method for AO orthogonalization:        symmetric
 Threshold for linear dependence:        1.00e-08
 D3BJ dispersion energy:                -0.105901524

 -------------------------------------
  Running restricted closed-shell SCF 
 -------------------------------------
 Max number of iterations:             128
 Conv. threshold (gradient):             1.00e-05
 Conv. threshold (energy):               1.00e-06
 Interpolation scheme:                   adiis+cdiis
 Initial guess:                          SAD

 ---------------------------------------------------------------
                  energy        change          grad        time
 ---------------------------------------------------------------
   0     -1806.938336960                    2.51e+02       22.00
   1     -1800.338648145      6.60e+00      4.02e+00       15.72
   2     -1798.617892280      1.72e+00      1.20e+01       15.93
   3     -1800.952350543     -2.33e+00      6.75e-01       15.79
   4     -1800.956524578     -4.17e-03      9.12e-01       15.06
   5     -1801.033812728     -7.73e-02      7.26e-01       15.84
   6     -1800.996744960      3.71e-02      1.91e+00       16.64
   7     -1801.037481454     -4.07e-02      5.27e-01       15.92
   8     -1801.041033265     -3.55e-03      1.25e-01       16.80
   9     -1801.040611964      4.21e-04      2.39e-01       17.19
  10     -1801.041202478     -5.91e-04      4.59e-02       18.12
  11     -1801.041210655     -8.18e-06      3.89e-02       16.57
  12     -1801.041231396     -2.07e-05      8.36e-04       16.93
  13     -1801.041231429     -3.30e-08      5.28e-04       15.59
  14     -1801.041231441     -1.17e-08      3.34e-04       15.06
  15     -1801.041231447     -6.51e-09      1.62e-04       16.84
  16     -1801.041231449     -1.73e-09      5.77e-05       15.28
  17     -1801.041231449     -2.59e-10      1.62e-05       15.88
  18     -1801.041231449     -2.52e-11      8.20e-06       16.35

 SCF converged in 18 iterations.

 Dipole moment (in Debye):               0.976554      -1.686936       4.998824

 Quadrupole moment (in Debye-Angstrom):
                  1            2            3
 1      -182.913181     0.350214     1.425041
 2         0.350214  -216.458029    -1.046594
 3         1.425041    -1.046594  -211.385634

 Spin-squared expectation <S^2>:         0.000
 Total spin quantum number S:            0.000
 TOTAL ENERGY:                       -1801.041231449

 --------------------------------------------------------------------------------

 End time:                               Tue Oct 26 08:12:10 2021
 Total wall-clock time:                580.920 seconds
==================================================================================
