
================================================================================
          _____________ ________ _______________ ________     _________         
         / ___________// ______ \\_____   _____// ______ \   / ________)        
        / /_________  / /      \ \     | |     / /      \ \ | (_______          
       |  __________|| |        | |    | |    | |        | | \________ \        
        \ \_________ | |        | |    | |     \ \______/ /___________) |       
         \__________||_|        |_|    |_|      \________//____________/        
                                                                                
====================================[ Qcore ]===================================

 Git describe: 2.3.0-1-g21d9df7e5
 Compiler:     GNU 9.1.0
 Build type:   Release
 Version:      2.3.0-1-g21d9df7e5

 Start time:   Tue Oct 26 08:01:35 2021

 Data directory: /work/zw18965/.local/qcore/share/entos/qcore/data
 Number of threads: 24
 Number of threads was determined by: command line argument

 --------------------------------------------------------------------------------
                                   command: dft                                  
 --------------------------------------------------------------------------------
 AO basis set:                           def2-tzvppd
 Number of AO basis functions:         216

 Formula:                                C2H3OCl
 Nuclear charge:                        40.000000000
 Total charge:                           0.000000000
 Number of electrons:                   40.000000000

 Number of alpha electrons:             20
 Number of beta electrons:              20
 Number of unpaired electrons:           0
 Spin:                                   0
 Multiplicity:                           singlet

 Theory:                                 dft
 Exchange-correlation functional:        camb3lyp

 Using range separated hybrid functional
 Range separation parameter:             0.330000000
 Short range exact exchange:             0.190000000
 Total long range exact exchange:        0.650000000

 Method for Coulomb:                     incore_df
 Method for exact exchange:              pre_transformed_df
 Integral threshold:                     1.00e-12
 DF basis set:                           def2-universal-jkfit
 Number of DF basis functions:         409
 Schwarz screening threshold:            1.00e-10
 Coulomb fitting method:                 Cholesky
 Total number of grid points:        45708
 Method for AO orthogonalization:        symmetric
 Threshold for linear dependence:        1.00e-08
 D3BJ dispersion energy:                -0.003541620

 -------------------------------------
  Running restricted closed-shell SCF 
 -------------------------------------
 Max number of iterations:             128
 Conv. threshold (gradient):             1.00e-05
 Conv. threshold (energy):               1.00e-06
 Interpolation scheme:                   adiis+cdiis
 Initial guess:                          SAD

 ---------------------------------------------------------------
                  energy        change          grad        time
 ---------------------------------------------------------------
   0      -614.096147389                    1.34e+01        0.06
   1      -613.361218218      7.35e-01      1.83e+00        0.06
   2      -613.154327383      2.07e-01      3.96e+00        0.06
   3      -613.467685214     -3.13e-01      5.24e-01        0.06
   4      -613.460542344      7.14e-03      7.79e-01        0.05
   5      -613.476440045     -1.59e-02      1.11e-01        0.06
   6      -613.476532456     -9.24e-05      9.55e-02        0.06
   7      -613.476754668     -2.22e-04      1.08e-02        0.06
   8      -613.476759873     -5.20e-06      1.04e-03        0.06
   9      -613.476760034     -1.61e-07      5.48e-04        0.06
  10      -613.476760056     -2.18e-08      1.16e-04        0.05
  11      -613.476760057     -1.21e-09      2.46e-05        0.06
  12      -613.476760057     -4.71e-11      4.28e-06        0.06

 SCF converged in 12 iterations.

 Dipole moment (in Debye):               1.458954      -2.531617       0.000139

 Quadrupole moment (in Debye-Angstrom):
                  1            2            3
 1       -30.110924    -3.012630     0.000311
 2        -3.012630   -32.592012    -0.000366
 3         0.000311    -0.000366   -29.763910

 Spin-squared expectation <S^2>:         0.000
 Total spin quantum number S:            0.000
 TOTAL ENERGY:                        -613.476760057

 --------------------------------------------------------------------------------

 End time:                               Tue Oct 26 08:01:36 2021
 Total wall-clock time:                  1.787 seconds
==================================================================================
