
================================================================================
          _____________ ________ _______________ ________     _________         
         / ___________// ______ \\_____   _____// ______ \   / ________)        
        / /_________  / /      \ \     | |     / /      \ \ | (_______          
       |  __________|| |        | |    | |    | |        | | \________ \        
        \ \_________ | |        | |    | |     \ \______/ /___________) |       
         \__________||_|        |_|    |_|      \________//____________/        
                                                                                
====================================[ Qcore ]===================================

 Git describe: 2.3.0-1-g21d9df7e5
 Compiler:     GNU 9.1.0
 Build type:   Release
 Version:      2.3.0-1-g21d9df7e5

 Start time:   Tue Oct 26 08:02:08 2021

 Data directory: /work/zw18965/.local/qcore/share/entos/qcore/data
 Number of threads: 24
 Number of threads was determined by: command line argument

 --------------------------------------------------------------------------------
                                   command: dft                                  
 --------------------------------------------------------------------------------
 AO basis set:                           def2-tzvppd
 Number of AO basis functions:         452

 Formula:                                C5O5Cr
 Nuclear charge:                        94.000000000
 Total charge:                           0.000000000
 Number of electrons:                   94.000000000

 Number of alpha electrons:             47
 Number of beta electrons:              47
 Number of unpaired electrons:           0
 Spin:                                   0
 Multiplicity:                           singlet

 Theory:                                 dft
 Exchange-correlation functional:        camb3lyp

 Using range separated hybrid functional
 Range separation parameter:             0.330000000
 Short range exact exchange:             0.190000000
 Total long range exact exchange:        0.650000000

 Method for Coulomb:                     incore_df
 Method for exact exchange:              pre_transformed_df
 Integral threshold:                     1.00e-12
 DF basis set:                           def2-universal-jkfit
 Number of DF basis functions:        1024
 Schwarz screening threshold:            1.00e-10
 Coulomb fitting method:                 Cholesky
 Total number of grid points:        76548
 Method for AO orthogonalization:        symmetric
 Threshold for linear dependence:        1.00e-08
 D3BJ dispersion energy:                -0.013607031

 -------------------------------------
  Running restricted closed-shell SCF 
 -------------------------------------
 Max number of iterations:             128
 Conv. threshold (gradient):             1.00e-05
 Conv. threshold (energy):               1.00e-06
 Interpolation scheme:                   adiis+cdiis
 Initial guess:                          SAD

 ---------------------------------------------------------------
                  energy        change          grad        time
 ---------------------------------------------------------------
   0     -1612.594338647                    2.69e+01        0.38
   1     -1610.020061306      2.57e+00      7.27e+00        0.30
   2     -1582.244553940      2.78e+01      2.57e+01        0.33
   3     -1606.946382036     -2.47e+01      2.01e+01        0.31
   4     -1611.002702774     -4.06e+00      2.84e+00        0.31
   5     -1611.153584948     -1.51e-01      1.75e+00        0.32
   6     -1611.224466198     -7.09e-02      1.11e+00        0.32
   7     -1611.103921699      1.21e-01      3.39e+00        0.33
   8     -1611.250863503     -1.47e-01      4.46e-01        0.34
   9     -1611.253695644     -2.83e-03      3.63e-01        0.36
  10     -1611.236505999      1.72e-02      1.27e+00        0.35
  11     -1611.257357509     -2.09e-02      2.46e-01        0.36
  12     -1611.253680703      3.68e-03      5.99e-01        0.37
  13     -1611.257753116     -4.07e-03      1.40e-01        0.38
  14     -1611.258163057     -4.10e-04      8.67e-02        0.35
  15     -1611.258140505      2.26e-05      1.09e-01        0.36
  16     -1611.258333916     -1.93e-04      9.78e-04        0.36
  17     -1611.258333932     -1.65e-08      1.14e-04        0.33
  18     -1611.258333933     -8.31e-10      5.54e-05        0.33
  19     -1611.258333933     -2.18e-10      2.57e-05        0.31
  20     -1611.258333933     -7.03e-11      4.41e-06        0.32

 SCF converged in 20 iterations.

 Dipole moment (in Debye):              -0.000394       0.000428      -2.412920

 Quadrupole moment (in Debye-Angstrom):
                  1            2            3
 1       -75.312459    -0.000472     0.000427
 2        -0.000472   -75.311929    -0.000342
 3         0.000427    -0.000342   -69.714955

 Spin-squared expectation <S^2>:         0.000
 Total spin quantum number S:            0.000
 TOTAL ENERGY:                       -1611.258333933

 --------------------------------------------------------------------------------

 End time:                               Tue Oct 26 08:02:26 2021
 Total wall-clock time:                 17.954 seconds
==================================================================================
