
================================================================================
          _____________ ________ _______________ ________     _________         
         / ___________// ______ \\_____   _____// ______ \   / ________)        
        / /_________  / /      \ \     | |     / /      \ \ | (_______          
       |  __________|| |        | |    | |    | |        | | \________ \        
        \ \_________ | |        | |    | |     \ \______/ /___________) |       
         \__________||_|        |_|    |_|      \________//____________/        
                                                                                
====================================[ Qcore ]===================================

 Git describe: 2.3.0-1-g21d9df7e5
 Compiler:     GNU 9.1.0
 Build type:   Release
 Version:      2.3.0-1-g21d9df7e5

 Start time:   Tue Oct 26 08:01:39 2021

 Data directory: /work/zw18965/.local/qcore/share/entos/qcore/data
 Number of threads: 24
 Number of threads was determined by: command line argument

 --------------------------------------------------------------------------------
                                   command: dft                                  
 --------------------------------------------------------------------------------
 AO basis set:                           def2-tzvppd
 Number of AO basis functions:         324

 Formula:                                C6H6
 Nuclear charge:                        42.000000000
 Total charge:                           0.000000000
 Number of electrons:                   42.000000000

 Number of alpha electrons:             21
 Number of beta electrons:              21
 Number of unpaired electrons:           0
 Spin:                                   0
 Multiplicity:                           singlet

 Theory:                                 dft
 Exchange-correlation functional:        camb3lyp

 Using range separated hybrid functional
 Range separation parameter:             0.330000000
 Short range exact exchange:             0.190000000
 Total long range exact exchange:        0.650000000

 Method for Coulomb:                     incore_df
 Method for exact exchange:              pre_transformed_df
 Integral threshold:                     1.00e-12
 DF basis set:                           def2-universal-jkfit
 Number of DF basis functions:         558
 Schwarz screening threshold:            1.00e-10
 Coulomb fitting method:                 Cholesky
 Total number of grid points:        76140
 Method for AO orthogonalization:        symmetric
 Threshold for linear dependence:        1.00e-08
 D3BJ dispersion energy:                -0.008275860

 -------------------------------------
  Running restricted closed-shell SCF 
 -------------------------------------
 Max number of iterations:             128
 Conv. threshold (gradient):             1.00e-05
 Conv. threshold (energy):               1.00e-06
 Interpolation scheme:                   adiis+cdiis
 Initial guess:                          SAD

 ---------------------------------------------------------------
                  energy        change          grad        time
 ---------------------------------------------------------------
   0      -233.940814365                    1.51e+01        0.17
   1      -232.116904233      1.82e+00      8.41e-01        0.15
   2      -232.139066843     -2.22e-02      7.42e-01        0.14
   3      -232.203057265     -6.40e-02      1.15e-01        0.14
   4      -232.203356785     -3.00e-04      1.06e-01        0.15
   5      -232.204617070     -1.26e-03      7.85e-03        0.15
   6      -232.204619069     -2.00e-06      7.63e-03        0.15
   7      -232.204625583     -6.51e-06      2.09e-05        0.15
   8      -232.204625583     -2.37e-10      4.38e-06        0.16

 SCF converged in 8 iterations.

 Dipole moment (in Debye):               0.000002       0.000000       0.000103

 Quadrupole moment (in Debye-Angstrom):
                  1            2            3
 1       -32.270208     0.000017    -0.000001
 2         0.000017   -32.270505     0.000002
 3        -0.000001     0.000002   -40.079367

 Spin-squared expectation <S^2>:         0.000
 Total spin quantum number S:            0.000
 TOTAL ENERGY:                        -232.204625583

 --------------------------------------------------------------------------------

 End time:                               Tue Oct 26 08:01:42 2021
 Total wall-clock time:                  2.780 seconds
==================================================================================
