
================================================================================
          _____________ ________ _______________ ________     _________         
         / ___________// ______ \\_____   _____// ______ \   / ________)        
        / /_________  / /      \ \     | |     / /      \ \ | (_______          
       |  __________|| |        | |    | |    | |        | | \________ \        
        \ \_________ | |        | |    | |     \ \______/ /___________) |       
         \__________||_|        |_|    |_|      \________//____________/        
                                                                                
====================================[ Qcore ]===================================

 Git describe: 2.3.0-1-g21d9df7e5
 Compiler:     GNU 9.1.0
 Build type:   Release
 Version:      2.3.0-1-g21d9df7e5

 Start time:   Tue Oct 26 08:01:22 2021

 Data directory: /work/zw18965/.local/qcore/share/entos/qcore/data
 Number of threads: 24
 Number of threads was determined by: command line argument
  - More threads can be used by running 'qcore -n 32'

 --------------------------------------------------------------------------------
                                   command: dft                                  
 --------------------------------------------------------------------------------
 AO basis set:                           def2-tzvppd
 Number of AO basis functions:         469

 Formula:                                C5HO5Mn
 Nuclear charge:                        96.000000000
 Total charge:                           0.000000000
 Number of electrons:                   96.000000000

 Number of alpha electrons:             48
 Number of beta electrons:              48
 Number of unpaired electrons:           0
 Spin:                                   0
 Multiplicity:                           singlet

 Theory:                                 dft
 Exchange-correlation functional:        camb3lyp

 Using range separated hybrid functional
 Range separation parameter:             0.330000000
 Short range exact exchange:             0.190000000
 Total long range exact exchange:        0.650000000

 Method for Coulomb:                     incore_df
 Method for exact exchange:              pre_transformed_df
 Integral threshold:                     1.00e-12
 DF basis set:                           def2-universal-jkfit
 Number of DF basis functions:        1042
 Schwarz screening threshold:            1.00e-10
 Coulomb fitting method:                 Cholesky
 Total number of grid points:        82546
 Method for AO orthogonalization:        symmetric
 Threshold for linear dependence:        1.00e-08
 D3BJ dispersion energy:                -0.012495825

 -------------------------------------
  Running restricted closed-shell SCF 
 -------------------------------------
 Max number of iterations:             128
 Conv. threshold (gradient):             1.00e-05
 Conv. threshold (energy):               1.00e-06
 Interpolation scheme:                   adiis+cdiis
 Initial guess:                          SAD

 ---------------------------------------------------------------
                  energy        change          grad        time
 ---------------------------------------------------------------
   0     -1720.270879976                    2.98e+01        0.43
   1     -1718.203770566      2.07e+00      1.20e+00        0.36
   2     -1717.751773378      4.52e-01      2.47e+00        0.38
   3     -1718.378773592     -6.27e-01      8.48e-01        0.39
   4     -1718.091888006      2.87e-01      3.95e+00        0.40
   5     -1718.383187930     -2.91e-01      5.22e-01        0.38
   6     -1718.377386594      5.80e-03      1.51e+00        0.38
   7     -1718.409393927     -3.20e-02      5.14e-01        0.38
   8     -1718.408555368      8.39e-04      5.31e-01        0.40
   9     -1718.413270616     -4.72e-03      3.17e-02        0.40
  10     -1718.412960116      3.10e-04      6.93e-02        0.43
  11     -1718.413402928     -4.43e-04      2.68e-03        0.45
  12     -1718.413403051     -1.23e-07      7.14e-04        0.40
  13     -1718.413403061     -9.38e-09      1.60e-04        0.38
  14     -1718.413403061     -8.82e-10      6.69e-05        0.37
  15     -1718.413403062     -2.71e-10      4.17e-05        0.36
  16     -1718.413403062     -4.34e-11      7.00e-06        0.37

 SCF converged in 16 iterations.

 Dipole moment (in Debye):               0.000035      -0.000084       0.250174

 Quadrupole moment (in Debye-Angstrom):
                  1            2            3
 1       -73.512269    -0.000060    -0.000185
 2        -0.000060   -73.513438     0.000516
 3        -0.000185     0.000516   -73.547368

 Spin-squared expectation <S^2>:         0.000
 Total spin quantum number S:            0.000
 TOTAL ENERGY:                       -1718.413403062

 --------------------------------------------------------------------------------

 End time:                               Tue Oct 26 08:01:40 2021
 Total wall-clock time:                 17.393 seconds
==================================================================================
