
================================================================================
          _____________ ________ _______________ ________     _________         
         / ___________// ______ \\_____   _____// ______ \   / ________)        
        / /_________  / /      \ \     | |     / /      \ \ | (_______          
       |  __________|| |        | |    | |    | |        | | \________ \        
        \ \_________ | |        | |    | |     \ \______/ /___________) |       
         \__________||_|        |_|    |_|      \________//____________/        
                                                                                
====================================[ Qcore ]===================================

 Git describe: 2.3.0-1-g21d9df7e5
 Compiler:     GNU 9.1.0
 Build type:   Release
 Version:      2.3.0-1-g21d9df7e5

 Start time:   Tue Oct 26 08:01:56 2021

 Data directory: /work/zw18965/.local/qcore/share/entos/qcore/data
 Number of threads: 24
 Number of threads was determined by: command line argument

 --------------------------------------------------------------------------------
                                   command: dft                                  
 --------------------------------------------------------------------------------
 AO basis set:                           def2-tzvppd
 Number of AO basis functions:         500

 Formula:                                C8H12
 Nuclear charge:                        60.000000000
 Total charge:                           0.000000000
 Number of electrons:                   60.000000000

 Number of alpha electrons:             30
 Number of beta electrons:              30
 Number of unpaired electrons:           0
 Spin:                                   0
 Multiplicity:                           singlet

 Theory:                                 dft
 Exchange-correlation functional:        camb3lyp

 Using range separated hybrid functional
 Range separation parameter:             0.330000000
 Short range exact exchange:             0.190000000
 Total long range exact exchange:        0.650000000

 Method for Coulomb:                     incore_df
 Method for exact exchange:              pre_transformed_df
 Integral threshold:                     1.00e-12
 DF basis set:                           def2-universal-jkfit
 Number of DF basis functions:         816
 Schwarz screening threshold:            1.00e-10
 Coulomb fitting method:                 Cholesky
 Total number of grid points:       125080
 Method for AO orthogonalization:        symmetric
 Threshold for linear dependence:        1.00e-08
 D3BJ dispersion energy:                -0.015764251

 -------------------------------------
  Running restricted closed-shell SCF 
 -------------------------------------
 Max number of iterations:             128
 Conv. threshold (gradient):             1.00e-05
 Conv. threshold (energy):               1.00e-06
 Interpolation scheme:                   adiis+cdiis
 Initial guess:                          SAD

 ---------------------------------------------------------------
                  energy        change          grad        time
 ---------------------------------------------------------------
   0      -314.232652243                    1.91e+01        0.51
   1      -311.838392031      2.39e+00      1.26e+00        0.53
   2      -311.857770512     -1.94e-02      1.14e+00        0.42
   3      -311.971967218     -1.14e-01      1.62e-01        0.39
   4      -311.972017560     -5.03e-05      1.80e-01        0.40
   5      -311.974213203     -2.20e-03      1.95e-02        0.42
   6      -311.974210003      3.20e-06      2.37e-02        0.41
   7      -311.974230475     -2.05e-05      1.12e-03        0.43
   8      -311.974230515     -3.97e-08      3.79e-04        0.40
   9      -311.974230520     -5.51e-09      4.82e-05        0.41
  10      -311.974230520     -1.67e-10      2.34e-05        0.43
  11      -311.974230520     -1.96e-11      6.67e-06        0.41

 SCF converged in 11 iterations.

 Dipole moment (in Debye):               0.000049      -0.000000       0.247202

 Quadrupole moment (in Debye-Angstrom):
                  1            2            3
 1       -47.986439    -1.982712     0.000132
 2        -1.982712   -51.835621    -0.000145
 3         0.000132    -0.000145   -51.246945

 Spin-squared expectation <S^2>:         0.000
 Total spin quantum number S:            0.000
 TOTAL ENERGY:                        -311.974230520

 --------------------------------------------------------------------------------

 End time:                               Tue Oct 26 08:02:05 2021
 Total wall-clock time:                  8.193 seconds
==================================================================================
