
================================================================================
          _____________ ________ _______________ ________     _________         
         / ___________// ______ \\_____   _____// ______ \   / ________)        
        / /_________  / /      \ \     | |     / /      \ \ | (_______          
       |  __________|| |        | |    | |    | |        | | \________ \        
        \ \_________ | |        | |    | |     \ \______/ /___________) |       
         \__________||_|        |_|    |_|      \________//____________/        
                                                                                
====================================[ Qcore ]===================================

 Git describe: 2.3.0-1-g21d9df7e5
 Compiler:     GNU 9.1.0
 Build type:   Release
 Version:      2.3.0-1-g21d9df7e5

 Start time:   Tue Oct 26 08:12:13 2021

 Data directory: /work/zw18965/.local/qcore/share/entos/qcore/data
 Number of threads: 24
 Number of threads was determined by: command line argument

 --------------------------------------------------------------------------------
                                   command: dft                                  
 --------------------------------------------------------------------------------
 AO basis set:                           def2-tzvppd
 Number of AO basis functions:         783
 ECP on atom 21 (Pd):                    28 electrons
 ECP on atom 26 (I):                     28 electrons

 Formula:                                C11H11N2PdI
 Nuclear charge:                       190.000000000
 Total charge:                           0.000000000
 Number of core electrons:              56
 Number of treated electrons:          134

 Number of alpha electrons:             67
 Number of beta electrons:              67
 Number of unpaired electrons:           0
 Spin:                                   0
 Multiplicity:                           singlet

 Theory:                                 dft
 Exchange-correlation functional:        camb3lyp

 Using range separated hybrid functional
 Range separation parameter:             0.330000000
 Short range exact exchange:             0.190000000
 Total long range exact exchange:        0.650000000

 Method for Coulomb:                     incore_df
 Method for exact exchange:              pre_transformed_df
 Integral threshold:                     1.00e-12
 DF basis set:                           def2-universal-jkfit
 Number of DF basis functions:        1650
 Schwarz screening threshold:            1.00e-10
 Coulomb fitting method:                 Cholesky
 Total number of grid points:       170474
 Method for AO orthogonalization:        symmetric
 Threshold for linear dependence:        1.00e-08
 D3BJ dispersion energy:                -0.034425624

 -------------------------------------
  Running restricted closed-shell SCF 
 -------------------------------------
 Max number of iterations:             128
 Conv. threshold (gradient):             1.00e-05
 Conv. threshold (energy):               1.00e-06
 Interpolation scheme:                   adiis+cdiis
 Initial guess:                          SAD

 ---------------------------------------------------------------
                  energy        change          grad        time
 ---------------------------------------------------------------
   0      -965.081625489                    1.99e+01        2.12
   1      -960.500543179      4.58e+00      4.10e+00        1.58
   2      -959.751748600      7.49e-01      7.38e+00        1.62
   3      -960.857731375     -1.11e+00      1.45e+00        1.55
   4      -960.788043250      6.97e-02      2.54e+00        1.60
   5      -960.896936832     -1.09e-01      2.43e-01        1.59
   6      -960.895057322      1.88e-03      4.40e-01        1.60
   7      -960.899778896     -4.72e-03      8.93e-02        1.63
   8      -960.899245912      5.33e-04      2.11e-01        1.65
   9      -960.900032324     -7.86e-04      6.88e-03        1.57
  10      -960.900034308     -1.98e-06      1.91e-03        1.49
  11      -960.900034554     -2.46e-07      1.15e-03        1.53
  12      -960.900034605     -5.11e-08      4.43e-04        1.48
  13      -960.900034615     -9.94e-09      1.46e-04        1.55
  14      -960.900034616     -1.64e-09      5.73e-05        1.58
  15      -960.900034617     -2.52e-10      1.42e-05        1.65
  16      -960.900034617     -4.46e-11      8.66e-06        1.59

 SCF converged in 16 iterations.

 Dipole moment (in Debye):              11.658071       2.963866      -0.000022

 Quadrupole moment (in Debye-Angstrom):
                  1            2            3
 1      -111.998380    -3.990361    -0.022611
 2        -3.990361  -101.131094     0.008586
 3        -0.022611     0.008586  -130.136625

 Spin-squared expectation <S^2>:         0.000
 Total spin quantum number S:            0.000
 TOTAL ENERGY:                        -960.900034617

 --------------------------------------------------------------------------------

 End time:                               Tue Oct 26 08:21:02 2021
 Total wall-clock time:                529.081 seconds
==================================================================================
