
================================================================================
          _____________ ________ _______________ ________     _________         
         / ___________// ______ \\_____   _____// ______ \   / ________)        
        / /_________  / /      \ \     | |     / /      \ \ | (_______          
       |  __________|| |        | |    | |    | |        | | \________ \        
        \ \_________ | |        | |    | |     \ \______/ /___________) |       
         \__________||_|        |_|    |_|      \________//____________/        
                                                                                
====================================[ Qcore ]===================================

 Git describe: 2.3.0-1-g21d9df7e5
 Compiler:     GNU 9.1.0
 Build type:   Release
 Version:      2.3.0-1-g21d9df7e5

 Start time:   Tue Oct 26 08:20:16 2021

 Data directory: /work/zw18965/.local/qcore/share/entos/qcore/data
 Number of threads: 24
 Number of threads was determined by: command line argument
  - More threads can be used by running 'qcore -n 32'

 --------------------------------------------------------------------------------
                                   command: dft                                  
 --------------------------------------------------------------------------------
 AO basis set:                           def2-tzvppd
 Number of AO basis functions:         611
 ECP on atom 1 (Mo):                     28 electrons

 Formula:                                C9H6O3Mo
 Nuclear charge:                       126.000000000
 Total charge:                           0.000000000
 Number of core electrons:              28
 Number of treated electrons:           98

 Number of alpha electrons:             49
 Number of beta electrons:              49
 Number of unpaired electrons:           0
 Spin:                                   0
 Multiplicity:                           singlet

 Theory:                                 dft
 Exchange-correlation functional:        camb3lyp

 Using range separated hybrid functional
 Range separation parameter:             0.330000000
 Short range exact exchange:             0.190000000
 Total long range exact exchange:        0.650000000

 Method for Coulomb:                     incore_df
 Method for exact exchange:              pre_transformed_df
 Integral threshold:                     1.00e-12
 DF basis set:                           def2-universal-jkfit
 Number of DF basis functions:        1269
 Schwarz screening threshold:            1.00e-10
 Coulomb fitting method:                 Cholesky
 Total number of grid points:       125642
 Method for AO orthogonalization:        symmetric
 Threshold for linear dependence:        1.00e-08
 D3BJ dispersion energy:                -0.023835179

 -------------------------------------
  Running restricted closed-shell SCF 
 -------------------------------------
 Max number of iterations:             128
 Conv. threshold (gradient):             1.00e-05
 Conv. threshold (energy):               1.00e-06
 Interpolation scheme:                   adiis+cdiis
 Initial guess:                          SAD

 ---------------------------------------------------------------
                  energy        change          grad        time
 ---------------------------------------------------------------
   0      -643.399486605                    3.57e+01        0.99
   1      -646.256319313     -2.86e+00      5.76e+00        0.76
   2      -636.416628308      9.84e+00      2.71e+01        0.80
   3      -646.125818923     -9.71e+00      7.48e+00        0.80
   4      -647.012637508     -8.87e-01      6.22e-01        0.79
   5      -646.997845656      1.48e-02      1.21e+00        0.79
   6      -647.020514464     -2.27e-02      1.70e-01        0.86
   7      -647.019782284      7.32e-04      2.73e-01        0.83
   8      -647.021268396     -1.49e-03      3.09e-02        0.84
   9      -647.021289278     -2.09e-05      3.33e-02        0.84
  10      -647.021337466     -4.82e-05      1.26e-02        0.91
  11      -647.021350732     -1.33e-05      1.30e-02        0.80
  12      -647.021364506     -1.38e-05      1.07e-02        0.79
  13      -647.021382222     -1.77e-05      1.02e-02        0.82
  14      -647.021411189     -2.90e-05      9.92e-03        0.76
  15      -647.021472538     -6.13e-05      9.72e-03        0.84
  16      -647.021661612     -1.89e-04      1.31e-02        0.80
  17      -647.021655822      5.79e-06      1.18e-02        0.80
  18      -647.021813488     -1.58e-04      1.68e-02        0.79
  19      -647.021927203     -1.14e-04      1.48e-02        0.80
  20      -647.022221588     -2.94e-04      3.26e-02        0.81
  21      -647.022215146      6.44e-06      3.34e-02        0.77
  22      -647.022292083     -7.69e-05      4.97e-02        0.81
  23      -647.021914827      3.77e-04      3.68e-02        0.83
  24      -647.021815909      9.89e-05      3.71e-02        0.81
  25      -647.021895581     -7.97e-05      3.80e-02        0.82
  26      -647.021576029      3.20e-04      4.27e-02        0.81
  27      -647.021453356      1.23e-04      5.80e-02        0.80
  28      -647.021863334     -4.10e-04      3.83e-02        0.79
  29      -647.021784190      7.91e-05      3.97e-02        0.77
  30      -647.022031271     -2.47e-04      2.97e-02        0.82
  31      -647.021901821      1.29e-04      3.93e-02        0.81
  32      -647.021903862     -2.04e-06      3.92e-02        0.83
  33      -647.021849446      5.44e-05      2.79e-02        0.83
  34      -647.021892031     -4.26e-05      1.55e-02        0.77
  35      -647.021913384     -2.14e-05      1.58e-02        0.80
  36      -647.021986599     -7.32e-05      1.58e-02        0.76
  37      -647.021872490      1.14e-04      1.65e-02        0.83
  38      -647.022015922     -1.43e-04      1.05e-02        0.81
  39      -647.020560649      1.46e-03      1.46e-01        0.80
  40      -647.018342882      2.22e-03      3.30e-01        0.82
  41      -647.018318831      2.41e-05      3.34e-01        0.81
  42      -647.018709103     -3.90e-04      3.09e-01        0.84
  43      -647.020716478     -2.01e-03      1.40e-01        0.82
  44      -647.021054515     -3.38e-04      1.01e-01        0.82
  45      -647.020838571      2.16e-04      1.26e-01        0.83
  46      -647.022180314     -1.34e-03      3.05e-02        0.82
  47      -647.021945689      2.35e-04      2.58e-02        0.78
  48      -647.022121459     -1.76e-04      2.82e-02        0.83
  49      -647.021947423      1.74e-04      3.23e-02        0.80
  50      -647.022013782     -6.64e-05      4.63e-02        0.81
  51      -647.021770130      2.44e-04      6.50e-02        0.83
  52      -647.021624674      1.45e-04      7.11e-02        0.80
  53      -647.021655306     -3.06e-05      6.40e-02        0.81
  54      -647.021635714      1.96e-05      6.39e-02        0.79
  55      -647.021452672      1.83e-04      6.81e-02        0.82
  56      -647.021484899     -3.22e-05      6.29e-02        0.81
  57      -647.022125655     -6.41e-04      2.49e-02        0.82
  58      -647.022095887      2.98e-05      9.83e-03        0.78
  59      -647.022091456      4.43e-06      1.52e-02        0.81
  60      -647.022149883     -5.84e-05      2.62e-02        0.80
  61      -647.022133995      1.59e-05      2.46e-02        0.80
  62      -647.022103516      3.05e-05      2.50e-02        0.81
  63      -647.022073001      3.05e-05      1.94e-02        0.81
  64      -647.021914332      1.59e-04      2.98e-02        0.81
  65      -647.021848330      6.60e-05      3.18e-02        0.83
  66      -647.021776788      7.15e-05      4.13e-02        0.83
  67      -647.022133427     -3.57e-04      1.50e-02        0.80
  68      -647.022113403      2.00e-05      1.72e-02        0.84
  69      -647.022195107     -8.17e-05      1.49e-02        0.79
  70      -647.022080825      1.14e-04      1.58e-02        0.82
  71      -647.022060562      2.03e-05      1.45e-02        0.78
  72      -647.021905718      1.55e-04      2.31e-02        0.81
  73      -647.021838860      6.69e-05      2.47e-02        0.84
  74      -647.022032640     -1.94e-04      1.44e-02        0.80
  75      -647.021730172      3.02e-04      3.35e-02        0.78
  76      -647.021728804      1.37e-06      3.28e-02        0.81
  77      -647.022140698     -4.12e-04      1.68e-02        0.80
  78      -647.021883291      2.57e-04      2.59e-02        0.79
  79      -647.021873671      9.62e-06      2.64e-02        0.76
  80      -647.022284224     -4.11e-04      1.82e-02        0.79
  81      -647.022163389      1.21e-04      1.75e-02        0.83
  82      -647.021894472      2.69e-04      2.76e-02        0.83
  83      -647.021604843      2.90e-04      6.16e-02        0.81
  84      -647.021741175     -1.36e-04      4.17e-02        0.77
  85      -647.021838208     -9.70e-05      2.63e-02        0.82
  86      -647.021330168      5.08e-04      8.67e-02        0.81
  87      -647.021341779     -1.16e-05      8.03e-02        0.85
  88      -647.021193268      1.49e-04      9.22e-02        0.83
  89      -647.021286005     -9.27e-05      8.27e-02        0.79
  90      -647.021715032     -4.29e-04      2.61e-02        0.79
  91      -647.021997024     -2.82e-04      1.01e-02        0.79
  92      -647.022006792     -9.77e-06      1.18e-02        0.80
  93      -647.022044732     -3.79e-05      1.34e-02        0.84
  94      -647.022050707     -5.97e-06      1.36e-02        0.79
  95      -647.021994521      5.62e-05      1.50e-02        0.80
  96      -647.021860029      1.34e-04      1.84e-02        0.79
  97      -647.021000726      8.59e-04      1.08e-01        0.80
  98      -647.021127657     -1.27e-04      9.14e-02        0.81
  99      -647.021154515     -2.69e-05      8.65e-02        0.78
 100      -647.021397882     -2.43e-04      5.66e-02        0.78
 101      -647.020623326      7.75e-04      1.47e-01        0.80
 102      -647.019175849      1.45e-03      2.73e-01        0.80
 103      -647.021737225     -2.56e-03      1.94e-02        0.80
 104      -647.021951057     -2.14e-04      1.29e-02        0.79
 105      -647.021993516     -4.25e-05      1.39e-02        0.80
 106      -647.022011441     -1.79e-05      1.44e-02        0.82
 107      -647.021997552      1.39e-05      1.43e-02        0.78
 108      -647.021949875      4.77e-05      1.33e-02        0.80
 109      -647.021688269      2.62e-04      2.16e-02        0.80
 110      -647.021110010      5.78e-04      8.14e-02        0.79
 111      -647.021427003     -3.17e-04      4.51e-02        0.81
 112      -647.020475386      9.52e-04      1.55e-01        0.82
 113      -647.020604902     -1.30e-04      1.41e-01        0.81
 114      -647.021455948     -8.51e-04      4.20e-02        0.80
 115      -647.020828171      6.28e-04      1.19e-01        0.82
 116      -647.020361749      4.66e-04      1.68e-01        0.81
 117      -647.021647046     -1.29e-03      2.62e-02        0.83
 118      -647.021719184     -7.21e-05      2.34e-02        0.82
 119      -647.021886437     -1.67e-04      1.67e-02        0.77
 120      -647.021995687     -1.09e-04      1.76e-02        0.85
 121      -647.021892308      1.03e-04      1.59e-02        0.80
 122      -647.021746631      1.46e-04      1.96e-02        0.79
 123      -647.021688996      5.76e-05      2.28e-02        0.83
 124      -647.021740182     -5.12e-05      1.99e-02        0.81
 125      -647.021709656      3.05e-05      2.16e-02        0.83
 126      -647.021709807     -1.51e-07      2.17e-02        0.80
 127      -647.022080231     -3.70e-04      2.02e-02        0.83

Error: SCF not converged after 127 cycles
