
================================================================================
          _____________ ________ _______________ ________     _________         
         / ___________// ______ \\_____   _____// ______ \   / ________)        
        / /_________  / /      \ \     | |     / /      \ \ | (_______          
       |  __________|| |        | |    | |    | |        | | \________ \        
        \ \_________ | |        | |    | |     \ \______/ /___________) |       
         \__________||_|        |_|    |_|      \________//____________/        
                                                                                
====================================[ Qcore ]===================================

 Git describe: 2.3.0-1-g21d9df7e5
 Compiler:     GNU 9.1.0
 Build type:   Release
 Version:      2.3.0-1-g21d9df7e5

 Start time:   Tue Oct 26 08:18:00 2021

 Data directory: /work/zw18965/.local/qcore/share/entos/qcore/data
 Number of threads: 24
 Number of threads was determined by: command line argument
  - More threads can be used by running 'qcore -n 32'

 --------------------------------------------------------------------------------
                                   command: dft                                  
 --------------------------------------------------------------------------------
 AO basis set:                           def2-tzvppd
 Number of AO basis functions:         590

 Formula:                                C6H16P2
 Nuclear charge:                        82.000000000
 Total charge:                           0.000000000
 Number of electrons:                   82.000000000

 Number of alpha electrons:             41
 Number of beta electrons:              41
 Number of unpaired electrons:           0
 Spin:                                   0
 Multiplicity:                           singlet

 Theory:                                 dft
 Exchange-correlation functional:        camb3lyp

 Using range separated hybrid functional
 Range separation parameter:             0.330000000
 Short range exact exchange:             0.190000000
 Total long range exact exchange:        0.650000000

 Method for Coulomb:                     incore_df
 Method for exact exchange:              pre_transformed_df
 Integral threshold:                     1.00e-12
 DF basis set:                           def2-universal-jkfit
 Number of DF basis functions:         994
 Schwarz screening threshold:            1.00e-10
 Coulomb fitting method:                 Cholesky
 Total number of grid points:       149740
 Method for AO orthogonalization:        symmetric
 Threshold for linear dependence:        1.00e-08
 D3BJ dispersion energy:                -0.020068317

 -------------------------------------
  Running restricted closed-shell SCF 
 -------------------------------------
 Max number of iterations:             128
 Conv. threshold (gradient):             1.00e-05
 Conv. threshold (energy):               1.00e-06
 Interpolation scheme:                   adiis+cdiis
 Initial guess:                          SAD

 ---------------------------------------------------------------
                  energy        change          grad        time
 ---------------------------------------------------------------
   0      -922.523654977                    2.00e+01        0.71
   1      -920.812065002      1.71e+00      1.44e+00        0.62
   2      -920.840699215     -2.86e-02      1.33e+00        0.61
   3      -920.990381182     -1.50e-01      1.76e-01        0.66
   4      -920.990530066     -1.49e-04      2.02e-01        0.67
   5      -920.992206941     -1.68e-03      2.33e-02        0.62
   6      -920.992207639     -6.98e-07      2.83e-02        0.65
   7      -920.992229687     -2.20e-05      8.84e-04        0.64
   8      -920.992229758     -7.17e-08      3.78e-04        0.66
   9      -920.992229768     -9.62e-09      1.28e-04        0.64
  10      -920.992229769     -1.26e-09      1.59e-05        0.61
  11      -920.992229769     -3.27e-11      4.61e-06        0.61

 SCF converged in 11 iterations.

 Dipole moment (in Debye):              -0.000033       0.000013       1.769204

 Quadrupole moment (in Debye-Angstrom):
                  1            2            3
 1       -67.923653     4.181160     0.000176
 2         4.181160   -70.299859    -0.000133
 3         0.000176    -0.000133   -71.143746

 Spin-squared expectation <S^2>:         0.000
 Total spin quantum number S:            0.000
 TOTAL ENERGY:                        -920.992229769

 --------------------------------------------------------------------------------

 End time:                               Tue Oct 26 08:18:12 2021
 Total wall-clock time:                 12.708 seconds
==================================================================================
