
================================================================================
          _____________ ________ _______________ ________     _________         
         / ___________// ______ \\_____   _____// ______ \   / ________)        
        / /_________  / /      \ \     | |     / /      \ \ | (_______          
       |  __________|| |        | |    | |    | |        | | \________ \        
        \ \_________ | |        | |    | |     \ \______/ /___________) |       
         \__________||_|        |_|    |_|      \________//____________/        
                                                                                
====================================[ Qcore ]===================================

 Git describe: 2.3.0-1-g21d9df7e5
 Compiler:     GNU 9.1.0
 Build type:   Release
 Version:      2.3.0-1-g21d9df7e5

 Start time:   Tue Oct 26 08:17:13 2021

 Data directory: /work/zw18965/.local/qcore/share/entos/qcore/data
 Number of threads: 24
 Number of threads was determined by: command line argument
  - More threads can be used by running 'qcore -n 32'

 --------------------------------------------------------------------------------
                                   command: dft                                  
 --------------------------------------------------------------------------------
 AO basis set:                           def2-tzvppd
 Number of AO basis functions:        1232
 ECP on atom 1 (Ru):                     28 electrons

 Formula:                                C18H27ClRu
 Nuclear charge:                       196.000000000
 Total charge:                           0.000000000
 Number of core electrons:              28
 Number of treated electrons:          168

 Number of alpha electrons:             84
 Number of beta electrons:              84
 Number of unpaired electrons:           0
 Spin:                                   0
 Multiplicity:                           singlet

 Theory:                                 dft
 Exchange-correlation functional:        camb3lyp

 Using range separated hybrid functional
 Range separation parameter:             0.330000000
 Short range exact exchange:             0.190000000
 Total long range exact exchange:        0.650000000

 Method for Coulomb:                     incore_df
 Method for exact exchange:              pre_transformed_df
 Integral threshold:                     1.00e-12
 DF basis set:                           def2-universal-jkfit
 Number of DF basis functions:        2219
 Schwarz screening threshold:            1.00e-10
 Coulomb fitting method:                 Cholesky
 Total number of grid points:       297338
 Method for AO orthogonalization:        symmetric
 Threshold for linear dependence:        1.00e-08
 D3BJ dispersion energy:                -0.065890751

 -------------------------------------
  Running restricted closed-shell SCF 
 -------------------------------------
 Max number of iterations:             128
 Conv. threshold (gradient):             1.00e-05
 Conv. threshold (energy):               1.00e-06
 Interpolation scheme:                   adiis+cdiis
 Initial guess:                          SAD

 ---------------------------------------------------------------
                  energy        change          grad        time
 ---------------------------------------------------------------
   0     -1263.607589661                    5.19e+01        7.92
   1     -1256.769916535      6.84e+00      6.27e+00        6.29
   2     -1255.595955799      1.17e+00      1.70e+01        5.81
   3     -1257.171887514     -1.58e+00      8.52e-01        5.98
   4     -1257.168787114      3.10e-03      1.08e+00        6.22
   5     -1257.230969899     -6.22e-02      2.54e-01        6.41
   6     -1257.227967766      3.00e-03      4.09e-01        6.25
   7     -1257.233040736     -5.07e-03      8.06e-02        6.43
   8     -1257.232884523      1.56e-04      1.19e-01        6.70
   9     -1257.233201396     -3.17e-04      5.41e-03        6.35
  10     -1257.233202930     -1.53e-06      2.28e-03        6.36
  11     -1257.233203155     -2.24e-07      1.44e-03        6.50
  12     -1257.233203231     -7.65e-08      7.36e-04        6.23
  13     -1257.233203255     -2.41e-08      3.43e-04        6.25
  14     -1257.233203259     -3.60e-09      1.07e-04        6.23
  15     -1257.233203259     -5.20e-10      4.46e-05        6.12
  16     -1257.233203259     -9.73e-11      2.38e-05        6.19
  17     -1257.233203259     -1.59e-11      2.39e-05        6.29
  18     -1257.233203259      6.82e-13      8.85e-06        6.03

 SCF converged in 18 iterations.

 Dipole moment (in Debye):               1.320082       5.336094       0.372907

 Quadrupole moment (in Debye-Angstrom):
                  1            2            3
 1      -140.488985    -0.099200     0.369012
 2        -0.099200  -154.614814    -1.774027
 3         0.369012    -1.774027  -140.847353

 Spin-squared expectation <S^2>:         0.000
 Total spin quantum number S:            0.000
 TOTAL ENERGY:                       -1257.233203259

 --------------------------------------------------------------------------------

 End time:                               Tue Oct 26 08:20:12 2021
 Total wall-clock time:                179.268 seconds
==================================================================================
