
================================================================================
          _____________ ________ _______________ ________     _________         
         / ___________// ______ \\_____   _____// ______ \   / ________)        
        / /_________  / /      \ \     | |     / /      \ \ | (_______          
       |  __________|| |        | |    | |    | |        | | \________ \        
        \ \_________ | |        | |    | |     \ \______/ /___________) |       
         \__________||_|        |_|    |_|      \________//____________/        
                                                                                
====================================[ Qcore ]===================================

 Git describe: 2.3.0-1-g21d9df7e5
 Compiler:     GNU 9.1.0
 Build type:   Release
 Version:      2.3.0-1-g21d9df7e5

 Start time:   Tue Oct 26 08:18:16 2021

 Data directory: /work/zw18965/.local/qcore/share/entos/qcore/data
 Number of threads: 24
 Number of threads was determined by: command line argument
  - More threads can be used by running 'qcore -n 32'

 --------------------------------------------------------------------------------
                                   command: dft                                  
 --------------------------------------------------------------------------------
 AO basis set:                           def2-tzvppd
 Number of AO basis functions:        1446
 ECP on atom 1 (Ru):                     28 electrons

 Formula:                                C14H40P4Ru
 Nuclear charge:                       228.000000000
 Total charge:                           0.000000000
 Number of core electrons:              28
 Number of treated electrons:          200

 Number of alpha electrons:            100
 Number of beta electrons:             100
 Number of unpaired electrons:           0
 Spin:                                   0
 Multiplicity:                           singlet

 Theory:                                 dft
 Exchange-correlation functional:        camb3lyp

 Using range separated hybrid functional
 Range separation parameter:             0.330000000
 Short range exact exchange:             0.190000000
 Total long range exact exchange:        0.650000000

 Method for Coulomb:                     incore_df
 Method for exact exchange:              pre_transformed_df
 Integral threshold:                     1.00e-12
 DF basis set:                           def2-universal-jkfit
 Number of DF basis functions:        2537
 Schwarz screening threshold:            1.00e-10
 Coulomb fitting method:                 Cholesky
 Total number of grid points:       368614
 Method for AO orthogonalization:        symmetric
 Threshold for linear dependence:        1.00e-08
 D3BJ dispersion energy:                -0.092539016

 -------------------------------------
  Running restricted closed-shell SCF 
 -------------------------------------
 Max number of iterations:             128
 Conv. threshold (gradient):             1.00e-05
 Conv. threshold (energy):               1.00e-06
 Interpolation scheme:                   adiis+cdiis
 Initial guess:                          SAD

 ---------------------------------------------------------------
                  energy        change          grad        time
 ---------------------------------------------------------------
   0     -2022.246755024                    4.14e+01       15.14
   1     -2017.500154339      4.75e+00      3.27e+00       10.75
   2     -2017.521803145     -2.16e-02      3.69e+00       10.69
   3     -2017.986932286     -4.65e-01      1.04e+00       10.49
   4     -2017.952375020      3.46e-02      1.60e+00       10.99
   5     -2018.007507254     -5.51e-02      3.08e-01       11.53
   6     -2018.005312651      2.19e-03      5.87e-01       11.82
   7     -2018.009214014     -3.90e-03      1.67e-01       13.66
   8     -2018.007955837      1.26e-03      4.93e-01       11.83
   9     -2018.009394413     -1.44e-03      7.70e-02       11.97
  10     -2018.009488374     -9.40e-05      4.02e-02       12.60
  11     -2018.009510289     -2.19e-05      1.07e-03       11.81
  12     -2018.009510300     -1.12e-08      2.87e-04       12.53
  13     -2018.009510301     -6.96e-10      8.33e-05       11.65
  14     -2018.009510301     -1.65e-10      3.68e-05       12.04
  15     -2018.009510301     -3.75e-11      1.81e-05       11.99
  16     -2018.009510301      1.27e-11      7.80e-06       11.90

 SCF converged in 16 iterations.

 Dipole moment (in Debye):               0.065688       0.462267       2.303219

 Quadrupole moment (in Debye-Angstrom):
                  1            2            3
 1      -162.533452     0.623257    -0.433574
 2         0.623257  -171.884583    -0.926610
 3        -0.433574    -0.926610  -179.352174

 Spin-squared expectation <S^2>:         0.000
 Total spin quantum number S:            0.000
 TOTAL ENERGY:                       -2018.009510301

 --------------------------------------------------------------------------------

 End time:                               Tue Oct 26 08:23:15 2021
 Total wall-clock time:                298.644 seconds
==================================================================================
