
================================================================================
          _____________ ________ _______________ ________     _________         
         / ___________// ______ \\_____   _____// ______ \   / ________)        
        / /_________  / /      \ \     | |     / /      \ \ | (_______          
       |  __________|| |        | |    | |    | |        | | \________ \        
        \ \_________ | |        | |    | |     \ \______/ /___________) |       
         \__________||_|        |_|    |_|      \________//____________/        
                                                                                
====================================[ Qcore ]===================================

 Git describe: 2.3.0-1-g21d9df7e5
 Compiler:     GNU 9.1.0
 Build type:   Release
 Version:      2.3.0-1-g21d9df7e5

 Start time:   Tue Oct 26 08:01:43 2021

 Data directory: /work/zw18965/.local/qcore/share/entos/qcore/data
 Number of threads: 24
 Number of threads was determined by: command line argument
  - More threads can be used by running 'qcore -n 32'

 --------------------------------------------------------------------------------
                                   command: dft                                  
 --------------------------------------------------------------------------------
 AO basis set:                           def2-tzvppd
 Number of AO basis functions:        2045
 ECP on atom 14 (Rh):                    28 electrons

 Formula:                                C36H30P2ClRh
 Nuclear charge:                       338.000000000
 Total charge:                           0.000000000
 Number of core electrons:              28
 Number of treated electrons:          310

 Number of alpha electrons:            155
 Number of beta electrons:             155
 Number of unpaired electrons:           0
 Spin:                                   0
 Multiplicity:                           singlet

 Theory:                                 dft
 Exchange-correlation functional:        camb3lyp

 Using range separated hybrid functional
 Range separation parameter:             0.330000000
 Short range exact exchange:             0.190000000
 Total long range exact exchange:        0.650000000

 Method for Coulomb:                     incore_df
 Method for exact exchange:              pre_transformed_df
 Integral threshold:                     1.00e-12
 DF basis set:                           def2-universal-jkfit
 Number of DF basis functions:        3879
 Schwarz screening threshold:            1.00e-10
 Coulomb fitting method:                 Cholesky
 Total number of grid points:       452108
 Method for AO orthogonalization:        symmetric
 Threshold for linear dependence:        1.00e-08
 D3BJ dispersion energy:                -0.128560403

 -------------------------------------
  Running restricted closed-shell SCF 
 -------------------------------------
 Max number of iterations:             128
 Conv. threshold (gradient):             1.00e-05
 Conv. threshold (energy):               1.00e-06
 Interpolation scheme:                   adiis+cdiis
 Initial guess:                          SAD

 ---------------------------------------------------------------
                  energy        change          grad        time
 ---------------------------------------------------------------
   0     -2656.147046236                    3.69e+01       36.14
   1     -2642.790762238      1.34e+01      1.96e+00       26.59
   2     -2642.810901988     -2.01e-02      3.08e+00       24.94
   3     -2643.255278893     -4.44e-01      2.88e+00       26.85
   4     -2642.917170474      3.38e-01      8.54e+00       26.68
   5     -2643.290307387     -3.73e-01      1.55e+00       27.43
   6     -2643.318491409     -2.82e-02      2.45e-01       26.98
   7     -2643.316570323      1.92e-03      2.82e-01       27.87
   8     -2643.320818864     -4.25e-03      8.53e-02       27.11
   9     -2643.320464477      3.54e-04      2.47e-01       28.02
  10     -2643.320911128     -4.47e-04      6.92e-03       26.70
  11     -2643.320911624     -4.96e-07      2.02e-03       25.48
  12     -2643.320911723     -9.91e-08      1.00e-03       26.75
  13     -2643.320911750     -2.71e-08      4.37e-04       26.27
  14     -2643.320911760     -1.03e-08      3.10e-04       26.33
  15     -2643.320911764     -3.73e-09      1.60e-04       27.13
  16     -2643.320911765     -1.76e-09      7.16e-05       25.72
  17     -2643.320911766     -2.99e-10      3.56e-05       26.69
  18     -2643.320911766     -3.82e-11      1.58e-05       26.33
  19     -2643.320911766     -1.96e-11      9.71e-06       26.76

 SCF converged in 19 iterations.

 Dipole moment (in Debye):              -2.521828       3.629422       6.222960

 Quadrupole moment (in Debye-Angstrom):
                  1            2            3
 1      -251.245536     2.466243     7.936794
 2         2.466243  -252.154403   -14.393145
 3         7.936794   -14.393145  -268.866662

 Spin-squared expectation <S^2>:         0.000
 Total spin quantum number S:            0.000
 TOTAL ENERGY:                       -2643.320911766

 --------------------------------------------------------------------------------

 End time:                               Tue Oct 26 08:17:09 2021
 Total wall-clock time:                925.569 seconds
==================================================================================
