
================================================================================
          _____________ ________ _______________ ________     _________         
         / ___________// ______ \\_____   _____// ______ \   / ________)        
        / /_________  / /      \ \     | |     / /      \ \ | (_______          
       |  __________|| |        | |    | |    | |        | | \________ \        
        \ \_________ | |        | |    | |     \ \______/ /___________) |       
         \__________||_|        |_|    |_|      \________//____________/        
                                                                                
====================================[ Qcore ]===================================

 Git describe: 2.3.0-1-g21d9df7e5
 Compiler:     GNU 9.1.0
 Build type:   Release
 Version:      2.3.0-1-g21d9df7e5

 Start time:   Tue Oct 26 08:15:01 2021

 Data directory: /work/zw18965/.local/qcore/share/entos/qcore/data
 Number of threads: 24
 Number of threads was determined by: command line argument

 --------------------------------------------------------------------------------
                                   command: dft                                  
 --------------------------------------------------------------------------------
 AO basis set:                           def2-tzvppd
 Number of AO basis functions:         811
 ECP on atom 1 (Ir):                     60 electrons

 Formula:                                C7H18OP2ClIr
 Nuclear charge:                       192.000000000
 Total charge:                           0.000000000
 Number of core electrons:              60
 Number of treated electrons:          132

 Number of alpha electrons:             66
 Number of beta electrons:              66
 Number of unpaired electrons:           0
 Spin:                                   0
 Multiplicity:                           singlet

 Theory:                                 dft
 Exchange-correlation functional:        camb3lyp

 Using range separated hybrid functional
 Range separation parameter:             0.330000000
 Short range exact exchange:             0.190000000
 Total long range exact exchange:        0.650000000

 Method for Coulomb:                     incore_df
 Method for exact exchange:              pre_transformed_df
 Integral threshold:                     1.00e-12
 DF basis set:                           def2-universal-jkfit
 Number of DF basis functions:        1537
 Schwarz screening threshold:            1.00e-10
 Coulomb fitting method:                 Cholesky
 Total number of grid points:       191878
 Method for AO orthogonalization:        symmetric
 Threshold for linear dependence:        1.00e-08
 D3BJ dispersion energy:                -0.038277520

 -------------------------------------
  Running restricted closed-shell SCF 
 -------------------------------------
 Max number of iterations:             128
 Conv. threshold (gradient):             1.00e-05
 Conv. threshold (energy):               1.00e-06
 Interpolation scheme:                   adiis+cdiis
 Initial guess:                          SAD

 ---------------------------------------------------------------
                  energy        change          grad        time
 ---------------------------------------------------------------
   0     -1602.213729635                    9.43e+01        2.09
   1     -1600.025369164      2.19e+00      1.60e+00        1.59
   2     -1599.865055772      1.60e-01      3.04e+00        1.61
   3     -1600.250274096     -3.85e-01      1.21e+00        1.55
   4     -1600.114762391      1.36e-01      3.18e+00        1.63
   5     -1600.280853221     -1.66e-01      6.72e-01        1.63
   6     -1600.286443833     -5.59e-03      4.75e-01        1.64
   7     -1600.289540483     -3.10e-03      2.76e-01        1.58
   8     -1600.290284641     -7.44e-04      1.52e-01        1.69
   9     -1600.290646108     -3.61e-04      4.59e-02        1.71
  10     -1600.290644381      1.73e-06      4.39e-02        1.82
  11     -1600.290717749     -7.34e-05      3.15e-04        1.66
  12     -1600.290717766     -1.73e-08      1.63e-04        1.59
  13     -1600.290717768     -1.92e-09      9.81e-05        1.59
  14     -1600.290717769     -3.09e-10      2.54e-05        1.57
  15     -1600.290717769     -1.09e-11      5.02e-06        1.57

 SCF converged in 15 iterations.

 Dipole moment (in Debye):               0.000488       0.966413       0.010633

 Quadrupole moment (in Debye-Angstrom):
                  1            2            3
 1       -90.376967    -0.008761    -0.001016
 2        -0.008761  -130.641305    -0.002727
 3        -0.001016    -0.002727  -113.408643

 Spin-squared expectation <S^2>:         0.000
 Total spin quantum number S:            0.000
 TOTAL ENERGY:                       -1600.290717769

 --------------------------------------------------------------------------------

 End time:                               Tue Oct 26 08:16:08 2021
 Total wall-clock time:                 67.679 seconds
==================================================================================
