
================================================================================
          _____________ ________ _______________ ________     _________         
         / ___________// ______ \\_____   _____// ______ \   / ________)        
        / /_________  / /      \ \     | |     / /      \ \ | (_______          
       |  __________|| |        | |    | |    | |        | | \________ \        
        \ \_________ | |        | |    | |     \ \______/ /___________) |       
         \__________||_|        |_|    |_|      \________//____________/        
                                                                                
====================================[ Qcore ]===================================

 Git describe: 2.3.0-1-g21d9df7e5
 Compiler:     GNU 9.1.0
 Build type:   Release
 Version:      2.3.0-1-g21d9df7e5

 Start time:   Tue Oct 26 08:21:06 2021

 Data directory: /work/zw18965/.local/qcore/share/entos/qcore/data
 Number of threads: 24
 Number of threads was determined by: command line argument

 --------------------------------------------------------------------------------
                                   command: dft                                  
 --------------------------------------------------------------------------------
 AO basis set:                           def2-tzvppd
 Number of AO basis functions:         738
 ECP on atom 1 (Mo):                     28 electrons

 Formula:                                C12H14Mo
 Nuclear charge:                       128.000000000
 Total charge:                           0.000000000
 Number of core electrons:              28
 Number of treated electrons:          100

 Number of alpha electrons:             50
 Number of beta electrons:              50
 Number of unpaired electrons:           0
 Spin:                                   0
 Multiplicity:                           singlet

 Theory:                                 dft
 Exchange-correlation functional:        camb3lyp

 Using range separated hybrid functional
 Range separation parameter:             0.330000000
 Short range exact exchange:             0.190000000
 Total long range exact exchange:        0.650000000

 Method for Coulomb:                     incore_df
 Method for exact exchange:              pre_transformed_df
 Integral threshold:                     1.00e-12
 DF basis set:                           def2-universal-jkfit
 Number of DF basis functions:        1407
 Schwarz screening threshold:            1.00e-10
 Coulomb fitting method:                 Cholesky
 Total number of grid points:       172330
 Method for AO orthogonalization:        symmetric
 Threshold for linear dependence:        1.00e-08
 D3BJ dispersion energy:                -0.032904068

 -------------------------------------
  Running restricted closed-shell SCF 
 -------------------------------------
 Max number of iterations:             128
 Conv. threshold (gradient):             1.00e-05
 Conv. threshold (energy):               1.00e-06
 Interpolation scheme:                   adiis+cdiis
 Initial guess:                          SAD

 ---------------------------------------------------------------
                  energy        change          grad        time
 ---------------------------------------------------------------
   0      -538.075279481                    4.41e+01        1.88
   1      -533.238500052      4.84e+00      5.92e+00        1.58
   2      -530.450010962      2.79e+00      2.08e+01        1.32
   3      -533.609891814     -3.16e+00      3.12e+00        1.35
   4      -533.735886641     -1.26e-01      2.31e+00        1.41
   5      -533.743695272     -7.81e-03      2.09e+00        1.39
   6      -533.783529506     -3.98e-02      4.75e-01        1.41
   7      -533.781561668      1.97e-03      6.43e-01        1.44
   8      -533.787257543     -5.70e-03      1.04e-01        1.45
   9      -533.786995624      2.62e-04      1.97e-01        1.59
  10      -533.787409672     -4.14e-04      2.35e-02        1.51
  11      -533.787406216      3.46e-06      3.20e-02        1.59
  12      -533.787435189     -2.90e-05      1.79e-03        1.51
  13      -533.787435308     -1.18e-07      5.02e-04        1.35
  14      -533.787435316     -8.02e-09      1.08e-04        1.44
  15      -533.787435316     -4.81e-10      4.27e-05        1.43
  16      -533.787435316     -9.44e-11      1.65e-05        1.42
  17      -533.787435316     -7.96e-12      6.07e-06        1.29

 SCF converged in 17 iterations.

 Dipole moment (in Debye):              -0.000680      -1.311777       0.028321

 Quadrupole moment (in Debye-Angstrom):
                  1            2            3
 1       -97.148209    -0.034335     0.423519
 2        -0.034335   -93.792187    -0.005796
 3         0.423519    -0.005796   -90.331548

 Spin-squared expectation <S^2>:         0.000
 Total spin quantum number S:            0.000
 TOTAL ENERGY:                        -533.787435316

 --------------------------------------------------------------------------------

 End time:                               Tue Oct 26 08:21:49 2021
 Total wall-clock time:                 43.278 seconds
==================================================================================
