
================================================================================
          _____________ ________ _______________ ________     _________         
         / ___________// ______ \\_____   _____// ______ \   / ________)        
        / /_________  / /      \ \     | |     / /      \ \ | (_______          
       |  __________|| |        | |    | |    | |        | | \________ \        
        \ \_________ | |        | |    | |     \ \______/ /___________) |       
         \__________||_|        |_|    |_|      \________//____________/        
                                                                                
====================================[ Qcore ]===================================

 Git describe: 2.3.0-1-g21d9df7e5
 Compiler:     GNU 9.1.0
 Build type:   Release
 Version:      2.3.0-1-g21d9df7e5

 Start time:   Tue Oct 26 08:16:12 2021

 Data directory: /work/zw18965/.local/qcore/share/entos/qcore/data
 Number of threads: 24
 Number of threads was determined by: command line argument

 --------------------------------------------------------------------------------
                                   command: dft                                  
 --------------------------------------------------------------------------------
 AO basis set:                           def2-tzvppd
 Number of AO basis functions:        1794
 ECP on atom 1 (Ru):                     28 electrons

 Formula:                                C25H39PCl2Ru
 Nuclear charge:                       282.000000000
 Total charge:                           0.000000000
 Number of core electrons:              28
 Number of treated electrons:          254

 Number of alpha electrons:            127
 Number of beta electrons:             127
 Number of unpaired electrons:           0
 Spin:                                   0
 Multiplicity:                           singlet

 Theory:                                 dft
 Exchange-correlation functional:        camb3lyp

 Using range separated hybrid functional
 Range separation parameter:             0.330000000
 Short range exact exchange:             0.190000000
 Total long range exact exchange:        0.650000000

 Method for Coulomb:                     incore_df
 Method for exact exchange:              pre_transformed_df
 Integral threshold:                     1.00e-12
 DF basis set:                           def2-universal-jkfit
 Number of DF basis functions:        3216
 Schwarz screening threshold:            1.00e-10
 Coulomb fitting method:                 Cholesky
 Total number of grid points:       430462
 Method for AO orthogonalization:        symmetric
 Threshold for linear dependence:        1.00e-08
 D3BJ dispersion energy:                -0.099014331

 -------------------------------------
  Running restricted closed-shell SCF 
 -------------------------------------
 Max number of iterations:             128
 Conv. threshold (gradient):             1.00e-05
 Conv. threshold (energy):               1.00e-06
 Interpolation scheme:                   adiis+cdiis
 Initial guess:                          SAD

 ---------------------------------------------------------------
                  energy        change          grad        time
 ---------------------------------------------------------------
   0     -2341.422141538                    3.72e+01       23.22
   1     -2332.251694536      9.17e+00      4.69e+00       16.16
   2     -2331.022837690      1.23e+00      1.33e+01       17.29
   3     -2332.768122499     -1.75e+00      1.23e+00       17.12
   4     -2332.695645917      7.25e-02      3.22e+00       16.12
   5     -2332.827044112     -1.31e-01      1.35e+00       16.43
   6     -2332.733902145      9.31e-02      3.69e+00       17.34
   7     -2332.839026903     -1.05e-01      8.59e-01       19.94
   8     -2332.845305745     -6.28e-03      4.24e-01       18.12
   9     -2332.845108368      1.97e-04      4.49e-01       16.63
  10     -2332.846664794     -1.56e-03      2.09e-02       17.87
  11     -2332.846655436      9.36e-06      3.45e-02       19.13
  12     -2332.846698854     -4.34e-05      1.47e-03       18.42
  13     -2332.846698940     -8.62e-08      5.86e-04       16.73
  14     -2332.846698961     -2.07e-08      2.71e-04       16.09
  15     -2332.846698965     -3.58e-09      1.57e-04       15.51
  16     -2332.846698966     -1.90e-09      7.12e-05       17.52
  17     -2332.846698967     -4.13e-10      4.50e-05       16.59
  18     -2332.846698967     -1.98e-10      2.65e-05       17.48
  19     -2332.846698967     -5.96e-11      8.99e-06       16.87

 SCF converged in 19 iterations.

 Dipole moment (in Debye):              -2.333017       3.477068       3.103200

 Quadrupole moment (in Debye-Angstrom):
                  1            2            3
 1      -197.621166     3.768116     2.471901
 2         3.768116  -219.341285     4.462642
 3         2.471901     4.462642  -226.988051

 Spin-squared expectation <S^2>:         0.000
 Total spin quantum number S:            0.000
 TOTAL ENERGY:                       -2332.846698967

 --------------------------------------------------------------------------------

 End time:                               Tue Oct 26 08:24:52 2021
 Total wall-clock time:                519.699 seconds
==================================================================================
