
================================================================================
          _____________ ________ _______________ ________     _________         
         / ___________// ______ \\_____   _____// ______ \   / ________)        
        / /_________  / /      \ \     | |     / /      \ \ | (_______          
       |  __________|| |        | |    | |    | |        | | \________ \        
        \ \_________ | |        | |    | |     \ \______/ /___________) |       
         \__________||_|        |_|    |_|      \________//____________/        
                                                                                
====================================[ Qcore ]===================================

 Git describe: 2.3.0-1-g21d9df7e5
 Compiler:     GNU 9.1.0
 Build type:   Release
 Version:      2.3.0-1-g21d9df7e5

 Start time:   Tue Oct 26 08:24:13 2021

 Data directory: /work/zw18965/.local/qcore/share/entos/qcore/data
 Number of threads: 24
 Number of threads was determined by: command line argument

 --------------------------------------------------------------------------------
                                   command: dft                                  
 --------------------------------------------------------------------------------
 AO basis set:                           def2-tzvppd
 Number of AO basis functions:        1800
 ECP on atom 1 (W):                      60 electrons

 Formula:                                C21H44O3P2W
 Nuclear charge:                       298.000000000
 Total charge:                           0.000000000
 Number of core electrons:              60
 Number of treated electrons:          238

 Number of alpha electrons:            119
 Number of beta electrons:             119
 Number of unpaired electrons:           0
 Spin:                                   0
 Multiplicity:                           singlet

 Theory:                                 dft
 Exchange-correlation functional:        camb3lyp

 Using range separated hybrid functional
 Range separation parameter:             0.330000000
 Short range exact exchange:             0.190000000
 Total long range exact exchange:        0.650000000

 Method for Coulomb:                     incore_df
 Method for exact exchange:              pre_transformed_df
 Integral threshold:                     1.00e-12
 DF basis set:                           def2-universal-jkfit
 Number of DF basis functions:        3081
 Schwarz screening threshold:            1.00e-10
 Coulomb fitting method:                 Cholesky
 Total number of grid points:       446468
 Method for AO orthogonalization:        symmetric
 Threshold for linear dependence:        1.00e-08
 D3BJ dispersion energy:                -0.105163587

 -------------------------------------
  Running restricted closed-shell SCF 
 -------------------------------------
 Max number of iterations:             128
 Conv. threshold (gradient):             1.00e-05
 Conv. threshold (energy):               1.00e-06
 Interpolation scheme:                   adiis+cdiis
 Initial guess:                          SAD

 ---------------------------------------------------------------
                  energy        change          grad        time
 ---------------------------------------------------------------
   0     -1808.020537433                    2.53e+02       23.10
   1     -1801.581775767      6.44e+00      3.45e+00       15.60
   2     -1800.410060113      1.17e+00      9.35e+00       17.39
   3     -1802.161566689     -1.75e+00      1.01e+00       16.48
   4     -1802.145371729      1.62e-02      1.94e+00       15.64
   5     -1802.224052203     -7.87e-02      9.32e-01       16.72
   6     -1802.175617480      4.84e-02      2.27e+00       16.91
   7     -1802.229818956     -5.42e-02      6.17e-01       17.14
   8     -1802.233939190     -4.12e-03      1.98e-01       17.52
   9     -1802.233664155      2.75e-04      2.47e-01       17.32
  10     -1802.234334588     -6.70e-04      2.93e-02       17.99
  11     -1802.234292287      4.23e-05      7.16e-02       16.75
  12     -1802.234344574     -5.23e-05      4.86e-04       16.84
  13     -1802.234344590     -1.64e-08      1.36e-04       16.44
  14     -1802.234344592     -1.95e-09      1.52e-04       16.11
  15     -1802.234344593     -6.85e-10      7.19e-05       16.55
  16     -1802.234344593     -1.38e-10      1.57e-05       17.05
  17     -1802.234344593      1.36e-12      7.31e-06       16.75

 SCF converged in 17 iterations.

 Dipole moment (in Debye):              -0.001620      -0.000704       1.920730

 Quadrupole moment (in Debye-Angstrom):
                  1            2            3
 1      -184.915562     0.000891     0.001541
 2         0.000891  -219.501551    -1.508669
 3         0.001541    -1.508669  -210.927950

 Spin-squared expectation <S^2>:         0.000
 Total spin quantum number S:            0.000
 TOTAL ENERGY:                       -1802.234344593

 --------------------------------------------------------------------------------

 End time:                               Tue Oct 26 08:34:04 2021
 Total wall-clock time:                591.511 seconds
==================================================================================
