
================================================================================
          _____________ ________ _______________ ________     _________         
         / ___________// ______ \\_____   _____// ______ \   / ________)        
        / /_________  / /      \ \     | |     / /      \ \ | (_______          
       |  __________|| |        | |    | |    | |        | | \________ \        
        \ \_________ | |        | |    | |     \ \______/ /___________) |       
         \__________||_|        |_|    |_|      \________//____________/        
                                                                                
====================================[ Qcore ]===================================

 Git describe: 2.3.0-1-g21d9df7e5
 Compiler:     GNU 9.1.0
 Build type:   Release
 Version:      2.3.0-1-g21d9df7e5

 Start time:   Tue Oct 26 08:22:13 2021

 Data directory: /work/zw18965/.local/qcore/share/entos/qcore/data
 Number of threads: 24
 Number of threads was determined by: command line argument
  - More threads can be used by running 'qcore -n 32'

 --------------------------------------------------------------------------------
                                   command: dft                                  
 --------------------------------------------------------------------------------
 AO basis set:                           def2-tzvppd
 Number of AO basis functions:         381

 Formula:                                C6H6Se
 Nuclear charge:                        76.000000000
 Total charge:                           0.000000000
 Number of electrons:                   76.000000000

 Number of alpha electrons:             38
 Number of beta electrons:              38
 Number of unpaired electrons:           0
 Spin:                                   0
 Multiplicity:                           singlet

 Theory:                                 dft
 Exchange-correlation functional:        camb3lyp

 Using range separated hybrid functional
 Range separation parameter:             0.330000000
 Short range exact exchange:             0.190000000
 Total long range exact exchange:        0.650000000

 Method for Coulomb:                     incore_df
 Method for exact exchange:              pre_transformed_df
 Integral threshold:                     1.00e-12
 DF basis set:                           def2-universal-jkfit
 Number of DF basis functions:         824
 Schwarz screening threshold:            1.00e-10
 Coulomb fitting method:                 Cholesky
 Total number of grid points:        84112
 Method for AO orthogonalization:        symmetric
 Threshold for linear dependence:        1.00e-08
 D3BJ dispersion energy:                -0.011833160

 -------------------------------------
  Running restricted closed-shell SCF 
 -------------------------------------
 Max number of iterations:             128
 Conv. threshold (gradient):             1.00e-05
 Conv. threshold (energy):               1.00e-06
 Interpolation scheme:                   adiis+cdiis
 Initial guess:                          SAD

 ---------------------------------------------------------------
                  energy        change          grad        time
 ---------------------------------------------------------------
   0     -2635.864524595                    1.62e+01        0.26
   1     -2633.780258107      2.08e+00      9.49e-01        0.23
   2     -2633.790424182     -1.02e-02      9.83e-01        0.23
   3     -2633.879098129     -8.87e-02      1.09e-01        0.23
   4     -2633.879244002     -1.46e-04      1.11e-01        0.23
   5     -2633.880302587     -1.06e-03      1.40e-02        0.24
   6     -2633.880307357     -4.77e-06      1.40e-02        0.24
   7     -2633.880322747     -1.54e-05      2.74e-03        0.25
   8     -2633.880323034     -2.86e-07      4.09e-04        0.24
   9     -2633.880323046     -1.28e-08      2.85e-04        0.23
  10     -2633.880323051     -4.95e-09      5.62e-05        0.24
  11     -2633.880323052     -2.91e-10      2.11e-05        0.24
  12     -2633.880323052     -3.00e-11      1.22e-05        0.24
  13     -2633.880323052     -1.46e-11      3.64e-06        0.24

 SCF converged in 13 iterations.

 Dipole moment (in Debye):               0.902550       0.525246       0.000002

 Quadrupole moment (in Debye-Angstrom):
                  1            2            3
 1       -50.793564    -1.629547    -0.000009
 2        -1.629547   -48.073137    -0.000005
 3        -0.000009    -0.000005   -59.784067

 Spin-squared expectation <S^2>:         0.000
 Total spin quantum number S:            0.000
 TOTAL ENERGY:                       -2633.880323052

 --------------------------------------------------------------------------------

 End time:                               Tue Oct 26 08:22:30 2021
 Total wall-clock time:                 17.265 seconds
==================================================================================
