
================================================================================
          _____________ ________ _______________ ________     _________         
         / ___________// ______ \\_____   _____// ______ \   / ________)        
        / /_________  / /      \ \     | |     / /      \ \ | (_______          
       |  __________|| |        | |    | |    | |        | | \________ \        
        \ \_________ | |        | |    | |     \ \______/ /___________) |       
         \__________||_|        |_|    |_|      \________//____________/        
                                                                                
====================================[ Qcore ]===================================

 Git describe: 2.3.0-1-g21d9df7e5
 Compiler:     GNU 9.1.0
 Build type:   Release
 Version:      2.3.0-1-g21d9df7e5

 Start time:   Tue Oct 26 08:23:07 2021

 Data directory: /work/zw18965/.local/qcore/share/entos/qcore/data
 Number of threads: 24
 Number of threads was determined by: command line argument
  - More threads can be used by running 'qcore -n 32'

 --------------------------------------------------------------------------------
                                   command: dft                                  
 --------------------------------------------------------------------------------
 AO basis set:                           def2-tzvppd
 Number of AO basis functions:         546

 Formula:                                C6HO6Mn
 Nuclear charge:                       110.000000000
 Total charge:                           0.000000000
 Number of electrons:                  110.000000000

 Number of alpha electrons:             55
 Number of beta electrons:              55
 Number of unpaired electrons:           0
 Spin:                                   0
 Multiplicity:                           singlet

 Theory:                                 dft
 Exchange-correlation functional:        camb3lyp

 Using range separated hybrid functional
 Range separation parameter:             0.330000000
 Short range exact exchange:             0.190000000
 Total long range exact exchange:        0.650000000

 Method for Coulomb:                     incore_df
 Method for exact exchange:              pre_transformed_df
 Integral threshold:                     1.00e-12
 DF basis set:                           def2-universal-jkfit
 Number of DF basis functions:        1194
 Schwarz screening threshold:            1.00e-10
 Coulomb fitting method:                 Cholesky
 Total number of grid points:        96290
 Method for AO orthogonalization:        symmetric
 Threshold for linear dependence:        1.00e-08
 D3BJ dispersion energy:                -0.016472865

 -------------------------------------
  Running restricted closed-shell SCF 
 -------------------------------------
 Max number of iterations:             128
 Conv. threshold (gradient):             1.00e-05
 Conv. threshold (energy):               1.00e-06
 Interpolation scheme:                   adiis+cdiis
 Initial guess:                          SAD

 ---------------------------------------------------------------
                  energy        change          grad        time
 ---------------------------------------------------------------
   0     -1833.935571524                    3.51e+01        0.68
   1     -1831.446118271      2.49e+00      2.28e+00        0.59
   2     -1830.738116820      7.08e-01      5.36e+00        0.57
   3     -1831.651732268     -9.14e-01      2.30e+00        0.57
   4     -1830.984296464      6.67e-01      9.63e+00        0.58
   5     -1831.660996127     -6.77e-01      2.10e+00        0.59
   6     -1831.724766315     -6.38e-02      4.39e-01        0.58
   7     -1831.657812301      6.70e-02      2.67e+00        0.59
   8     -1831.719624188     -6.18e-02      8.03e-01        0.60
   9     -1831.728220811     -8.60e-03      4.69e-02        0.65
  10     -1831.727619815      6.01e-04      2.06e-01        0.67
  11     -1831.728394656     -7.75e-04      4.78e-03        0.65
  12     -1831.728395053     -3.97e-07      2.45e-03        0.61
  13     -1831.728395141     -8.84e-08      8.12e-04        0.59
  14     -1831.728395151     -9.85e-09      2.20e-04        0.58
  15     -1831.728395153     -2.10e-09      7.27e-05        0.60
  16     -1831.728395154     -4.14e-10      5.31e-05        0.61
  17     -1831.728395154     -1.29e-10      1.81e-05        0.65
  18     -1831.728395154     -1.34e-11      6.87e-06        0.61

 SCF converged in 18 iterations.

 Dipole moment (in Debye):               2.424377      -0.003049       0.372895

 Quadrupole moment (in Debye-Angstrom):
                  1            2            3
 1       -91.706291     0.019211    -3.307083
 2         0.019211   -83.188462    -0.005088
 3        -3.307083    -0.005088   -81.642311

 Spin-squared expectation <S^2>:         0.000
 Total spin quantum number S:            0.000
 TOTAL ENERGY:                       -1831.728395154

 --------------------------------------------------------------------------------

 End time:                               Tue Oct 26 08:23:35 2021
 Total wall-clock time:                 27.117 seconds
==================================================================================
