
================================================================================
          _____________ ________ _______________ ________     _________         
         / ___________// ______ \\_____   _____// ______ \   / ________)        
        / /_________  / /      \ \     | |     / /      \ \ | (_______          
       |  __________|| |        | |    | |    | |        | | \________ \        
        \ \_________ | |        | |    | |     \ \______/ /___________) |       
         \__________||_|        |_|    |_|      \________//____________/        
                                                                                
====================================[ Qcore ]===================================

 Git describe: 2.3.0-1-g21d9df7e5
 Compiler:     GNU 9.1.0
 Build type:   Release
 Version:      2.3.0-1-g21d9df7e5

 Start time:   Tue Oct 26 08:22:04 2021

 Data directory: /work/zw18965/.local/qcore/share/entos/qcore/data
 Number of threads: 24
 Number of threads was determined by: command line argument

 --------------------------------------------------------------------------------
                                   command: dft                                  
 --------------------------------------------------------------------------------
 AO basis set:                           def2-tzvppd
 Number of AO basis functions:         162

 Formula:                                C2H3N
 Nuclear charge:                        22.000000000
 Total charge:                           0.000000000
 Number of electrons:                   22.000000000

 Number of alpha electrons:             11
 Number of beta electrons:              11
 Number of unpaired electrons:           0
 Spin:                                   0
 Multiplicity:                           singlet

 Theory:                                 dft
 Exchange-correlation functional:        camb3lyp

 Using range separated hybrid functional
 Range separation parameter:             0.330000000
 Short range exact exchange:             0.190000000
 Total long range exact exchange:        0.650000000

 Method for Coulomb:                     incore_df
 Method for exact exchange:              pre_transformed_df
 Integral threshold:                     1.00e-12
 DF basis set:                           def2-universal-jkfit
 Number of DF basis functions:         281
 Schwarz screening threshold:            1.00e-10
 Coulomb fitting method:                 Cholesky
 Total number of grid points:        38070
 Method for AO orthogonalization:        symmetric
 Threshold for linear dependence:        1.00e-08
 D3BJ dispersion energy:                -0.001960976

 -------------------------------------
  Running restricted closed-shell SCF 
 -------------------------------------
 Max number of iterations:             128
 Conv. threshold (gradient):             1.00e-05
 Conv. threshold (energy):               1.00e-06
 Interpolation scheme:                   adiis+cdiis
 Initial guess:                          SAD

 ---------------------------------------------------------------
                  energy        change          grad        time
 ---------------------------------------------------------------
   0      -133.152236959                    1.09e+01        0.03
   1      -132.675230267      4.77e-01      1.01e+00        0.04
   2      -132.611421497      6.38e-02      2.00e+00        0.03
   3      -132.737237900     -1.26e-01      1.99e-01        0.03
   4      -132.738255245     -1.02e-03      1.53e-01        0.03
   5      -132.739344596     -1.09e-03      4.02e-02        0.03
   6      -132.739296749      4.78e-05      5.57e-02        0.04
   7      -132.739428347     -1.32e-04      4.45e-04        0.03
   8      -132.739428360     -1.32e-08      1.82e-04        0.03
   9      -132.739428361     -8.71e-10      3.14e-05        0.03
  10      -132.739428361     -2.23e-11      1.12e-06        0.03

 SCF converged in 10 iterations.

 Dipole moment (in Debye):              -4.085391      -0.237817       0.151578

 Quadrupole moment (in Debye-Angstrom):
                  1            2            3
 1       -21.067715    -0.191172     0.121800
 2        -0.191172   -17.795309     0.007119
 3         0.121800     0.007119   -17.788663

 Spin-squared expectation <S^2>:         0.000
 Total spin quantum number S:            0.000
 TOTAL ENERGY:                        -132.739428361

 --------------------------------------------------------------------------------

 End time:                               Tue Oct 26 08:22:05 2021
 Total wall-clock time:                  0.998 seconds
==================================================================================
