
================================================================================
          _____________ ________ _______________ ________     _________         
         / ___________// ______ \\_____   _____// ______ \   / ________)        
        / /_________  / /      \ \     | |     / /      \ \ | (_______          
       |  __________|| |        | |    | |    | |        | | \________ \        
        \ \_________ | |        | |    | |     \ \______/ /___________) |       
         \__________||_|        |_|    |_|      \________//____________/        
                                                                                
====================================[ Qcore ]===================================

 Git describe: 2.3.0-1-g21d9df7e5
 Compiler:     GNU 9.1.0
 Build type:   Release
 Version:      2.3.0-1-g21d9df7e5

 Start time:   Tue Oct 26 08:22:40 2021

 Data directory: /work/zw18965/.local/qcore/share/entos/qcore/data
 Number of threads: 24
 Number of threads was determined by: command line argument
  - More threads can be used by running 'qcore -n 32'

 --------------------------------------------------------------------------------
                                   command: dft                                  
 --------------------------------------------------------------------------------
 AO basis set:                           def2-tzvppd
 Number of AO basis functions:         529

 Formula:                                C6O6Cr
 Nuclear charge:                       108.000000000
 Total charge:                           0.000000000
 Number of electrons:                  108.000000000

 Number of alpha electrons:             54
 Number of beta electrons:              54
 Number of unpaired electrons:           0
 Spin:                                   0
 Multiplicity:                           singlet

 Theory:                                 dft
 Exchange-correlation functional:        camb3lyp

 Using range separated hybrid functional
 Range separation parameter:             0.330000000
 Short range exact exchange:             0.190000000
 Total long range exact exchange:        0.650000000

 Method for Coulomb:                     incore_df
 Method for exact exchange:              pre_transformed_df
 Integral threshold:                     1.00e-12
 DF basis set:                           def2-universal-jkfit
 Number of DF basis functions:        1176
 Schwarz screening threshold:            1.00e-10
 Coulomb fitting method:                 Cholesky
 Total number of grid points:        90292
 Method for AO orthogonalization:        symmetric
 Threshold for linear dependence:        1.00e-08
 D3BJ dispersion energy:                -0.017973670

 -------------------------------------
  Running restricted closed-shell SCF 
 -------------------------------------
 Max number of iterations:             128
 Conv. threshold (gradient):             1.00e-05
 Conv. threshold (energy):               1.00e-06
 Interpolation scheme:                   adiis+cdiis
 Initial guess:                          SAD

 ---------------------------------------------------------------
                  energy        change          grad        time
 ---------------------------------------------------------------
   0     -1726.339257051                    3.56e+01        0.62
   1     -1723.529376770      2.81e+00      9.79e+00        0.54
   2     -1699.843893965      2.37e+01      4.22e+01        0.53
   3     -1721.017464270     -2.12e+01      2.24e+01        0.54
   4     -1724.496355783     -3.48e+00      2.53e+00        0.57
   5     -1724.525408790     -2.91e-02      1.39e+00        0.52
   6     -1724.619890562     -9.45e-02      1.84e+00        0.57
   7     -1724.428370647      1.92e-01      6.03e+00        0.57
   8     -1724.618268557     -1.90e-01      1.99e+00        0.56
   9     -1724.641570190     -2.33e-02      1.71e-01        0.60
  10     -1724.636158922      5.41e-03      7.35e-01        0.62
  11     -1724.641839979     -5.68e-03      8.64e-02        0.63
  12     -1724.642278337     -4.38e-04      7.82e-02        0.62
  13     -1724.642326775     -4.84e-05      1.88e-03        0.56
  14     -1724.642326815     -3.96e-08      2.06e-04        0.56
  15     -1724.642326815     -2.99e-10      2.31e-05        0.51
  16     -1724.642326815     -5.46e-12      9.30e-06        0.53

 SCF converged in 16 iterations.

 Dipole moment (in Debye):              -0.000092       0.000024      -0.000088

 Quadrupole moment (in Debye-Angstrom):
                  1            2            3
 1       -84.932741    -0.000129     0.000211
 2        -0.000129   -84.932541     0.000050
 3         0.000211     0.000050   -84.932518

 Spin-squared expectation <S^2>:         0.000
 Total spin quantum number S:            0.000
 TOTAL ENERGY:                       -1724.642326815

 --------------------------------------------------------------------------------

 End time:                               Tue Oct 26 08:23:04 2021
 Total wall-clock time:                 23.446 seconds
==================================================================================
