
================================================================================
          _____________ ________ _______________ ________     _________         
         / ___________// ______ \\_____   _____// ______ \   / ________)        
        / /_________  / /      \ \     | |     / /      \ \ | (_______          
       |  __________|| |        | |    | |    | |        | | \________ \        
        \ \_________ | |        | |    | |     \ \______/ /___________) |       
         \__________||_|        |_|    |_|      \________//____________/        
                                                                                
====================================[ Qcore ]===================================

 Git describe: 2.3.0-1-g21d9df7e5
 Compiler:     GNU 9.1.0
 Build type:   Release
 Version:      2.3.0-1-g21d9df7e5

 Start time:   Tue Oct 26 08:23:38 2021

 Data directory: /work/zw18965/.local/qcore/share/entos/qcore/data
 Number of threads: 24
 Number of threads was determined by: command line argument
  - More threads can be used by running 'qcore -n 32'

 --------------------------------------------------------------------------------
                                   command: dft                                  
 --------------------------------------------------------------------------------
 AO basis set:                           def2-tzvppd
 Number of AO basis functions:        2079
 ECP on atom 1 (Rh):                     28 electrons

 Formula:                                C36H32P2ClRh
 Nuclear charge:                       340.000000000
 Total charge:                           0.000000000
 Number of core electrons:              28
 Number of treated electrons:          312

 Number of alpha electrons:            156
 Number of beta electrons:             156
 Number of unpaired electrons:           0
 Spin:                                   0
 Multiplicity:                           singlet

 Theory:                                 dft
 Exchange-correlation functional:        camb3lyp

 Using range separated hybrid functional
 Range separation parameter:             0.330000000
 Short range exact exchange:             0.190000000
 Total long range exact exchange:        0.650000000

 Method for Coulomb:                     incore_df
 Method for exact exchange:              pre_transformed_df
 Integral threshold:                     1.00e-12
 DF basis set:                           def2-universal-jkfit
 Number of DF basis functions:        3915
 Schwarz screening threshold:            1.00e-10
 Coulomb fitting method:                 Cholesky
 Total number of grid points:       463888
 Method for AO orthogonalization:        symmetric
 Threshold for linear dependence:        1.00e-08
 D3BJ dispersion energy:                -0.117211741

 -------------------------------------
  Running restricted closed-shell SCF 
 -------------------------------------
 Max number of iterations:             128
 Conv. threshold (gradient):             1.00e-05
 Conv. threshold (energy):               1.00e-06
 Interpolation scheme:                   adiis+cdiis
 Initial guess:                          SAD

 ---------------------------------------------------------------
                  energy        change          grad        time
 ---------------------------------------------------------------
   0     -2657.076066011                    3.44e+01       35.13
   1     -2643.991337688      1.31e+01      1.78e+00       25.05
   2     -2644.074764307     -8.34e-02      2.17e+00       26.12
   3     -2644.484551017     -4.10e-01      1.41e+00       24.80
   4     -2644.398628398      8.59e-02      3.71e+00       25.92
   5     -2644.512164786     -1.14e-01      4.72e-01       25.30
   6     -2644.514448181     -2.28e-03      2.95e-01       25.91
   7     -2644.517768144     -3.32e-03      5.07e-02       26.48
   8     -2644.517478623      2.90e-04      7.81e-02       26.45
   9     -2644.517953768     -4.75e-04      2.46e-03       26.20
  10     -2644.517954038     -2.70e-07      9.87e-04       25.63
  11     -2644.517954079     -4.03e-08      3.80e-04       25.09
  12     -2644.517954088     -9.14e-09      1.95e-04       26.07
  13     -2644.517954089     -1.10e-09      1.13e-04       25.44
  14     -2644.517954089     -1.66e-10      3.39e-05       25.32
  15     -2644.517954089     -9.41e-11      2.71e-05       27.11
  16     -2644.517954089      1.44e-10      9.47e-06       25.67

 SCF converged in 16 iterations.

 Dipole moment (in Debye):              -0.001205       3.229825       0.092020

 Quadrupole moment (in Debye-Angstrom):
                  1            2            3
 1      -239.828088    -0.104135    -0.099111
 2        -0.104135  -262.384656    -0.371582
 3        -0.099111    -0.371582  -254.202677

 Spin-squared expectation <S^2>:         0.000
 Total spin quantum number S:            0.000
 TOTAL ENERGY:                       -2644.517954089

 --------------------------------------------------------------------------------

 End time:                               Tue Oct 26 08:37:40 2021
 Total wall-clock time:                842.032 seconds
==================================================================================
