
================================================================================
          _____________ ________ _______________ ________     _________         
         / ___________// ______ \\_____   _____// ______ \   / ________)        
        / /_________  / /      \ \     | |     / /      \ \ | (_______          
       |  __________|| |        | |    | |    | |        | | \________ \        
        \ \_________ | |        | |    | |     \ \______/ /___________) |       
         \__________||_|        |_|    |_|      \________//____________/        
                                                                                
====================================[ Qcore ]===================================

 Git describe: 2.3.0-1-g21d9df7e5
 Compiler:     GNU 9.1.0
 Build type:   Release
 Version:      2.3.0-1-g21d9df7e5

 Start time:   Tue Oct 26 08:22:34 2021

 Data directory: /work/zw18965/.local/qcore/share/entos/qcore/data
 Number of threads: 24
 Number of threads was determined by: command line argument
  - More threads can be used by running 'qcore -n 32'

 --------------------------------------------------------------------------------
                                   command: dft                                  
 --------------------------------------------------------------------------------
 AO basis set:                           def2-tzvppd
 Number of AO basis functions:         312

 Formula:                                C3H9P
 Nuclear charge:                        42.000000000
 Total charge:                           0.000000000
 Number of electrons:                   42.000000000

 Number of alpha electrons:             21
 Number of beta electrons:              21
 Number of unpaired electrons:           0
 Spin:                                   0
 Multiplicity:                           singlet

 Theory:                                 dft
 Exchange-correlation functional:        camb3lyp

 Using range separated hybrid functional
 Range separation parameter:             0.330000000
 Short range exact exchange:             0.190000000
 Total long range exact exchange:        0.650000000

 Method for Coulomb:                     incore_df
 Method for exact exchange:              pre_transformed_df
 Integral threshold:                     1.00e-12
 DF basis set:                           def2-universal-jkfit
 Number of DF basis functions:         515
 Schwarz screening threshold:            1.00e-10
 Coulomb fitting method:                 Cholesky
 Total number of grid points:        80760
 Method for AO orthogonalization:        symmetric
 Threshold for linear dependence:        1.00e-08
 D3BJ dispersion energy:                -0.007853947

 -------------------------------------
  Running restricted closed-shell SCF 
 -------------------------------------
 Max number of iterations:             128
 Conv. threshold (gradient):             1.00e-05
 Conv. threshold (energy):               1.00e-06
 Interpolation scheme:                   adiis+cdiis
 Initial guess:                          SAD

 ---------------------------------------------------------------
                  energy        change          grad        time
 ---------------------------------------------------------------
   0      -461.684204950                    1.80e+01        0.14
   1      -460.994590071      6.90e-01      1.42e+00        0.14
   2      -461.011311886     -1.67e-02      1.19e+00        0.12
   3      -461.094903104     -8.36e-02      1.10e-01        0.12
   4      -461.095094126     -1.91e-04      1.01e-01        0.12
   5      -461.095691590     -5.97e-04      1.61e-02        0.12
   6      -461.095694731     -3.14e-06      1.47e-02        0.13
   7      -461.095706770     -1.20e-05      4.24e-04        0.13
   8      -461.095706779     -9.34e-09      1.56e-04        0.13
   9      -461.095706781     -1.23e-09      2.66e-05        0.14
  10      -461.095706781     -5.74e-11      5.24e-06        0.12

 SCF converged in 10 iterations.

 Dipole moment (in Debye):              -0.000115       0.000214       1.236077

 Quadrupole moment (in Debye-Angstrom):
                  1            2            3
 1       -34.094562    -0.000308     0.000010
 2        -0.000308   -34.094571    -0.000021
 3         0.000010    -0.000021   -38.511931

 Spin-squared expectation <S^2>:         0.000
 Total spin quantum number S:            0.000
 TOTAL ENERGY:                        -461.095706781

 --------------------------------------------------------------------------------

 End time:                               Tue Oct 26 08:22:37 2021
 Total wall-clock time:                  3.007 seconds
==================================================================================
