
================================================================================
          _____________ ________ _______________ ________     _________         
         / ___________// ______ \\_____   _____// ______ \   / ________)        
        / /_________  / /      \ \     | |     / /      \ \ | (_______          
       |  __________|| |        | |    | |    | |        | | \________ \        
        \ \_________ | |        | |    | |     \ \______/ /___________) |       
         \__________||_|        |_|    |_|      \________//____________/        
                                                                                
====================================[ Qcore ]===================================

 Git describe: 2.3.0-1-g21d9df7e5
 Compiler:     GNU 9.1.0
 Build type:   Release
 Version:      2.3.0-1-g21d9df7e5

 Start time:   Tue Oct 26 08:24:55 2021

 Data directory: /work/zw18965/.local/qcore/share/entos/qcore/data
 Number of threads: 24
 Number of threads was determined by: command line argument

 --------------------------------------------------------------------------------
                                   command: dft                                  
 --------------------------------------------------------------------------------
 AO basis set:                           def2-tzvppd
 Number of AO basis functions:         959
 ECP on atom 21 (Pd):                    28 electrons
 ECP on atom 30 (I):                     28 electrons

 Formula:                                C13H17N2PdI
 Nuclear charge:                       208.000000000
 Total charge:                           0.000000000
 Number of core electrons:              56
 Number of treated electrons:          152

 Number of alpha electrons:             76
 Number of beta electrons:              76
 Number of unpaired electrons:           0
 Spin:                                   0
 Multiplicity:                           singlet

 Theory:                                 dft
 Exchange-correlation functional:        camb3lyp

 Using range separated hybrid functional
 Range separation parameter:             0.330000000
 Short range exact exchange:             0.190000000
 Total long range exact exchange:        0.650000000

 Method for Coulomb:                     incore_df
 Method for exact exchange:              pre_transformed_df
 Integral threshold:                     1.00e-12
 DF basis set:                           def2-universal-jkfit
 Number of DF basis functions:        1908
 Schwarz screening threshold:            1.00e-10
 Coulomb fitting method:                 Cholesky
 Total number of grid points:       219414
 Method for AO orthogonalization:        symmetric
 Threshold for linear dependence:        1.00e-08
 D3BJ dispersion energy:                -0.048162019

 -------------------------------------
  Running restricted closed-shell SCF 
 -------------------------------------
 Max number of iterations:             128
 Conv. threshold (gradient):             1.00e-05
 Conv. threshold (energy):               1.00e-06
 Interpolation scheme:                   adiis+cdiis
 Initial guess:                          SAD

 ---------------------------------------------------------------
                  energy        change          grad        time
 ---------------------------------------------------------------
   0     -1045.038850572                    3.18e+01        4.32
   1     -1039.902035846      5.14e+00      9.17e+00        3.23
   2     -1038.380984186      1.52e+00      1.17e+01        2.95
   3     -1040.544192217     -2.16e+00      3.11e+00        2.99
   4     -1040.524460225      1.97e-02      3.93e+00        2.76
   5     -1040.654417136     -1.30e-01      2.72e-01        2.80
   6     -1040.652321863      2.10e-03      5.91e-01        2.71
   7     -1040.656288954     -3.97e-03      1.14e-01        3.03
   8     -1040.655661213      6.28e-04      2.71e-01        3.02
   9     -1040.656532157     -8.71e-04      2.16e-02        3.10
  10     -1040.656530781      1.38e-06      3.62e-02        3.23
  11     -1040.656564035     -3.33e-05      5.05e-04        2.98
  12     -1040.656564056     -2.10e-08      2.18e-04        2.65
  13     -1040.656564059     -3.00e-09      1.01e-04        2.81
  14     -1040.656564060     -6.01e-10      3.64e-05        2.69
  15     -1040.656564060     -7.53e-11      1.56e-05        2.74
  16     -1040.656564060      1.84e-11      7.24e-06        2.65

 SCF converged in 16 iterations.

 Dipole moment (in Debye):              -8.855790       0.435259       2.972875

 Quadrupole moment (in Debye-Angstrom):
                  1            2            3
 1      -125.659107     0.489074    12.118783
 2         0.489074  -112.424583     2.499760
 3        12.118783     2.499760  -154.204830

 Spin-squared expectation <S^2>:         0.000
 Total spin quantum number S:            0.000
 TOTAL ENERGY:                       -1040.656564060

 --------------------------------------------------------------------------------

 End time:                               Tue Oct 26 08:38:15 2021
 Total wall-clock time:                800.134 seconds
==================================================================================
