
================================================================================
          _____________ ________ _______________ ________     _________         
         / ___________// ______ \\_____   _____// ______ \   / ________)        
        / /_________  / /      \ \     | |     / /      \ \ | (_______          
       |  __________|| |        | |    | |    | |        | | \________ \        
        \ \_________ | |        | |    | |     \ \______/ /___________) |       
         \__________||_|        |_|    |_|      \________//____________/        
                                                                                
====================================[ Qcore ]===================================

 Git describe: 2.3.0-1-g21d9df7e5
 Compiler:     GNU 9.1.0
 Build type:   Release
 Version:      2.3.0-1-g21d9df7e5

 Start time:   Tue Oct 26 08:22:08 2021

 Data directory: /work/zw18965/.local/qcore/share/entos/qcore/data
 Number of threads: 24
 Number of threads was determined by: command line argument

 --------------------------------------------------------------------------------
                                   command: dft                                  
 --------------------------------------------------------------------------------
 AO basis set:                           def2-tzvppd
 Number of AO basis functions:        1275

 Formula:                                C18H33P
 Nuclear charge:                       156.000000000
 Total charge:                           0.000000000
 Number of electrons:                  156.000000000

 Number of alpha electrons:             78
 Number of beta electrons:              78
 Number of unpaired electrons:           0
 Spin:                                   0
 Multiplicity:                           singlet

 Theory:                                 dft
 Exchange-correlation functional:        camb3lyp

 Using range separated hybrid functional
 Range separation parameter:             0.330000000
 Short range exact exchange:             0.190000000
 Total long range exact exchange:        0.650000000

 Method for Coulomb:                     incore_df
 Method for exact exchange:              pre_transformed_df
 Integral threshold:                     1.00e-12
 DF basis set:                           def2-universal-jkfit
 Number of DF basis functions:        2072
 Schwarz screening threshold:            1.00e-10
 Coulomb fitting method:                 Cholesky
 Total number of grid points:       324120
 Method for AO orthogonalization:        symmetric
 Threshold for linear dependence:        1.00e-08
 D3BJ dispersion energy:                -0.054902856

 -------------------------------------
  Running restricted closed-shell SCF 
 -------------------------------------
 Max number of iterations:             128
 Conv. threshold (gradient):             1.00e-05
 Conv. threshold (energy):               1.00e-06
 Interpolation scheme:                   adiis+cdiis
 Initial guess:                          SAD

 ---------------------------------------------------------------
                  energy        change          grad        time
 ---------------------------------------------------------------
   0     -1053.031416212                    2.75e+01        8.02
   1     -1046.725405011      6.31e+00      1.59e+00        6.38
   2     -1046.720181501      5.22e-03      1.55e+00        5.76
   3     -1047.073175395     -3.53e-01      2.45e-01        5.87
   4     -1047.073544361     -3.69e-04      2.27e-01        6.19
   5     -1047.076343022     -2.80e-03      4.06e-02        5.99
   6     -1047.076333753      9.27e-06      4.42e-02        5.78
   7     -1047.076416901     -8.31e-05      3.88e-03        6.21
   8     -1047.076417182     -2.81e-07      6.86e-04        5.85
   9     -1047.076417194     -1.21e-08      2.69e-04        6.00
  10     -1047.076417197     -2.35e-09      6.91e-05        5.94
  11     -1047.076417197     -1.01e-10      1.79e-05        5.78
  12     -1047.076417197     -1.80e-11      6.78e-06        5.82

 SCF converged in 12 iterations.

 Dipole moment (in Debye):               0.129360       0.108708       1.312844

 Quadrupole moment (in Debye-Angstrom):
                  1            2            3
 1      -129.554930     0.177273    -0.311062
 2         0.177273  -129.826181    -0.539549
 3        -0.311062    -0.539549  -135.549554

 Spin-squared expectation <S^2>:         0.000
 Total spin quantum number S:            0.000
 TOTAL ENERGY:                       -1047.076417197

 --------------------------------------------------------------------------------

 End time:                               Tue Oct 26 08:24:09 2021
 Total wall-clock time:                121.128 seconds
==================================================================================
