
================================================================================
          _____________ ________ _______________ ________     _________         
         / ___________// ______ \\_____   _____// ______ \   / ________)        
        / /_________  / /      \ \     | |     / /      \ \ | (_______          
       |  __________|| |        | |    | |    | |        | | \________ \        
        \ \_________ | |        | |    | |     \ \______/ /___________) |       
         \__________||_|        |_|    |_|      \________//____________/        
                                                                                
====================================[ Qcore ]===================================

 Git describe: 2.3.0-1-g21d9df7e5
 Compiler:     GNU 9.1.0
 Build type:   Release
 Version:      2.3.0-1-g21d9df7e5

 Start time:   Tue Oct 26 08:31:33 2021

 Data directory: /work/zw18965/.local/qcore/share/entos/qcore/data
 Number of threads: 24
 Number of threads was determined by: command line argument
  - More threads can be used by running 'qcore -n 32'

 --------------------------------------------------------------------------------
                                   command: dft                                  
 --------------------------------------------------------------------------------
 AO basis set:                           def2-tzvppd
 Number of AO basis functions:        1685
 ECP on atom 1 (Ru):                     28 electrons

 Formula:                                C18H42P4SeRu
 Nuclear charge:                       288.000000000
 Total charge:                           0.000000000
 Number of core electrons:              28
 Number of treated electrons:          260

 Number of alpha electrons:            130
 Number of beta electrons:             130
 Number of unpaired electrons:           0
 Spin:                                   0
 Multiplicity:                           singlet

 Theory:                                 dft
 Exchange-correlation functional:        camb3lyp

 Using range separated hybrid functional
 Range separation parameter:             0.330000000
 Short range exact exchange:             0.190000000
 Total long range exact exchange:        0.650000000

 Method for Coulomb:                     incore_df
 Method for exact exchange:              pre_transformed_df
 Integral threshold:                     1.00e-12
 DF basis set:                           def2-universal-jkfit
 Number of DF basis functions:        3139
 Schwarz screening threshold:            1.00e-10
 Coulomb fitting method:                 Cholesky
 Total number of grid points:       415566
 Method for AO orthogonalization:        symmetric
 Threshold for linear dependence:        1.00e-08
 D3BJ dispersion energy:                -0.111858803

 -------------------------------------
  Running restricted closed-shell SCF 
 -------------------------------------
 Max number of iterations:             128
 Conv. threshold (gradient):             1.00e-05
 Conv. threshold (energy):               1.00e-06
 Interpolation scheme:                   adiis+cdiis
 Initial guess:                          SAD

 ---------------------------------------------------------------
                  energy        change          grad        time
 ---------------------------------------------------------------
   0     -4579.168947355                    4.14e+01       25.18
   1     -4572.872613681      6.30e+00      1.98e+00       20.66
   2     -4572.991546818     -1.19e-01      1.70e+00       19.35
   3     -4573.347238338     -3.56e-01      1.54e+00       19.31
   4     -4573.252698785      9.45e-02      4.40e+00       19.30
   5     -4573.365686370     -1.13e-01      6.67e-01       19.65
   6     -4573.370568929     -4.88e-03      3.85e-01       20.22
   7     -4573.371537179     -9.68e-04      3.63e-01       21.30
   8     -4573.372073011     -5.36e-04      2.57e-01       20.43
   9     -4573.372236013     -1.63e-04      1.67e-01       22.31
  10     -4573.372369359     -1.33e-04      4.86e-02       20.93
  11     -4573.372388857     -1.95e-05      6.27e-02       20.96
  12     -4573.372434639     -4.58e-05      2.85e-04       21.15
  13     -4573.372434641     -2.84e-09      9.85e-05       23.25
  14     -4573.372434642     -2.87e-10      4.45e-05       20.44
  15     -4573.372434642     -3.55e-11      2.16e-05       23.30
  16     -4573.372434642     -4.00e-11      1.03e-05       19.59
  17     -4573.372434642     -1.73e-11      4.27e-06       20.91

 SCF converged in 17 iterations.

 Dipole moment (in Debye):               6.252016      -0.319535       1.085952

 Quadrupole moment (in Debye-Angstrom):
                  1            2            3
 1      -215.888687     0.443729    -1.599830
 2         0.443729  -205.286308     0.325694
 3        -1.599830     0.325694  -208.034379

 Spin-squared expectation <S^2>:         0.000
 Total spin quantum number S:            0.000
 TOTAL ENERGY:                       -4573.372434642

 --------------------------------------------------------------------------------

 End time:                               Tue Oct 26 08:45:02 2021
 Total wall-clock time:                809.175 seconds
==================================================================================
