
================================================================================
          _____________ ________ _______________ ________     _________         
         / ___________// ______ \\_____   _____// ______ \   / ________)        
        / /_________  / /      \ \     | |     / /      \ \ | (_______          
       |  __________|| |        | |    | |    | |        | | \________ \        
        \ \_________ | |        | |    | |     \ \______/ /___________) |       
         \__________||_|        |_|    |_|      \________//____________/        
                                                                                
====================================[ Qcore ]===================================

 Git describe: 2.3.0-1-g21d9df7e5
 Compiler:     GNU 9.1.0
 Build type:   Release
 Version:      2.3.0-1-g21d9df7e5

 Start time:   Tue Oct 26 08:23:56 2021

 Data directory: /work/zw18965/.local/qcore/share/entos/qcore/data
 Number of threads: 24
 Number of threads was determined by: command line argument
  - More threads can be used by running 'qcore -n 32'

 --------------------------------------------------------------------------------
                                   command: dft                                  
 --------------------------------------------------------------------------------
 AO basis set:                           def2-tzvppd
 Number of AO basis functions:        1027
 ECP on atom 1 (Ir):                     60 electrons

 Formula:                                C9H21O2P2Cl2Ir
 Nuclear charge:                       232.000000000
 Total charge:                           0.000000000
 Number of core electrons:              60
 Number of treated electrons:          172

 Number of alpha electrons:             86
 Number of beta electrons:              86
 Number of unpaired electrons:           0
 Spin:                                   0
 Multiplicity:                           singlet

 Theory:                                 dft
 Exchange-correlation functional:        camb3lyp

 Using range separated hybrid functional
 Range separation parameter:             0.330000000
 Short range exact exchange:             0.190000000
 Total long range exact exchange:        0.650000000

 Method for Coulomb:                     incore_df
 Method for exact exchange:              pre_transformed_df
 Integral threshold:                     1.00e-12
 DF basis set:                           def2-universal-jkfit
 Number of DF basis functions:        1946
 Schwarz screening threshold:            1.00e-10
 Coulomb fitting method:                 Cholesky
 Total number of grid points:       237586
 Method for AO orthogonalization:        symmetric
 Threshold for linear dependence:        1.00e-08
 D3BJ dispersion energy:                -0.058493558

 -------------------------------------
  Running restricted closed-shell SCF 
 -------------------------------------
 Max number of iterations:             128
 Conv. threshold (gradient):             1.00e-05
 Conv. threshold (energy):               1.00e-06
 Interpolation scheme:                   adiis+cdiis
 Initial guess:                          SAD

 ---------------------------------------------------------------
                  energy        change          grad        time
 ---------------------------------------------------------------
   0     -2216.453907316                    1.33e+02        5.65
   1     -2213.285569308      3.17e+00      4.04e+00        4.18
   2     -2211.493049933      1.79e+00      1.19e+01        3.98
   3     -2213.716713936     -2.22e+00      1.80e+00        4.20
   4     -2213.726379759     -9.67e-03      2.36e+00        4.20
   5     -2213.796086660     -6.97e-02      1.29e+00        4.23
   6     -2213.787662430      8.42e-03      1.53e+00        4.29
   7     -2213.811648481     -2.40e-02      1.52e-01        4.38
   8     -2213.809599265      2.05e-03      3.87e-01        4.41
   9     -2213.812162165     -2.56e-03      6.60e-02        4.58
  10     -2213.812267441     -1.05e-04      4.05e-02        5.96
  11     -2213.812321618     -5.42e-05      1.54e-03        4.32
  12     -2213.812321752     -1.35e-07      4.13e-04        4.22
  13     -2213.812321762     -1.02e-08      2.00e-04        4.30
  14     -2213.812321763     -8.89e-10      9.67e-05        4.34
  15     -2213.812321764     -2.16e-10      3.70e-05        4.09
  16     -2213.812321764     -5.46e-11      9.34e-06        4.18

 SCF converged in 16 iterations.

 Dipole moment (in Debye):               0.325189       1.914275       0.567834

 Quadrupole moment (in Debye-Angstrom):
                  1            2            3
 1      -112.584388     4.648664     1.229643
 2         4.648664  -160.021948    -6.675216
 3         1.229643    -6.675216  -158.806113

 Spin-squared expectation <S^2>:         0.000
 Total spin quantum number S:            0.000
 TOTAL ENERGY:                       -2213.812321764

 --------------------------------------------------------------------------------

 End time:                               Tue Oct 26 08:26:19 2021
 Total wall-clock time:                143.259 seconds
==================================================================================
