
================================================================================
          _____________ ________ _______________ ________     _________         
         / ___________// ______ \\_____   _____// ______ \   / ________)        
        / /_________  / /      \ \     | |     / /      \ \ | (_______          
       |  __________|| |        | |    | |    | |        | | \________ \        
        \ \_________ | |        | |    | |     \ \______/ /___________) |       
         \__________||_|        |_|    |_|      \________//____________/        
                                                                                
====================================[ Qcore ]===================================

 Git describe: 2.3.0-1-g21d9df7e5
 Compiler:     GNU 9.1.0
 Build type:   Release
 Version:      2.3.0-1-g21d9df7e5

 Start time:   Tue Oct 26 08:27:10 2021

 Data directory: /work/zw18965/.local/qcore/share/entos/qcore/data
 Number of threads: 24
 Number of threads was determined by: command line argument
  - More threads can be used by running 'qcore -n 32'

 --------------------------------------------------------------------------------
                                   command: dft                                  
 --------------------------------------------------------------------------------
 AO basis set:                           def2-tzvppd
 Number of AO basis functions:        1322
 ECP on atom 25 (Ru):                    28 electrons

 Formula:                                C16H31P2ClRu
 Nuclear charge:                       218.000000000
 Total charge:                           0.000000000
 Number of core electrons:              28
 Number of treated electrons:          190

 Number of alpha electrons:             95
 Number of beta electrons:              95
 Number of unpaired electrons:           0
 Spin:                                   0
 Multiplicity:                           singlet

 Theory:                                 dft
 Exchange-correlation functional:        camb3lyp

 Using range separated hybrid functional
 Range separation parameter:             0.330000000
 Short range exact exchange:             0.190000000
 Total long range exact exchange:        0.650000000

 Method for Coulomb:                     incore_df
 Method for exact exchange:              pre_transformed_df
 Integral threshold:                     1.00e-12
 DF basis set:                           def2-universal-jkfit
 Number of DF basis functions:        2397
 Schwarz screening threshold:            1.00e-10
 Coulomb fitting method:                 Cholesky
 Total number of grid points:       321998
 Method for AO orthogonalization:        symmetric
 Threshold for linear dependence:        1.00e-08
 D3BJ dispersion energy:                -0.077401622

 -------------------------------------
  Running restricted closed-shell SCF 
 -------------------------------------
 Max number of iterations:             128
 Conv. threshold (gradient):             1.00e-05
 Conv. threshold (energy):               1.00e-06
 Interpolation scheme:                   adiis+cdiis
 Initial guess:                          SAD

 ---------------------------------------------------------------
                  energy        change          grad        time
 ---------------------------------------------------------------
   0     -1871.920612740                    4.75e+01       11.51
   1     -1865.936875466      5.98e+00      2.16e+00        8.67
   2     -1865.889008890      4.79e-02      4.83e+00        8.12
   3     -1866.207115823     -3.18e-01      4.40e+00        8.79
   4     -1866.008349902      1.99e-01      7.18e+00        8.66
   5     -1866.302193772     -2.94e-01      1.41e+00        8.82
   6     -1866.306737414     -4.54e-03      1.13e+00        9.50
   7     -1866.318778433     -1.20e-02      9.63e-02        8.78
   8     -1866.318454831      3.24e-04      1.59e-01        9.88
   9     -1866.319024412     -5.70e-04      6.81e-03        9.19
  10     -1866.319026565     -2.15e-06      3.45e-03        8.77
  11     -1866.319026973     -4.08e-07      1.26e-03        8.97
  12     -1866.319027043     -7.07e-08      7.45e-04        9.02
  13     -1866.319027062     -1.85e-08      3.62e-04        8.67
  14     -1866.319027067     -4.59e-09      1.16e-04        8.89
  15     -1866.319027067     -4.87e-10      5.31e-05        8.92
  16     -1866.319027067     -1.25e-10      2.45e-05        9.26
  17     -1866.319027067     -2.55e-11      1.66e-05        9.14
  18     -1866.319027067     -1.30e-11      1.66e-05        9.05
  19     -1866.319027067     -1.68e-11      4.72e-06       10.51

 SCF converged in 19 iterations.

 Dipole moment (in Debye):              -1.244668       0.438392       4.793698

 Quadrupole moment (in Debye-Angstrom):
                  1            2            3
 1      -155.430412     0.068642    -3.068056
 2         0.068642  -153.754856    -1.976855
 3        -3.068056    -1.976855  -174.190608

 Spin-squared expectation <S^2>:         0.000
 Total spin quantum number S:            0.000
 TOTAL ENERGY:                       -1866.319027067

 --------------------------------------------------------------------------------

 End time:                               Tue Oct 26 08:31:29 2021
 Total wall-clock time:                258.832 seconds
==================================================================================
