
================================================================================
          _____________ ________ _______________ ________     _________         
         / ___________// ______ \\_____   _____// ______ \   / ________)        
        / /_________  / /      \ \     | |     / /      \ \ | (_______          
       |  __________|| |        | |    | |    | |        | | \________ \        
        \ \_________ | |        | |    | |     \ \______/ /___________) |       
         \__________||_|        |_|    |_|      \________//____________/        
                                                                                
====================================[ Qcore ]===================================

 Git describe: 2.3.0-1-g21d9df7e5
 Compiler:     GNU 9.1.0
 Build type:   Release
 Version:      2.3.0-1-g21d9df7e5

 Start time:   Tue Oct 26 08:23:19 2021

 Data directory: /work/zw18965/.local/qcore/share/entos/qcore/data
 Number of threads: 24
 Number of threads was determined by: command line argument
  - More threads can be used by running 'qcore -n 32'

 --------------------------------------------------------------------------------
                                   command: dft                                  
 --------------------------------------------------------------------------------
 AO basis set:                           def2-tzvppd
 Number of AO basis functions:         594

 Formula:                                C7H4O5Cr
 Nuclear charge:                       110.000000000
 Total charge:                           0.000000000
 Number of electrons:                  110.000000000

 Number of alpha electrons:             55
 Number of beta electrons:              55
 Number of unpaired electrons:           0
 Spin:                                   0
 Multiplicity:                           singlet

 Theory:                                 dft
 Exchange-correlation functional:        camb3lyp

 Using range separated hybrid functional
 Range separation parameter:             0.330000000
 Short range exact exchange:             0.190000000
 Total long range exact exchange:        0.650000000

 Method for Coulomb:                     incore_df
 Method for exact exchange:              pre_transformed_df
 Integral threshold:                     1.00e-12
 DF basis set:                           def2-universal-jkfit
 Number of DF basis functions:        1246
 Schwarz screening threshold:            1.00e-10
 Coulomb fitting method:                 Cholesky
 Total number of grid points:       113708
 Method for AO orthogonalization:        symmetric
 Threshold for linear dependence:        1.00e-08
 D3BJ dispersion energy:                -0.020342368

 -------------------------------------
  Running restricted closed-shell SCF 
 -------------------------------------
 Max number of iterations:             128
 Conv. threshold (gradient):             1.00e-05
 Conv. threshold (energy):               1.00e-06
 Interpolation scheme:                   adiis+cdiis
 Initial guess:                          SAD

 ---------------------------------------------------------------
                  energy        change          grad        time
 ---------------------------------------------------------------
   0     -1691.755222925                    3.13e+01        0.88
   1     -1688.712998590      3.04e+00      6.79e+00        0.76
   2     -1664.809305732      2.39e+01      3.55e+01        0.75
   3     -1685.871050037     -2.11e+01      1.95e+01        0.77
   4     -1689.698532927     -3.83e+00      2.13e+00        0.71
   5     -1689.739332330     -4.08e-02      1.47e+00        0.76
   6     -1689.855326662     -1.16e-01      8.11e-01        0.76
   7     -1689.706453783      1.49e-01      3.56e+00        0.74
   8     -1689.850064307     -1.44e-01      1.02e+00        0.78
   9     -1689.866627424     -1.66e-02      4.45e-02        0.81
  10     -1689.866500834      1.27e-04      9.83e-02        0.84
  11     -1689.866725563     -2.25e-04      5.01e-03        0.84
  12     -1689.866727737     -2.17e-06      1.76e-03        0.75
  13     -1689.866727955     -2.18e-07      5.68e-04        0.74
  14     -1689.866727985     -2.96e-08      3.09e-04        0.76
  15     -1689.866727991     -5.92e-09      1.15e-04        0.70
  16     -1689.866727993     -2.42e-09      7.56e-05        0.73
  17     -1689.866727994     -2.98e-10      4.23e-05        0.74
  18     -1689.866727994     -3.39e-11      9.78e-06        0.77

 SCF converged in 18 iterations.

 Dipole moment (in Debye):              -0.001905       0.002888      -2.807470

 Quadrupole moment (in Debye-Angstrom):
                  1            2            3
 1       -88.775503    -0.000047     0.002500
 2        -0.000047   -88.555040    -0.004281
 3         0.002500    -0.004281   -83.008839

 Spin-squared expectation <S^2>:         0.000
 Total spin quantum number S:            0.000
 TOTAL ENERGY:                       -1689.866727994

 --------------------------------------------------------------------------------

 End time:                               Tue Oct 26 08:23:52 2021
 Total wall-clock time:                 33.550 seconds
==================================================================================
