
================================================================================
          _____________ ________ _______________ ________     _________         
         / ___________// ______ \\_____   _____// ______ \   / ________)        
        / /_________  / /      \ \     | |     / /      \ \ | (_______          
       |  __________|| |        | |    | |    | |        | | \________ \        
        \ \_________ | |        | |    | |     \ \______/ /___________) |       
         \__________||_|        |_|    |_|      \________//____________/        
                                                                                
====================================[ Qcore ]===================================

 Git describe: 2.3.0-1-g21d9df7e5
 Compiler:     GNU 9.1.0
 Build type:   Release
 Version:      2.3.0-1-g21d9df7e5

 Start time:   Tue Oct 26 08:34:08 2021

 Data directory: /work/zw18965/.local/qcore/share/entos/qcore/data
 Number of threads: 24
 Number of threads was determined by: command line argument

 --------------------------------------------------------------------------------
                                   command: dft                                  
 --------------------------------------------------------------------------------
 AO basis set:                           def2-tzvppd
 Number of AO basis functions:         714
 ECP on atom 1 (Mo):                     28 electrons
 ECP on atom 22 (I):                     28 electrons
 ECP on atom 23 (I):                     28 electrons

 Formula:                                C10H10MoI2
 Nuclear charge:                       218.000000000
 Total charge:                           0.000000000
 Number of core electrons:              84
 Number of treated electrons:          134

 Number of alpha electrons:             67
 Number of beta electrons:              67
 Number of unpaired electrons:           0
 Spin:                                   0
 Multiplicity:                           singlet

 Theory:                                 dft
 Exchange-correlation functional:        camb3lyp

 Using range separated hybrid functional
 Range separation parameter:             0.330000000
 Short range exact exchange:             0.190000000
 Total long range exact exchange:        0.650000000

 Method for Coulomb:                     incore_df
 Method for exact exchange:              pre_transformed_df
 Integral threshold:                     1.00e-12
 DF basis set:                           def2-universal-jkfit
 Number of DF basis functions:        1621
 Schwarz screening threshold:            1.00e-10
 Coulomb fitting method:                 Cholesky
 Total number of grid points:       152910
 Method for AO orthogonalization:        symmetric
 Threshold for linear dependence:        1.00e-08
 D3BJ dispersion energy:                -0.040686923

 -------------------------------------
  Running restricted closed-shell SCF 
 -------------------------------------
 Max number of iterations:             128
 Conv. threshold (gradient):             1.00e-05
 Conv. threshold (energy):               1.00e-06
 Interpolation scheme:                   adiis+cdiis
 Initial guess:                          SAD

 ---------------------------------------------------------------
                  energy        change          grad        time
 ---------------------------------------------------------------
   0     -1054.621219251                    4.03e+01        1.96
   1     -1050.050317863      4.57e+00      7.49e+00        1.48
   2     -1044.008786639      6.04e+00      2.65e+01        1.34
   3     -1050.115347778     -6.11e+00      8.31e+00        1.31
   4     -1050.695853318     -5.81e-01      1.60e+00        1.36
   5     -1050.585722448      1.10e-01      3.45e+00        1.34
   6     -1050.710089762     -1.24e-01      8.58e-01        1.46
   7     -1050.717616578     -7.53e-03      4.81e-01        1.35
   8     -1050.718705824     -1.09e-03      2.92e-01        1.50
   9     -1050.719636071     -9.30e-04      1.05e-01        1.42
  10     -1050.719583735      5.23e-05      1.13e-01        1.48
  11     -1050.719736975     -1.53e-04      7.16e-03        1.58
  12     -1050.719739167     -2.19e-06      4.93e-03        1.50
  13     -1050.719741112     -1.94e-06      1.08e-03        1.38
  14     -1050.719741180     -6.80e-08      2.92e-04        1.38
  15     -1050.719741183     -3.65e-09      1.60e-04        1.38
  16     -1050.719741184     -7.74e-10      2.49e-05        1.64
  17     -1050.719741184     -4.55e-11      1.22e-05        1.45
  18     -1050.719741184     -2.96e-12      4.82e-06        1.43

 SCF converged in 18 iterations.

 Dipole moment (in Debye):               0.009297       7.548642       0.003614

 Quadrupole moment (in Debye-Angstrom):
                  1            2            3
 1      -141.455695     0.013574     0.399271
 2         0.013574  -129.681963    -0.000714
 3         0.399271    -0.000714  -128.550513

 Spin-squared expectation <S^2>:         0.000
 Total spin quantum number S:            0.000
 TOTAL ENERGY:                       -1050.719741184

 --------------------------------------------------------------------------------

 End time:                               Tue Oct 26 08:41:17 2021
 Total wall-clock time:                428.891 seconds
==================================================================================
