
================================================================================
          _____________ ________ _______________ ________     _________         
         / ___________// ______ \\_____   _____// ______ \   / ________)        
        / /_________  / /      \ \     | |     / /      \ \ | (_______          
       |  __________|| |        | |    | |    | |        | | \________ \        
        \ \_________ | |        | |    | |     \ \______/ /___________) |       
         \__________||_|        |_|    |_|      \________//____________/        
                                                                                
====================================[ Qcore ]===================================

 Git describe: 2.3.0-1-g21d9df7e5
 Compiler:     GNU 9.1.0
 Build type:   Release
 Version:      2.3.0-1-g21d9df7e5

 Start time:   Tue Oct 26 08:38:19 2021

 Data directory: /work/zw18965/.local/qcore/share/entos/qcore/data
 Number of threads: 24
 Number of threads was determined by: command line argument

 --------------------------------------------------------------------------------
                                   command: dft                                  
 --------------------------------------------------------------------------------
 AO basis set:                           def2-tzvppd
 Number of AO basis functions:         773
 ECP on atom 1 (Mo):                     28 electrons

 Formula:                                C9H9N3O3Mo
 Nuclear charge:                       150.000000000
 Total charge:                           0.000000000
 Number of core electrons:              28
 Number of treated electrons:          122

 Number of alpha electrons:             61
 Number of beta electrons:              61
 Number of unpaired electrons:           0
 Spin:                                   0
 Multiplicity:                           singlet

 Theory:                                 dft
 Exchange-correlation functional:        camb3lyp

 Using range separated hybrid functional
 Range separation parameter:             0.330000000
 Short range exact exchange:             0.190000000
 Total long range exact exchange:        0.650000000

 Method for Coulomb:                     incore_df
 Method for exact exchange:              pre_transformed_df
 Integral threshold:                     1.00e-12
 DF basis set:                           def2-universal-jkfit
 Number of DF basis functions:        1554
 Schwarz screening threshold:            1.00e-10
 Coulomb fitting method:                 Cholesky
 Total number of grid points:       163712
 Method for AO orthogonalization:        symmetric
 Threshold for linear dependence:        1.00e-08
 D3BJ dispersion energy:                -0.026809242

 -------------------------------------
  Running restricted closed-shell SCF 
 -------------------------------------
 Max number of iterations:             128
 Conv. threshold (gradient):             1.00e-05
 Conv. threshold (energy):               1.00e-06
 Interpolation scheme:                   adiis+cdiis
 Initial guess:                          SAD

 ---------------------------------------------------------------
                  energy        change          grad        time
 ---------------------------------------------------------------
   0      -808.839933924                    2.50e+01        1.73
   1      -809.797325081     -9.57e-01      6.12e+00        1.35
   2      -802.434893031      7.36e+00      2.28e+01        1.31
   3      -809.860965392     -7.43e+00      5.98e+00        1.33
   4      -810.465966159     -6.05e-01      9.17e-01        1.38
   5      -810.397317474      6.86e-02      1.84e+00        1.34
   6      -810.490688791     -9.34e-02      3.22e-01        1.40
   7      -810.490252651      4.36e-04      3.27e-01        1.37
   8      -810.494889134     -4.64e-03      1.03e-01        1.43
   9      -810.494199661      6.89e-04      2.08e-01        1.49
  10      -810.495059761     -8.60e-04      3.84e-02        1.42
  11      -810.495081704     -2.19e-05      3.31e-02        1.57
  12      -810.495110469     -2.88e-05      1.13e-03        1.48
  13      -810.495110519     -5.02e-08      6.40e-04        1.39
  14      -810.495110548     -2.90e-08      3.20e-04        1.38
  15      -810.495110566     -1.79e-08      2.79e-04        1.38
  16      -810.495110569     -2.61e-09      2.62e-04        1.31
  17      -810.495110585     -1.58e-08      2.40e-04        1.39
  18      -810.495110616     -3.15e-08      2.21e-04        1.28
  19      -810.495110662     -4.57e-08      1.85e-04        1.30
  20      -810.495110705     -4.34e-08      1.09e-04        1.32
  21      -810.495110722     -1.67e-08      9.37e-05        1.33
  22      -810.495110720      1.78e-09      1.04e-04        1.37
  23      -810.495110725     -4.79e-09      9.10e-05        1.39
  24      -810.495110717      7.74e-09      9.42e-05        1.30
  25      -810.495110727     -9.37e-09      9.06e-05        1.36
  26      -810.495110706      2.08e-08      6.79e-05        1.34
  27      -810.495110695      1.13e-08      4.47e-05        1.33
  28      -810.495110684      1.08e-08      1.40e-05        1.38
  29      -810.495110690     -6.17e-09      9.96e-06        1.38

 SCF converged in 29 iterations.

 Dipole moment (in Debye):               1.636449      -2.986009      25.993317

 Quadrupole moment (in Debye-Angstrom):
                  1            2            3
 1      -127.582363    -2.719918    -1.386743
 2        -2.719918  -116.644609     8.959714
 3        -1.386743     8.959714  -151.688839

 Spin-squared expectation <S^2>:         0.000
 Total spin quantum number S:            0.000
 TOTAL ENERGY:                        -810.495110683

 --------------------------------------------------------------------------------

 End time:                               Tue Oct 26 08:39:19 2021
 Total wall-clock time:                 60.104 seconds
==================================================================================
