
================================================================================
          _____________ ________ _______________ ________     _________         
         / ___________// ______ \\_____   _____// ______ \   / ________)        
        / /_________  / /      \ \     | |     / /      \ \ | (_______          
       |  __________|| |        | |    | |    | |        | | \________ \        
        \ \_________ | |        | |    | |     \ \______/ /___________) |       
         \__________||_|        |_|    |_|      \________//____________/        
                                                                                
====================================[ Qcore ]===================================

 Git describe: 2.3.0-1-g21d9df7e5
 Compiler:     GNU 9.1.0
 Build type:   Release
 Version:      2.3.0-1-g21d9df7e5

 Start time:   Tue Oct 26 08:40:45 2021

 Data directory: /work/zw18965/.local/qcore/share/entos/qcore/data
 Number of threads: 24
 Number of threads was determined by: command line argument

 --------------------------------------------------------------------------------
                                   command: dft                                  
 --------------------------------------------------------------------------------
 AO basis set:                           def2-tzvppd
 Number of AO basis functions:        1005
 ECP on atom 15 (W):                     60 electrons

 Formula:                                C9H14O3S5W(2-)
 Nuclear charge:                       246.000000000
 Total charge:                          -2.000000000
 Number of core electrons:              60
 Number of treated electrons:          188

 Number of alpha electrons:             94
 Number of beta electrons:              94
 Number of unpaired electrons:           0
 Spin:                                   0
 Multiplicity:                           singlet

 Theory:                                 dft
 Exchange-correlation functional:        camb3lyp

 Using range separated hybrid functional
 Range separation parameter:             0.330000000
 Short range exact exchange:             0.190000000
 Total long range exact exchange:        0.650000000

 Method for Coulomb:                     incore_df
 Method for exact exchange:              pre_transformed_df
 Integral threshold:                     1.00e-12
 DF basis set:                           def2-universal-jkfit
 Number of DF basis functions:        2025
 Schwarz screening threshold:            1.00e-10
 Coulomb fitting method:                 Cholesky
 Total number of grid points:       210218
 Method for AO orthogonalization:        symmetric
 Threshold for linear dependence:        1.00e-08
 D3BJ dispersion energy:                -0.052698413

 -------------------------------------
  Running restricted closed-shell SCF 
 -------------------------------------
 Max number of iterations:             128
 Conv. threshold (gradient):             1.00e-05
 Conv. threshold (energy):               1.00e-06
 Interpolation scheme:                   adiis+cdiis
 Initial guess:                          SAD

 ---------------------------------------------------------------
                  energy        change          grad        time
 ---------------------------------------------------------------
   0     -2637.833988300                    2.33e+02        4.35
   1     -2634.538702786      3.30e+00      5.24e+00        3.17
   2     -2619.666458910      1.49e+01      2.94e+01        3.27
   3     -2634.205781728     -1.45e+01      9.98e+00        3.08
   4     -2635.251403338     -1.05e+00      1.97e+00        3.00
   5     -2634.882370049      3.69e-01      6.24e+00        3.21
   6     -2635.307156901     -4.25e-01      8.97e-01        3.23
   7     -2635.328576284     -2.14e-02      4.54e-01        3.41
   8     -2635.330043585     -1.47e-03      3.74e-01        3.14
   9     -2635.332983923     -2.94e-03      1.68e-01        3.35
  10     -2635.332090445      8.93e-04      3.24e-01        3.53
  11     -2635.333270992     -1.18e-03      6.47e-02        3.45
  12     -2635.333301743     -3.08e-05      4.66e-02        3.63
  13     -2635.333340540     -3.88e-05      1.18e-03        3.42
  14     -2635.333340733     -1.93e-07      6.71e-04        3.29
  15     -2635.333340793     -6.00e-08      3.39e-04        3.19
  16     -2635.333340809     -1.66e-08      1.85e-04        3.21
  17     -2635.333340813     -3.78e-09      8.18e-05        3.23
  18     -2635.333340814     -7.11e-10      4.25e-05        3.08
  19     -2635.333340814     -1.45e-10      2.13e-05        3.20
  20     -2635.333340814     -3.91e-11      1.16e-05        3.13
  21     -2635.333340814     -1.32e-11      6.58e-06        3.27

 SCF converged in 21 iterations.

 Dipole moment (in Debye):               9.221668       1.656247       3.284502

 Quadrupole moment (in Debye-Angstrom):
                  1            2            3
 1      -269.862300    -9.477449    12.482677
 2        -9.477449  -212.375504     4.352262
 3        12.482677     4.352262  -195.488968

 Spin-squared expectation <S^2>:         0.000
 Total spin quantum number S:            0.000
 TOTAL ENERGY:                       -2635.333340814

 --------------------------------------------------------------------------------

 End time:                               Tue Oct 26 08:43:04 2021
 Total wall-clock time:                138.796 seconds
==================================================================================
