
================================================================================
          _____________ ________ _______________ ________     _________         
         / ___________// ______ \\_____   _____// ______ \   / ________)        
        / /_________  / /      \ \     | |     / /      \ \ | (_______          
       |  __________|| |        | |    | |    | |        | | \________ \        
        \ \_________ | |        | |    | |     \ \______/ /___________) |       
         \__________||_|        |_|    |_|      \________//____________/        
                                                                                
====================================[ Qcore ]===================================

 Git describe: 2.3.0-1-g21d9df7e5
 Compiler:     GNU 9.1.0
 Build type:   Release
 Version:      2.3.0-1-g21d9df7e5

 Start time:   Tue Oct 26 08:43:08 2021

 Data directory: /work/zw18965/.local/qcore/share/entos/qcore/data
 Number of threads: 24
 Number of threads was determined by: command line argument

 --------------------------------------------------------------------------------
                                   command: dft                                  
 --------------------------------------------------------------------------------
 AO basis set:                           def2-tzvppd
 Number of AO basis functions:         871
 ECP on atom 2 (Mo):                     28 electrons

 Formula:                                C7H13O2S5Mo-
 Nuclear charge:                       193.000000000
 Total charge:                          -1.000000000
 Number of core electrons:              28
 Number of treated electrons:          166

 Number of alpha electrons:             83
 Number of beta electrons:              83
 Number of unpaired electrons:           0
 Spin:                                   0
 Multiplicity:                           singlet

 Theory:                                 dft
 Exchange-correlation functional:        camb3lyp

 Using range separated hybrid functional
 Range separation parameter:             0.330000000
 Short range exact exchange:             0.190000000
 Total long range exact exchange:        0.650000000

 Method for Coulomb:                     incore_df
 Method for exact exchange:              pre_transformed_df
 Integral threshold:                     1.00e-12
 DF basis set:                           def2-universal-jkfit
 Number of DF basis functions:        1808
 Schwarz screening threshold:            1.00e-10
 Coulomb fitting method:                 Cholesky
 Total number of grid points:       183078
 Method for AO orthogonalization:        symmetric
 Threshold for linear dependence:        1.00e-08
 D3BJ dispersion energy:                -0.048067059

 -------------------------------------
  Running restricted closed-shell SCF 
 -------------------------------------
 Max number of iterations:             128
 Conv. threshold (gradient):             1.00e-05
 Conv. threshold (energy):               1.00e-06
 Interpolation scheme:                   adiis+cdiis
 Initial guess:                          SAD

 ---------------------------------------------------------------
                  energy        change          grad        time
 ---------------------------------------------------------------
   0     -2487.260479488                    2.68e+01        2.71
   1     -2483.791591557      3.47e+00      6.69e+00        2.18
   2     -2479.527368856      4.26e+00      2.25e+01        2.18
   3     -2484.152355600     -4.62e+00      4.00e+00        2.18
   4     -2484.380062446     -2.28e-01      2.25e+00        2.21
   5     -2484.378296101      1.77e-03      2.19e+00        2.22
   6     -2484.414378431     -3.61e-02      1.49e+00        2.28
   7     -2484.416432361     -2.05e-03      1.51e+00        2.17
   8     -2484.436741620     -2.03e-02      1.45e-01        2.31
   9     -2484.436266177      4.75e-04      2.52e-01        2.28
  10     -2484.437129965     -8.64e-04      2.43e-02        2.44
  11     -2484.437109082      2.09e-05      4.15e-02        2.53
  12     -2484.437158779     -4.97e-05      4.69e-03        2.31
  13     -2484.437159617     -8.38e-07      1.71e-03        2.12
  14     -2484.437159819     -2.02e-07      1.18e-03        2.25
  15     -2484.437159898     -7.94e-08      5.35e-04        2.06
  16     -2484.437159912     -1.44e-08      1.90e-04        2.20
  17     -2484.437159916     -3.10e-09      1.20e-04        2.00
  18     -2484.437159916     -6.53e-10      5.14e-05        2.12
  19     -2484.437159916     -1.61e-10      2.44e-05        2.08
  20     -2484.437159916     -4.18e-11      1.17e-05        2.08
  21     -2484.437159916      4.00e-11      7.54e-06        2.10

 SCF converged in 21 iterations.

 Dipole moment (in Debye):              -9.038165      -0.322424       1.567083

 Quadrupole moment (in Debye-Angstrom):
                  1            2            3
 1      -145.607988     0.267192    -2.406182
 2         0.267192  -162.885821     0.667768
 3        -2.406182     0.667768  -167.452543

 Spin-squared expectation <S^2>:         0.000
 Total spin quantum number S:            0.000
 TOTAL ENERGY:                       -2484.437159916

 --------------------------------------------------------------------------------

 End time:                               Tue Oct 26 08:44:22 2021
 Total wall-clock time:                 74.587 seconds
==================================================================================
