
================================================================================
          _____________ ________ _______________ ________     _________         
         / ___________// ______ \\_____   _____// ______ \   / ________)        
        / /_________  / /      \ \     | |     / /      \ \ | (_______          
       |  __________|| |        | |    | |    | |        | | \________ \        
        \ \_________ | |        | |    | |     \ \______/ /___________) |       
         \__________||_|        |_|    |_|      \________//____________/        
                                                                                
====================================[ Qcore ]===================================

 Git describe: 2.3.0-1-g21d9df7e5
 Compiler:     GNU 9.1.0
 Build type:   Release
 Version:      2.3.0-1-g21d9df7e5

 Start time:   Tue Oct 26 08:39:58 2021

 Data directory: /work/zw18965/.local/qcore/share/entos/qcore/data
 Number of threads: 24
 Number of threads was determined by: command line argument

 --------------------------------------------------------------------------------
                                   command: dft                                  
 --------------------------------------------------------------------------------
 AO basis set:                           def2-tzvppd
 Number of AO basis functions:         772
 ECP on atom 1 (Zr):                     28 electrons

 Formula:                                C12H13ClZr
 Nuclear charge:                       142.000000000
 Total charge:                           0.000000000
 Number of core electrons:              28
 Number of treated electrons:          114

 Number of alpha electrons:             57
 Number of beta electrons:              57
 Number of unpaired electrons:           0
 Spin:                                   0
 Multiplicity:                           singlet

 Theory:                                 dft
 Exchange-correlation functional:        camb3lyp

 Using range separated hybrid functional
 Range separation parameter:             0.330000000
 Short range exact exchange:             0.190000000
 Total long range exact exchange:        0.650000000

 Method for Coulomb:                     incore_df
 Method for exact exchange:              pre_transformed_df
 Integral threshold:                     1.00e-12
 DF basis set:                           def2-universal-jkfit
 Number of DF basis functions:        1517
 Schwarz screening threshold:            1.00e-10
 Coulomb fitting method:                 Cholesky
 Total number of grid points:       173850
 Method for AO orthogonalization:        symmetric
 Threshold for linear dependence:        1.00e-08
 D3BJ dispersion energy:                -0.036005274

 -------------------------------------
  Running restricted closed-shell SCF 
 -------------------------------------
 Max number of iterations:             128
 Conv. threshold (gradient):             1.00e-05
 Conv. threshold (energy):               1.00e-06
 Interpolation scheme:                   adiis+cdiis
 Initial guess:                          SAD

 ---------------------------------------------------------------
                  energy        change          grad        time
 ---------------------------------------------------------------
   0      -976.720079218                    2.94e+01        2.03
   1      -972.015148864      4.70e+00      1.97e+00        1.59
   2      -971.895899229      1.19e-01      4.27e+00        1.42
   3      -972.288304313     -3.92e-01      7.90e-01        1.43
   4      -972.257425107      3.09e-02      1.52e+00        1.55
   5      -972.307383093     -5.00e-02      1.57e-01        1.47
   6      -972.306546736      8.36e-04      2.56e-01        1.68
   7      -972.308705588     -2.16e-03      2.07e-02        1.59
   8      -972.308711617     -6.03e-06      2.46e-02        1.68
   9      -972.308748639     -3.70e-05      1.51e-03        1.61
  10      -972.308748780     -1.41e-07      6.20e-04        1.51
  11      -972.308748793     -1.34e-08      1.91e-04        1.40
  12      -972.308748796     -2.37e-09      8.52e-05        1.48
  13      -972.308748796     -3.89e-10      3.59e-05        1.52
  14      -972.308748796     -5.54e-11      1.53e-05        1.53
  15      -972.308748796     -1.02e-11      5.83e-06        1.49

 SCF converged in 15 iterations.

 Dipole moment (in Debye):               0.423625      -2.059380       2.395387

 Quadrupole moment (in Debye-Angstrom):
                  1            2            3
 1      -109.632439    -1.901158     0.769857
 2        -1.901158  -107.786574     6.012298
 3         0.769857     6.012298  -107.007460

 Spin-squared expectation <S^2>:         0.000
 Total spin quantum number S:            0.000
 TOTAL ENERGY:                        -972.308748796

 --------------------------------------------------------------------------------

 End time:                               Tue Oct 26 08:40:42 2021
 Total wall-clock time:                 44.236 seconds
==================================================================================
