
================================================================================
          _____________ ________ _______________ ________     _________         
         / ___________// ______ \\_____   _____// ______ \   / ________)        
        / /_________  / /      \ \     | |     / /      \ \ | (_______          
       |  __________|| |        | |    | |    | |        | | \________ \        
        \ \_________ | |        | |    | |     \ \______/ /___________) |       
         \__________||_|        |_|    |_|      \________//____________/        
                                                                                
====================================[ Qcore ]===================================

 Git describe: 2.3.0-1-g21d9df7e5
 Compiler:     GNU 9.1.0
 Build type:   Release
 Version:      2.3.0-1-g21d9df7e5

 Start time:   Tue Oct 26 08:44:26 2021

 Data directory: /work/zw18965/.local/qcore/share/entos/qcore/data
 Number of threads: 24
 Number of threads was determined by: command line argument

 --------------------------------------------------------------------------------
                                   command: dft                                  
 --------------------------------------------------------------------------------
 AO basis set:                           def2-tzvppd
 Number of AO basis functions:         721
 ECP on atom 1 (Mo):                     28 electrons

 Formula:                                C7H17NO2Mo
 Nuclear charge:                       124.000000000
 Total charge:                           0.000000000
 Number of core electrons:              28
 Number of treated electrons:           96

 Number of alpha electrons:             48
 Number of beta electrons:              48
 Number of unpaired electrons:           0
 Spin:                                   0
 Multiplicity:                           singlet

 Theory:                                 dft
 Exchange-correlation functional:        camb3lyp

 Using range separated hybrid functional
 Range separation parameter:             0.330000000
 Short range exact exchange:             0.190000000
 Total long range exact exchange:        0.650000000

 Method for Coulomb:                     incore_df
 Method for exact exchange:              pre_transformed_df
 Integral threshold:                     1.00e-12
 DF basis set:                           def2-universal-jkfit
 Number of DF basis functions:        1317
 Schwarz screening threshold:            1.00e-10
 Coulomb fitting method:                 Cholesky
 Total number of grid points:       176688
 Method for AO orthogonalization:        symmetric
 Threshold for linear dependence:        1.00e-08
 D3BJ dispersion energy:                -0.027552482

 -------------------------------------
  Running restricted closed-shell SCF 
 -------------------------------------
 Max number of iterations:             128
 Conv. threshold (gradient):             1.00e-05
 Conv. threshold (energy):               1.00e-06
 Interpolation scheme:                   adiis+cdiis
 Initial guess:                          SAD

 ---------------------------------------------------------------
                  energy        change          grad        time
 ---------------------------------------------------------------
   0      -551.655764399                    2.87e+01        1.36
   1      -549.574568599      2.08e+00      4.76e+00        1.15
   2      -544.762531266      4.81e+00      2.17e+01        1.06
   3      -549.916975668     -5.15e+00      5.14e+00        1.04
   4      -550.282252857     -3.65e-01      1.51e+00        1.08
   5      -550.247428941      3.48e-02      2.30e+00        1.09
   6      -550.318333274     -7.09e-02      3.09e-01        1.16
   7      -550.313785252      4.55e-03      5.79e-01        1.15
   8      -550.319538044     -5.75e-03      1.88e-01        1.17
   9      -550.319572194     -3.41e-05      1.48e-01        1.20
  10      -550.319559349      1.28e-05      1.57e-01        1.26
  11      -550.319943401     -3.84e-04      2.73e-02        1.33
  12      -550.319901102      4.23e-05      6.23e-02        1.38
  13      -550.319953949     -5.28e-05      6.73e-04        1.27
  14      -550.319953959     -9.69e-09      1.82e-04        1.20
  15      -550.319953960     -9.15e-10      7.80e-05        1.14
  16      -550.319953960     -2.20e-10      2.67e-05        1.07
  17      -550.319953960     -3.48e-11      7.35e-06        1.08

 SCF converged in 17 iterations.

 Dipole moment (in Debye):              -2.918106       0.935102       0.647556

 Quadrupole moment (in Debye-Angstrom):
                  1            2            3
 1       -85.440679    -0.022081     0.121411
 2        -0.022081   -83.143238    -2.096589
 3         0.121411    -2.096589   -83.066626

 Spin-squared expectation <S^2>:         0.000
 Total spin quantum number S:            0.000
 TOTAL ENERGY:                        -550.319953960

 --------------------------------------------------------------------------------

 End time:                               Tue Oct 26 08:45:03 2021
 Total wall-clock time:                 36.992 seconds
==================================================================================
