
================================================================================
          _____________ ________ _______________ ________     _________         
         / ___________// ______ \\_____   _____// ______ \   / ________)        
        / /_________  / /      \ \     | |     / /      \ \ | (_______          
       |  __________|| |        | |    | |    | |        | | \________ \        
        \ \_________ | |        | |    | |     \ \______/ /___________) |       
         \__________||_|        |_|    |_|      \________//____________/        
                                                                                
====================================[ Qcore ]===================================

 Git describe: 2.3.0-1-g21d9df7e5
 Compiler:     GNU 9.1.0
 Build type:   Release
 Version:      2.3.0-1-g21d9df7e5

 Start time:   Tue Oct 26 08:39:54 2021

 Data directory: /work/zw18965/.local/qcore/share/entos/qcore/data
 Number of threads: 24
 Number of threads was determined by: command line argument

 --------------------------------------------------------------------------------
                                   command: dft                                  
 --------------------------------------------------------------------------------
 AO basis set:                           def2-tzvppd
 Number of AO basis functions:         108

 Formula:                                C2H2
 Nuclear charge:                        14.000000000
 Total charge:                           0.000000000
 Number of electrons:                   14.000000000

 Number of alpha electrons:              7
 Number of beta electrons:               7
 Number of unpaired electrons:           0
 Spin:                                   0
 Multiplicity:                           singlet

 Theory:                                 dft
 Exchange-correlation functional:        camb3lyp

 Using range separated hybrid functional
 Range separation parameter:             0.330000000
 Short range exact exchange:             0.190000000
 Total long range exact exchange:        0.650000000

 Method for Coulomb:                     incore_df
 Method for exact exchange:              pre_transformed_df
 Integral threshold:                     1.00e-12
 DF basis set:                           def2-universal-jkfit
 Number of DF basis functions:         186
 Schwarz screening threshold:            1.00e-10
 Coulomb fitting method:                 Cholesky
 Total number of grid points:        25380
 Method for AO orthogonalization:        symmetric
 Threshold for linear dependence:        1.00e-08
 D3BJ dispersion energy:                -0.000911868

 -------------------------------------
  Running restricted closed-shell SCF 
 -------------------------------------
 Max number of iterations:             128
 Conv. threshold (gradient):             1.00e-05
 Conv. threshold (energy):               1.00e-06
 Interpolation scheme:                   adiis+cdiis
 Initial guess:                          SAD

 ---------------------------------------------------------------
                  energy        change          grad        time
 ---------------------------------------------------------------
   0       -77.514983059                    7.03e+00        0.03
   1       -77.267431945      2.48e-01      6.60e-01        0.02
   2       -77.289675965     -2.22e-02      5.37e-01        0.02
   3       -77.314611910     -2.49e-02      1.04e-01        0.02
   4       -77.315162095     -5.50e-04      8.26e-02        0.01
   5       -77.315784005     -6.22e-04      1.47e-02        0.02
   6       -77.315806725     -2.27e-05      5.83e-05        0.01
   7       -77.315806726     -8.02e-10      9.89e-06        0.01

 SCF converged in 7 iterations.

 Dipole moment (in Debye):               0.000000       0.000000       0.000003

 Quadrupole moment (in Debye-Angstrom):
                  1            2            3
 1       -13.751590     0.000000     0.000000
 2         0.000000   -13.751590     0.000000
 3         0.000000     0.000000    -7.102499

 Spin-squared expectation <S^2>:         0.000
 Total spin quantum number S:            0.000
 TOTAL ENERGY:                         -77.315806726

 --------------------------------------------------------------------------------

 End time:                               Tue Oct 26 08:39:55 2021
 Total wall-clock time:                  0.555 seconds
==================================================================================
