
================================================================================
          _____________ ________ _______________ ________     _________         
         / ___________// ______ \\_____   _____// ______ \   / ________)        
        / /_________  / /      \ \     | |     / /      \ \ | (_______          
       |  __________|| |        | |    | |    | |        | | \________ \        
        \ \_________ | |        | |    | |     \ \______/ /___________) |       
         \__________||_|        |_|    |_|      \________//____________/        
                                                                                
====================================[ Qcore ]===================================

 Git describe: 2.3.0-1-g21d9df7e5
 Compiler:     GNU 9.1.0
 Build type:   Release
 Version:      2.3.0-1-g21d9df7e5

 Start time:   Tue Oct 26 08:39:22 2021

 Data directory: /work/zw18965/.local/qcore/share/entos/qcore/data
 Number of threads: 24
 Number of threads was determined by: command line argument

 --------------------------------------------------------------------------------
                                   command: dft                                  
 --------------------------------------------------------------------------------
 AO basis set:                           def2-tzvppd
 Number of AO basis functions:         664
 ECP on atom 1 (Zr):                     28 electrons

 Formula:                                C10H11ClZr
 Nuclear charge:                       128.000000000
 Total charge:                           0.000000000
 Number of core electrons:              28
 Number of treated electrons:          100

 Number of alpha electrons:             50
 Number of beta electrons:              50
 Number of unpaired electrons:           0
 Spin:                                   0
 Multiplicity:                           singlet

 Theory:                                 dft
 Exchange-correlation functional:        camb3lyp

 Using range separated hybrid functional
 Range separation parameter:             0.330000000
 Short range exact exchange:             0.190000000
 Total long range exact exchange:        0.650000000

 Method for Coulomb:                     incore_df
 Method for exact exchange:              pre_transformed_df
 Integral threshold:                     1.00e-12
 DF basis set:                           def2-universal-jkfit
 Number of DF basis functions:        1331
 Schwarz screening threshold:            1.00e-10
 Coulomb fitting method:                 Cholesky
 Total number of grid points:       148470
 Method for AO orthogonalization:        symmetric
 Threshold for linear dependence:        1.00e-08
 D3BJ dispersion energy:                -0.028488497

 -------------------------------------
  Running restricted closed-shell SCF 
 -------------------------------------
 Max number of iterations:             128
 Conv. threshold (gradient):             1.00e-05
 Conv. threshold (energy):               1.00e-06
 Interpolation scheme:                   adiis+cdiis
 Initial guess:                          SAD

 ---------------------------------------------------------------
                  energy        change          grad        time
 ---------------------------------------------------------------
   0      -899.036875277                    2.70e+01        1.30
   1      -894.750020208      4.29e+00      1.84e+00        1.09
   2      -894.632038700      1.18e-01      4.27e+00        0.97
   3      -894.987256613     -3.55e-01      5.85e-01        1.05
   4      -894.974442542      1.28e-02      9.81e-01        1.02
   5      -894.999659140     -2.52e-02      6.70e-02        1.02
   6      -894.999675506     -1.64e-05      8.05e-02        1.07
   7      -895.000173035     -4.98e-04      4.85e-03        1.05
   8      -895.000173963     -9.28e-07      1.67e-03        1.00
   9      -895.000174167     -2.04e-07      6.64e-04        0.97
  10      -895.000174180     -1.29e-08      1.91e-04        1.01
  11      -895.000174182     -1.69e-09      7.76e-05        1.02
  12      -895.000174182     -1.90e-10      2.79e-05        1.08
  13      -895.000174182     -4.54e-11      1.38e-05        1.03
  14      -895.000174182     -6.71e-12      6.05e-06        1.03

 SCF converged in 14 iterations.

 Dipole moment (in Debye):              -0.015395      -3.416070       1.267319

 Quadrupole moment (in Debye-Angstrom):
                  1            2            3
 1       -97.538126     0.002137    -0.002537
 2         0.002137  -100.477545     0.751131
 3        -0.002537     0.751131   -92.863155

 Spin-squared expectation <S^2>:         0.000
 Total spin quantum number S:            0.000
 TOTAL ENERGY:                        -895.000174182

 --------------------------------------------------------------------------------

 End time:                               Tue Oct 26 08:39:51 2021
 Total wall-clock time:                 29.031 seconds
==================================================================================
