
================================================================================
          _____________ ________ _______________ ________     _________         
         / ___________// ______ \\_____   _____// ______ \   / ________)        
        / /_________  / /      \ \     | |     / /      \ \ | (_______          
       |  __________|| |        | |    | |    | |        | | \________ \        
        \ \_________ | |        | |    | |     \ \______/ /___________) |       
         \__________||_|        |_|    |_|      \________//____________/        
                                                                                
====================================[ Qcore ]===================================

 Git describe: 2.3.0-1-g21d9df7e5
 Compiler:     GNU 9.1.0
 Build type:   Release
 Version:      2.3.0-1-g21d9df7e5

 Start time:   Tue Oct 26 08:41:20 2021

 Data directory: /work/zw18965/.local/qcore/share/entos/qcore/data
 Number of threads: 24
 Number of threads was determined by: command line argument

 --------------------------------------------------------------------------------
                                   command: dft                                  
 --------------------------------------------------------------------------------
 AO basis set:                           def2-tzvppd
 Number of AO basis functions:        1005
 ECP on atom 15 (W):                     60 electrons

 Formula:                                C9H14O3S5W(2-)
 Nuclear charge:                       246.000000000
 Total charge:                          -2.000000000
 Number of core electrons:              60
 Number of treated electrons:          188

 Number of alpha electrons:             94
 Number of beta electrons:              94
 Number of unpaired electrons:           0
 Spin:                                   0
 Multiplicity:                           singlet

 Theory:                                 dft
 Exchange-correlation functional:        camb3lyp

 Using range separated hybrid functional
 Range separation parameter:             0.330000000
 Short range exact exchange:             0.190000000
 Total long range exact exchange:        0.650000000

 Method for Coulomb:                     incore_df
 Method for exact exchange:              pre_transformed_df
 Integral threshold:                     1.00e-12
 DF basis set:                           def2-universal-jkfit
 Number of DF basis functions:        2025
 Schwarz screening threshold:            1.00e-10
 Coulomb fitting method:                 Cholesky
 Total number of grid points:       210218
 Method for AO orthogonalization:        symmetric
 Threshold for linear dependence:        1.00e-08
 D3BJ dispersion energy:                -0.054947680

 -------------------------------------
  Running restricted closed-shell SCF 
 -------------------------------------
 Max number of iterations:             128
 Conv. threshold (gradient):             1.00e-05
 Conv. threshold (energy):               1.00e-06
 Interpolation scheme:                   adiis+cdiis
 Initial guess:                          SAD

 ---------------------------------------------------------------
                  energy        change          grad        time
 ---------------------------------------------------------------
   0     -2638.126329609                    2.47e+02        4.48
   1     -2634.565932882      3.56e+00      5.24e+00        3.25
   2     -2628.178884695      6.39e+00      2.50e+01        3.34
   3     -2634.874670396     -6.70e+00      5.67e+00        3.10
   4     -2635.237200341     -3.63e-01      2.38e+00        3.13
   5     -2635.176026399      6.12e-02      3.51e+00        3.31
   6     -2635.313295796     -1.37e-01      3.99e-01        3.29
   7     -2635.307004801      6.29e-03      6.36e-01        3.29
   8     -2635.317343663     -1.03e-02      1.13e-01        3.29
   9     -2635.316316215      1.03e-03      2.87e-01        3.46
  10     -2635.317815430     -1.50e-03      5.18e-02        3.43
  11     -2635.317766929      4.85e-05      6.83e-02        3.64
  12     -2635.317892595     -1.26e-04      1.57e-03        3.38
  13     -2635.317892692     -9.71e-08      4.89e-04        3.18
  14     -2635.317892711     -1.96e-08      2.16e-04        3.15
  15     -2635.317892716     -4.90e-09      1.30e-04        3.21
  16     -2635.317892718     -1.65e-09      7.32e-05        3.21
  17     -2635.317892719     -5.82e-10      3.59e-05        3.15
  18     -2635.317892719     -1.10e-10      1.61e-05        3.19
  19     -2635.317892719     -2.23e-11      7.75e-06        3.34

 SCF converged in 19 iterations.

 Dipole moment (in Debye):               6.347741      -3.283143       0.632931

 Quadrupole moment (in Debye-Angstrom):
                  1            2            3
 1      -272.097911    -6.587420    -3.024552
 2        -6.587420  -199.710706    -3.909777
 3        -3.024552    -3.909777  -198.978619

 Spin-squared expectation <S^2>:         0.000
 Total spin quantum number S:            0.000
 TOTAL ENERGY:                       -2635.317892719

 --------------------------------------------------------------------------------

 End time:                               Tue Oct 26 08:43:32 2021
 Total wall-clock time:                132.389 seconds
==================================================================================
