
================================================================================
          _____________ ________ _______________ ________     _________         
         / ___________// ______ \\_____   _____// ______ \   / ________)        
        / /_________  / /      \ \     | |     / /      \ \ | (_______          
       |  __________|| |        | |    | |    | |        | | \________ \        
        \ \_________ | |        | |    | |     \ \______/ /___________) |       
         \__________||_|        |_|    |_|      \________//____________/        
                                                                                
====================================[ Qcore ]===================================

 Git describe: 2.3.0-1-g21d9df7e5
 Compiler:     GNU 9.1.0
 Build type:   Release
 Version:      2.3.0-1-g21d9df7e5

 Start time:   Tue Oct 26 08:43:36 2021

 Data directory: /work/zw18965/.local/qcore/share/entos/qcore/data
 Number of threads: 24
 Number of threads was determined by: command line argument

 --------------------------------------------------------------------------------
                                   command: dft                                  
 --------------------------------------------------------------------------------
 AO basis set:                           def2-tzvppd
 Number of AO basis functions:         871
 ECP on atom 2 (Mo):                     28 electrons

 Formula:                                C7H13O2S5Mo-
 Nuclear charge:                       193.000000000
 Total charge:                          -1.000000000
 Number of core electrons:              28
 Number of treated electrons:          166

 Number of alpha electrons:             83
 Number of beta electrons:              83
 Number of unpaired electrons:           0
 Spin:                                   0
 Multiplicity:                           singlet

 Theory:                                 dft
 Exchange-correlation functional:        camb3lyp

 Using range separated hybrid functional
 Range separation parameter:             0.330000000
 Short range exact exchange:             0.190000000
 Total long range exact exchange:        0.650000000

 Method for Coulomb:                     incore_df
 Method for exact exchange:              pre_transformed_df
 Integral threshold:                     1.00e-12
 DF basis set:                           def2-universal-jkfit
 Number of DF basis functions:        1808
 Schwarz screening threshold:            1.00e-10
 Coulomb fitting method:                 Cholesky
 Total number of grid points:       183078
 Method for AO orthogonalization:        symmetric
 Threshold for linear dependence:        1.00e-08
 D3BJ dispersion energy:                -0.049289329

 -------------------------------------
  Running restricted closed-shell SCF 
 -------------------------------------
 Max number of iterations:             128
 Conv. threshold (gradient):             1.00e-05
 Conv. threshold (energy):               1.00e-06
 Interpolation scheme:                   adiis+cdiis
 Initial guess:                          SAD

 ---------------------------------------------------------------
                  energy        change          grad        time
 ---------------------------------------------------------------
   0     -2487.037250155                    2.74e+01        2.89
   1     -2483.657494486      3.38e+00      7.61e+00        2.32
   2     -2476.963734042      6.69e+00      2.65e+01        2.20
   3     -2483.789825409     -6.83e+00      7.69e+00        2.23
   4     -2484.357463807     -5.68e-01      2.47e+00        2.27
   5     -2484.191085448      1.66e-01      4.95e+00        2.07
   6     -2484.394485492     -2.03e-01      1.15e+00        2.23
   7     -2484.401964328     -7.48e-03      8.12e-01        2.32
   8     -2484.406390451     -4.43e-03      5.69e-01        2.33
   9     -2484.405465524      9.25e-04      6.27e-01        2.32
  10     -2484.407964473     -2.50e-03      2.96e-01        4.18
  11     -2484.407374704      5.90e-04      3.96e-01        2.53
  12     -2484.408505101     -1.13e-03      1.25e-01        2.56
  13     -2484.408349579      1.56e-04      1.96e-01        2.53
  14     -2484.408534520     -1.85e-04      1.11e-01        2.66
  15     -2484.408568349     -3.38e-05      8.14e-02        2.35
  16     -2484.408616838     -4.85e-05      3.62e-02        2.54
  17     -2484.408629266     -1.24e-05      2.43e-04        2.45
  18     -2484.408629272     -6.04e-09      1.32e-04        2.06
  19     -2484.408629273     -1.26e-09      7.53e-05        2.15
  20     -2484.408629274     -4.03e-10      4.14e-05        2.14
  21     -2484.408629274     -1.91e-10      1.79e-05        2.28
  22     -2484.408629274     -3.77e-11      8.34e-06        2.22

 SCF converged in 22 iterations.

 Dipole moment (in Debye):              -7.481482      -1.403359       1.043822

 Quadrupole moment (in Debye-Angstrom):
                  1            2            3
 1      -149.752114     1.735981     1.269752
 2         1.735981  -164.249295    -0.197745
 3         1.269752    -0.197745  -165.882332

 Spin-squared expectation <S^2>:         0.000
 Total spin quantum number S:            0.000
 TOTAL ENERGY:                       -2484.408629274

 --------------------------------------------------------------------------------

 End time:                               Tue Oct 26 08:44:57 2021
 Total wall-clock time:                 81.131 seconds
==================================================================================
