
================================================================================
          _____________ ________ _______________ ________     _________         
         / ___________// ______ \\_____   _____// ______ \   / ________)        
        / /_________  / /      \ \     | |     / /      \ \ | (_______          
       |  __________|| |        | |    | |    | |        | | \________ \        
        \ \_________ | |        | |    | |     \ \______/ /___________) |       
         \__________||_|        |_|    |_|      \________//____________/        
                                                                                
====================================[ Qcore ]===================================

 Git describe: 2.3.0-1-g21d9df7e5
 Compiler:     GNU 9.1.0
 Build type:   Release
 Version:      2.3.0-1-g21d9df7e5

 Start time:   Tue Oct 26 08:45:00 2021

 Data directory: /work/zw18965/.local/qcore/share/entos/qcore/data
 Number of threads: 24
 Number of threads was determined by: command line argument

 --------------------------------------------------------------------------------
                                   command: dft                                  
 --------------------------------------------------------------------------------
 AO basis set:                           def2-tzvppd
 Number of AO basis functions:         721
 ECP on atom 1 (Mo):                     28 electrons

 Formula:                                C7H17NO2Mo
 Nuclear charge:                       124.000000000
 Total charge:                           0.000000000
 Number of core electrons:              28
 Number of treated electrons:           96

 Number of alpha electrons:             48
 Number of beta electrons:              48
 Number of unpaired electrons:           0
 Spin:                                   0
 Multiplicity:                           singlet

 Theory:                                 dft
 Exchange-correlation functional:        camb3lyp

 Using range separated hybrid functional
 Range separation parameter:             0.330000000
 Short range exact exchange:             0.190000000
 Total long range exact exchange:        0.650000000

 Method for Coulomb:                     incore_df
 Method for exact exchange:              pre_transformed_df
 Integral threshold:                     1.00e-12
 DF basis set:                           def2-universal-jkfit
 Number of DF basis functions:        1317
 Schwarz screening threshold:            1.00e-10
 Coulomb fitting method:                 Cholesky
 Total number of grid points:       176688
 Method for AO orthogonalization:        symmetric
 Threshold for linear dependence:        1.00e-08
 D3BJ dispersion energy:                -0.027141234

 -------------------------------------
  Running restricted closed-shell SCF 
 -------------------------------------
 Max number of iterations:             128
 Conv. threshold (gradient):             1.00e-05
 Conv. threshold (energy):               1.00e-06
 Interpolation scheme:                   adiis+cdiis
 Initial guess:                          SAD

 ---------------------------------------------------------------
                  energy        change          grad        time
 ---------------------------------------------------------------
   0      -551.901343111                    3.11e+01        1.41
   1      -549.587758903      2.31e+00      5.07e+00        1.14
   2      -544.665127221      4.92e+00      2.29e+01        1.09
   3      -549.935993906     -5.27e+00      5.29e+00        1.12
   4      -550.309307745     -3.73e-01      1.41e+00        1.13
   5      -550.272072075      3.72e-02      2.29e+00        1.18
   6      -550.343382283     -7.13e-02      2.63e-01        1.17
   7      -550.339201014      4.18e-03      5.81e-01        1.12
   8      -550.344555005     -5.35e-03      1.57e-01        1.19
   9      -550.344541277      1.37e-05      1.45e-01        1.22
  10      -550.344581410     -4.01e-05      1.50e-01        1.25
  11      -550.344923526     -3.42e-04      2.90e-02        1.24
  12      -550.344871116      5.24e-05      6.95e-02        1.34
  13      -550.344934298     -6.32e-05      5.14e-04        1.19
  14      -550.344934304     -6.48e-09      1.16e-04        1.15
  15      -550.344934305     -7.68e-10      8.06e-05        1.18
  16      -550.344934305     -2.62e-10      3.74e-05        1.21
  17      -550.344934305     -5.25e-11      1.02e-05        1.14
  18      -550.344934305     -3.41e-12      5.03e-06        1.12

 SCF converged in 18 iterations.

 Dipole moment (in Debye):              -2.828579       0.521834       0.701639

 Quadrupole moment (in Debye-Angstrom):
                  1            2            3
 1       -84.889715    -0.530505    -0.229688
 2        -0.530505   -81.059125     0.582489
 3        -0.229688     0.582489   -85.474148

 Spin-squared expectation <S^2>:         0.000
 Total spin quantum number S:            0.000
 TOTAL ENERGY:                        -550.344934305

 --------------------------------------------------------------------------------

 End time:                               Tue Oct 26 08:45:39 2021
 Total wall-clock time:                 38.208 seconds
==================================================================================
