
================================================================================
          _____________ ________ _______________ ________     _________         
         / ___________// ______ \\_____   _____// ______ \   / ________)        
        / /_________  / /      \ \     | |     / /      \ \ | (_______          
       |  __________|| |        | |    | |    | |        | | \________ \        
        \ \_________ | |        | |    | |     \ \______/ /___________) |       
         \__________||_|        |_|    |_|      \________//____________/        
                                                                                
====================================[ Qcore ]===================================

 Git describe: 2.3.0-1-g21d9df7e5
 Compiler:     GNU 9.1.0
 Build type:   Release
 Version:      2.3.0-1-g21d9df7e5

 Start time:   Tue Oct 26 08:49:33 2021

 Data directory: /work/zw18965/.local/qcore/share/entos/qcore/data
 Number of threads: 24
 Number of threads was determined by: command line argument

 --------------------------------------------------------------------------------
                                   command: dft                                  
 --------------------------------------------------------------------------------
 AO basis set:                           def2-tzvppd
 Number of AO basis functions:         869
 ECP on atom 25 (Au):                    60 electrons

 Formula:                                C9H12O3Cl3Au
 Nuclear charge:                       220.000000000
 Total charge:                           0.000000000
 Number of core electrons:              60
 Number of treated electrons:          160

 Number of alpha electrons:             80
 Number of beta electrons:              80
 Number of unpaired electrons:           0
 Spin:                                   0
 Multiplicity:                           singlet

 Theory:                                 dft
 Exchange-correlation functional:        camb3lyp

 Using range separated hybrid functional
 Range separation parameter:             0.330000000
 Short range exact exchange:             0.190000000
 Total long range exact exchange:        0.650000000

 Method for Coulomb:                     incore_df
 Method for exact exchange:              pre_transformed_df
 Integral threshold:                     1.00e-12
 DF basis set:                           def2-universal-jkfit
 Number of DF basis functions:        1753
 Schwarz screening threshold:            1.00e-10
 Coulomb fitting method:                 Cholesky
 Total number of grid points:       184314
 Method for AO orthogonalization:        symmetric
 Threshold for linear dependence:        1.00e-08
 D3BJ dispersion energy:                -0.037662108

 -------------------------------------
  Running restricted closed-shell SCF 
 -------------------------------------
 Max number of iterations:             128
 Conv. threshold (gradient):             1.00e-05
 Conv. threshold (energy):               1.00e-06
 Interpolation scheme:                   adiis+cdiis
 Initial guess:                          SAD

 ---------------------------------------------------------------
                  energy        change          grad        time
 ---------------------------------------------------------------
   0     -2095.811633183                    4.62e+01        3.43
   1     -2091.727451888      4.08e+00      4.07e+00        2.60
   2     -2091.097128428      6.30e-01      6.39e+00        2.48
   3     -2092.207332730     -1.11e+00      9.88e-01        2.49
   4     -2092.182238446      2.51e-02      1.71e+00        2.41
   5     -2092.234400600     -5.22e-02      1.65e-01        2.36
   6     -2092.234533781     -1.33e-04      2.11e-01        2.99
   7     -2092.235480986     -9.47e-04      5.05e-02        2.28
   8     -2092.235452359      2.86e-05      6.95e-02        2.40
   9     -2092.235512257     -5.99e-05      2.66e-03        2.32
  10     -2092.235512515     -2.58e-07      1.03e-03        2.23
  11     -2092.235512553     -3.78e-08      2.19e-04        2.16
  12     -2092.235512557     -4.43e-09      8.18e-05        2.14
  13     -2092.235512558     -5.38e-10      5.61e-05        2.17
  14     -2092.235512558     -1.03e-10      4.03e-05        2.04
  15     -2092.235512558     -9.46e-11      8.64e-06        2.10

 SCF converged in 15 iterations.

 Dipole moment (in Debye):              -8.462661       1.783026      -0.527752

 Quadrupole moment (in Debye-Angstrom):
                  1            2            3
 1      -129.280135    10.631569    -1.891759
 2        10.631569  -126.676440    -5.456262
 3        -1.891759    -5.456262  -135.833573

 Spin-squared expectation <S^2>:         0.000
 Total spin quantum number S:            0.000
 TOTAL ENERGY:                       -2092.235512558

 --------------------------------------------------------------------------------

 End time:                               Tue Oct 26 08:50:58 2021
 Total wall-clock time:                 84.927 seconds
==================================================================================
