
================================================================================
          _____________ ________ _______________ ________     _________         
         / ___________// ______ \\_____   _____// ______ \   / ________)        
        / /_________  / /      \ \     | |     / /      \ \ | (_______          
       |  __________|| |        | |    | |    | |        | | \________ \        
        \ \_________ | |        | |    | |     \ \______/ /___________) |       
         \__________||_|        |_|    |_|      \________//____________/        
                                                                                
====================================[ Qcore ]===================================

 Git describe: 2.3.0-1-g21d9df7e5
 Compiler:     GNU 9.1.0
 Build type:   Release
 Version:      2.3.0-1-g21d9df7e5

 Start time:   Tue Oct 26 08:46:56 2021

 Data directory: /work/zw18965/.local/qcore/share/entos/qcore/data
 Number of threads: 24
 Number of threads was determined by: command line argument

 --------------------------------------------------------------------------------
                                   command: dft                                  
 --------------------------------------------------------------------------------
 AO basis set:                           def2-tzvppd
 Number of AO basis functions:         825
 ECP on atom 1 (Re):                     60 electrons

 Formula:                                C9H8O6BrRe
 Nuclear charge:                       220.000000000
 Total charge:                           0.000000000
 Number of core electrons:              60
 Number of treated electrons:          160

 Number of alpha electrons:             80
 Number of beta electrons:              80
 Number of unpaired electrons:           0
 Spin:                                   0
 Multiplicity:                           singlet

 Theory:                                 dft
 Exchange-correlation functional:        camb3lyp

 Using range separated hybrid functional
 Range separation parameter:             0.330000000
 Short range exact exchange:             0.190000000
 Total long range exact exchange:        0.650000000

 Method for Coulomb:                     incore_df
 Method for exact exchange:              pre_transformed_df
 Integral threshold:                     1.00e-12
 DF basis set:                           def2-universal-jkfit
 Number of DF basis functions:        1774
 Schwarz screening threshold:            1.00e-10
 Coulomb fitting method:                 Cholesky
 Total number of grid points:       167124
 Method for AO orthogonalization:        symmetric
 Threshold for linear dependence:        1.00e-08
 D3BJ dispersion energy:                -0.033971599

 -------------------------------------
  Running restricted closed-shell SCF 
 -------------------------------------
 Max number of iterations:             128
 Conv. threshold (gradient):             1.00e-05
 Conv. threshold (energy):               1.00e-06
 Interpolation scheme:                   adiis+cdiis
 Initial guess:                          SAD

 ---------------------------------------------------------------
                  energy        change          grad        time
 ---------------------------------------------------------------
   0     -3455.022429775                    1.95e+02        2.56
   1     -3451.356826706      3.67e+00      3.06e+00        1.98
   2     -3450.635665373      7.21e-01      5.47e+00        1.84
   3     -3451.672988247     -1.04e+00      1.44e+00        1.85
   4     -3451.625862008      4.71e-02      2.22e+00        1.95
   5     -3451.711884354     -8.60e-02      2.89e-01        1.92
   6     -3451.704486430      7.40e-03      7.66e-01        2.01
   7     -3451.714899700     -1.04e-02      1.23e-01        2.06
   8     -3451.714793427      1.06e-04      1.69e-01        2.10
   9     -3451.715304388     -5.11e-04      5.08e-02        2.06
  10     -3451.715063506      2.41e-04      1.37e-01        2.02
  11     -3451.715356374     -2.93e-04      7.08e-04        2.09
  12     -3451.715356414     -4.02e-08      3.99e-04        1.93
  13     -3451.715356423     -9.21e-09      1.77e-04        1.91
  14     -3451.715356424     -1.43e-09      8.95e-05        1.88
  15     -3451.715356425     -3.53e-10      4.14e-05        1.87
  16     -3451.715356425     -1.15e-10      1.78e-05        1.85
  17     -3451.715356425     -5.46e-12      5.31e-06        1.91

 SCF converged in 17 iterations.

 Dipole moment (in Debye):             -11.117447       4.243246       1.533266

 Quadrupole moment (in Debye-Angstrom):
                  1            2            3
 1      -104.748088    -4.799163    -3.245321
 2        -4.799163  -134.985711     1.134123
 3        -3.245321     1.134123  -128.654550

 Spin-squared expectation <S^2>:         0.000
 Total spin quantum number S:            0.000
 TOTAL ENERGY:                       -3451.715356425

 --------------------------------------------------------------------------------

 End time:                               Tue Oct 26 08:48:46 2021
 Total wall-clock time:                109.043 seconds
==================================================================================
