
================================================================================
          _____________ ________ _______________ ________     _________         
         / ___________// ______ \\_____   _____// ______ \   / ________)        
        / /_________  / /      \ \     | |     / /      \ \ | (_______          
       |  __________|| |        | |    | |    | |        | | \________ \        
        \ \_________ | |        | |    | |     \ \______/ /___________) |       
         \__________||_|        |_|    |_|      \________//____________/        
                                                                                
====================================[ Qcore ]===================================

 Git describe: 2.3.0-1-g21d9df7e5
 Compiler:     GNU 9.1.0
 Build type:   Release
 Version:      2.3.0-1-g21d9df7e5

 Start time:   Tue Oct 26 08:49:30 2021

 Data directory: /work/zw18965/.local/qcore/share/entos/qcore/data
 Number of threads: 24
 Number of threads was determined by: command line argument
  - More threads can be used by running 'qcore -n 32'

 --------------------------------------------------------------------------------
                                   command: dft                                  
 --------------------------------------------------------------------------------
 AO basis set:                           def2-tzvppd
 Number of AO basis functions:         869
 ECP on atom 25 (Au):                    60 electrons

 Formula:                                C9H12O3Cl3Au
 Nuclear charge:                       220.000000000
 Total charge:                           0.000000000
 Number of core electrons:              60
 Number of treated electrons:          160

 Number of alpha electrons:             80
 Number of beta electrons:              80
 Number of unpaired electrons:           0
 Spin:                                   0
 Multiplicity:                           singlet

 Theory:                                 dft
 Exchange-correlation functional:        camb3lyp

 Using range separated hybrid functional
 Range separation parameter:             0.330000000
 Short range exact exchange:             0.190000000
 Total long range exact exchange:        0.650000000

 Method for Coulomb:                     incore_df
 Method for exact exchange:              pre_transformed_df
 Integral threshold:                     1.00e-12
 DF basis set:                           def2-universal-jkfit
 Number of DF basis functions:        1753
 Schwarz screening threshold:            1.00e-10
 Coulomb fitting method:                 Cholesky
 Total number of grid points:       184314
 Method for AO orthogonalization:        symmetric
 Threshold for linear dependence:        1.00e-08
 D3BJ dispersion energy:                -0.038065598

 -------------------------------------
  Running restricted closed-shell SCF 
 -------------------------------------
 Max number of iterations:             128
 Conv. threshold (gradient):             1.00e-05
 Conv. threshold (energy):               1.00e-06
 Interpolation scheme:                   adiis+cdiis
 Initial guess:                          SAD

 ---------------------------------------------------------------
                  energy        change          grad        time
 ---------------------------------------------------------------
   0     -2095.809716139                    4.18e+01        2.89
   1     -2091.746949963      4.06e+00      3.60e+00        2.31
   2     -2091.104630439      6.42e-01      7.02e+00        2.26
   3     -2092.198670907     -1.09e+00      9.77e-01        2.18
   4     -2092.173367837      2.53e-02      1.64e+00        2.18
   5     -2092.227391027     -5.40e-02      1.40e-01        2.22
   6     -2092.227520792     -1.30e-04      1.79e-01        2.51
   7     -2092.228512475     -9.92e-04      5.30e-02        2.30
   8     -2092.228418367      9.41e-05      8.20e-02        2.27
   9     -2092.228569656     -1.51e-04      4.63e-03        2.35
  10     -2092.228570153     -4.97e-07      1.50e-03        2.21
  11     -2092.228570225     -7.19e-08      5.25e-04        2.21
  12     -2092.228570236     -1.08e-08      2.06e-04        2.13
  13     -2092.228570239     -2.96e-09      1.43e-04        2.32
  14     -2092.228570239     -6.09e-10      7.90e-05        2.14
  15     -2092.228570240     -3.72e-10      2.18e-05        2.16
  16     -2092.228570240     -8.64e-12      1.88e-05        2.16
  17     -2092.228570240     -3.50e-11      5.66e-06        2.26

 SCF converged in 17 iterations.

 Dipole moment (in Debye):             -11.625980      -2.593352       0.259747

 Quadrupole moment (in Debye-Angstrom):
                  1            2            3
 1      -116.313999    -3.617216    -5.110283
 2        -3.617216  -135.053087     4.677262
 3        -5.110283     4.677262  -137.205077

 Spin-squared expectation <S^2>:         0.000
 Total spin quantum number S:            0.000
 TOTAL ENERGY:                       -2092.228570240

 --------------------------------------------------------------------------------

 End time:                               Tue Oct 26 08:50:56 2021
 Total wall-clock time:                 86.366 seconds
==================================================================================
