
================================================================================
          _____________ ________ _______________ ________     _________         
         / ___________// ______ \\_____   _____// ______ \   / ________)        
        / /_________  / /      \ \     | |     / /      \ \ | (_______          
       |  __________|| |        | |    | |    | |        | | \________ \        
        \ \_________ | |        | |    | |     \ \______/ /___________) |       
         \__________||_|        |_|    |_|      \________//____________/        
                                                                                
====================================[ Qcore ]===================================

 Git describe: 2.3.0-1-g21d9df7e5
 Compiler:     GNU 9.1.0
 Build type:   Release
 Version:      2.3.0-1-g21d9df7e5

 Start time:   Tue Oct 26 08:45:42 2021

 Data directory: /work/zw18965/.local/qcore/share/entos/qcore/data
 Number of threads: 24
 Number of threads was determined by: command line argument

 --------------------------------------------------------------------------------
                                   command: dft                                  
 --------------------------------------------------------------------------------
 AO basis set:                           def2-tzvppd
 Number of AO basis functions:         825
 ECP on atom 1 (Re):                     60 electrons

 Formula:                                C9H8O6BrRe
 Nuclear charge:                       220.000000000
 Total charge:                           0.000000000
 Number of core electrons:              60
 Number of treated electrons:          160

 Number of alpha electrons:             80
 Number of beta electrons:              80
 Number of unpaired electrons:           0
 Spin:                                   0
 Multiplicity:                           singlet

 Theory:                                 dft
 Exchange-correlation functional:        camb3lyp

 Using range separated hybrid functional
 Range separation parameter:             0.330000000
 Short range exact exchange:             0.190000000
 Total long range exact exchange:        0.650000000

 Method for Coulomb:                     incore_df
 Method for exact exchange:              pre_transformed_df
 Integral threshold:                     1.00e-12
 DF basis set:                           def2-universal-jkfit
 Number of DF basis functions:        1774
 Schwarz screening threshold:            1.00e-10
 Coulomb fitting method:                 Cholesky
 Total number of grid points:       167124
 Method for AO orthogonalization:        symmetric
 Threshold for linear dependence:        1.00e-08
 D3BJ dispersion energy:                -0.033499471

 -------------------------------------
  Running restricted closed-shell SCF 
 -------------------------------------
 Max number of iterations:             128
 Conv. threshold (gradient):             1.00e-05
 Conv. threshold (energy):               1.00e-06
 Interpolation scheme:                   adiis+cdiis
 Initial guess:                          SAD

 ---------------------------------------------------------------
                  energy        change          grad        time
 ---------------------------------------------------------------
   0     -3455.436790265                    2.18e+02        2.62
   1     -3451.379288902      4.06e+00      2.76e+00        2.00
   2     -3450.317611569      1.06e+00      7.95e+00        1.86
   3     -3451.710666000     -1.39e+00      1.58e+00        1.93
   4     -3451.704367773      6.30e-03      1.68e+00        1.95
   5     -3451.770031487     -6.57e-02      2.36e-01        1.93
   6     -3451.767241714      2.79e-03      5.17e-01        1.96
   7     -3451.771267837     -4.03e-03      6.41e-02        2.04
   8     -3451.771186189      8.16e-05      6.95e-02        1.97
   9     -3451.771433997     -2.48e-04      3.08e-03        1.88
  10     -3451.771434472     -4.75e-07      1.13e-03        1.90
  11     -3451.771434538     -6.57e-08      5.26e-04        2.07
  12     -3451.771434554     -1.59e-08      2.64e-04        1.92
  13     -3451.771434557     -3.28e-09      1.14e-04        1.96
  14     -3451.771434558     -7.92e-10      5.72e-05        1.91
  15     -3451.771434558     -1.90e-10      2.45e-05        1.94
  16     -3451.771434558     -2.64e-11      1.02e-05        1.95
  17     -3451.771434558     -5.91e-12      6.21e-06        2.00

 SCF converged in 17 iterations.

 Dipole moment (in Debye):              -6.287671       2.708884      -0.415098

 Quadrupole moment (in Debye-Angstrom):
                  1            2            3
 1      -106.682451     3.141692     0.148910
 2         3.141692  -137.931910    -2.528528
 3         0.148910    -2.528528  -130.886947

 Spin-squared expectation <S^2>:         0.000
 Total spin quantum number S:            0.000
 TOTAL ENERGY:                       -3451.771434558

 --------------------------------------------------------------------------------

 End time:                               Tue Oct 26 08:47:33 2021
 Total wall-clock time:                111.973 seconds
==================================================================================
