
================================================================================
          _____________ ________ _______________ ________     _________         
         / ___________// ______ \\_____   _____// ______ \   / ________)        
        / /_________  / /      \ \     | |     / /      \ \ | (_______          
       |  __________|| |        | |    | |    | |        | | \________ \        
        \ \_________ | |        | |    | |     \ \______/ /___________) |       
         \__________||_|        |_|    |_|      \________//____________/        
                                                                                
====================================[ Qcore ]===================================

 Git describe: 2.3.0-1-g21d9df7e5
 Compiler:     GNU 9.1.0
 Build type:   Release
 Version:      2.3.0-1-g21d9df7e5

 Start time:   Tue Oct 26 08:51:47 2021

 Data directory: /work/zw18965/.local/qcore/share/entos/qcore/data
 Number of threads: 24
 Number of threads was determined by: command line argument

 --------------------------------------------------------------------------------
                                   command: dft                                  
 --------------------------------------------------------------------------------
 AO basis set:                           def2-tzvppd
 Number of AO basis functions:         815
 ECP on atom 25 (Au):                    60 electrons

 Formula:                                C9H15O3PAu+
 Nuclear charge:                       187.000000000
 Total charge:                           1.000000000
 Number of core electrons:              60
 Number of treated electrons:          126

 Number of alpha electrons:             63
 Number of beta electrons:              63
 Number of unpaired electrons:           0
 Spin:                                   0
 Multiplicity:                           singlet

 Theory:                                 dft
 Exchange-correlation functional:        camb3lyp

 Using range separated hybrid functional
 Range separation parameter:             0.330000000
 Short range exact exchange:             0.190000000
 Total long range exact exchange:        0.650000000

 Method for Coulomb:                     incore_df
 Method for exact exchange:              pre_transformed_df
 Integral threshold:                     1.00e-12
 DF basis set:                           def2-universal-jkfit
 Number of DF basis functions:        1551
 Schwarz screening threshold:            1.00e-10
 Coulomb fitting method:                 Cholesky
 Total number of grid points:       186852
 Method for AO orthogonalization:        symmetric
 Threshold for linear dependence:        1.00e-08
 D3BJ dispersion energy:                -0.030223897

 -------------------------------------
  Running restricted closed-shell SCF 
 -------------------------------------
 Max number of iterations:             128
 Conv. threshold (gradient):             1.00e-05
 Conv. threshold (energy):               1.00e-06
 Interpolation scheme:                   adiis+cdiis
 Initial guess:                          SAD

 ---------------------------------------------------------------
                  energy        change          grad        time
 ---------------------------------------------------------------
   0     -1058.150675989                    3.02e+01        2.55
   1     -1054.158986573      3.99e+00      3.11e+00        1.82
   2     -1053.900154404      2.59e-01      6.29e+00        1.54
   3     -1054.456534734     -5.56e-01      7.05e-01        1.63
   4     -1054.453349576      3.19e-03      1.03e+00        1.63
   5     -1054.469935459     -1.66e-02      2.03e-01        1.58
   6     -1054.469054668      8.81e-04      3.77e-01        1.59
   7     -1054.470559580     -1.50e-03      3.53e-02        1.66
   8     -1054.470540217      1.94e-05      6.14e-02        1.71
   9     -1054.470600227     -6.00e-05      2.38e-03        1.65
  10     -1054.470600461     -2.33e-07      1.15e-03        1.68
  11     -1054.470600498     -3.74e-08      5.70e-04        1.64
  12     -1054.470600505     -6.44e-09      1.86e-04        1.70
  13     -1054.470600505     -8.68e-10      9.32e-05        1.67
  14     -1054.470600506     -2.64e-10      2.49e-05        1.57
  15     -1054.470600506     -2.77e-11      7.98e-06        1.65

 SCF converged in 15 iterations.

 Dipole moment (in Debye):               1.118307       0.954697      -0.874483

 Quadrupole moment (in Debye-Angstrom):
                  1            2            3
 1       -39.164210     0.280392    -2.025240
 2         0.280392   -94.978416    -1.042563
 3        -2.025240    -1.042563   -98.596914

 Spin-squared expectation <S^2>:         0.000
 Total spin quantum number S:            0.000
 TOTAL ENERGY:                       -1054.470600506

 --------------------------------------------------------------------------------

 End time:                               Tue Oct 26 08:52:56 2021
 Total wall-clock time:                 68.682 seconds
==================================================================================
