
================================================================================
          _____________ ________ _______________ ________     _________         
         / ___________// ______ \\_____   _____// ______ \   / ________)        
        / /_________  / /      \ \     | |     / /      \ \ | (_______          
       |  __________|| |        | |    | |    | |        | | \________ \        
        \ \_________ | |        | |    | |     \ \______/ /___________) |       
         \__________||_|        |_|    |_|      \________//____________/        
                                                                                
====================================[ Qcore ]===================================

 Git describe: 2.3.0-1-g21d9df7e5
 Compiler:     GNU 9.1.0
 Build type:   Release
 Version:      2.3.0-1-g21d9df7e5

 Start time:   Tue Oct 26 08:48:49 2021

 Data directory: /work/zw18965/.local/qcore/share/entos/qcore/data
 Number of threads: 24
 Number of threads was determined by: command line argument

 --------------------------------------------------------------------------------
                                   command: dft                                  
 --------------------------------------------------------------------------------
 AO basis set:                           def2-tzvppd
 Number of AO basis functions:        1122
 ECP on atom 23 (Au):                    60 electrons

 Formula:                                C16H14O2Cl3Au
 Nuclear charge:                       256.000000000
 Total charge:                           0.000000000
 Number of core electrons:              60
 Number of treated electrons:          196

 Number of alpha electrons:             98
 Number of beta electrons:              98
 Number of unpaired electrons:           0
 Spin:                                   0
 Multiplicity:                           singlet

 Theory:                                 dft
 Exchange-correlation functional:        camb3lyp

 Using range separated hybrid functional
 Range separation parameter:             0.330000000
 Short range exact exchange:             0.190000000
 Total long range exact exchange:        0.650000000

 Method for Coulomb:                     incore_df
 Method for exact exchange:              pre_transformed_df
 Integral threshold:                     1.00e-12
 DF basis set:                           def2-universal-jkfit
 Number of DF basis functions:        2237
 Schwarz screening threshold:            1.00e-10
 Coulomb fitting method:                 Cholesky
 Total number of grid points:       236750
 Method for AO orthogonalization:        symmetric
 Threshold for linear dependence:        1.00e-08
 D3BJ dispersion energy:                -0.048986685

 -------------------------------------
  Running restricted closed-shell SCF 
 -------------------------------------
 Max number of iterations:             128
 Conv. threshold (gradient):             1.00e-05
 Conv. threshold (energy):               1.00e-06
 Interpolation scheme:                   adiis+cdiis
 Initial guess:                          SAD

 ---------------------------------------------------------------
                  energy        change          grad        time
 ---------------------------------------------------------------
   0     -2291.141052089                    3.80e+01        6.17
   1     -2284.475109636      6.67e+00      4.06e+00        4.95
   2     -2284.217340829      2.58e-01      6.30e+00        4.88
   3     -2284.860214354     -6.43e-01      4.30e-01        5.03
   4     -2284.862152451     -1.94e-03      5.06e-01        4.90
   5     -2284.868710475     -6.56e-03      1.82e-01        5.05
   6     -2284.867473560      1.24e-03      3.13e-01        4.56
   7     -2284.869363865     -1.89e-03      5.97e-02        5.04
   8     -2284.869324742      3.91e-05      7.65e-02        4.71
   9     -2284.869436332     -1.12e-04      2.35e-03        4.46
  10     -2284.869436605     -2.73e-07      5.65e-04        4.59
  11     -2284.869436639     -3.42e-08      2.90e-04        4.39
  12     -2284.869436647     -7.85e-09      1.35e-04        4.84
  13     -2284.869436649     -1.72e-09      6.00e-05        4.95
  14     -2284.869436649     -4.07e-10      2.38e-05        6.56
  15     -2284.869436649     -9.91e-11      1.55e-05        4.91
  16     -2284.869436649      7.28e-12      5.85e-06        5.04

 SCF converged in 16 iterations.

 Dipole moment (in Debye):               8.372663       5.076122      -2.641251

 Quadrupole moment (in Debye-Angstrom):
                  1            2            3
 1      -163.666506   -18.368776     9.526725
 2       -18.368776  -147.615749     7.473174
 3         9.526725     7.473174  -162.060082

 Spin-squared expectation <S^2>:         0.000
 Total spin quantum number S:            0.000
 TOTAL ENERGY:                       -2284.869436649

 --------------------------------------------------------------------------------

 End time:                               Tue Oct 26 08:51:44 2021
 Total wall-clock time:                174.549 seconds
==================================================================================
