
================================================================================
          _____________ ________ _______________ ________     _________         
         / ___________// ______ \\_____   _____// ______ \   / ________)        
        / /_________  / /      \ \     | |     / /      \ \ | (_______          
       |  __________|| |        | |    | |    | |        | | \________ \        
        \ \_________ | |        | |    | |     \ \______/ /___________) |       
         \__________||_|        |_|    |_|      \________//____________/        
                                                                                
====================================[ Qcore ]===================================

 Git describe: 2.3.0-1-g21d9df7e5
 Compiler:     GNU 9.1.0
 Build type:   Release
 Version:      2.3.0-1-g21d9df7e5

 Start time:   Tue Oct 26 08:47:37 2021

 Data directory: /work/zw18965/.local/qcore/share/entos/qcore/data
 Number of threads: 24
 Number of threads was determined by: command line argument

 --------------------------------------------------------------------------------
                                   command: dft                                  
 --------------------------------------------------------------------------------
 AO basis set:                           def2-tzvppd
 Number of AO basis functions:         825
 ECP on atom 1 (Re):                     60 electrons

 Formula:                                C9H8O6BrRe
 Nuclear charge:                       220.000000000
 Total charge:                           0.000000000
 Number of core electrons:              60
 Number of treated electrons:          160

 Number of alpha electrons:             80
 Number of beta electrons:              80
 Number of unpaired electrons:           0
 Spin:                                   0
 Multiplicity:                           singlet

 Theory:                                 dft
 Exchange-correlation functional:        camb3lyp

 Using range separated hybrid functional
 Range separation parameter:             0.330000000
 Short range exact exchange:             0.190000000
 Total long range exact exchange:        0.650000000

 Method for Coulomb:                     incore_df
 Method for exact exchange:              pre_transformed_df
 Integral threshold:                     1.00e-12
 DF basis set:                           def2-universal-jkfit
 Number of DF basis functions:        1774
 Schwarz screening threshold:            1.00e-10
 Coulomb fitting method:                 Cholesky
 Total number of grid points:       167124
 Method for AO orthogonalization:        symmetric
 Threshold for linear dependence:        1.00e-08
 D3BJ dispersion energy:                -0.032965526

 -------------------------------------
  Running restricted closed-shell SCF 
 -------------------------------------
 Max number of iterations:             128
 Conv. threshold (gradient):             1.00e-05
 Conv. threshold (energy):               1.00e-06
 Interpolation scheme:                   adiis+cdiis
 Initial guess:                          SAD

 ---------------------------------------------------------------
                  energy        change          grad        time
 ---------------------------------------------------------------
   0     -3455.495680646                    2.33e+02        2.62
   1     -3451.344682483      4.15e+00      2.97e+00        2.19
   2     -3450.124849086      1.22e+00      8.51e+00        2.00
   3     -3451.663534523     -1.54e+00      1.86e+00        2.04
   4     -3451.675926528     -1.24e-02      1.69e+00        2.04
   5     -3451.733879937     -5.80e-02      2.45e-01        1.95
   6     -3451.731140615      2.74e-03      3.87e-01        2.10
   7     -3451.735482081     -4.34e-03      6.59e-02        2.00
   8     -3451.735325103      1.57e-04      1.05e-01        2.05
   9     -3451.735632850     -3.08e-04      2.63e-03        1.98
  10     -3451.735633196     -3.45e-07      1.09e-03        2.03
  11     -3451.735633240     -4.43e-08      4.15e-04        2.03
  12     -3451.735633248     -7.96e-09      1.49e-04        1.95
  13     -3451.735633249     -9.42e-10      8.62e-05        1.98
  14     -3451.735633249     -2.27e-10      4.09e-05        2.07
  15     -3451.735633249     -7.55e-11      1.62e-05        1.93
  16     -3451.735633249     -1.86e-11      8.01e-06        2.12

 SCF converged in 16 iterations.

 Dipole moment (in Debye):               5.320394       2.661981      -0.455377

 Quadrupole moment (in Debye-Angstrom):
                  1            2            3
 1      -122.967975     1.068534     9.694131
 2         1.068534  -136.760954     1.554354
 3         9.694131     1.554354  -128.680943

 Spin-squared expectation <S^2>:         0.000
 Total spin quantum number S:            0.000
 TOTAL ENERGY:                       -3451.735633249

 --------------------------------------------------------------------------------

 End time:                               Tue Oct 26 08:49:29 2021
 Total wall-clock time:                112.174 seconds
==================================================================================
