
================================================================================
          _____________ ________ _______________ ________     _________         
         / ___________// ______ \\_____   _____// ______ \   / ________)        
        / /_________  / /      \ \     | |     / /      \ \ | (_______          
       |  __________|| |        | |    | |    | |        | | \________ \        
        \ \_________ | |        | |    | |     \ \______/ /___________) |       
         \__________||_|        |_|    |_|      \________//____________/        
                                                                                
====================================[ Qcore ]===================================

 Git describe: 2.3.0-1-g21d9df7e5
 Compiler:     GNU 9.1.0
 Build type:   Release
 Version:      2.3.0-1-g21d9df7e5

 Start time:   Tue Oct 26 08:51:01 2021

 Data directory: /work/zw18965/.local/qcore/share/entos/qcore/data
 Number of threads: 24
 Number of threads was determined by: command line argument

 --------------------------------------------------------------------------------
                                   command: dft                                  
 --------------------------------------------------------------------------------
 AO basis set:                           def2-tzvppd
 Number of AO basis functions:         815
 ECP on atom 25 (Au):                    60 electrons

 Formula:                                C9H15O3PAu+
 Nuclear charge:                       187.000000000
 Total charge:                           1.000000000
 Number of core electrons:              60
 Number of treated electrons:          126

 Number of alpha electrons:             63
 Number of beta electrons:              63
 Number of unpaired electrons:           0
 Spin:                                   0
 Multiplicity:                           singlet

 Theory:                                 dft
 Exchange-correlation functional:        camb3lyp

 Using range separated hybrid functional
 Range separation parameter:             0.330000000
 Short range exact exchange:             0.190000000
 Total long range exact exchange:        0.650000000

 Method for Coulomb:                     incore_df
 Method for exact exchange:              pre_transformed_df
 Integral threshold:                     1.00e-12
 DF basis set:                           def2-universal-jkfit
 Number of DF basis functions:        1551
 Schwarz screening threshold:            1.00e-10
 Coulomb fitting method:                 Cholesky
 Total number of grid points:       186852
 Method for AO orthogonalization:        symmetric
 Threshold for linear dependence:        1.00e-08
 D3BJ dispersion energy:                -0.030218729

 -------------------------------------
  Running restricted closed-shell SCF 
 -------------------------------------
 Max number of iterations:             128
 Conv. threshold (gradient):             1.00e-05
 Conv. threshold (energy):               1.00e-06
 Interpolation scheme:                   adiis+cdiis
 Initial guess:                          SAD

 ---------------------------------------------------------------
                  energy        change          grad        time
 ---------------------------------------------------------------
   0     -1058.437451504                    3.02e+01        2.18
   1     -1054.184439360      4.25e+00      3.12e+00        1.70
   2     -1053.968276262      2.16e-01      5.94e+00        1.51
   3     -1054.475995961     -5.08e-01      4.09e-01        1.64
   4     -1054.473559583      2.44e-03      7.18e-01        1.60
   5     -1054.486235916     -1.27e-02      1.92e-01        1.64
   6     -1054.485665437      5.70e-04      3.18e-01        1.67
   7     -1054.486689465     -1.02e-03      3.33e-02        1.63
   8     -1054.486680385      9.08e-06      5.03e-02        1.70
   9     -1054.486712826     -3.24e-05      1.13e-03        1.74
  10     -1054.486712864     -3.82e-08      2.96e-04        1.56
  11     -1054.486712868     -4.17e-09      1.60e-04        1.64
  12     -1054.486712869     -7.74e-10      5.18e-05        1.70
  13     -1054.486712869     -4.75e-11      1.64e-05        1.75
  14     -1054.486712869      1.14e-12      6.58e-06        1.59

 SCF converged in 14 iterations.

 Dipole moment (in Debye):               6.374413      -0.083002       0.437577

 Quadrupole moment (in Debye-Angstrom):
                  1            2            3
 1       -25.365026    -6.783358    -0.864521
 2        -6.783358   -99.286295    -0.425279
 3        -0.864521    -0.425279   -98.492254

 Spin-squared expectation <S^2>:         0.000
 Total spin quantum number S:            0.000
 TOTAL ENERGY:                       -1054.486712869

 --------------------------------------------------------------------------------

 End time:                               Tue Oct 26 08:52:06 2021
 Total wall-clock time:                 64.762 seconds
==================================================================================
