
================================================================================
          _____________ ________ _______________ ________     _________         
         / ___________// ______ \\_____   _____// ______ \   / ________)        
        / /_________  / /      \ \     | |     / /      \ \ | (_______          
       |  __________|| |        | |    | |    | |        | | \________ \        
        \ \_________ | |        | |    | |     \ \______/ /___________) |       
         \__________||_|        |_|    |_|      \________//____________/        
                                                                                
====================================[ Qcore ]===================================

 Git describe: 2.3.0-1-g21d9df7e5
 Compiler:     GNU 9.1.0
 Build type:   Release
 Version:      2.3.0-1-g21d9df7e5

 Start time:   Tue Oct 26 08:47:05 2021

 Data directory: /work/zw18965/.local/qcore/share/entos/qcore/data
 Number of threads: 24
 Number of threads was determined by: command line argument
  - More threads can be used by running 'qcore -n 32'

 --------------------------------------------------------------------------------
                                   command: dft                                  
 --------------------------------------------------------------------------------
 AO basis set:                           def2-tzvppd
 Number of AO basis functions:        1122
 ECP on atom 23 (Au):                    60 electrons

 Formula:                                C16H14O2Cl3Au
 Nuclear charge:                       256.000000000
 Total charge:                           0.000000000
 Number of core electrons:              60
 Number of treated electrons:          196

 Number of alpha electrons:             98
 Number of beta electrons:              98
 Number of unpaired electrons:           0
 Spin:                                   0
 Multiplicity:                           singlet

 Theory:                                 dft
 Exchange-correlation functional:        camb3lyp

 Using range separated hybrid functional
 Range separation parameter:             0.330000000
 Short range exact exchange:             0.190000000
 Total long range exact exchange:        0.650000000

 Method for Coulomb:                     incore_df
 Method for exact exchange:              pre_transformed_df
 Integral threshold:                     1.00e-12
 DF basis set:                           def2-universal-jkfit
 Number of DF basis functions:        2237
 Schwarz screening threshold:            1.00e-10
 Coulomb fitting method:                 Cholesky
 Total number of grid points:       236750
 Method for AO orthogonalization:        symmetric
 Threshold for linear dependence:        1.00e-08
 D3BJ dispersion energy:                -0.049904349

 -------------------------------------
  Running restricted closed-shell SCF 
 -------------------------------------
 Max number of iterations:             128
 Conv. threshold (gradient):             1.00e-05
 Conv. threshold (energy):               1.00e-06
 Interpolation scheme:                   adiis+cdiis
 Initial guess:                          SAD

 ---------------------------------------------------------------
                  energy        change          grad        time
 ---------------------------------------------------------------
   0     -2291.213192179                    4.04e+01        7.67
   1     -2284.435712637      6.78e+00      3.88e+00        5.64
   2     -2284.070096970      3.66e-01      7.07e+00        5.39
   3     -2284.838418067     -7.68e-01      4.82e-01        6.25
   4     -2284.839436023     -1.02e-03      5.20e-01        5.72
   5     -2284.849726861     -1.03e-02      1.95e-01        5.58
   6     -2284.848531358      1.20e-03      2.93e-01        5.85
   7     -2284.850496483     -1.97e-03      4.55e-02        6.06
   8     -2284.850422821      7.37e-05      7.63e-02        5.75
   9     -2284.850559118     -1.36e-04      2.14e-03        5.59
  10     -2284.850559533     -4.15e-07      1.16e-03        5.65
  11     -2284.850559587     -5.36e-08      4.36e-04        5.70
  12     -2284.850559596     -9.68e-09      1.93e-04        5.82
  13     -2284.850559598     -1.40e-09      6.71e-05        8.04
  14     -2284.850559598     -2.97e-10      5.94e-05        5.75
  15     -2284.850559598     -1.60e-10      1.95e-05        5.58
  16     -2284.850559598     -2.09e-11      8.73e-06        5.51

 SCF converged in 16 iterations.

 Dipole moment (in Debye):             -12.765551       0.596708       1.514126

 Quadrupole moment (in Debye-Angstrom):
                  1            2            3
 1      -155.350798    23.484196     1.338601
 2        23.484196  -143.565997    -6.251028
 3         1.338601    -6.251028  -177.921126

 Spin-squared expectation <S^2>:         0.000
 Total spin quantum number S:            0.000
 TOTAL ENERGY:                       -2284.850559598

 --------------------------------------------------------------------------------

 End time:                               Tue Oct 26 08:50:11 2021
 Total wall-clock time:                185.802 seconds
==================================================================================
