
================================================================================
          _____________ ________ _______________ ________     _________         
         / ___________// ______ \\_____   _____// ______ \   / ________)        
        / /_________  / /      \ \     | |     / /      \ \ | (_______          
       |  __________|| |        | |    | |    | |        | | \________ \        
        \ \_________ | |        | |    | |     \ \______/ /___________) |       
         \__________||_|        |_|    |_|      \________//____________/        
                                                                                
====================================[ Qcore ]===================================

 Git describe: 2.3.0-1-g21d9df7e5
 Compiler:     GNU 9.1.0
 Build type:   Release
 Version:      2.3.0-1-g21d9df7e5

 Start time:   Tue Oct 26 08:45:06 2021

 Data directory: /work/zw18965/.local/qcore/share/entos/qcore/data
 Number of threads: 24
 Number of threads was determined by: command line argument

 --------------------------------------------------------------------------------
                                   command: dft                                  
 --------------------------------------------------------------------------------
 AO basis set:                           def2-tzvppd
 Number of AO basis functions:         825
 ECP on atom 1 (Re):                     60 electrons

 Formula:                                C9H8O6BrRe
 Nuclear charge:                       220.000000000
 Total charge:                           0.000000000
 Number of core electrons:              60
 Number of treated electrons:          160

 Number of alpha electrons:             80
 Number of beta electrons:              80
 Number of unpaired electrons:           0
 Spin:                                   0
 Multiplicity:                           singlet

 Theory:                                 dft
 Exchange-correlation functional:        camb3lyp

 Using range separated hybrid functional
 Range separation parameter:             0.330000000
 Short range exact exchange:             0.190000000
 Total long range exact exchange:        0.650000000

 Method for Coulomb:                     incore_df
 Method for exact exchange:              pre_transformed_df
 Integral threshold:                     1.00e-12
 DF basis set:                           def2-universal-jkfit
 Number of DF basis functions:        1774
 Schwarz screening threshold:            1.00e-10
 Coulomb fitting method:                 Cholesky
 Total number of grid points:       167124
 Method for AO orthogonalization:        symmetric
 Threshold for linear dependence:        1.00e-08
 D3BJ dispersion energy:                -0.031311506

 -------------------------------------
  Running restricted closed-shell SCF 
 -------------------------------------
 Max number of iterations:             128
 Conv. threshold (gradient):             1.00e-05
 Conv. threshold (energy):               1.00e-06
 Interpolation scheme:                   adiis+cdiis
 Initial guess:                          SAD

 ---------------------------------------------------------------
                  energy        change          grad        time
 ---------------------------------------------------------------
   0     -3455.102924430                    1.92e+02        2.54
   1     -3451.432361947      3.67e+00      2.47e+00        1.90
   2     -3450.705423862      7.27e-01      5.35e+00        1.88
   3     -3451.734146997     -1.03e+00      1.31e+00        1.93
   4     -3451.707136790      2.70e-02      1.86e+00        2.00
   5     -3451.771568315     -6.44e-02      2.05e-01        1.92
   6     -3451.769050240      2.52e-03      4.60e-01        2.00
   7     -3451.773145065     -4.09e-03      6.79e-02        1.92
   8     -3451.772870203      2.75e-04      1.43e-01        1.94
   9     -3451.773357473     -4.87e-04      3.55e-03        1.95
  10     -3451.773357941     -4.68e-07      1.33e-03        1.85
  11     -3451.773358033     -9.18e-08      5.64e-04        1.87
  12     -3451.773358048     -1.59e-08      1.87e-04        1.94
  13     -3451.773358051     -2.91e-09      7.61e-05        1.99
  14     -3451.773358052     -3.02e-10      3.88e-05        1.92
  15     -3451.773358052     -7.14e-11      1.61e-05        1.83
  16     -3451.773358052      3.64e-12      6.81e-06        1.89

 SCF converged in 16 iterations.

 Dipole moment (in Debye):               7.647381       4.124045      -1.918968

 Quadrupole moment (in Debye-Angstrom):
                  1            2            3
 1      -105.342812    -3.006030     2.935415
 2        -3.006030  -134.553131    -2.569400
 3         2.935415    -2.569400  -127.508540

 Spin-squared expectation <S^2>:         0.000
 Total spin quantum number S:            0.000
 TOTAL ENERGY:                       -3451.773358052

 --------------------------------------------------------------------------------

 End time:                               Tue Oct 26 08:46:53 2021
 Total wall-clock time:                107.259 seconds
==================================================================================
