
================================================================================
          _____________ ________ _______________ ________     _________         
         / ___________// ______ \\_____   _____// ______ \   / ________)        
        / /_________  / /      \ \     | |     / /      \ \ | (_______          
       |  __________|| |        | |    | |    | |        | | \________ \        
        \ \_________ | |        | |    | |     \ \______/ /___________) |       
         \__________||_|        |_|    |_|      \________//____________/        
                                                                                
====================================[ Qcore ]===================================

 Git describe: 2.3.0-1-g21d9df7e5
 Compiler:     GNU 9.1.0
 Build type:   Release
 Version:      2.3.0-1-g21d9df7e5

 Start time:   Tue Oct 26 08:45:06 2021

 Data directory: /work/zw18965/.local/qcore/share/entos/qcore/data
 Number of threads: 24
 Number of threads was determined by: command line argument
  - More threads can be used by running 'qcore -n 32'

 --------------------------------------------------------------------------------
                                   command: dft                                  
 --------------------------------------------------------------------------------
 AO basis set:                           def2-tzvppd
 Number of AO basis functions:         825
 ECP on atom 1 (Re):                     60 electrons

 Formula:                                C9H8O6BrRe
 Nuclear charge:                       220.000000000
 Total charge:                           0.000000000
 Number of core electrons:              60
 Number of treated electrons:          160

 Number of alpha electrons:             80
 Number of beta electrons:              80
 Number of unpaired electrons:           0
 Spin:                                   0
 Multiplicity:                           singlet

 Theory:                                 dft
 Exchange-correlation functional:        camb3lyp

 Using range separated hybrid functional
 Range separation parameter:             0.330000000
 Short range exact exchange:             0.190000000
 Total long range exact exchange:        0.650000000

 Method for Coulomb:                     incore_df
 Method for exact exchange:              pre_transformed_df
 Integral threshold:                     1.00e-12
 DF basis set:                           def2-universal-jkfit
 Number of DF basis functions:        1774
 Schwarz screening threshold:            1.00e-10
 Coulomb fitting method:                 Cholesky
 Total number of grid points:       167124
 Method for AO orthogonalization:        symmetric
 Threshold for linear dependence:        1.00e-08
 D3BJ dispersion energy:                -0.034702589

 -------------------------------------
  Running restricted closed-shell SCF 
 -------------------------------------
 Max number of iterations:             128
 Conv. threshold (gradient):             1.00e-05
 Conv. threshold (energy):               1.00e-06
 Interpolation scheme:                   adiis+cdiis
 Initial guess:                          SAD

 ---------------------------------------------------------------
                  energy        change          grad        time
 ---------------------------------------------------------------
   0     -3455.475481899                    2.19e+02        3.20
   1     -3451.386746402      4.09e+00      2.76e+00        2.44
   2     -3450.441801406      9.45e-01      6.92e+00        2.41
   3     -3451.693262728     -1.25e+00      1.50e+00        2.55
   4     -3451.679884933      1.34e-02      1.76e+00        2.33
   5     -3451.742625049     -6.27e-02      1.28e-01        2.48
   6     -3451.741560008      1.07e-03      2.67e-01        2.44
   7     -3451.743450361     -1.89e-03      6.06e-02        2.42
   8     -3451.743222704      2.28e-04      1.55e-01        2.41
   9     -3451.743557060     -3.34e-04      4.92e-03        2.50
  10     -3451.743557550     -4.90e-07      1.32e-03        2.40
  11     -3451.743557622     -7.21e-08      5.00e-04        2.38
  12     -3451.743557631     -9.81e-09      1.86e-04        2.43
  13     -3451.743557634     -2.08e-09      8.88e-05        2.39
  14     -3451.743557634     -4.41e-10      3.79e-05        2.37
  15     -3451.743557634     -1.24e-10      2.04e-05        2.45
  16     -3451.743557634     -1.86e-11      9.33e-06        2.41

 SCF converged in 16 iterations.

 Dipole moment (in Debye):              -5.456560       4.891424       0.556035

 Quadrupole moment (in Debye-Angstrom):
                  1            2            3
 1      -118.165275    -5.521557    -1.659754
 2        -5.521557  -129.059026     2.462019
 3        -1.659754     2.462019  -131.791136

 Spin-squared expectation <S^2>:         0.000
 Total spin quantum number S:            0.000
 TOTAL ENERGY:                       -3451.743557634

 --------------------------------------------------------------------------------

 End time:                               Tue Oct 26 08:47:01 2021
 Total wall-clock time:                114.957 seconds
==================================================================================
