
================================================================================
          _____________ ________ _______________ ________     _________         
         / ___________// ______ \\_____   _____// ______ \   / ________)        
        / /_________  / /      \ \     | |     / /      \ \ | (_______          
       |  __________|| |        | |    | |    | |        | | \________ \        
        \ \_________ | |        | |    | |     \ \______/ /___________) |       
         \__________||_|        |_|    |_|      \________//____________/        
                                                                                
====================================[ Qcore ]===================================

 Git describe: 2.3.0-1-g21d9df7e5
 Compiler:     GNU 9.1.0
 Build type:   Release
 Version:      2.3.0-1-g21d9df7e5

 Start time:   Tue Oct 26 08:51:00 2021

 Data directory: /work/zw18965/.local/qcore/share/entos/qcore/data
 Number of threads: 24
 Number of threads was determined by: command line argument
  - More threads can be used by running 'qcore -n 32'

 --------------------------------------------------------------------------------
                                   command: dft                                  
 --------------------------------------------------------------------------------
 AO basis set:                           def2-tzvppd
 Number of AO basis functions:         621
 ECP on atom 1 (Ir):                     60 electrons

 Formula:                                C7H15PIr+
 Nuclear charge:                       149.000000000
 Total charge:                           1.000000000
 Number of core electrons:              60
 Number of treated electrons:           88

 Number of alpha electrons:             44
 Number of beta electrons:              44
 Number of unpaired electrons:           0
 Spin:                                   0
 Multiplicity:                           singlet

 Theory:                                 dft
 Exchange-correlation functional:        camb3lyp

 Using range separated hybrid functional
 Range separation parameter:             0.330000000
 Short range exact exchange:             0.190000000
 Total long range exact exchange:        0.650000000

 Method for Coulomb:                     incore_df
 Method for exact exchange:              pre_transformed_df
 Integral threshold:                     1.00e-12
 DF basis set:                           def2-universal-jkfit
 Number of DF basis functions:        1150
 Schwarz screening threshold:            1.00e-10
 Coulomb fitting method:                 Cholesky
 Total number of grid points:       152420
 Method for AO orthogonalization:        symmetric
 Threshold for linear dependence:        1.00e-08
 D3BJ dispersion energy:                -0.026653722

 -------------------------------------
  Running restricted closed-shell SCF 
 -------------------------------------
 Max number of iterations:             128
 Conv. threshold (gradient):             1.00e-05
 Conv. threshold (energy):               1.00e-06
 Interpolation scheme:                   adiis+cdiis
 Initial guess:                          SAD

 ---------------------------------------------------------------
                  energy        change          grad        time
 ---------------------------------------------------------------
   0      -723.811862740                    1.69e+02        1.04
   1      -720.974694734      2.84e+00      3.17e+00        0.82
   2      -720.631325805      3.43e-01      6.73e+00        0.80
   3      -721.172670305     -5.41e-01      7.59e-01        0.79
   4      -721.171159832      1.51e-03      8.93e-01        0.80
   5      -721.188017890     -1.69e-02      2.47e-01        0.80
   6      -721.185894849      2.12e-03      5.21e-01        0.85
   7      -721.188605316     -2.71e-03      1.08e-01        0.82
   8      -721.188669739     -6.44e-05      8.83e-02        0.85
   9      -721.188752749     -8.30e-05      2.69e-02        0.91
  10      -721.188760882     -8.13e-06      1.31e-03        0.86
  11      -721.188760991     -1.10e-07      5.66e-04        0.80
  12      -721.188761005     -1.44e-08      2.39e-04        0.83
  13      -721.188761008     -2.70e-09      1.01e-04        0.82
  14      -721.188761009     -4.72e-10      4.27e-05        0.79
  15      -721.188761009     -9.00e-11      1.69e-05        0.80
  16      -721.188761009     -1.50e-11      8.01e-06        0.84

 SCF converged in 16 iterations.

 Dipole moment (in Debye):              -0.675979      -0.597339      -1.817204

 Quadrupole moment (in Debye-Angstrom):
                  1            2            3
 1       -63.340860     2.446781     3.150992
 2         2.446781   -64.352366    -1.084047
 3         3.150992    -1.084047   -71.654453

 Spin-squared expectation <S^2>:         0.000
 Total spin quantum number S:            0.000
 TOTAL ENERGY:                        -721.188761009

 --------------------------------------------------------------------------------

 End time:                               Tue Oct 26 08:51:35 2021
 Total wall-clock time:                 35.143 seconds
==================================================================================
