
================================================================================
          _____________ ________ _______________ ________     _________         
         / ___________// ______ \\_____   _____// ______ \   / ________)        
        / /_________  / /      \ \     | |     / /      \ \ | (_______          
       |  __________|| |        | |    | |    | |        | | \________ \        
        \ \_________ | |        | |    | |     \ \______/ /___________) |       
         \__________||_|        |_|    |_|      \________//____________/        
                                                                                
====================================[ Qcore ]===================================

 Git describe: 2.3.0-1-g21d9df7e5
 Compiler:     GNU 9.1.0
 Build type:   Release
 Version:      2.3.0-1-g21d9df7e5

 Start time:   Tue Oct 26 08:52:09 2021

 Data directory: /work/zw18965/.local/qcore/share/entos/qcore/data
 Number of threads: 24
 Number of threads was determined by: command line argument

 --------------------------------------------------------------------------------
                                   command: dft                                  
 --------------------------------------------------------------------------------
 AO basis set:                           def2-tzvppd
 Number of AO basis functions:         621
 ECP on atom 1 (Ir):                     60 electrons

 Formula:                                C7H15PIr+
 Nuclear charge:                       149.000000000
 Total charge:                           1.000000000
 Number of core electrons:              60
 Number of treated electrons:           88

 Number of alpha electrons:             44
 Number of beta electrons:              44
 Number of unpaired electrons:           0
 Spin:                                   0
 Multiplicity:                           singlet

 Theory:                                 dft
 Exchange-correlation functional:        camb3lyp

 Using range separated hybrid functional
 Range separation parameter:             0.330000000
 Short range exact exchange:             0.190000000
 Total long range exact exchange:        0.650000000

 Method for Coulomb:                     incore_df
 Method for exact exchange:              pre_transformed_df
 Integral threshold:                     1.00e-12
 DF basis set:                           def2-universal-jkfit
 Number of DF basis functions:        1150
 Schwarz screening threshold:            1.00e-10
 Coulomb fitting method:                 Cholesky
 Total number of grid points:       152420
 Method for AO orthogonalization:        symmetric
 Threshold for linear dependence:        1.00e-08
 D3BJ dispersion energy:                -0.027263601

 -------------------------------------
  Running restricted closed-shell SCF 
 -------------------------------------
 Max number of iterations:             128
 Conv. threshold (gradient):             1.00e-05
 Conv. threshold (energy):               1.00e-06
 Interpolation scheme:                   adiis+cdiis
 Initial guess:                          SAD

 ---------------------------------------------------------------
                  energy        change          grad        time
 ---------------------------------------------------------------
   0      -723.823468732                    1.77e+02        1.23
   1      -720.954373504      2.87e+00      3.24e+00        0.87
   2      -720.601017876      3.53e-01      7.37e+00        0.85
   3      -721.153981914     -5.53e-01      6.72e-01        0.84
   4      -721.150205443      3.78e-03      8.18e-01        0.90
   5      -721.168697080     -1.85e-02      3.67e-01        0.90
   6      -721.164498220      4.20e-03      7.62e-01        0.89
   7      -721.169632524     -5.13e-03      1.79e-01        0.88
   8      -721.169861075     -2.29e-04      1.05e-01        0.90
   9      -721.169934750     -7.37e-05      5.49e-02        0.96
  10      -721.169954060     -1.93e-05      2.91e-02        0.94
  11      -721.169962296     -8.24e-06      3.78e-04        0.94
  12      -721.169962300     -3.70e-09      1.70e-04        0.79
  13      -721.169962301     -7.32e-10      5.98e-05        0.82
  14      -721.169962301     -1.40e-10      1.86e-05        0.79
  15      -721.169962301     -1.56e-11      1.24e-05        0.97
  16      -721.169962301     -2.73e-12      2.92e-06        0.88

 SCF converged in 16 iterations.

 Dipole moment (in Debye):               0.973117       0.287387       1.590665

 Quadrupole moment (in Debye-Angstrom):
                  1            2            3
 1       -62.699308    -0.571525     4.153227
 2        -0.571525   -68.859772    -1.596058
 3         4.153227    -1.596058   -69.394741

 Spin-squared expectation <S^2>:         0.000
 Total spin quantum number S:            0.000
 TOTAL ENERGY:                        -721.169962301

 --------------------------------------------------------------------------------

 End time:                               Tue Oct 26 08:52:47 2021
 Total wall-clock time:                 37.396 seconds
==================================================================================
