
================================================================================
          _____________ ________ _______________ ________     _________         
         / ___________// ______ \\_____   _____// ______ \   / ________)        
        / /_________  / /      \ \     | |     / /      \ \ | (_______          
       |  __________|| |        | |    | |    | |        | | \________ \        
        \ \_________ | |        | |    | |     \ \______/ /___________) |       
         \__________||_|        |_|    |_|      \________//____________/        
                                                                                
====================================[ Qcore ]===================================

 Git describe: 2.3.0-1-g21d9df7e5
 Compiler:     GNU 9.1.0
 Build type:   Release
 Version:      2.3.0-1-g21d9df7e5

 Start time:   Tue Oct 26 08:50:26 2021

 Data directory: /work/zw18965/.local/qcore/share/entos/qcore/data
 Number of threads: 24
 Number of threads was determined by: command line argument
  - More threads can be used by running 'qcore -n 32'

 --------------------------------------------------------------------------------
                                   command: dft                                  
 --------------------------------------------------------------------------------
 AO basis set:                           def2-tzvppd
 Number of AO basis functions:          67

 Formula:                                Ti
 Nuclear charge:                        22.000000000
 Total charge:                           0.000000000
 Number of electrons:                   22.000000000

 Number of alpha electrons:             12
 Number of beta electrons:              10
 Number of unpaired electrons:           2
 Spin:                                   2
 Multiplicity:                           triplet

 Theory:                                 dft
 Exchange-correlation functional:        camb3lyp

 Using range separated hybrid functional
 Range separation parameter:             0.330000000
 Short range exact exchange:             0.190000000
 Total long range exact exchange:        0.650000000

 Method for Coulomb:                     incore_df
 Method for exact exchange:              pre_transformed_df
 Integral threshold:                     1.00e-12
 DF basis set:                           def2-universal-jkfit
 Number of DF basis functions:         264
 Schwarz screening threshold:            1.00e-10
 Coulomb fitting method:                 Cholesky
 Total number of grid points:         7792
 Method for AO orthogonalization:        symmetric
 Threshold for linear dependence:        1.00e-08
 D3BJ dispersion energy:                 0.000000000

 -------------------------------------
  Running unrestricted open-shell SCF 
 -------------------------------------
 Max number of iterations:             128
 Conv. threshold (gradient):             1.00e-05
 Conv. threshold (energy):               1.00e-06
 Interpolation scheme:                   adiis+cdiis
 Initial guess:                          SAD

 ---------------------------------------------------------------
                  energy        change          grad        time
 ---------------------------------------------------------------
   0      -849.139450126                    5.46e-03        0.01
   1      -849.366359806     -2.27e-01      1.48e-01        0.01
   2      -849.377517111     -1.12e-02      5.34e-02        0.01
   3      -849.379375289     -1.86e-03      4.87e-02        0.01
   4      -849.380548373     -1.17e-03      9.02e-03        0.01
   5      -849.380801396     -2.53e-04      6.98e-03        0.01
   6      -849.381263032     -4.62e-04      5.66e-03        0.01
   7      -849.381853734     -5.91e-04      2.56e-03        0.01
   8      -849.381860770     -7.04e-06      1.56e-03        0.01
   9      -849.381863787     -3.02e-06      1.53e-03        0.01
  10      -849.381877047     -1.33e-05      2.70e-04        0.01
  11      -849.381877549     -5.02e-07      1.85e-04        0.01
  12      -849.381877725     -1.75e-07      1.61e-04        0.01
  13      -849.381878329     -6.05e-07      7.00e-05        0.01
  14      -849.381878425     -9.58e-08      1.10e-05        0.01
  15      -849.381878427     -1.84e-09      7.58e-06        0.01

 SCF converged in 15 iterations.

 Dipole moment (in Debye):              -0.000002      -0.000002      -0.000002

 Quadrupole moment (in Debye-Angstrom):
                  1            2            3
 1       -21.248463     0.000004     0.000004
 2         0.000004   -21.248463     0.000004
 3         0.000004     0.000004   -21.248463

 Spin-squared expectation <S^2>:         2.002
 Total spin quantum number S:            1.001
 TOTAL ENERGY:                        -849.381878427

 --------------------------------------------------------------------------------

 End time:                               Tue Oct 26 08:50:27 2021
 Total wall-clock time:                  0.874 seconds
==================================================================================
