
================================================================================
          _____________ ________ _______________ ________     _________         
         / ___________// ______ \\_____   _____// ______ \   / ________)        
        / /_________  / /      \ \     | |     / /      \ \ | (_______          
       |  __________|| |        | |    | |    | |        | | \________ \        
        \ \_________ | |        | |    | |     \ \______/ /___________) |       
         \__________||_|        |_|    |_|      \________//____________/        
                                                                                
====================================[ Qcore ]===================================

 Git describe: 2.3.0-1-g21d9df7e5
 Compiler:     GNU 9.1.0
 Build type:   Release
 Version:      2.3.0-1-g21d9df7e5

 Start time:   Tue Oct 26 08:51:51 2021

 Data directory: /work/zw18965/.local/qcore/share/entos/qcore/data
 Number of threads: 24
 Number of threads was determined by: command line argument
  - More threads can be used by running 'qcore -n 32'

 --------------------------------------------------------------------------------
                                   command: dft                                  
 --------------------------------------------------------------------------------
 AO basis set:                           def2-tzvppd
 Number of AO basis functions:          67

 Formula:                                V
 Nuclear charge:                        23.000000000
 Total charge:                           0.000000000
 Number of electrons:                   23.000000000

 Number of alpha electrons:             13
 Number of beta electrons:              10
 Number of unpaired electrons:           3
 Spin:                                   3
 Multiplicity:                           quartet

 Theory:                                 dft
 Exchange-correlation functional:        camb3lyp

 Using range separated hybrid functional
 Range separation parameter:             0.330000000
 Short range exact exchange:             0.190000000
 Total long range exact exchange:        0.650000000

 Method for Coulomb:                     incore_df
 Method for exact exchange:              pre_transformed_df
 Integral threshold:                     1.00e-12
 DF basis set:                           def2-universal-jkfit
 Number of DF basis functions:         264
 Schwarz screening threshold:            1.00e-10
 Coulomb fitting method:                 Cholesky
 Total number of grid points:         7852
 Method for AO orthogonalization:        symmetric
 Threshold for linear dependence:        1.00e-08
 D3BJ dispersion energy:                 0.000000000

 -------------------------------------
  Running unrestricted open-shell SCF 
 -------------------------------------
 Max number of iterations:             128
 Conv. threshold (gradient):             1.00e-05
 Conv. threshold (energy):               1.00e-06
 Interpolation scheme:                   adiis+cdiis
 Initial guess:                          SAD

 ---------------------------------------------------------------
                  energy        change          grad        time
 ---------------------------------------------------------------
   0      -943.495073622                    2.33e-02        0.01
   1      -943.723220824     -2.28e-01      5.56e-01        0.01
   2      -942.861975458      8.61e-01      1.38e+00        0.01
   3      -943.923959783     -1.06e+00      9.41e-02        0.01
   4      -943.927168106     -3.21e-03      6.41e-02        0.01
   5      -943.929306281     -2.14e-03      1.38e-02        0.01
   6      -943.929709076     -4.03e-04      1.14e-02        0.01
   7      -943.930597002     -8.88e-04      8.27e-03        0.01
   8      -943.931385814     -7.89e-04      3.26e-03        0.01
   9      -943.931402505     -1.67e-05      2.12e-03        0.01
  10      -943.931410754     -8.25e-06      1.24e-03        0.01
  11      -943.931416035     -5.28e-06      8.13e-04        0.01
  12      -943.931419233     -3.20e-06      2.71e-04        0.01
  13      -943.931419616     -3.83e-07      1.81e-04        0.01
  14      -943.931419229      3.87e-07      2.00e-04        0.01
  15      -943.931417495      1.73e-06      8.92e-05        0.01
  16      -943.931417385      1.09e-07      5.16e-05        0.01
  17      -943.931417384      1.12e-09      4.08e-05        0.01
  18      -943.931417394     -1.00e-08      1.79e-05        0.01
  19      -943.931417395     -1.03e-09      5.27e-06        0.01

 SCF converged in 19 iterations.

 Dipole moment (in Debye):               0.000000       0.000000       0.000000

 Quadrupole moment (in Debye-Angstrom):
                  1            2            3
 1       -20.167188    -0.000015     0.000002
 2        -0.000015   -20.167190     0.000003
 3         0.000002     0.000003   -20.167169

 Spin-squared expectation <S^2>:         3.754
 Total spin quantum number S:            1.501
 TOTAL ENERGY:                        -943.931417395

 --------------------------------------------------------------------------------

 End time:                               Tue Oct 26 08:51:51 2021
 Total wall-clock time:                  0.907 seconds
==================================================================================
