
================================================================================
          _____________ ________ _______________ ________     _________         
         / ___________// ______ \\_____   _____// ______ \   / ________)        
        / /_________  / /      \ \     | |     / /      \ \ | (_______          
       |  __________|| |        | |    | |    | |        | | \________ \        
        \ \_________ | |        | |    | |     \ \______/ /___________) |       
         \__________||_|        |_|    |_|      \________//____________/        
                                                                                
====================================[ Qcore ]===================================

 Git describe: 2.3.0-1-g21d9df7e5
 Compiler:     GNU 9.1.0
 Build type:   Release
 Version:      2.3.0-1-g21d9df7e5

 Start time:   Tue Oct 26 08:52:09 2021

 Data directory: /work/zw18965/.local/qcore/share/entos/qcore/data
 Number of threads: 24
 Number of threads was determined by: command line argument
  - More threads can be used by running 'qcore -n 32'

 --------------------------------------------------------------------------------
                                   command: dft                                  
 --------------------------------------------------------------------------------
 AO basis set:                           def2-tzvppd
 Number of AO basis functions:         118

 Formula:                                ClFe
 Nuclear charge:                        43.000000000
 Total charge:                           0.000000000
 Number of electrons:                   43.000000000

 Number of alpha electrons:             24
 Number of beta electrons:              19
 Number of unpaired electrons:           5
 Spin:                                   5
 Multiplicity:                           septet

 Theory:                                 dft
 Exchange-correlation functional:        camb3lyp

 Using range separated hybrid functional
 Range separation parameter:             0.330000000
 Short range exact exchange:             0.190000000
 Total long range exact exchange:        0.650000000

 Method for Coulomb:                     incore_df
 Method for exact exchange:              pre_transformed_df
 Integral threshold:                     1.00e-12
 DF basis set:                           def2-universal-jkfit
 Number of DF basis functions:         392
 Schwarz screening threshold:            1.00e-10
 Coulomb fitting method:                 Cholesky
 Total number of grid points:        15430
 Method for AO orthogonalization:        symmetric
 Threshold for linear dependence:        1.00e-08
 D3BJ dispersion energy:                -0.001102587

 -------------------------------------
  Running unrestricted open-shell SCF 
 -------------------------------------
 Max number of iterations:             128
 Conv. threshold (gradient):             1.00e-05
 Conv. threshold (energy):               1.00e-06
 Interpolation scheme:                   adiis+cdiis
 Initial guess:                          SAD

 ---------------------------------------------------------------
                  energy        change          grad        time
 ---------------------------------------------------------------
   0     -1723.590536068                    1.79e+00        0.03
   1     -1723.997268169     -4.07e-01      2.37e-01        0.02
   2     -1724.014944287     -1.77e-02      1.36e-01        0.02
   3     -1724.006941958      8.00e-03      2.18e-01        0.02
   4     -1724.029259435     -2.23e-02      2.69e-02        0.02
   5     -1724.029751279     -4.92e-04      1.99e-02        0.02
   6     -1724.030066450     -3.15e-04      2.54e-03        0.02
   7     -1724.030081691     -1.52e-05      9.09e-04        0.02
   8     -1724.030083732     -2.04e-06      4.38e-04        0.02
   9     -1724.030083943     -2.11e-07      1.16e-04        0.02
  10     -1724.030083961     -1.82e-08      3.16e-05        0.02
  11     -1724.030083963     -2.16e-09      1.31e-05        0.02
  12     -1724.030083963     -3.01e-10      4.71e-06        0.02

 SCF converged in 12 iterations.

 Dipole moment (in Debye):              -0.000001      -0.000001       2.446423

 Quadrupole moment (in Debye-Angstrom):
                  1            2            3
 1       -27.965723     0.000015    -0.000001
 2         0.000015   -27.965723    -0.000001
 3        -0.000001    -0.000001   -32.517288

 Spin-squared expectation <S^2>:         8.754
 Total spin quantum number S:            2.501
 TOTAL ENERGY:                       -1724.030083963

 --------------------------------------------------------------------------------

 End time:                               Tue Oct 26 08:52:10 2021
 Total wall-clock time:                  1.454 seconds
==================================================================================
