
================================================================================
          _____________ ________ _______________ ________     _________         
         / ___________// ______ \\_____   _____// ______ \   / ________)        
        / /_________  / /      \ \     | |     / /      \ \ | (_______          
       |  __________|| |        | |    | |    | |        | | \________ \        
        \ \_________ | |        | |    | |     \ \______/ /___________) |       
         \__________||_|        |_|    |_|      \________//____________/        
                                                                                
====================================[ Qcore ]===================================

 Git describe: 2.3.0-1-g21d9df7e5
 Compiler:     GNU 9.1.0
 Build type:   Release
 Version:      2.3.0-1-g21d9df7e5

 Start time:   Tue Oct 26 08:52:57 2021

 Data directory: /work/zw18965/.local/qcore/share/entos/qcore/data
 Number of threads: 24
 Number of threads was determined by: command line argument

 --------------------------------------------------------------------------------
                                   command: dft                                  
 --------------------------------------------------------------------------------
 AO basis set:                           def2-tzvppd
 Number of AO basis functions:         118

 Formula:                                SCr
 Nuclear charge:                        40.000000000
 Total charge:                           0.000000000
 Number of electrons:                   40.000000000

 Number of alpha electrons:             22
 Number of beta electrons:              18
 Number of unpaired electrons:           4
 Spin:                                   4
 Multiplicity:                           quintet

 Theory:                                 dft
 Exchange-correlation functional:        camb3lyp

 Using range separated hybrid functional
 Range separation parameter:             0.330000000
 Short range exact exchange:             0.190000000
 Total long range exact exchange:        0.650000000

 Method for Coulomb:                     incore_df
 Method for exact exchange:              pre_transformed_df
 Integral threshold:                     1.00e-12
 DF basis set:                           def2-universal-jkfit
 Number of DF basis functions:         392
 Schwarz screening threshold:            1.00e-10
 Coulomb fitting method:                 Cholesky
 Total number of grid points:        15178
 Method for AO orthogonalization:        symmetric
 Threshold for linear dependence:        1.00e-08
 D3BJ dispersion energy:                -0.001567317

 -------------------------------------
  Running unrestricted open-shell SCF 
 -------------------------------------
 Max number of iterations:             128
 Conv. threshold (gradient):             1.00e-05
 Conv. threshold (energy):               1.00e-06
 Interpolation scheme:                   adiis+cdiis
 Initial guess:                          SAD

 ---------------------------------------------------------------
                  energy        change          grad        time
 ---------------------------------------------------------------
   0     -1442.255597763                    1.89e+00        0.03
   1     -1442.011734378      2.44e-01      1.51e+00        0.03
   2     -1429.916321362      1.21e+01      7.76e+00        0.03
   3     -1440.384302561     -1.05e+01      3.16e+00        0.03
   4     -1442.645410150     -2.26e+00      3.96e-01        0.03
   5     -1442.570426530      7.50e-02      7.60e-01        0.03
   6     -1442.694906042     -1.24e-01      1.61e-01        0.03
   7     -1442.673221039      2.17e-02      3.35e-01        0.03
   8     -1442.702643336     -2.94e-02      4.99e-02        0.03
   9     -1442.701255150      1.39e-03      1.50e-01        0.03
  10     -1442.707550255     -6.30e-03      4.20e-02        0.03
  11     -1442.709419918     -1.87e-03      2.34e-02        0.03
  12     -1442.710379905     -9.60e-04      1.58e-02        0.03
  13     -1442.710866378     -4.86e-04      8.41e-03        0.03
  14     -1442.710900189     -3.38e-05      4.08e-03        0.03
  15     -1442.710927913     -2.77e-05      1.59e-03        0.03
  16     -1442.710929581     -1.67e-06      6.57e-04        0.03
  17     -1442.710930041     -4.60e-07      3.47e-04        0.03
  18     -1442.710930176     -1.34e-07      9.14e-05        0.03
  19     -1442.710930209     -3.28e-08      4.00e-05        0.03
  20     -1442.710930215     -6.39e-09      1.68e-05        0.03
  21     -1442.710930215     -3.99e-10      7.31e-06        0.03

 SCF converged in 21 iterations.

 Dipole moment (in Debye):               0.000001       0.000001       5.632119

 Quadrupole moment (in Debye-Angstrom):
                  1            2            3
 1       -29.150310    -1.452169    -0.000001
 2        -1.452169   -29.150253    -0.000001
 3        -0.000001    -0.000001   -25.843830

 Spin-squared expectation <S^2>:         6.545
 Total spin quantum number S:            2.107
 TOTAL ENERGY:                       -1442.710930215

 --------------------------------------------------------------------------------

 End time:                               Tue Oct 26 08:52:59 2021
 Total wall-clock time:                  1.808 seconds
==================================================================================
