
================================================================================
          _____________ ________ _______________ ________     _________         
         / ___________// ______ \\_____   _____// ______ \   / ________)        
        / /_________  / /      \ \     | |     / /      \ \ | (_______          
       |  __________|| |        | |    | |    | |        | | \________ \        
        \ \_________ | |        | |    | |     \ \______/ /___________) |       
         \__________||_|        |_|    |_|      \________//____________/        
                                                                                
====================================[ Qcore ]===================================

 Git describe: 2.3.0-1-g21d9df7e5
 Compiler:     GNU 9.1.0
 Build type:   Release
 Version:      2.3.0-1-g21d9df7e5

 Start time:   Tue Oct 26 08:52:04 2021

 Data directory: /work/zw18965/.local/qcore/share/entos/qcore/data
 Number of threads: 24
 Number of threads was determined by: command line argument
  - More threads can be used by running 'qcore -n 32'

 --------------------------------------------------------------------------------
                                   command: dft                                  
 --------------------------------------------------------------------------------
 AO basis set:                           def2-tzvppd
 Number of AO basis functions:         107

 Formula:                                OV
 Nuclear charge:                        31.000000000
 Total charge:                           0.000000000
 Number of electrons:                   31.000000000

 Number of alpha electrons:             17
 Number of beta electrons:              14
 Number of unpaired electrons:           3
 Spin:                                   3
 Multiplicity:                           quartet

 Theory:                                 dft
 Exchange-correlation functional:        camb3lyp

 Using range separated hybrid functional
 Range separation parameter:             0.330000000
 Short range exact exchange:             0.190000000
 Total long range exact exchange:        0.650000000

 Method for Coulomb:                     incore_df
 Method for exact exchange:              pre_transformed_df
 Integral threshold:                     1.00e-12
 DF basis set:                           def2-universal-jkfit
 Number of DF basis functions:         341
 Schwarz screening threshold:            1.00e-10
 Coulomb fitting method:                 Cholesky
 Total number of grid points:        14796
 Method for AO orthogonalization:        symmetric
 Threshold for linear dependence:        1.00e-08
 D3BJ dispersion energy:                -0.000628913

 -------------------------------------
  Running unrestricted open-shell SCF 
 -------------------------------------
 Max number of iterations:             128
 Conv. threshold (gradient):             1.00e-05
 Conv. threshold (energy):               1.00e-06
 Interpolation scheme:                   adiis+cdiis
 Initial guess:                          SAD

 ---------------------------------------------------------------
                  energy        change          grad        time
 ---------------------------------------------------------------
   0     -1018.784091441                    2.14e+00        0.02
   1     -1018.584537370      2.00e-01      1.27e+00        0.02
   2     -1005.736895043      1.28e+01      8.47e+00        0.02
   3     -1017.302169490     -1.16e+01      2.26e+00        0.02
   4     -1019.213108228     -1.91e+00      2.84e-01        0.02
   5     -1019.098339854      1.15e-01      6.94e-01        0.02
   6     -1019.229846351     -1.32e-01      2.03e-01        0.02
   7     -1019.239510363     -9.66e-03      8.72e-02        0.02
   8     -1019.240912670     -1.40e-03      7.09e-02        0.02
   9     -1019.242335745     -1.42e-03      9.79e-03        0.02
  10     -1019.242415598     -7.99e-05      6.05e-03        0.02
  11     -1019.242435134     -1.95e-05      1.19e-03        0.02
  12     -1019.242437239     -2.10e-06      5.99e-04        0.02
  13     -1019.242437528     -2.89e-07      2.84e-04        0.02
  14     -1019.242437599     -7.17e-08      1.37e-04        0.02
  15     -1019.242437610     -1.03e-08      2.49e-05        0.02
  16     -1019.242437610     -7.51e-10      7.27e-06        0.02

 SCF converged in 16 iterations.

 Dipole moment (in Debye):              -0.000001      -0.000001       4.041478

 Quadrupole moment (in Debye-Angstrom):
                  1            2            3
 1       -21.574203     0.000000    -0.000000
 2         0.000000   -21.574203    -0.000000
 3        -0.000000    -0.000000   -23.413418

 Spin-squared expectation <S^2>:         3.801
 Total spin quantum number S:            1.513
 TOTAL ENERGY:                       -1019.242437610

 --------------------------------------------------------------------------------

 End time:                               Tue Oct 26 08:52:05 2021
 Total wall-clock time:                  1.426 seconds
==================================================================================
