
================================================================================
          _____________ ________ _______________ ________     _________         
         / ___________// ______ \\_____   _____// ______ \   / ________)        
        / /_________  / /      \ \     | |     / /      \ \ | (_______          
       |  __________|| |        | |    | |    | |        | | \________ \        
        \ \_________ | |        | |    | |     \ \______/ /___________) |       
         \__________||_|        |_|    |_|      \________//____________/        
                                                                                
====================================[ Qcore ]===================================

 Git describe: 2.3.0-1-g21d9df7e5
 Compiler:     GNU 9.1.0
 Build type:   Release
 Version:      2.3.0-1-g21d9df7e5

 Start time:   Tue Oct 26 08:50:40 2021

 Data directory: /work/zw18965/.local/qcore/share/entos/qcore/data
 Number of threads: 24
 Number of threads was determined by: command line argument
  - More threads can be used by running 'qcore -n 32'

 --------------------------------------------------------------------------------
                                   command: dft                                  
 --------------------------------------------------------------------------------
 AO basis set:                           def2-tzvppd
 Number of AO basis functions:         124

 Formula:                                TiBr
 Nuclear charge:                        57.000000000
 Total charge:                           0.000000000
 Number of electrons:                   57.000000000

 Number of alpha electrons:             30
 Number of beta electrons:              27
 Number of unpaired electrons:           3
 Spin:                                   3
 Multiplicity:                           quartet

 Theory:                                 dft
 Exchange-correlation functional:        camb3lyp

 Using range separated hybrid functional
 Range separation parameter:             0.330000000
 Short range exact exchange:             0.190000000
 Total long range exact exchange:        0.650000000

 Method for Coulomb:                     incore_df
 Method for exact exchange:              pre_transformed_df
 Integral threshold:                     1.00e-12
 DF basis set:                           def2-universal-jkfit
 Number of DF basis functions:         530
 Schwarz screening threshold:            1.00e-10
 Coulomb fitting method:                 Cholesky
 Total number of grid points:        15956
 Method for AO orthogonalization:        symmetric
 Threshold for linear dependence:        1.00e-08
 D3BJ dispersion energy:                -0.001684619

 -------------------------------------
  Running unrestricted open-shell SCF 
 -------------------------------------
 Max number of iterations:             128
 Conv. threshold (gradient):             1.00e-05
 Conv. threshold (energy):               1.00e-06
 Interpolation scheme:                   adiis+cdiis
 Initial guess:                          SAD

 ---------------------------------------------------------------
                  energy        change          grad        time
 ---------------------------------------------------------------
   0     -3423.620698921                    2.51e+00        0.04
   1     -3423.719537176     -9.88e-02      2.02e-01        0.03
   2     -3423.720601644     -1.06e-03      2.36e-01        0.03
   3     -3423.751029745     -3.04e-02      8.49e-02        0.03
   4     -3423.749625540      1.40e-03      9.38e-02        0.03
   5     -3423.754775658     -5.15e-03      1.26e-02        0.03
   6     -3423.755087387     -3.12e-04      8.43e-03        0.03
   7     -3423.755330535     -2.43e-04      6.08e-03        0.03
   8     -3423.755590153     -2.60e-04      2.55e-03        0.03
   9     -3423.755642629     -5.25e-05      1.03e-03        0.03
  10     -3423.755647636     -5.01e-06      2.64e-04        0.03
  11     -3423.755648013     -3.76e-07      6.20e-05        0.03
  12     -3423.755648016     -3.91e-09      2.23e-05        0.03
  13     -3423.755648017     -5.48e-10      4.99e-06        0.03

 SCF converged in 13 iterations.

 Dipole moment (in Debye):               0.000004       0.000004      -5.427277

 Quadrupole moment (in Debye-Angstrom):
                  1            2            3
 1       -36.718384     0.000000    -0.000010
 2         0.000000   -36.718384    -0.000010
 3        -0.000010    -0.000010   -25.935842

 Spin-squared expectation <S^2>:         3.755
 Total spin quantum number S:            1.501
 TOTAL ENERGY:                       -3423.755648017

 --------------------------------------------------------------------------------

 End time:                               Tue Oct 26 08:50:43 2021
 Total wall-clock time:                  2.561 seconds
==================================================================================
