
================================================================================
          _____________ ________ _______________ ________     _________         
         / ___________// ______ \\_____   _____// ______ \   / ________)        
        / /_________  / /      \ \     | |     / /      \ \ | (_______          
       |  __________|| |        | |    | |    | |        | | \________ \        
        \ \_________ | |        | |    | |     \ \______/ /___________) |       
         \__________||_|        |_|    |_|      \________//____________/        
                                                                                
====================================[ Qcore ]===================================

 Git describe: 2.3.0-1-g21d9df7e5
 Compiler:     GNU 9.1.0
 Build type:   Release
 Version:      2.3.0-1-g21d9df7e5

 Start time:   Tue Oct 26 08:52:59 2021

 Data directory: /work/zw18965/.local/qcore/share/entos/qcore/data
 Number of threads: 24
 Number of threads was determined by: command line argument

 --------------------------------------------------------------------------------
                                   command: dft                                  
 --------------------------------------------------------------------------------
 AO basis set:                           def2-tzvppd
 Number of AO basis functions:         124

 Formula:                                MnBr
 Nuclear charge:                        60.000000000
 Total charge:                           0.000000000
 Number of electrons:                   60.000000000

 Number of alpha electrons:             33
 Number of beta electrons:              27
 Number of unpaired electrons:           6
 Spin:                                   6
 Multiplicity:                           octet

 Theory:                                 dft
 Exchange-correlation functional:        camb3lyp

 Using range separated hybrid functional
 Range separation parameter:             0.330000000
 Short range exact exchange:             0.190000000
 Total long range exact exchange:        0.650000000

 Method for Coulomb:                     incore_df
 Method for exact exchange:              pre_transformed_df
 Integral threshold:                     1.00e-12
 DF basis set:                           def2-universal-jkfit
 Number of DF basis functions:         530
 Schwarz screening threshold:            1.00e-10
 Coulomb fitting method:                 Cholesky
 Total number of grid points:        16100
 Method for AO orthogonalization:        symmetric
 Threshold for linear dependence:        1.00e-08
 D3BJ dispersion energy:                -0.001428474

 -------------------------------------
  Running unrestricted open-shell SCF 
 -------------------------------------
 Max number of iterations:             128
 Conv. threshold (gradient):             1.00e-05
 Conv. threshold (energy):               1.00e-06
 Interpolation scheme:                   adiis+cdiis
 Initial guess:                          SAD

 ---------------------------------------------------------------
                  energy        change          grad        time
 ---------------------------------------------------------------
   0     -3724.900584299                    2.19e+00        0.04
   1     -3725.330005673     -4.29e-01      3.62e-01        0.05
   2     -3725.259971942      7.00e-02      4.37e-01        0.04
   3     -3725.385974129     -1.26e-01      5.29e-02        0.04
   4     -3725.387293684     -1.32e-03      6.59e-02        0.04
   5     -3725.389190478     -1.90e-03      1.10e-02        0.04
   6     -3725.389319010     -1.29e-04      2.95e-03        0.04
   7     -3725.389336089     -1.71e-05      1.44e-03        0.04
   8     -3725.389338125     -2.04e-06      4.38e-04        0.04
   9     -3725.389338453     -3.28e-07      8.83e-05        0.04
  10     -3725.389338474     -2.07e-08      1.82e-05        0.04
  11     -3725.389338475     -8.38e-10      6.97e-06        0.04

 SCF converged in 11 iterations.

 Dipole moment (in Debye):               0.000000       0.000000      -3.056008

 Quadrupole moment (in Debye-Angstrom):
                  1            2            3
 1       -34.402752    -0.000000    -0.000000
 2        -0.000000   -34.402752    -0.000000
 3        -0.000000    -0.000000   -36.644961

 Spin-squared expectation <S^2>:        12.003
 Total spin quantum number S:            3.000
 TOTAL ENERGY:                       -3725.389338475

 --------------------------------------------------------------------------------

 End time:                               Tue Oct 26 08:53:02 2021
 Total wall-clock time:                  2.587 seconds
==================================================================================
