
================================================================================
          _____________ ________ _______________ ________     _________         
         / ___________// ______ \\_____   _____// ______ \   / ________)        
        / /_________  / /      \ \     | |     / /      \ \ | (_______          
       |  __________|| |        | |    | |    | |        | | \________ \        
        \ \_________ | |        | |    | |     \ \______/ /___________) |       
         \__________||_|        |_|    |_|      \________//____________/        
                                                                                
====================================[ Qcore ]===================================

 Git describe: 2.3.0-1-g21d9df7e5
 Compiler:     GNU 9.1.0
 Build type:   Release
 Version:      2.3.0-1-g21d9df7e5

 Start time:   Tue Oct 26 08:50:47 2021

 Data directory: /work/zw18965/.local/qcore/share/entos/qcore/data
 Number of threads: 24
 Number of threads was determined by: command line argument
  - More threads can be used by running 'qcore -n 32'

 --------------------------------------------------------------------------------
                                   command: dft                                  
 --------------------------------------------------------------------------------
 AO basis set:                           def2-tzvppd
 Number of AO basis functions:         118

 Formula:                                SFe
 Nuclear charge:                        42.000000000
 Total charge:                           0.000000000
 Number of electrons:                   42.000000000

 Number of alpha electrons:             23
 Number of beta electrons:              19
 Number of unpaired electrons:           4
 Spin:                                   4
 Multiplicity:                           quintet

 Theory:                                 dft
 Exchange-correlation functional:        camb3lyp

 Using range separated hybrid functional
 Range separation parameter:             0.330000000
 Short range exact exchange:             0.190000000
 Total long range exact exchange:        0.650000000

 Method for Coulomb:                     incore_df
 Method for exact exchange:              pre_transformed_df
 Integral threshold:                     1.00e-12
 DF basis set:                           def2-universal-jkfit
 Number of DF basis functions:         392
 Schwarz screening threshold:            1.00e-10
 Coulomb fitting method:                 Cholesky
 Total number of grid points:        15286
 Method for AO orthogonalization:        symmetric
 Threshold for linear dependence:        1.00e-08
 D3BJ dispersion energy:                -0.001278123

 -------------------------------------
  Running unrestricted open-shell SCF 
 -------------------------------------
 Max number of iterations:             128
 Conv. threshold (gradient):             1.00e-05
 Conv. threshold (energy):               1.00e-06
 Interpolation scheme:                   adiis+cdiis
 Initial guess:                          SAD

 ---------------------------------------------------------------
                  energy        change          grad        time
 ---------------------------------------------------------------
   0     -1661.658475341                    2.33e+00        0.03
   1     -1661.874939701     -2.16e-01      5.49e-01        0.03
   2     -1661.220694144      6.54e-01      1.87e+00        0.02
   3     -1661.905944897     -6.85e-01      5.90e-01        0.02
   4     -1661.957324283     -5.14e-02      2.44e-01        0.02
   5     -1661.967583880     -1.03e-02      2.16e-01        0.02
   6     -1661.976873401     -9.29e-03      6.34e-02        0.02
   7     -1661.976884036     -1.06e-05      9.78e-02        0.02
   8     -1661.979646616     -2.76e-03      8.00e-03        0.03
   9     -1661.979753629     -1.07e-04      3.06e-03        0.02
  10     -1661.979773048     -1.94e-05      1.23e-03        0.02
  11     -1661.979778669     -5.62e-06      5.99e-04        0.02
  12     -1661.979779544     -8.75e-07      2.30e-04        0.02
  13     -1661.979779600     -5.60e-08      4.42e-05        0.02
  14     -1661.979779605     -4.45e-09      2.83e-05        0.02
  15     -1661.979779605     -8.55e-10      1.15e-05        0.02
  16     -1661.979779606     -3.55e-10      4.40e-06        0.02

 SCF converged in 16 iterations.

 Dipole moment (in Debye):              -0.000000      -0.000000       6.139452

 Quadrupole moment (in Debye-Angstrom):
                  1            2            3
 1       -28.646527     0.000042    -0.000001
 2         0.000042   -28.646527    -0.000001
 3        -0.000001    -0.000001   -24.800125

 Spin-squared expectation <S^2>:         6.040
 Total spin quantum number S:            2.008
 TOTAL ENERGY:                       -1661.979779606

 --------------------------------------------------------------------------------

 End time:                               Tue Oct 26 08:50:48 2021
 Total wall-clock time:                  1.572 seconds
==================================================================================
