
================================================================================
          _____________ ________ _______________ ________     _________         
         / ___________// ______ \\_____   _____// ______ \   / ________)        
        / /_________  / /      \ \     | |     / /      \ \ | (_______          
       |  __________|| |        | |    | |    | |        | | \________ \        
        \ \_________ | |        | |    | |     \ \______/ /___________) |       
         \__________||_|        |_|    |_|      \________//____________/        
                                                                                
====================================[ Qcore ]===================================

 Git describe: 2.3.0-1-g21d9df7e5
 Compiler:     GNU 9.1.0
 Build type:   Release
 Version:      2.3.0-1-g21d9df7e5

 Start time:   Tue Oct 26 08:53:06 2021

 Data directory: /work/zw18965/.local/qcore/share/entos/qcore/data
 Number of threads: 24
 Number of threads was determined by: command line argument

 --------------------------------------------------------------------------------
                                   command: dft                                  
 --------------------------------------------------------------------------------
 AO basis set:                           def2-tzvppd
 Number of AO basis functions:         124

 Formula:                                CuBr
 Nuclear charge:                        64.000000000
 Total charge:                           0.000000000
 Number of electrons:                   64.000000000

 Number of alpha electrons:             32
 Number of beta electrons:              32
 Number of unpaired electrons:           0
 Spin:                                   0
 Multiplicity:                           singlet

 Theory:                                 dft
 Exchange-correlation functional:        camb3lyp

 Using range separated hybrid functional
 Range separation parameter:             0.330000000
 Short range exact exchange:             0.190000000
 Total long range exact exchange:        0.650000000

 Method for Coulomb:                     incore_df
 Method for exact exchange:              pre_transformed_df
 Integral threshold:                     1.00e-12
 DF basis set:                           def2-universal-jkfit
 Number of DF basis functions:         530
 Schwarz screening threshold:            1.00e-10
 Coulomb fitting method:                 Cholesky
 Total number of grid points:        16100
 Method for AO orthogonalization:        symmetric
 Threshold for linear dependence:        1.00e-08
 D3BJ dispersion energy:                -0.001219697

 -------------------------------------
  Running restricted closed-shell SCF 
 -------------------------------------
 Max number of iterations:             128
 Conv. threshold (gradient):             1.00e-05
 Conv. threshold (energy):               1.00e-06
 Interpolation scheme:                   adiis+cdiis
 Initial guess:                          SAD

 ---------------------------------------------------------------
                  energy        change          grad        time
 ---------------------------------------------------------------
   0     -4214.994524496                    3.76e+00        0.02
   1     -4214.920241091      7.43e-02      3.95e-01        0.03
   2     -4214.908031767      1.22e-02      6.09e-01        0.02
   3     -4214.949067379     -4.10e-02      2.38e-01        0.03
   4     -4214.933208382      1.59e-02      5.24e-01        0.03
   5     -4214.952326447     -1.91e-02      1.37e-01        0.03
   6     -4214.953233809     -9.07e-04      7.54e-02        0.02
   7     -4214.953575865     -3.42e-04      3.83e-02        0.02
   8     -4214.953681082     -1.05e-04      1.76e-03        0.02
   9     -4214.953682446     -1.36e-06      4.43e-04        0.02
  10     -4214.953682554     -1.09e-07      2.15e-04        0.02
  11     -4214.953682575     -2.02e-08      3.94e-05        0.02
  12     -4214.953682575     -4.39e-10      8.59e-06        0.02

 SCF converged in 12 iterations.

 Dipole moment (in Debye):              -0.000002      -0.000002      -5.117310

 Quadrupole moment (in Debye-Angstrom):
                  1            2            3
 1       -32.016406     0.000000     0.000004
 2         0.000000   -32.016406     0.000004
 3         0.000004     0.000004   -25.002395

 Spin-squared expectation <S^2>:         0.000
 Total spin quantum number S:            0.000
 TOTAL ENERGY:                       -4214.953682575

 --------------------------------------------------------------------------------

 End time:                               Tue Oct 26 08:53:08 2021
 Total wall-clock time:                  2.345 seconds
==================================================================================
