
================================================================================
          _____________ ________ _______________ ________     _________         
         / ___________// ______ \\_____   _____// ______ \   / ________)        
        / /_________  / /      \ \     | |     / /      \ \ | (_______          
       |  __________|| |        | |    | |    | |        | | \________ \        
        \ \_________ | |        | |    | |     \ \______/ /___________) |       
         \__________||_|        |_|    |_|      \________//____________/        
                                                                                
====================================[ Qcore ]===================================

 Git describe: 2.3.0-1-g21d9df7e5
 Compiler:     GNU 9.1.0
 Build type:   Release
 Version:      2.3.0-1-g21d9df7e5

 Start time:   Tue Oct 26 08:53:02 2021

 Data directory: /work/zw18965/.local/qcore/share/entos/qcore/data
 Number of threads: 24
 Number of threads was determined by: command line argument

 --------------------------------------------------------------------------------
                                   command: dft                                  
 --------------------------------------------------------------------------------
 AO basis set:                           def2-tzvppd
 Number of AO basis functions:          84

 Formula:                                HCo
 Nuclear charge:                        28.000000000
 Total charge:                           0.000000000
 Number of electrons:                   28.000000000

 Number of alpha electrons:             15
 Number of beta electrons:              13
 Number of unpaired electrons:           2
 Spin:                                   2
 Multiplicity:                           triplet

 Theory:                                 dft
 Exchange-correlation functional:        camb3lyp

 Using range separated hybrid functional
 Range separation parameter:             0.330000000
 Short range exact exchange:             0.190000000
 Total long range exact exchange:        0.650000000

 Method for Coulomb:                     incore_df
 Method for exact exchange:              pre_transformed_df
 Integral threshold:                     1.00e-12
 DF basis set:                           def2-universal-jkfit
 Number of DF basis functions:         282
 Schwarz screening threshold:            1.00e-10
 Coulomb fitting method:                 Cholesky
 Total number of grid points:        13826
 Method for AO orthogonalization:        symmetric
 Threshold for linear dependence:        1.00e-08
 D3BJ dispersion energy:                -0.000306988

 -------------------------------------
  Running unrestricted open-shell SCF 
 -------------------------------------
 Max number of iterations:             128
 Conv. threshold (gradient):             1.00e-05
 Conv. threshold (energy):               1.00e-06
 Interpolation scheme:                   adiis+cdiis
 Initial guess:                          SAD

 ---------------------------------------------------------------
                  energy        change          grad        time
 ---------------------------------------------------------------
   0     -1382.973111646                    1.36e+00        0.02
   1     -1383.197310947     -2.24e-01      8.68e-01        0.01
   2     -1370.235932709      1.30e+01      5.47e+00        0.01
   3     -1382.705052051     -1.25e+01      1.62e+00        0.01
   4     -1383.369093646     -6.64e-01      3.36e-01        0.01
   5     -1383.360284430      8.81e-03      3.38e-01        0.01
   6     -1383.396735762     -3.65e-02      3.76e-02        0.01
   7     -1383.397359996     -6.24e-04      3.60e-02        0.01
   8     -1383.397968042     -6.08e-04      4.08e-03        0.01
   9     -1383.397989347     -2.13e-05      2.02e-03        0.01
  10     -1383.397992735     -3.39e-06      7.40e-04        0.01
  11     -1383.397993489     -7.55e-07      2.65e-04        0.01
  12     -1383.397993583     -9.32e-08      3.85e-05        0.01
  13     -1383.397993587     -4.05e-09      1.24e-05        0.01
  14     -1383.397993587     -2.46e-10      3.51e-06        0.01

 SCF converged in 14 iterations.

 Dipole moment (in Debye):              -0.000001      -0.000001       3.073902

 Quadrupole moment (in Debye-Angstrom):
                  1            2            3
 1       -14.937863    -0.000000    -0.000001
 2        -0.000000   -14.937863    -0.000001
 3        -0.000001    -0.000001   -16.879048

 Spin-squared expectation <S^2>:         2.022
 Total spin quantum number S:            1.007
 TOTAL ENERGY:                       -1383.397993587

 --------------------------------------------------------------------------------

 End time:                               Tue Oct 26 08:53:03 2021
 Total wall-clock time:                  1.024 seconds
==================================================================================
