
================================================================================
          _____________ ________ _______________ ________     _________         
         / ___________// ______ \\_____   _____// ______ \   / ________)        
        / /_________  / /      \ \     | |     / /      \ \ | (_______          
       |  __________|| |        | |    | |    | |        | | \________ \        
        \ \_________ | |        | |    | |     \ \______/ /___________) |       
         \__________||_|        |_|    |_|      \________//____________/        
                                                                                
====================================[ Qcore ]===================================

 Git describe: 2.3.0-1-g21d9df7e5
 Compiler:     GNU 9.1.0
 Build type:   Release
 Version:      2.3.0-1-g21d9df7e5

 Start time:   Tue Oct 26 08:50:52 2021

 Data directory: /work/zw18965/.local/qcore/share/entos/qcore/data
 Number of threads: 24
 Number of threads was determined by: command line argument
  - More threads can be used by running 'qcore -n 32'

 --------------------------------------------------------------------------------
                                   command: dft                                  
 --------------------------------------------------------------------------------
 AO basis set:                           def2-tzvppd
 Number of AO basis functions:         118

 Formula:                                SZn
 Nuclear charge:                        46.000000000
 Total charge:                           0.000000000
 Number of electrons:                   46.000000000

 Number of alpha electrons:             23
 Number of beta electrons:              23
 Number of unpaired electrons:           0
 Spin:                                   0
 Multiplicity:                           singlet

 Theory:                                 dft
 Exchange-correlation functional:        camb3lyp

 Using range separated hybrid functional
 Range separation parameter:             0.330000000
 Short range exact exchange:             0.190000000
 Total long range exact exchange:        0.650000000

 Method for Coulomb:                     incore_df
 Method for exact exchange:              pre_transformed_df
 Integral threshold:                     1.00e-12
 DF basis set:                           def2-universal-jkfit
 Number of DF basis functions:         392
 Schwarz screening threshold:            1.00e-10
 Coulomb fitting method:                 Cholesky
 Total number of grid points:        15286
 Method for AO orthogonalization:        symmetric
 Threshold for linear dependence:        1.00e-08
 D3BJ dispersion energy:                -0.001325545

 -------------------------------------
  Running restricted closed-shell SCF 
 -------------------------------------
 Max number of iterations:             128
 Conv. threshold (gradient):             1.00e-05
 Conv. threshold (energy):               1.00e-06
 Interpolation scheme:                   adiis+cdiis
 Initial guess:                          SAD

 ---------------------------------------------------------------
                  energy        change          grad        time
 ---------------------------------------------------------------
   0     -2177.850662809                    4.32e+00        0.02
   1     -2177.575596379      2.75e-01      6.96e-01        0.01
   2     -2177.223329342      3.52e-01      1.37e+00        0.01
   3     -2177.658733138     -4.35e-01      3.26e-01        0.01
   4     -2177.666395418     -7.66e-03      2.60e-01        0.01
   5     -2177.679302215     -1.29e-02      8.80e-02        0.01
   6     -2177.677771489      1.53e-03      1.64e-01        0.02
   7     -2177.679947352     -2.18e-03      1.27e-03        0.01
   8     -2177.679947616     -2.63e-07      5.14e-04        0.01
   9     -2177.679947665     -4.89e-08      5.45e-05        0.01
  10     -2177.679947665     -5.95e-10      1.23e-05        0.01
  11     -2177.679947665     -2.73e-11      2.28e-06        0.01

 SCF converged in 11 iterations.

 Dipole moment (in Debye):               0.000001       0.000001       5.680823

 Quadrupole moment (in Debye-Angstrom):
                  1            2            3
 1       -28.827277    -0.000000     0.000000
 2        -0.000000   -28.827277     0.000000
 3         0.000000     0.000000   -24.448025

 Spin-squared expectation <S^2>:         0.000
 Total spin quantum number S:            0.000
 TOTAL ENERGY:                       -2177.679947665

 --------------------------------------------------------------------------------

 End time:                               Tue Oct 26 08:50:53 2021
 Total wall-clock time:                  1.227 seconds
==================================================================================
