
================================================================================
          _____________ ________ _______________ ________     _________         
         / ___________// ______ \\_____   _____// ______ \   / ________)        
        / /_________  / /      \ \     | |     / /      \ \ | (_______          
       |  __________|| |        | |    | |    | |        | | \________ \        
        \ \_________ | |        | |    | |     \ \______/ /___________) |       
         \__________||_|        |_|    |_|      \________//____________/        
                                                                                
====================================[ Qcore ]===================================

 Git describe: 2.3.0-1-g21d9df7e5
 Compiler:     GNU 9.1.0
 Build type:   Release
 Version:      2.3.0-1-g21d9df7e5

 Start time:   Tue Oct 26 08:52:14 2021

 Data directory: /work/zw18965/.local/qcore/share/entos/qcore/data
 Number of threads: 24
 Number of threads was determined by: command line argument
  - More threads can be used by running 'qcore -n 32'

 --------------------------------------------------------------------------------
                                   command: dft                                  
 --------------------------------------------------------------------------------
 AO basis set:                           def2-tzvppd
 Number of AO basis functions:         107

 Formula:                                FCo
 Nuclear charge:                        36.000000000
 Total charge:                           0.000000000
 Number of electrons:                   36.000000000

 Number of alpha electrons:             19
 Number of beta electrons:              17
 Number of unpaired electrons:           2
 Spin:                                   2
 Multiplicity:                           triplet

 Theory:                                 dft
 Exchange-correlation functional:        camb3lyp

 Using range separated hybrid functional
 Range separation parameter:             0.330000000
 Short range exact exchange:             0.190000000
 Total long range exact exchange:        0.650000000

 Method for Coulomb:                     incore_df
 Method for exact exchange:              pre_transformed_df
 Integral threshold:                     1.00e-12
 DF basis set:                           def2-universal-jkfit
 Number of DF basis functions:         341
 Schwarz screening threshold:            1.00e-10
 Coulomb fitting method:                 Cholesky
 Total number of grid points:        14748
 Method for AO orthogonalization:        symmetric
 Threshold for linear dependence:        1.00e-08
 D3BJ dispersion energy:                -0.000347873

 -------------------------------------
  Running unrestricted open-shell SCF 
 -------------------------------------
 Max number of iterations:             128
 Conv. threshold (gradient):             1.00e-05
 Conv. threshold (energy):               1.00e-06
 Interpolation scheme:                   adiis+cdiis
 Initial guess:                          SAD

 ---------------------------------------------------------------
                  energy        change          grad        time
 ---------------------------------------------------------------
   0     -1482.268733491                    1.53e+00        0.02
   1     -1482.537477141     -2.69e-01      6.17e-01        0.02
   2     -1480.857010903      1.68e+00      2.67e+00        0.02
   3     -1482.590301696     -1.73e+00      4.81e-01        0.02
   4     -1482.689927023     -9.96e-02      1.32e-01        0.02
   5     -1482.685007738      4.92e-03      1.84e-01        0.02
   6     -1482.699112140     -1.41e-02      4.81e-02        0.02
   7     -1482.700951709     -1.84e-03      3.99e-02        0.02
   8     -1482.703516233     -2.56e-03      3.19e-02        0.02
   9     -1482.707413674     -3.90e-03      2.94e-02        0.02
  10     -1482.709216579     -1.80e-03      2.81e-02        0.02
  11     -1482.716687294     -7.47e-03      3.59e-02        0.02
  12     -1482.716026082      6.61e-04      2.04e-02        0.02
  13     -1482.718567351     -2.54e-03      2.18e-02        0.02
  14     -1482.718614951     -4.76e-05      3.56e-02        0.02
  15     -1482.718625731     -1.08e-05      3.59e-02        0.02
  16     -1482.718745284     -1.20e-04      3.04e-02        0.02
  17     -1482.719139865     -3.95e-04      1.35e-02        0.02
  18     -1482.719405581     -2.66e-04      1.06e-02        0.02
  19     -1482.719500732     -9.52e-05      9.00e-03        0.02
  20     -1482.719720395     -2.20e-04      3.99e-03        0.02
  21     -1482.719808014     -8.76e-05      2.50e-03        0.02
  22     -1482.719809412     -1.40e-06      9.17e-04        0.02
  23     -1482.719811487     -2.08e-06      3.91e-04        0.02
  24     -1482.719811797     -3.09e-07      1.34e-04        0.02
  25     -1482.719811807     -1.06e-08      4.97e-05        0.02
  26     -1482.719811810     -3.05e-09      6.46e-05        0.02
  27     -1482.719811813     -2.34e-09      1.37e-05        0.02
  28     -1482.719811813     -3.74e-10      9.90e-06        0.02

 SCF converged in 28 iterations.

 Dipole moment (in Debye):               0.000001       0.000001       4.896512

 Quadrupole moment (in Debye-Angstrom):
                  1            2            3
 1       -18.576580     0.435703     0.000002
 2         0.435703   -18.576562     0.000002
 3         0.000002     0.000002   -20.199360

 Spin-squared expectation <S^2>:         2.196
 Total spin quantum number S:            1.064
 TOTAL ENERGY:                       -1482.719811813

 --------------------------------------------------------------------------------

 End time:                               Tue Oct 26 08:52:15 2021
 Total wall-clock time:                  1.672 seconds
==================================================================================
