
================================================================================
          _____________ ________ _______________ ________     _________         
         / ___________// ______ \\_____   _____// ______ \   / ________)        
        / /_________  / /      \ \     | |     / /      \ \ | (_______          
       |  __________|| |        | |    | |    | |        | | \________ \        
        \ \_________ | |        | |    | |     \ \______/ /___________) |       
         \__________||_|        |_|    |_|      \________//____________/        
                                                                                
====================================[ Qcore ]===================================

 Git describe: 2.3.0-1-g21d9df7e5
 Compiler:     GNU 9.1.0
 Build type:   Release
 Version:      2.3.0-1-g21d9df7e5

 Start time:   Tue Oct 26 08:52:19 2021

 Data directory: /work/zw18965/.local/qcore/share/entos/qcore/data
 Number of threads: 24
 Number of threads was determined by: command line argument
  - More threads can be used by running 'qcore -n 32'

 --------------------------------------------------------------------------------
                                   command: dft                                  
 --------------------------------------------------------------------------------
 AO basis set:                           def2-tzvppd
 Number of AO basis functions:         324

 Formula:                                C6H6
 Nuclear charge:                        42.000000000
 Total charge:                           0.000000000
 Number of electrons:                   42.000000000

 Number of alpha electrons:             21
 Number of beta electrons:              21
 Number of unpaired electrons:           0
 Spin:                                   0
 Multiplicity:                           singlet

 Theory:                                 dft
 Exchange-correlation functional:        pbe0
 Method for Coulomb:                     incore_df
 Method for exact exchange:              pre_transformed_df
 Integral threshold:                     1.00e-12
 DF basis set:                           def2-universal-jkfit
 Number of DF basis functions:         558
 Schwarz screening threshold:            1.00e-10
 Coulomb fitting method:                 Cholesky
 Total number of grid points:        76140
 Method for AO orthogonalization:        symmetric
 Threshold for linear dependence:        1.00e-08
 D3BJ dispersion energy:                -0.009357811

 -------------------------------------
  Running restricted closed-shell SCF 
 -------------------------------------
 Max number of iterations:             128
 Conv. threshold (gradient):             1.00e-05
 Conv. threshold (energy):               1.00e-06
 Interpolation scheme:                   adiis+cdiis
 Initial guess:                          SAD

 ---------------------------------------------------------------
                  energy        change          grad        time
 ---------------------------------------------------------------
   0      -233.477751397                    1.51e+01        0.17
   1      -231.936743560      1.54e+00      9.59e-01        0.13
   2      -231.898374540      3.84e-02      1.12e+00        0.12
   3      -232.056411578     -1.58e-01      6.91e-02        0.12
   4      -232.056720097     -3.09e-04      3.47e-02        0.13
   5      -232.056865189     -1.45e-04      5.07e-04        0.12
   6      -232.056865217     -2.70e-08      6.63e-05        0.12
   7      -232.056865217     -5.64e-10      5.91e-06        0.13

 SCF converged in 7 iterations.

 Dipole moment (in Debye):              -0.000023      -0.000010       0.000103

 Quadrupole moment (in Debye-Angstrom):
                  1            2            3
 1       -31.792250     0.000069    -0.000001
 2         0.000069   -31.792640     0.000002
 3        -0.000001     0.000002   -39.765774

 Spin-squared expectation <S^2>:         0.000
 Total spin quantum number S:            0.000
 TOTAL ENERGY:                        -232.056865217

 --------------------------------------------------------------------------------

 End time:                               Tue Oct 26 08:52:21 2021
 Total wall-clock time:                  2.140 seconds
==================================================================================
