
================================================================================
          _____________ ________ _______________ ________     _________         
         / ___________// ______ \\_____   _____// ______ \   / ________)        
        / /_________  / /      \ \     | |     / /      \ \ | (_______          
       |  __________|| |        | |    | |    | |        | | \________ \        
        \ \_________ | |        | |    | |     \ \______/ /___________) |       
         \__________||_|        |_|    |_|      \________//____________/        
                                                                                
====================================[ Qcore ]===================================

 Git describe: 2.3.0-1-g21d9df7e5
 Compiler:     GNU 9.1.0
 Build type:   Release
 Version:      2.3.0-1-g21d9df7e5

 Start time:   Tue Oct 26 08:52:25 2021

 Data directory: /work/zw18965/.local/qcore/share/entos/qcore/data
 Number of threads: 24
 Number of threads was determined by: command line argument
  - More threads can be used by running 'qcore -n 32'

 --------------------------------------------------------------------------------
                                   command: dft                                  
 --------------------------------------------------------------------------------
 AO basis set:                           def2-tzvppd
 Number of AO basis functions:        1766
 ECP on atom 1 (W):                      60 electrons

 Formula:                                C21H42O3P2W
 Nuclear charge:                       296.000000000
 Total charge:                           0.000000000
 Number of core electrons:              60
 Number of treated electrons:          236

 Number of alpha electrons:            118
 Number of beta electrons:             118
 Number of unpaired electrons:           0
 Spin:                                   0
 Multiplicity:                           singlet

 Theory:                                 dft
 Exchange-correlation functional:        pbe0
 Method for Coulomb:                     incore_df
 Method for exact exchange:              pre_transformed_df
 Integral threshold:                     1.00e-12
 DF basis set:                           def2-universal-jkfit
 Number of DF basis functions:        3045
 Schwarz screening threshold:            1.00e-10
 Coulomb fitting method:                 Cholesky
 Total number of grid points:       434688
 Method for AO orthogonalization:        symmetric
 Threshold for linear dependence:        1.00e-08
 D3BJ dispersion energy:                -0.107560917

 -------------------------------------
  Running restricted closed-shell SCF 
 -------------------------------------
 Max number of iterations:             128
 Conv. threshold (gradient):             1.00e-05
 Conv. threshold (energy):               1.00e-06
 Interpolation scheme:                   adiis+cdiis
 Initial guess:                          SAD

 ---------------------------------------------------------------
                  energy        change          grad        time
 ---------------------------------------------------------------
   0     -1804.950855620                    2.42e+02       22.34
   1     -1799.470409817      5.48e+00      2.40e+00       15.73
   2     -1798.755290792      7.15e-01      6.03e+00       16.27
   3     -1799.966400691     -1.21e+00      3.69e+00       16.42
   4     -1798.668192234      1.30e+00      1.11e+01       16.99
   5     -1800.027438253     -1.36e+00      3.22e+00       17.00
   6     -1800.146108979     -1.19e-01      7.93e-01       17.03
   7     -1800.112093076      3.40e-02      2.13e+00       16.73
   8     -1800.148602489     -3.65e-02      6.10e-01       17.35
   9     -1800.152109913     -3.51e-03      9.65e-02       17.16
  10     -1800.151552613      5.57e-04      2.57e-01       17.79
  11     -1800.152205970     -6.53e-04      1.59e-03       17.37
  12     -1800.152206058     -8.77e-08      9.09e-04       16.90
  13     -1800.152206060     -1.66e-09      9.37e-04       16.83
  14     -1800.152206089     -2.89e-08      1.38e-04       16.38
  15     -1800.152206089     -5.39e-10      5.02e-05       17.00
  16     -1800.152206089     -1.54e-10      1.74e-05       16.41
  17     -1800.152206089     -3.64e-12      9.21e-06       16.98

 SCF converged in 17 iterations.

 Dipole moment (in Debye):               0.969243      -1.648571       4.823921

 Quadrupole moment (in Debye-Angstrom):
                  1            2            3
 1      -180.441171     0.268280     1.429259
 2         0.268280  -213.466647    -1.089768
 3         1.429259    -1.089768  -208.337764

 Spin-squared expectation <S^2>:         0.000
 Total spin quantum number S:            0.000
 TOTAL ENERGY:                       -1800.152206089

 --------------------------------------------------------------------------------

 End time:                               Tue Oct 26 09:00:10 2021
 Total wall-clock time:                464.748 seconds
==================================================================================
