
================================================================================
          _____________ ________ _______________ ________     _________         
         / ___________// ______ \\_____   _____// ______ \   / ________)        
        / /_________  / /      \ \     | |     / /      \ \ | (_______          
       |  __________|| |        | |    | |    | |        | | \________ \        
        \ \_________ | |        | |    | |     \ \______/ /___________) |       
         \__________||_|        |_|    |_|      \________//____________/        
                                                                                
====================================[ Qcore ]===================================

 Git describe: 2.3.0-1-g21d9df7e5
 Compiler:     GNU 9.1.0
 Build type:   Release
 Version:      2.3.0-1-g21d9df7e5

 Start time:   Tue Oct 26 08:53:06 2021

 Data directory: /work/zw18965/.local/qcore/share/entos/qcore/data
 Number of threads: 24
 Number of threads was determined by: command line argument

 --------------------------------------------------------------------------------
                                   command: dft                                  
 --------------------------------------------------------------------------------
 AO basis set:                           def2-tzvppd
 Number of AO basis functions:         216

 Formula:                                C2H3OCl
 Nuclear charge:                        40.000000000
 Total charge:                           0.000000000
 Number of electrons:                   40.000000000

 Number of alpha electrons:             20
 Number of beta electrons:              20
 Number of unpaired electrons:           0
 Spin:                                   0
 Multiplicity:                           singlet

 Theory:                                 dft
 Exchange-correlation functional:        pbe0
 Method for Coulomb:                     incore_df
 Method for exact exchange:              pre_transformed_df
 Integral threshold:                     1.00e-12
 DF basis set:                           def2-universal-jkfit
 Number of DF basis functions:         409
 Schwarz screening threshold:            1.00e-10
 Coulomb fitting method:                 Cholesky
 Total number of grid points:        45708
 Method for AO orthogonalization:        symmetric
 Threshold for linear dependence:        1.00e-08
 D3BJ dispersion energy:                -0.004010783

 -------------------------------------
  Running restricted closed-shell SCF 
 -------------------------------------
 Max number of iterations:             128
 Conv. threshold (gradient):             1.00e-05
 Conv. threshold (energy):               1.00e-06
 Interpolation scheme:                   adiis+cdiis
 Initial guess:                          SAD

 ---------------------------------------------------------------
                  energy        change          grad        time
 ---------------------------------------------------------------
   0      -613.755032684                    1.34e+01        0.06
   1      -613.103616988      6.51e-01      1.65e+00        0.06
   2      -612.778855348      3.25e-01      4.53e+00        0.05
   3      -613.186760591     -4.08e-01      7.05e-01        0.05
   4      -613.196399497     -9.64e-03      5.42e-01        0.05
   5      -613.204285893     -7.89e-03      2.76e-01        0.06
   6      -613.203589508      6.96e-04      3.18e-01        0.07
   7      -613.205901859     -2.31e-03      3.62e-02        0.06
   8      -613.205827619      7.42e-05      6.43e-02        0.06
   9      -613.205953142     -1.26e-04      3.39e-04        0.06
  10      -613.205953146     -4.51e-09      6.87e-05        0.06
  11      -613.205953147     -2.56e-10      1.94e-05        0.06
  12      -613.205953147     -2.13e-11      2.22e-06        0.06

 SCF converged in 12 iterations.

 Dipole moment (in Debye):               1.487123      -2.476989       0.000164

 Quadrupole moment (in Debye-Angstrom):
                  1            2            3
 1       -29.759400    -2.951839     0.000330
 2        -2.951839   -32.158785    -0.000381
 3         0.000330    -0.000381   -29.518319

 Spin-squared expectation <S^2>:         0.000
 Total spin quantum number S:            0.000
 TOTAL ENERGY:                        -613.205953147

 --------------------------------------------------------------------------------

 End time:                               Tue Oct 26 08:53:07 2021
 Total wall-clock time:                  1.521 seconds
==================================================================================
