
================================================================================
          _____________ ________ _______________ ________     _________         
         / ___________// ______ \\_____   _____// ______ \   / ________)        
        / /_________  / /      \ \     | |     / /      \ \ | (_______          
       |  __________|| |        | |    | |    | |        | | \________ \        
        \ \_________ | |        | |    | |     \ \______/ /___________) |       
         \__________||_|        |_|    |_|      \________//____________/        
                                                                                
====================================[ Qcore ]===================================

 Git describe: 2.3.0-1-g21d9df7e5
 Compiler:     GNU 9.1.0
 Build type:   Release
 Version:      2.3.0-1-g21d9df7e5

 Start time:   Tue Oct 26 08:51:02 2021

 Data directory: /work/zw18965/.local/qcore/share/entos/qcore/data
 Number of threads: 24
 Number of threads was determined by: command line argument
  - More threads can be used by running 'qcore -n 32'

 --------------------------------------------------------------------------------
                                   command: dft                                  
 --------------------------------------------------------------------------------
 AO basis set:                           def2-tzvppd
 Number of AO basis functions:         469

 Formula:                                C5HO5Mn
 Nuclear charge:                        96.000000000
 Total charge:                           0.000000000
 Number of electrons:                   96.000000000

 Number of alpha electrons:             48
 Number of beta electrons:              48
 Number of unpaired electrons:           0
 Spin:                                   0
 Multiplicity:                           singlet

 Theory:                                 dft
 Exchange-correlation functional:        pbe0
 Method for Coulomb:                     incore_df
 Method for exact exchange:              pre_transformed_df
 Integral threshold:                     1.00e-12
 DF basis set:                           def2-universal-jkfit
 Number of DF basis functions:        1042
 Schwarz screening threshold:            1.00e-10
 Coulomb fitting method:                 Cholesky
 Total number of grid points:        82546
 Method for AO orthogonalization:        symmetric
 Threshold for linear dependence:        1.00e-08
 D3BJ dispersion energy:                -0.012845440

 -------------------------------------
  Running restricted closed-shell SCF 
 -------------------------------------
 Max number of iterations:             128
 Conv. threshold (gradient):             1.00e-05
 Conv. threshold (energy):               1.00e-06
 Interpolation scheme:                   adiis+cdiis
 Initial guess:                          SAD

 ---------------------------------------------------------------
                  energy        change          grad        time
 ---------------------------------------------------------------
   0     -1719.601203252                    2.89e+01        0.42
   1     -1717.597921384      2.00e+00      9.48e-01        0.36
   2     -1717.238261212      3.60e-01      1.95e+00        0.37
   3     -1717.712320512     -4.74e-01      3.93e-01        0.38
   4     -1717.649137610      6.32e-02      1.50e+00        0.39
   5     -1717.695174441     -4.60e-02      1.35e+00        0.40
   6     -1717.718247752     -2.31e-02      8.17e-01        0.40
   7     -1717.719621941     -1.37e-03      6.98e-01        0.40
   8     -1717.728070739     -8.45e-03      1.16e-01        0.43
   9     -1717.727073319      9.97e-04      2.13e-01        0.42
  10     -1717.728533534     -1.46e-03      1.54e-01        0.45
  11     -1717.727095791      1.44e-03      3.39e-01        0.46
  12     -1717.728970771     -1.87e-03      4.39e-02        0.46
  13     -1717.729001265     -3.05e-05      4.06e-02        0.45
  14     -1717.729082311     -8.10e-05      7.97e-05        0.44
  15     -1717.729082311     -1.07e-10      2.24e-05        0.39
  16     -1717.729082311     -2.00e-11      2.72e-06        0.40

 SCF converged in 16 iterations.

 Dipole moment (in Debye):               0.000025      -0.000063       0.152342

 Quadrupole moment (in Debye-Angstrom):
                  1            2            3
 1       -72.624137    -0.000057    -0.000155
 2        -0.000057   -72.625290     0.000445
 3        -0.000155     0.000445   -72.545113

 Spin-squared expectation <S^2>:         0.000
 Total spin quantum number S:            0.000
 TOTAL ENERGY:                       -1717.729082311

 --------------------------------------------------------------------------------

 End time:                               Tue Oct 26 08:51:16 2021
 Total wall-clock time:                 14.459 seconds
==================================================================================
