
================================================================================
          _____________ ________ _______________ ________     _________         
         / ___________// ______ \\_____   _____// ______ \   / ________)        
        / /_________  / /      \ \     | |     / /      \ \ | (_______          
       |  __________|| |        | |    | |    | |        | | \________ \        
        \ \_________ | |        | |    | |     \ \______/ /___________) |       
         \__________||_|        |_|    |_|      \________//____________/        
                                                                                
====================================[ Qcore ]===================================

 Git describe: 2.3.0-1-g21d9df7e5
 Compiler:     GNU 9.1.0
 Build type:   Release
 Version:      2.3.0-1-g21d9df7e5

 Start time:   Tue Oct 26 08:53:11 2021

 Data directory: /work/zw18965/.local/qcore/share/entos/qcore/data
 Number of threads: 24
 Number of threads was determined by: command line argument

 --------------------------------------------------------------------------------
                                   command: dft                                  
 --------------------------------------------------------------------------------
 AO basis set:                           def2-tzvppd
 Number of AO basis functions:          77

 Formula:                                CO
 Nuclear charge:                        14.000000000
 Total charge:                           0.000000000
 Number of electrons:                   14.000000000

 Number of alpha electrons:              7
 Number of beta electrons:               7
 Number of unpaired electrons:           0
 Spin:                                   0
 Multiplicity:                           singlet

 Theory:                                 dft
 Exchange-correlation functional:        pbe0
 Method for Coulomb:                     incore_df
 Method for exact exchange:              pre_transformed_df
 Integral threshold:                     1.00e-12
 DF basis set:                           def2-universal-jkfit
 Number of DF basis functions:         152
 Schwarz screening threshold:            1.00e-10
 Coulomb fitting method:                 Cholesky
 Total number of grid points:        13744
 Method for AO orthogonalization:        symmetric
 Threshold for linear dependence:        1.00e-08
 D3BJ dispersion energy:                -0.000337803

 -------------------------------------
  Running restricted closed-shell SCF 
 -------------------------------------
 Max number of iterations:             128
 Conv. threshold (gradient):             1.00e-05
 Conv. threshold (energy):               1.00e-06
 Interpolation scheme:                   adiis+cdiis
 Initial guess:                          SAD

 ---------------------------------------------------------------
                  energy        change          grad        time
 ---------------------------------------------------------------
   0      -113.369880782                    5.95e+00        0.01
   1      -113.201529696      1.68e-01      6.10e-01        0.01
   2      -113.082993864      1.19e-01      1.47e+00        0.01
   3      -113.221987892     -1.39e-01      3.83e-01        0.01
   4      -113.228973842     -6.99e-03      1.83e-01        0.01
   5      -113.230606180     -1.63e-03      9.95e-02        0.01
   6      -113.231220996     -6.15e-04      3.96e-02        0.01
   7      -113.231337958     -1.17e-04      2.31e-04        0.01
   8      -113.231337962     -3.14e-09      1.18e-05        0.01
   9      -113.231337962     -9.08e-12      1.77e-06        0.01

 SCF converged in 9 iterations.

 Dipole moment (in Debye):               0.000000       0.000000       0.080700

 Quadrupole moment (in Debye-Angstrom):
                  1            2            3
 1       -10.270198     0.000000    -0.000000
 2         0.000000   -10.270198    -0.000000
 3        -0.000000    -0.000000   -12.249694

 Spin-squared expectation <S^2>:         0.000
 Total spin quantum number S:            0.000
 TOTAL ENERGY:                        -113.231337962

 --------------------------------------------------------------------------------

 End time:                               Tue Oct 26 08:53:12 2021
 Total wall-clock time:                  0.454 seconds
==================================================================================
