
================================================================================
          _____________ ________ _______________ ________     _________         
         / ___________// ______ \\_____   _____// ______ \   / ________)        
        / /_________  / /      \ \     | |     / /      \ \ | (_______          
       |  __________|| |        | |    | |    | |        | | \________ \        
        \ \_________ | |        | |    | |     \ \______/ /___________) |       
         \__________||_|        |_|    |_|      \________//____________/        
                                                                                
====================================[ Qcore ]===================================

 Git describe: 2.3.0-1-g21d9df7e5
 Compiler:     GNU 9.1.0
 Build type:   Release
 Version:      2.3.0-1-g21d9df7e5

 Start time:   Tue Oct 26 08:53:15 2021

 Data directory: /work/zw18965/.local/qcore/share/entos/qcore/data
 Number of threads: 24
 Number of threads was determined by: command line argument

 --------------------------------------------------------------------------------
                                   command: dft                                  
 --------------------------------------------------------------------------------
 AO basis set:                           def2-tzvppd
 Number of AO basis functions:         452

 Formula:                                C5O5Cr
 Nuclear charge:                        94.000000000
 Total charge:                           0.000000000
 Number of electrons:                   94.000000000

 Number of alpha electrons:             47
 Number of beta electrons:              47
 Number of unpaired electrons:           0
 Spin:                                   0
 Multiplicity:                           singlet

 Theory:                                 dft
 Exchange-correlation functional:        pbe0
 Method for Coulomb:                     incore_df
 Method for exact exchange:              pre_transformed_df
 Integral threshold:                     1.00e-12
 DF basis set:                           def2-universal-jkfit
 Number of DF basis functions:        1024
 Schwarz screening threshold:            1.00e-10
 Coulomb fitting method:                 Cholesky
 Total number of grid points:        76548
 Method for AO orthogonalization:        symmetric
 Threshold for linear dependence:        1.00e-08
 D3BJ dispersion energy:                -0.013783504

 -------------------------------------
  Running restricted closed-shell SCF 
 -------------------------------------
 Max number of iterations:             128
 Conv. threshold (gradient):             1.00e-05
 Conv. threshold (energy):               1.00e-06
 Interpolation scheme:                   adiis+cdiis
 Initial guess:                          SAD

 ---------------------------------------------------------------
                  energy        change          grad        time
 ---------------------------------------------------------------
   0     -1612.072541531                    2.60e+01        0.34
   1     -1609.270199149      2.80e+00      7.57e+00        0.30
   2     -1578.036605080      3.12e+01      2.74e+01        0.29
   3     -1604.708797617     -2.67e+01      2.42e+01        0.29
   4     -1610.034858406     -5.33e+00      4.39e+00        0.31
   5     -1610.392497921     -3.58e-01      1.99e+00        0.30
   6     -1610.417426495     -2.49e-02      3.36e+00        0.30
   7     -1610.513762198     -9.63e-02      2.42e+00        0.32
   8     -1610.544858044     -3.11e-02      1.34e+00        0.31
   9     -1610.585421220     -4.06e-02      6.19e-01        0.33
  10     -1610.585475834     -5.46e-05      6.78e-01        0.33
  11     -1610.595175960     -9.70e-03      2.07e-01        0.35
  12     -1610.577665525      1.75e-02      1.12e+00        0.35
  13     -1610.593057434     -1.54e-02      4.41e-01        0.35
  14     -1610.595697208     -2.64e-03      9.15e-02        0.35
  15     -1610.595818566     -1.21e-04      3.27e-02        0.35
  16     -1610.595854341     -3.58e-05      9.33e-04        0.33
  17     -1610.595854354     -1.27e-08      7.66e-05        0.30
  18     -1610.595854354     -5.14e-10      3.58e-05        0.29
  19     -1610.595854355     -1.09e-10      1.57e-05        0.30
  20     -1610.595854355     -1.02e-11      1.55e-05        0.31
  21     -1610.595854355     -8.41e-12      3.40e-06        0.29

 SCF converged in 21 iterations.

 Dipole moment (in Debye):              -0.000351       0.000399      -2.327445

 Quadrupole moment (in Debye-Angstrom):
                  1            2            3
 1       -74.355252    -0.000467     0.000376
 2        -0.000467   -74.354779    -0.000344
 3         0.000376    -0.000344   -68.975452

 Spin-squared expectation <S^2>:         0.000
 Total spin quantum number S:            0.000
 TOTAL ENERGY:                       -1610.595854355

 --------------------------------------------------------------------------------

 End time:                               Tue Oct 26 08:53:29 2021
 Total wall-clock time:                 13.768 seconds
==================================================================================
