
================================================================================
          _____________ ________ _______________ ________     _________         
         / ___________// ______ \\_____   _____// ______ \   / ________)        
        / /_________  / /      \ \     | |     / /      \ \ | (_______          
       |  __________|| |        | |    | |    | |        | | \________ \        
        \ \_________ | |        | |    | |     \ \______/ /___________) |       
         \__________||_|        |_|    |_|      \________//____________/        
                                                                                
====================================[ Qcore ]===================================

 Git describe: 2.3.0-1-g21d9df7e5
 Compiler:     GNU 9.1.0
 Build type:   Release
 Version:      2.3.0-1-g21d9df7e5

 Start time:   Tue Oct 26 08:53:11 2021

 Data directory: /work/zw18965/.local/qcore/share/entos/qcore/data
 Number of threads: 24
 Number of threads was determined by: command line argument

 --------------------------------------------------------------------------------
                                   command: dft                                  
 --------------------------------------------------------------------------------
 AO basis set:                           def2-tzvppd
 Number of AO basis functions:         142

 Formula:                                C2H4
 Nuclear charge:                        16.000000000
 Total charge:                           0.000000000
 Number of electrons:                   16.000000000

 Number of alpha electrons:              8
 Number of beta electrons:               8
 Number of unpaired electrons:           0
 Spin:                                   0
 Multiplicity:                           singlet

 Theory:                                 dft
 Exchange-correlation functional:        pbe0
 Method for Coulomb:                     incore_df
 Method for exact exchange:              pre_transformed_df
 Integral threshold:                     1.00e-12
 DF basis set:                           def2-universal-jkfit
 Number of DF basis functions:         222
 Schwarz screening threshold:            1.00e-10
 Coulomb fitting method:                 Cholesky
 Total number of grid points:        37160
 Method for AO orthogonalization:        symmetric
 Threshold for linear dependence:        1.00e-08
 D3BJ dispersion energy:                -0.001900896

 -------------------------------------
  Running restricted closed-shell SCF 
 -------------------------------------
 Max number of iterations:             128
 Conv. threshold (gradient):             1.00e-05
 Conv. threshold (energy):               1.00e-06
 Interpolation scheme:                   adiis+cdiis
 Initial guess:                          SAD

 ---------------------------------------------------------------
                  energy        change          grad        time
 ---------------------------------------------------------------
   0       -78.673044078                    9.50e+00        0.04
   1       -78.450904462      2.22e-01      8.93e-01        0.03
   2       -78.442548849      8.36e-03      1.02e+00        0.02
   3       -78.515504617     -7.30e-02      2.65e-02        0.03
   4       -78.515512331     -7.71e-06      1.61e-02        0.02
   5       -78.515534018     -2.17e-05      2.98e-04        0.02
   6       -78.515534023     -5.13e-09      2.89e-05        0.02
   7       -78.515534024     -6.82e-11      3.03e-06        0.02

 SCF converged in 7 iterations.

 Dipole moment (in Debye):              -0.000000       0.000001       0.000011

 Quadrupole moment (in Debye-Angstrom):
                  1            2            3
 1       -12.329491     0.000000    -0.000000
 2         0.000000   -12.220992    -0.000000
 3        -0.000000    -0.000000   -15.640204

 Spin-squared expectation <S^2>:         0.000
 Total spin quantum number S:            0.000
 TOTAL ENERGY:                         -78.515534024

 --------------------------------------------------------------------------------

 End time:                               Tue Oct 26 08:53:12 2021
 Total wall-clock time:                  0.640 seconds
==================================================================================
