
================================================================================
          _____________ ________ _______________ ________     _________         
         / ___________// ______ \\_____   _____// ______ \   / ________)        
        / /_________  / /      \ \     | |     / /      \ \ | (_______          
       |  __________|| |        | |    | |    | |        | | \________ \        
        \ \_________ | |        | |    | |     \ \______/ /___________) |       
         \__________||_|        |_|    |_|      \________//____________/        
                                                                                
====================================[ Qcore ]===================================

 Git describe: 2.3.0-1-g21d9df7e5
 Compiler:     GNU 9.1.0
 Build type:   Release
 Version:      2.3.0-1-g21d9df7e5

 Start time:   Tue Oct 26 08:53:15 2021

 Data directory: /work/zw18965/.local/qcore/share/entos/qcore/data
 Number of threads: 24
 Number of threads was determined by: command line argument

 --------------------------------------------------------------------------------
                                   command: dft                                  
 --------------------------------------------------------------------------------
 AO basis set:                           def2-tzvppd
 Number of AO basis functions:         500

 Formula:                                C8H12
 Nuclear charge:                        60.000000000
 Total charge:                           0.000000000
 Number of electrons:                   60.000000000

 Number of alpha electrons:             30
 Number of beta electrons:              30
 Number of unpaired electrons:           0
 Spin:                                   0
 Multiplicity:                           singlet

 Theory:                                 dft
 Exchange-correlation functional:        pbe0
 Method for Coulomb:                     incore_df
 Method for exact exchange:              pre_transformed_df
 Integral threshold:                     1.00e-12
 DF basis set:                           def2-universal-jkfit
 Number of DF basis functions:         816
 Schwarz screening threshold:            1.00e-10
 Coulomb fitting method:                 Cholesky
 Total number of grid points:       125080
 Method for AO orthogonalization:        symmetric
 Threshold for linear dependence:        1.00e-08
 D3BJ dispersion energy:                -0.017665767

 -------------------------------------
  Running restricted closed-shell SCF 
 -------------------------------------
 Max number of iterations:             128
 Conv. threshold (gradient):             1.00e-05
 Conv. threshold (energy):               1.00e-06
 Interpolation scheme:                   adiis+cdiis
 Initial guess:                          SAD

 ---------------------------------------------------------------
                  energy        change          grad        time
 ---------------------------------------------------------------
   0      -313.538096241                    1.89e+01        0.50
   1      -311.587871931      1.95e+00      1.37e+00        0.54
   2      -311.491337875      9.65e-02      1.73e+00        0.47
   3      -311.773676172     -2.82e-01      1.79e-01        0.41
   4      -311.774468280     -7.92e-04      1.64e-01        0.41
   5      -311.775465870     -9.98e-04      8.10e-02        0.42
   6      -311.775319129      1.47e-04      1.02e-01        0.48
   7      -311.775703312     -3.84e-04      8.21e-04        0.44
   8      -311.775703332     -2.05e-08      4.23e-04        0.40
   9      -311.775703338     -5.57e-09      3.19e-05        0.40
  10      -311.775703338     -3.49e-11      8.63e-06        0.43

 SCF converged in 10 iterations.

 Dipole moment (in Debye):               0.000048       0.000004       0.246809

 Quadrupole moment (in Debye-Angstrom):
                  1            2            3
 1       -47.281946    -2.033247     0.000117
 2        -2.033247   -51.196862    -0.000148
 3         0.000117    -0.000148   -50.681236

 Spin-squared expectation <S^2>:         0.000
 Total spin quantum number S:            0.000
 TOTAL ENERGY:                        -311.775703338

 --------------------------------------------------------------------------------

 End time:                               Tue Oct 26 08:53:22 2021
 Total wall-clock time:                  6.983 seconds
==================================================================================
