
================================================================================
          _____________ ________ _______________ ________     _________         
         / ___________// ______ \\_____   _____// ______ \   / ________)        
        / /_________  / /      \ \     | |     / /      \ \ | (_______          
       |  __________|| |        | |    | |    | |        | | \________ \        
        \ \_________ | |        | |    | |     \ \______/ /___________) |       
         \__________||_|        |_|    |_|      \________//____________/        
                                                                                
====================================[ Qcore ]===================================

 Git describe: 2.3.0-1-g21d9df7e5
 Compiler:     GNU 9.1.0
 Build type:   Release
 Version:      2.3.0-1-g21d9df7e5

 Start time:   Tue Oct 26 08:52:16 2021

 Data directory: /work/zw18965/.local/qcore/share/entos/qcore/data
 Number of threads: 24
 Number of threads was determined by: command line argument
  - More threads can be used by running 'qcore -n 32'

 --------------------------------------------------------------------------------
                                   command: dft                                  
 --------------------------------------------------------------------------------
 AO basis set:                           def2-tzvppd
 Number of AO basis functions:        1794
 ECP on atom 1 (Ru):                     28 electrons

 Formula:                                C25H39PCl2Ru
 Nuclear charge:                       282.000000000
 Total charge:                           0.000000000
 Number of core electrons:              28
 Number of treated electrons:          254

 Number of alpha electrons:            127
 Number of beta electrons:             127
 Number of unpaired electrons:           0
 Spin:                                   0
 Multiplicity:                           singlet

 Theory:                                 dft
 Exchange-correlation functional:        pbe0
 Method for Coulomb:                     incore_df
 Method for exact exchange:              pre_transformed_df
 Integral threshold:                     1.00e-12
 DF basis set:                           def2-universal-jkfit
 Number of DF basis functions:        3216
 Schwarz screening threshold:            1.00e-10
 Coulomb fitting method:                 Cholesky
 Total number of grid points:       430462
 Method for AO orthogonalization:        symmetric
 Threshold for linear dependence:        1.00e-08
 D3BJ dispersion energy:                -0.102726700

 -------------------------------------
  Running restricted closed-shell SCF 
 -------------------------------------
 Max number of iterations:             128
 Conv. threshold (gradient):             1.00e-05
 Conv. threshold (energy):               1.00e-06
 Interpolation scheme:                   adiis+cdiis
 Initial guess:                          SAD

 ---------------------------------------------------------------
                  energy        change          grad        time
 ---------------------------------------------------------------
   0     -2338.577632922                    3.60e+01       28.82
   1     -2330.913679839      7.66e+00      6.65e+00       21.60
   2     -2324.853895850      6.06e+00      1.95e+01       22.14
   3     -2331.307042796     -6.45e+00      5.22e+00       21.21
   4     -2331.720611917     -4.14e-01      2.86e+00       21.31
   5     -2331.581733035      1.39e-01      4.86e+00       21.49
   6     -2331.815444998     -2.34e-01      3.52e-01       23.52
   7     -2331.803338412      1.21e-02      1.05e+00       21.16
   8     -2331.809661442     -6.32e-03      1.58e+00       21.39
   9     -2331.827359561     -1.77e-02      5.97e-01       21.98
  10     -2331.826494307      8.65e-04      6.65e-01       25.08
  11     -2331.829925704     -3.43e-03      9.45e-02       25.11
  12     -2331.829519441      4.06e-04      2.05e-01       24.79
  13     -2331.830067498     -5.48e-04      1.15e-03       23.23
  14     -2331.830067542     -4.38e-08      3.75e-04       21.66
  15     -2331.830067548     -6.37e-09      1.08e-04       22.09
  16     -2331.830067549     -8.39e-10      5.98e-05       23.46
  17     -2331.830067549     -3.63e-10      2.39e-05       22.17
  18     -2331.830067549     -3.32e-11      8.36e-06       20.59

 SCF converged in 18 iterations.

 Dipole moment (in Debye):              -2.450762       3.361600       3.009490

 Quadrupole moment (in Debye-Angstrom):
                  1            2            3
 1      -195.423366     3.727449     2.412970
 2         3.727449  -216.160513     4.297887
 3         2.412970     4.297887  -223.877160

 Spin-squared expectation <S^2>:         0.000
 Total spin quantum number S:            0.000
 TOTAL ENERGY:                       -2331.830067549

 --------------------------------------------------------------------------------

 End time:                               Tue Oct 26 09:01:35 2021
 Total wall-clock time:                558.406 seconds
==================================================================================
