
================================================================================
          _____________ ________ _______________ ________     _________         
         / ___________// ______ \\_____   _____// ______ \   / ________)        
        / /_________  / /      \ \     | |     / /      \ \ | (_______          
       |  __________|| |        | |    | |    | |        | | \________ \        
        \ \_________ | |        | |    | |     \ \______/ /___________) |       
         \__________||_|        |_|    |_|      \________//____________/        
                                                                                
====================================[ Qcore ]===================================

 Git describe: 2.3.0-1-g21d9df7e5
 Compiler:     GNU 9.1.0
 Build type:   Release
 Version:      2.3.0-1-g21d9df7e5

 Start time:   Tue Oct 26 08:51:20 2021

 Data directory: /work/zw18965/.local/qcore/share/entos/qcore/data
 Number of threads: 24
 Number of threads was determined by: command line argument
  - More threads can be used by running 'qcore -n 32'

 --------------------------------------------------------------------------------
                                   command: dft                                  
 --------------------------------------------------------------------------------
 AO basis set:                           def2-tzvppd
 Number of AO basis functions:         811
 ECP on atom 1 (Ir):                     60 electrons

 Formula:                                C7H18OP2ClIr
 Nuclear charge:                       192.000000000
 Total charge:                           0.000000000
 Number of core electrons:              60
 Number of treated electrons:          132

 Number of alpha electrons:             66
 Number of beta electrons:              66
 Number of unpaired electrons:           0
 Spin:                                   0
 Multiplicity:                           singlet

 Theory:                                 dft
 Exchange-correlation functional:        pbe0
 Method for Coulomb:                     incore_df
 Method for exact exchange:              pre_transformed_df
 Integral threshold:                     1.00e-12
 DF basis set:                           def2-universal-jkfit
 Number of DF basis functions:        1537
 Schwarz screening threshold:            1.00e-10
 Coulomb fitting method:                 Cholesky
 Total number of grid points:       191878
 Method for AO orthogonalization:        symmetric
 Threshold for linear dependence:        1.00e-08
 D3BJ dispersion energy:                -0.038620400

 -------------------------------------
  Running restricted closed-shell SCF 
 -------------------------------------
 Max number of iterations:             128
 Conv. threshold (gradient):             1.00e-05
 Conv. threshold (energy):               1.00e-06
 Interpolation scheme:                   adiis+cdiis
 Initial guess:                          SAD

 ---------------------------------------------------------------
                  energy        change          grad        time
 ---------------------------------------------------------------
   0     -1601.269817104                    9.18e+01        2.08
   1     -1599.371344995      1.90e+00      1.77e+00        1.53
   2     -1599.182273824      1.89e-01      2.77e+00        1.59
   3     -1599.612989745     -4.31e-01      1.56e+00        1.63
   4     -1599.150921052      4.62e-01      5.24e+00        1.71
   5     -1599.629185264     -4.78e-01      1.59e+00        1.69
   6     -1599.677787356     -4.86e-02      3.77e-01        1.76
   7     -1599.664856721      1.29e-02      1.01e+00        1.76
   8     -1599.678811787     -1.40e-02      2.96e-01        1.75
   9     -1599.680102673     -1.29e-03      6.00e-02        1.93
  10     -1599.679863960      2.39e-04      1.28e-01        1.83
  11     -1599.680169130     -3.05e-04      4.95e-04        1.79
  12     -1599.680169145     -1.53e-08      3.29e-04        1.71
  13     -1599.680169148     -2.69e-09      5.33e-05        1.66
  14     -1599.680169148     -8.19e-11      1.35e-05        1.86
  15     -1599.680169148     -2.73e-12      6.55e-06        1.69

 SCF converged in 15 iterations.

 Dipole moment (in Debye):               0.000470       0.884118       0.010703

 Quadrupole moment (in Debye-Angstrom):
                  1            2            3
 1       -88.780472    -0.008578    -0.000973
 2        -0.008578  -128.661926    -0.002567
 3        -0.000973    -0.002567  -112.246978

 Spin-squared expectation <S^2>:         0.000
 Total spin quantum number S:            0.000
 TOTAL ENERGY:                       -1599.680169148

 --------------------------------------------------------------------------------

 End time:                               Tue Oct 26 08:52:13 2021
 Total wall-clock time:                 52.994 seconds
==================================================================================
