
================================================================================
          _____________ ________ _______________ ________     _________         
         / ___________// ______ \\_____   _____// ______ \   / ________)        
        / /_________  / /      \ \     | |     / /      \ \ | (_______          
       |  __________|| |        | |    | |    | |        | | \________ \        
        \ \_________ | |        | |    | |     \ \______/ /___________) |       
         \__________||_|        |_|    |_|      \________//____________/        
                                                                                
====================================[ Qcore ]===================================

 Git describe: 2.3.0-1-g21d9df7e5
 Compiler:     GNU 9.1.0
 Build type:   Release
 Version:      2.3.0-1-g21d9df7e5

 Start time:   Tue Oct 26 08:53:25 2021

 Data directory: /work/zw18965/.local/qcore/share/entos/qcore/data
 Number of threads: 24
 Number of threads was determined by: command line argument

 --------------------------------------------------------------------------------
                                   command: dft                                  
 --------------------------------------------------------------------------------
 AO basis set:                           def2-tzvppd
 Number of AO basis functions:        2045
 ECP on atom 14 (Rh):                    28 electrons

 Formula:                                C36H30P2ClRh
 Nuclear charge:                       338.000000000
 Total charge:                           0.000000000
 Number of core electrons:              28
 Number of treated electrons:          310

 Number of alpha electrons:            155
 Number of beta electrons:             155
 Number of unpaired electrons:           0
 Spin:                                   0
 Multiplicity:                           singlet

 Theory:                                 dft
 Exchange-correlation functional:        pbe0
 Method for Coulomb:                     incore_df
 Method for exact exchange:              pre_transformed_df
 Integral threshold:                     1.00e-12
 DF basis set:                           def2-universal-jkfit
 Number of DF basis functions:        3879
 Schwarz screening threshold:            1.00e-10
 Coulomb fitting method:                 Cholesky
 Total number of grid points:       452108
 Method for AO orthogonalization:        symmetric
 Threshold for linear dependence:        1.00e-08
 D3BJ dispersion energy:                -0.129720086

 -------------------------------------
  Running restricted closed-shell SCF 
 -------------------------------------
 Max number of iterations:             128
 Conv. threshold (gradient):             1.00e-05
 Conv. threshold (energy):               1.00e-06
 Interpolation scheme:                   adiis+cdiis
 Initial guess:                          SAD

 ---------------------------------------------------------------
                  energy        change          grad        time
 ---------------------------------------------------------------
   0     -2652.733156940                    3.58e+01       38.85
   1     -2641.404971061      1.13e+01      1.75e+00       26.32
   2     -2640.957463763      4.48e-01      5.74e+00       25.75
   3     -2641.963459213     -1.01e+00      4.27e+00       29.39
   4     -2641.284400006      6.79e-01      1.28e+01       26.93
   5     -2641.996808288     -7.12e-01      3.61e+00       26.78
   6     -2642.067830085     -7.10e-02      7.01e-01       27.50
   7     -2642.051512153      1.63e-02      2.03e+00       27.24
   8     -2642.068683313     -1.72e-02      5.88e-01       27.26
   9     -2642.070411387     -1.73e-03      4.81e-02       27.72
  10     -2642.070087902      3.23e-04      1.05e-01       28.09
  11     -2642.070484749     -3.97e-04      1.25e-03       27.35
  12     -2642.070484851     -1.01e-07      7.56e-04       26.03
  13     -2642.070484862     -1.12e-08      2.35e-04       26.02
  14     -2642.070484866     -4.14e-09      1.86e-04       27.71
  15     -2642.070484867     -5.15e-10      5.32e-05       27.66
  16     -2642.070484867     -1.64e-10      3.57e-05       27.87
  17     -2642.070484867     -5.91e-12      1.29e-05       26.44
  18     -2642.070484867     -3.41e-11      8.86e-06       26.49

 SCF converged in 18 iterations.

 Dipole moment (in Debye):              -2.397999       3.532479       6.039415

 Quadrupole moment (in Debye-Angstrom):
                  1            2            3
 1      -247.983662     2.272445     7.716853
 2         2.272445  -248.684718   -14.021895
 3         7.716853   -14.021895  -264.917018

 Spin-squared expectation <S^2>:         0.000
 Total spin quantum number S:            0.000
 TOTAL ENERGY:                       -2642.070484867

 --------------------------------------------------------------------------------

 End time:                               Tue Oct 26 09:06:28 2021
 Total wall-clock time:                783.367 seconds
==================================================================================
