
================================================================================
          _____________ ________ _______________ ________     _________         
         / ___________// ______ \\_____   _____// ______ \   / ________)        
        / /_________  / /      \ \     | |     / /      \ \ | (_______          
       |  __________|| |        | |    | |    | |        | | \________ \        
        \ \_________ | |        | |    | |     \ \______/ /___________) |       
         \__________||_|        |_|    |_|      \________//____________/        
                                                                                
====================================[ Qcore ]===================================

 Git describe: 2.3.0-1-g21d9df7e5
 Compiler:     GNU 9.1.0
 Build type:   Release
 Version:      2.3.0-1-g21d9df7e5

 Start time:   Tue Oct 26 09:00:14 2021

 Data directory: /work/zw18965/.local/qcore/share/entos/qcore/data
 Number of threads: 24
 Number of threads was determined by: command line argument
  - More threads can be used by running 'qcore -n 32'

 --------------------------------------------------------------------------------
                                   command: dft                                  
 --------------------------------------------------------------------------------
 AO basis set:                           def2-tzvppd
 Number of AO basis functions:         590

 Formula:                                C6H16P2
 Nuclear charge:                        82.000000000
 Total charge:                           0.000000000
 Number of electrons:                   82.000000000

 Number of alpha electrons:             41
 Number of beta electrons:              41
 Number of unpaired electrons:           0
 Spin:                                   0
 Multiplicity:                           singlet

 Theory:                                 dft
 Exchange-correlation functional:        pbe0
 Method for Coulomb:                     incore_df
 Method for exact exchange:              pre_transformed_df
 Integral threshold:                     1.00e-12
 DF basis set:                           def2-universal-jkfit
 Number of DF basis functions:         994
 Schwarz screening threshold:            1.00e-10
 Coulomb fitting method:                 Cholesky
 Total number of grid points:       149740
 Method for AO orthogonalization:        symmetric
 Threshold for linear dependence:        1.00e-08
 D3BJ dispersion energy:                -0.021860985

 -------------------------------------
  Running restricted closed-shell SCF 
 -------------------------------------
 Max number of iterations:             128
 Conv. threshold (gradient):             1.00e-05
 Conv. threshold (energy):               1.00e-06
 Interpolation scheme:                   adiis+cdiis
 Initial guess:                          SAD

 ---------------------------------------------------------------
                  energy        change          grad        time
 ---------------------------------------------------------------
   0      -921.696809371                    1.94e+01        0.74
   1      -920.309764603      1.39e+00      1.67e+00        0.64
   2      -920.198793241      1.11e-01      2.00e+00        0.61
   3      -920.569138322     -3.70e-01      2.26e-01        0.61
   4      -920.568775613      3.63e-04      2.69e-01        0.62
   5      -920.572216250     -3.44e-03      3.41e-02        0.60
   6      -920.572177452      3.88e-05      4.98e-02        0.63
   7      -920.572268364     -9.09e-05      1.20e-03        0.65
   8      -920.572268425     -6.07e-08      6.95e-04        0.62
   9      -920.572268452     -2.67e-08      3.74e-05        0.65
  10      -920.572268452     -1.64e-10      1.04e-05        0.62
  11      -920.572268452     -1.66e-11      3.29e-06        0.61

 SCF converged in 11 iterations.

 Dipole moment (in Debye):              -0.000043       0.000016       1.825646

 Quadrupole moment (in Debye-Angstrom):
                  1            2            3
 1       -66.941435     4.330434     0.000173
 2         4.330434   -69.462337    -0.000135
 3         0.000173    -0.000135   -70.344155

 Spin-squared expectation <S^2>:         0.000
 Total spin quantum number S:            0.000
 TOTAL ENERGY:                        -920.572268452

 --------------------------------------------------------------------------------

 End time:                               Tue Oct 26 09:00:25 2021
 Total wall-clock time:                 11.063 seconds
==================================================================================
