
================================================================================
          _____________ ________ _______________ ________     _________         
         / ___________// ______ \\_____   _____// ______ \   / ________)        
        / /_________  / /      \ \     | |     / /      \ \ | (_______          
       |  __________|| |        | |    | |    | |        | | \________ \        
        \ \_________ | |        | |    | |     \ \______/ /___________) |       
         \__________||_|        |_|    |_|      \________//____________/        
                                                                                
====================================[ Qcore ]===================================

 Git describe: 2.3.0-1-g21d9df7e5
 Compiler:     GNU 9.1.0
 Build type:   Release
 Version:      2.3.0-1-g21d9df7e5

 Start time:   Tue Oct 26 09:02:02 2021

 Data directory: /work/zw18965/.local/qcore/share/entos/qcore/data
 Number of threads: 24
 Number of threads was determined by: command line argument

 --------------------------------------------------------------------------------
                                   command: dft                                  
 --------------------------------------------------------------------------------
 AO basis set:                           def2-tzvppd
 Number of AO basis functions:         738
 ECP on atom 1 (Mo):                     28 electrons

 Formula:                                C12H14Mo
 Nuclear charge:                       128.000000000
 Total charge:                           0.000000000
 Number of core electrons:              28
 Number of treated electrons:          100

 Number of alpha electrons:             50
 Number of beta electrons:              50
 Number of unpaired electrons:           0
 Spin:                                   0
 Multiplicity:                           singlet

 Theory:                                 dft
 Exchange-correlation functional:        pbe0
 Method for Coulomb:                     incore_df
 Method for exact exchange:              pre_transformed_df
 Integral threshold:                     1.00e-12
 DF basis set:                           def2-universal-jkfit
 Number of DF basis functions:        1407
 Schwarz screening threshold:            1.00e-10
 Coulomb fitting method:                 Cholesky
 Total number of grid points:       172330
 Method for AO orthogonalization:        symmetric
 Threshold for linear dependence:        1.00e-08
 D3BJ dispersion energy:                -0.034202827

 -------------------------------------
  Running restricted closed-shell SCF 
 -------------------------------------
 Max number of iterations:             128
 Conv. threshold (gradient):             1.00e-05
 Conv. threshold (energy):               1.00e-06
 Interpolation scheme:                   adiis+cdiis
 Initial guess:                          SAD

 ---------------------------------------------------------------
                  energy        change          grad        time
 ---------------------------------------------------------------
   0      -537.069807646                    4.22e+01        1.84
   1      -532.830139455      4.24e+00      6.60e+00        1.37
   2      -527.147463254      5.68e+00      2.62e+01        1.41
   3      -533.108468365     -5.96e+00      5.36e+00        1.46
   4      -533.542369258     -4.34e-01      1.64e+00        1.60
   5      -533.355686607      1.87e-01      4.61e+00        1.40
   6      -533.546512077     -1.91e-01      1.39e+00        1.48
   7      -533.566563048     -2.01e-02      1.22e-01        1.55
   8      -533.565185674      1.38e-03      3.88e-01        1.50
   9      -533.566558376     -1.37e-03      1.17e-01        1.43
  10      -533.566717248     -1.59e-04      1.58e-02        1.45
  11      -533.566700387      1.69e-05      4.18e-02        1.55
  12      -533.566719856     -1.95e-05      8.25e-04        1.63
  13      -533.566719873     -1.63e-08      2.50e-04        1.35
  14      -533.566719874     -1.63e-09      9.90e-05        1.35
  15      -533.566719874     -2.66e-10      4.15e-05        1.31
  16      -533.566719874     -6.65e-11      1.80e-05        1.48
  17      -533.566719874     -2.06e-11      5.33e-06        1.38

 SCF converged in 17 iterations.

 Dipole moment (in Debye):              -0.000344      -1.253773       0.028916

 Quadrupole moment (in Debye-Angstrom):
                  1            2            3
 1       -96.028522    -0.034283     0.427671
 2        -0.034283   -92.490974    -0.006656
 3         0.427671    -0.006656   -89.466454

 Spin-squared expectation <S^2>:         0.000
 Total spin quantum number S:            0.000
 TOTAL ENERGY:                        -533.566719874

 --------------------------------------------------------------------------------

 End time:                               Tue Oct 26 09:02:39 2021
 Total wall-clock time:                 37.326 seconds
==================================================================================
