
================================================================================
          _____________ ________ _______________ ________     _________         
         / ___________// ______ \\_____   _____// ______ \   / ________)        
        / /_________  / /      \ \     | |     / /      \ \ | (_______          
       |  __________|| |        | |    | |    | |        | | \________ \        
        \ \_________ | |        | |    | |     \ \______/ /___________) |       
         \__________||_|        |_|    |_|      \________//____________/        
                                                                                
====================================[ Qcore ]===================================

 Git describe: 2.3.0-1-g21d9df7e5
 Compiler:     GNU 9.1.0
 Build type:   Release
 Version:      2.3.0-1-g21d9df7e5

 Start time:   Tue Oct 26 08:58:49 2021

 Data directory: /work/zw18965/.local/qcore/share/entos/qcore/data
 Number of threads: 24
 Number of threads was determined by: command line argument

 --------------------------------------------------------------------------------
                                   command: dft                                  
 --------------------------------------------------------------------------------
 AO basis set:                           def2-tzvppd
 Number of AO basis functions:        1232
 ECP on atom 1 (Ru):                     28 electrons

 Formula:                                C18H27ClRu
 Nuclear charge:                       196.000000000
 Total charge:                           0.000000000
 Number of core electrons:              28
 Number of treated electrons:          168

 Number of alpha electrons:             84
 Number of beta electrons:              84
 Number of unpaired electrons:           0
 Spin:                                   0
 Multiplicity:                           singlet

 Theory:                                 dft
 Exchange-correlation functional:        pbe0
 Method for Coulomb:                     incore_df
 Method for exact exchange:              pre_transformed_df
 Integral threshold:                     1.00e-12
 DF basis set:                           def2-universal-jkfit
 Number of DF basis functions:        2219
 Schwarz screening threshold:            1.00e-10
 Coulomb fitting method:                 Cholesky
 Total number of grid points:       297338
 Method for AO orthogonalization:        symmetric
 Threshold for linear dependence:        1.00e-08
 D3BJ dispersion energy:                -0.068402776

 -------------------------------------
  Running restricted closed-shell SCF 
 -------------------------------------
 Max number of iterations:             128
 Conv. threshold (gradient):             1.00e-05
 Conv. threshold (energy):               1.00e-06
 Interpolation scheme:                   adiis+cdiis
 Initial guess:                          SAD

 ---------------------------------------------------------------
                  energy        change          grad        time
 ---------------------------------------------------------------
   0     -1261.734231195                    4.97e+01        9.45
   1     -1255.898244326      5.84e+00      9.19e+00        6.82
   2     -1252.103286982      3.79e+00      2.48e+01        6.51
   3     -1256.421476486     -4.32e+00      5.00e+00        6.64
   4     -1256.636315963     -2.15e-01      3.01e+00        6.96
   5     -1256.588780465      4.75e-02      4.69e+00        6.98
   6     -1256.680334693     -9.16e-02      8.16e-01        6.91
   7     -1256.677850764      2.48e-03      1.28e+00        7.23
   8     -1256.690930379     -1.31e-02      7.70e-01        6.88
   9     -1256.682263637      8.67e-03      1.53e+00        7.29
  10     -1256.692952183     -1.07e-02      4.24e-01        9.00
  11     -1256.693553534     -6.01e-04      1.80e-01        7.67
  12     -1256.693716149     -1.63e-04      1.86e-01        7.84
  13     -1256.693916482     -2.00e-04      1.64e-01        7.41
  14     -1256.693922459     -5.98e-06      1.54e-01        7.70
  15     -1256.694028843     -1.06e-04      2.25e-02        8.00
  16     -1256.694016759      1.21e-05      2.99e-02        7.36
  17     -1256.694045529     -2.88e-05      3.48e-05        7.35
  18     -1256.694045529     -2.50e-12      1.82e-05        7.06
  19     -1256.694045529     -2.61e-11      6.48e-06        7.90

 SCF converged in 19 iterations.

 Dipole moment (in Debye):               1.466316       5.203707       0.379751

 Quadrupole moment (in Debye-Angstrom):
                  1            2            3
 1      -138.972782    -0.117699     0.345836
 2        -0.117699  -152.364381    -1.686025
 3         0.345836    -1.686025  -139.263487

 Spin-squared expectation <S^2>:         0.000
 Total spin quantum number S:            0.000
 TOTAL ENERGY:                       -1256.694045529

 --------------------------------------------------------------------------------

 End time:                               Tue Oct 26 09:01:58 2021
 Total wall-clock time:                188.733 seconds
==================================================================================
