
================================================================================
          _____________ ________ _______________ ________     _________         
         / ___________// ______ \\_____   _____// ______ \   / ________)        
        / /_________  / /      \ \     | |     / /      \ \ | (_______          
       |  __________|| |        | |    | |    | |        | | \________ \        
        \ \_________ | |        | |    | |     \ \______/ /___________) |       
         \__________||_|        |_|    |_|      \________//____________/        
                                                                                
====================================[ Qcore ]===================================

 Git describe: 2.3.0-1-g21d9df7e5
 Compiler:     GNU 9.1.0
 Build type:   Release
 Version:      2.3.0-1-g21d9df7e5

 Start time:   Tue Oct 26 08:53:32 2021

 Data directory: /work/zw18965/.local/qcore/share/entos/qcore/data
 Number of threads: 24
 Number of threads was determined by: command line argument

 --------------------------------------------------------------------------------
                                   command: dft                                  
 --------------------------------------------------------------------------------
 AO basis set:                           def2-tzvppd
 Number of AO basis functions:         783
 ECP on atom 21 (Pd):                    28 electrons
 ECP on atom 26 (I):                     28 electrons

 Formula:                                C11H11N2PdI
 Nuclear charge:                       190.000000000
 Total charge:                           0.000000000
 Number of core electrons:              56
 Number of treated electrons:          134

 Number of alpha electrons:             67
 Number of beta electrons:              67
 Number of unpaired electrons:           0
 Spin:                                   0
 Multiplicity:                           singlet

 Theory:                                 dft
 Exchange-correlation functional:        pbe0
 Method for Coulomb:                     incore_df
 Method for exact exchange:              pre_transformed_df
 Integral threshold:                     1.00e-12
 DF basis set:                           def2-universal-jkfit
 Number of DF basis functions:        1650
 Schwarz screening threshold:            1.00e-10
 Coulomb fitting method:                 Cholesky
 Total number of grid points:       170474
 Method for AO orthogonalization:        symmetric
 Threshold for linear dependence:        1.00e-08
 D3BJ dispersion energy:                -0.035309844

 -------------------------------------
  Running restricted closed-shell SCF 
 -------------------------------------
 Max number of iterations:             128
 Conv. threshold (gradient):             1.00e-05
 Conv. threshold (energy):               1.00e-06
 Interpolation scheme:                   adiis+cdiis
 Initial guess:                          SAD

 ---------------------------------------------------------------
                  energy        change          grad        time
 ---------------------------------------------------------------
   0      -964.115179208                    1.97e+01        2.05
   1      -959.487416255      4.63e+00      8.39e+00        1.63
   2      -954.952418004      4.53e+00      1.29e+01        1.57
   3      -959.913577208     -4.96e+00      5.98e+00        1.54
   4      -960.501564607     -5.88e-01      1.54e+00        1.55
   5      -960.373131684      1.28e-01      2.14e+00        1.55
   6      -960.563857821     -1.91e-01      1.53e+00        1.61
   7      -960.425455870      1.38e-01      3.09e+00        1.62
   8      -960.587447281     -1.62e-01      8.91e-01        1.62
   9      -960.599355047     -1.19e-02      2.91e-01        1.70
  10      -960.599136344      2.19e-04      2.89e-01        1.66
  11      -960.600877674     -1.74e-03      5.77e-02        1.82
  12      -960.600652359      2.25e-04      1.16e-01        1.76
  13      -960.600961787     -3.09e-04      5.37e-04        1.70
  14      -960.600961805     -1.70e-08      4.17e-04        1.54
  15      -960.600961813     -8.02e-09      1.55e-04        1.56
  16      -960.600961813     -7.85e-10      1.06e-04        1.53
  17      -960.600961814     -2.60e-10      1.29e-05        1.52
  18      -960.600961814     -2.80e-11      7.48e-06        1.57

 SCF converged in 18 iterations.

 Dipole moment (in Debye):              11.100391       2.823956      -0.000062

 Quadrupole moment (in Debye-Angstrom):
                  1            2            3
 1      -110.606411    -3.818530    -0.021986
 2        -3.818530  -100.146352     0.008016
 3        -0.021986     0.008016  -129.341907

 Spin-squared expectation <S^2>:         0.000
 Total spin quantum number S:            0.000
 TOTAL ENERGY:                        -960.600961814

 --------------------------------------------------------------------------------

 End time:                               Tue Oct 26 08:58:46 2021
 Total wall-clock time:                313.783 seconds
==================================================================================
