
================================================================================
          _____________ ________ _______________ ________     _________         
         / ___________// ______ \\_____   _____// ______ \   / ________)        
        / /_________  / /      \ \     | |     / /      \ \ | (_______          
       |  __________|| |        | |    | |    | |        | | \________ \        
        \ \_________ | |        | |    | |     \ \______/ /___________) |       
         \__________||_|        |_|    |_|      \________//____________/        
                                                                                
====================================[ Qcore ]===================================

 Git describe: 2.3.0-1-g21d9df7e5
 Compiler:     GNU 9.1.0
 Build type:   Release
 Version:      2.3.0-1-g21d9df7e5

 Start time:   Tue Oct 26 09:00:28 2021

 Data directory: /work/zw18965/.local/qcore/share/entos/qcore/data
 Number of threads: 24
 Number of threads was determined by: command line argument
  - More threads can be used by running 'qcore -n 32'

 --------------------------------------------------------------------------------
                                   command: dft                                  
 --------------------------------------------------------------------------------
 AO basis set:                           def2-tzvppd
 Number of AO basis functions:        1446
 ECP on atom 1 (Ru):                     28 electrons

 Formula:                                C14H40P4Ru
 Nuclear charge:                       228.000000000
 Total charge:                           0.000000000
 Number of core electrons:              28
 Number of treated electrons:          200

 Number of alpha electrons:            100
 Number of beta electrons:             100
 Number of unpaired electrons:           0
 Spin:                                   0
 Multiplicity:                           singlet

 Theory:                                 dft
 Exchange-correlation functional:        pbe0
 Method for Coulomb:                     incore_df
 Method for exact exchange:              pre_transformed_df
 Integral threshold:                     1.00e-12
 DF basis set:                           def2-universal-jkfit
 Number of DF basis functions:        2537
 Schwarz screening threshold:            1.00e-10
 Coulomb fitting method:                 Cholesky
 Total number of grid points:       368614
 Method for AO orthogonalization:        symmetric
 Threshold for linear dependence:        1.00e-08
 D3BJ dispersion energy:                -0.093645939

 -------------------------------------
  Running restricted closed-shell SCF 
 -------------------------------------
 Max number of iterations:             128
 Conv. threshold (gradient):             1.00e-05
 Conv. threshold (energy):               1.00e-06
 Interpolation scheme:                   adiis+cdiis
 Initial guess:                          SAD

 ---------------------------------------------------------------
                  energy        change          grad        time
 ---------------------------------------------------------------
   0     -2020.353835874                    4.04e+01       12.49
   1     -2016.468981460      3.88e+00      3.63e+00        9.24
   2     -2015.708414858      7.61e-01      8.19e+00        9.52
   3     -2016.875168728     -1.17e+00      7.00e+00        9.57
   4     -2016.160275725      7.15e-01      1.27e+01        9.65
   5     -2017.131557401     -9.71e-01      2.10e+00        9.54
   6     -2017.160643349     -2.91e-02      1.44e+00        9.77
   7     -2017.172725264     -1.21e-02      1.06e+00       10.08
   8     -2017.171269009      1.46e-03      1.16e+00        9.78
   9     -2017.178779224     -7.51e-03      1.01e-01       10.39
  10     -2017.178379249      4.00e-04      1.42e-01       10.38
  11     -2017.179252437     -8.73e-04      7.12e-02       10.60
  12     -2017.178888612      3.64e-04      2.70e-01       10.61
  13     -2017.179298846     -4.10e-04      5.84e-04       10.03
  14     -2017.179298848     -2.19e-09      1.26e-04        9.85
  15     -2017.179298848     -4.22e-10      3.21e-05        9.93
  16     -2017.179298848     -1.71e-11      1.59e-05       10.12
  17     -2017.179298848     -6.37e-12      3.42e-06        9.67

 SCF converged in 17 iterations.

 Dipole moment (in Debye):               0.055228       0.424975       2.080821

 Quadrupole moment (in Debye-Angstrom):
                  1            2            3
 1      -160.161437     0.652493    -0.440411
 2         0.652493  -169.931329    -0.808917
 3        -0.440411    -0.808917  -176.858247

 Spin-squared expectation <S^2>:         0.000
 Total spin quantum number S:            0.000
 TOTAL ENERGY:                       -2017.179298848

 --------------------------------------------------------------------------------

 End time:                               Tue Oct 26 09:04:24 2021
 Total wall-clock time:                235.551 seconds
==================================================================================
