
================================================================================
          _____________ ________ _______________ ________     _________         
         / ___________// ______ \\_____   _____// ______ \   / ________)        
        / /_________  / /      \ \     | |     / /      \ \ | (_______          
       |  __________|| |        | |    | |    | |        | | \________ \        
        \ \_________ | |        | |    | |     \ \______/ /___________) |       
         \__________||_|        |_|    |_|      \________//____________/        
                                                                                
====================================[ Qcore ]===================================

 Git describe: 2.3.0-1-g21d9df7e5
 Compiler:     GNU 9.1.0
 Build type:   Release
 Version:      2.3.0-1-g21d9df7e5

 Start time:   Tue Oct 26 09:01:43 2021

 Data directory: /work/zw18965/.local/qcore/share/entos/qcore/data
 Number of threads: 24
 Number of threads was determined by: command line argument
  - More threads can be used by running 'qcore -n 32'

 --------------------------------------------------------------------------------
                                   command: dft                                  
 --------------------------------------------------------------------------------
 AO basis set:                           def2-tzvppd
 Number of AO basis functions:         118
 ECP on atom 1 (I):                      28 electrons
 ECP on atom 2 (I):                      28 electrons

 Formula:                                I2
 Nuclear charge:                       106.000000000
 Total charge:                           0.000000000
 Number of core electrons:              56
 Number of treated electrons:           50

 Number of alpha electrons:             25
 Number of beta electrons:              25
 Number of unpaired electrons:           0
 Spin:                                   0
 Multiplicity:                           singlet

 Theory:                                 dft
 Exchange-correlation functional:        pbe0
 Method for Coulomb:                     incore_df
 Method for exact exchange:              pre_transformed_df
 Integral threshold:                     1.00e-12
 DF basis set:                           def2-universal-jkfit
 Number of DF basis functions:         436
 Schwarz screening threshold:            1.00e-10
 Coulomb fitting method:                 Cholesky
 Total number of grid points:        17740
 Method for AO orthogonalization:        symmetric
 Threshold for linear dependence:        1.00e-08
 D3BJ dispersion energy:                -0.001799278

 -------------------------------------
  Running restricted closed-shell SCF 
 -------------------------------------
 Max number of iterations:             128
 Conv. threshold (gradient):             1.00e-05
 Conv. threshold (energy):               1.00e-06
 Interpolation scheme:                   adiis+cdiis
 Initial guess:                          SAD

 ---------------------------------------------------------------
                  energy        change          grad        time
 ---------------------------------------------------------------
   0      -595.543170032                    2.11e+00        0.02
   1      -595.459318385      8.39e-02      1.14e-01        0.02
   2      -595.461428137     -2.11e-03      7.47e-02        0.01
   3      -595.461327447      1.01e-04      7.84e-02        0.01
   4      -595.462826287     -1.50e-03      1.78e-03        0.01
   5      -595.462826998     -7.12e-07      5.62e-04        0.01
   6      -595.462827071     -7.27e-08      8.68e-05        0.01
   7      -595.462827073     -2.26e-09      1.05e-05        0.01
   8      -595.462827073     -2.17e-11      1.23e-06        0.01

 SCF converged in 8 iterations.

 Dipole moment (in Debye):               0.000000       0.000000       0.000010

 Quadrupole moment (in Debye-Angstrom):
                  1            2            3
 1       -54.565135     0.000000    -0.000000
 2         0.000000   -54.565135    -0.000000
 3        -0.000000    -0.000000   -47.380699

 Spin-squared expectation <S^2>:         0.000
 Total spin quantum number S:            0.000
 TOTAL ENERGY:                        -595.462827073

 --------------------------------------------------------------------------------

 End time:                               Tue Oct 26 09:01:46 2021
 Total wall-clock time:                  3.552 seconds
==================================================================================
