
================================================================================
          _____________ ________ _______________ ________     _________         
         / ___________// ______ \\_____   _____// ______ \   / ________)        
        / /_________  / /      \ \     | |     / /      \ \ | (_______          
       |  __________|| |        | |    | |    | |        | | \________ \        
        \ \_________ | |        | |    | |     \ \______/ /___________) |       
         \__________||_|        |_|    |_|      \________//____________/        
                                                                                
====================================[ Qcore ]===================================

 Git describe: 2.3.0-1-g21d9df7e5
 Compiler:     GNU 9.1.0
 Build type:   Release
 Version:      2.3.0-1-g21d9df7e5

 Start time:   Tue Oct 26 09:05:26 2021

 Data directory: /work/zw18965/.local/qcore/share/entos/qcore/data
 Number of threads: 24
 Number of threads was determined by: command line argument

 --------------------------------------------------------------------------------
                                   command: dft                                  
 --------------------------------------------------------------------------------
 AO basis set:                           def2-tzvppd
 Number of AO basis functions:        1800
 ECP on atom 1 (W):                      60 electrons

 Formula:                                C21H44O3P2W
 Nuclear charge:                       298.000000000
 Total charge:                           0.000000000
 Number of core electrons:              60
 Number of treated electrons:          238

 Number of alpha electrons:            119
 Number of beta electrons:             119
 Number of unpaired electrons:           0
 Spin:                                   0
 Multiplicity:                           singlet

 Theory:                                 dft
 Exchange-correlation functional:        pbe0
 Method for Coulomb:                     incore_df
 Method for exact exchange:              pre_transformed_df
 Integral threshold:                     1.00e-12
 DF basis set:                           def2-universal-jkfit
 Number of DF basis functions:        3081
 Schwarz screening threshold:            1.00e-10
 Coulomb fitting method:                 Cholesky
 Total number of grid points:       446468
 Method for AO orthogonalization:        symmetric
 Threshold for linear dependence:        1.00e-08
 D3BJ dispersion energy:                -0.107715027

 -------------------------------------
  Running restricted closed-shell SCF 
 -------------------------------------
 Max number of iterations:             128
 Conv. threshold (gradient):             1.00e-05
 Conv. threshold (energy):               1.00e-06
 Interpolation scheme:                   adiis+cdiis
 Initial guess:                          SAD

 ---------------------------------------------------------------
                  energy        change          grad        time
 ---------------------------------------------------------------
   0     -1806.025291381                    2.43e+02       25.04
   1     -1800.672673249      5.35e+00      1.87e+00       16.71
   2     -1800.170533055      5.02e-01      4.25e+00       18.14
   3     -1801.232573744     -1.06e+00      2.55e+00       16.98
   4     -1800.336489538      8.96e-01      8.42e+00       17.43
   5     -1801.254041686     -9.18e-01      2.44e+00       17.21
   6     -1801.342170287     -8.81e-02      4.60e-01       17.04
   7     -1801.320442074      2.17e-02      1.45e+00       19.64
   8     -1801.342729288     -2.23e-02      4.09e-01       18.45
   9     -1801.345131775     -2.40e-03      2.50e-02       18.60
  10     -1801.344963908      1.68e-04      6.75e-02       20.19
  11     -1801.345160577     -1.97e-04      2.75e-03       18.40
  12     -1801.345160896     -3.20e-07      5.09e-04       18.60
  13     -1801.345160907     -1.02e-08      2.44e-04       17.71
  14     -1801.345160909     -2.02e-09      8.82e-05       19.62
  15     -1801.345160909     -3.52e-10      3.85e-05       18.41
  16     -1801.345160909     -5.75e-11      8.28e-06       17.93

 SCF converged in 16 iterations.

 Dipole moment (in Debye):              -0.001641       0.031439       1.828617

 Quadrupole moment (in Debye-Angstrom):
                  1            2            3
 1      -182.113922     0.001018     0.001664
 2         0.001018  -216.457669    -1.492528
 3         0.001664    -1.492528  -208.023320

 Spin-squared expectation <S^2>:         0.000
 Total spin quantum number S:            0.000
 TOTAL ENERGY:                       -1801.345160909

 --------------------------------------------------------------------------------

 End time:                               Tue Oct 26 09:13:42 2021
 Total wall-clock time:                495.970 seconds
==================================================================================
