
================================================================================
          _____________ ________ _______________ ________     _________         
         / ___________// ______ \\_____   _____// ______ \   / ________)        
        / /_________  / /      \ \     | |     / /      \ \ | (_______          
       |  __________|| |        | |    | |    | |        | | \________ \        
        \ \_________ | |        | |    | |     \ \______/ /___________) |       
         \__________||_|        |_|    |_|      \________//____________/        
                                                                                
====================================[ Qcore ]===================================

 Git describe: 2.3.0-1-g21d9df7e5
 Compiler:     GNU 9.1.0
 Build type:   Release
 Version:      2.3.0-1-g21d9df7e5

 Start time:   Tue Oct 26 09:05:04 2021

 Data directory: /work/zw18965/.local/qcore/share/entos/qcore/data
 Number of threads: 24
 Number of threads was determined by: command line argument

 --------------------------------------------------------------------------------
                                   command: dft                                  
 --------------------------------------------------------------------------------
 AO basis set:                           def2-tzvppd
 Number of AO basis functions:         529

 Formula:                                C6O6Cr
 Nuclear charge:                       108.000000000
 Total charge:                           0.000000000
 Number of electrons:                  108.000000000

 Number of alpha electrons:             54
 Number of beta electrons:              54
 Number of unpaired electrons:           0
 Spin:                                   0
 Multiplicity:                           singlet

 Theory:                                 dft
 Exchange-correlation functional:        pbe0
 Method for Coulomb:                     incore_df
 Method for exact exchange:              pre_transformed_df
 Integral threshold:                     1.00e-12
 DF basis set:                           def2-universal-jkfit
 Number of DF basis functions:        1176
 Schwarz screening threshold:            1.00e-10
 Coulomb fitting method:                 Cholesky
 Total number of grid points:        90292
 Method for AO orthogonalization:        symmetric
 Threshold for linear dependence:        1.00e-08
 D3BJ dispersion energy:                -0.018192010

 -------------------------------------
  Running restricted closed-shell SCF 
 -------------------------------------
 Max number of iterations:             128
 Conv. threshold (gradient):             1.00e-05
 Conv. threshold (energy):               1.00e-06
 Interpolation scheme:                   adiis+cdiis
 Initial guess:                          SAD

 ---------------------------------------------------------------
                  energy        change          grad        time
 ---------------------------------------------------------------
   0     -1725.729938573                    3.43e+01        0.58
   1     -1722.765569430      2.96e+00      1.02e+01        0.49
   2     -1694.666248808      2.81e+01      3.74e+01        0.50
   3     -1718.570964473     -2.39e+01      2.66e+01        0.51
   4     -1723.479154223     -4.91e+00      5.50e+00        0.48
   5     -1723.747399341     -2.68e-01      2.48e+00        0.50
   6     -1723.671095375      7.63e-02      5.57e+00        0.50
   7     -1723.874626474     -2.04e-01      1.75e+00        0.51
   8     -1723.799484703      7.51e-02      3.12e+00        0.52
   9     -1723.880175956     -8.07e-02      1.71e+00        0.51
  10     -1723.891801951     -1.16e-02      5.49e-01        0.54
  11     -1723.898518679     -6.72e-03      8.78e-02        0.54
  12     -1723.893919349      4.60e-03      6.74e-01        0.58
  13     -1723.898919842     -5.00e-03      4.63e-03        0.56
  14     -1723.898919980     -1.38e-07      2.42e-04        0.48
  15     -1723.898919980     -4.04e-10      5.38e-05        0.49
  16     -1723.898919980     -4.66e-11      1.52e-05        0.49
  17     -1723.898919980     -4.77e-12      2.89e-06        0.48

 SCF converged in 17 iterations.

 Dipole moment (in Debye):              -0.000087       0.000022      -0.000084

 Quadrupole moment (in Debye-Angstrom):
                  1            2            3
 1       -83.842702    -0.000260     0.000032
 2        -0.000260   -83.842710    -0.000048
 3         0.000032    -0.000048   -83.842691

 Spin-squared expectation <S^2>:         0.000
 Total spin quantum number S:            0.000
 TOTAL ENERGY:                       -1723.898919980

 --------------------------------------------------------------------------------

 End time:                               Tue Oct 26 09:05:23 2021
 Total wall-clock time:                 18.517 seconds
==================================================================================
