
================================================================================
          _____________ ________ _______________ ________     _________         
         / ___________// ______ \\_____   _____// ______ \   / ________)        
        / /_________  / /      \ \     | |     / /      \ \ | (_______          
       |  __________|| |        | |    | |    | |        | | \________ \        
        \ \_________ | |        | |    | |     \ \______/ /___________) |       
         \__________||_|        |_|    |_|      \________//____________/        
                                                                                
====================================[ Qcore ]===================================

 Git describe: 2.3.0-1-g21d9df7e5
 Compiler:     GNU 9.1.0
 Build type:   Release
 Version:      2.3.0-1-g21d9df7e5

 Start time:   Tue Oct 26 09:01:54 2021

 Data directory: /work/zw18965/.local/qcore/share/entos/qcore/data
 Number of threads: 24
 Number of threads was determined by: command line argument
  - More threads can be used by running 'qcore -n 32'

 --------------------------------------------------------------------------------
                                   command: dft                                  
 --------------------------------------------------------------------------------
 AO basis set:                           def2-tzvppd
 Number of AO basis functions:        1275

 Formula:                                C18H33P
 Nuclear charge:                       156.000000000
 Total charge:                           0.000000000
 Number of electrons:                  156.000000000

 Number of alpha electrons:             78
 Number of beta electrons:              78
 Number of unpaired electrons:           0
 Spin:                                   0
 Multiplicity:                           singlet

 Theory:                                 dft
 Exchange-correlation functional:        pbe0
 Method for Coulomb:                     incore_df
 Method for exact exchange:              pre_transformed_df
 Integral threshold:                     1.00e-12
 DF basis set:                           def2-universal-jkfit
 Number of DF basis functions:        2072
 Schwarz screening threshold:            1.00e-10
 Coulomb fitting method:                 Cholesky
 Total number of grid points:       324120
 Method for AO orthogonalization:        symmetric
 Threshold for linear dependence:        1.00e-08
 D3BJ dispersion energy:                -0.059949503

 -------------------------------------
  Running restricted closed-shell SCF 
 -------------------------------------
 Max number of iterations:             128
 Conv. threshold (gradient):             1.00e-05
 Conv. threshold (energy):               1.00e-06
 Interpolation scheme:                   adiis+cdiis
 Initial guess:                          SAD

 ---------------------------------------------------------------
                  energy        change          grad        time
 ---------------------------------------------------------------
   0     -1051.016041132                    2.64e+01        8.75
   1     -1046.018104728      5.00e+00      1.80e+00        6.89
   2     -1045.645486648      3.73e-01      2.38e+00        6.94
   3     -1046.499073957     -8.54e-01      2.65e-01        6.60
   4     -1046.498184375      8.90e-04      2.86e-01        7.21
   5     -1046.508652671     -1.05e-02      5.16e-02        6.91
   6     -1046.508553917      9.88e-05      7.45e-02        7.18
   7     -1046.508882967     -3.29e-04      4.29e-03        6.86
   8     -1046.508883313     -3.46e-07      1.31e-03        6.89
   9     -1046.508883352     -3.90e-08      3.61e-04        6.79
  10     -1046.508883355     -2.74e-09      1.13e-04        6.97
  11     -1046.508883355     -1.95e-10      2.67e-05        7.46
  12     -1046.508883355     -1.48e-11      3.61e-06        6.93

 SCF converged in 12 iterations.

 Dipole moment (in Debye):               0.130233       0.115264       1.346463

 Quadrupole moment (in Debye-Angstrom):
                  1            2            3
 1      -127.704205     0.180733    -0.349286
 2         0.180733  -128.033044    -0.541074
 3        -0.349286    -0.541074  -134.043953

 Spin-squared expectation <S^2>:         0.000
 Total spin quantum number S:            0.000
 TOTAL ENERGY:                       -1046.508883355

 --------------------------------------------------------------------------------

 End time:                               Tue Oct 26 09:03:53 2021
 Total wall-clock time:                118.538 seconds
==================================================================================
