
================================================================================
          _____________ ________ _______________ ________     _________         
         / ___________// ______ \\_____   _____// ______ \   / ________)        
        / /_________  / /      \ \     | |     / /      \ \ | (_______          
       |  __________|| |        | |    | |    | |        | | \________ \        
        \ \_________ | |        | |    | |     \ \______/ /___________) |       
         \__________||_|        |_|    |_|      \________//____________/        
                                                                                
====================================[ Qcore ]===================================

 Git describe: 2.3.0-1-g21d9df7e5
 Compiler:     GNU 9.1.0
 Build type:   Release
 Version:      2.3.0-1-g21d9df7e5

 Start time:   Tue Oct 26 09:04:43 2021

 Data directory: /work/zw18965/.local/qcore/share/entos/qcore/data
 Number of threads: 24
 Number of threads was determined by: command line argument

 --------------------------------------------------------------------------------
                                   command: dft                                  
 --------------------------------------------------------------------------------
 AO basis set:                           def2-tzvppd
 Number of AO basis functions:         381

 Formula:                                C6H6Se
 Nuclear charge:                        76.000000000
 Total charge:                           0.000000000
 Number of electrons:                   76.000000000

 Number of alpha electrons:             38
 Number of beta electrons:              38
 Number of unpaired electrons:           0
 Spin:                                   0
 Multiplicity:                           singlet

 Theory:                                 dft
 Exchange-correlation functional:        pbe0
 Method for Coulomb:                     incore_df
 Method for exact exchange:              pre_transformed_df
 Integral threshold:                     1.00e-12
 DF basis set:                           def2-universal-jkfit
 Number of DF basis functions:         824
 Schwarz screening threshold:            1.00e-10
 Coulomb fitting method:                 Cholesky
 Total number of grid points:        84112
 Method for AO orthogonalization:        symmetric
 Threshold for linear dependence:        1.00e-08
 D3BJ dispersion energy:                -0.012730157

 -------------------------------------
  Running restricted closed-shell SCF 
 -------------------------------------
 Max number of iterations:             128
 Conv. threshold (gradient):             1.00e-05
 Conv. threshold (energy):               1.00e-06
 Interpolation scheme:                   adiis+cdiis
 Initial guess:                          SAD

 ---------------------------------------------------------------
                  energy        change          grad        time
 ---------------------------------------------------------------
   0     -2634.991490985                    1.61e+01        0.26
   1     -2633.185364751      1.81e+00      1.07e+00        0.22
   2     -2633.073175331      1.12e-01      1.57e+00        0.21
   3     -2633.325724292     -2.53e-01      1.82e-01        0.21
   4     -2633.324698546      1.03e-03      1.99e-01        0.21
   5     -2633.328539564     -3.84e-03      2.00e-02        0.22
   6     -2633.328529837      9.73e-06      2.39e-02        0.22
   7     -2633.328575761     -4.59e-05      2.14e-03        0.23
   8     -2633.328576086     -3.24e-07      1.01e-03        0.21
   9     -2633.328576124     -3.87e-08      8.32e-05        0.22
  10     -2633.328576124     -2.72e-10      8.32e-05        0.21
  11     -2633.328576125     -4.42e-10      2.43e-05        0.21
  12     -2633.328576125     -4.87e-11      6.52e-06        0.22

 SCF converged in 12 iterations.

 Dipole moment (in Debye):               0.872062       0.529123       0.000002

 Quadrupole moment (in Debye-Angstrom):
                  1            2            3
 1       -50.144465    -1.632083    -0.000012
 2        -1.632083   -47.473910    -0.000006
 3        -0.000012    -0.000006   -59.401855

 Spin-squared expectation <S^2>:         0.000
 Total spin quantum number S:            0.000
 TOTAL ENERGY:                       -2633.328576125

 --------------------------------------------------------------------------------

 End time:                               Tue Oct 26 09:04:56 2021
 Total wall-clock time:                 12.459 seconds
==================================================================================
