
================================================================================
          _____________ ________ _______________ ________     _________         
         / ___________// ______ \\_____   _____// ______ \   / ________)        
        / /_________  / /      \ \     | |     / /      \ \ | (_______          
       |  __________|| |        | |    | |    | |        | | \________ \        
        \ \_________ | |        | |    | |     \ \______/ /___________) |       
         \__________||_|        |_|    |_|      \________//____________/        
                                                                                
====================================[ Qcore ]===================================

 Git describe: 2.3.0-1-g21d9df7e5
 Compiler:     GNU 9.1.0
 Build type:   Release
 Version:      2.3.0-1-g21d9df7e5

 Start time:   Tue Oct 26 09:04:59 2021

 Data directory: /work/zw18965/.local/qcore/share/entos/qcore/data
 Number of threads: 24
 Number of threads was determined by: command line argument

 --------------------------------------------------------------------------------
                                   command: dft                                  
 --------------------------------------------------------------------------------
 AO basis set:                           def2-tzvppd
 Number of AO basis functions:         312

 Formula:                                C3H9P
 Nuclear charge:                        42.000000000
 Total charge:                           0.000000000
 Number of electrons:                   42.000000000

 Number of alpha electrons:             21
 Number of beta electrons:              21
 Number of unpaired electrons:           0
 Spin:                                   0
 Multiplicity:                           singlet

 Theory:                                 dft
 Exchange-correlation functional:        pbe0
 Method for Coulomb:                     incore_df
 Method for exact exchange:              pre_transformed_df
 Integral threshold:                     1.00e-12
 DF basis set:                           def2-universal-jkfit
 Number of DF basis functions:         515
 Schwarz screening threshold:            1.00e-10
 Coulomb fitting method:                 Cholesky
 Total number of grid points:        80760
 Method for AO orthogonalization:        symmetric
 Threshold for linear dependence:        1.00e-08
 D3BJ dispersion energy:                -0.008825584

 -------------------------------------
  Running restricted closed-shell SCF 
 -------------------------------------
 Max number of iterations:             128
 Conv. threshold (gradient):             1.00e-05
 Conv. threshold (energy):               1.00e-06
 Interpolation scheme:                   adiis+cdiis
 Initial guess:                          SAD

 ---------------------------------------------------------------
                  energy        change          grad        time
 ---------------------------------------------------------------
   0      -461.291443948                    1.75e+01        0.14
   1      -460.734847545      5.57e-01      1.63e+00        0.13
   2      -460.677950556      5.69e-02      1.75e+00        0.12
   3      -460.881990625     -2.04e-01      1.55e-01        0.12
   4      -460.882101649     -1.11e-04      1.50e-01        0.12
   5      -460.883284703     -1.18e-03      1.80e-02        0.12
   6      -460.883275694      9.01e-06      2.25e-02        0.12
   7      -460.883307375     -3.17e-05      3.62e-04        0.13
   8      -460.883307381     -6.34e-09      2.62e-04        0.13
   9      -460.883307383     -2.23e-09      1.16e-05        0.13
  10      -460.883307383     -1.70e-11      1.79e-06        0.15

 SCF converged in 10 iterations.

 Dipole moment (in Debye):              -0.000036       0.000261       1.274246

 Quadrupole moment (in Debye-Angstrom):
                  1            2            3
 1       -33.609466    -0.000239     0.000072
 2        -0.000239   -33.609457    -0.000078
 3         0.000072    -0.000078   -38.147494

 Spin-squared expectation <S^2>:         0.000
 Total spin quantum number S:            0.000
 TOTAL ENERGY:                        -460.883307383

 --------------------------------------------------------------------------------

 End time:                               Tue Oct 26 09:05:01 2021
 Total wall-clock time:                  2.440 seconds
==================================================================================
