
================================================================================
          _____________ ________ _______________ ________     _________         
         / ___________// ______ \\_____   _____// ______ \   / ________)        
        / /_________  / /      \ \     | |     / /      \ \ | (_______          
       |  __________|| |        | |    | |    | |        | | \________ \        
        \ \_________ | |        | |    | |     \ \______/ /___________) |       
         \__________||_|        |_|    |_|      \________//____________/        
                                                                                
====================================[ Qcore ]===================================

 Git describe: 2.3.0-1-g21d9df7e5
 Compiler:     GNU 9.1.0
 Build type:   Release
 Version:      2.3.0-1-g21d9df7e5

 Start time:   Tue Oct 26 09:03:57 2021

 Data directory: /work/zw18965/.local/qcore/share/entos/qcore/data
 Number of threads: 24
 Number of threads was determined by: command line argument
  - More threads can be used by running 'qcore -n 32'

 --------------------------------------------------------------------------------
                                   command: dft                                  
 --------------------------------------------------------------------------------
 AO basis set:                           def2-tzvppd
 Number of AO basis functions:         959
 ECP on atom 21 (Pd):                    28 electrons
 ECP on atom 30 (I):                     28 electrons

 Formula:                                C13H17N2PdI
 Nuclear charge:                       208.000000000
 Total charge:                           0.000000000
 Number of core electrons:              56
 Number of treated electrons:          152

 Number of alpha electrons:             76
 Number of beta electrons:              76
 Number of unpaired electrons:           0
 Spin:                                   0
 Multiplicity:                           singlet

 Theory:                                 dft
 Exchange-correlation functional:        pbe0
 Method for Coulomb:                     incore_df
 Method for exact exchange:              pre_transformed_df
 Integral threshold:                     1.00e-12
 DF basis set:                           def2-universal-jkfit
 Number of DF basis functions:        1908
 Schwarz screening threshold:            1.00e-10
 Coulomb fitting method:                 Cholesky
 Total number of grid points:       219414
 Method for AO orthogonalization:        symmetric
 Threshold for linear dependence:        1.00e-08
 D3BJ dispersion energy:                -0.049158517

 -------------------------------------
  Running restricted closed-shell SCF 
 -------------------------------------
 Max number of iterations:             128
 Conv. threshold (gradient):             1.00e-05
 Conv. threshold (energy):               1.00e-06
 Interpolation scheme:                   adiis+cdiis
 Initial guess:                          SAD

 ---------------------------------------------------------------
                  energy        change          grad        time
 ---------------------------------------------------------------
   0     -1043.934022111                    3.07e+01        4.29
   1     -1038.820242073      5.11e+00      1.60e+01        3.06
   2     -1034.811191803      4.01e+00      1.88e+01        2.95
   3     -1039.793654144     -4.98e+00      6.52e+00        2.84
   4     -1040.154440702     -3.61e-01      2.75e+00        3.02
   5     -1040.074337847      8.01e-02      3.07e+00        2.97
   6     -1040.248948140     -1.75e-01      2.49e+00        2.98
   7     -1040.252801227     -3.85e-03      2.33e+00        3.07
   8     -1040.301002306     -4.82e-02      5.72e-01        3.18
   9     -1040.285170837      1.58e-02      1.03e+00        3.20
  10     -1040.306276830     -2.11e-02      2.63e-01        3.28
  11     -1040.304272628      2.00e-03      6.25e-01        3.43
  12     -1040.307701345     -3.43e-03      1.59e-01        3.26
  13     -1040.307716714     -1.54e-05      2.27e-01        3.41
  14     -1040.308062609     -3.46e-04      1.37e-01        3.49
  15     -1040.308190351     -1.28e-04      8.48e-02        3.54
  16     -1040.308291519     -1.01e-04      2.02e-02        3.41
  17     -1040.308303528     -1.20e-05      6.02e-05        3.48
  18     -1040.308303528     -1.77e-10      3.33e-05        3.00
  19     -1040.308303528     -5.21e-11      8.61e-06        3.19

 SCF converged in 19 iterations.

 Dipole moment (in Debye):              -8.620033       0.431982       2.824260

 Quadrupole moment (in Debye-Angstrom):
                  1            2            3
 1      -124.416436     0.494987    11.884126
 2         0.494987  -111.330547     2.452025
 3        11.884126     2.452025  -152.440128

 Spin-squared expectation <S^2>:         0.000
 Total spin quantum number S:            0.000
 TOTAL ENERGY:                       -1040.308303528

 --------------------------------------------------------------------------------

 End time:                               Tue Oct 26 09:10:22 2021
 Total wall-clock time:                385.386 seconds
==================================================================================
