
================================================================================
          _____________ ________ _______________ ________     _________         
         / ___________// ______ \\_____   _____// ______ \   / ________)        
        / /_________  / /      \ \     | |     / /      \ \ | (_______          
       |  __________|| |        | |    | |    | |        | | \________ \        
        \ \_________ | |        | |    | |     \ \______/ /___________) |       
         \__________||_|        |_|    |_|      \________//____________/        
                                                                                
====================================[ Qcore ]===================================

 Git describe: 2.3.0-1-g21d9df7e5
 Compiler:     GNU 9.1.0
 Build type:   Release
 Version:      2.3.0-1-g21d9df7e5

 Start time:   Tue Oct 26 09:04:28 2021

 Data directory: /work/zw18965/.local/qcore/share/entos/qcore/data
 Number of threads: 24
 Number of threads was determined by: command line argument
  - More threads can be used by running 'qcore -n 32'

 --------------------------------------------------------------------------------
                                   command: dft                                  
 --------------------------------------------------------------------------------
 AO basis set:                           def2-tzvppd
 Number of AO basis functions:         546

 Formula:                                C6HO6Mn
 Nuclear charge:                       110.000000000
 Total charge:                           0.000000000
 Number of electrons:                  110.000000000

 Number of alpha electrons:             55
 Number of beta electrons:              55
 Number of unpaired electrons:           0
 Spin:                                   0
 Multiplicity:                           singlet

 Theory:                                 dft
 Exchange-correlation functional:        pbe0
 Method for Coulomb:                     incore_df
 Method for exact exchange:              pre_transformed_df
 Integral threshold:                     1.00e-12
 DF basis set:                           def2-universal-jkfit
 Number of DF basis functions:        1194
 Schwarz screening threshold:            1.00e-10
 Coulomb fitting method:                 Cholesky
 Total number of grid points:        96290
 Method for AO orthogonalization:        symmetric
 Threshold for linear dependence:        1.00e-08
 D3BJ dispersion energy:                -0.016889425

 -------------------------------------
  Running restricted closed-shell SCF 
 -------------------------------------
 Max number of iterations:             128
 Conv. threshold (gradient):             1.00e-05
 Conv. threshold (energy):               1.00e-06
 Interpolation scheme:                   adiis+cdiis
 Initial guess:                          SAD

 ---------------------------------------------------------------
                  energy        change          grad        time
 ---------------------------------------------------------------
   0     -1833.170045176                    3.39e+01        0.66
   1     -1830.776881184      2.39e+00      2.06e+00        0.56
   2     -1829.779798142      9.97e-01      6.81e+00        0.60
   3     -1830.723120920     -9.43e-01      4.50e+00        0.56
   4     -1830.135202539      5.88e-01      9.88e+00        0.55
   5     -1830.940522355     -8.05e-01      1.69e+00        0.58
   6     -1830.823659335      1.17e-01      4.03e+00        0.62
   7     -1830.947624656     -1.24e-01      1.06e+00        0.63
   8     -1830.945374834      2.25e-03      1.21e+00        0.61
   9     -1830.964344259     -1.90e-02      9.86e-02        0.64
  10     -1830.960517262      3.83e-03      6.27e-01        0.66
  11     -1830.964538544     -4.02e-03      6.05e-03        0.65
  12     -1830.964538847     -3.02e-07      3.18e-03        0.59
  13     -1830.964539033     -1.87e-07      9.95e-04        0.63
  14     -1830.964539045     -1.16e-08      1.37e-04        0.58
  15     -1830.964539046     -6.48e-10      7.40e-05        0.63
  16     -1830.964539046     -1.28e-10      1.81e-05        0.61
  17     -1830.964539046     -1.66e-11      2.64e-05        0.57
  18     -1830.964539046     -9.32e-12      4.85e-06        0.59

 SCF converged in 18 iterations.

 Dipole moment (in Debye):               2.130991      -0.002408       0.180141

 Quadrupole moment (in Debye-Angstrom):
                  1            2            3
 1       -90.138541     0.017807    -2.903115
 2         0.017807   -82.465133    -0.006403
 3        -2.903115    -0.006403   -80.461006

 Spin-squared expectation <S^2>:         0.000
 Total spin quantum number S:            0.000
 TOTAL ENERGY:                       -1830.964539046

 --------------------------------------------------------------------------------

 End time:                               Tue Oct 26 09:04:49 2021
 Total wall-clock time:                 21.114 seconds
==================================================================================
