
================================================================================
          _____________ ________ _______________ ________     _________         
         / ___________// ______ \\_____   _____// ______ \   / ________)        
        / /_________  / /      \ \     | |     / /      \ \ | (_______          
       |  __________|| |        | |    | |    | |        | | \________ \        
        \ \_________ | |        | |    | |     \ \______/ /___________) |       
         \__________||_|        |_|    |_|      \________//____________/        
                                                                                
====================================[ Qcore ]===================================

 Git describe: 2.3.0-1-g21d9df7e5
 Compiler:     GNU 9.1.0
 Build type:   Release
 Version:      2.3.0-1-g21d9df7e5

 Start time:   Tue Oct 26 09:01:50 2021

 Data directory: /work/zw18965/.local/qcore/share/entos/qcore/data
 Number of threads: 24
 Number of threads was determined by: command line argument
  - More threads can be used by running 'qcore -n 32'

 --------------------------------------------------------------------------------
                                   command: dft                                  
 --------------------------------------------------------------------------------
 AO basis set:                           def2-tzvppd
 Number of AO basis functions:         162

 Formula:                                C2H3N
 Nuclear charge:                        22.000000000
 Total charge:                           0.000000000
 Number of electrons:                   22.000000000

 Number of alpha electrons:             11
 Number of beta electrons:              11
 Number of unpaired electrons:           0
 Spin:                                   0
 Multiplicity:                           singlet

 Theory:                                 dft
 Exchange-correlation functional:        pbe0
 Method for Coulomb:                     incore_df
 Method for exact exchange:              pre_transformed_df
 Integral threshold:                     1.00e-12
 DF basis set:                           def2-universal-jkfit
 Number of DF basis functions:         281
 Schwarz screening threshold:            1.00e-10
 Coulomb fitting method:                 Cholesky
 Total number of grid points:        38070
 Method for AO orthogonalization:        symmetric
 Threshold for linear dependence:        1.00e-08
 D3BJ dispersion energy:                -0.002319951

 -------------------------------------
  Running restricted closed-shell SCF 
 -------------------------------------
 Max number of iterations:             128
 Conv. threshold (gradient):             1.00e-05
 Conv. threshold (energy):               1.00e-06
 Interpolation scheme:                   adiis+cdiis
 Initial guess:                          SAD

 ---------------------------------------------------------------
                  energy        change          grad        time
 ---------------------------------------------------------------
   0      -133.011723450                    1.09e+01        0.04
   1      -132.580500869      4.31e-01      8.76e-01        0.03
   2      -132.495444715      8.51e-02      1.98e+00        0.03
   3      -132.638770266     -1.43e-01      3.37e-01        0.03
   4      -132.635242128      3.53e-03      3.81e-01        0.03
   5      -132.643829547     -8.59e-03      1.47e-01        0.03
   6      -132.640714514      3.12e-03      3.31e-01        0.03
   7      -132.644508257     -3.79e-03      7.30e-02        0.03
   8      -132.644647724     -1.39e-04      4.55e-02        0.03
   9      -132.644724671     -7.69e-05      3.53e-04        0.03
  10      -132.644724675     -4.44e-09      2.34e-05        0.03
  11      -132.644724675     -1.82e-11      6.26e-07        0.03

 SCF converged in 11 iterations.

 Dipole moment (in Debye):              -4.049915      -0.235751       0.150256

 Quadrupole moment (in Debye-Angstrom):
                  1            2            3
 1       -20.718206    -0.181082     0.115375
 2        -0.181082   -17.618465     0.006741
 3         0.115375     0.006741   -17.612174

 Spin-squared expectation <S^2>:         0.000
 Total spin quantum number S:            0.000
 TOTAL ENERGY:                        -132.644724675

 --------------------------------------------------------------------------------

 End time:                               Tue Oct 26 09:01:51 2021
 Total wall-clock time:                  0.938 seconds
==================================================================================
