
================================================================================
          _____________ ________ _______________ ________     _________         
         / ___________// ______ \\_____   _____// ______ \   / ________)        
        / /_________  / /      \ \     | |     / /      \ \ | (_______          
       |  __________|| |        | |    | |    | |        | | \________ \        
        \ \_________ | |        | |    | |     \ \______/ /___________) |       
         \__________||_|        |_|    |_|      \________//____________/        
                                                                                
====================================[ Qcore ]===================================

 Git describe: 2.3.0-1-g21d9df7e5
 Compiler:     GNU 9.1.0
 Build type:   Release
 Version:      2.3.0-1-g21d9df7e5

 Start time:   Tue Oct 26 09:04:52 2021

 Data directory: /work/zw18965/.local/qcore/share/entos/qcore/data
 Number of threads: 24
 Number of threads was determined by: command line argument
  - More threads can be used by running 'qcore -n 32'

 --------------------------------------------------------------------------------
                                   command: dft                                  
 --------------------------------------------------------------------------------
 AO basis set:                           def2-tzvppd
 Number of AO basis functions:        2079
 ECP on atom 1 (Rh):                     28 electrons

 Formula:                                C36H32P2ClRh
 Nuclear charge:                       340.000000000
 Total charge:                           0.000000000
 Number of core electrons:              28
 Number of treated electrons:          312

 Number of alpha electrons:            156
 Number of beta electrons:             156
 Number of unpaired electrons:           0
 Spin:                                   0
 Multiplicity:                           singlet

 Theory:                                 dft
 Exchange-correlation functional:        pbe0
 Method for Coulomb:                     incore_df
 Method for exact exchange:              pre_transformed_df
 Integral threshold:                     1.00e-12
 DF basis set:                           def2-universal-jkfit
 Number of DF basis functions:        3915
 Schwarz screening threshold:            1.00e-10
 Coulomb fitting method:                 Cholesky
 Total number of grid points:       463888
 Method for AO orthogonalization:        symmetric
 Threshold for linear dependence:        1.00e-08
 D3BJ dispersion energy:                -0.119554252

 -------------------------------------
  Running restricted closed-shell SCF 
 -------------------------------------
 Max number of iterations:             128
 Conv. threshold (gradient):             1.00e-05
 Conv. threshold (energy):               1.00e-06
 Interpolation scheme:                   adiis+cdiis
 Initial guess:                          SAD

 ---------------------------------------------------------------
                  energy        change          grad        time
 ---------------------------------------------------------------
   0     -2653.693114477                    3.33e+01       34.81
   1     -2642.576419791      1.11e+01      2.32e+00       24.24
   2     -2642.019265954      5.57e-01      8.38e+00       23.98
   3     -2643.135503465     -1.12e+00      3.88e+00       25.47
   4     -2642.427743898      7.08e-01      1.19e+01       25.69
   5     -2643.189570131     -7.62e-01      3.27e+00       25.31
   6     -2643.257738923     -6.82e-02      8.50e-01       26.80
   7     -2643.245026089      1.27e-02      1.73e+00       26.60
   8     -2643.261163200     -1.61e-02      4.14e-01       26.25
   9     -2643.261908419     -7.45e-04      1.96e-01       28.16
  10     -2643.262150515     -2.42e-04      3.51e-02       27.26
  11     -2643.262105451      4.51e-05      9.43e-02       27.94
  12     -2643.262250847     -1.45e-04      3.27e-04       26.10
  13     -2643.262250857     -9.74e-09      1.82e-04       25.21
  14     -2643.262250859     -2.26e-09      5.16e-05       25.29
  15     -2643.262250859      1.13e-10      2.91e-05       27.46
  16     -2643.262250859     -3.58e-10      1.08e-05       27.15
  17     -2643.262250859      3.30e-10      2.46e-06       25.28

 SCF converged in 17 iterations.

 Dipole moment (in Debye):              -0.000160       3.150976       0.092029

 Quadrupole moment (in Debye-Angstrom):
                  1            2            3
 1      -236.419204    -0.104834    -0.108471
 2        -0.104834  -258.534986    -0.368489
 3        -0.108471    -0.368489  -250.881126

 Spin-squared expectation <S^2>:         0.000
 Total spin quantum number S:            0.000
 TOTAL ENERGY:                       -2643.262250859

 --------------------------------------------------------------------------------

 End time:                               Tue Oct 26 09:16:53 2021
 Total wall-clock time:                720.568 seconds
==================================================================================
