
================================================================================
          _____________ ________ _______________ ________     _________         
         / ___________// ______ \\_____   _____// ______ \   / ________)        
        / /_________  / /      \ \     | |     / /      \ \ | (_______          
       |  __________|| |        | |    | |    | |        | | \________ \        
        \ \_________ | |        | |    | |     \ \______/ /___________) |       
         \__________||_|        |_|    |_|      \________//____________/        
                                                                                
====================================[ Qcore ]===================================

 Git describe: 2.3.0-1-g21d9df7e5
 Compiler:     GNU 9.1.0
 Build type:   Release
 Version:      2.3.0-1-g21d9df7e5

 Start time:   Tue Oct 26 09:06:32 2021

 Data directory: /work/zw18965/.local/qcore/share/entos/qcore/data
 Number of threads: 24
 Number of threads was determined by: command line argument

 --------------------------------------------------------------------------------
                                   command: dft                                  
 --------------------------------------------------------------------------------
 AO basis set:                           def2-tzvppd
 Number of AO basis functions:         594

 Formula:                                C7H4O5Cr
 Nuclear charge:                       110.000000000
 Total charge:                           0.000000000
 Number of electrons:                  110.000000000

 Number of alpha electrons:             55
 Number of beta electrons:              55
 Number of unpaired electrons:           0
 Spin:                                   0
 Multiplicity:                           singlet

 Theory:                                 dft
 Exchange-correlation functional:        pbe0
 Method for Coulomb:                     incore_df
 Method for exact exchange:              pre_transformed_df
 Integral threshold:                     1.00e-12
 DF basis set:                           def2-universal-jkfit
 Number of DF basis functions:        1246
 Schwarz screening threshold:            1.00e-10
 Coulomb fitting method:                 Cholesky
 Total number of grid points:       113708
 Method for AO orthogonalization:        symmetric
 Threshold for linear dependence:        1.00e-08
 D3BJ dispersion energy:                -0.021068621

 -------------------------------------
  Running restricted closed-shell SCF 
 -------------------------------------
 Max number of iterations:             128
 Conv. threshold (gradient):             1.00e-05
 Conv. threshold (energy):               1.00e-06
 Interpolation scheme:                   adiis+cdiis
 Initial guess:                          SAD

 ---------------------------------------------------------------
                  energy        change          grad        time
 ---------------------------------------------------------------
   0     -1691.045017421                    3.01e+01        1.04
   1     -1687.911645121      3.13e+00      7.05e+00        0.72
   2     -1660.504534995      2.74e+01      3.05e+01        0.70
   3     -1683.575882299     -2.31e+01      2.43e+01        0.68
   4     -1688.773525829     -5.20e+00      3.66e+00        0.71
   5     -1688.987537486     -2.14e-01      1.69e+00        0.72
   6     -1688.890425685      9.71e-02      4.15e+00        0.74
   7     -1689.132492970     -2.42e-01      1.29e+00        0.73
   8     -1689.057906434      7.46e-02      2.25e+00        0.72
   9     -1689.140697993     -8.28e-02      1.13e+00        0.80
  10     -1689.151705618     -1.10e-02      3.13e-01        0.77
  11     -1689.157416759     -5.71e-03      1.39e-01        0.80
  12     -1689.151802240      5.61e-03      6.04e-01        0.83
  13     -1689.157591121     -5.79e-03      1.03e-01        0.79
  14     -1689.156311781      1.28e-03      3.79e-01        0.77
  15     -1689.158156471     -1.84e-03      5.33e-02        0.81
  16     -1689.157150911      1.01e-03      2.84e-01        0.79
  17     -1689.158193373     -1.04e-03      5.22e-04        0.77
  18     -1689.158193378     -5.19e-09      6.56e-05        0.72
  19     -1689.158193379     -1.45e-10      3.09e-05        0.71
  20     -1689.158193379     -6.41e-11      1.01e-05        0.72
  21     -1689.158193379     -1.00e-11      7.27e-06        0.70

 SCF converged in 21 iterations.

 Dipole moment (in Debye):              -0.001915       0.002878      -2.826034

 Quadrupole moment (in Debye-Angstrom):
                  1            2            3
 1       -87.614488    -0.000047     0.002608
 2        -0.000047   -87.529803    -0.004535
 3         0.002608    -0.004535   -81.833757

 Spin-squared expectation <S^2>:         0.000
 Total spin quantum number S:            0.000
 TOTAL ENERGY:                       -1689.158193379

 --------------------------------------------------------------------------------

 End time:                               Tue Oct 26 09:07:01 2021
 Total wall-clock time:                 29.009 seconds
==================================================================================
