
================================================================================
          _____________ ________ _______________ ________     _________         
         / ___________// ______ \\_____   _____// ______ \   / ________)        
        / /_________  / /      \ \     | |     / /      \ \ | (_______          
       |  __________|| |        | |    | |    | |        | | \________ \        
        \ \_________ | |        | |    | |     \ \______/ /___________) |       
         \__________||_|        |_|    |_|      \________//____________/        
                                                                                
====================================[ Qcore ]===================================

 Git describe: 2.3.0-3-g778a55bfd
 Compiler:     GNU 9.3.0
 Build type:   Release
 Version:      2.3.0-3-g778a55bfd

 Start time:   Thu Nov  4 13:30:47 2021

 Data directory: /mnt/storage/scratch/zw18965/.local/qcore/share/entos/qcore/data
 Number of threads: 28
 Number of threads was determined by: command line argument

 --------------------------------------------------------------------------------
                                   command: dft                                  
 --------------------------------------------------------------------------------
 AO basis set:                           def2-tzvppd
 Number of AO basis functions:        3069
 ECP on atom 1 (Ru):                     28 electrons

 Formula:                                C43H72P2Cl2Ru
 Nuclear charge:                       438.000000000
 Total charge:                           0.000000000
 Number of core electrons:              28
 Number of treated electrons:          410

 Number of alpha electrons:            205
 Number of beta electrons:             205
 Number of unpaired electrons:           0
 Spin:                                   0
 Multiplicity:                           singlet

 Theory:                                 dft
 Exchange-correlation functional:        pbe0
 Method for Coulomb:                     incore_df
 Method for exact exchange:              pre_transformed_df
 Integral threshold:                     1.00e-12
 DF basis set:                           def2-universal-jkfit
 Number of DF basis functions:        5288
 Schwarz screening threshold:            1.00e-10
 Coulomb fitting method:                 Cholesky
 Total number of grid points:       754582
 Method for AO orthogonalization:        symmetric
 Threshold for linear dependence:        1.00e-08
 D3BJ dispersion energy:                -0.198255270

 -------------------------------------
  Running restricted closed-shell SCF 
 -------------------------------------
 Max number of iterations:             128
 Conv. threshold (gradient):             1.00e-05
 Conv. threshold (energy):               1.00e-06
 Interpolation scheme:                   adiis+cdiis
 Initial guess:                          SAD

 ---------------------------------------------------------------
                  energy        change          grad        time
 ---------------------------------------------------------------
   0     -3389.986482018                    3.73e+01      165.56
   1     -3377.139249473      1.28e+01      6.48e+00      109.69
   2     -3373.667617747      3.47e+00      2.60e+01      110.40
   3     -3378.079358360     -4.41e+00      3.91e+00      111.54
   4     -3377.043394538      1.04e+00      1.44e+01      111.25
   5     -3378.282882227     -1.24e+00      1.91e+00      111.60
   6     -3378.060653039      2.22e-01      7.49e+00      113.18
   7     -3378.392448959     -3.32e-01      9.57e-01      113.89
   8     -3378.314014510      7.84e-02      3.59e+00      115.89
   9     -3378.402855920     -8.88e-02      1.81e-01      116.56
  10     -3378.402723364      1.33e-04      9.48e-01      118.64
  11     -3378.404008898     -1.29e-03      9.50e-01      120.72
  12     -3378.408688704     -4.68e-03      2.08e-01      121.54
  13     -3378.408630608      5.81e-05      2.01e-01      119.68
  14     -3378.409175977     -5.45e-04      5.30e-02      120.50
  15     -3378.408879692      2.96e-04      2.18e-01      121.27
  16     -3378.409200682     -3.21e-04      5.27e-04      117.38
  17     -3378.409200692     -1.01e-08      1.70e-04      112.67
  18     -3378.409200694     -1.85e-09      6.98e-05      111.77
  19     -3378.409200694     -6.03e-10      4.07e-05      111.67
  20     -3378.409200694     -7.59e-11      2.15e-05      112.78
  21     -3378.409200694      5.23e-11      6.43e-06      112.40

 SCF converged in 21 iterations.

 Dipole moment (in Debye):               0.319220      -0.711528      -0.274667

 Quadrupole moment (in Debye-Angstrom):
                  1            2            3
 1      -324.903382    -1.310697    -1.856338
 2        -1.310697  -327.854701    -4.820986
 3        -1.856338    -4.820986  -353.147045

 Spin-squared expectation <S^2>:         0.000
 Total spin quantum number S:            0.000
 TOTAL ENERGY:                       -3378.409200694

 --------------------------------------------------------------------------------

 End time:                               Thu Nov  4 14:25:03 2021
 Total wall-clock time:               3255.422 seconds
==================================================================================
