
================================================================================
          _____________ ________ _______________ ________     _________         
         / ___________// ______ \\_____   _____// ______ \   / ________)        
        / /_________  / /      \ \     | |     / /      \ \ | (_______          
       |  __________|| |        | |    | |    | |        | | \________ \        
        \ \_________ | |        | |    | |     \ \______/ /___________) |       
         \__________||_|        |_|    |_|      \________//____________/        
                                                                                
====================================[ Qcore ]===================================

 Git describe: 2.3.0-1-g21d9df7e5
 Compiler:     GNU 9.1.0
 Build type:   Release
 Version:      2.3.0-1-g21d9df7e5

 Start time:   Tue Oct 26 09:13:23 2021

 Data directory: /work/zw18965/.local/qcore/share/entos/qcore/data
 Number of threads: 24
 Number of threads was determined by: command line argument

 --------------------------------------------------------------------------------
                                   command: dft                                  
 --------------------------------------------------------------------------------
 AO basis set:                           def2-tzvppd
 Number of AO basis functions:         714
 ECP on atom 1 (Mo):                     28 electrons
 ECP on atom 22 (I):                     28 electrons
 ECP on atom 23 (I):                     28 electrons

 Formula:                                C10H10MoI2
 Nuclear charge:                       218.000000000
 Total charge:                           0.000000000
 Number of core electrons:              84
 Number of treated electrons:          134

 Number of alpha electrons:             67
 Number of beta electrons:              67
 Number of unpaired electrons:           0
 Spin:                                   0
 Multiplicity:                           singlet

 Theory:                                 dft
 Exchange-correlation functional:        pbe0
 Method for Coulomb:                     incore_df
 Method for exact exchange:              pre_transformed_df
 Integral threshold:                     1.00e-12
 DF basis set:                           def2-universal-jkfit
 Number of DF basis functions:        1621
 Schwarz screening threshold:            1.00e-10
 Coulomb fitting method:                 Cholesky
 Total number of grid points:       152910
 Method for AO orthogonalization:        symmetric
 Threshold for linear dependence:        1.00e-08
 D3BJ dispersion energy:                -0.039384691

 -------------------------------------
  Running restricted closed-shell SCF 
 -------------------------------------
 Max number of iterations:             128
 Conv. threshold (gradient):             1.00e-05
 Conv. threshold (energy):               1.00e-06
 Interpolation scheme:                   adiis+cdiis
 Initial guess:                          SAD

 ---------------------------------------------------------------
                  energy        change          grad        time
 ---------------------------------------------------------------
   0     -1053.806594130                    3.86e+01        1.96
   1     -1049.763749377      4.04e+00      7.87e+00        1.43
   2     -1040.801338116      8.96e+00      2.72e+01        1.26
   3     -1049.462957507     -8.66e+00      1.14e+01        1.38
   4     -1050.551239350     -1.09e+00      1.11e+00        1.37
   5     -1050.353750926      1.97e-01      4.17e+00        1.38
   6     -1050.553207417     -1.99e-01      9.45e-01        1.38
   7     -1050.570305120     -1.71e-02      2.45e-01        1.49
   8     -1050.562813451      7.49e-03      8.47e-01        1.49
   9     -1050.570085430     -7.27e-03      2.71e-01        1.48
  10     -1050.571008522     -9.23e-04      8.26e-03        1.48
  11     -1050.571010248     -1.73e-06      6.72e-03        1.50
  12     -1050.571012092     -1.84e-06      2.11e-03        1.43
  13     -1050.571012158     -6.63e-08      3.82e-04        1.37
  14     -1050.571012165     -7.12e-09      1.61e-04        1.38
  15     -1050.571012166     -7.35e-10      9.71e-05        1.49
  16     -1050.571012166     -3.63e-10      3.09e-05        1.36
  17     -1050.571012166     -3.00e-11      8.84e-06        1.36

 SCF converged in 17 iterations.

 Dipole moment (in Debye):               0.008904       7.252394       0.003405

 Quadrupole moment (in Debye-Angstrom):
                  1            2            3
 1      -139.729651     0.013317     0.388338
 2         0.013317  -128.401972    -0.000489
 3         0.388338    -0.000489  -127.737643

 Spin-squared expectation <S^2>:         0.000
 Total spin quantum number S:            0.000
 TOTAL ENERGY:                       -1050.571012166

 --------------------------------------------------------------------------------

 End time:                               Tue Oct 26 09:17:43 2021
 Total wall-clock time:                259.905 seconds
==================================================================================
