
================================================================================
          _____________ ________ _______________ ________     _________         
         / ___________// ______ \\_____   _____// ______ \   / ________)        
        / /_________  / /      \ \     | |     / /      \ \ | (_______          
       |  __________|| |        | |    | |    | |        | | \________ \        
        \ \_________ | |        | |    | |     \ \______/ /___________) |       
         \__________||_|        |_|    |_|      \________//____________/        
                                                                                
====================================[ Qcore ]===================================

 Git describe: 2.3.0-1-g21d9df7e5
 Compiler:     GNU 9.1.0
 Build type:   Release
 Version:      2.3.0-1-g21d9df7e5

 Start time:   Tue Oct 26 09:10:26 2021

 Data directory: /work/zw18965/.local/qcore/share/entos/qcore/data
 Number of threads: 24
 Number of threads was determined by: command line argument
  - More threads can be used by running 'qcore -n 32'

 --------------------------------------------------------------------------------
                                   command: dft                                  
 --------------------------------------------------------------------------------
 AO basis set:                           def2-tzvppd
 Number of AO basis functions:        1685
 ECP on atom 1 (Ru):                     28 electrons

 Formula:                                C18H42P4SeRu
 Nuclear charge:                       288.000000000
 Total charge:                           0.000000000
 Number of core electrons:              28
 Number of treated electrons:          260

 Number of alpha electrons:            130
 Number of beta electrons:             130
 Number of unpaired electrons:           0
 Spin:                                   0
 Multiplicity:                           singlet

 Theory:                                 dft
 Exchange-correlation functional:        pbe0
 Method for Coulomb:                     incore_df
 Method for exact exchange:              pre_transformed_df
 Integral threshold:                     1.00e-12
 DF basis set:                           def2-universal-jkfit
 Number of DF basis functions:        3139
 Schwarz screening threshold:            1.00e-10
 Coulomb fitting method:                 Cholesky
 Total number of grid points:       415566
 Method for AO orthogonalization:        symmetric
 Threshold for linear dependence:        1.00e-08
 D3BJ dispersion energy:                -0.111902811

 -------------------------------------
  Running restricted closed-shell SCF 
 -------------------------------------
 Max number of iterations:             128
 Conv. threshold (gradient):             1.00e-05
 Conv. threshold (energy):               1.00e-06
 Interpolation scheme:                   adiis+cdiis
 Initial guess:                          SAD

 ---------------------------------------------------------------
                  energy        change          grad        time
 ---------------------------------------------------------------
   0     -4576.550334796                    4.06e+01       23.63
   1     -4571.332868003      5.22e+00      2.54e+00       20.13
   2     -4570.750389745      5.82e-01      8.56e+00       20.44
   3     -4571.724451224     -9.74e-01      7.91e+00       19.59
   4     -4571.142676830      5.82e-01      1.29e+01       20.41
   5     -4572.005014239     -8.62e-01      2.16e+00       19.91
   6     -4572.007400608     -2.39e-03      2.35e+00       19.42
   7     -4572.038126165     -3.07e-02      5.26e-01       22.69
   8     -4572.032066262      6.06e-03      1.16e+00       21.13
   9     -4572.039940943     -7.87e-03      1.64e-01       20.64
  10     -4572.040054269     -1.13e-04      1.31e-01       21.17
  11     -4572.040270327     -2.16e-04      2.22e-02       21.26
  12     -4572.040248388      2.19e-05      3.21e-02       24.97
  13     -4572.040290672     -4.23e-05      3.87e-04       21.05
  14     -4572.040290676     -3.34e-09      1.95e-04       19.73
  15     -4572.040290676     -4.97e-10      5.52e-05       20.30
  16     -4572.040290676      3.64e-12      1.09e-05       21.07
  17     -4572.040290676     -5.64e-11      6.79e-06       19.78

 SCF converged in 17 iterations.

 Dipole moment (in Debye):               6.056966      -0.300961       1.041511

 Quadrupole moment (in Debye-Angstrom):
                  1            2            3
 1      -213.217379     0.427373    -1.450836
 2         0.427373  -202.735675     0.301833
 3        -1.450836     0.301833  -205.302823

 Spin-squared expectation <S^2>:         0.000
 Total spin quantum number S:            0.000
 TOTAL ENERGY:                       -4572.040290676

 --------------------------------------------------------------------------------

 End time:                               Tue Oct 26 09:21:05 2021
 Total wall-clock time:                638.961 seconds
==================================================================================
