
================================================================================
          _____________ ________ _______________ ________     _________         
         / ___________// ______ \\_____   _____// ______ \   / ________)        
        / /_________  / /      \ \     | |     / /      \ \ | (_______          
       |  __________|| |        | |    | |    | |        | | \________ \        
        \ \_________ | |        | |    | |     \ \______/ /___________) |       
         \__________||_|        |_|    |_|      \________//____________/        
                                                                                
====================================[ Qcore ]===================================

 Git describe: 2.3.0-1-g21d9df7e5
 Compiler:     GNU 9.1.0
 Build type:   Release
 Version:      2.3.0-1-g21d9df7e5

 Start time:   Tue Oct 26 09:13:45 2021

 Data directory: /work/zw18965/.local/qcore/share/entos/qcore/data
 Number of threads: 24
 Number of threads was determined by: command line argument

 --------------------------------------------------------------------------------
                                   command: dft                                  
 --------------------------------------------------------------------------------
 AO basis set:                           def2-tzvppd
 Number of AO basis functions:         773
 ECP on atom 1 (Mo):                     28 electrons

 Formula:                                C9H9N3O3Mo
 Nuclear charge:                       150.000000000
 Total charge:                           0.000000000
 Number of core electrons:              28
 Number of treated electrons:          122

 Number of alpha electrons:             61
 Number of beta electrons:              61
 Number of unpaired electrons:           0
 Spin:                                   0
 Multiplicity:                           singlet

 Theory:                                 dft
 Exchange-correlation functional:        pbe0
 Method for Coulomb:                     incore_df
 Method for exact exchange:              pre_transformed_df
 Integral threshold:                     1.00e-12
 DF basis set:                           def2-universal-jkfit
 Number of DF basis functions:        1554
 Schwarz screening threshold:            1.00e-10
 Coulomb fitting method:                 Cholesky
 Total number of grid points:       163712
 Method for AO orthogonalization:        symmetric
 Threshold for linear dependence:        1.00e-08
 D3BJ dispersion energy:                -0.027040772

 -------------------------------------
  Running restricted closed-shell SCF 
 -------------------------------------
 Max number of iterations:             128
 Conv. threshold (gradient):             1.00e-05
 Conv. threshold (energy):               1.00e-06
 Interpolation scheme:                   adiis+cdiis
 Initial guess:                          SAD

 ---------------------------------------------------------------
                  energy        change          grad        time
 ---------------------------------------------------------------
   0      -808.264534836                    2.42e+01        1.82
   1      -809.348340429     -1.08e+00      6.35e+00        1.35
   2      -795.419998899      1.39e+01      2.80e+01        1.45
   3      -808.434796545     -1.30e+01      1.19e+01        1.44
   4      -809.932958600     -1.50e+00      2.38e+00        1.40
   5      -809.752161452      1.81e-01      3.78e+00        1.46
   6      -810.000660312     -2.48e-01      1.46e+00        1.48
   7      -809.932944131      6.77e-02      2.13e+00        1.47
   8      -810.029402228     -9.65e-02      6.54e-01        1.47
   9      -810.029735485     -3.33e-04      5.97e-01        1.39
  10      -810.030857533     -1.12e-03      6.18e-01        1.52
  11      -810.038190387     -7.33e-03      1.55e-01        1.57
  12      -810.036452669      1.74e-03      3.44e-01        1.52
  13      -810.038494324     -2.04e-03      9.60e-02        1.57
  14      -810.038587409     -9.31e-05      7.12e-02        1.53
  15      -810.038750118     -1.63e-04      1.00e-02        1.46
  16      -810.038821527     -7.14e-05      5.33e-03        1.40
  17      -810.038839380     -1.79e-05      4.26e-03        1.39
  18      -810.038846931     -7.55e-06      3.27e-03        1.41
  19      -810.038850589     -3.66e-06      2.64e-03        1.39
  20      -810.038853261     -2.67e-06      2.18e-03        1.31
  21      -810.038854707     -1.45e-06      2.02e-03        1.36
  22      -810.038857180     -2.47e-06      1.86e-03        1.32
  23      -810.038861700     -4.52e-06      1.42e-03        1.34
  24      -810.038863951     -2.25e-06      9.46e-04        1.39
  25      -810.038865115     -1.16e-06      8.40e-04        1.35
  26      -810.038865102      1.30e-08      5.43e-04        1.34
  27      -810.038865203     -1.01e-07      2.17e-04        1.38
  28      -810.038865222     -1.86e-08      1.79e-04        1.34
  29      -810.038865226     -4.13e-09      1.06e-04        1.38
  30      -810.038865218      8.48e-09      4.43e-05        1.35
  31      -810.038865235     -1.78e-08      3.39e-05        1.29
  32      -810.038865232      3.65e-09      2.75e-05        1.39
  33      -810.038865227      5.00e-09      8.17e-06        1.32

 SCF converged in 33 iterations.

 Dipole moment (in Debye):               1.705153      -2.892894      25.985291

 Quadrupole moment (in Debye-Angstrom):
                  1            2            3
 1      -124.755703    -1.305417    -1.815687
 2        -1.305417  -116.601967     5.534319
 3        -1.815687     5.534319  -150.143917

 Spin-squared expectation <S^2>:         0.000
 Total spin quantum number S:            0.000
 TOTAL ENERGY:                        -810.038865229

 --------------------------------------------------------------------------------

 End time:                               Tue Oct 26 09:14:45 2021
 Total wall-clock time:                 60.211 seconds
==================================================================================
