
================================================================================
          _____________ ________ _______________ ________     _________         
         / ___________// ______ \\_____   _____// ______ \   / ________)        
        / /_________  / /      \ \     | |     / /      \ \ | (_______          
       |  __________|| |        | |    | |    | |        | | \________ \        
        \ \_________ | |        | |    | |     \ \______/ /___________) |       
         \__________||_|        |_|    |_|      \________//____________/        
                                                                                
====================================[ Qcore ]===================================

 Git describe: 2.3.0-1-g21d9df7e5
 Compiler:     GNU 9.1.0
 Build type:   Release
 Version:      2.3.0-1-g21d9df7e5

 Start time:   Tue Oct 26 09:09:54 2021

 Data directory: /work/zw18965/.local/qcore/share/entos/qcore/data
 Number of threads: 24
 Number of threads was determined by: command line argument

 --------------------------------------------------------------------------------
                                   command: dft                                  
 --------------------------------------------------------------------------------
 AO basis set:                           def2-tzvppd
 Number of AO basis functions:        1322
 ECP on atom 25 (Ru):                    28 electrons

 Formula:                                C16H31P2ClRu
 Nuclear charge:                       218.000000000
 Total charge:                           0.000000000
 Number of core electrons:              28
 Number of treated electrons:          190

 Number of alpha electrons:             95
 Number of beta electrons:              95
 Number of unpaired electrons:           0
 Spin:                                   0
 Multiplicity:                           singlet

 Theory:                                 dft
 Exchange-correlation functional:        pbe0
 Method for Coulomb:                     incore_df
 Method for exact exchange:              pre_transformed_df
 Integral threshold:                     1.00e-12
 DF basis set:                           def2-universal-jkfit
 Number of DF basis functions:        2397
 Schwarz screening threshold:            1.00e-10
 Coulomb fitting method:                 Cholesky
 Total number of grid points:       321998
 Method for AO orthogonalization:        symmetric
 Threshold for linear dependence:        1.00e-08
 D3BJ dispersion energy:                -0.078380838

 -------------------------------------
  Running restricted closed-shell SCF 
 -------------------------------------
 Max number of iterations:             128
 Conv. threshold (gradient):             1.00e-05
 Conv. threshold (energy):               1.00e-06
 Interpolation scheme:                   adiis+cdiis
 Initial guess:                          SAD

 ---------------------------------------------------------------
                  energy        change          grad        time
 ---------------------------------------------------------------
   0     -1869.960194866                    4.60e+01       10.10
   1     -1864.975778272      4.98e+00      4.11e+00        7.68
   2     -1863.595780708      1.38e+00      1.41e+01        7.13
   3     -1865.349743923     -1.75e+00      4.15e+00        7.10
   4     -1864.653458519      6.96e-01      1.24e+01        7.31
   5     -1865.510721425     -8.57e-01      7.80e-01        7.49
   6     -1865.536693301     -2.60e-02      5.26e-01        7.42
   7     -1865.524836609      1.19e-02      2.04e+00        7.50
   8     -1865.544162095     -1.93e-02      1.12e+00        7.72
   9     -1865.548876869     -4.71e-03      7.71e-01        8.39
  10     -1865.552123532     -3.25e-03      2.36e-01        7.96
  11     -1865.550961852      1.16e-03      4.43e-01        8.21
  12     -1865.553051585     -2.09e-03      2.12e-01        8.89
  13     -1865.552361894      6.90e-04      4.06e-01        8.60
  14     -1865.553251003     -8.89e-04      6.91e-02        8.25
  15     -1865.553182116      6.89e-05      1.37e-01        8.19
  16     -1865.553370372     -1.88e-04      9.81e-05        7.96
  17     -1865.553370372     -1.73e-10      6.15e-05        7.45
  18     -1865.553370372     -7.09e-11      1.44e-05        7.54
  19     -1865.553370372     -4.66e-11      5.05e-06        7.66

 SCF converged in 19 iterations.

 Dipole moment (in Debye):              -1.136239       0.424522       4.660577

 Quadrupole moment (in Debye-Angstrom):
                  1            2            3
 1      -153.504051     0.086406    -3.043396
 2         0.086406  -151.860473    -1.910561
 3        -3.043396    -1.910561  -171.758474

 Spin-squared expectation <S^2>:         0.000
 Total spin quantum number S:            0.000
 TOTAL ENERGY:                       -1865.553370372

 --------------------------------------------------------------------------------

 End time:                               Tue Oct 26 09:13:20 2021
 Total wall-clock time:                205.805 seconds
==================================================================================
