
================================================================================
          _____________ ________ _______________ ________     _________         
         / ___________// ______ \\_____   _____// ______ \   / ________)        
        / /_________  / /      \ \     | |     / /      \ \ | (_______          
       |  __________|| |        | |    | |    | |        | | \________ \        
        \ \_________ | |        | |    | |     \ \______/ /___________) |       
         \__________||_|        |_|    |_|      \________//____________/        
                                                                                
====================================[ Qcore ]===================================

 Git describe: 2.3.0-1-g21d9df7e5
 Compiler:     GNU 9.1.0
 Build type:   Release
 Version:      2.3.0-1-g21d9df7e5

 Start time:   Tue Oct 26 09:14:49 2021

 Data directory: /work/zw18965/.local/qcore/share/entos/qcore/data
 Number of threads: 24
 Number of threads was determined by: command line argument

 --------------------------------------------------------------------------------
                                   command: dft                                  
 --------------------------------------------------------------------------------
 AO basis set:                           def2-tzvppd
 Number of AO basis functions:        1223
 ECP on atom 1 (Mo):                     28 electrons

 Formula:                                C12H27O3P3Mo
 Nuclear charge:                       210.000000000
 Total charge:                           0.000000000
 Number of core electrons:              28
 Number of treated electrons:          182

 Number of alpha electrons:             91
 Number of beta electrons:              91
 Number of unpaired electrons:           0
 Spin:                                   0
 Multiplicity:                           singlet

 Theory:                                 dft
 Exchange-correlation functional:        pbe0
 Method for Coulomb:                     incore_df
 Method for exact exchange:              pre_transformed_df
 Integral threshold:                     1.00e-12
 DF basis set:                           def2-universal-jkfit
 Number of DF basis functions:        2256
 Schwarz screening threshold:            1.00e-10
 Coulomb fitting method:                 Cholesky
 Total number of grid points:       291782
 Method for AO orthogonalization:        symmetric
 Threshold for linear dependence:        1.00e-08
 D3BJ dispersion energy:                -0.074395491

 -------------------------------------
  Running restricted closed-shell SCF 
 -------------------------------------
 Max number of iterations:             128
 Conv. threshold (gradient):             1.00e-05
 Conv. threshold (energy):               1.00e-06
 Interpolation scheme:                   adiis+cdiis
 Initial guess:                          SAD

 ---------------------------------------------------------------
                  energy        change          grad        time
 ---------------------------------------------------------------
   0     -1793.457493340                    3.33e+01        9.85
   1     -1830.664353786     -3.72e+01      8.99e+00        5.92
   2     -1729.061943312      1.02e+02      7.68e+01        5.55
   3     -1816.178344699     -8.71e+01      4.42e+01        5.81
   4     -1827.584698074     -1.14e+01      2.12e+01        5.81
   5     -1828.158739233     -5.74e-01      1.66e+01        5.72
   6     -1831.693578417     -3.53e+00      8.93e+00        5.53
   7     -1830.810198379      8.83e-01      1.02e+01        5.66
   8     -1832.066102720     -1.26e+00      7.49e+00        6.03
   9     -1832.811268924     -7.45e-01      5.61e+00        6.08
  10     -1832.513130778      2.98e-01      7.88e+00        6.42
  11     -1833.207395829     -6.94e-01      2.88e+00        6.24
  12     -1833.203836444      3.56e-03      3.12e+00        6.28
  13     -1833.298711653     -9.49e-02      1.92e+00        7.69
  14     -1833.284287467      1.44e-02      2.32e+00        6.51
  15     -1833.228897686      5.54e-02      2.47e+00        6.32
  16     -1833.336623394     -1.08e-01      3.73e-01        6.42
  17     -1833.316693498      1.99e-02      7.69e-01        6.03
  18     -1833.323346921     -6.65e-03      1.37e+00        6.43
  19     -1833.337159181     -1.38e-02      3.92e-01        6.27
  20     -1833.337544742     -3.86e-04      5.32e-01        6.13
  21     -1833.338302087     -7.57e-04      4.39e-01        6.04
  22     -1833.339570409     -1.27e-03      1.26e-01        6.15
  23     -1833.339751864     -1.81e-04      9.16e-02        6.07
  24     -1833.339614838      1.37e-04      2.61e-01        6.38
  25     -1833.340159823     -5.45e-04      8.89e-03        6.06
  26     -1833.340171037     -1.12e-05      6.42e-03        5.58
  27     -1833.340179401     -8.36e-06      4.74e-03        5.72
  28     -1833.340184482     -5.08e-06      3.56e-03        5.82
  29     -1833.340186331     -1.85e-06      1.95e-03        5.96
  30     -1833.340187064     -7.33e-07      2.13e-03        5.70
  31     -1833.340187634     -5.70e-07      2.00e-03        5.74
  32     -1833.340187994     -3.60e-07      8.54e-04        5.43
  33     -1833.340188391     -3.96e-07      7.87e-04        5.61
  34     -1833.340188524     -1.33e-07      6.55e-04        5.88
  35     -1833.340188577     -5.27e-08      9.85e-04        5.58
  36     -1833.340188525      5.18e-08      2.18e-03        5.74
  37     -1833.340188705     -1.80e-07      3.56e-04        5.48
  38     -1833.340188737     -3.21e-08      2.93e-04        5.61
  39     -1833.340188690      4.75e-08      2.11e-04        5.64
  40     -1833.340188665      2.43e-08      2.43e-04        6.35
  41     -1833.340188667     -1.32e-09      1.74e-04        5.39
  42     -1833.340188641      2.57e-08      1.29e-04        6.00
  43     -1833.340188668     -2.66e-08      1.10e-04        5.73
  44     -1833.340188674     -6.08e-09      4.66e-05        6.04
  45     -1833.340188539      1.35e-07      2.39e-05        5.84
  46     -1833.340188821     -2.82e-07      2.91e-05        5.81
  47     -1833.340188775      4.55e-08      5.70e-05        6.04
  48     -1833.340188798     -2.32e-08      2.06e-05        5.48
  49     -1833.340188795      2.67e-09      1.57e-05        5.96
  50     -1833.340188742      5.38e-08      7.74e-06        5.64

 SCF converged in 50 iterations.

 Dipole moment (in Debye):             -16.429005     -11.682668      -3.609549

 Quadrupole moment (in Debye-Angstrom):
                  1            2            3
 1      -300.111263    34.088239   -11.747606
 2        34.088239  -297.536088   -23.589217
 3       -11.747606   -23.589217  -261.493976

 Spin-squared expectation <S^2>:         0.000
 Total spin quantum number S:            0.000
 TOTAL ENERGY:                       -1833.340188648

 --------------------------------------------------------------------------------

 End time:                               Tue Oct 26 09:20:32 2021
 Total wall-clock time:                343.637 seconds
==================================================================================
