
================================================================================
          _____________ ________ _______________ ________     _________         
         / ___________// ______ \\_____   _____// ______ \   / ________)        
        / /_________  / /      \ \     | |     / /      \ \ | (_______          
       |  __________|| |        | |    | |    | |        | | \________ \        
        \ \_________ | |        | |    | |     \ \______/ /___________) |       
         \__________||_|        |_|    |_|      \________//____________/        
                                                                                
====================================[ Qcore ]===================================

 Git describe: 2.3.0-1-g21d9df7e5
 Compiler:     GNU 9.1.0
 Build type:   Release
 Version:      2.3.0-1-g21d9df7e5

 Start time:   Tue Oct 26 09:07:04 2021

 Data directory: /work/zw18965/.local/qcore/share/entos/qcore/data
 Number of threads: 24
 Number of threads was determined by: command line argument

 --------------------------------------------------------------------------------
                                   command: dft                                  
 --------------------------------------------------------------------------------
 AO basis set:                           def2-tzvppd
 Number of AO basis functions:        1027
 ECP on atom 1 (Ir):                     60 electrons

 Formula:                                C9H21O2P2Cl2Ir
 Nuclear charge:                       232.000000000
 Total charge:                           0.000000000
 Number of core electrons:              60
 Number of treated electrons:          172

 Number of alpha electrons:             86
 Number of beta electrons:              86
 Number of unpaired electrons:           0
 Spin:                                   0
 Multiplicity:                           singlet

 Theory:                                 dft
 Exchange-correlation functional:        pbe0
 Method for Coulomb:                     incore_df
 Method for exact exchange:              pre_transformed_df
 Integral threshold:                     1.00e-12
 DF basis set:                           def2-universal-jkfit
 Number of DF basis functions:        1946
 Schwarz screening threshold:            1.00e-10
 Coulomb fitting method:                 Cholesky
 Total number of grid points:       237586
 Method for AO orthogonalization:        symmetric
 Threshold for linear dependence:        1.00e-08
 D3BJ dispersion energy:                -0.058574235

 -------------------------------------
  Running restricted closed-shell SCF 
 -------------------------------------
 Max number of iterations:             128
 Conv. threshold (gradient):             1.00e-05
 Conv. threshold (energy):               1.00e-06
 Interpolation scheme:                   adiis+cdiis
 Initial guess:                          SAD

 ---------------------------------------------------------------
                  energy        change          grad        time
 ---------------------------------------------------------------
   0     -2215.153875897                    1.28e+02        5.30
   1     -2212.428777272      2.73e+00      3.25e+00        3.59
   2     -2210.148200629      2.28e+00      1.27e+01        3.62
   3     -2212.789338378     -2.64e+00      1.23e+00        3.83
   4     -2212.885303556     -9.60e-02      1.07e+00        3.24
   5     -2212.879033723      6.27e-03      1.82e+00        3.35
   6     -2212.893681480     -1.46e-02      1.84e+00        3.43
   7     -2212.923818791     -3.01e-02      8.65e-01        3.46
   8     -2212.920931734      2.89e-03      8.12e-01        3.60
   9     -2212.928578340     -7.65e-03      4.77e-01        3.67
  10     -2212.929994946     -1.42e-03      3.75e-01        3.69
  11     -2212.931101193     -1.11e-03      1.91e-01        4.01
  12     -2212.931158685     -5.75e-05      2.45e-01        3.64
  13     -2212.931613594     -4.55e-04      1.19e-01        3.82
  14     -2212.931677263     -6.37e-05      9.30e-02        3.69
  15     -2212.931796118     -1.19e-04      3.13e-02        3.80
  16     -2212.931821103     -2.50e-05      4.64e-05        3.61
  17     -2212.931821103      8.19e-12      6.22e-05        3.45
  18     -2212.931821103     -8.73e-11      5.07e-06        3.41

 SCF converged in 18 iterations.

 Dipole moment (in Debye):               0.283583       1.995911       0.478345

 Quadrupole moment (in Debye-Angstrom):
                  1            2            3
 1      -110.867950     4.541121     1.164533
 2         4.541121  -157.763817    -6.391996
 3         1.164533    -6.391996  -156.734697

 Spin-squared expectation <S^2>:         0.000
 Total spin quantum number S:            0.000
 TOTAL ENERGY:                       -2212.931821103

 --------------------------------------------------------------------------------

 End time:                               Tue Oct 26 09:09:00 2021
 Total wall-clock time:                116.069 seconds
==================================================================================
