
================================================================================
          _____________ ________ _______________ ________     _________         
         / ___________// ______ \\_____   _____// ______ \   / ________)        
        / /_________  / /      \ \     | |     / /      \ \ | (_______          
       |  __________|| |        | |    | |    | |        | | \________ \        
        \ \_________ | |        | |    | |     \ \______/ /___________) |       
         \__________||_|        |_|    |_|      \________//____________/        
                                                                                
====================================[ Qcore ]===================================

 Git describe: 2.3.0-1-g21d9df7e5
 Compiler:     GNU 9.1.0
 Build type:   Release
 Version:      2.3.0-1-g21d9df7e5

 Start time:   Tue Oct 26 09:17:42 2021

 Data directory: /work/zw18965/.local/qcore/share/entos/qcore/data
 Number of threads: 24
 Number of threads was determined by: command line argument
  - More threads can be used by running 'qcore -n 32'

 --------------------------------------------------------------------------------
                                   command: dft                                  
 --------------------------------------------------------------------------------
 AO basis set:                           def2-tzvppd
 Number of AO basis functions:        1005
 ECP on atom 15 (W):                     60 electrons

 Formula:                                C9H14O3S5W(2-)
 Nuclear charge:                       246.000000000
 Total charge:                          -2.000000000
 Number of core electrons:              60
 Number of treated electrons:          188

 Number of alpha electrons:             94
 Number of beta electrons:              94
 Number of unpaired electrons:           0
 Spin:                                   0
 Multiplicity:                           singlet

 Theory:                                 dft
 Exchange-correlation functional:        pbe0
 Method for Coulomb:                     incore_df
 Method for exact exchange:              pre_transformed_df
 Integral threshold:                     1.00e-12
 DF basis set:                           def2-universal-jkfit
 Number of DF basis functions:        2025
 Schwarz screening threshold:            1.00e-10
 Coulomb fitting method:                 Cholesky
 Total number of grid points:       210218
 Method for AO orthogonalization:        symmetric
 Threshold for linear dependence:        1.00e-08
 D3BJ dispersion energy:                -0.053433518

 -------------------------------------
  Running restricted closed-shell SCF 
 -------------------------------------
 Max number of iterations:             128
 Conv. threshold (gradient):             1.00e-05
 Conv. threshold (energy):               1.00e-06
 Interpolation scheme:                   adiis+cdiis
 Initial guess:                          SAD

 ---------------------------------------------------------------
                  energy        change          grad        time
 ---------------------------------------------------------------
   0     -2636.980210571                    2.36e+02        4.45
   1     -2633.657247282      3.32e+00      3.40e+00        3.43
   2     -2628.485264971      5.17e+00      1.93e+01        3.49
   3     -2633.866025790     -5.38e+00      2.92e+00        3.22
   4     -2634.112903039     -2.47e-01      2.89e+00        3.32
   5     -2633.792607752      3.20e-01      5.51e+00        3.30
   6     -2634.200398819     -4.08e-01      1.27e+00        3.47
   7     -2634.137819857      6.26e-02      2.80e+00        3.51
   8     -2634.251437104     -1.14e-01      3.87e-01        3.58
   9     -2634.234404999      1.70e-02      1.17e+00        3.76
  10     -2634.253217315     -1.88e-02      2.61e-01        3.76
  11     -2634.252084818      1.13e-03      5.31e-01        3.89
  12     -2634.255234946     -3.15e-03      9.10e-02        3.92
  13     -2634.254367614      8.67e-04      2.84e-01        3.98
  14     -2634.255344383     -9.77e-04      8.57e-04        3.79
  15     -2634.255344401     -1.80e-08      4.88e-04        3.42
  16     -2634.255344407     -5.26e-09      1.88e-04        3.39
  17     -2634.255344408     -1.34e-09      7.30e-05        3.26
  18     -2634.255344408     -1.57e-10      2.71e-05        3.31
  19     -2634.255344408     -3.64e-11      8.72e-06        3.37

 SCF converged in 19 iterations.

 Dipole moment (in Debye):               6.458203      -3.090033       0.564041

 Quadrupole moment (in Debye-Angstrom):
                  1            2            3
 1      -270.352928    -7.069727    -2.910490
 2        -7.069727  -197.848102    -3.654385
 3        -2.910490    -3.654385  -197.112632

 Spin-squared expectation <S^2>:         0.000
 Total spin quantum number S:            0.000
 TOTAL ENERGY:                       -2634.255344408

 --------------------------------------------------------------------------------

 End time:                               Tue Oct 26 09:19:34 2021
 Total wall-clock time:                111.641 seconds
==================================================================================
