
================================================================================
          _____________ ________ _______________ ________     _________         
         / ___________// ______ \\_____   _____// ______ \   / ________)        
        / /_________  / /      \ \     | |     / /      \ \ | (_______          
       |  __________|| |        | |    | |    | |        | | \________ \        
        \ \_________ | |        | |    | |     \ \______/ /___________) |       
         \__________||_|        |_|    |_|      \________//____________/        
                                                                                
====================================[ Qcore ]===================================

 Git describe: 2.3.0-1-g21d9df7e5
 Compiler:     GNU 9.1.0
 Build type:   Release
 Version:      2.3.0-1-g21d9df7e5

 Start time:   Tue Oct 26 09:20:09 2021

 Data directory: /work/zw18965/.local/qcore/share/entos/qcore/data
 Number of threads: 24
 Number of threads was determined by: command line argument

 --------------------------------------------------------------------------------
                                   command: dft                                  
 --------------------------------------------------------------------------------
 AO basis set:                           def2-tzvppd
 Number of AO basis functions:         721
 ECP on atom 1 (Mo):                     28 electrons

 Formula:                                C7H17NO2Mo
 Nuclear charge:                       124.000000000
 Total charge:                           0.000000000
 Number of core electrons:              28
 Number of treated electrons:           96

 Number of alpha electrons:             48
 Number of beta electrons:              48
 Number of unpaired electrons:           0
 Spin:                                   0
 Multiplicity:                           singlet

 Theory:                                 dft
 Exchange-correlation functional:        pbe0
 Method for Coulomb:                     incore_df
 Method for exact exchange:              pre_transformed_df
 Integral threshold:                     1.00e-12
 DF basis set:                           def2-universal-jkfit
 Number of DF basis functions:        1317
 Schwarz screening threshold:            1.00e-10
 Coulomb fitting method:                 Cholesky
 Total number of grid points:       176688
 Method for AO orthogonalization:        symmetric
 Threshold for linear dependence:        1.00e-08
 D3BJ dispersion energy:                -0.028583678

 -------------------------------------
  Running restricted closed-shell SCF 
 -------------------------------------
 Max number of iterations:             128
 Conv. threshold (gradient):             1.00e-05
 Conv. threshold (energy):               1.00e-06
 Interpolation scheme:                   adiis+cdiis
 Initial guess:                          SAD

 ---------------------------------------------------------------
                  energy        change          grad        time
 ---------------------------------------------------------------
   0      -551.110519421                    2.77e+01        1.39
   1      -549.166317049      1.94e+00      5.09e+00        1.18
   2      -541.831361213      7.33e+00      2.49e+01        1.12
   3      -549.254229468     -7.42e+00      7.62e+00        1.09
   4      -549.982036423     -7.28e-01      1.87e+00        1.09
   5      -549.602406264      3.80e-01      6.06e+00        1.14
   6      -549.993348890     -3.91e-01      1.56e+00        1.11
   7      -550.029470286     -3.61e-02      3.30e-01        1.12
   8      -550.009645219      1.98e-02      1.19e+00        1.20
   9      -550.029470429     -1.98e-02      3.37e-01        1.18
  10      -550.031491592     -2.02e-03      1.48e-01        1.25
  11      -550.029029791      2.46e-03      4.33e-01        1.29
  12      -550.031486809     -2.46e-03      1.43e-01        1.27
  13      -550.031799027     -3.12e-04      3.18e-02        1.24
  14      -550.031641390      1.58e-04      1.02e-01        1.27
  15      -550.031821209     -1.80e-04      2.98e-04        1.24
  16      -550.031821212     -2.75e-09      9.91e-05        1.09
  17      -550.031821212     -2.42e-10      4.97e-05        1.09
  18      -550.031821212     -5.66e-11      1.82e-05        1.12
  19      -550.031821212     -7.28e-12      4.36e-06        1.14

 SCF converged in 19 iterations.

 Dipole moment (in Debye):              -2.763290       0.988879       0.519230

 Quadrupole moment (in Debye-Angstrom):
                  1            2            3
 1       -84.431093    -0.319613     0.096833
 2        -0.319613   -81.826733    -2.043796
 3         0.096833    -2.043796   -82.368633

 Spin-squared expectation <S^2>:         0.000
 Total spin quantum number S:            0.000
 TOTAL ENERGY:                        -550.031821212

 --------------------------------------------------------------------------------

 End time:                               Tue Oct 26 09:20:43 2021
 Total wall-clock time:                 33.770 seconds
==================================================================================
