
================================================================================
          _____________ ________ _______________ ________     _________         
         / ___________// ______ \\_____   _____// ______ \   / ________)        
        / /_________  / /      \ \     | |     / /      \ \ | (_______          
       |  __________|| |        | |    | |    | |        | | \________ \        
        \ \_________ | |        | |    | |     \ \______/ /___________) |       
         \__________||_|        |_|    |_|      \________//____________/        
                                                                                
====================================[ Qcore ]===================================

 Git describe: 2.3.0-1-g21d9df7e5
 Compiler:     GNU 9.1.0
 Build type:   Release
 Version:      2.3.0-1-g21d9df7e5

 Start time:   Tue Oct 26 09:20:05 2021

 Data directory: /work/zw18965/.local/qcore/share/entos/qcore/data
 Number of threads: 24
 Number of threads was determined by: command line argument

 --------------------------------------------------------------------------------
                                   command: dft                                  
 --------------------------------------------------------------------------------
 AO basis set:                           def2-tzvppd
 Number of AO basis functions:         871
 ECP on atom 2 (Mo):                     28 electrons

 Formula:                                C7H13O2S5Mo-
 Nuclear charge:                       193.000000000
 Total charge:                          -1.000000000
 Number of core electrons:              28
 Number of treated electrons:          166

 Number of alpha electrons:             83
 Number of beta electrons:              83
 Number of unpaired electrons:           0
 Spin:                                   0
 Multiplicity:                           singlet

 Theory:                                 dft
 Exchange-correlation functional:        pbe0
 Method for Coulomb:                     incore_df
 Method for exact exchange:              pre_transformed_df
 Integral threshold:                     1.00e-12
 DF basis set:                           def2-universal-jkfit
 Number of DF basis functions:        1808
 Schwarz screening threshold:            1.00e-10
 Coulomb fitting method:                 Cholesky
 Total number of grid points:       183078
 Method for AO orthogonalization:        symmetric
 Threshold for linear dependence:        1.00e-08
 D3BJ dispersion energy:                -0.047975415

 -------------------------------------
  Running restricted closed-shell SCF 
 -------------------------------------
 Max number of iterations:             128
 Conv. threshold (gradient):             1.00e-05
 Conv. threshold (energy):               1.00e-06
 Interpolation scheme:                   adiis+cdiis
 Initial guess:                          SAD

 ---------------------------------------------------------------
                  energy        change          grad        time
 ---------------------------------------------------------------
   0     -2485.727015700                    2.64e+01        2.66
   1     -2482.617819554      3.11e+00      7.78e+00        2.26
   2     -2472.743706149      9.87e+00      2.91e+01        2.13
   3     -2482.442841498     -9.70e+00      9.25e+00        2.12
   4     -2483.393324424     -9.50e-01      1.94e+00        2.16
   5     -2482.960136371      4.33e-01      6.75e+00        2.31
   6     -2483.402670824     -4.43e-01      1.85e+00        2.21
   7     -2483.440269764     -3.76e-02      6.33e-01        2.41
   8     -2483.376803180      6.35e-02      2.82e+00        2.28
   9     -2483.436248766     -5.94e-02      8.82e-01        2.34
  10     -2483.444612534     -8.36e-03      1.89e-01        2.38
  11     -2483.442679352      1.93e-03      5.20e-01        2.48
  12     -2483.444594340     -1.91e-03      1.83e-01        2.40
  13     -2483.444820488     -2.26e-04      1.01e-01        2.46
  14     -2483.444857510     -3.70e-05      7.44e-02        2.42
  15     -2483.444895640     -3.81e-05      1.53e-02        2.38
  16     -2483.444898969     -3.33e-06      4.32e-04        2.30
  17     -2483.444898971     -2.66e-09      1.18e-04        2.14
  18     -2483.444898972     -6.80e-10      4.22e-05        2.26
  19     -2483.444898972     -4.05e-11      2.41e-05        2.15
  20     -2483.444898972     -3.27e-11      7.23e-06        2.22

 SCF converged in 20 iterations.

 Dipole moment (in Debye):              -6.761920      -1.194116       0.975752

 Quadrupole moment (in Debye-Angstrom):
                  1            2            3
 1      -149.844593     0.808390     1.333767
 2         0.808390  -162.401745    -0.023043
 3         1.333767    -0.023043  -163.669185

 Spin-squared expectation <S^2>:         0.000
 Total spin quantum number S:            0.000
 TOTAL ENERGY:                       -2483.444898972

 --------------------------------------------------------------------------------

 End time:                               Tue Oct 26 09:21:10 2021
 Total wall-clock time:                 64.472 seconds
==================================================================================
