
================================================================================
          _____________ ________ _______________ ________     _________         
         / ___________// ______ \\_____   _____// ______ \   / ________)        
        / /_________  / /      \ \     | |     / /      \ \ | (_______          
       |  __________|| |        | |    | |    | |        | | \________ \        
        \ \_________ | |        | |    | |     \ \______/ /___________) |       
         \__________||_|        |_|    |_|      \________//____________/        
                                                                                
====================================[ Qcore ]===================================

 Git describe: 2.3.0-1-g21d9df7e5
 Compiler:     GNU 9.1.0
 Build type:   Release
 Version:      2.3.0-1-g21d9df7e5

 Start time:   Tue Oct 26 09:17:01 2021

 Data directory: /work/zw18965/.local/qcore/share/entos/qcore/data
 Number of threads: 24
 Number of threads was determined by: command line argument
  - More threads can be used by running 'qcore -n 32'

 --------------------------------------------------------------------------------
                                   command: dft                                  
 --------------------------------------------------------------------------------
 AO basis set:                           def2-tzvppd
 Number of AO basis functions:         772
 ECP on atom 1 (Zr):                     28 electrons

 Formula:                                C12H13ClZr
 Nuclear charge:                       142.000000000
 Total charge:                           0.000000000
 Number of core electrons:              28
 Number of treated electrons:          114

 Number of alpha electrons:             57
 Number of beta electrons:              57
 Number of unpaired electrons:           0
 Spin:                                   0
 Multiplicity:                           singlet

 Theory:                                 dft
 Exchange-correlation functional:        pbe0
 Method for Coulomb:                     incore_df
 Method for exact exchange:              pre_transformed_df
 Integral threshold:                     1.00e-12
 DF basis set:                           def2-universal-jkfit
 Number of DF basis functions:        1517
 Schwarz screening threshold:            1.00e-10
 Coulomb fitting method:                 Cholesky
 Total number of grid points:       173850
 Method for AO orthogonalization:        symmetric
 Threshold for linear dependence:        1.00e-08
 D3BJ dispersion energy:                -0.036112882

 -------------------------------------
  Running restricted closed-shell SCF 
 -------------------------------------
 Max number of iterations:             128
 Conv. threshold (gradient):             1.00e-05
 Conv. threshold (energy):               1.00e-06
 Interpolation scheme:                   adiis+cdiis
 Initial guess:                          SAD

 ---------------------------------------------------------------
                  energy        change          grad        time
 ---------------------------------------------------------------
   0      -975.485699806                    2.82e+01        1.97
   1      -971.541798862      3.94e+00      1.87e+00        1.62
   2      -971.040761608      5.01e-01      6.23e+00        1.52
   3      -971.838055271     -7.97e-01      9.74e-01        1.50
   4      -971.706897916      1.31e-01      2.83e+00        1.47
   5      -971.885825755     -1.79e-01      2.56e-01        1.62
   6      -971.888467644     -2.64e-03      2.48e-01        1.68
   7      -971.893941565     -5.47e-03      1.54e-01        1.58
   8      -971.891377649      2.56e-03      3.73e-01        1.66
   9      -971.894425739     -3.05e-03      8.31e-02        1.71
  10      -971.894604379     -1.79e-04      3.42e-02        1.70
  11      -971.894638406     -3.40e-05      3.16e-04        1.69
  12      -971.894638407     -1.42e-09      1.44e-04        1.63
  13      -971.894638408     -5.55e-10      3.74e-05        1.56
  14      -971.894638408     -8.52e-11      1.10e-05        1.59
  15      -971.894638408     -3.52e-12      3.29e-06        1.58

 SCF converged in 15 iterations.

 Dipole moment (in Debye):               0.428969      -2.056087       2.335280

 Quadrupole moment (in Debye-Angstrom):
                  1            2            3
 1      -108.187323    -1.888079     0.809126
 2        -1.888079  -106.366954     5.857602
 3         0.809126     5.857602  -105.586639

 Spin-squared expectation <S^2>:         0.000
 Total spin quantum number S:            0.000
 TOTAL ENERGY:                        -971.894638408

 --------------------------------------------------------------------------------

 End time:                               Tue Oct 26 09:17:39 2021
 Total wall-clock time:                 37.857 seconds
==================================================================================
