
================================================================================
          _____________ ________ _______________ ________     _________         
         / ___________// ______ \\_____   _____// ______ \   / ________)        
        / /_________  / /      \ \     | |     / /      \ \ | (_______          
       |  __________|| |        | |    | |    | |        | | \________ \        
        \ \_________ | |        | |    | |     \ \______/ /___________) |       
         \__________||_|        |_|    |_|      \________//____________/        
                                                                                
====================================[ Qcore ]===================================

 Git describe: 2.3.0-1-g21d9df7e5
 Compiler:     GNU 9.1.0
 Build type:   Release
 Version:      2.3.0-1-g21d9df7e5

 Start time:   Tue Oct 26 09:18:58 2021

 Data directory: /work/zw18965/.local/qcore/share/entos/qcore/data
 Number of threads: 24
 Number of threads was determined by: command line argument

 --------------------------------------------------------------------------------
                                   command: dft                                  
 --------------------------------------------------------------------------------
 AO basis set:                           def2-tzvppd
 Number of AO basis functions:         871
 ECP on atom 2 (Mo):                     28 electrons

 Formula:                                C7H13O2S5Mo-
 Nuclear charge:                       193.000000000
 Total charge:                          -1.000000000
 Number of core electrons:              28
 Number of treated electrons:          166

 Number of alpha electrons:             83
 Number of beta electrons:              83
 Number of unpaired electrons:           0
 Spin:                                   0
 Multiplicity:                           singlet

 Theory:                                 dft
 Exchange-correlation functional:        pbe0
 Method for Coulomb:                     incore_df
 Method for exact exchange:              pre_transformed_df
 Integral threshold:                     1.00e-12
 DF basis set:                           def2-universal-jkfit
 Number of DF basis functions:        1808
 Schwarz screening threshold:            1.00e-10
 Coulomb fitting method:                 Cholesky
 Total number of grid points:       183078
 Method for AO orthogonalization:        symmetric
 Threshold for linear dependence:        1.00e-08
 D3BJ dispersion energy:                -0.046756093

 -------------------------------------
  Running restricted closed-shell SCF 
 -------------------------------------
 Max number of iterations:             128
 Conv. threshold (gradient):             1.00e-05
 Conv. threshold (energy):               1.00e-06
 Interpolation scheme:                   adiis+cdiis
 Initial guess:                          SAD

 ---------------------------------------------------------------
                  energy        change          grad        time
 ---------------------------------------------------------------
   0     -2485.934916391                    2.58e+01        2.89
   1     -2482.717867386      3.22e+00      7.00e+00        2.18
   2     -2474.847004232      7.87e+00      2.67e+01        2.08
   3     -2482.863326431     -8.02e+00      5.53e+00        2.10
   4     -2483.399672838     -5.36e-01      2.17e+00        2.13
   5     -2482.968316557      4.31e-01      5.87e+00        2.14
   6     -2483.421728883     -4.53e-01      1.99e+00        2.26
   7     -2483.460103873     -3.84e-02      7.80e-01        2.20
   8     -2483.381127215      7.90e-02      3.00e+00        2.17
   9     -2483.456170357     -7.50e-02      9.64e-01        2.30
  10     -2483.465840043     -9.67e-03      1.55e-01        2.46
  11     -2483.463888188      1.95e-03      4.75e-01        2.34
  12     -2483.465818604     -1.93e-03      1.68e-01        2.44
  13     -2483.466074327     -2.56e-04      1.98e-02        2.38
  14     -2483.466059571      1.48e-05      4.35e-02        2.42
  15     -2483.466077878     -1.83e-05      3.30e-04        2.28
  16     -2483.466077883     -4.33e-09      1.18e-04        2.10
  17     -2483.466077883     -8.09e-10      7.19e-05        2.05
  18     -2483.466077884     -2.43e-10      4.18e-05        2.07
  19     -2483.466077884     -7.55e-11      1.52e-05        2.23
  20     -2483.466077884      1.23e-11      7.46e-06        2.22

 SCF converged in 20 iterations.

 Dipole moment (in Debye):              -8.758860      -0.296843       1.473974

 Quadrupole moment (in Debye-Angstrom):
                  1            2            3
 1      -145.002063     0.122633    -2.086493
 2         0.122633  -161.227747     0.730592
 3        -2.086493     0.730592  -165.529868

 Spin-squared expectation <S^2>:         0.000
 Total spin quantum number S:            0.000
 TOTAL ENERGY:                       -2483.466077884

 --------------------------------------------------------------------------------

 End time:                               Tue Oct 26 09:20:02 2021
 Total wall-clock time:                 63.736 seconds
==================================================================================
