
================================================================================
          _____________ ________ _______________ ________     _________         
         / ___________// ______ \\_____   _____// ______ \   / ________)        
        / /_________  / /      \ \     | |     / /      \ \ | (_______          
       |  __________|| |        | |    | |    | |        | | \________ \        
        \ \_________ | |        | |    | |     \ \______/ /___________) |       
         \__________||_|        |_|    |_|      \________//____________/        
                                                                                
====================================[ Qcore ]===================================

 Git describe: 2.3.0-1-g21d9df7e5
 Compiler:     GNU 9.1.0
 Build type:   Release
 Version:      2.3.0-1-g21d9df7e5

 Start time:   Tue Oct 26 09:17:47 2021

 Data directory: /work/zw18965/.local/qcore/share/entos/qcore/data
 Number of threads: 24
 Number of threads was determined by: command line argument

 --------------------------------------------------------------------------------
                                   command: dft                                  
 --------------------------------------------------------------------------------
 AO basis set:                           def2-tzvppd
 Number of AO basis functions:         664
 ECP on atom 1 (Zr):                     28 electrons

 Formula:                                C10H11ClZr
 Nuclear charge:                       128.000000000
 Total charge:                           0.000000000
 Number of core electrons:              28
 Number of treated electrons:          100

 Number of alpha electrons:             50
 Number of beta electrons:              50
 Number of unpaired electrons:           0
 Spin:                                   0
 Multiplicity:                           singlet

 Theory:                                 dft
 Exchange-correlation functional:        pbe0
 Method for Coulomb:                     incore_df
 Method for exact exchange:              pre_transformed_df
 Integral threshold:                     1.00e-12
 DF basis set:                           def2-universal-jkfit
 Number of DF basis functions:        1331
 Schwarz screening threshold:            1.00e-10
 Coulomb fitting method:                 Cholesky
 Total number of grid points:       148470
 Method for AO orthogonalization:        symmetric
 Threshold for linear dependence:        1.00e-08
 D3BJ dispersion energy:                -0.028718860

 -------------------------------------
  Running restricted closed-shell SCF 
 -------------------------------------
 Max number of iterations:             128
 Conv. threshold (gradient):             1.00e-05
 Conv. threshold (energy):               1.00e-06
 Interpolation scheme:                   adiis+cdiis
 Initial guess:                          SAD

 ---------------------------------------------------------------
                  energy        change          grad        time
 ---------------------------------------------------------------
   0      -897.913835892                    2.59e+01        1.37
   1      -894.343017776      3.57e+00      1.83e+00        1.04
   2      -893.912179395      4.31e-01      6.05e+00        1.03
   3      -894.600813072     -6.89e-01      6.91e-01        1.03
   4      -894.542540117      5.83e-02      1.67e+00        1.03
   5      -894.635006182     -9.25e-02      2.05e-01        0.98
   6      -894.633011040      2.00e-03      2.74e-01        1.02
   7      -894.639115225     -6.10e-03      5.71e-02        1.01
   8      -894.638802187      3.13e-04      1.25e-01        1.09
   9      -894.639265507     -4.63e-04      1.23e-03        1.09
  10      -894.639265561     -5.34e-08      5.31e-04        1.03
  11      -894.639265573     -1.21e-08      1.16e-04        0.99
  12      -894.639265573     -7.41e-10      2.50e-05        0.96
  13      -894.639265573     -2.64e-11      7.83e-06        0.97

 SCF converged in 13 iterations.

 Dipole moment (in Debye):              -0.014389      -3.360479       1.268151

 Quadrupole moment (in Debye-Angstrom):
                  1            2            3
 1       -96.233425     0.003020    -0.003732
 2         0.003020   -99.038240     0.726403
 3        -0.003732     0.726403   -91.770931

 Spin-squared expectation <S^2>:         0.000
 Total spin quantum number S:            0.000
 TOTAL ENERGY:                        -894.639265573

 --------------------------------------------------------------------------------

 End time:                               Tue Oct 26 09:18:10 2021
 Total wall-clock time:                 23.370 seconds
==================================================================================
