
================================================================================
          _____________ ________ _______________ ________     _________         
         / ___________// ______ \\_____   _____// ______ \   / ________)        
        / /_________  / /      \ \     | |     / /      \ \ | (_______          
       |  __________|| |        | |    | |    | |        | | \________ \        
        \ \_________ | |        | |    | |     \ \______/ /___________) |       
         \__________||_|        |_|    |_|      \________//____________/        
                                                                                
====================================[ Qcore ]===================================

 Git describe: 2.3.0-1-g21d9df7e5
 Compiler:     GNU 9.1.0
 Build type:   Release
 Version:      2.3.0-1-g21d9df7e5

 Start time:   Tue Oct 26 09:18:13 2021

 Data directory: /work/zw18965/.local/qcore/share/entos/qcore/data
 Number of threads: 24
 Number of threads was determined by: command line argument

 --------------------------------------------------------------------------------
                                   command: dft                                  
 --------------------------------------------------------------------------------
 AO basis set:                           def2-tzvppd
 Number of AO basis functions:        1005
 ECP on atom 15 (W):                     60 electrons

 Formula:                                C9H14O3S5W(2-)
 Nuclear charge:                       246.000000000
 Total charge:                          -2.000000000
 Number of core electrons:              60
 Number of treated electrons:          188

 Number of alpha electrons:             94
 Number of beta electrons:              94
 Number of unpaired electrons:           0
 Spin:                                   0
 Multiplicity:                           singlet

 Theory:                                 dft
 Exchange-correlation functional:        pbe0
 Method for Coulomb:                     incore_df
 Method for exact exchange:              pre_transformed_df
 Integral threshold:                     1.00e-12
 DF basis set:                           def2-universal-jkfit
 Number of DF basis functions:        2025
 Schwarz screening threshold:            1.00e-10
 Coulomb fitting method:                 Cholesky
 Total number of grid points:       210218
 Method for AO orthogonalization:        symmetric
 Threshold for linear dependence:        1.00e-08
 D3BJ dispersion energy:                -0.050872444

 -------------------------------------
  Running restricted closed-shell SCF 
 -------------------------------------
 Max number of iterations:             128
 Conv. threshold (gradient):             1.00e-05
 Conv. threshold (energy):               1.00e-06
 Interpolation scheme:                   adiis+cdiis
 Initial guess:                          SAD

 ---------------------------------------------------------------
                  energy        change          grad        time
 ---------------------------------------------------------------
   0     -2636.750212961                    2.23e+02        4.40
   1     -2633.622025559      3.13e+00      3.35e+00        3.24
   2     -2622.381036153      1.12e+01      2.20e+01        3.09
   3     -2633.474830732     -1.11e+01      5.60e+00        3.08
   4     -2634.179794592     -7.05e-01      1.99e+00        3.31
   5     -2633.448987966      7.31e-01      8.66e+00        3.02
   6     -2634.204848784     -7.56e-01      1.59e+00        3.40
   7     -2634.262221342     -5.74e-02      2.72e-01        3.17
   8     -2634.254801965      7.42e-03      5.57e-01        3.77
   9     -2634.263681107     -8.88e-03      1.42e-01        3.83
  10     -2634.263799384     -1.18e-04      2.30e-01        3.64
  11     -2634.263445134      3.54e-04      2.55e-01        3.60
  12     -2634.264401630     -9.56e-04      4.12e-02        3.55
  13     -2634.264314385      8.72e-05      9.79e-02        3.61
  14     -2634.264422427     -1.08e-04      4.72e-04        3.37
  15     -2634.264422436     -9.74e-09      1.70e-04        3.16
  16     -2634.264422439     -2.60e-09      9.95e-05        3.07
  17     -2634.264422440     -8.04e-10      5.68e-05        3.09
  18     -2634.264422440     -1.61e-10      2.63e-05        3.14
  19     -2634.264422440     -5.00e-11      1.20e-05        3.00
  20     -2634.264422440     -2.64e-11      6.14e-06        3.15

 SCF converged in 20 iterations.

 Dipole moment (in Debye):               9.401905       1.538562       3.043035

 Quadrupole moment (in Debye-Angstrom):
                  1            2            3
 1      -268.389854    -9.030273    12.941332
 2        -9.030273  -210.096995     4.136848
 3        12.941332     4.136848  -193.667604

 Spin-squared expectation <S^2>:         0.000
 Total spin quantum number S:            0.000
 TOTAL ENERGY:                       -2634.264422440

 --------------------------------------------------------------------------------

 End time:                               Tue Oct 26 09:20:06 2021
 Total wall-clock time:                112.737 seconds
==================================================================================
