
================================================================================
          _____________ ________ _______________ ________     _________         
         / ___________// ______ \\_____   _____// ______ \   / ________)        
        / /_________  / /      \ \     | |     / /      \ \ | (_______          
       |  __________|| |        | |    | |    | |        | | \________ \        
        \ \_________ | |        | |    | |     \ \______/ /___________) |       
         \__________||_|        |_|    |_|      \________//____________/        
                                                                                
====================================[ Qcore ]===================================

 Git describe: 2.3.0-1-g21d9df7e5
 Compiler:     GNU 9.1.0
 Build type:   Release
 Version:      2.3.0-1-g21d9df7e5

 Start time:   Tue Oct 26 09:19:38 2021

 Data directory: /work/zw18965/.local/qcore/share/entos/qcore/data
 Number of threads: 24
 Number of threads was determined by: command line argument
  - More threads can be used by running 'qcore -n 32'

 --------------------------------------------------------------------------------
                                   command: dft                                  
 --------------------------------------------------------------------------------
 AO basis set:                           def2-tzvppd
 Number of AO basis functions:         721
 ECP on atom 1 (Mo):                     28 electrons

 Formula:                                C7H17NO2Mo
 Nuclear charge:                       124.000000000
 Total charge:                           0.000000000
 Number of core electrons:              28
 Number of treated electrons:           96

 Number of alpha electrons:             48
 Number of beta electrons:              48
 Number of unpaired electrons:           0
 Spin:                                   0
 Multiplicity:                           singlet

 Theory:                                 dft
 Exchange-correlation functional:        pbe0
 Method for Coulomb:                     incore_df
 Method for exact exchange:              pre_transformed_df
 Integral threshold:                     1.00e-12
 DF basis set:                           def2-universal-jkfit
 Number of DF basis functions:        1317
 Schwarz screening threshold:            1.00e-10
 Coulomb fitting method:                 Cholesky
 Total number of grid points:       176688
 Method for AO orthogonalization:        symmetric
 Threshold for linear dependence:        1.00e-08
 D3BJ dispersion energy:                -0.028214390

 -------------------------------------
  Running restricted closed-shell SCF 
 -------------------------------------
 Max number of iterations:             128
 Conv. threshold (gradient):             1.00e-05
 Conv. threshold (energy):               1.00e-06
 Interpolation scheme:                   adiis+cdiis
 Initial guess:                          SAD

 ---------------------------------------------------------------
                  energy        change          grad        time
 ---------------------------------------------------------------
   0      -551.311531983                    3.00e+01        1.42
   1      -549.176482838      2.14e+00      5.39e+00        1.12
   2      -541.798740041      7.38e+00      2.75e+01        1.13
   3      -549.309107062     -7.51e+00      7.46e+00        1.12
   4      -550.022346670     -7.13e-01      1.48e+00        1.09
   5      -549.630752411      3.92e-01      5.88e+00        1.15
   6      -550.019428494     -3.89e-01      1.57e+00        1.18
   7      -550.059647506     -4.02e-02      1.15e-01        1.19
   8      -550.057593378      2.05e-03      3.14e-01        1.17
   9      -550.059812475     -2.22e-03      1.08e-01        1.21
  10      -550.059870250     -5.78e-05      8.63e-02        1.32
  11      -550.059910623     -4.04e-05      8.16e-02        1.27
  12      -550.060022585     -1.12e-04      1.51e-03        1.29
  13      -550.060022613     -2.81e-08      5.08e-04        1.20
  14      -550.060022621     -7.80e-09      1.13e-04        1.18
  15      -550.060022621     -2.61e-10      4.35e-05        1.17
  16      -550.060022621     -6.18e-11      1.87e-05        1.17
  17      -550.060022621     -8.75e-12      6.26e-06        1.14

 SCF converged in 17 iterations.

 Dipole moment (in Debye):              -2.745416       0.499596       0.677230

 Quadrupole moment (in Debye-Angstrom):
                  1            2            3
 1       -83.575680    -0.726389    -0.312753
 2        -0.726389   -79.987248     0.597731
 3        -0.312753     0.597731   -84.650087

 Spin-squared expectation <S^2>:         0.000
 Total spin quantum number S:            0.000
 TOTAL ENERGY:                        -550.060022621

 --------------------------------------------------------------------------------

 End time:                               Tue Oct 26 09:20:10 2021
 Total wall-clock time:                 31.514 seconds
==================================================================================
