
================================================================================
          _____________ ________ _______________ ________     _________         
         / ___________// ______ \\_____   _____// ______ \   / ________)        
        / /_________  / /      \ \     | |     / /      \ \ | (_______          
       |  __________|| |        | |    | |    | |        | | \________ \        
        \ \_________ | |        | |    | |     \ \______/ /___________) |       
         \__________||_|        |_|    |_|      \________//____________/        
                                                                                
====================================[ Qcore ]===================================

 Git describe: 2.3.0-1-g21d9df7e5
 Compiler:     GNU 9.1.0
 Build type:   Release
 Version:      2.3.0-1-g21d9df7e5

 Start time:   Tue Oct 26 09:22:16 2021

 Data directory: /work/zw18965/.local/qcore/share/entos/qcore/data
 Number of threads: 24
 Number of threads was determined by: command line argument

 --------------------------------------------------------------------------------
                                   command: dft                                  
 --------------------------------------------------------------------------------
 AO basis set:                           def2-tzvppd
 Number of AO basis functions:        1122
 ECP on atom 23 (Au):                    60 electrons

 Formula:                                C16H14O2Cl3Au
 Nuclear charge:                       256.000000000
 Total charge:                           0.000000000
 Number of core electrons:              60
 Number of treated electrons:          196

 Number of alpha electrons:             98
 Number of beta electrons:              98
 Number of unpaired electrons:           0
 Spin:                                   0
 Multiplicity:                           singlet

 Theory:                                 dft
 Exchange-correlation functional:        pbe0
 Method for Coulomb:                     incore_df
 Method for exact exchange:              pre_transformed_df
 Integral threshold:                     1.00e-12
 DF basis set:                           def2-universal-jkfit
 Number of DF basis functions:        2237
 Schwarz screening threshold:            1.00e-10
 Coulomb fitting method:                 Cholesky
 Total number of grid points:       236750
 Method for AO orthogonalization:        symmetric
 Threshold for linear dependence:        1.00e-08
 D3BJ dispersion energy:                -0.050282936

 -------------------------------------
  Running restricted closed-shell SCF 
 -------------------------------------
 Max number of iterations:             128
 Conv. threshold (gradient):             1.00e-05
 Conv. threshold (energy):               1.00e-06
 Interpolation scheme:                   adiis+cdiis
 Initial guess:                          SAD

 ---------------------------------------------------------------
                  energy        change          grad        time
 ---------------------------------------------------------------
   0     -2289.245268440                    3.66e+01        6.70
   1     -2283.415102141      5.83e+00      5.09e+00        5.41
   2     -2281.549355871      1.87e+00      7.57e+00        4.67
   3     -2283.741679043     -2.19e+00      2.75e+00        4.99
   4     -2283.845509201     -1.04e-01      1.92e+00        5.03
   5     -2283.897873766     -5.24e-02      6.80e-01        5.24
   6     -2283.907946856     -1.01e-02      6.00e-01        5.03
   7     -2283.913370222     -5.42e-03      6.27e-01        5.10
   8     -2283.918399515     -5.03e-03      4.87e-01        5.58
   9     -2283.919691081     -1.29e-03      3.20e-01        5.41
  10     -2283.920774724     -1.08e-03      1.89e-01        5.57
  11     -2283.921505223     -7.30e-04      1.01e-01        7.19
  12     -2283.921557410     -5.22e-05      1.36e-01        5.81
  13     -2283.921750351     -1.93e-04      6.10e-02        5.51
  14     -2283.921856453     -1.06e-04      2.90e-02        7.41
  15     -2283.921887420     -3.10e-05      8.02e-05        5.54
  16     -2283.921887420     -2.34e-10      4.04e-05        6.73
  17     -2283.921887420     -7.64e-11      2.18e-05        5.14
  18     -2283.921887420     -2.96e-11      3.19e-06        4.97

 SCF converged in 18 iterations.

 Dipole moment (in Debye):               8.429603       4.976716      -2.500641

 Quadrupole moment (in Debye-Angstrom):
                  1            2            3
 1      -161.383369   -18.463587     9.293551
 2       -18.463587  -145.853000     7.460240
 3         9.293551     7.460240  -159.949304

 Spin-squared expectation <S^2>:         0.000
 Total spin quantum number S:            0.000
 TOTAL ENERGY:                       -2283.921887420

 --------------------------------------------------------------------------------

 End time:                               Tue Oct 26 09:24:58 2021
 Total wall-clock time:                161.989 seconds
==================================================================================
