
================================================================================
          _____________ ________ _______________ ________     _________         
         / ___________// ______ \\_____   _____// ______ \   / ________)        
        / /_________  / /      \ \     | |     / /      \ \ | (_______          
       |  __________|| |        | |    | |    | |        | | \________ \        
        \ \_________ | |        | |    | |     \ \______/ /___________) |       
         \__________||_|        |_|    |_|      \________//____________/        
                                                                                
====================================[ Qcore ]===================================

 Git describe: 2.3.0-1-g21d9df7e5
 Compiler:     GNU 9.1.0
 Build type:   Release
 Version:      2.3.0-1-g21d9df7e5

 Start time:   Tue Oct 26 09:20:36 2021

 Data directory: /work/zw18965/.local/qcore/share/entos/qcore/data
 Number of threads: 24
 Number of threads was determined by: command line argument

 --------------------------------------------------------------------------------
                                   command: dft                                  
 --------------------------------------------------------------------------------
 AO basis set:                           def2-tzvppd
 Number of AO basis functions:         825
 ECP on atom 1 (Re):                     60 electrons

 Formula:                                C9H8O6BrRe
 Nuclear charge:                       220.000000000
 Total charge:                           0.000000000
 Number of core electrons:              60
 Number of treated electrons:          160

 Number of alpha electrons:             80
 Number of beta electrons:              80
 Number of unpaired electrons:           0
 Spin:                                   0
 Multiplicity:                           singlet

 Theory:                                 dft
 Exchange-correlation functional:        pbe0
 Method for Coulomb:                     incore_df
 Method for exact exchange:              pre_transformed_df
 Integral threshold:                     1.00e-12
 DF basis set:                           def2-universal-jkfit
 Number of DF basis functions:        1774
 Schwarz screening threshold:            1.00e-10
 Coulomb fitting method:                 Cholesky
 Total number of grid points:       167124
 Method for AO orthogonalization:        symmetric
 Threshold for linear dependence:        1.00e-08
 D3BJ dispersion energy:                -0.031376976

 -------------------------------------
  Running restricted closed-shell SCF 
 -------------------------------------
 Max number of iterations:             128
 Conv. threshold (gradient):             1.00e-05
 Conv. threshold (energy):               1.00e-06
 Interpolation scheme:                   adiis+cdiis
 Initial guess:                          SAD

 ---------------------------------------------------------------
                  energy        change          grad        time
 ---------------------------------------------------------------
   0     -3453.885035177                    1.84e+02        2.88
   1     -3450.552119316      3.33e+00      2.16e+00        2.36
   2     -3449.592900236      9.59e-01      6.35e+00        2.13
   3     -3450.780001210     -1.19e+00      1.48e+00        2.36
   4     -3450.740032864      4.00e-02      2.04e+00        1.91
   5     -3450.784682624     -4.46e-02      1.83e+00        1.85
   6     -3450.834877533     -5.02e-02      7.93e-01        1.95
   7     -3450.837746734     -2.87e-03      6.46e-01        1.93
   8     -3450.845346991     -7.60e-03      1.39e-01        2.09
   9     -3450.841936742      3.41e-03      3.79e-01        2.02
  10     -3450.845816178     -3.88e-03      7.44e-02        1.94
  11     -3450.846044385     -2.28e-04      6.00e-02        2.23
  12     -3450.846132560     -8.82e-05      4.53e-04        1.97
  13     -3450.846132566     -6.00e-09      3.06e-04        1.83
  14     -3450.846132568     -2.30e-09      1.09e-04        1.89
  15     -3450.846132568     -2.59e-10      1.44e-05        1.97
  16     -3450.846132568     -2.55e-11      1.22e-05        1.90
  17     -3450.846132568     -2.09e-11      2.93e-06        1.84

 SCF converged in 17 iterations.

 Dipole moment (in Debye):               7.653442       3.923018      -1.961549

 Quadrupole moment (in Debye-Angstrom):
                  1            2            3
 1      -103.946719    -3.006200     2.957076
 2        -3.006200  -132.601310    -2.527517
 3         2.957076    -2.527517  -126.345327

 Spin-squared expectation <S^2>:         0.000
 Total spin quantum number S:            0.000
 TOTAL ENERGY:                       -3450.846132568

 --------------------------------------------------------------------------------

 End time:                               Tue Oct 26 09:22:00 2021
 Total wall-clock time:                 83.735 seconds
==================================================================================
