
================================================================================
          _____________ ________ _______________ ________     _________         
         / ___________// ______ \\_____   _____// ______ \   / ________)        
        / /_________  / /      \ \     | |     / /      \ \ | (_______          
       |  __________|| |        | |    | |    | |        | | \________ \        
        \ \_________ | |        | |    | |     \ \______/ /___________) |       
         \__________||_|        |_|    |_|      \________//____________/        
                                                                                
====================================[ Qcore ]===================================

 Git describe: 2.3.0-1-g21d9df7e5
 Compiler:     GNU 9.1.0
 Build type:   Release
 Version:      2.3.0-1-g21d9df7e5

 Start time:   Tue Oct 26 09:24:08 2021

 Data directory: /work/zw18965/.local/qcore/share/entos/qcore/data
 Number of threads: 24
 Number of threads was determined by: command line argument

 --------------------------------------------------------------------------------
                                   command: dft                                  
 --------------------------------------------------------------------------------
 AO basis set:                           def2-tzvppd
 Number of AO basis functions:         815
 ECP on atom 25 (Au):                    60 electrons

 Formula:                                C9H15O3PAu+
 Nuclear charge:                       187.000000000
 Total charge:                           1.000000000
 Number of core electrons:              60
 Number of treated electrons:          126

 Number of alpha electrons:             63
 Number of beta electrons:              63
 Number of unpaired electrons:           0
 Spin:                                   0
 Multiplicity:                           singlet

 Theory:                                 dft
 Exchange-correlation functional:        pbe0
 Method for Coulomb:                     incore_df
 Method for exact exchange:              pre_transformed_df
 Integral threshold:                     1.00e-12
 DF basis set:                           def2-universal-jkfit
 Number of DF basis functions:        1551
 Schwarz screening threshold:            1.00e-10
 Coulomb fitting method:                 Cholesky
 Total number of grid points:       186852
 Method for AO orthogonalization:        symmetric
 Threshold for linear dependence:        1.00e-08
 D3BJ dispersion energy:                -0.031420434

 -------------------------------------
  Running restricted closed-shell SCF 
 -------------------------------------
 Max number of iterations:             128
 Conv. threshold (gradient):             1.00e-05
 Conv. threshold (energy):               1.00e-06
 Interpolation scheme:                   adiis+cdiis
 Initial guess:                          SAD

 ---------------------------------------------------------------
                  energy        change          grad        time
 ---------------------------------------------------------------
   0     -1057.131973536                    2.93e+01        2.54
   1     -1053.660968388      3.47e+00      2.78e+00        1.66
   2     -1053.135640915      5.25e-01      7.50e+00        1.65
   3     -1053.949848441     -8.14e-01      8.97e-01        1.82
   4     -1053.919282499      3.06e-02      1.56e+00        1.81
   5     -1053.984263249     -6.50e-02      3.35e-01        1.83
   6     -1053.981013638      3.25e-03      7.48e-01        1.83
   7     -1053.986423198     -5.41e-03      6.45e-02        2.02
   8     -1053.986343937      7.93e-05      9.55e-02        1.89
   9     -1053.986651300     -3.07e-04      3.18e-03        1.95
  10     -1053.986651461     -1.60e-07      1.15e-03        1.81
  11     -1053.986651488     -2.73e-08      3.73e-04        1.77
  12     -1053.986651492     -3.21e-09      1.23e-04        1.80
  13     -1053.986651492     -5.00e-10      4.81e-05        1.84
  14     -1053.986651492     -3.48e-11      3.19e-05        2.08
  15     -1053.986651492     -1.36e-11      5.38e-06        1.79

 SCF converged in 15 iterations.

 Dipole moment (in Debye):               1.252497       0.956674      -0.872173

 Quadrupole moment (in Debye-Angstrom):
                  1            2            3
 1       -37.403214    -0.000794    -2.067366
 2        -0.000794   -93.423596    -1.024048
 3        -2.067366    -1.024048   -97.675535

 Spin-squared expectation <S^2>:         0.000
 Total spin quantum number S:            0.000
 TOTAL ENERGY:                       -1053.986651492

 --------------------------------------------------------------------------------

 End time:                               Tue Oct 26 09:25:04 2021
 Total wall-clock time:                 56.206 seconds
==================================================================================
