
================================================================================
          _____________ ________ _______________ ________     _________         
         / ___________// ______ \\_____   _____// ______ \   / ________)        
        / /_________  / /      \ \     | |     / /      \ \ | (_______          
       |  __________|| |        | |    | |    | |        | | \________ \        
        \ \_________ | |        | |    | |     \ \______/ /___________) |       
         \__________||_|        |_|    |_|      \________//____________/        
                                                                                
====================================[ Qcore ]===================================

 Git describe: 2.3.0-1-g21d9df7e5
 Compiler:     GNU 9.1.0
 Build type:   Release
 Version:      2.3.0-1-g21d9df7e5

 Start time:   Tue Oct 26 09:21:13 2021

 Data directory: /work/zw18965/.local/qcore/share/entos/qcore/data
 Number of threads: 24
 Number of threads was determined by: command line argument

 --------------------------------------------------------------------------------
                                   command: dft                                  
 --------------------------------------------------------------------------------
 AO basis set:                           def2-tzvppd
 Number of AO basis functions:         825
 ECP on atom 1 (Re):                     60 electrons

 Formula:                                C9H8O6BrRe
 Nuclear charge:                       220.000000000
 Total charge:                           0.000000000
 Number of core electrons:              60
 Number of treated electrons:          160

 Number of alpha electrons:             80
 Number of beta electrons:              80
 Number of unpaired electrons:           0
 Spin:                                   0
 Multiplicity:                           singlet

 Theory:                                 dft
 Exchange-correlation functional:        pbe0
 Method for Coulomb:                     incore_df
 Method for exact exchange:              pre_transformed_df
 Integral threshold:                     1.00e-12
 DF basis set:                           def2-universal-jkfit
 Number of DF basis functions:        1774
 Schwarz screening threshold:            1.00e-10
 Coulomb fitting method:                 Cholesky
 Total number of grid points:       167124
 Method for AO orthogonalization:        symmetric
 Threshold for linear dependence:        1.00e-08
 D3BJ dispersion energy:                -0.034842224

 -------------------------------------
  Running restricted closed-shell SCF 
 -------------------------------------
 Max number of iterations:             128
 Conv. threshold (gradient):             1.00e-05
 Conv. threshold (energy):               1.00e-06
 Interpolation scheme:                   adiis+cdiis
 Initial guess:                          SAD

 ---------------------------------------------------------------
                  energy        change          grad        time
 ---------------------------------------------------------------
   0     -3454.163153149                    2.10e+02        2.70
   1     -3450.534572474      3.63e+00      2.48e+00        1.98
   2     -3449.293480684      1.24e+00      8.12e+00        1.85
   3     -3450.748965290     -1.46e+00      1.76e+00        1.96
   4     -3450.789608324     -4.06e-02      1.37e+00        1.96
   5     -3450.785557756      4.05e-03      1.73e+00        1.95
   6     -3450.806461386     -2.09e-02      1.17e+00        2.10
   7     -3450.822245549     -1.58e-02      4.39e-01        2.00
   8     -3450.823648170     -1.40e-03      4.41e-01        1.92
   9     -3450.823681356     -3.32e-05      5.19e-01        2.01
  10     -3450.827238485     -3.56e-03      1.18e-01        2.17
  11     -3450.826500741      7.38e-04      2.76e-01        2.27
  12     -3450.827329644     -8.29e-04      7.90e-02        2.25
  13     -3450.827397912     -6.83e-05      1.87e-02        2.27
  14     -3450.827407894     -9.98e-06      9.38e-05        2.09
  15     -3450.827407895     -1.66e-10      4.17e-05        1.91
  16     -3450.827407895     -4.91e-11      2.93e-05        1.98
  17     -3450.827407895     -2.55e-11      7.25e-06        1.99

 SCF converged in 17 iterations.

 Dipole moment (in Debye):              -5.535788       4.728195       0.558690

 Quadrupole moment (in Debye-Angstrom):
                  1            2            3
 1      -116.865189    -5.293708    -1.627001
 2        -5.293708  -127.617115     2.360706
 3        -1.627001     2.360706  -130.254247

 Spin-squared expectation <S^2>:         0.000
 Total spin quantum number S:            0.000
 TOTAL ENERGY:                       -3450.827407895

 --------------------------------------------------------------------------------

 End time:                               Tue Oct 26 09:22:37 2021
 Total wall-clock time:                 84.318 seconds
==================================================================================
