
================================================================================
          _____________ ________ _______________ ________     _________         
         / ___________// ______ \\_____   _____// ______ \   / ________)        
        / /_________  / /      \ \     | |     / /      \ \ | (_______          
       |  __________|| |        | |    | |    | |        | | \________ \        
        \ \_________ | |        | |    | |     \ \______/ /___________) |       
         \__________||_|        |_|    |_|      \________//____________/        
                                                                                
====================================[ Qcore ]===================================

 Git describe: 2.3.0-1-g21d9df7e5
 Compiler:     GNU 9.1.0
 Build type:   Release
 Version:      2.3.0-1-g21d9df7e5

 Start time:   Tue Oct 26 09:21:09 2021

 Data directory: /work/zw18965/.local/qcore/share/entos/qcore/data
 Number of threads: 24
 Number of threads was determined by: command line argument
  - More threads can be used by running 'qcore -n 32'

 --------------------------------------------------------------------------------
                                   command: dft                                  
 --------------------------------------------------------------------------------
 AO basis set:                           def2-tzvppd
 Number of AO basis functions:         869
 ECP on atom 25 (Au):                    60 electrons

 Formula:                                C9H12O3Cl3Au
 Nuclear charge:                       220.000000000
 Total charge:                           0.000000000
 Number of core electrons:              60
 Number of treated electrons:          160

 Number of alpha electrons:             80
 Number of beta electrons:              80
 Number of unpaired electrons:           0
 Spin:                                   0
 Multiplicity:                           singlet

 Theory:                                 dft
 Exchange-correlation functional:        pbe0
 Method for Coulomb:                     incore_df
 Method for exact exchange:              pre_transformed_df
 Integral threshold:                     1.00e-12
 DF basis set:                           def2-universal-jkfit
 Number of DF basis functions:        1753
 Schwarz screening threshold:            1.00e-10
 Coulomb fitting method:                 Cholesky
 Total number of grid points:       184314
 Method for AO orthogonalization:        symmetric
 Threshold for linear dependence:        1.00e-08
 D3BJ dispersion energy:                -0.038639214

 -------------------------------------
  Running restricted closed-shell SCF 
 -------------------------------------
 Max number of iterations:             128
 Conv. threshold (gradient):             1.00e-05
 Conv. threshold (energy):               1.00e-06
 Interpolation scheme:                   adiis+cdiis
 Initial guess:                          SAD

 ---------------------------------------------------------------
                  energy        change          grad        time
 ---------------------------------------------------------------
   0     -2094.453816839                    4.02e+01        2.97
   1     -2090.848739426      3.61e+00      4.65e+00        2.45
   2     -2088.847685652      2.00e+00      1.24e+01        2.24
   3     -2091.157839375     -2.31e+00      2.84e+00        2.17
   4     -2091.275096956     -1.17e-01      3.45e+00        2.35
   5     -2091.301659564     -2.66e-02      3.12e+00        2.25
   6     -2091.359635217     -5.80e-02      1.00e+00        2.37
   7     -2091.367730935     -8.10e-03      1.02e+00        2.25
   8     -2091.385378197     -1.76e-02      4.53e-01        2.55
   9     -2091.377539062      7.84e-03      1.00e+00        2.50
  10     -2091.387741456     -1.02e-02      2.26e-01        2.50
  11     -2091.387748153     -6.70e-06      1.95e-01        2.63
  12     -2091.388482980     -7.35e-04      1.99e-01        2.56
  13     -2091.388732054     -2.49e-04      1.15e-01        2.52
  14     -2091.388852786     -1.21e-04      3.16e-02        2.43
  15     -2091.388847854      4.93e-06      3.74e-02        2.52
  16     -2091.388880209     -3.24e-05      8.65e-05        2.47
  17     -2091.388880209     -8.96e-11      5.69e-05        2.27
  18     -2091.388880210     -6.87e-11      9.61e-06        2.29

 SCF converged in 18 iterations.

 Dipole moment (in Debye):             -11.615608      -2.513161       0.286954

 Quadrupole moment (in Debye-Angstrom):
                  1            2            3
 1      -114.364901    -3.341695    -5.039798
 2        -3.341695  -133.297097     4.681972
 3        -5.039798     4.681972  -135.631780

 Spin-squared expectation <S^2>:         0.000
 Total spin quantum number S:            0.000
 TOTAL ENERGY:                       -2091.388880210

 --------------------------------------------------------------------------------

 End time:                               Tue Oct 26 09:22:24 2021
 Total wall-clock time:                 74.952 seconds
==================================================================================
