
================================================================================
          _____________ ________ _______________ ________     _________         
         / ___________// ______ \\_____   _____// ______ \   / ________)        
        / /_________  / /      \ \     | |     / /      \ \ | (_______          
       |  __________|| |        | |    | |    | |        | | \________ \        
        \ \_________ | |        | |    | |     \ \______/ /___________) |       
         \__________||_|        |_|    |_|      \________//____________/        
                                                                                
====================================[ Qcore ]===================================

 Git describe: 2.3.0-1-g21d9df7e5
 Compiler:     GNU 9.1.0
 Build type:   Release
 Version:      2.3.0-1-g21d9df7e5

 Start time:   Tue Oct 26 09:22:03 2021

 Data directory: /work/zw18965/.local/qcore/share/entos/qcore/data
 Number of threads: 24
 Number of threads was determined by: command line argument

 --------------------------------------------------------------------------------
                                   command: dft                                  
 --------------------------------------------------------------------------------
 AO basis set:                           def2-tzvppd
 Number of AO basis functions:         825
 ECP on atom 1 (Re):                     60 electrons

 Formula:                                C9H8O6BrRe
 Nuclear charge:                       220.000000000
 Total charge:                           0.000000000
 Number of core electrons:              60
 Number of treated electrons:          160

 Number of alpha electrons:             80
 Number of beta electrons:              80
 Number of unpaired electrons:           0
 Spin:                                   0
 Multiplicity:                           singlet

 Theory:                                 dft
 Exchange-correlation functional:        pbe0
 Method for Coulomb:                     incore_df
 Method for exact exchange:              pre_transformed_df
 Integral threshold:                     1.00e-12
 DF basis set:                           def2-universal-jkfit
 Number of DF basis functions:        1774
 Schwarz screening threshold:            1.00e-10
 Coulomb fitting method:                 Cholesky
 Total number of grid points:       167124
 Method for AO orthogonalization:        symmetric
 Threshold for linear dependence:        1.00e-08
 D3BJ dispersion energy:                -0.033362158

 -------------------------------------
  Running restricted closed-shell SCF 
 -------------------------------------
 Max number of iterations:             128
 Conv. threshold (gradient):             1.00e-05
 Conv. threshold (energy):               1.00e-06
 Interpolation scheme:                   adiis+cdiis
 Initial guess:                          SAD

 ---------------------------------------------------------------
                  energy        change          grad        time
 ---------------------------------------------------------------
   0     -3454.174284078                    2.23e+02        2.54
   1     -3450.503972523      3.67e+00      2.64e+00        2.29
   2     -3448.878625363      1.63e+00      1.03e+01        2.02
   3     -3450.710803771     -1.83e+00      2.15e+00        2.00
   4     -3450.790062492     -7.93e-02      1.27e+00        2.13
   5     -3450.778168068      1.19e-02      1.61e+00        1.91
   6     -3450.787831682     -9.66e-03      1.58e+00        1.89
   7     -3450.820362309     -3.25e-02      2.94e-01        2.06
   8     -3450.814283345      6.08e-03      7.29e-01        2.20
   9     -3450.821231008     -6.95e-03      1.75e-01        2.04
  10     -3450.821698629     -4.68e-04      5.58e-02        2.06
  11     -3450.821690668      7.96e-06      6.06e-02        2.18
  12     -3450.821765362     -7.47e-05      4.82e-04        2.04
  13     -3450.821765368     -5.99e-09      1.97e-04        1.92
  14     -3450.821765369     -1.21e-09      7.54e-05        1.93
  15     -3450.821765369     -1.41e-10      3.82e-05        1.98
  16     -3450.821765369     -1.64e-11      8.46e-06        2.08

 SCF converged in 16 iterations.

 Dipole moment (in Debye):               5.371980       2.355792      -0.394747

 Quadrupole moment (in Debye-Angstrom):
                  1            2            3
 1      -121.231362     1.511319     9.504727
 2         1.511319  -135.121003     1.517162
 3         9.504727     1.517162  -127.372580

 Spin-squared expectation <S^2>:         0.000
 Total spin quantum number S:            0.000
 TOTAL ENERGY:                       -3450.821765369

 --------------------------------------------------------------------------------

 End time:                               Tue Oct 26 09:23:27 2021
 Total wall-clock time:                 83.830 seconds
==================================================================================
