
================================================================================
          _____________ ________ _______________ ________     _________         
         / ___________// ______ \\_____   _____// ______ \   / ________)        
        / /_________  / /      \ \     | |     / /      \ \ | (_______          
       |  __________|| |        | |    | |    | |        | | \________ \        
        \ \_________ | |        | |    | |     \ \______/ /___________) |       
         \__________||_|        |_|    |_|      \________//____________/        
                                                                                
====================================[ Qcore ]===================================

 Git describe: 2.3.0-1-g21d9df7e5
 Compiler:     GNU 9.1.0
 Build type:   Release
 Version:      2.3.0-1-g21d9df7e5

 Start time:   Tue Oct 26 09:20:13 2021

 Data directory: /work/zw18965/.local/qcore/share/entos/qcore/data
 Number of threads: 24
 Number of threads was determined by: command line argument
  - More threads can be used by running 'qcore -n 32'

 --------------------------------------------------------------------------------
                                   command: dft                                  
 --------------------------------------------------------------------------------
 AO basis set:                           def2-tzvppd
 Number of AO basis functions:         825
 ECP on atom 1 (Re):                     60 electrons

 Formula:                                C9H8O6BrRe
 Nuclear charge:                       220.000000000
 Total charge:                           0.000000000
 Number of core electrons:              60
 Number of treated electrons:          160

 Number of alpha electrons:             80
 Number of beta electrons:              80
 Number of unpaired electrons:           0
 Spin:                                   0
 Multiplicity:                           singlet

 Theory:                                 dft
 Exchange-correlation functional:        pbe0
 Method for Coulomb:                     incore_df
 Method for exact exchange:              pre_transformed_df
 Integral threshold:                     1.00e-12
 DF basis set:                           def2-universal-jkfit
 Number of DF basis functions:        1774
 Schwarz screening threshold:            1.00e-10
 Coulomb fitting method:                 Cholesky
 Total number of grid points:       167124
 Method for AO orthogonalization:        symmetric
 Threshold for linear dependence:        1.00e-08
 D3BJ dispersion energy:                -0.034043801

 -------------------------------------
  Running restricted closed-shell SCF 
 -------------------------------------
 Max number of iterations:             128
 Conv. threshold (gradient):             1.00e-05
 Conv. threshold (energy):               1.00e-06
 Interpolation scheme:                   adiis+cdiis
 Initial guess:                          SAD

 ---------------------------------------------------------------
                  energy        change          grad        time
 ---------------------------------------------------------------
   0     -3453.809234625                    1.88e+02        2.64
   1     -3450.484692773      3.32e+00      2.69e+00        2.10
   2     -3449.515048130      9.70e-01      6.50e+00        2.05
   3     -3450.720341845     -1.21e+00      1.65e+00        2.06
   4     -3450.637041605      8.33e-02      2.55e+00        2.06
   5     -3450.725613876     -8.86e-02      1.89e+00        2.18
   6     -3450.775915714     -5.03e-02      1.01e+00        2.09
   7     -3450.778856054     -2.94e-03      9.06e-01        2.13
   8     -3450.789869941     -1.10e-02      1.92e-01        2.18
   9     -3450.787694505      2.18e-03      4.10e-01        2.24
  10     -3450.790361005     -2.67e-03      9.06e-02        2.25
  11     -3450.790216385      1.45e-04      1.41e-01        2.33
  12     -3450.790554587     -3.38e-04      3.01e-04        2.23
  13     -3450.790554589     -2.40e-09      2.41e-04        2.02
  14     -3450.790554591     -2.03e-09      1.14e-04        2.10
  15     -3450.790554592     -4.06e-10      2.79e-05        2.20
  16     -3450.790554592     -4.27e-11      1.50e-05        2.01
  17     -3450.790554592     -1.59e-11      4.89e-06        1.99

 SCF converged in 17 iterations.

 Dipole moment (in Debye):             -11.106849       4.032830       1.442604

 Quadrupole moment (in Debye-Angstrom):
                  1            2            3
 1      -103.005319    -4.779533    -3.078618
 2        -4.779533  -133.210883     1.001986
 3        -3.078618     1.001986  -127.543754

 Spin-squared expectation <S^2>:         0.000
 Total spin quantum number S:            0.000
 TOTAL ENERGY:                       -3450.790554592

 --------------------------------------------------------------------------------

 End time:                               Tue Oct 26 09:21:38 2021
 Total wall-clock time:                 84.387 seconds
==================================================================================
