
================================================================================
          _____________ ________ _______________ ________     _________         
         / ___________// ______ \\_____   _____// ______ \   / ________)        
        / /_________  / /      \ \     | |     / /      \ \ | (_______          
       |  __________|| |        | |    | |    | |        | | \________ \        
        \ \_________ | |        | |    | |     \ \______/ /___________) |       
         \__________||_|        |_|    |_|      \________//____________/        
                                                                                
====================================[ Qcore ]===================================

 Git describe: 2.3.0-1-g21d9df7e5
 Compiler:     GNU 9.1.0
 Build type:   Release
 Version:      2.3.0-1-g21d9df7e5

 Start time:   Tue Oct 26 09:20:46 2021

 Data directory: /work/zw18965/.local/qcore/share/entos/qcore/data
 Number of threads: 24
 Number of threads was determined by: command line argument

 --------------------------------------------------------------------------------
                                   command: dft                                  
 --------------------------------------------------------------------------------
 AO basis set:                           def2-tzvppd
 Number of AO basis functions:         825
 ECP on atom 1 (Re):                     60 electrons

 Formula:                                C9H8O6BrRe
 Nuclear charge:                       220.000000000
 Total charge:                           0.000000000
 Number of core electrons:              60
 Number of treated electrons:          160

 Number of alpha electrons:             80
 Number of beta electrons:              80
 Number of unpaired electrons:           0
 Spin:                                   0
 Multiplicity:                           singlet

 Theory:                                 dft
 Exchange-correlation functional:        pbe0
 Method for Coulomb:                     incore_df
 Method for exact exchange:              pre_transformed_df
 Integral threshold:                     1.00e-12
 DF basis set:                           def2-universal-jkfit
 Number of DF basis functions:        1774
 Schwarz screening threshold:            1.00e-10
 Coulomb fitting method:                 Cholesky
 Total number of grid points:       167124
 Method for AO orthogonalization:        symmetric
 Threshold for linear dependence:        1.00e-08
 D3BJ dispersion energy:                -0.033809388

 -------------------------------------
  Running restricted closed-shell SCF 
 -------------------------------------
 Max number of iterations:             128
 Conv. threshold (gradient):             1.00e-05
 Conv. threshold (energy):               1.00e-06
 Interpolation scheme:                   adiis+cdiis
 Initial guess:                          SAD

 ---------------------------------------------------------------
                  energy        change          grad        time
 ---------------------------------------------------------------
   0     -3454.132941803                    2.09e+02        2.58
   1     -3450.514693561      3.62e+00      2.75e+00        2.04
   2     -3449.014911993      1.50e+00      1.04e+01        1.91
   3     -3450.748919384     -1.73e+00      1.83e+00        1.88
   4     -3450.799442281     -5.05e-02      1.25e+00        1.90
   5     -3450.762529770      3.69e-02      2.61e+00        2.02
   6     -3450.842696511     -8.02e-02      5.80e-01        1.96
   7     -3450.828382281      1.43e-02      1.09e+00        1.94
   8     -3450.850326720     -2.19e-02      2.09e-01        2.03
   9     -3450.848550437      1.78e-03      3.85e-01        2.18
  10     -3450.850299411     -1.75e-03      2.83e-01        2.17
  11     -3450.851314811     -1.02e-03      1.48e-01        2.21
  12     -3450.851244753      7.01e-05      1.58e-01        2.17
  13     -3450.851553513     -3.09e-04      3.72e-02        2.15
  14     -3450.851484967      6.85e-05      6.42e-02        2.15
  15     -3450.851596067     -1.11e-04      9.08e-05        2.10
  16     -3450.851596067     -3.58e-10      4.89e-05        2.03
  17     -3450.851596067     -1.06e-10      2.33e-05        1.94
  18     -3450.851596067     -1.32e-11      9.24e-06        2.12

 SCF converged in 18 iterations.

 Dipole moment (in Debye):              -6.454658       2.442038      -0.369026

 Quadrupole moment (in Debye-Angstrom):
                  1            2            3
 1      -105.311908     2.669896     0.205242
 2         2.669896  -136.205630    -2.472821
 3         0.205242    -2.472821  -129.537763

 Spin-squared expectation <S^2>:         0.000
 Total spin quantum number S:            0.000
 TOTAL ENERGY:                       -3450.851596067

 --------------------------------------------------------------------------------

 End time:                               Tue Oct 26 09:22:13 2021
 Total wall-clock time:                 86.702 seconds
==================================================================================
