
================================================================================
          _____________ ________ _______________ ________     _________         
         / ___________// ______ \\_____   _____// ______ \   / ________)        
        / /_________  / /      \ \     | |     / /      \ \ | (_______          
       |  __________|| |        | |    | |    | |        | | \________ \        
        \ \_________ | |        | |    | |     \ \______/ /___________) |       
         \__________||_|        |_|    |_|      \________//____________/        
                                                                                
====================================[ Qcore ]===================================

 Git describe: 2.3.0-1-g21d9df7e5
 Compiler:     GNU 9.1.0
 Build type:   Release
 Version:      2.3.0-1-g21d9df7e5

 Start time:   Tue Oct 26 09:21:42 2021

 Data directory: /work/zw18965/.local/qcore/share/entos/qcore/data
 Number of threads: 24
 Number of threads was determined by: command line argument
  - More threads can be used by running 'qcore -n 32'

 --------------------------------------------------------------------------------
                                   command: dft                                  
 --------------------------------------------------------------------------------
 AO basis set:                           def2-tzvppd
 Number of AO basis functions:        1122
 ECP on atom 23 (Au):                    60 electrons

 Formula:                                C16H14O2Cl3Au
 Nuclear charge:                       256.000000000
 Total charge:                           0.000000000
 Number of core electrons:              60
 Number of treated electrons:          196

 Number of alpha electrons:             98
 Number of beta electrons:              98
 Number of unpaired electrons:           0
 Spin:                                   0
 Multiplicity:                           singlet

 Theory:                                 dft
 Exchange-correlation functional:        pbe0
 Method for Coulomb:                     incore_df
 Method for exact exchange:              pre_transformed_df
 Integral threshold:                     1.00e-12
 DF basis set:                           def2-universal-jkfit
 Number of DF basis functions:        2237
 Schwarz screening threshold:            1.00e-10
 Coulomb fitting method:                 Cholesky
 Total number of grid points:       236750
 Method for AO orthogonalization:        symmetric
 Threshold for linear dependence:        1.00e-08
 D3BJ dispersion energy:                -0.051442935

 -------------------------------------
  Running restricted closed-shell SCF 
 -------------------------------------
 Max number of iterations:             128
 Conv. threshold (gradient):             1.00e-05
 Conv. threshold (energy):               1.00e-06
 Interpolation scheme:                   adiis+cdiis
 Initial guess:                          SAD

 ---------------------------------------------------------------
                  energy        change          grad        time
 ---------------------------------------------------------------
   0     -2289.295731144                    3.88e+01        6.03
   1     -2283.374702986      5.92e+00      4.96e+00        4.62
   2     -2281.586984367      1.79e+00      1.09e+01        4.51
   3     -2283.731360132     -2.14e+00      2.42e+00        4.68
   4     -2283.818400917     -8.70e-02      1.52e+00        4.45
   5     -2283.877181614     -5.88e-02      7.53e-01        4.70
   6     -2283.868228738      8.95e-03      1.15e+00        4.91
   7     -2283.896607811     -2.84e-02      7.68e-01        4.77
   8     -2283.901068643     -4.46e-03      6.09e-01        5.04
   9     -2283.906402637     -5.33e-03      1.66e-01        5.06
  10     -2283.905602172      8.00e-04      2.70e-01        5.02
  11     -2283.906841380     -1.24e-03      5.75e-02        5.21
  12     -2283.906824952      1.64e-05      6.60e-02        5.48
  13     -2283.906894920     -7.00e-05      3.27e-04        5.00
  14     -2283.906894924     -3.61e-09      1.07e-04        4.49
  15     -2283.906894925     -1.03e-09      3.78e-05        4.80
  16     -2283.906894925     -6.50e-11      3.12e-05        4.80
  17     -2283.906894925     -4.00e-11      1.44e-05        4.81
  18     -2283.906894925     -1.82e-12      4.70e-06        4.83

 SCF converged in 18 iterations.

 Dipole moment (in Debye):             -13.103602       0.603185       1.500893

 Quadrupole moment (in Debye-Angstrom):
                  1            2            3
 1      -152.121558    23.511197     1.693937
 2        23.511197  -141.894601    -6.440215
 3         1.693937    -6.440215  -175.639345

 Spin-squared expectation <S^2>:         0.000
 Total spin quantum number S:            0.000
 TOTAL ENERGY:                       -2283.906894925

 --------------------------------------------------------------------------------

 End time:                               Tue Oct 26 09:24:06 2021
 Total wall-clock time:                144.370 seconds
==================================================================================
