
================================================================================
          _____________ ________ _______________ ________     _________         
         / ___________// ______ \\_____   _____// ______ \   / ________)        
        / /_________  / /      \ \     | |     / /      \ \ | (_______          
       |  __________|| |        | |    | |    | |        | | \________ \        
        \ \_________ | |        | |    | |     \ \______/ /___________) |       
         \__________||_|        |_|    |_|      \________//____________/        
                                                                                
====================================[ Qcore ]===================================

 Git describe: 2.3.0-1-g21d9df7e5
 Compiler:     GNU 9.1.0
 Build type:   Release
 Version:      2.3.0-1-g21d9df7e5

 Start time:   Tue Oct 26 09:22:41 2021

 Data directory: /work/zw18965/.local/qcore/share/entos/qcore/data
 Number of threads: 24
 Number of threads was determined by: command line argument

 --------------------------------------------------------------------------------
                                   command: dft                                  
 --------------------------------------------------------------------------------
 AO basis set:                           def2-tzvppd
 Number of AO basis functions:         869
 ECP on atom 25 (Au):                    60 electrons

 Formula:                                C9H12O3Cl3Au
 Nuclear charge:                       220.000000000
 Total charge:                           0.000000000
 Number of core electrons:              60
 Number of treated electrons:          160

 Number of alpha electrons:             80
 Number of beta electrons:              80
 Number of unpaired electrons:           0
 Spin:                                   0
 Multiplicity:                           singlet

 Theory:                                 dft
 Exchange-correlation functional:        pbe0
 Method for Coulomb:                     incore_df
 Method for exact exchange:              pre_transformed_df
 Integral threshold:                     1.00e-12
 DF basis set:                           def2-universal-jkfit
 Number of DF basis functions:        1753
 Schwarz screening threshold:            1.00e-10
 Coulomb fitting method:                 Cholesky
 Total number of grid points:       184314
 Method for AO orthogonalization:        symmetric
 Threshold for linear dependence:        1.00e-08
 D3BJ dispersion energy:                -0.038190726

 -------------------------------------
  Running restricted closed-shell SCF 
 -------------------------------------
 Max number of iterations:             128
 Conv. threshold (gradient):             1.00e-05
 Conv. threshold (energy):               1.00e-06
 Interpolation scheme:                   adiis+cdiis
 Initial guess:                          SAD

 ---------------------------------------------------------------
                  energy        change          grad        time
 ---------------------------------------------------------------
   0     -2094.461056035                    4.44e+01        3.33
   1     -2090.820025406      3.64e+00      4.96e+00        2.57
   2     -2088.073129414      2.75e+00      1.24e+01        2.38
   3     -2091.065524344     -2.99e+00      3.56e+00        2.46
   4     -2091.301031944     -2.36e-01      2.99e+00        2.45
   5     -2091.266960034      3.41e-02      3.58e+00        2.38
   6     -2091.369626788     -1.03e-01      1.09e+00        2.49
   7     -2091.347082779      2.25e-02      1.52e+00        2.60
   8     -2091.390357680     -4.33e-02      3.90e-01        2.55
   9     -2091.385878322      4.48e-03      7.10e-01        3.14
  10     -2091.392773407     -6.90e-03      1.51e-01        2.76
  11     -2091.392364073      4.09e-04      1.94e-01        2.65
  12     -2091.393150196     -7.86e-04      1.06e-01        2.76
  13     -2091.392971824      1.78e-04      1.71e-01        2.69
  14     -2091.393239229     -2.67e-04      4.43e-02        3.39
  15     -2091.393207365      3.19e-05      5.28e-02        2.92
  16     -2091.393282111     -7.47e-05      7.90e-05        2.48
  17     -2091.393282111     -2.07e-10      3.56e-05        2.41
  18     -2091.393282111     -7.73e-12      1.10e-05        2.97
  19     -2091.393282111     -4.09e-12      4.28e-06        2.49

 SCF converged in 19 iterations.

 Dipole moment (in Debye):              -8.416454       1.759968      -0.507299

 Quadrupole moment (in Debye-Angstrom):
                  1            2            3
 1      -127.728280    10.470028    -1.742215
 2        10.470028  -124.945055    -5.394746
 3        -1.742215    -5.394746  -134.325632

 Spin-squared expectation <S^2>:         0.000
 Total spin quantum number S:            0.000
 TOTAL ENERGY:                       -2091.393282111

 --------------------------------------------------------------------------------

 End time:                               Tue Oct 26 09:24:04 2021
 Total wall-clock time:                 83.637 seconds
==================================================================================
