
================================================================================
          _____________ ________ _______________ ________     _________         
         / ___________// ______ \\_____   _____// ______ \   / ________)        
        / /_________  / /      \ \     | |     / /      \ \ | (_______          
       |  __________|| |        | |    | |    | |        | | \________ \        
        \ \_________ | |        | |    | |     \ \______/ /___________) |       
         \__________||_|        |_|    |_|      \________//____________/        
                                                                                
====================================[ Qcore ]===================================

 Git describe: 2.3.0-1-g21d9df7e5
 Compiler:     GNU 9.1.0
 Build type:   Release
 Version:      2.3.0-1-g21d9df7e5

 Start time:   Tue Oct 26 09:23:30 2021

 Data directory: /work/zw18965/.local/qcore/share/entos/qcore/data
 Number of threads: 24
 Number of threads was determined by: command line argument

 --------------------------------------------------------------------------------
                                   command: dft                                  
 --------------------------------------------------------------------------------
 AO basis set:                           def2-tzvppd
 Number of AO basis functions:         815
 ECP on atom 25 (Au):                    60 electrons

 Formula:                                C9H15O3PAu+
 Nuclear charge:                       187.000000000
 Total charge:                           1.000000000
 Number of core electrons:              60
 Number of treated electrons:          126

 Number of alpha electrons:             63
 Number of beta electrons:              63
 Number of unpaired electrons:           0
 Spin:                                   0
 Multiplicity:                           singlet

 Theory:                                 dft
 Exchange-correlation functional:        pbe0
 Method for Coulomb:                     incore_df
 Method for exact exchange:              pre_transformed_df
 Integral threshold:                     1.00e-12
 DF basis set:                           def2-universal-jkfit
 Number of DF basis functions:        1551
 Schwarz screening threshold:            1.00e-10
 Coulomb fitting method:                 Cholesky
 Total number of grid points:       186852
 Method for AO orthogonalization:        symmetric
 Threshold for linear dependence:        1.00e-08
 D3BJ dispersion energy:                -0.031444111

 -------------------------------------
  Running restricted closed-shell SCF 
 -------------------------------------
 Max number of iterations:             128
 Conv. threshold (gradient):             1.00e-05
 Conv. threshold (energy):               1.00e-06
 Interpolation scheme:                   adiis+cdiis
 Initial guess:                          SAD

 ---------------------------------------------------------------
                  energy        change          grad        time
 ---------------------------------------------------------------
   0     -1057.376769016                    2.93e+01        2.53
   1     -1053.694476110      3.68e+00      2.70e+00        1.91
   2     -1053.210374745      4.84e-01      6.69e+00        1.89
   3     -1053.975996945     -7.66e-01      6.83e-01        1.78
   4     -1053.957338438      1.87e-02      9.89e-01        1.84
   5     -1054.004023175     -4.67e-02      1.94e-01        1.81
   6     -1054.002549147      1.47e-03      3.80e-01        1.85
   7     -1054.005273206     -2.72e-03      4.57e-02        1.86
   8     -1054.005219814      5.34e-05      6.33e-02        1.69
   9     -1054.005379533     -1.60e-04      1.10e-03        1.65
  10     -1054.005379572     -3.84e-08      5.25e-04        1.63
  11     -1054.005379579     -7.24e-09      1.03e-04        1.86
  12     -1054.005379579     -2.79e-10      5.15e-05        1.78
  13     -1054.005379579     -6.48e-11      2.85e-05        1.77
  14     -1054.005379579     -1.59e-11      8.17e-06        2.31

 SCF converged in 14 iterations.

 Dipole moment (in Debye):               6.374962      -0.086759       0.422038

 Quadrupole moment (in Debye-Angstrom):
                  1            2            3
 1       -24.221086    -6.942493    -0.848032
 2        -6.942493   -97.761845    -0.329627
 3        -0.848032    -0.329627   -97.562166

 Spin-squared expectation <S^2>:         0.000
 Total spin quantum number S:            0.000
 TOTAL ENERGY:                       -1054.005379579

 --------------------------------------------------------------------------------

 End time:                               Tue Oct 26 09:24:26 2021
 Total wall-clock time:                 55.152 seconds
==================================================================================
