
================================================================================
          _____________ ________ _______________ ________     _________         
         / ___________// ______ \\_____   _____// ______ \   / ________)        
        / /_________  / /      \ \     | |     / /      \ \ | (_______          
       |  __________|| |        | |    | |    | |        | | \________ \        
        \ \_________ | |        | |    | |     \ \______/ /___________) |       
         \__________||_|        |_|    |_|      \________//____________/        
                                                                                
====================================[ Qcore ]===================================

 Git describe: 2.3.0-1-g21d9df7e5
 Compiler:     GNU 9.1.0
 Build type:   Release
 Version:      2.3.0-1-g21d9df7e5

 Start time:   Tue Oct 26 09:22:28 2021

 Data directory: /work/zw18965/.local/qcore/share/entos/qcore/data
 Number of threads: 24
 Number of threads was determined by: command line argument
  - More threads can be used by running 'qcore -n 32'

 --------------------------------------------------------------------------------
                                   command: dft                                  
 --------------------------------------------------------------------------------
 AO basis set:                           def2-tzvppd
 Number of AO basis functions:         621
 ECP on atom 1 (Ir):                     60 electrons

 Formula:                                C7H15PIr+
 Nuclear charge:                       149.000000000
 Total charge:                           1.000000000
 Number of core electrons:              60
 Number of treated electrons:           88

 Number of alpha electrons:             44
 Number of beta electrons:              44
 Number of unpaired electrons:           0
 Spin:                                   0
 Multiplicity:                           singlet

 Theory:                                 dft
 Exchange-correlation functional:        pbe0
 Method for Coulomb:                     incore_df
 Method for exact exchange:              pre_transformed_df
 Integral threshold:                     1.00e-12
 DF basis set:                           def2-universal-jkfit
 Number of DF basis functions:        1150
 Schwarz screening threshold:            1.00e-10
 Coulomb fitting method:                 Cholesky
 Total number of grid points:       152420
 Method for AO orthogonalization:        symmetric
 Threshold for linear dependence:        1.00e-08
 D3BJ dispersion energy:                -0.028184558

 -------------------------------------
  Running restricted closed-shell SCF 
 -------------------------------------
 Max number of iterations:             128
 Conv. threshold (gradient):             1.00e-05
 Conv. threshold (energy):               1.00e-06
 Interpolation scheme:                   adiis+cdiis
 Initial guess:                          SAD

 ---------------------------------------------------------------
                  energy        change          grad        time
 ---------------------------------------------------------------
   0      -723.204543921                    1.71e+02        1.04
   1      -720.700906179      2.50e+00      2.80e+00        0.83
   2      -720.107931008      5.93e-01      8.18e+00        0.82
   3      -720.892531997     -7.85e-01      1.04e+00        0.82
   4      -720.902357991     -9.83e-03      9.25e-01        0.83
   5      -720.923291351     -2.09e-02      9.23e-01        0.82
   6      -720.893812667      2.95e-02      2.03e+00        0.83
   7      -720.928115232     -3.43e-02      5.53e-01        0.85
   8      -720.930989527     -2.87e-03      1.23e-01        0.86
   9      -720.930910187      7.93e-05      1.23e-01        0.88
  10      -720.931285695     -3.76e-04      5.45e-02        0.92
  11      -720.931077643      2.08e-04      1.60e-01        0.96
  12      -720.931316963     -2.39e-04      1.54e-04        0.90
  13      -720.931316963     -4.79e-10      4.19e-05        0.82
  14      -720.931316963     -4.80e-11      1.47e-05        0.84
  15      -720.931316963     -1.14e-11      7.84e-06        0.83

 SCF converged in 15 iterations.

 Dipole moment (in Debye):               0.917429       0.268420       1.539155

 Quadrupole moment (in Debye-Angstrom):
                  1            2            3
 1       -61.804589    -0.581002     4.069513
 2        -0.581002   -67.855890    -1.522140
 3         4.069513    -1.522140   -68.491153

 Spin-squared expectation <S^2>:         0.000
 Total spin quantum number S:            0.000
 TOTAL ENERGY:                        -720.931316963

 --------------------------------------------------------------------------------

 End time:                               Tue Oct 26 09:22:56 2021
 Total wall-clock time:                 27.973 seconds
==================================================================================
