
================================================================================
          _____________ ________ _______________ ________     _________         
         / ___________// ______ \\_____   _____// ______ \   / ________)        
        / /_________  / /      \ \     | |     / /      \ \ | (_______          
       |  __________|| |        | |    | |    | |        | | \________ \        
        \ \_________ | |        | |    | |     \ \______/ /___________) |       
         \__________||_|        |_|    |_|      \________//____________/        
                                                                                
====================================[ Qcore ]===================================

 Git describe: 2.3.0-1-g21d9df7e5
 Compiler:     GNU 9.1.0
 Build type:   Release
 Version:      2.3.0-1-g21d9df7e5

 Start time:   Tue Oct 26 09:24:29 2021

 Data directory: /work/zw18965/.local/qcore/share/entos/qcore/data
 Number of threads: 24
 Number of threads was determined by: command line argument

 --------------------------------------------------------------------------------
                                   command: dft                                  
 --------------------------------------------------------------------------------
 AO basis set:                           def2-tzvppd
 Number of AO basis functions:         621
 ECP on atom 1 (Ir):                     60 electrons

 Formula:                                C7H15PIr+
 Nuclear charge:                       149.000000000
 Total charge:                           1.000000000
 Number of core electrons:              60
 Number of treated electrons:           88

 Number of alpha electrons:             44
 Number of beta electrons:              44
 Number of unpaired electrons:           0
 Spin:                                   0
 Multiplicity:                           singlet

 Theory:                                 dft
 Exchange-correlation functional:        pbe0
 Method for Coulomb:                     incore_df
 Method for exact exchange:              pre_transformed_df
 Integral threshold:                     1.00e-12
 DF basis set:                           def2-universal-jkfit
 Number of DF basis functions:        1150
 Schwarz screening threshold:            1.00e-10
 Coulomb fitting method:                 Cholesky
 Total number of grid points:       152420
 Method for AO orthogonalization:        symmetric
 Threshold for linear dependence:        1.00e-08
 D3BJ dispersion energy:                -0.027455096

 -------------------------------------
  Running restricted closed-shell SCF 
 -------------------------------------
 Max number of iterations:             128
 Conv. threshold (gradient):             1.00e-05
 Conv. threshold (energy):               1.00e-06
 Interpolation scheme:                   adiis+cdiis
 Initial guess:                          SAD

 ---------------------------------------------------------------
                  energy        change          grad        time
 ---------------------------------------------------------------
   0      -723.192561258                    1.62e+02        1.01
   1      -720.707980310      2.48e+00      2.87e+00        0.80
   2      -720.083651020      6.24e-01      7.65e+00        0.79
   3      -720.903496977     -8.20e-01      1.18e+00        0.78
   4      -720.909479625     -5.98e-03      1.08e+00        0.78
   5      -720.928833040     -1.94e-02      1.26e+00        0.76
   6      -720.924460929      4.37e-03      1.41e+00        0.83
   7      -720.944262280     -1.98e-02      2.00e-01        0.79
   8      -720.941891295      2.37e-03      3.85e-01        0.82
   9      -720.945158851     -3.27e-03      8.38e-02        0.85
  10      -720.945155802      3.05e-06      1.01e-01        0.89
  11      -720.945334694     -1.79e-04      5.87e-04        0.84
  12      -720.945334699     -5.13e-09      3.77e-04        0.82
  13      -720.945334703     -3.40e-09      8.14e-05        0.76
  14      -720.945334703     -1.51e-10      2.09e-05        0.80
  15      -720.945334703     -1.94e-11      9.06e-06        0.76

 SCF converged in 15 iterations.

 Dipole moment (in Debye):              -0.633460      -0.569999      -1.739628

 Quadrupole moment (in Debye-Angstrom):
                  1            2            3
 1       -62.416330     2.354202     3.074494
 2         2.354202   -63.431695    -1.080639
 3         3.074494    -1.080639   -70.656955

 Spin-squared expectation <S^2>:         0.000
 Total spin quantum number S:            0.000
 TOTAL ENERGY:                        -720.945334703

 --------------------------------------------------------------------------------

 End time:                               Tue Oct 26 09:24:56 2021
 Total wall-clock time:                 27.296 seconds
==================================================================================
