
================================================================================
          _____________ ________ _______________ ________     _________         
         / ___________// ______ \\_____   _____// ______ \   / ________)        
        / /_________  / /      \ \     | |     / /      \ \ | (_______          
       |  __________|| |        | |    | |    | |        | | \________ \        
        \ \_________ | |        | |    | |     \ \______/ /___________) |       
         \__________||_|        |_|    |_|      \________//____________/        
                                                                                
====================================[ Qcore ]===================================

 Git describe: 2.3.0-1-g21d9df7e5
 Compiler:     GNU 9.1.0
 Build type:   Release
 Version:      2.3.0-1-g21d9df7e5

 Start time:   Tue Oct 26 09:24:18 2021

 Data directory: /work/zw18965/.local/qcore/share/entos/qcore/data
 Number of threads: 24
 Number of threads was determined by: command line argument
  - More threads can be used by running 'qcore -n 32'

 --------------------------------------------------------------------------------
                                   command: dft                                  
 --------------------------------------------------------------------------------
 AO basis set:                           def2-tzvppd
 Number of AO basis functions:          67

 Formula:                                Cr
 Nuclear charge:                        24.000000000
 Total charge:                           0.000000000
 Number of electrons:                   24.000000000

 Number of alpha electrons:             15
 Number of beta electrons:               9
 Number of unpaired electrons:           6
 Spin:                                   6
 Multiplicity:                           octet

 Theory:                                 dft
 Exchange-correlation functional:        pbe0
 Method for Coulomb:                     incore_df
 Method for exact exchange:              pre_transformed_df
 Integral threshold:                     1.00e-12
 DF basis set:                           def2-universal-jkfit
 Number of DF basis functions:         264
 Schwarz screening threshold:            1.00e-10
 Coulomb fitting method:                 Cholesky
 Total number of grid points:         7828
 Method for AO orthogonalization:        symmetric
 Threshold for linear dependence:        1.00e-08
 D3BJ dispersion energy:                 0.000000000

 -------------------------------------
  Running unrestricted open-shell SCF 
 -------------------------------------
 Max number of iterations:             128
 Conv. threshold (gradient):             1.00e-05
 Conv. threshold (energy):               1.00e-06
 Interpolation scheme:                   adiis+cdiis
 Initial guess:                          SAD

 ---------------------------------------------------------------
                  energy        change          grad        time
 ---------------------------------------------------------------
   0     -1043.806461055                    3.29e-02        0.01
   1     -1044.139109695     -3.33e-01      2.61e-01        0.01
   2     -1044.063744186      7.54e-02      3.56e-01        0.01
   3     -1044.222937387     -1.59e-01      4.50e-02        0.01
   4     -1044.217475990      5.46e-03      8.67e-02        0.01
   5     -1044.225797949     -8.32e-03      4.08e-03        0.01
   6     -1044.225818092     -2.01e-05      1.32e-04        0.01
   7     -1044.225818127     -3.49e-08      2.08e-05        0.01
   8     -1044.225818128     -6.94e-10      1.19e-06        0.01

 SCF converged in 8 iterations.

 Dipole moment (in Debye):              -0.000001      -0.000001      -0.000001

 Quadrupole moment (in Debye-Angstrom):
                  1            2            3
 1       -16.626635     0.000000     0.000000
 2         0.000000   -16.626635     0.000000
 3         0.000000     0.000000   -16.626635

 Spin-squared expectation <S^2>:        12.000
 Total spin quantum number S:            3.000
 TOTAL ENERGY:                       -1044.225818128

 --------------------------------------------------------------------------------

 End time:                               Tue Oct 26 09:24:18 2021
 Total wall-clock time:                  0.573 seconds
==================================================================================
