
================================================================================
          _____________ ________ _______________ ________     _________         
         / ___________// ______ \\_____   _____// ______ \   / ________)        
        / /_________  / /      \ \     | |     / /      \ \ | (_______          
       |  __________|| |        | |    | |    | |        | | \________ \        
        \ \_________ | |        | |    | |     \ \______/ /___________) |       
         \__________||_|        |_|    |_|      \________//____________/        
                                                                                
====================================[ Qcore ]===================================

 Git describe: 2.3.0-1-g21d9df7e5
 Compiler:     GNU 9.1.0
 Build type:   Release
 Version:      2.3.0-1-g21d9df7e5

 Start time:   Tue Oct 26 09:25:07 2021

 Data directory: /work/zw18965/.local/qcore/share/entos/qcore/data
 Number of threads: 24
 Number of threads was determined by: command line argument

 --------------------------------------------------------------------------------
                                   command: dft                                  
 --------------------------------------------------------------------------------
 AO basis set:                           def2-tzvppd
 Number of AO basis functions:          67

 Formula:                                V
 Nuclear charge:                        23.000000000
 Total charge:                           0.000000000
 Number of electrons:                   23.000000000

 Number of alpha electrons:             13
 Number of beta electrons:              10
 Number of unpaired electrons:           3
 Spin:                                   3
 Multiplicity:                           quartet

 Theory:                                 dft
 Exchange-correlation functional:        pbe0
 Method for Coulomb:                     incore_df
 Method for exact exchange:              pre_transformed_df
 Integral threshold:                     1.00e-12
 DF basis set:                           def2-universal-jkfit
 Number of DF basis functions:         264
 Schwarz screening threshold:            1.00e-10
 Coulomb fitting method:                 Cholesky
 Total number of grid points:         7852
 Method for AO orthogonalization:        symmetric
 Threshold for linear dependence:        1.00e-08
 D3BJ dispersion energy:                 0.000000000

 -------------------------------------
  Running unrestricted open-shell SCF 
 -------------------------------------
 Max number of iterations:             128
 Conv. threshold (gradient):             1.00e-05
 Conv. threshold (energy):               1.00e-06
 Interpolation scheme:                   adiis+cdiis
 Initial guess:                          SAD

 ---------------------------------------------------------------
                  energy        change          grad        time
 ---------------------------------------------------------------
   0      -943.381956092                    2.19e-02        0.01
   1      -943.453789122     -7.18e-02      6.85e-01        0.01
   2      -942.557895184      8.96e-01      1.26e+00        0.01
   3      -943.606199096     -1.05e+00      3.24e-01        0.01
   4      -943.661766106     -5.56e-02      8.01e-02        0.01
   5      -943.659771681      1.99e-03      1.05e-01        0.01
   6      -943.665081271     -5.31e-03      8.89e-03        0.01
   7      -943.665462559     -3.81e-04      1.21e-02        0.01
   8      -943.664901872      5.61e-04      3.76e-03        0.01
   9      -943.664874429      2.74e-05      2.11e-03        0.01
  10      -943.664889737     -1.53e-05      2.12e-03        0.01
  11      -943.664886543      3.19e-06      1.98e-03        0.01
  12      -943.664851531      3.50e-05      1.12e-03        0.01
  13      -943.664851849     -3.18e-07      3.79e-04        0.01
  14      -943.664852181     -3.32e-07      3.21e-04        0.01
  15      -943.664851608      5.73e-07      2.93e-04        0.01
  16      -943.664851510      9.87e-08      2.57e-04        0.01
  17      -943.664851538     -2.87e-08      2.52e-04        0.01
  18      -943.664850106      1.43e-06      1.69e-04        0.01
  19      -943.664849328      7.78e-07      6.22e-05        0.01
  20      -943.664849291      3.70e-08      1.87e-05        0.01
  21      -943.664849287      3.24e-09      1.08e-05        0.01
  22      -943.664849287      4.59e-10      5.19e-06        0.01

 SCF converged in 22 iterations.

 Dipole moment (in Debye):              -0.000001      -0.000000      -0.000000

 Quadrupole moment (in Debye-Angstrom):
                  1            2            3
 1       -18.582523    -0.064035    -0.153604
 2        -0.064035   -18.560455    -0.133530
 3        -0.153604    -0.133530   -18.761876

 Spin-squared expectation <S^2>:         4.747
 Total spin quantum number S:            1.735
 TOTAL ENERGY:                        -943.664849287

 --------------------------------------------------------------------------------

 End time:                               Tue Oct 26 09:25:08 2021
 Total wall-clock time:                  0.722 seconds
==================================================================================
