
================================================================================
          _____________ ________ _______________ ________     _________         
         / ___________// ______ \\_____   _____// ______ \   / ________)        
        / /_________  / /      \ \     | |     / /      \ \ | (_______          
       |  __________|| |        | |    | |    | |        | | \________ \        
        \ \_________ | |        | |    | |     \ \______/ /___________) |       
         \__________||_|        |_|    |_|      \________//____________/        
                                                                                
====================================[ Qcore ]===================================

 Git describe: 2.3.0-1-g21d9df7e5
 Compiler:     GNU 9.1.0
 Build type:   Release
 Version:      2.3.0-1-g21d9df7e5

 Start time:   Tue Oct 26 09:25:10 2021

 Data directory: /work/zw18965/.local/qcore/share/entos/qcore/data
 Number of threads: 24
 Number of threads was determined by: command line argument

 --------------------------------------------------------------------------------
                                   command: dft                                  
 --------------------------------------------------------------------------------
 AO basis set:                           def2-tzvppd
 Number of AO basis functions:          67

 Formula:                                Mn
 Nuclear charge:                        25.000000000
 Total charge:                           0.000000000
 Number of electrons:                   25.000000000

 Number of alpha electrons:             15
 Number of beta electrons:              10
 Number of unpaired electrons:           5
 Spin:                                   5
 Multiplicity:                           septet

 Theory:                                 dft
 Exchange-correlation functional:        pbe0
 Method for Coulomb:                     incore_df
 Method for exact exchange:              pre_transformed_df
 Integral threshold:                     1.00e-12
 DF basis set:                           def2-universal-jkfit
 Number of DF basis functions:         264
 Schwarz screening threshold:            1.00e-10
 Coulomb fitting method:                 Cholesky
 Total number of grid points:         7936
 Method for AO orthogonalization:        symmetric
 Threshold for linear dependence:        1.00e-08
 D3BJ dispersion energy:                 0.000000000

 -------------------------------------
  Running unrestricted open-shell SCF 
 -------------------------------------
 Max number of iterations:             128
 Conv. threshold (gradient):             1.00e-05
 Conv. threshold (energy):               1.00e-06
 Interpolation scheme:                   adiis+cdiis
 Initial guess:                          SAD

 ---------------------------------------------------------------
                  energy        change          grad        time
 ---------------------------------------------------------------
   0     -1150.304446561                    4.09e-02        0.01
   1     -1150.686489592     -3.82e-01      1.80e-01        0.01
   2     -1150.417552817      2.69e-01      6.46e-01        0.01
   3     -1150.664044608     -2.46e-01      3.51e-01        0.01
   4     -1150.729867207     -6.58e-02      6.23e-02        0.01
   5     -1150.736854032     -6.99e-03      1.06e-01        0.01
   6     -1150.745738176     -8.88e-03      8.06e-02        0.01
   7     -1150.749265455     -3.53e-03      7.31e-02        0.01
   8     -1150.760649840     -1.14e-02      1.68e-02        0.01
   9     -1150.761804698     -1.15e-03      1.16e-02        0.01
  10     -1150.761880508     -7.58e-05      9.05e-03        0.01
  11     -1150.761954247     -7.37e-05      3.42e-03        0.01
  12     -1150.761979804     -2.56e-05      3.62e-04        0.01
  13     -1150.761979946     -1.42e-07      4.87e-05        0.01
  14     -1150.761979949     -2.53e-09      1.99e-05        0.01
  15     -1150.761979949     -4.18e-10      1.21e-05        0.01
  16     -1150.761979950     -3.49e-10      4.21e-06        0.01

 SCF converged in 16 iterations.

 Dipole moment (in Debye):              -0.000000      -0.000000      -0.000000

 Quadrupole moment (in Debye-Angstrom):
                  1            2            3
 1       -18.444981    -0.000003    -0.000000
 2        -0.000003   -18.444981    -0.000000
 3        -0.000000    -0.000000   -18.445018

 Spin-squared expectation <S^2>:         8.761
 Total spin quantum number S:            2.502
 TOTAL ENERGY:                       -1150.761979950

 --------------------------------------------------------------------------------

 End time:                               Tue Oct 26 09:25:10 2021
 Total wall-clock time:                  0.626 seconds
==================================================================================
