
================================================================================
          _____________ ________ _______________ ________     _________         
         / ___________// ______ \\_____   _____// ______ \   / ________)        
        / /_________  / /      \ \     | |     / /      \ \ | (_______          
       |  __________|| |        | |    | |    | |        | | \________ \        
        \ \_________ | |        | |    | |     \ \______/ /___________) |       
         \__________||_|        |_|    |_|      \________//____________/        
                                                                                
====================================[ Qcore ]===================================

 Git describe: 2.3.0-1-g21d9df7e5
 Compiler:     GNU 9.1.0
 Build type:   Release
 Version:      2.3.0-1-g21d9df7e5

 Start time:   Tue Oct 26 09:23:00 2021

 Data directory: /work/zw18965/.local/qcore/share/entos/qcore/data
 Number of threads: 24
 Number of threads was determined by: command line argument
  - More threads can be used by running 'qcore -n 32'

 --------------------------------------------------------------------------------
                                   command: dft                                  
 --------------------------------------------------------------------------------
 AO basis set:                           def2-tzvppd
 Number of AO basis functions:         124

 Formula:                                TiBr
 Nuclear charge:                        57.000000000
 Total charge:                           0.000000000
 Number of electrons:                   57.000000000

 Number of alpha electrons:             30
 Number of beta electrons:              27
 Number of unpaired electrons:           3
 Spin:                                   3
 Multiplicity:                           quartet

 Theory:                                 dft
 Exchange-correlation functional:        pbe0
 Method for Coulomb:                     incore_df
 Method for exact exchange:              pre_transformed_df
 Integral threshold:                     1.00e-12
 DF basis set:                           def2-universal-jkfit
 Number of DF basis functions:         530
 Schwarz screening threshold:            1.00e-10
 Coulomb fitting method:                 Cholesky
 Total number of grid points:        15956
 Method for AO orthogonalization:        symmetric
 Threshold for linear dependence:        1.00e-08
 D3BJ dispersion energy:                -0.001422730

 -------------------------------------
  Running unrestricted open-shell SCF 
 -------------------------------------
 Max number of iterations:             128
 Conv. threshold (gradient):             1.00e-05
 Conv. threshold (energy):               1.00e-06
 Interpolation scheme:                   adiis+cdiis
 Initial guess:                          SAD

 ---------------------------------------------------------------
                  energy        change          grad        time
 ---------------------------------------------------------------
   0     -3423.043161797                    2.51e+00        0.04
   1     -3423.082790286     -3.96e-02      1.57e-01        0.03
   2     -3423.078168671      4.62e-03      2.13e-01        0.03
   3     -3423.100520218     -2.24e-02      8.99e-02        0.03
   4     -3423.096625456      3.89e-03      1.37e-01        0.03
   5     -3423.104181805     -7.56e-03      6.16e-03        0.03
   6     -3423.104249629     -6.78e-05      5.40e-03        0.03
   7     -3423.104294868     -4.52e-05      3.39e-03        0.03
   8     -3423.104320912     -2.60e-05      1.06e-03        0.03
   9     -3423.104325100     -4.19e-06      3.62e-04        0.03
  10     -3423.104325321     -2.21e-07      9.21e-05        0.03
  11     -3423.104325334     -1.35e-08      2.34e-05        0.03
  12     -3423.104325335     -7.19e-10      1.02e-05        0.03
  13     -3423.104325335     -2.10e-10      8.31e-06        0.03

 SCF converged in 13 iterations.

 Dipole moment (in Debye):               0.000153       0.000153      -5.189353

 Quadrupole moment (in Debye-Angstrom):
                  1            2            3
 1       -36.778493     0.000029    -0.000446
 2         0.000029   -36.778493    -0.000446
 3        -0.000446    -0.000446   -25.678716

 Spin-squared expectation <S^2>:         3.759
 Total spin quantum number S:            1.502
 TOTAL ENERGY:                       -3423.104325335

 --------------------------------------------------------------------------------

 End time:                               Tue Oct 26 09:23:02 2021
 Total wall-clock time:                  1.909 seconds
==================================================================================
