
================================================================================
          _____________ ________ _______________ ________     _________         
         / ___________// ______ \\_____   _____// ______ \   / ________)        
        / /_________  / /      \ \     | |     / /      \ \ | (_______          
       |  __________|| |        | |    | |    | |        | | \________ \        
        \ \_________ | |        | |    | |     \ \______/ /___________) |       
         \__________||_|        |_|    |_|      \________//____________/        
                                                                                
====================================[ Qcore ]===================================

 Git describe: 2.3.0-1-g21d9df7e5
 Compiler:     GNU 9.1.0
 Build type:   Release
 Version:      2.3.0-1-g21d9df7e5

 Start time:   Tue Oct 26 09:25:15 2021

 Data directory: /work/zw18965/.local/qcore/share/entos/qcore/data
 Number of threads: 24
 Number of threads was determined by: command line argument

 --------------------------------------------------------------------------------
                                   command: dft                                  
 --------------------------------------------------------------------------------
 AO basis set:                           def2-tzvppd
 Number of AO basis functions:         107

 Formula:                                OV
 Nuclear charge:                        31.000000000
 Total charge:                           0.000000000
 Number of electrons:                   31.000000000

 Number of alpha electrons:             17
 Number of beta electrons:              14
 Number of unpaired electrons:           3
 Spin:                                   3
 Multiplicity:                           quartet

 Theory:                                 dft
 Exchange-correlation functional:        pbe0
 Method for Coulomb:                     incore_df
 Method for exact exchange:              pre_transformed_df
 Integral threshold:                     1.00e-12
 DF basis set:                           def2-universal-jkfit
 Number of DF basis functions:         341
 Schwarz screening threshold:            1.00e-10
 Coulomb fitting method:                 Cholesky
 Total number of grid points:        14796
 Method for AO orthogonalization:        symmetric
 Threshold for linear dependence:        1.00e-08
 D3BJ dispersion energy:                -0.000624499

 -------------------------------------
  Running unrestricted open-shell SCF 
 -------------------------------------
 Max number of iterations:             128
 Conv. threshold (gradient):             1.00e-05
 Conv. threshold (energy):               1.00e-06
 Interpolation scheme:                   adiis+cdiis
 Initial guess:                          SAD

 ---------------------------------------------------------------
                  energy        change          grad        time
 ---------------------------------------------------------------
   0     -1018.635886806                    2.08e+00        0.02
   1     -1018.286499722      3.49e-01      1.25e+00        0.02
   2     -1003.929489266      1.44e+01      9.29e+00        0.02
   3     -1016.122179551     -1.22e+01      2.61e+00        0.02
   4     -1018.865639469     -2.74e+00      4.55e-01        0.02
   5     -1018.842052077      2.36e-02      5.63e-01        0.02
   6     -1018.943736666     -1.02e-01      5.41e-02        0.02
   7     -1018.933827934      9.91e-03      1.71e-01        0.02
   8     -1018.944828923     -1.10e-02      6.42e-03        0.02
   9     -1018.944920913     -9.20e-05      6.19e-03        0.02
  10     -1018.944945296     -2.44e-05      3.92e-03        0.02
  11     -1018.944951134     -5.84e-06      4.14e-04        0.02
  12     -1018.944951357     -2.23e-07      3.69e-04        0.02
  13     -1018.944951419     -6.20e-08      1.59e-04        0.02
  14     -1018.944951430     -1.06e-08      2.10e-05        0.02
  15     -1018.944951430     -1.87e-10      7.24e-06        0.02

 SCF converged in 15 iterations.

 Dipole moment (in Debye):              -0.000003      -0.000003       3.837604

 Quadrupole moment (in Debye-Angstrom):
                  1            2            3
 1       -21.594586    -0.000000    -0.000002
 2        -0.000000   -21.594586    -0.000002
 3        -0.000002    -0.000002   -23.128927

 Spin-squared expectation <S^2>:         3.821
 Total spin quantum number S:            1.518
 TOTAL ENERGY:                       -1018.944951430

 --------------------------------------------------------------------------------

 End time:                               Tue Oct 26 09:25:16 2021
 Total wall-clock time:                  1.118 seconds
==================================================================================
