
================================================================================
          _____________ ________ _______________ ________     _________         
         / ___________// ______ \\_____   _____// ______ \   / ________)        
        / /_________  / /      \ \     | |     / /      \ \ | (_______          
       |  __________|| |        | |    | |    | |        | | \________ \        
        \ \_________ | |        | |    | |     \ \______/ /___________) |       
         \__________||_|        |_|    |_|      \________//____________/        
                                                                                
====================================[ Qcore ]===================================

 Git describe: 2.3.0-1-g21d9df7e5
 Compiler:     GNU 9.1.0
 Build type:   Release
 Version:      2.3.0-1-g21d9df7e5

 Start time:   Tue Oct 26 09:24:27 2021

 Data directory: /work/zw18965/.local/qcore/share/entos/qcore/data
 Number of threads: 24
 Number of threads was determined by: command line argument
  - More threads can be used by running 'qcore -n 32'

 --------------------------------------------------------------------------------
                                   command: dft                                  
 --------------------------------------------------------------------------------
 AO basis set:                           def2-tzvppd
 Number of AO basis functions:         118

 Formula:                                ClFe
 Nuclear charge:                        43.000000000
 Total charge:                           0.000000000
 Number of electrons:                   43.000000000

 Number of alpha electrons:             24
 Number of beta electrons:              19
 Number of unpaired electrons:           5
 Spin:                                   5
 Multiplicity:                           septet

 Theory:                                 dft
 Exchange-correlation functional:        pbe0
 Method for Coulomb:                     incore_df
 Method for exact exchange:              pre_transformed_df
 Integral threshold:                     1.00e-12
 DF basis set:                           def2-universal-jkfit
 Number of DF basis functions:         392
 Schwarz screening threshold:            1.00e-10
 Coulomb fitting method:                 Cholesky
 Total number of grid points:        15430
 Method for AO orthogonalization:        symmetric
 Threshold for linear dependence:        1.00e-08
 D3BJ dispersion energy:                -0.001015670

 -------------------------------------
  Running unrestricted open-shell SCF 
 -------------------------------------
 Max number of iterations:             128
 Conv. threshold (gradient):             1.00e-05
 Conv. threshold (energy):               1.00e-06
 Interpolation scheme:                   adiis+cdiis
 Initial guess:                          SAD

 ---------------------------------------------------------------
                  energy        change          grad        time
 ---------------------------------------------------------------
   0     -1723.250597335                    1.80e+00        0.02
   1     -1723.545803683     -2.95e-01      2.08e-01        0.02
   2     -1723.570532178     -2.47e-02      8.21e-02        0.02
   3     -1723.570379034      1.53e-04      9.18e-02        0.02
   4     -1723.575869150     -5.49e-03      2.89e-02        0.02
   5     -1723.576346592     -4.77e-04      5.10e-03        0.02
   6     -1723.576366534     -1.99e-05      2.70e-03        0.02
   7     -1723.576370140     -3.61e-06      5.57e-04        0.02
   8     -1723.576370490     -3.50e-07      1.02e-04        0.02
   9     -1723.576370503     -1.36e-08      3.14e-05        0.02
  10     -1723.576370504     -7.33e-10      6.22e-06        0.02

 SCF converged in 10 iterations.

 Dipole moment (in Debye):               0.000000       0.000000       2.384880

 Quadrupole moment (in Debye-Angstrom):
                  1            2            3
 1       -27.843722     0.000007     0.000001
 2         0.000007   -27.843722     0.000001
 3         0.000001     0.000001   -32.303777

 Spin-squared expectation <S^2>:         8.754
 Total spin quantum number S:            2.501
 TOTAL ENERGY:                       -1723.576370504

 --------------------------------------------------------------------------------

 End time:                               Tue Oct 26 09:24:28 2021
 Total wall-clock time:                  1.107 seconds
==================================================================================
