
================================================================================
          _____________ ________ _______________ ________     _________         
         / ___________// ______ \\_____   _____// ______ \   / ________)        
        / /_________  / /      \ \     | |     / /      \ \ | (_______          
       |  __________|| |        | |    | |    | |        | | \________ \        
        \ \_________ | |        | |    | |     \ \______/ /___________) |       
         \__________||_|        |_|    |_|      \________//____________/        
                                                                                
====================================[ Qcore ]===================================

 Git describe: 2.3.0-1-g21d9df7e5
 Compiler:     GNU 9.1.0
 Build type:   Release
 Version:      2.3.0-1-g21d9df7e5

 Start time:   Tue Oct 26 09:25:17 2021

 Data directory: /work/zw18965/.local/qcore/share/entos/qcore/data
 Number of threads: 24
 Number of threads was determined by: command line argument

 --------------------------------------------------------------------------------
                                   command: dft                                  
 --------------------------------------------------------------------------------
 AO basis set:                           def2-tzvppd
 Number of AO basis functions:         124

 Formula:                                MnBr
 Nuclear charge:                        60.000000000
 Total charge:                           0.000000000
 Number of electrons:                   60.000000000

 Number of alpha electrons:             33
 Number of beta electrons:              27
 Number of unpaired electrons:           6
 Spin:                                   6
 Multiplicity:                           octet

 Theory:                                 dft
 Exchange-correlation functional:        pbe0
 Method for Coulomb:                     incore_df
 Method for exact exchange:              pre_transformed_df
 Integral threshold:                     1.00e-12
 DF basis set:                           def2-universal-jkfit
 Number of DF basis functions:         530
 Schwarz screening threshold:            1.00e-10
 Coulomb fitting method:                 Cholesky
 Total number of grid points:        16100
 Method for AO orthogonalization:        symmetric
 Threshold for linear dependence:        1.00e-08
 D3BJ dispersion energy:                -0.001232084

 -------------------------------------
  Running unrestricted open-shell SCF 
 -------------------------------------
 Max number of iterations:             128
 Conv. threshold (gradient):             1.00e-05
 Conv. threshold (energy):               1.00e-06
 Interpolation scheme:                   adiis+cdiis
 Initial guess:                          SAD

 ---------------------------------------------------------------
                  energy        change          grad        time
 ---------------------------------------------------------------
   0     -3724.326191944                    2.20e+00        0.04
   1     -3724.645291088     -3.19e-01      3.64e-01        0.04
   2     -3724.368739991      2.77e-01      8.33e-01        0.04
   3     -3724.686264188     -3.18e-01      1.41e-01        0.04
   4     -3724.683159247      3.10e-03      2.03e-01        0.04
   5     -3724.700745502     -1.76e-02      1.20e-02        0.04
   6     -3724.700854278     -1.09e-04      8.76e-03        0.04
   7     -3724.700897420     -4.31e-05      1.41e-03        0.04
   8     -3724.700898528     -1.11e-06      3.52e-04        0.04
   9     -3724.700898702     -1.75e-07      1.10e-04        0.04
  10     -3724.700898712     -9.44e-09      3.70e-05        0.04
  11     -3724.700898713     -8.08e-10      4.57e-06        0.04

 SCF converged in 11 iterations.

 Dipole moment (in Debye):               0.000001       0.000001      -3.010244

 Quadrupole moment (in Debye-Angstrom):
                  1            2            3
 1       -34.278237    -0.000000    -0.000000
 2        -0.000000   -34.278237    -0.000000
 3        -0.000000    -0.000000   -36.378285

 Spin-squared expectation <S^2>:        12.005
 Total spin quantum number S:            3.001
 TOTAL ENERGY:                       -3724.700898713

 --------------------------------------------------------------------------------

 End time:                               Tue Oct 26 09:25:19 2021
 Total wall-clock time:                  1.886 seconds
==================================================================================
