
================================================================================
          _____________ ________ _______________ ________     _________         
         / ___________// ______ \\_____   _____// ______ \   / ________)        
        / /_________  / /      \ \     | |     / /      \ \ | (_______          
       |  __________|| |        | |    | |    | |        | | \________ \        
        \ \_________ | |        | |    | |     \ \______/ /___________) |       
         \__________||_|        |_|    |_|      \________//____________/        
                                                                                
====================================[ Qcore ]===================================

 Git describe: 2.3.0-1-g21d9df7e5
 Compiler:     GNU 9.1.0
 Build type:   Release
 Version:      2.3.0-1-g21d9df7e5

 Start time:   Tue Oct 26 09:25:15 2021

 Data directory: /work/zw18965/.local/qcore/share/entos/qcore/data
 Number of threads: 24
 Number of threads was determined by: command line argument

 --------------------------------------------------------------------------------
                                   command: dft                                  
 --------------------------------------------------------------------------------
 AO basis set:                           def2-tzvppd
 Number of AO basis functions:         118

 Formula:                                SCr
 Nuclear charge:                        40.000000000
 Total charge:                           0.000000000
 Number of electrons:                   40.000000000

 Number of alpha electrons:             22
 Number of beta electrons:              18
 Number of unpaired electrons:           4
 Spin:                                   4
 Multiplicity:                           quintet

 Theory:                                 dft
 Exchange-correlation functional:        pbe0
 Method for Coulomb:                     incore_df
 Method for exact exchange:              pre_transformed_df
 Integral threshold:                     1.00e-12
 DF basis set:                           def2-universal-jkfit
 Number of DF basis functions:         392
 Schwarz screening threshold:            1.00e-10
 Coulomb fitting method:                 Cholesky
 Total number of grid points:        15178
 Method for AO orthogonalization:        symmetric
 Threshold for linear dependence:        1.00e-08
 D3BJ dispersion energy:                -0.001417605

 -------------------------------------
  Running unrestricted open-shell SCF 
 -------------------------------------
 Max number of iterations:             128
 Conv. threshold (gradient):             1.00e-05
 Conv. threshold (energy):               1.00e-06
 Interpolation scheme:                   adiis+cdiis
 Initial guess:                          SAD

 ---------------------------------------------------------------
                  energy        change          grad        time
 ---------------------------------------------------------------
   0     -1442.012649089                    1.85e+00        0.03
   1     -1441.549083492      4.64e-01      1.58e+00        0.03
   2     -1427.707561472      1.38e+01      6.14e+00        0.03
   3     -1439.015671209     -1.13e+01      3.69e+00        0.03
   4     -1442.196574813     -3.18e+00      6.02e-01        0.03
   5     -1442.184001575      1.26e-02      7.02e-01        0.03
   6     -1442.302528184     -1.19e-01      4.53e-02        0.03
   7     -1442.304704685     -2.18e-03      9.09e-02        0.03
   8     -1442.307404663     -2.70e-03      6.69e-02        0.03
   9     -1442.309022906     -1.62e-03      4.88e-02        0.03
  10     -1442.310154412     -1.13e-03      3.21e-02        0.03
  11     -1442.310720948     -5.67e-04      4.33e-03        0.03
  12     -1442.310742716     -2.18e-05      1.51e-03        0.03
  13     -1442.310745899     -3.18e-06      8.14e-04        0.03
  14     -1442.310746238     -3.39e-07      7.77e-05        0.03
  15     -1442.310746247     -9.24e-09      3.16e-05        0.03
  16     -1442.310746249     -2.00e-09      1.35e-05        0.03
  17     -1442.310746250     -1.80e-10      4.69e-06        0.03

 SCF converged in 17 iterations.

 Dipole moment (in Debye):               0.000001       0.000001       5.401996

 Quadrupole moment (in Debye-Angstrom):
                  1            2            3
 1       -29.111464    -1.428093    -0.000002
 2        -1.428093   -29.111421    -0.000002
 3        -0.000002    -0.000002   -25.730254

 Spin-squared expectation <S^2>:         6.542
 Total spin quantum number S:            2.106
 TOTAL ENERGY:                       -1442.310746250

 --------------------------------------------------------------------------------

 End time:                               Tue Oct 26 09:25:17 2021
 Total wall-clock time:                  1.299 seconds
==================================================================================
