
================================================================================
          _____________ ________ _______________ ________     _________         
         / ___________// ______ \\_____   _____// ______ \   / ________)        
        / /_________  / /      \ \     | |     / /      \ \ | (_______          
       |  __________|| |        | |    | |    | |        | | \________ \        
        \ \_________ | |        | |    | |     \ \______/ /___________) |       
         \__________||_|        |_|    |_|      \________//____________/        
                                                                                
====================================[ Qcore ]===================================

 Git describe: 2.3.0-3-g778a55bfd
 Compiler:     GNU 9.3.0
 Build type:   Release
 Version:      2.3.0-3-g778a55bfd

 Start time:   Wed Nov  3 11:40:12 2021

 Data directory: /mnt/storage/scratch/zw18965/.local/qcore/share/entos/qcore/data
 Number of threads: 28
 Number of threads was determined by: command line argument

 --------------------------------------------------------------------------------
                                   command: dft                                  
 --------------------------------------------------------------------------------
 AO basis set:                           def2-tzvppd
 Number of AO basis functions:          67

 Formula:                                Fe
 Nuclear charge:                        26.000000000
 Total charge:                           0.000000000
 Number of electrons:                   26.000000000

 Number of alpha electrons:             15
 Number of beta electrons:              11
 Number of unpaired electrons:           4
 Spin:                                   4
 Multiplicity:                           quintet

 Theory:                                 dft
 Exchange-correlation functional:        pbe0
 Method for Coulomb:                     incore_df
 Method for exact exchange:              pre_transformed_df
 Integral threshold:                     1.00e-12
 DF basis set:                           def2-universal-jkfit
 Number of DF basis functions:         264
 Schwarz screening threshold:            1.00e-10
 Coulomb fitting method:                 Cholesky
 Total number of grid points:         7936
 Method for AO orthogonalization:        symmetric
 Threshold for linear dependence:        1.00e-08
 D3BJ dispersion energy:                 0.000000000

 -------------------------------------
  Running unrestricted open-shell SCF 
 -------------------------------------
 Max number of iterations:             128
 Conv. threshold (gradient):             1.00e-05
 Conv. threshold (energy):               1.00e-06
 Interpolation scheme:                   adiis+cdiis
 Initial guess:                          SAD

 ---------------------------------------------------------------
                  energy        change          grad        time
 ---------------------------------------------------------------
   0     -1263.035347856                    2.79e-02        0.01
   1     -1263.355670352     -3.20e-01      3.88e-01        0.01
   2     -1262.583309762      7.72e-01      1.33e+00        0.01
   3     -1263.393633915     -8.10e-01      2.59e-01        0.01
   4     -1263.416195184     -2.26e-02      1.42e-01        0.01
   5     -1263.420317682     -4.12e-03      8.41e-02        0.01
   6     -1263.423183796     -2.87e-03      6.22e-02        0.01
   7     -1263.425674583     -2.49e-03      1.54e-02        0.01
   8     -1263.426860416     -1.19e-03      8.99e-03        0.01
   9     -1263.427291714     -4.31e-04      6.61e-03        0.01
  10     -1263.427429689     -1.38e-04      3.45e-03        0.01
  11     -1263.427492229     -6.25e-05      3.62e-03        0.01
  12     -1263.427519906     -2.77e-05      3.47e-03        0.01
  13     -1263.427450197      6.97e-05      3.92e-03        0.01
  14     -1263.427429800      2.04e-05      2.87e-03        0.01
  15     -1263.427428277      1.52e-06      5.16e-04        0.01
  16     -1263.427428354     -7.67e-08      4.40e-04        0.01
  17     -1263.427428283      7.07e-08      1.47e-04        0.01
  18     -1263.427428308     -2.46e-08      7.81e-05        0.01
  19     -1263.427428326     -1.84e-08      8.70e-05        0.01
  20     -1263.427428275      5.10e-08      5.52e-05        0.01
  21     -1263.427428263      1.19e-08      5.35e-05        0.01
  22     -1263.427428256      7.34e-09      5.66e-05        0.01
  23     -1263.427428259     -2.61e-09      3.26e-05        0.01
  24     -1263.427428261     -2.11e-09      3.02e-05        0.01
  25     -1263.427428263     -2.68e-09      2.81e-05        0.01
  26     -1263.427428266     -2.69e-09      2.77e-05        0.01
  27     -1263.427428268     -2.27e-09      2.76e-05        0.01
  28     -1263.427428267      1.59e-09      2.77e-05        0.01
  29     -1263.427428267     -4.89e-10      2.76e-05        0.01
  30     -1263.427428268     -4.03e-10      2.76e-05        0.01
  31     -1263.427428266      1.28e-09      2.78e-05        0.01
  32     -1263.427428268     -1.83e-09      2.77e-05        0.01
  33     -1263.427428265      3.19e-09      2.79e-05        0.01
  34     -1263.427428259      5.98e-09      2.79e-05        0.01
  35     -1263.427428258      1.07e-09      2.78e-05        0.01
  36     -1263.427428258      4.50e-10      2.78e-05        0.01
  37     -1263.427428254      3.64e-09      2.78e-05        0.01
  38     -1263.427428206      4.84e-08      2.72e-05        0.01
  39     -1263.427428131      7.50e-08      2.71e-05        0.01
  40     -1263.427428084      4.62e-08      2.72e-05        0.01
  41     -1263.427426964      1.12e-06      4.45e-04        0.01
  42     -1263.427426959      4.06e-09      4.61e-04        0.01
  43     -1263.427426637      3.23e-07      7.80e-04        0.01
  44     -1263.427427076     -4.39e-07      3.79e-04        0.01
  45     -1263.427427054      2.22e-08      3.95e-04        0.01
  46     -1263.427427031      2.32e-08      4.13e-04        0.01
  47     -1263.427427046     -1.53e-08      4.07e-04        0.01
  48     -1263.427427053     -7.01e-09      4.06e-04        0.01
  49     -1263.427427514     -4.61e-07      6.65e-05        0.01
  50     -1263.427427342      1.72e-07      9.43e-05        0.01
  51     -1263.427427239      1.02e-07      6.51e-05        0.01
  52     -1263.427426760      4.79e-07      2.46e-04        0.01
  53     -1263.427426753      6.60e-09      1.58e-04        0.01
  54     -1263.427426700      5.35e-08      2.11e-05        0.01
  55     -1263.427426630      6.98e-08      1.17e-04        0.01
  56     -1263.427426627      2.78e-09      1.19e-04        0.01
  57     -1263.427426623      4.17e-09      9.98e-05        0.01
  58     -1263.427426624     -9.38e-10      9.82e-05        0.01
  59     -1263.427426604      1.97e-08      1.75e-04        0.01
  60     -1263.427426658     -5.38e-08      3.51e-05        0.01
  61     -1263.427426642      1.61e-08      5.61e-05        0.01
  62     -1263.427426689     -4.69e-08      1.46e-05        0.01
  63     -1263.427426685      4.03e-09      1.61e-05        0.01
  64     -1263.427426616      6.91e-08      1.79e-05        0.01
  65     -1263.427426579      3.69e-08      2.05e-05        0.01
  66     -1263.427426524      5.45e-08      2.48e-05        0.01
  67     -1263.427426525     -7.38e-10      1.77e-05        0.02
  68     -1263.427426527     -1.98e-09      3.75e-05        0.01
  69     -1263.427426536     -9.06e-09      3.46e-05        0.01
  70     -1263.427426534      2.18e-09      3.87e-05        0.01
  71     -1263.427426534      6.48e-11      4.05e-05        0.01
  72     -1263.427426519      1.53e-08      5.37e-05        0.01
  73     -1263.427426522     -2.84e-09      3.99e-05        0.01
  74     -1263.427426512      9.97e-09      2.07e-05        0.01
  75     -1263.427426519     -6.92e-09      1.16e-05        0.01
  76     -1263.427426519     -4.41e-10      1.14e-05        0.01
  77     -1263.427426519      4.07e-11      1.14e-05        0.01
  78     -1263.427426519      4.77e-12      1.15e-05        0.01
  79     -1263.427426520     -1.31e-09      1.12e-05        0.01
  80     -1263.427426519      9.74e-10      1.14e-05        0.01
  81     -1263.427426522     -2.59e-09      1.14e-05        0.01
  82     -1263.427426514      8.02e-09      1.13e-05        0.01
  83     -1263.427426502      1.23e-08      1.17e-05        0.01
  84     -1263.427426498      3.12e-09      1.13e-05        0.01
  85     -1263.427426499     -7.02e-10      1.12e-05        0.01
  86     -1263.427426497      1.84e-09      1.12e-05        0.01
  87     -1263.427426496      1.67e-09      1.14e-05        0.01
  88     -1263.427426495      4.80e-10      1.14e-05        0.01
  89     -1263.427426495      5.02e-11      1.15e-05        0.01
  90     -1263.427426496     -5.34e-10      1.14e-05        0.01
  91     -1263.427426497     -9.50e-10      1.14e-05        0.01
  92     -1263.427426497     -4.66e-10      1.14e-05        0.01
  93     -1263.427426503     -5.91e-09      1.15e-05        0.01
  94     -1263.427426506     -2.67e-09      1.16e-05        0.01
  95     -1263.427426510     -4.22e-09      1.18e-05        0.01
  96     -1263.427426520     -1.02e-08      1.22e-05        0.01
  97     -1263.427426526     -5.60e-09      1.23e-05        0.01
  98     -1263.427426525      2.60e-10      1.24e-05        0.01
  99     -1263.427426524      1.03e-09      1.21e-05        0.01
 100     -1263.427426525     -4.81e-10      1.21e-05        0.01
 101     -1263.427426526     -9.52e-10      1.21e-05        0.01
 102     -1263.427426527     -8.44e-10      1.21e-05        0.01
 103     -1263.427426526      5.45e-10      1.22e-05        0.01
 104     -1263.427426527     -5.72e-10      1.22e-05        0.01
 105     -1263.427426527     -8.35e-10      1.21e-05        0.01
 106     -1263.427426526      1.90e-09      1.20e-05        0.01
 107     -1263.427426522      3.44e-09      1.20e-05        0.01
 108     -1263.427426529     -7.12e-09      1.21e-05        0.01
 109     -1263.427426544     -1.48e-08      1.15e-05        0.01
 110     -1263.427426567     -2.29e-08      1.14e-05        0.01
 111     -1263.427426590     -2.28e-08      1.10e-05        0.01
 112     -1263.427426610     -1.99e-08      1.13e-05        0.01
 113     -1263.427426842     -2.33e-07      1.17e-04        0.01
 114     -1263.427426873     -3.09e-08      1.61e-04        0.01
 115     -1263.427426831      4.26e-08      1.12e-04        0.01
 116     -1263.427426849     -1.84e-08      1.32e-04        0.01
 117     -1263.427426873     -2.43e-08      1.73e-04        0.01
 118     -1263.427426719      1.55e-07      3.75e-05        0.01
 119     -1263.427426733     -1.41e-08      4.50e-05        0.01
 120     -1263.427426739     -6.19e-09      4.93e-05        0.01
 121     -1263.427426589      1.50e-07      1.39e-05        0.01
 122     -1263.427426548      4.10e-08      2.09e-05        0.01
 123     -1263.427426594     -4.61e-08      2.72e-05        0.01
 124     -1263.427426629     -3.50e-08      1.83e-05        0.01
 125     -1263.427426627      1.72e-09      1.68e-05        0.01
 126     -1263.427426589      3.76e-08      1.66e-05        0.01
 127     -1263.427426661     -7.15e-08      1.45e-05        0.01

Error: SCF not converged after 127 cycles
