
================================================================================
          _____________ ________ _______________ ________     _________         
         / ___________// ______ \\_____   _____// ______ \   / ________)        
        / /_________  / /      \ \     | |     / /      \ \ | (_______          
       |  __________|| |        | |    | |    | |        | | \________ \        
        \ \_________ | |        | |    | |     \ \______/ /___________) |       
         \__________||_|        |_|    |_|      \________//____________/        
                                                                                
====================================[ Qcore ]===================================

 Git describe: 2.3.0-1-g21d9df7e5
 Compiler:     GNU 9.1.0
 Build type:   Release
 Version:      2.3.0-1-g21d9df7e5

 Start time:   Tue Oct 26 09:24:31 2021

 Data directory: /work/zw18965/.local/qcore/share/entos/qcore/data
 Number of threads: 24
 Number of threads was determined by: command line argument
  - More threads can be used by running 'qcore -n 32'

 --------------------------------------------------------------------------------
                                   command: dft                                  
 --------------------------------------------------------------------------------
 AO basis set:                           def2-tzvppd
 Number of AO basis functions:         118

 Formula:                                SZn
 Nuclear charge:                        46.000000000
 Total charge:                           0.000000000
 Number of electrons:                   46.000000000

 Number of alpha electrons:             23
 Number of beta electrons:              23
 Number of unpaired electrons:           0
 Spin:                                   0
 Multiplicity:                           singlet

 Theory:                                 dft
 Exchange-correlation functional:        pbe0
 Method for Coulomb:                     incore_df
 Method for exact exchange:              pre_transformed_df
 Integral threshold:                     1.00e-12
 DF basis set:                           def2-universal-jkfit
 Number of DF basis functions:         392
 Schwarz screening threshold:            1.00e-10
 Coulomb fitting method:                 Cholesky
 Total number of grid points:        15286
 Method for AO orthogonalization:        symmetric
 Threshold for linear dependence:        1.00e-08
 D3BJ dispersion energy:                -0.001225689

 -------------------------------------
  Running restricted closed-shell SCF 
 -------------------------------------
 Max number of iterations:             128
 Conv. threshold (gradient):             1.00e-05
 Conv. threshold (energy):               1.00e-06
 Interpolation scheme:                   adiis+cdiis
 Initial guess:                          SAD

 ---------------------------------------------------------------
                  energy        change          grad        time
 ---------------------------------------------------------------
   0     -2177.353275232                    4.23e+00        0.02
   1     -2177.040465317      3.13e-01      7.49e-01        0.01
   2     -2175.307988288      1.73e+00      2.74e+00        0.01
   3     -2176.986114510     -1.68e+00      9.45e-01        0.01
   4     -2177.173285867     -1.87e-01      4.04e-02        0.01
   5     -2177.172954281      3.32e-04      7.40e-02        0.01
   6     -2177.173547876     -5.94e-04      9.52e-03        0.01
   7     -2177.173564401     -1.65e-05      4.01e-03        0.01
   8     -2177.173566885     -2.48e-06      9.07e-04        0.01
   9     -2177.173567086     -2.01e-07      2.29e-04        0.01
  10     -2177.173567095     -9.47e-09      2.60e-05        0.01
  11     -2177.173567096     -1.46e-10      5.93e-06        0.01

 SCF converged in 11 iterations.

 Dipole moment (in Debye):               0.000001       0.000001       5.704780

 Quadrupole moment (in Debye-Angstrom):
                  1            2            3
 1       -28.712481    -0.000000    -0.000001
 2        -0.000000   -28.712481    -0.000001
 3        -0.000001    -0.000001   -24.224583

 Spin-squared expectation <S^2>:         0.000
 Total spin quantum number S:            0.000
 TOTAL ENERGY:                       -2177.173567096

 --------------------------------------------------------------------------------

 End time:                               Tue Oct 26 09:24:32 2021
 Total wall-clock time:                  0.881 seconds
==================================================================================
