
================================================================================
          _____________ ________ _______________ ________     _________         
         / ___________// ______ \\_____   _____// ______ \   / ________)        
        / /_________  / /      \ \     | |     / /      \ \ | (_______          
       |  __________|| |        | |    | |    | |        | | \________ \        
        \ \_________ | |        | |    | |     \ \______/ /___________) |       
         \__________||_|        |_|    |_|      \________//____________/        
                                                                                
====================================[ Qcore ]===================================

 Git describe: 2.3.0-1-g21d9df7e5
 Compiler:     GNU 9.1.0
 Build type:   Release
 Version:      2.3.0-1-g21d9df7e5

 Start time:   Tue Oct 26 09:25:19 2021

 Data directory: /work/zw18965/.local/qcore/share/entos/qcore/data
 Number of threads: 24
 Number of threads was determined by: command line argument

 --------------------------------------------------------------------------------
                                   command: dft                                  
 --------------------------------------------------------------------------------
 AO basis set:                           def2-tzvppd
 Number of AO basis functions:         118

 Formula:                                SFe
 Nuclear charge:                        42.000000000
 Total charge:                           0.000000000
 Number of electrons:                   42.000000000

 Number of alpha electrons:             23
 Number of beta electrons:              19
 Number of unpaired electrons:           4
 Spin:                                   4
 Multiplicity:                           quintet

 Theory:                                 dft
 Exchange-correlation functional:        pbe0
 Method for Coulomb:                     incore_df
 Method for exact exchange:              pre_transformed_df
 Integral threshold:                     1.00e-12
 DF basis set:                           def2-universal-jkfit
 Number of DF basis functions:         392
 Schwarz screening threshold:            1.00e-10
 Coulomb fitting method:                 Cholesky
 Total number of grid points:        15286
 Method for AO orthogonalization:        symmetric
 Threshold for linear dependence:        1.00e-08
 D3BJ dispersion energy:                -0.001154431

 -------------------------------------
  Running unrestricted open-shell SCF 
 -------------------------------------
 Max number of iterations:             128
 Conv. threshold (gradient):             1.00e-05
 Conv. threshold (energy):               1.00e-06
 Interpolation scheme:                   adiis+cdiis
 Initial guess:                          SAD

 ---------------------------------------------------------------
                  energy        change          grad        time
 ---------------------------------------------------------------
   0     -1661.340724644                    2.33e+00        0.03
   1     -1661.397480651     -5.68e-02      6.33e-01        0.04
   2     -1657.381869540      4.02e+00      3.83e+00        0.03
   3     -1661.162323687     -3.78e+00      1.30e+00        0.03
   4     -1661.529953651     -3.68e-01      1.74e-01        0.03
   5     -1661.518911878      1.10e-02      2.49e-01        0.03
   6     -1661.534360026     -1.54e-02      1.54e-01        0.03
   7     -1661.518992282      1.54e-02      1.93e-01        0.03
   8     -1661.540918350     -2.19e-02      5.06e-02        0.04
   9     -1661.538988317      1.93e-03      1.05e-01        0.03
  10     -1661.542268451     -3.28e-03      3.22e-03        0.03
  11     -1661.542280610     -1.22e-05      1.09e-03        0.03
  12     -1661.542283175     -2.56e-06      5.67e-04        0.03
  13     -1661.542283533     -3.58e-07      1.42e-04        0.03
  14     -1661.542283567     -3.32e-08      3.64e-05        0.04
  15     -1661.542283568     -1.47e-09      1.73e-05        0.03
  16     -1661.542283568     -2.93e-10      8.28e-06        0.03

 SCF converged in 16 iterations.

 Dipole moment (in Debye):               0.000001       0.000001       5.974292

 Quadrupole moment (in Debye-Angstrom):
                  1            2            3
 1       -28.569146     0.000020    -0.000001
 2         0.000020   -28.569146    -0.000001
 3        -0.000001    -0.000001   -24.687077

 Spin-squared expectation <S^2>:         6.059
 Total spin quantum number S:            2.012
 TOTAL ENERGY:                       -1661.542283568

 --------------------------------------------------------------------------------

 End time:                               Tue Oct 26 09:25:21 2021
 Total wall-clock time:                  1.416 seconds
==================================================================================
