
================================================================================
          _____________ ________ _______________ ________     _________         
         / ___________// ______ \\_____   _____// ______ \   / ________)        
        / /_________  / /      \ \     | |     / /      \ \ | (_______          
       |  __________|| |        | |    | |    | |        | | \________ \        
        \ \_________ | |        | |    | |     \ \______/ /___________) |       
         \__________||_|        |_|    |_|      \________//____________/        
                                                                                
====================================[ Qcore ]===================================

 Git describe: 2.3.0-1-g21d9df7e5
 Compiler:     GNU 9.1.0
 Build type:   Release
 Version:      2.3.0-1-g21d9df7e5

 Start time:   Tue Oct 26 09:25:20 2021

 Data directory: /work/zw18965/.local/qcore/share/entos/qcore/data
 Number of threads: 24
 Number of threads was determined by: command line argument

 --------------------------------------------------------------------------------
                                   command: dft                                  
 --------------------------------------------------------------------------------
 AO basis set:                           def2-tzvppd
 Number of AO basis functions:         107

 Formula:                                FCo
 Nuclear charge:                        36.000000000
 Total charge:                           0.000000000
 Number of electrons:                   36.000000000

 Number of alpha electrons:             19
 Number of beta electrons:              17
 Number of unpaired electrons:           2
 Spin:                                   2
 Multiplicity:                           triplet

 Theory:                                 dft
 Exchange-correlation functional:        pbe0
 Method for Coulomb:                     incore_df
 Method for exact exchange:              pre_transformed_df
 Integral threshold:                     1.00e-12
 DF basis set:                           def2-universal-jkfit
 Number of DF basis functions:         341
 Schwarz screening threshold:            1.00e-10
 Coulomb fitting method:                 Cholesky
 Total number of grid points:        14748
 Method for AO orthogonalization:        symmetric
 Threshold for linear dependence:        1.00e-08
 D3BJ dispersion energy:                -0.000362881

 -------------------------------------
  Running unrestricted open-shell SCF 
 -------------------------------------
 Max number of iterations:             128
 Conv. threshold (gradient):             1.00e-05
 Conv. threshold (energy):               1.00e-06
 Interpolation scheme:                   adiis+cdiis
 Initial guess:                          SAD

 ---------------------------------------------------------------
                  energy        change          grad        time
 ---------------------------------------------------------------
   0     -1482.050220103                    1.20e+00        0.02
   1     -1482.197679465     -1.47e-01      5.95e-01        0.03
   2     -1481.099416660      1.10e+00      2.46e+00        0.02
   3     -1482.217934251     -1.12e+00      6.32e-01        0.03
   4     -1482.299828422     -8.19e-02      1.36e-01        0.03
   5     -1482.291053736      8.77e-03      2.79e-01        0.03
   6     -1482.308395932     -1.73e-02      4.06e-02        0.03
   7     -1482.310709815     -2.31e-03      8.89e-02        0.02
   8     -1482.315878471     -5.17e-03      3.41e-02        0.02
   9     -1482.318094826     -2.22e-03      3.20e-02        0.02
  10     -1482.324550844     -6.46e-03      5.66e-02        0.02
  11     -1482.325104230     -5.53e-04      2.33e-02        0.02
  12     -1482.325693689     -5.89e-04      1.24e-02        0.02
  13     -1482.326234670     -5.41e-04      8.49e-03        0.03
  14     -1482.326365616     -1.31e-04      1.51e-02        0.03
  15     -1482.326389045     -2.34e-05      1.70e-02        0.02
  16     -1482.326403307     -1.43e-05      2.04e-02        0.02
  17     -1482.326422968     -1.97e-05      1.75e-02        0.02
  18     -1482.326635497     -2.13e-04      9.37e-03        0.03
  19     -1482.326662511     -2.70e-05      1.48e-03        0.02
  20     -1482.326663141     -6.31e-07      2.92e-04        0.02
  21     -1482.326663271     -1.29e-07      2.55e-04        0.02
  22     -1482.326663321     -5.04e-08      5.27e-05        0.03
  23     -1482.326663322     -1.16e-09      2.12e-05        0.02
  24     -1482.326663323     -2.45e-10      3.51e-06        0.02

 SCF converged in 24 iterations.

 Dipole moment (in Debye):               0.000001       0.000001       4.755082

 Quadrupole moment (in Debye-Angstrom):
                  1            2            3
 1       -18.576570    -0.508230     0.000002
 2        -0.508230   -18.576605     0.000002
 3         0.000002     0.000002   -20.106517

 Spin-squared expectation <S^2>:         2.233
 Total spin quantum number S:            1.076
 TOTAL ENERGY:                       -1482.326663323

 --------------------------------------------------------------------------------

 End time:                               Tue Oct 26 09:25:21 2021
 Total wall-clock time:                  1.432 seconds
==================================================================================
