
================================================================================
          _____________ ________ _______________ ________     _________         
         / ___________// ______ \\_____   _____// ______ \   / ________)        
        / /_________  / /      \ \     | |     / /      \ \ | (_______          
       |  __________|| |        | |    | |    | |        | | \________ \        
        \ \_________ | |        | |    | |     \ \______/ /___________) |       
         \__________||_|        |_|    |_|      \________//____________/        
                                                                                
====================================[ Qcore ]===================================

 Git describe: 2.3.0-1-g21d9df7e5
 Compiler:     GNU 9.1.0
 Build type:   Release
 Version:      2.3.0-1-g21d9df7e5

 Start time:   Tue Oct 26 09:25:22 2021

 Data directory: /work/zw18965/.local/qcore/share/entos/qcore/data
 Number of threads: 24
 Number of threads was determined by: command line argument

 --------------------------------------------------------------------------------
                                   command: dft                                  
 --------------------------------------------------------------------------------
 AO basis set:                           def2-tzvppd
 Number of AO basis functions:         124

 Formula:                                CuBr
 Nuclear charge:                        64.000000000
 Total charge:                           0.000000000
 Number of electrons:                   64.000000000

 Number of alpha electrons:             32
 Number of beta electrons:              32
 Number of unpaired electrons:           0
 Spin:                                   0
 Multiplicity:                           singlet

 Theory:                                 dft
 Exchange-correlation functional:        pbe0
 Method for Coulomb:                     incore_df
 Method for exact exchange:              pre_transformed_df
 Integral threshold:                     1.00e-12
 DF basis set:                           def2-universal-jkfit
 Number of DF basis functions:         530
 Schwarz screening threshold:            1.00e-10
 Coulomb fitting method:                 Cholesky
 Total number of grid points:        16100
 Method for AO orthogonalization:        symmetric
 Threshold for linear dependence:        1.00e-08
 D3BJ dispersion energy:                -0.001082895

 -------------------------------------
  Running restricted closed-shell SCF 
 -------------------------------------
 Max number of iterations:             128
 Conv. threshold (gradient):             1.00e-05
 Conv. threshold (energy):               1.00e-06
 Interpolation scheme:                   adiis+cdiis
 Initial guess:                          SAD

 ---------------------------------------------------------------
                  energy        change          grad        time
 ---------------------------------------------------------------
   0     -4214.249465478                    3.66e+00        0.03
   1     -4214.144380062      1.05e-01      4.36e-01        0.03
   2     -4214.063015197      8.14e-02      9.04e-01        0.02
   3     -4214.178132900     -1.15e-01      1.40e-01        0.02
   4     -4214.176701576      1.43e-03      1.96e-01        0.02
   5     -4214.181573693     -4.87e-03      4.69e-02        0.02
   6     -4214.180791158      7.83e-04      1.17e-01        0.02
   7     -4214.181743083     -9.52e-04      1.92e-03        0.02
   8     -4214.181743709     -6.26e-07      3.54e-04        0.02
   9     -4214.181743757     -4.75e-08      2.15e-04        0.02
  10     -4214.181743770     -1.30e-08      4.49e-05        0.02
  11     -4214.181743770     -4.72e-10      4.49e-06        0.02

 SCF converged in 11 iterations.

 Dipole moment (in Debye):              -0.000001      -0.000001      -5.040887

 Quadrupole moment (in Debye-Angstrom):
                  1            2            3
 1       -31.856572    -0.000000     0.000003
 2        -0.000000   -31.856572     0.000003
 3         0.000003     0.000003   -24.767070

 Spin-squared expectation <S^2>:         0.000
 Total spin quantum number S:            0.000
 TOTAL ENERGY:                       -4214.181743770

 --------------------------------------------------------------------------------

 End time:                               Tue Oct 26 09:25:24 2021
 Total wall-clock time:                  1.655 seconds
==================================================================================
