
================================================================================
          _____________ ________ _______________ ________     _________         
         / ___________// ______ \\_____   _____// ______ \   / ________)        
        / /_________  / /      \ \     | |     / /      \ \ | (_______          
       |  __________|| |        | |    | |    | |        | | \________ \        
        \ \_________ | |        | |    | |     \ \______/ /___________) |       
         \__________||_|        |_|    |_|      \________//____________/        
                                                                                
====================================[ Qcore ]===================================

 Git describe: 2.3.0-1-g21d9df7e5
 Compiler:     GNU 9.1.0
 Build type:   Release
 Version:      2.3.0-1-g21d9df7e5

 Start time:   Tue Oct 26 09:23:15 2021

 Data directory: /work/zw18965/.local/qcore/share/entos/qcore/data
 Number of threads: 24
 Number of threads was determined by: command line argument
  - More threads can be used by running 'qcore -n 32'

 --------------------------------------------------------------------------------
                                   command: dft                                  
 --------------------------------------------------------------------------------
 AO basis set:                           def2-tzvppd
 Number of AO basis functions:         452

 Formula:                                C5O5Cr
 Nuclear charge:                        94.000000000
 Total charge:                           0.000000000
 Number of electrons:                   94.000000000

 Number of alpha electrons:             47
 Number of beta electrons:              47
 Number of unpaired electrons:           0
 Spin:                                   0
 Multiplicity:                           singlet

 Theory:                                 dft
 Exchange-correlation functional:        pbe
 Method for Coulomb:                     incore_df
 Integral threshold:                     1.00e-12
 DF basis set:                           def2-universal-jkfit
 Number of DF basis functions:        1024
 Schwarz screening threshold:            1.00e-10
 Coulomb fitting method:                 Cholesky
 Total number of grid points:        76548
 Method for AO orthogonalization:        symmetric
 Threshold for linear dependence:        1.00e-08
 D3BJ dispersion energy:                -0.014977431

 -------------------------------------
  Running restricted closed-shell SCF 
 -------------------------------------
 Max number of iterations:             128
 Conv. threshold (gradient):             1.00e-05
 Conv. threshold (energy):               1.00e-06
 Interpolation scheme:                   adiis+cdiis
 Initial guess:                          SAD

 ---------------------------------------------------------------
                  energy        change          grad        time
 ---------------------------------------------------------------
   0     -1612.179551833                    2.60e+01        0.17
   1     -1609.399214041      2.78e+00      7.59e+00        0.16
   2     -1569.237429962      4.02e+01      3.27e+01        0.17
   3     -1601.182999700     -3.19e+01      2.92e+01        0.17
   4     -1609.194420717     -8.01e+00      7.90e+00        0.17
   5     -1609.775196744     -5.81e-01      7.40e+00        0.17
   6     -1610.649120827     -8.74e-01      9.85e-01        0.18
   7     -1610.407421490      2.42e-01      4.09e+00        0.21
   8     -1610.648647831     -2.41e-01      7.07e-01        0.21
   9     -1610.517428425      1.31e-01      3.45e+00        0.22
  10     -1610.669702362     -1.52e-01      6.57e-01        0.23
  11     -1610.640247995      2.95e-02      1.59e+00        0.24
  12     -1610.674871533     -3.46e-02      2.70e-01        0.24
  13     -1610.664632819      1.02e-02      8.87e-01        0.24
  14     -1610.676501328     -1.19e-02      1.50e-01        0.26
  15     -1610.673858171      2.64e-03      4.90e-01        0.25
  16     -1610.676884133     -3.03e-03      7.47e-02        0.25
  17     -1610.676169959      7.14e-04      2.50e-01        0.26
  18     -1610.677068998     -8.99e-04      7.38e-04        0.23
  19     -1610.677069004     -6.38e-09      4.22e-04        0.18
  20     -1610.677069006     -2.10e-09      4.08e-05        0.18
  21     -1610.677069007     -1.16e-10      1.24e-05        0.20
  22     -1610.677069007     -1.46e-11      2.33e-06        0.20

 SCF converged in 22 iterations.

 Dipole moment (in Debye):              -0.000280       0.000358      -2.156048

 Quadrupole moment (in Debye-Angstrom):
                  1            2            3
 1       -74.121601    -0.000445     0.000301
 2        -0.000445   -74.121181    -0.000320
 3         0.000301    -0.000320   -68.963835

 Spin-squared expectation <S^2>:         0.000
 Total spin quantum number S:            0.000
 TOTAL ENERGY:                       -1610.677069007

 --------------------------------------------------------------------------------

 End time:                               Tue Oct 26 09:23:26 2021
 Total wall-clock time:                 10.875 seconds
==================================================================================
