
================================================================================
          _____________ ________ _______________ ________     _________         
         / ___________// ______ \\_____   _____// ______ \   / ________)        
        / /_________  / /      \ \     | |     / /      \ \ | (_______          
       |  __________|| |        | |    | |    | |        | | \________ \        
        \ \_________ | |        | |    | |     \ \______/ /___________) |       
         \__________||_|        |_|    |_|      \________//____________/        
                                                                                
====================================[ Qcore ]===================================

 Git describe: 2.3.0-1-g21d9df7e5
 Compiler:     GNU 9.1.0
 Build type:   Release
 Version:      2.3.0-1-g21d9df7e5

 Start time:   Tue Oct 26 09:25:30 2021

 Data directory: /work/zw18965/.local/qcore/share/entos/qcore/data
 Number of threads: 24
 Number of threads was determined by: command line argument

 --------------------------------------------------------------------------------
                                   command: dft                                  
 --------------------------------------------------------------------------------
 AO basis set:                           def2-tzvppd
 Number of AO basis functions:        1766
 ECP on atom 1 (W):                      60 electrons

 Formula:                                C21H42O3P2W
 Nuclear charge:                       296.000000000
 Total charge:                           0.000000000
 Number of core electrons:              60
 Number of treated electrons:          236

 Number of alpha electrons:            118
 Number of beta electrons:             118
 Number of unpaired electrons:           0
 Spin:                                   0
 Multiplicity:                           singlet

 Theory:                                 dft
 Exchange-correlation functional:        pbe
 Method for Coulomb:                     incore_df
 Integral threshold:                     1.00e-12
 DF basis set:                           def2-universal-jkfit
 Number of DF basis functions:        3045
 Schwarz screening threshold:            1.00e-10
 Coulomb fitting method:                 Cholesky
 Total number of grid points:       434688
 Method for AO orthogonalization:        symmetric
 Threshold for linear dependence:        1.00e-08
 D3BJ dispersion energy:                -0.116120500

 -------------------------------------
  Running restricted closed-shell SCF 
 -------------------------------------
 Max number of iterations:             128
 Conv. threshold (gradient):             1.00e-05
 Conv. threshold (energy):               1.00e-06
 Interpolation scheme:                   adiis+cdiis
 Initial guess:                          SAD

 ---------------------------------------------------------------
                  energy        change          grad        time
 ---------------------------------------------------------------
   0     -1803.223958401                    2.45e+02        6.86
   1     -1798.867479896      4.36e+00      2.53e+00        6.42
   2     -1796.390166412      2.48e+00      8.70e+00        6.71
   3     -1799.572351732     -3.18e+00      5.21e+00        6.50
   4     -1794.850417321      4.72e+00      1.97e+01        6.90
   5     -1799.514305817     -4.66e+00      7.13e+00        7.72
   6     -1799.907092524     -3.93e-01      3.13e+00        7.15
   7     -1799.911433186     -4.34e-03      2.78e+00        7.40
   8     -1799.981189167     -6.98e-02      1.73e+00        7.57
   9     -1799.995081205     -1.39e-02      1.24e+00        7.94
  10     -1799.981269550      1.38e-02      1.40e+00        8.04
  11     -1800.035900487     -5.46e-02      2.42e-01        8.36
  12     -1800.024267210      1.16e-02      1.10e+00        8.57
  13     -1800.034847781     -1.06e-02      4.08e-01        8.44
  14     -1800.036473132     -1.63e-03      7.07e-02        8.54
  15     -1800.036342863      1.30e-04      8.95e-02        8.65
  16     -1800.036537293     -1.94e-04      1.67e-03        7.41
  17     -1800.036537366     -7.24e-08      5.30e-04        7.15
  18     -1800.036537376     -1.07e-08      3.36e-04        7.24
  19     -1800.036537377     -1.15e-09      1.44e-04        7.04
  20     -1800.036537378     -5.93e-10      3.40e-05        6.90
  21     -1800.036537378     -2.09e-11      3.89e-05        7.05
  22     -1800.036537378     -4.50e-11      4.93e-06        7.03

 SCF converged in 22 iterations.

 Dipole moment (in Debye):               0.963319      -1.591174       4.592302

 Quadrupole moment (in Debye-Angstrom):
                  1            2            3
 1      -182.613689     0.220575     1.370852
 2         0.220575  -214.694164    -1.149881
 3         1.370852    -1.149881  -209.449686

 Spin-squared expectation <S^2>:         0.000
 Total spin quantum number S:            0.000
 TOTAL ENERGY:                       -1800.036537378

 --------------------------------------------------------------------------------

 End time:                               Tue Oct 26 09:30:25 2021
 Total wall-clock time:                294.669 seconds
==================================================================================
