
================================================================================
          _____________ ________ _______________ ________     _________         
         / ___________// ______ \\_____   _____// ______ \   / ________)        
        / /_________  / /      \ \     | |     / /      \ \ | (_______          
       |  __________|| |        | |    | |    | |        | | \________ \        
        \ \_________ | |        | |    | |     \ \______/ /___________) |       
         \__________||_|        |_|    |_|      \________//____________/        
                                                                                
====================================[ Qcore ]===================================

 Git describe: 2.3.0-1-g21d9df7e5
 Compiler:     GNU 9.1.0
 Build type:   Release
 Version:      2.3.0-1-g21d9df7e5

 Start time:   Tue Oct 26 09:25:29 2021

 Data directory: /work/zw18965/.local/qcore/share/entos/qcore/data
 Number of threads: 24
 Number of threads was determined by: command line argument

 --------------------------------------------------------------------------------
                                   command: dft                                  
 --------------------------------------------------------------------------------
 AO basis set:                           def2-tzvppd
 Number of AO basis functions:         469

 Formula:                                C5HO5Mn
 Nuclear charge:                        96.000000000
 Total charge:                           0.000000000
 Number of electrons:                   96.000000000

 Number of alpha electrons:             48
 Number of beta electrons:              48
 Number of unpaired electrons:           0
 Spin:                                   0
 Multiplicity:                           singlet

 Theory:                                 dft
 Exchange-correlation functional:        pbe
 Method for Coulomb:                     incore_df
 Integral threshold:                     1.00e-12
 DF basis set:                           def2-universal-jkfit
 Number of DF basis functions:        1042
 Schwarz screening threshold:            1.00e-10
 Coulomb fitting method:                 Cholesky
 Total number of grid points:        82546
 Method for AO orthogonalization:        symmetric
 Threshold for linear dependence:        1.00e-08
 D3BJ dispersion energy:                -0.014059709

 -------------------------------------
  Running restricted closed-shell SCF 
 -------------------------------------
 Max number of iterations:             128
 Conv. threshold (gradient):             1.00e-05
 Conv. threshold (energy):               1.00e-06
 Interpolation scheme:                   adiis+cdiis
 Initial guess:                          SAD

 ---------------------------------------------------------------
                  energy        change          grad        time
 ---------------------------------------------------------------
   0     -1719.614671064                    2.89e+01        0.20
   1     -1717.641572872      1.97e+00      1.46e+00        0.19
   2     -1714.490758269      3.15e+00      1.04e+01        0.20
   3     -1717.561924211     -3.07e+00      1.56e+00        0.20
   4     -1716.420567755      1.14e+00      8.22e+00        0.20
   5     -1717.789767132     -1.37e+00      7.10e-01        0.20
   6     -1716.974116742      8.16e-01      7.24e+00        0.21
   7     -1717.723883363     -7.50e-01      1.08e+00        0.22
   8     -1717.781803737     -5.79e-02      1.61e+00        0.22
   9     -1717.770897878      1.09e-02      1.75e+00        0.23
  10     -1717.819417070     -4.85e-02      3.57e-01        0.25
  11     -1717.813425260      5.99e-03      6.12e-01        0.27
  12     -1717.819031842     -5.61e-03      4.25e-01        0.26
  13     -1717.821079866     -2.05e-03      7.34e-02        0.27
  14     -1717.821649036     -5.69e-04      2.91e-02        0.26
  15     -1717.821689941     -4.09e-05      3.54e-04        0.24
  16     -1717.821689943     -2.92e-09      7.62e-04        0.22
  17     -1717.821689955     -1.11e-08      4.33e-05        0.21
  18     -1717.821689955     -6.57e-11      2.05e-05        0.21
  19     -1717.821689955     -6.82e-12      2.86e-06        0.21

 SCF converged in 19 iterations.

 Dipole moment (in Debye):              -0.000003      -0.000003      -0.075866

 Quadrupole moment (in Debye-Angstrom):
                  1            2            3
 1       -72.526095    -0.000049    -0.000121
 2        -0.000049   -72.527068     0.000368
 3        -0.000121     0.000368   -72.388140

 Spin-squared expectation <S^2>:         0.000
 Total spin quantum number S:            0.000
 TOTAL ENERGY:                       -1717.821689955

 --------------------------------------------------------------------------------

 End time:                               Tue Oct 26 09:25:41 2021
 Total wall-clock time:                 11.296 seconds
==================================================================================
