
================================================================================
          _____________ ________ _______________ ________     _________         
         / ___________// ______ \\_____   _____// ______ \   / ________)        
        / /_________  / /      \ \     | |     / /      \ \ | (_______          
       |  __________|| |        | |    | |    | |        | | \________ \        
        \ \_________ | |        | |    | |     \ \______/ /___________) |       
         \__________||_|        |_|    |_|      \________//____________/        
                                                                                
====================================[ Qcore ]===================================

 Git describe: 2.3.0-1-g21d9df7e5
 Compiler:     GNU 9.1.0
 Build type:   Release
 Version:      2.3.0-1-g21d9df7e5

 Start time:   Tue Oct 26 09:25:24 2021

 Data directory: /work/zw18965/.local/qcore/share/entos/qcore/data
 Number of threads: 24
 Number of threads was determined by: command line argument

 --------------------------------------------------------------------------------
                                   command: dft                                  
 --------------------------------------------------------------------------------
 AO basis set:                           def2-tzvppd
 Number of AO basis functions:         324

 Formula:                                C6H6
 Nuclear charge:                        42.000000000
 Total charge:                           0.000000000
 Number of electrons:                   42.000000000

 Number of alpha electrons:             21
 Number of beta electrons:              21
 Number of unpaired electrons:           0
 Spin:                                   0
 Multiplicity:                           singlet

 Theory:                                 dft
 Exchange-correlation functional:        pbe
 Method for Coulomb:                     incore_df
 Integral threshold:                     1.00e-12
 DF basis set:                           def2-universal-jkfit
 Number of DF basis functions:         558
 Schwarz screening threshold:            1.00e-10
 Coulomb fitting method:                 Cholesky
 Total number of grid points:        76140
 Method for AO orthogonalization:        symmetric
 Threshold for linear dependence:        1.00e-08
 D3BJ dispersion energy:                -0.010956110

 -------------------------------------
  Running restricted closed-shell SCF 
 -------------------------------------
 Max number of iterations:             128
 Conv. threshold (gradient):             1.00e-05
 Conv. threshold (energy):               1.00e-06
 Interpolation scheme:                   adiis+cdiis
 Initial guess:                          SAD

 ---------------------------------------------------------------
                  energy        change          grad        time
 ---------------------------------------------------------------
   0      -233.028381848                    1.47e+01        0.12
   1      -231.829977973      1.20e+00      1.24e+00        0.12
   2      -231.520151640      3.10e-01      1.98e+00        0.12
   3      -232.022062832     -5.02e-01      2.88e-01        0.12
   4      -232.012711912      9.35e-03      4.03e-01        0.13
   5      -232.032885657     -2.02e-02      4.92e-02        0.12
   6      -232.032844485      4.12e-05      4.95e-02        0.12
   7      -232.033189467     -3.45e-04      6.24e-05        0.12
   8      -232.033189468     -6.89e-10      7.75e-06        0.12

 SCF converged in 8 iterations.

 Dipole moment (in Debye):               0.000029      -0.000003       0.000098

 Quadrupole moment (in Debye-Angstrom):
                  1            2            3
 1       -32.303860     0.000081    -0.000001
 2         0.000081   -32.304308     0.000002
 3        -0.000001     0.000002   -39.621797

 Spin-squared expectation <S^2>:         0.000
 Total spin quantum number S:            0.000
 TOTAL ENERGY:                        -232.033189468

 --------------------------------------------------------------------------------

 End time:                               Tue Oct 26 09:25:26 2021
 Total wall-clock time:                  2.002 seconds
==================================================================================
