
================================================================================
          _____________ ________ _______________ ________     _________         
         / ___________// ______ \\_____   _____// ______ \   / ________)        
        / /_________  / /      \ \     | |     / /      \ \ | (_______          
       |  __________|| |        | |    | |    | |        | | \________ \        
        \ \_________ | |        | |    | |     \ \______/ /___________) |       
         \__________||_|        |_|    |_|      \________//____________/        
                                                                                
====================================[ Qcore ]===================================

 Git describe: 2.3.0-1-g21d9df7e5
 Compiler:     GNU 9.1.0
 Build type:   Release
 Version:      2.3.0-1-g21d9df7e5

 Start time:   Tue Oct 26 09:25:24 2021

 Data directory: /work/zw18965/.local/qcore/share/entos/qcore/data
 Number of threads: 24
 Number of threads was determined by: command line argument

 --------------------------------------------------------------------------------
                                   command: dft                                  
 --------------------------------------------------------------------------------
 AO basis set:                           def2-tzvppd
 Number of AO basis functions:         216

 Formula:                                C2H3OCl
 Nuclear charge:                        40.000000000
 Total charge:                           0.000000000
 Number of electrons:                   40.000000000

 Number of alpha electrons:             20
 Number of beta electrons:              20
 Number of unpaired electrons:           0
 Spin:                                   0
 Multiplicity:                           singlet

 Theory:                                 dft
 Exchange-correlation functional:        pbe
 Method for Coulomb:                     incore_df
 Integral threshold:                     1.00e-12
 DF basis set:                           def2-universal-jkfit
 Number of DF basis functions:         409
 Schwarz screening threshold:            1.00e-10
 Coulomb fitting method:                 Cholesky
 Total number of grid points:        45708
 Method for AO orthogonalization:        symmetric
 Threshold for linear dependence:        1.00e-08
 D3BJ dispersion energy:                -0.004716480

 -------------------------------------
  Running restricted closed-shell SCF 
 -------------------------------------
 Max number of iterations:             128
 Conv. threshold (gradient):             1.00e-05
 Conv. threshold (energy):               1.00e-06
 Interpolation scheme:                   adiis+cdiis
 Initial guess:                          SAD

 ---------------------------------------------------------------
                  energy        change          grad        time
 ---------------------------------------------------------------
   0      -613.612965035                    1.31e+01        0.05
   1      -613.031042477      5.82e-01      1.79e+00        0.05
   2      -612.035451698      9.96e-01      7.10e+00        0.05
   3      -613.092701813     -1.06e+00      1.39e+00        0.04
   4      -613.165598052     -7.29e-02      4.06e-01        0.05
   5      -613.155110091      1.05e-02      6.32e-01        0.05
   6      -613.169188849     -1.41e-02      1.81e-01        0.05
   7      -613.168721061      4.68e-04      2.22e-01        0.05
   8      -613.169213148     -4.92e-04      1.72e-01        0.06
   9      -613.170051645     -8.38e-04      3.78e-02        0.06
  10      -613.169914947      1.37e-04      8.60e-02        0.05
  11      -613.170089490     -1.75e-04      3.20e-04        0.05
  12      -613.170089492     -2.03e-09      5.36e-05        0.04
  13      -613.170089493     -8.06e-11      4.06e-06        0.05

 SCF converged in 13 iterations.

 Dipole moment (in Debye):               1.493232      -2.355591       0.000196

 Quadrupole moment (in Debye-Angstrom):
                  1            2            3
 1       -30.012782    -2.838860     0.000364
 2        -2.838860   -32.240562    -0.000409
 3         0.000364    -0.000409   -29.676097

 Spin-squared expectation <S^2>:         0.000
 Total spin quantum number S:            0.000
 TOTAL ENERGY:                        -613.170089493

 --------------------------------------------------------------------------------

 End time:                               Tue Oct 26 09:25:25 2021
 Total wall-clock time:                  1.399 seconds
==================================================================================
