
================================================================================
          _____________ ________ _______________ ________     _________         
         / ___________// ______ \\_____   _____// ______ \   / ________)        
        / /_________  / /      \ \     | |     / /      \ \ | (_______          
       |  __________|| |        | |    | |    | |        | | \________ \        
        \ \_________ | |        | |    | |     \ \______/ /___________) |       
         \__________||_|        |_|    |_|      \________//____________/        
                                                                                
====================================[ Qcore ]===================================

 Git describe: 2.3.0-1-g21d9df7e5
 Compiler:     GNU 9.1.0
 Build type:   Release
 Version:      2.3.0-1-g21d9df7e5

 Start time:   Tue Oct 26 09:24:36 2021

 Data directory: /work/zw18965/.local/qcore/share/entos/qcore/data
 Number of threads: 24
 Number of threads was determined by: command line argument
  - More threads can be used by running 'qcore -n 32'

 --------------------------------------------------------------------------------
                                   command: dft                                  
 --------------------------------------------------------------------------------
 AO basis set:                           def2-tzvppd
 Number of AO basis functions:          77

 Formula:                                CO
 Nuclear charge:                        14.000000000
 Total charge:                           0.000000000
 Number of electrons:                   14.000000000

 Number of alpha electrons:              7
 Number of beta electrons:               7
 Number of unpaired electrons:           0
 Spin:                                   0
 Multiplicity:                           singlet

 Theory:                                 dft
 Exchange-correlation functional:        pbe
 Method for Coulomb:                     incore_df
 Integral threshold:                     1.00e-12
 DF basis set:                           def2-universal-jkfit
 Number of DF basis functions:         152
 Schwarz screening threshold:            1.00e-10
 Coulomb fitting method:                 Cholesky
 Total number of grid points:        13744
 Method for AO orthogonalization:        symmetric
 Threshold for linear dependence:        1.00e-08
 D3BJ dispersion energy:                -0.000410881

 -------------------------------------
  Running restricted closed-shell SCF 
 -------------------------------------
 Max number of iterations:             128
 Conv. threshold (gradient):             1.00e-05
 Conv. threshold (energy):               1.00e-06
 Interpolation scheme:                   adiis+cdiis
 Initial guess:                          SAD

 ---------------------------------------------------------------
                  energy        change          grad        time
 ---------------------------------------------------------------
   0      -113.392686735                    5.83e+00        0.01
   1      -113.205097992      1.88e-01      6.49e-01        0.01
   2      -112.990783626      2.14e-01      1.83e+00        0.01
   3      -113.217005544     -2.26e-01      5.11e-01        0.01
   4      -113.232995745     -1.60e-02      1.66e-01        0.01
   5      -113.230432832      2.56e-03      2.35e-01        0.01
   6      -113.235063769     -4.63e-03      4.41e-02        0.01
   7      -113.234885986      1.78e-04      6.56e-02        0.01
   8      -113.235204219     -3.18e-04      3.29e-04        0.01
   9      -113.235204229     -1.02e-08      1.29e-05        0.01
  10      -113.235204229     -7.26e-12      4.62e-07        0.01

 SCF converged in 10 iterations.

 Dipole moment (in Debye):               0.000000       0.000000       0.205158

 Quadrupole moment (in Debye-Angstrom):
                  1            2            3
 1       -10.356939     0.000000    -0.000000
 2         0.000000   -10.356939    -0.000000
 3        -0.000000    -0.000000   -12.353839

 Spin-squared expectation <S^2>:         0.000
 Total spin quantum number S:            0.000
 TOTAL ENERGY:                        -113.235204229

 --------------------------------------------------------------------------------

 End time:                               Tue Oct 26 09:24:37 2021
 Total wall-clock time:                  0.464 seconds
==================================================================================
