
================================================================================
          _____________ ________ _______________ ________     _________         
         / ___________// ______ \\_____   _____// ______ \   / ________)        
        / /_________  / /      \ \     | |     / /      \ \ | (_______          
       |  __________|| |        | |    | |    | |        | | \________ \        
        \ \_________ | |        | |    | |     \ \______/ /___________) |       
         \__________||_|        |_|    |_|      \________//____________/        
                                                                                
====================================[ Qcore ]===================================

 Git describe: 2.3.0-1-g21d9df7e5
 Compiler:     GNU 9.1.0
 Build type:   Release
 Version:      2.3.0-1-g21d9df7e5

 Start time:   Tue Oct 26 09:23:11 2021

 Data directory: /work/zw18965/.local/qcore/share/entos/qcore/data
 Number of threads: 24
 Number of threads was determined by: command line argument
  - More threads can be used by running 'qcore -n 32'

 --------------------------------------------------------------------------------
                                   command: dft                                  
 --------------------------------------------------------------------------------
 AO basis set:                           def2-tzvppd
 Number of AO basis functions:         142

 Formula:                                C2H4
 Nuclear charge:                        16.000000000
 Total charge:                           0.000000000
 Number of electrons:                   16.000000000

 Number of alpha electrons:              8
 Number of beta electrons:               8
 Number of unpaired electrons:           0
 Spin:                                   0
 Multiplicity:                           singlet

 Theory:                                 dft
 Exchange-correlation functional:        pbe
 Method for Coulomb:                     incore_df
 Integral threshold:                     1.00e-12
 DF basis set:                           def2-universal-jkfit
 Number of DF basis functions:         222
 Schwarz screening threshold:            1.00e-10
 Coulomb fitting method:                 Cholesky
 Total number of grid points:        37160
 Method for AO orthogonalization:        symmetric
 Threshold for linear dependence:        1.00e-08
 D3BJ dispersion energy:                -0.002350965

 -------------------------------------
  Running restricted closed-shell SCF 
 -------------------------------------
 Max number of iterations:             128
 Conv. threshold (gradient):             1.00e-05
 Conv. threshold (energy):               1.00e-06
 Interpolation scheme:                   adiis+cdiis
 Initial guess:                          SAD

 ---------------------------------------------------------------
                  energy        change          grad        time
 ---------------------------------------------------------------
   0       -78.571142626                    9.31e+00        0.03
   1       -78.392663985      1.78e-01      1.17e+00        0.03
   2       -78.257318596      1.35e-01      1.82e+00        0.02
   3       -78.499132641     -2.42e-01      2.65e-01        0.02
   4       -78.493949495      5.18e-03      3.73e-01        0.02
   5       -78.504168305     -1.02e-02      5.16e-02        0.02
   6       -78.503944842      2.23e-04      7.60e-02        0.02
   7       -78.504383297     -4.38e-04      1.92e-04        0.02
   8       -78.504383299     -2.51e-09      1.43e-05        0.02
   9       -78.504383299     -1.22e-11      4.87e-06        0.02

 SCF converged in 9 iterations.

 Dipole moment (in Debye):              -0.000000       0.000005       0.000011

 Quadrupole moment (in Debye-Angstrom):
                  1            2            3
 1       -12.491104     0.000000    -0.000000
 2         0.000000   -12.460376    -0.000000
 3        -0.000000    -0.000000   -15.617376

 Spin-squared expectation <S^2>:         0.000
 Total spin quantum number S:            0.000
 TOTAL ENERGY:                         -78.504383299

 --------------------------------------------------------------------------------

 End time:                               Tue Oct 26 09:23:11 2021
 Total wall-clock time:                  0.713 seconds
==================================================================================
