
================================================================================
          _____________ ________ _______________ ________     _________         
         / ___________// ______ \\_____   _____// ______ \   / ________)        
        / /_________  / /      \ \     | |     / /      \ \ | (_______          
       |  __________|| |        | |    | |    | |        | | \________ \        
        \ \_________ | |        | |    | |     \ \______/ /___________) |       
         \__________||_|        |_|    |_|      \________//____________/        
                                                                                
====================================[ Qcore ]===================================

 Git describe: 2.3.0-1-g21d9df7e5
 Compiler:     GNU 9.1.0
 Build type:   Release
 Version:      2.3.0-1-g21d9df7e5

 Start time:   Tue Oct 26 09:25:29 2021

 Data directory: /work/zw18965/.local/qcore/share/entos/qcore/data
 Number of threads: 24
 Number of threads was determined by: command line argument

 --------------------------------------------------------------------------------
                                   command: dft                                  
 --------------------------------------------------------------------------------
 AO basis set:                           def2-tzvppd
 Number of AO basis functions:         500

 Formula:                                C8H12
 Nuclear charge:                        60.000000000
 Total charge:                           0.000000000
 Number of electrons:                   60.000000000

 Number of alpha electrons:             30
 Number of beta electrons:              30
 Number of unpaired electrons:           0
 Spin:                                   0
 Multiplicity:                           singlet

 Theory:                                 dft
 Exchange-correlation functional:        pbe
 Method for Coulomb:                     incore_df
 Integral threshold:                     1.00e-12
 DF basis set:                           def2-universal-jkfit
 Number of DF basis functions:         816
 Schwarz screening threshold:            1.00e-10
 Coulomb fitting method:                 Cholesky
 Total number of grid points:       125080
 Method for AO orthogonalization:        symmetric
 Threshold for linear dependence:        1.00e-08
 D3BJ dispersion energy:                -0.020396997

 -------------------------------------
  Running restricted closed-shell SCF 
 -------------------------------------
 Max number of iterations:             128
 Conv. threshold (gradient):             1.00e-05
 Conv. threshold (energy):               1.00e-06
 Interpolation scheme:                   adiis+cdiis
 Initial guess:                          SAD

 ---------------------------------------------------------------
                  energy        change          grad        time
 ---------------------------------------------------------------
   0      -312.899102141                    1.86e+01        0.33
   1      -311.404509336      1.49e+00      1.75e+00        0.30
   2      -310.760675104      6.44e-01      3.14e+00        0.39
   3      -311.701657514     -9.41e-01      5.63e-01        0.38
   4      -311.682450639      1.92e-02      7.40e-01        0.37
   5      -311.730009625     -4.76e-02      1.06e-01        0.33
   6      -311.730064064     -5.44e-05      1.34e-01        0.34
   7      -311.730664406     -6.00e-04      6.73e-02        0.39
   8      -311.730171721      4.93e-04      1.30e-01        0.34
   9      -311.730820149     -6.48e-04      9.05e-04        0.35
  10      -311.730820169     -2.06e-08      1.76e-04        0.33
  11      -311.730820171     -1.50e-09      7.38e-05        0.32
  12      -311.730820171     -1.28e-10      1.42e-05        0.34
  13      -311.730820171     -3.07e-12      9.41e-06        0.34

 SCF converged in 13 iterations.

 Dipole moment (in Debye):               0.000041       0.000006       0.261762

 Quadrupole moment (in Debye-Angstrom):
                  1            2            3
 1       -47.844979    -1.936004     0.000102
 2        -1.936004   -51.673013    -0.000159
 3         0.000102    -0.000159   -51.078859

 Spin-squared expectation <S^2>:         0.000
 Total spin quantum number S:            0.000
 TOTAL ENERGY:                        -311.730820171

 --------------------------------------------------------------------------------

 End time:                               Tue Oct 26 09:25:35 2021
 Total wall-clock time:                  6.712 seconds
==================================================================================
