
================================================================================
          _____________ ________ _______________ ________     _________         
         / ___________// ______ \\_____   _____// ______ \   / ________)        
        / /_________  / /      \ \     | |     / /      \ \ | (_______          
       |  __________|| |        | |    | |    | |        | | \________ \        
        \ \_________ | |        | |    | |     \ \______/ /___________) |       
         \__________||_|        |_|    |_|      \________//____________/        
                                                                                
====================================[ Qcore ]===================================

 Git describe: 2.3.0-1-g21d9df7e5
 Compiler:     GNU 9.1.0
 Build type:   Release
 Version:      2.3.0-1-g21d9df7e5

 Start time:   Tue Oct 26 09:25:44 2021

 Data directory: /work/zw18965/.local/qcore/share/entos/qcore/data
 Number of threads: 24
 Number of threads was determined by: command line argument

 --------------------------------------------------------------------------------
                                   command: dft                                  
 --------------------------------------------------------------------------------
 AO basis set:                           def2-tzvppd
 Number of AO basis functions:        1794
 ECP on atom 1 (Ru):                     28 electrons

 Formula:                                C25H39PCl2Ru
 Nuclear charge:                       282.000000000
 Total charge:                           0.000000000
 Number of core electrons:              28
 Number of treated electrons:          254

 Number of alpha electrons:            127
 Number of beta electrons:             127
 Number of unpaired electrons:           0
 Spin:                                   0
 Multiplicity:                           singlet

 Theory:                                 dft
 Exchange-correlation functional:        pbe
 Method for Coulomb:                     incore_df
 Integral threshold:                     1.00e-12
 DF basis set:                           def2-universal-jkfit
 Number of DF basis functions:        3216
 Schwarz screening threshold:            1.00e-10
 Coulomb fitting method:                 Cholesky
 Total number of grid points:       430462
 Method for AO orthogonalization:        symmetric
 Threshold for linear dependence:        1.00e-08
 D3BJ dispersion energy:                -0.112626621

 -------------------------------------
  Running restricted closed-shell SCF 
 -------------------------------------
 Max number of iterations:             128
 Conv. threshold (gradient):             1.00e-05
 Conv. threshold (energy):               1.00e-06
 Interpolation scheme:                   adiis+cdiis
 Initial guess:                          SAD

 ---------------------------------------------------------------
                  energy        change          grad        time
 ---------------------------------------------------------------
   0     -2336.321285704                    3.60e+01        7.01
   1     -2329.998295622      6.32e+00      8.73e+00        6.01
   2     -2313.828194900      1.62e+01      2.69e+01        6.32
   3     -2329.405113067     -1.56e+01      1.25e+01        6.49
   4     -2331.232894941     -1.83e+00      5.28e+00        6.70
   5     -2330.656909564      5.76e-01      8.52e+00        6.57
   6     -2331.570665122     -9.14e-01      1.22e+00        6.51
   7     -2330.827329987      7.43e-01      9.46e+00        7.08
   8     -2331.572926519     -7.46e-01      1.32e+00        7.52
   9     -2331.631577045     -5.87e-02      6.55e-01        7.69
  10     -2331.523391062      1.08e-01      3.79e+00        7.99
  11     -2331.619391907     -9.60e-02      1.36e+00        8.41
  12     -2331.634981559     -1.56e-02      2.64e-01        8.16
  13     -2331.635319133     -3.38e-04      2.16e-01        7.98
  14     -2331.635568739     -2.50e-04      1.37e-01        7.86
  15     -2331.635557716      1.10e-05      8.06e-02        8.11
  16     -2331.635699029     -1.41e-04      4.98e-02        7.93
  17     -2331.635724938     -2.59e-05      7.77e-04        7.46
  18     -2331.635724960     -2.23e-08      2.07e-04        6.81
  19     -2331.635724961     -8.97e-10      5.38e-05        7.16
  20     -2331.635724962     -1.38e-10      3.19e-05        6.44
  21     -2331.635724961      4.05e-11      1.55e-05        6.98
  22     -2331.635724962     -4.50e-11      6.38e-06        6.98

 SCF converged in 22 iterations.

 Dipole moment (in Debye):              -2.607933       3.140446       2.837248

 Quadrupole moment (in Debye-Angstrom):
                  1            2            3
 1      -199.097440     3.513056     2.332708
 2         3.513056  -217.384713     3.763811
 3         2.332708     3.763811  -224.383223

 Spin-squared expectation <S^2>:         0.000
 Total spin quantum number S:            0.000
 TOTAL ENERGY:                       -2331.635724961

 --------------------------------------------------------------------------------

 End time:                               Tue Oct 26 09:29:30 2021
 Total wall-clock time:                226.750 seconds
==================================================================================
