
================================================================================
          _____________ ________ _______________ ________     _________         
         / ___________// ______ \\_____   _____// ______ \   / ________)        
        / /_________  / /      \ \     | |     / /      \ \ | (_______          
       |  __________|| |        | |    | |    | |        | | \________ \        
        \ \_________ | |        | |    | |     \ \______/ /___________) |       
         \__________||_|        |_|    |_|      \________//____________/        
                                                                                
====================================[ Qcore ]===================================

 Git describe: 2.3.0-1-g21d9df7e5
 Compiler:     GNU 9.1.0
 Build type:   Release
 Version:      2.3.0-1-g21d9df7e5

 Start time:   Tue Oct 26 09:23:29 2021

 Data directory: /work/zw18965/.local/qcore/share/entos/qcore/data
 Number of threads: 24
 Number of threads was determined by: command line argument
  - More threads can be used by running 'qcore -n 32'

 --------------------------------------------------------------------------------
                                   command: dft                                  
 --------------------------------------------------------------------------------
 AO basis set:                           def2-tzvppd
 Number of AO basis functions:         811
 ECP on atom 1 (Ir):                     60 electrons

 Formula:                                C7H18OP2ClIr
 Nuclear charge:                       192.000000000
 Total charge:                           0.000000000
 Number of core electrons:              60
 Number of treated electrons:          132

 Number of alpha electrons:             66
 Number of beta electrons:              66
 Number of unpaired electrons:           0
 Spin:                                   0
 Multiplicity:                           singlet

 Theory:                                 dft
 Exchange-correlation functional:        pbe
 Method for Coulomb:                     incore_df
 Integral threshold:                     1.00e-12
 DF basis set:                           def2-universal-jkfit
 Number of DF basis functions:        1537
 Schwarz screening threshold:            1.00e-10
 Coulomb fitting method:                 Cholesky
 Total number of grid points:       191878
 Method for AO orthogonalization:        symmetric
 Threshold for linear dependence:        1.00e-08
 D3BJ dispersion energy:                -0.041801858

 -------------------------------------
  Running restricted closed-shell SCF 
 -------------------------------------
 Max number of iterations:             128
 Conv. threshold (gradient):             1.00e-05
 Conv. threshold (energy):               1.00e-06
 Interpolation scheme:                   adiis+cdiis
 Initial guess:                          SAD

 ---------------------------------------------------------------
                  energy        change          grad        time
 ---------------------------------------------------------------
   0     -1600.683050571                    9.25e+01        0.68
   1     -1598.909580342      1.77e+00      3.26e+00        0.70
   2     -1595.647356505      3.26e+00      1.24e+01        0.71
   3     -1599.311590325     -3.66e+00      1.64e+00        0.78
   4     -1599.196788197      1.15e-01      3.59e+00        0.76
   5     -1599.446477594     -2.50e-01      2.66e+00        0.75
   6     -1599.460224087     -1.37e-02      3.10e+00        0.77
   7     -1599.548540878     -8.83e-02      1.44e+00        0.81
   8     -1599.598736929     -5.02e-02      3.98e-01        0.82
   9     -1599.596806562      1.93e-03      4.19e-01        0.87
  10     -1599.600264347     -3.46e-03      4.30e-01        0.92
  11     -1599.602700564     -2.44e-03      3.11e-01        0.98
  12     -1599.603874636     -1.17e-03      1.68e-01        0.98
  13     -1599.603516483      3.58e-04      1.83e-01        0.95
  14     -1599.604262766     -7.46e-04      6.83e-02        0.95
  15     -1599.604161211      1.02e-04      9.57e-02        0.94
  16     -1599.604328449     -1.67e-04      1.76e-04        0.88
  17     -1599.604328450     -1.23e-09      8.17e-05        0.75
  18     -1599.604328450     -2.93e-10      1.38e-05        0.73
  19     -1599.604328450     -1.09e-11      5.35e-06        0.73

 SCF converged in 19 iterations.

 Dipole moment (in Debye):               0.000411       0.720569       0.010505

 Quadrupole moment (in Debye-Angstrom):
                  1            2            3
 1       -90.126911    -0.008289    -0.000906
 2        -0.008289  -128.775633    -0.002078
 3        -0.000906    -0.002078  -113.270802

 Spin-squared expectation <S^2>:         0.000
 Total spin quantum number S:            0.000
 TOTAL ENERGY:                       -1599.604328450

 --------------------------------------------------------------------------------

 End time:                               Tue Oct 26 09:24:07 2021
 Total wall-clock time:                 37.988 seconds
==================================================================================
