
================================================================================
          _____________ ________ _______________ ________     _________         
         / ___________// ______ \\_____   _____// ______ \   / ________)        
        / /_________  / /      \ \     | |     / /      \ \ | (_______          
       |  __________|| |        | |    | |    | |        | | \________ \        
        \ \_________ | |        | |    | |     \ \______/ /___________) |       
         \__________||_|        |_|    |_|      \________//____________/        
                                                                                
====================================[ Qcore ]===================================

 Git describe: 2.3.0-1-g21d9df7e5
 Compiler:     GNU 9.1.0
 Build type:   Release
 Version:      2.3.0-1-g21d9df7e5

 Start time:   Tue Oct 26 09:24:40 2021

 Data directory: /work/zw18965/.local/qcore/share/entos/qcore/data
 Number of threads: 24
 Number of threads was determined by: command line argument
  - More threads can be used by running 'qcore -n 32'

 --------------------------------------------------------------------------------
                                   command: dft                                  
 --------------------------------------------------------------------------------
 AO basis set:                           def2-tzvppd
 Number of AO basis functions:        2045
 ECP on atom 14 (Rh):                    28 electrons

 Formula:                                C36H30P2ClRh
 Nuclear charge:                       338.000000000
 Total charge:                           0.000000000
 Number of core electrons:              28
 Number of treated electrons:          310

 Number of alpha electrons:            155
 Number of beta electrons:             155
 Number of unpaired electrons:           0
 Spin:                                   0
 Multiplicity:                           singlet

 Theory:                                 dft
 Exchange-correlation functional:        pbe
 Method for Coulomb:                     incore_df
 Integral threshold:                     1.00e-12
 DF basis set:                           def2-universal-jkfit
 Number of DF basis functions:        3879
 Schwarz screening threshold:            1.00e-10
 Coulomb fitting method:                 Cholesky
 Total number of grid points:       452108
 Method for AO orthogonalization:        symmetric
 Threshold for linear dependence:        1.00e-08
 D3BJ dispersion energy:                -0.139347751

 -------------------------------------
  Running restricted closed-shell SCF 
 -------------------------------------
 Max number of iterations:             128
 Conv. threshold (gradient):             1.00e-05
 Conv. threshold (energy):               1.00e-06
 Interpolation scheme:                   adiis+cdiis
 Initial guess:                          SAD

 ---------------------------------------------------------------
                  energy        change          grad        time
 ---------------------------------------------------------------
   0     -2649.768262226                    3.57e+01        7.69
   1     -2640.692519098      9.08e+00      5.05e+00        7.62
   2     -2635.394036593      5.30e+00      1.59e+01        7.82
   3     -2641.294045178     -5.90e+00      5.90e+00        7.97
   4     -2638.347552548      2.95e+00      1.43e+01        8.12
   5     -2641.675736553     -3.33e+00      6.09e+00        8.32
   6     -2637.212287297      4.46e+00      4.10e+01        8.58
   7     -2641.603099461     -4.39e+00      9.01e+00        8.69
   8     -2641.851566384     -2.48e-01      2.16e+00        9.13
   9     -2641.824620078      2.69e-02      2.36e+00        9.33
  10     -2641.870262554     -4.56e-02      1.54e+00        9.70
  11     -2641.884012652     -1.38e-02      1.43e+00       10.31
  12     -2641.888214185     -4.20e-03      1.43e+00       10.23
  13     -2641.891541224     -3.33e-03      7.94e-01       10.04
  14     -2641.897671404     -6.13e-03      3.14e-01       10.04
  15     -2641.897610028      6.14e-05      2.86e-01       10.30
  16     -2641.898299719     -6.90e-04      1.29e-01       10.18
  17     -2641.899022157     -7.22e-04      8.03e-02       10.09
  18     -2641.898425159      5.97e-04      3.94e-01        9.96
  19     -2641.899185366     -7.60e-04      6.84e-04        9.10
  20     -2641.899185375     -9.67e-09      5.00e-04        8.27
  21     -2641.899185381     -6.03e-09      1.46e-04        8.26
  22     -2641.899185382     -1.14e-09      5.68e-05        8.23
  23     -2641.899185382     -4.64e-11      3.02e-05        8.23
  24     -2641.899185382      3.64e-12      1.30e-05        8.20
  25     -2641.899185382     -4.14e-11      2.64e-06        8.34

 SCF converged in 25 iterations.

 Dipole moment (in Debye):              -2.074246       3.312570       5.613815

 Quadrupole moment (in Debye-Angstrom):
                  1            2            3
 1      -250.099264     2.137258     7.015739
 2         2.137258  -251.381253   -12.847114
 3         7.015739   -12.847114  -266.247709

 Spin-squared expectation <S^2>:         0.000
 Total spin quantum number S:            0.000
 TOTAL ENERGY:                       -2641.899185382

 --------------------------------------------------------------------------------

 End time:                               Tue Oct 26 09:31:07 2021
 Total wall-clock time:                386.414 seconds
==================================================================================
