
================================================================================
          _____________ ________ _______________ ________     _________         
         / ___________// ______ \\_____   _____// ______ \   / ________)        
        / /_________  / /      \ \     | |     / /      \ \ | (_______          
       |  __________|| |        | |    | |    | |        | | \________ \        
        \ \_________ | |        | |    | |     \ \______/ /___________) |       
         \__________||_|        |_|    |_|      \________//____________/        
                                                                                
====================================[ Qcore ]===================================

 Git describe: 2.3.0-1-g21d9df7e5
 Compiler:     GNU 9.1.0
 Build type:   Release
 Version:      2.3.0-1-g21d9df7e5

 Start time:   Tue Oct 26 09:24:11 2021

 Data directory: /work/zw18965/.local/qcore/share/entos/qcore/data
 Number of threads: 24
 Number of threads was determined by: command line argument
  - More threads can be used by running 'qcore -n 32'

 --------------------------------------------------------------------------------
                                   command: dft                                  
 --------------------------------------------------------------------------------
 AO basis set:                           def2-tzvppd
 Number of AO basis functions:        1232
 ECP on atom 1 (Ru):                     28 electrons

 Formula:                                C18H27ClRu
 Nuclear charge:                       196.000000000
 Total charge:                           0.000000000
 Number of core electrons:              28
 Number of treated electrons:          168

 Number of alpha electrons:             84
 Number of beta electrons:              84
 Number of unpaired electrons:           0
 Spin:                                   0
 Multiplicity:                           singlet

 Theory:                                 dft
 Exchange-correlation functional:        pbe
 Method for Coulomb:                     incore_df
 Integral threshold:                     1.00e-12
 DF basis set:                           def2-universal-jkfit
 Number of DF basis functions:        2219
 Schwarz screening threshold:            1.00e-10
 Coulomb fitting method:                 Cholesky
 Total number of grid points:       297338
 Method for AO orthogonalization:        symmetric
 Threshold for linear dependence:        1.00e-08
 D3BJ dispersion energy:                -0.074885678

 -------------------------------------
  Running restricted closed-shell SCF 
 -------------------------------------
 Max number of iterations:             128
 Conv. threshold (gradient):             1.00e-05
 Conv. threshold (energy):               1.00e-06
 Interpolation scheme:                   adiis+cdiis
 Initial guess:                          SAD

 ---------------------------------------------------------------
                  energy        change          grad        time
 ---------------------------------------------------------------
   0     -1260.134139402                    5.01e+01        3.86
   1     -1255.022456490      5.11e+00      1.28e+01        3.35
   2     -1244.797752110      1.02e+01      2.95e+01        3.35
   3     -1254.819490671     -1.00e+01      1.51e+01        3.66
   4     -1255.729276235     -9.10e-01      6.31e+00        3.64
   5     -1256.438960065     -7.10e-01      2.49e+00        3.59
   6     -1256.321319473      1.18e-01      6.29e+00        3.75
   7     -1256.266632865      5.47e-02      8.04e+00        3.75
   8     -1256.603673142     -3.37e-01      4.76e-01        3.89
   9     -1256.549932214      5.37e-02      2.42e+00        4.08
  10     -1256.602801980     -5.29e-02      4.86e-01        4.39
  11     -1256.594253681      8.55e-03      1.84e+00        4.60
  12     -1256.609483573     -1.52e-02      1.14e-01        4.48
  13     -1256.607360263      2.12e-03      6.84e-01        4.56
  14     -1256.609222708     -1.86e-03      2.62e-01        4.65
  15     -1256.609542473     -3.20e-04      4.76e-02        4.39
  16     -1256.609553243     -1.08e-05      2.59e-02        4.57
  17     -1256.609558677     -5.43e-06      3.43e-04        3.99
  18     -1256.609558679     -1.69e-09      1.25e-04        3.79
  19     -1256.609558679     -4.39e-10      2.12e-05        3.81
  20     -1256.609558679     -4.00e-11      8.66e-06        3.96

 SCF converged in 20 iterations.

 Dipole moment (in Debye):               1.705407       4.963456       0.378715

 Quadrupole moment (in Debye-Angstrom):
                  1            2            3
 1      -140.548625    -0.049848     0.308217
 2        -0.049848  -153.021888    -1.554219
 3         0.308217    -1.554219  -140.888020

 Spin-squared expectation <S^2>:         0.000
 Total spin quantum number S:            0.000
 TOTAL ENERGY:                       -1256.609558679

 --------------------------------------------------------------------------------

 End time:                               Tue Oct 26 09:26:01 2021
 Total wall-clock time:                110.407 seconds
==================================================================================
