
================================================================================
          _____________ ________ _______________ ________     _________         
         / ___________// ______ \\_____   _____// ______ \   / ________)        
        / /_________  / /      \ \     | |     / /      \ \ | (_______          
       |  __________|| |        | |    | |    | |        | | \________ \        
        \ \_________ | |        | |    | |     \ \______/ /___________) |       
         \__________||_|        |_|    |_|      \________//____________/        
                                                                                
====================================[ Qcore ]===================================

 Git describe: 2.3.0-1-g21d9df7e5
 Compiler:     GNU 9.1.0
 Build type:   Release
 Version:      2.3.0-1-g21d9df7e5

 Start time:   Tue Oct 26 09:29:34 2021

 Data directory: /work/zw18965/.local/qcore/share/entos/qcore/data
 Number of threads: 24
 Number of threads was determined by: command line argument

 --------------------------------------------------------------------------------
                                   command: dft                                  
 --------------------------------------------------------------------------------
 AO basis set:                           def2-tzvppd
 Number of AO basis functions:         738
 ECP on atom 1 (Mo):                     28 electrons

 Formula:                                C12H14Mo
 Nuclear charge:                       128.000000000
 Total charge:                           0.000000000
 Number of core electrons:              28
 Number of treated electrons:          100

 Number of alpha electrons:             50
 Number of beta electrons:              50
 Number of unpaired electrons:           0
 Spin:                                   0
 Multiplicity:                           singlet

 Theory:                                 dft
 Exchange-correlation functional:        pbe
 Method for Coulomb:                     incore_df
 Integral threshold:                     1.00e-12
 DF basis set:                           def2-universal-jkfit
 Number of DF basis functions:        1407
 Schwarz screening threshold:            1.00e-10
 Coulomb fitting method:                 Cholesky
 Total number of grid points:       172330
 Method for AO orthogonalization:        symmetric
 Threshold for linear dependence:        1.00e-08
 D3BJ dispersion energy:                -0.037779376

 -------------------------------------
  Running restricted closed-shell SCF 
 -------------------------------------
 Max number of iterations:             128
 Conv. threshold (gradient):             1.00e-05
 Conv. threshold (energy):               1.00e-06
 Interpolation scheme:                   adiis+cdiis
 Initial guess:                          SAD

 ---------------------------------------------------------------
                  energy        change          grad        time
 ---------------------------------------------------------------
   0      -536.114305017                    4.25e+01        0.92
   1      -532.429484694      3.68e+00      7.43e+00        0.97
   2      -522.676947447      9.75e+00      2.78e+01        0.82
   3      -532.639390728     -9.96e+00      7.25e+00        0.80
   4      -533.551693094     -9.12e-01      3.27e-01        0.89
   5      -533.536423590      1.53e-02      6.98e-01        0.85
   6      -533.558049805     -2.16e-02      1.39e-01        0.91
   7      -533.557322894      7.27e-04      2.94e-01        0.91
   8      -533.557750398     -4.28e-04      3.40e-01        0.90
   9      -533.558783488     -1.03e-03      1.79e-01        0.96
  10      -533.558567014      2.16e-04      2.20e-01        0.93
  11      -533.558881537     -3.15e-04      1.02e-01        1.04
  12      -533.559003244     -1.22e-04      2.92e-02        0.99
  13      -533.559007229     -3.99e-06      3.82e-02        1.12
  14      -533.559038220     -3.10e-05      1.58e-04        0.95
  15      -533.559038220     -4.26e-10      6.40e-05        0.81
  16      -533.559038220     -8.65e-11      2.49e-05        0.88
  17      -533.559038220     -2.46e-11      1.05e-05        0.88
  18      -533.559038220     -1.02e-12      3.98e-06        0.89

 SCF converged in 18 iterations.

 Dipole moment (in Debye):              -0.000225      -1.173965       0.029604

 Quadrupole moment (in Debye-Angstrom):
                  1            2            3
 1       -96.484103    -0.033744     0.435303
 2        -0.033744   -93.142282    -0.008572
 3         0.435303    -0.008572   -90.338854

 Spin-squared expectation <S^2>:         0.000
 Total spin quantum number S:            0.000
 TOTAL ENERGY:                        -533.559038220

 --------------------------------------------------------------------------------

 End time:                               Tue Oct 26 09:30:01 2021
 Total wall-clock time:                 26.747 seconds
==================================================================================
