
================================================================================
          _____________ ________ _______________ ________     _________         
         / ___________// ______ \\_____   _____// ______ \   / ________)        
        / /_________  / /      \ \     | |     / /      \ \ | (_______          
       |  __________|| |        | |    | |    | |        | | \________ \        
        \ \_________ | |        | |    | |     \ \______/ /___________) |       
         \__________||_|        |_|    |_|      \________//____________/        
                                                                                
====================================[ Qcore ]===================================

 Git describe: 2.3.0-1-g21d9df7e5
 Compiler:     GNU 9.1.0
 Build type:   Release
 Version:      2.3.0-1-g21d9df7e5

 Start time:   Tue Oct 26 09:26:05 2021

 Data directory: /work/zw18965/.local/qcore/share/entos/qcore/data
 Number of threads: 24
 Number of threads was determined by: command line argument
  - More threads can be used by running 'qcore -n 32'

 --------------------------------------------------------------------------------
                                   command: dft                                  
 --------------------------------------------------------------------------------
 AO basis set:                           def2-tzvppd
 Number of AO basis functions:         590

 Formula:                                C6H16P2
 Nuclear charge:                        82.000000000
 Total charge:                           0.000000000
 Number of electrons:                   82.000000000

 Number of alpha electrons:             41
 Number of beta electrons:              41
 Number of unpaired electrons:           0
 Spin:                                   0
 Multiplicity:                           singlet

 Theory:                                 dft
 Exchange-correlation functional:        pbe
 Method for Coulomb:                     incore_df
 Integral threshold:                     1.00e-12
 DF basis set:                           def2-universal-jkfit
 Number of DF basis functions:         994
 Schwarz screening threshold:            1.00e-10
 Coulomb fitting method:                 Cholesky
 Total number of grid points:       149740
 Method for AO orthogonalization:        symmetric
 Threshold for linear dependence:        1.00e-08
 D3BJ dispersion energy:                -0.024860324

 -------------------------------------
  Running restricted closed-shell SCF 
 -------------------------------------
 Max number of iterations:             128
 Conv. threshold (gradient):             1.00e-05
 Conv. threshold (energy):               1.00e-06
 Interpolation scheme:                   adiis+cdiis
 Initial guess:                          SAD

 ---------------------------------------------------------------
                  energy        change          grad        time
 ---------------------------------------------------------------
   0      -921.149951447                    1.94e+01        0.36
   1      -919.975435083      1.17e+00      2.28e+00        0.39
   2      -919.107825527      8.68e-01      3.68e+00        0.46
   3      -920.414912129     -1.31e+00      8.43e-01        0.41
   4      -920.400307615      1.46e-02      1.07e+00        0.36
   5      -920.465509170     -6.52e-02      1.64e-01        0.37
   6      -920.463367423      2.14e-03      3.28e-01        0.41
   7      -920.466265661     -2.90e-03      5.71e-02        0.42
   8      -920.466312964     -4.73e-05      4.96e-02        0.46
   9      -920.466399531     -8.66e-05      2.56e-04        0.44
  10      -920.466399534     -3.22e-09      1.37e-04        0.39
  11      -920.466399536     -1.83e-09      4.13e-05        0.38
  12      -920.466399536     -1.10e-10      9.03e-06        0.37

 SCF converged in 12 iterations.

 Dipole moment (in Debye):              -0.000039       0.000011       1.751505

 Quadrupole moment (in Debye-Angstrom):
                  1            2            3
 1       -67.445545     4.170072     0.000172
 2         4.170072   -70.030952    -0.000137
 3         0.000172    -0.000137   -70.904860

 Spin-squared expectation <S^2>:         0.000
 Total spin quantum number S:            0.000
 TOTAL ENERGY:                        -920.466399536

 --------------------------------------------------------------------------------

 End time:                               Tue Oct 26 09:26:13 2021
 Total wall-clock time:                  8.087 seconds
==================================================================================
