
================================================================================
          _____________ ________ _______________ ________     _________         
         / ___________// ______ \\_____   _____// ______ \   / ________)        
        / /_________  / /      \ \     | |     / /      \ \ | (_______          
       |  __________|| |        | |    | |    | |        | | \________ \        
        \ \_________ | |        | |    | |     \ \______/ /___________) |       
         \__________||_|        |_|    |_|      \________//____________/        
                                                                                
====================================[ Qcore ]===================================

 Git describe: 2.3.0-1-g21d9df7e5
 Compiler:     GNU 9.1.0
 Build type:   Release
 Version:      2.3.0-1-g21d9df7e5

 Start time:   Tue Oct 26 09:26:17 2021

 Data directory: /work/zw18965/.local/qcore/share/entos/qcore/data
 Number of threads: 24
 Number of threads was determined by: command line argument
  - More threads can be used by running 'qcore -n 32'

 --------------------------------------------------------------------------------
                                   command: dft                                  
 --------------------------------------------------------------------------------
 AO basis set:                           def2-tzvppd
 Number of AO basis functions:        1446
 ECP on atom 1 (Ru):                     28 electrons

 Formula:                                C14H40P4Ru
 Nuclear charge:                       228.000000000
 Total charge:                           0.000000000
 Number of core electrons:              28
 Number of treated electrons:          200

 Number of alpha electrons:            100
 Number of beta electrons:             100
 Number of unpaired electrons:           0
 Spin:                                   0
 Multiplicity:                           singlet

 Theory:                                 dft
 Exchange-correlation functional:        pbe
 Method for Coulomb:                     incore_df
 Integral threshold:                     1.00e-12
 DF basis set:                           def2-universal-jkfit
 Number of DF basis functions:        2537
 Schwarz screening threshold:            1.00e-10
 Coulomb fitting method:                 Cholesky
 Total number of grid points:       368614
 Method for AO orthogonalization:        symmetric
 Threshold for linear dependence:        1.00e-08
 D3BJ dispersion energy:                -0.100823953

 -------------------------------------
  Running restricted closed-shell SCF 
 -------------------------------------
 Max number of iterations:             128
 Conv. threshold (gradient):             1.00e-05
 Conv. threshold (energy):               1.00e-06
 Interpolation scheme:                   adiis+cdiis
 Initial guess:                          SAD

 ---------------------------------------------------------------
                  energy        change          grad        time
 ---------------------------------------------------------------
   0     -2019.067579946                    4.08e+01        4.74
   1     -2015.663119317      3.40e+00      4.67e+00        4.75
   2     -2010.346628056      5.32e+00      2.05e+01        4.51
   3     -2016.143912368     -5.80e+00      8.48e+00        4.88
   4     -2014.206899206      1.94e+00      1.82e+01        4.78
   5     -2016.936656827     -2.73e+00      2.58e+00        5.25
   6     -2016.403546258      5.33e-01      1.13e+01        5.25
   7     -2016.958713270     -5.55e-01      1.41e+00        5.10
   8     -2016.975275045     -1.66e-02      2.13e+00        5.22
   9     -2016.977038003     -1.76e-03      2.11e+00        5.87
  10     -2017.000963910     -2.39e-02      2.28e-01        5.96
  11     -2016.993819604      7.14e-03      1.18e+00        5.98
  12     -2017.000586682     -6.77e-03      3.36e-01        6.19
  13     -2017.001368492     -7.82e-04      1.08e-02        5.98
  14     -2017.001357021      1.15e-05      1.74e-02        5.82
  15     -2017.001379153     -2.21e-05      4.93e-04        5.50
  16     -2017.001379159     -5.86e-09      4.04e-04        4.80
  17     -2017.001379161     -1.69e-09      6.19e-05        5.12
  18     -2017.001379161     -1.06e-10      2.41e-05        5.04
  19     -2017.001379161     -1.75e-11      9.29e-06        5.21

 SCF converged in 19 iterations.

 Dipole moment (in Debye):               0.037604       0.384782       1.786494

 Quadrupole moment (in Debye-Angstrom):
                  1            2            3
 1      -162.110273     0.672794    -0.432969
 2         0.672794  -172.152865    -0.694329
 3        -0.432969    -0.694329  -178.385745

 Spin-squared expectation <S^2>:         0.000
 Total spin quantum number S:            0.000
 TOTAL ENERGY:                       -2017.001379161

 --------------------------------------------------------------------------------

 End time:                               Tue Oct 26 09:28:40 2021
 Total wall-clock time:                143.539 seconds
==================================================================================
