
================================================================================
          _____________ ________ _______________ ________     _________         
         / ___________// ______ \\_____   _____// ______ \   / ________)        
        / /_________  / /      \ \     | |     / /      \ \ | (_______          
       |  __________|| |        | |    | |    | |        | | \________ \        
        \ \_________ | |        | |    | |     \ \______/ /___________) |       
         \__________||_|        |_|    |_|      \________//____________/        
                                                                                
====================================[ Qcore ]===================================

 Git describe: 2.3.0-1-g21d9df7e5
 Compiler:     GNU 9.1.0
 Build type:   Release
 Version:      2.3.0-1-g21d9df7e5

 Start time:   Tue Oct 26 09:25:38 2021

 Data directory: /work/zw18965/.local/qcore/share/entos/qcore/data
 Number of threads: 24
 Number of threads was determined by: command line argument

 --------------------------------------------------------------------------------
                                   command: dft                                  
 --------------------------------------------------------------------------------
 AO basis set:                           def2-tzvppd
 Number of AO basis functions:         783
 ECP on atom 21 (Pd):                    28 electrons
 ECP on atom 26 (I):                     28 electrons

 Formula:                                C11H11N2PdI
 Nuclear charge:                       190.000000000
 Total charge:                           0.000000000
 Number of core electrons:              56
 Number of treated electrons:          134

 Number of alpha electrons:             67
 Number of beta electrons:              67
 Number of unpaired electrons:           0
 Spin:                                   0
 Multiplicity:                           singlet

 Theory:                                 dft
 Exchange-correlation functional:        pbe
 Method for Coulomb:                     incore_df
 Integral threshold:                     1.00e-12
 DF basis set:                           def2-universal-jkfit
 Number of DF basis functions:        1650
 Schwarz screening threshold:            1.00e-10
 Coulomb fitting method:                 Cholesky
 Total number of grid points:       170474
 Method for AO orthogonalization:        symmetric
 Threshold for linear dependence:        1.00e-08
 D3BJ dispersion energy:                -0.038789527

 -------------------------------------
  Running restricted closed-shell SCF 
 -------------------------------------
 Max number of iterations:             128
 Conv. threshold (gradient):             1.00e-05
 Conv. threshold (energy):               1.00e-06
 Interpolation scheme:                   adiis+cdiis
 Initial guess:                          SAD

 ---------------------------------------------------------------
                  energy        change          grad        time
 ---------------------------------------------------------------
   0      -963.221629853                    1.94e+01        0.77
   1      -950.756922408      1.25e+01      2.10e+01        0.73
   2      -592.391731212      3.58e+02      9.30e+01        0.71
   3      -937.742662508     -3.45e+02      2.35e+01        0.71
   4      -958.912501650     -2.12e+01      7.97e+00        0.75
   5      -958.674677504      2.38e-01      5.88e+00        0.81
   6      -960.401079831     -1.73e+00      2.83e+00        0.87
   7      -958.399312129      2.00e+00      6.32e+00        0.79
   8      -960.092549586     -1.69e+00      4.97e+00        0.83
   9      -960.053827834      3.87e-02      3.53e+00        0.89
  10      -960.554938229     -5.01e-01      7.12e-01        0.91
  11      -960.547820537      7.12e-03      6.19e-01        0.97
  12      -960.549888828     -2.07e-03      1.53e+00        1.00
  13      -960.582043472     -3.22e-02      2.62e-01        0.98
  14      -960.565261559      1.68e-02      7.80e-01        0.96
  15      -960.581606415     -1.63e-02      3.68e-01        0.92
  16      -960.583116144     -1.51e-03      1.95e-01        0.90
  17      -960.583675182     -5.59e-04      1.25e-01        0.90
  18      -960.583920589     -2.45e-04      6.69e-02        0.93
  19      -960.583910234      1.04e-05      5.72e-02        0.92
  20      -960.584108396     -1.98e-04      6.15e-04        0.85
  21      -960.584108420     -2.43e-08      3.34e-04        0.79
  22      -960.584108423     -3.07e-09      9.73e-05        0.78
  23      -960.584108423     -4.45e-11      5.61e-05        0.74
  24      -960.584108424     -3.40e-10      1.90e-05        0.77
  25      -960.584108424     -2.02e-11      5.58e-06        0.72

 SCF converged in 25 iterations.

 Dipole moment (in Debye):               9.849962       2.579096      -0.000194

 Quadrupole moment (in Debye-Angstrom):
                  1            2            3
 1      -111.988044    -3.425385    -0.019406
 2        -3.425385  -102.737768     0.007085
 3        -0.019406     0.007085  -129.622306

 Spin-squared expectation <S^2>:         0.000
 Total spin quantum number S:            0.000
 TOTAL ENERGY:                        -960.584108424

 --------------------------------------------------------------------------------

 End time:                               Tue Oct 26 09:30:17 2021
 Total wall-clock time:                278.932 seconds
==================================================================================
