
================================================================================
          _____________ ________ _______________ ________     _________         
         / ___________// ______ \\_____   _____// ______ \   / ________)        
        / /_________  / /      \ \     | |     / /      \ \ | (_______          
       |  __________|| |        | |    | |    | |        | | \________ \        
        \ \_________ | |        | |    | |     \ \______/ /___________) |       
         \__________||_|        |_|    |_|      \________//____________/        
                                                                                
====================================[ Qcore ]===================================

 Git describe: 2.3.0-1-g21d9df7e5
 Compiler:     GNU 9.1.0
 Build type:   Release
 Version:      2.3.0-1-g21d9df7e5

 Start time:   Tue Oct 26 09:30:48 2021

 Data directory: /work/zw18965/.local/qcore/share/entos/qcore/data
 Number of threads: 24
 Number of threads was determined by: command line argument

 --------------------------------------------------------------------------------
                                   command: dft                                  
 --------------------------------------------------------------------------------
 AO basis set:                           def2-tzvppd
 Number of AO basis functions:         312

 Formula:                                C3H9P
 Nuclear charge:                        42.000000000
 Total charge:                           0.000000000
 Number of electrons:                   42.000000000

 Number of alpha electrons:             21
 Number of beta electrons:              21
 Number of unpaired electrons:           0
 Spin:                                   0
 Multiplicity:                           singlet

 Theory:                                 dft
 Exchange-correlation functional:        pbe
 Method for Coulomb:                     incore_df
 Integral threshold:                     1.00e-12
 DF basis set:                           def2-universal-jkfit
 Number of DF basis functions:         515
 Schwarz screening threshold:            1.00e-10
 Coulomb fitting method:                 Cholesky
 Total number of grid points:        80760
 Method for AO orthogonalization:        symmetric
 Threshold for linear dependence:        1.00e-08
 D3BJ dispersion energy:                -0.010274133

 -------------------------------------
  Running restricted closed-shell SCF 
 -------------------------------------
 Max number of iterations:             128
 Conv. threshold (gradient):             1.00e-05
 Conv. threshold (energy):               1.00e-06
 Interpolation scheme:                   adiis+cdiis
 Initial guess:                          SAD

 ---------------------------------------------------------------
                  energy        change          grad        time
 ---------------------------------------------------------------
   0      -461.038244460                    1.75e+01        0.10
   1      -460.552599244      4.86e-01      2.21e+00        0.12
   2      -460.091370089      4.61e-01      3.09e+00        0.12
   3      -460.802064685     -7.11e-01      6.98e-01        0.11
   4      -460.793463003      8.60e-03      8.14e-01        0.11
   5      -460.828473509     -3.50e-02      5.33e-02        0.11
   6      -460.828416227      5.73e-05      5.21e-02        0.11
   7      -460.828691654     -2.75e-04      1.84e-03        0.12
   8      -460.828691840     -1.86e-07      4.45e-04        0.11
   9      -460.828691849     -8.94e-09      8.50e-05        0.13
  10      -460.828691849     -4.18e-10      9.02e-06        0.13

 SCF converged in 10 iterations.

 Dipole moment (in Debye):              -0.000182       0.000361       1.222133

 Quadrupole moment (in Debye-Angstrom):
                  1            2            3
 1       -33.928000    -0.000224     0.000065
 2        -0.000224   -33.927963    -0.000193
 3         0.000065    -0.000193   -38.423258

 Spin-squared expectation <S^2>:         0.000
 Total spin quantum number S:            0.000
 TOTAL ENERGY:                        -460.828691849

 --------------------------------------------------------------------------------

 End time:                               Tue Oct 26 09:30:50 2021
 Total wall-clock time:                  2.272 seconds
==================================================================================
