
================================================================================
          _____________ ________ _______________ ________     _________         
         / ___________// ______ \\_____   _____// ______ \   / ________)        
        / /_________  / /      \ \     | |     / /      \ \ | (_______          
       |  __________|| |        | |    | |    | |        | | \________ \        
        \ \_________ | |        | |    | |     \ \______/ /___________) |       
         \__________||_|        |_|    |_|      \________//____________/        
                                                                                
====================================[ Qcore ]===================================

 Git describe: 2.3.0-1-g21d9df7e5
 Compiler:     GNU 9.1.0
 Build type:   Release
 Version:      2.3.0-1-g21d9df7e5

 Start time:   Tue Oct 26 09:30:53 2021

 Data directory: /work/zw18965/.local/qcore/share/entos/qcore/data
 Number of threads: 24
 Number of threads was determined by: command line argument

 --------------------------------------------------------------------------------
                                   command: dft                                  
 --------------------------------------------------------------------------------
 AO basis set:                           def2-tzvppd
 Number of AO basis functions:         529

 Formula:                                C6O6Cr
 Nuclear charge:                       108.000000000
 Total charge:                           0.000000000
 Number of electrons:                  108.000000000

 Number of alpha electrons:             54
 Number of beta electrons:              54
 Number of unpaired electrons:           0
 Spin:                                   0
 Multiplicity:                           singlet

 Theory:                                 dft
 Exchange-correlation functional:        pbe
 Method for Coulomb:                     incore_df
 Integral threshold:                     1.00e-12
 DF basis set:                           def2-universal-jkfit
 Number of DF basis functions:        1176
 Schwarz screening threshold:            1.00e-10
 Coulomb fitting method:                 Cholesky
 Total number of grid points:        90292
 Method for AO orthogonalization:        symmetric
 Threshold for linear dependence:        1.00e-08
 D3BJ dispersion energy:                -0.019705835

 -------------------------------------
  Running restricted closed-shell SCF 
 -------------------------------------
 Max number of iterations:             128
 Conv. threshold (gradient):             1.00e-05
 Conv. threshold (energy):               1.00e-06
 Interpolation scheme:                   adiis+cdiis
 Initial guess:                          SAD

 ---------------------------------------------------------------
                  energy        change          grad        time
 ---------------------------------------------------------------
   0     -1725.814382199                    3.42e+01        0.24
   1     -1722.936945578      2.88e+00      1.01e+01        0.25
   2     -1690.468376419      3.25e+01      3.52e+01        0.24
   3     -1716.791752078     -2.63e+01      2.96e+01        0.26
   4     -1722.967845963     -6.18e+00      8.46e+00        0.26
   5     -1722.633802724      3.34e-01      1.41e+01        0.27
   6     -1723.975387708     -1.34e+00      3.81e-01        0.27
   7     -1723.899897567      7.55e-02      1.01e+00        0.28
   8     -1723.981560940     -8.17e-02      2.73e-01        0.29
   9     -1723.986001589     -4.44e-03      2.44e-01        0.31
  10     -1723.978567828      7.43e-03      1.18e+00        0.31
  11     -1723.984883554     -6.32e-03      3.10e-01        0.34
  12     -1723.986444811     -1.56e-03      3.81e-01        0.33
  13     -1723.986472701     -2.79e-05      3.68e-01        0.33
  14     -1723.987150921     -6.78e-04      4.49e-02        0.33
  15     -1723.987259754     -1.09e-04      2.41e-02        0.34
  16     -1723.987305961     -4.62e-05      1.29e-04        0.30
  17     -1723.987305961     -1.29e-10      9.10e-06        0.27

 SCF converged in 17 iterations.

 Dipole moment (in Debye):              -0.000054       0.000011      -0.000053

 Quadrupole moment (in Debye-Angstrom):
                  1            2            3
 1       -83.561405    -0.000235     0.000132
 2        -0.000235   -83.561347     0.000014
 3         0.000132     0.000014   -83.561275

 Spin-squared expectation <S^2>:         0.000
 Total spin quantum number S:            0.000
 TOTAL ENERGY:                       -1723.987305961

 --------------------------------------------------------------------------------

 End time:                               Tue Oct 26 09:31:07 2021
 Total wall-clock time:                 13.723 seconds
==================================================================================
