
================================================================================
          _____________ ________ _______________ ________     _________         
         / ___________// ______ \\_____   _____// ______ \   / ________)        
        / /_________  / /      \ \     | |     / /      \ \ | (_______          
       |  __________|| |        | |    | |    | |        | | \________ \        
        \ \_________ | |        | |    | |     \ \______/ /___________) |       
         \__________||_|        |_|    |_|      \________//____________/        
                                                                                
====================================[ Qcore ]===================================

 Git describe: 2.3.0-1-g21d9df7e5
 Compiler:     GNU 9.1.0
 Build type:   Release
 Version:      2.3.0-1-g21d9df7e5

 Start time:   Tue Oct 26 09:31:23 2021

 Data directory: /work/zw18965/.local/qcore/share/entos/qcore/data
 Number of threads: 24
 Number of threads was determined by: command line argument

 --------------------------------------------------------------------------------
                                   command: dft                                  
 --------------------------------------------------------------------------------
 AO basis set:                           def2-tzvppd
 Number of AO basis functions:         959
 ECP on atom 21 (Pd):                    28 electrons
 ECP on atom 30 (I):                     28 electrons

 Formula:                                C13H17N2PdI
 Nuclear charge:                       208.000000000
 Total charge:                           0.000000000
 Number of core electrons:              56
 Number of treated electrons:          152

 Number of alpha electrons:             76
 Number of beta electrons:              76
 Number of unpaired electrons:           0
 Spin:                                   0
 Multiplicity:                           singlet

 Theory:                                 dft
 Exchange-correlation functional:        pbe
 Method for Coulomb:                     incore_df
 Integral threshold:                     1.00e-12
 DF basis set:                           def2-universal-jkfit
 Number of DF basis functions:        1908
 Schwarz screening threshold:            1.00e-10
 Coulomb fitting method:                 Cholesky
 Total number of grid points:       219414
 Method for AO orthogonalization:        symmetric
 Threshold for linear dependence:        1.00e-08
 D3BJ dispersion energy:                -0.053556308

 -------------------------------------
  Running restricted closed-shell SCF 
 -------------------------------------
 Max number of iterations:             128
 Conv. threshold (gradient):             1.00e-05
 Conv. threshold (energy):               1.00e-06
 Interpolation scheme:                   adiis+cdiis
 Initial guess:                          SAD

 ---------------------------------------------------------------
                  energy        change          grad        time
 ---------------------------------------------------------------
   0     -1042.939497938                    3.12e+01        1.41
   1     -1028.780708430      1.42e+01      3.64e+01        1.17
   2      -639.930360913      3.89e+02      1.19e+02        1.31
   3     -1020.348982161     -3.80e+02      3.80e+01        1.34
   4     -1039.028412961     -1.87e+01      9.55e+00        1.29
   5     -1038.820975525      2.07e-01      8.50e+00        1.39
   6     -1039.792950449     -9.72e-01      8.29e+00        1.31
   7     -1039.811836418     -1.89e-02      4.04e+00        1.51
   8     -1040.045399100     -2.34e-01      3.54e+00        1.68
   9     -1040.261149865     -2.16e-01      1.21e+00        1.60
  10     -1040.209344726      5.18e-02      2.46e+00        1.60
  11     -1040.265270654     -5.59e-02      8.66e-01        1.63
  12     -1040.262179349      3.09e-03      1.35e+00        1.53
  13     -1040.281468844     -1.93e-02      2.58e-01        1.60
  14     -1040.276942341      4.53e-03      7.17e-01        1.57
  15     -1040.281719279     -4.78e-03      1.97e-01        1.57
  16     -1040.282147429     -4.28e-04      3.06e-02        1.66
  17     -1040.281881212      2.66e-04      1.21e-01        1.67
  18     -1040.282169631     -2.88e-04      3.29e-04        1.42
  19     -1040.282169632     -4.72e-10      3.22e-04        1.25
  20     -1040.282169634     -2.64e-09      7.38e-05        1.30
  21     -1040.282169635     -1.51e-10      2.84e-05        1.22
  22     -1040.282169635     -6.59e-11      1.11e-05        1.22
  23     -1040.282169635      4.14e-11      3.00e-06        1.26

 SCF converged in 23 iterations.

 Dipole moment (in Debye):              -8.313451       0.439842       2.513394

 Quadrupole moment (in Debye-Angstrom):
                  1            2            3
 1      -126.223649     0.533042    10.825172
 2         0.533042  -113.715728     2.372274
 3        10.825172     2.372274  -152.565295

 Spin-squared expectation <S^2>:         0.000
 Total spin quantum number S:            0.000
 TOTAL ENERGY:                       -1040.282169635

 --------------------------------------------------------------------------------

 End time:                               Tue Oct 26 09:38:52 2021
 Total wall-clock time:                449.003 seconds
==================================================================================
