
================================================================================
          _____________ ________ _______________ ________     _________         
         / ___________// ______ \\_____   _____// ______ \   / ________)        
        / /_________  / /      \ \     | |     / /      \ \ | (_______          
       |  __________|| |        | |    | |    | |        | | \________ \        
        \ \_________ | |        | |    | |     \ \______/ /___________) |       
         \__________||_|        |_|    |_|      \________//____________/        
                                                                                
====================================[ Qcore ]===================================

 Git describe: 2.3.0-1-g21d9df7e5
 Compiler:     GNU 9.1.0
 Build type:   Release
 Version:      2.3.0-1-g21d9df7e5

 Start time:   Tue Oct 26 09:30:31 2021

 Data directory: /work/zw18965/.local/qcore/share/entos/qcore/data
 Number of threads: 24
 Number of threads was determined by: command line argument

 --------------------------------------------------------------------------------
                                   command: dft                                  
 --------------------------------------------------------------------------------
 AO basis set:                           def2-tzvppd
 Number of AO basis functions:        1275

 Formula:                                C18H33P
 Nuclear charge:                       156.000000000
 Total charge:                           0.000000000
 Number of electrons:                  156.000000000

 Number of alpha electrons:             78
 Number of beta electrons:              78
 Number of unpaired electrons:           0
 Spin:                                   0
 Multiplicity:                           singlet

 Theory:                                 dft
 Exchange-correlation functional:        pbe
 Method for Coulomb:                     incore_df
 Integral threshold:                     1.00e-12
 DF basis set:                           def2-universal-jkfit
 Number of DF basis functions:        2072
 Schwarz screening threshold:            1.00e-10
 Coulomb fitting method:                 Cholesky
 Total number of grid points:       324120
 Method for AO orthogonalization:        symmetric
 Threshold for linear dependence:        1.00e-08
 D3BJ dispersion energy:                -0.067883779

 -------------------------------------
  Running restricted closed-shell SCF 
 -------------------------------------
 Max number of iterations:             128
 Conv. threshold (gradient):             1.00e-05
 Conv. threshold (energy):               1.00e-06
 Interpolation scheme:                   adiis+cdiis
 Initial guess:                          SAD

 ---------------------------------------------------------------
                  energy        change          grad        time
 ---------------------------------------------------------------
   0     -1049.291199874                    2.65e+01        3.53
   1     -1045.483569940      3.81e+00      2.46e+00        3.42
   2     -1043.396053182      2.09e+00      4.40e+00        3.36
   3     -1046.233617716     -2.84e+00      8.33e-01        3.38
   4     -1046.235859175     -2.24e-03      8.70e-01        3.05
   5     -1046.347250286     -1.11e-01      1.64e-01        3.12
   6     -1046.345013580      2.24e-03      2.95e-01        3.17
   7     -1046.349167433     -4.15e-03      2.92e-02        3.37
   8     -1046.349156974      1.05e-05      3.87e-02        3.18
   9     -1046.349263902     -1.07e-04      2.57e-03        3.27
  10     -1046.349264009     -1.08e-07      9.23e-04        3.23
  11     -1046.349264022     -1.27e-08      1.49e-04        3.03
  12     -1046.349264022     -5.71e-10      3.67e-05        3.19
  13     -1046.349264022     -1.01e-10      1.24e-05        3.33
  14     -1046.349264022     -1.09e-11      7.91e-06        3.14

 SCF converged in 14 iterations.

 Dipole moment (in Debye):               0.134988       0.119147       1.327969

 Quadrupole moment (in Debye-Angstrom):
                  1            2            3
 1      -128.917511     0.180346    -0.362544
 2         0.180346  -129.293288    -0.529731
 3        -0.362544    -0.529731  -135.257315

 Spin-squared expectation <S^2>:         0.000
 Total spin quantum number S:            0.000
 TOTAL ENERGY:                       -1046.349264022

 --------------------------------------------------------------------------------

 End time:                               Tue Oct 26 09:31:33 2021
 Total wall-clock time:                 62.894 seconds
==================================================================================
