
================================================================================
          _____________ ________ _______________ ________     _________         
         / ___________// ______ \\_____   _____// ______ \   / ________)        
        / /_________  / /      \ \     | |     / /      \ \ | (_______          
       |  __________|| |        | |    | |    | |        | | \________ \        
        \ \_________ | |        | |    | |     \ \______/ /___________) |       
         \__________||_|        |_|    |_|      \________//____________/        
                                                                                
====================================[ Qcore ]===================================

 Git describe: 2.3.0-1-g21d9df7e5
 Compiler:     GNU 9.1.0
 Build type:   Release
 Version:      2.3.0-1-g21d9df7e5

 Start time:   Tue Oct 26 09:30:29 2021

 Data directory: /work/zw18965/.local/qcore/share/entos/qcore/data
 Number of threads: 24
 Number of threads was determined by: command line argument

 --------------------------------------------------------------------------------
                                   command: dft                                  
 --------------------------------------------------------------------------------
 AO basis set:                           def2-tzvppd
 Number of AO basis functions:         162

 Formula:                                C2H3N
 Nuclear charge:                        22.000000000
 Total charge:                           0.000000000
 Number of electrons:                   22.000000000

 Number of alpha electrons:             11
 Number of beta electrons:              11
 Number of unpaired electrons:           0
 Spin:                                   0
 Multiplicity:                           singlet

 Theory:                                 dft
 Exchange-correlation functional:        pbe
 Method for Coulomb:                     incore_df
 Integral threshold:                     1.00e-12
 DF basis set:                           def2-universal-jkfit
 Number of DF basis functions:         281
 Schwarz screening threshold:            1.00e-10
 Coulomb fitting method:                 Cholesky
 Total number of grid points:        38070
 Method for AO orthogonalization:        symmetric
 Threshold for linear dependence:        1.00e-08
 D3BJ dispersion energy:                -0.002807865

 -------------------------------------
  Running restricted closed-shell SCF 
 -------------------------------------
 Max number of iterations:             128
 Conv. threshold (gradient):             1.00e-05
 Conv. threshold (energy):               1.00e-06
 Interpolation scheme:                   adiis+cdiis
 Initial guess:                          SAD

 ---------------------------------------------------------------
                  energy        change          grad        time
 ---------------------------------------------------------------
   0      -132.909882253                    1.07e+01        0.04
   1      -132.531641101      3.78e-01      1.19e+00        0.03
   2      -132.276127944      2.56e-01      2.81e+00        0.03
   3      -132.612985610     -3.37e-01      6.87e-01        0.03
   4      -132.538190134      7.48e-02      1.35e+00        0.03
   5      -132.629282635     -9.11e-02      3.99e-01        0.03
   6      -132.615341822      1.39e-02      7.74e-01        0.03
   7      -132.638053940     -2.27e-02      1.66e-01        0.03
   8      -132.632677491      5.38e-03      3.26e-01        0.03
   9      -132.639078161     -6.40e-03      9.91e-02        0.03
  10      -132.639235669     -1.58e-04      6.32e-02        0.03
  11      -132.639472948     -2.37e-04      7.17e-05        0.03
  12      -132.639472948     -3.26e-10      1.17e-05        0.03
  13      -132.639472948     -3.98e-12      2.76e-06        0.03

 SCF converged in 13 iterations.

 Dipole moment (in Debye):              -3.976061      -0.231447       0.147512

 Quadrupole moment (in Debye-Angstrom):
                  1            2            3
 1       -20.865653    -0.184529     0.117573
 2        -0.184529   -17.706947     0.006866
 3         0.117573     0.006866   -17.700531

 Spin-squared expectation <S^2>:         0.000
 Total spin quantum number S:            0.000
 TOTAL ENERGY:                        -132.639472948

 --------------------------------------------------------------------------------

 End time:                               Tue Oct 26 09:30:30 2021
 Total wall-clock time:                  0.963 seconds
==================================================================================
