
================================================================================
          _____________ ________ _______________ ________     _________         
         / ___________// ______ \\_____   _____// ______ \   / ________)        
        / /_________  / /      \ \     | |     / /      \ \ | (_______          
       |  __________|| |        | |    | |    | |        | | \________ \        
        \ \_________ | |        | |    | |     \ \______/ /___________) |       
         \__________||_|        |_|    |_|      \________//____________/        
                                                                                
====================================[ Qcore ]===================================

 Git describe: 2.3.0-1-g21d9df7e5
 Compiler:     GNU 9.1.0
 Build type:   Release
 Version:      2.3.0-1-g21d9df7e5

 Start time:   Tue Oct 26 09:29:05 2021

 Data directory: /work/zw18965/.local/qcore/share/entos/qcore/data
 Number of threads: 24
 Number of threads was determined by: command line argument
  - More threads can be used by running 'qcore -n 32'

 --------------------------------------------------------------------------------
                                   command: dft                                  
 --------------------------------------------------------------------------------
 AO basis set:                           def2-tzvppd
 Number of AO basis functions:        2079
 ECP on atom 1 (Rh):                     28 electrons

 Formula:                                C36H32P2ClRh
 Nuclear charge:                       340.000000000
 Total charge:                           0.000000000
 Number of core electrons:              28
 Number of treated electrons:          312

 Number of alpha electrons:            156
 Number of beta electrons:             156
 Number of unpaired electrons:           0
 Spin:                                   0
 Multiplicity:                           singlet

 Theory:                                 dft
 Exchange-correlation functional:        pbe
 Method for Coulomb:                     incore_df
 Integral threshold:                     1.00e-12
 DF basis set:                           def2-universal-jkfit
 Number of DF basis functions:        3915
 Schwarz screening threshold:            1.00e-10
 Coulomb fitting method:                 Cholesky
 Total number of grid points:       463888
 Method for AO orthogonalization:        symmetric
 Threshold for linear dependence:        1.00e-08
 D3BJ dispersion energy:                -0.129671913

 -------------------------------------
  Running restricted closed-shell SCF 
 -------------------------------------
 Max number of iterations:             128
 Conv. threshold (gradient):             1.00e-05
 Conv. threshold (energy):               1.00e-06
 Interpolation scheme:                   adiis+cdiis
 Initial guess:                          SAD

 ---------------------------------------------------------------
                  energy        change          grad        time
 ---------------------------------------------------------------
   0     -2650.759748304                    3.33e+01        8.48
   1     -2641.870365510      8.89e+00      4.52e+00        8.77
   2     -2635.997142299      5.87e+00      3.07e+01        8.55
   3     -2642.530178444     -6.53e+00      2.24e+00        8.73
   4     -2642.156250500      3.74e-01      1.17e+01        9.29
   5     -2642.798645726     -6.42e-01      6.63e+00        8.55
   6     -2642.875763741     -7.71e-02      5.57e+00        9.81
   7     -2642.926460454     -5.07e-02      1.38e+00       10.00
   8     -2643.082079315     -1.56e-01      5.20e-01       10.38
   9     -2643.019118145      6.30e-02      2.35e+00       10.69
  10     -2643.079918030     -6.08e-02      3.46e-01       11.79
  11     -2643.085795222     -5.88e-03      6.93e-01       11.70
  12     -2643.085708421      8.68e-05      6.65e-01       11.74
  13     -2643.088066731     -2.36e-03      9.90e-02       11.52
  14     -2643.087647053      4.20e-04      1.26e-01       11.82
  15     -2643.088581312     -9.34e-04      8.76e-04       10.02
  16     -2643.088581332     -2.04e-08      7.99e-04        9.67
  17     -2643.088581355     -2.30e-08      1.59e-04        9.44
  18     -2643.088581356     -8.78e-10      8.97e-05        9.91
  19     -2643.088581357     -6.37e-10      2.32e-05        9.38
  20     -2643.088581357      1.36e-11      1.51e-05        9.60
  21     -2643.088581356      1.56e-10      5.82e-06        9.36

 SCF converged in 21 iterations.

 Dipole moment (in Debye):               0.000278       2.973939       0.089215

 Quadrupole moment (in Debye-Angstrom):
                  1            2            3
 1      -239.357568    -0.085273    -0.208952
 2        -0.085273  -260.348701    -0.345267
 3        -0.208952    -0.345267  -253.383526

 Spin-squared expectation <S^2>:         0.000
 Total spin quantum number S:            0.000
 TOTAL ENERGY:                       -2643.088581357

 --------------------------------------------------------------------------------

 End time:                               Tue Oct 26 09:35:32 2021
 Total wall-clock time:                387.560 seconds
==================================================================================
