
================================================================================
          _____________ ________ _______________ ________     _________         
         / ___________// ______ \\_____   _____// ______ \   / ________)        
        / /_________  / /      \ \     | |     / /      \ \ | (_______          
       |  __________|| |        | |    | |    | |        | | \________ \        
        \ \_________ | |        | |    | |     \ \______/ /___________) |       
         \__________||_|        |_|    |_|      \________//____________/        
                                                                                
====================================[ Qcore ]===================================

 Git describe: 2.3.0-1-g21d9df7e5
 Compiler:     GNU 9.1.0
 Build type:   Release
 Version:      2.3.0-1-g21d9df7e5

 Start time:   Tue Oct 26 09:28:44 2021

 Data directory: /work/zw18965/.local/qcore/share/entos/qcore/data
 Number of threads: 24
 Number of threads was determined by: command line argument
  - More threads can be used by running 'qcore -n 32'

 --------------------------------------------------------------------------------
                                   command: dft                                  
 --------------------------------------------------------------------------------
 AO basis set:                           def2-tzvppd
 Number of AO basis functions:         546

 Formula:                                C6HO6Mn
 Nuclear charge:                       110.000000000
 Total charge:                           0.000000000
 Number of electrons:                  110.000000000

 Number of alpha electrons:             55
 Number of beta electrons:              55
 Number of unpaired electrons:           0
 Spin:                                   0
 Multiplicity:                           singlet

 Theory:                                 dft
 Exchange-correlation functional:        pbe
 Method for Coulomb:                     incore_df
 Integral threshold:                     1.00e-12
 DF basis set:                           def2-universal-jkfit
 Number of DF basis functions:        1194
 Schwarz screening threshold:            1.00e-10
 Coulomb fitting method:                 Cholesky
 Total number of grid points:        96290
 Method for AO orthogonalization:        symmetric
 Threshold for linear dependence:        1.00e-08
 D3BJ dispersion energy:                -0.018397397

 -------------------------------------
  Running restricted closed-shell SCF 
 -------------------------------------
 Max number of iterations:             128
 Conv. threshold (gradient):             1.00e-05
 Conv. threshold (energy):               1.00e-06
 Interpolation scheme:                   adiis+cdiis
 Initial guess:                          SAD

 ---------------------------------------------------------------
                  energy        change          grad        time
 ---------------------------------------------------------------
   0     -1833.153216291                    3.38e+01        0.28
   1     -1830.854366265      2.30e+00      2.07e+00        0.27
   2     -1828.167990762      2.69e+00      1.23e+01        0.28
   3     -1830.556255326     -2.39e+00      4.49e+00        0.28
   4     -1829.545826766      1.01e+00      1.20e+01        0.29
   5     -1831.047981227     -1.50e+00      8.81e-01        0.29
   6     -1830.433808177      6.14e-01      7.86e+00        0.28
   7     -1831.002685376     -5.69e-01      1.46e+00        0.31
   8     -1831.044894295     -4.22e-02      1.69e+00        0.32
   9     -1831.022416763      2.25e-02      2.28e+00        0.34
  10     -1831.065424221     -4.30e-02      5.87e-01        0.40
  11     -1831.065390052      3.42e-05      5.03e-01        0.40
  12     -1831.063745369      1.64e-03      6.49e-01        0.40
  13     -1831.068180320     -4.43e-03      1.02e-01        0.38
  14     -1831.067033715      1.15e-03      3.79e-01        0.38
  15     -1831.068051551     -1.02e-03      1.63e-01        0.39
  16     -1831.068212325     -1.61e-04      5.22e-02        0.38
  17     -1831.068262174     -4.98e-05      1.77e-02        0.40
  18     -1831.068269849     -7.67e-06      1.04e-04        0.37
  19     -1831.068269849      3.30e-10      1.77e-04        0.29
  20     -1831.068269849     -5.07e-10      8.48e-05        0.31
  21     -1831.068269849     -2.05e-10      1.43e-05        0.31
  22     -1831.068269849     -1.14e-11      1.73e-05        0.28
  23     -1831.068269849      6.37e-12      6.54e-07        0.29

 SCF converged in 23 iterations.

 Dipole moment (in Debye):               1.620044      -0.001300      -0.139085

 Quadrupole moment (in Debye-Angstrom):
                  1            2            3
 1       -89.357892     0.015512    -2.303603
 2         0.015512   -82.710842    -0.007416
 3        -2.303603    -0.007416   -80.330249

 Spin-squared expectation <S^2>:         0.000
 Total spin quantum number S:            0.000
 TOTAL ENERGY:                       -1831.068269849

 --------------------------------------------------------------------------------

 End time:                               Tue Oct 26 09:29:01 2021
 Total wall-clock time:                 16.783 seconds
==================================================================================
