
================================================================================
          _____________ ________ _______________ ________     _________         
         / ___________// ______ \\_____   _____// ______ \   / ________)        
        / /_________  / /      \ \     | |     / /      \ \ | (_______          
       |  __________|| |        | |    | |    | |        | | \________ \        
        \ \_________ | |        | |    | |     \ \______/ /___________) |       
         \__________||_|        |_|    |_|      \________//____________/        
                                                                                
====================================[ Qcore ]===================================

 Git describe: 2.3.0-1-g21d9df7e5
 Compiler:     GNU 9.1.0
 Build type:   Release
 Version:      2.3.0-1-g21d9df7e5

 Start time:   Tue Oct 26 09:31:10 2021

 Data directory: /work/zw18965/.local/qcore/share/entos/qcore/data
 Number of threads: 24
 Number of threads was determined by: command line argument

 --------------------------------------------------------------------------------
                                   command: dft                                  
 --------------------------------------------------------------------------------
 AO basis set:                           def2-tzvppd
 Number of AO basis functions:        1800
 ECP on atom 1 (W):                      60 electrons

 Formula:                                C21H44O3P2W
 Nuclear charge:                       298.000000000
 Total charge:                           0.000000000
 Number of core electrons:              60
 Number of treated electrons:          238

 Number of alpha electrons:            119
 Number of beta electrons:             119
 Number of unpaired electrons:           0
 Spin:                                   0
 Multiplicity:                           singlet

 Theory:                                 dft
 Exchange-correlation functional:        pbe
 Method for Coulomb:                     incore_df
 Integral threshold:                     1.00e-12
 DF basis set:                           def2-universal-jkfit
 Number of DF basis functions:        3081
 Schwarz screening threshold:            1.00e-10
 Coulomb fitting method:                 Cholesky
 Total number of grid points:       446468
 Method for AO orthogonalization:        symmetric
 Threshold for linear dependence:        1.00e-08
 D3BJ dispersion energy:                -0.116864447

 -------------------------------------
  Running restricted closed-shell SCF 
 -------------------------------------
 Max number of iterations:             128
 Conv. threshold (gradient):             1.00e-05
 Conv. threshold (energy):               1.00e-06
 Interpolation scheme:                   adiis+cdiis
 Initial guess:                          SAD

 ---------------------------------------------------------------
                  energy        change          grad        time
 ---------------------------------------------------------------
   0     -1804.290012948                    2.47e+02        7.03
   1     -1800.067387087      4.22e+00      2.52e+00        6.68
   2     -1797.952044838      2.12e+00      5.54e+00        6.63
   3     -1800.966404456     -3.01e+00      3.20e+00        6.91
   4     -1798.951328974      2.02e+00      1.18e+01        6.98
   5     -1801.027694549     -2.08e+00      2.41e+00        7.41
   6     -1801.155582070     -1.28e-01      1.49e+00        7.78
   7     -1801.043207162      1.12e-01      2.88e+00        7.56
   8     -1801.193287011     -1.50e-01      9.42e-01        7.68
   9     -1801.166979772      2.63e-02      1.59e+00        8.13
  10     -1801.223603785     -5.66e-02      2.97e-01        8.99
  11     -1801.204112159      1.95e-02      1.02e+00        8.98
  12     -1801.222822832     -1.87e-02      3.19e-01        8.65
  13     -1801.218936628      3.89e-03      4.44e-01        9.00
  14     -1801.226166748     -7.23e-03      6.21e-02        8.64
  15     -1801.223378994      2.79e-03      2.62e-01        8.70
  16     -1801.226328066     -2.95e-03      1.90e-03        8.34
  17     -1801.226328091     -2.46e-08      1.31e-03        7.41
  18     -1801.226328138     -4.70e-08      3.38e-04        7.36
  19     -1801.226328141     -2.68e-09      9.87e-05        7.21
  20     -1801.226328141     -3.36e-10      8.18e-05        8.03
  21     -1801.226328141     -8.23e-11      1.50e-05        7.33
  22     -1801.226328141     -3.21e-11      3.58e-06        7.69

 SCF converged in 22 iterations.

 Dipole moment (in Debye):              -0.001545       0.067326       1.725326

 Quadrupole moment (in Debye-Angstrom):
                  1            2            3
 1      -184.019367     0.001065     0.001650
 2         0.001065  -217.711675    -1.469209
 3         0.001650    -1.469209  -209.344760

 Spin-squared expectation <S^2>:         0.000
 Total spin quantum number S:            0.000
 TOTAL ENERGY:                       -1801.226328141

 --------------------------------------------------------------------------------

 End time:                               Tue Oct 26 09:36:18 2021
 Total wall-clock time:                308.206 seconds
==================================================================================
