
================================================================================
          _____________ ________ _______________ ________     _________         
         / ___________// ______ \\_____   _____// ______ \   / ________)        
        / /_________  / /      \ \     | |     / /      \ \ | (_______          
       |  __________|| |        | |    | |    | |        | | \________ \        
        \ \_________ | |        | |    | |     \ \______/ /___________) |       
         \__________||_|        |_|    |_|      \________//____________/        
                                                                                
====================================[ Qcore ]===================================

 Git describe: 2.3.0-1-g21d9df7e5
 Compiler:     GNU 9.1.0
 Build type:   Release
 Version:      2.3.0-1-g21d9df7e5

 Start time:   Tue Oct 26 09:30:33 2021

 Data directory: /work/zw18965/.local/qcore/share/entos/qcore/data
 Number of threads: 24
 Number of threads was determined by: command line argument

 --------------------------------------------------------------------------------
                                   command: dft                                  
 --------------------------------------------------------------------------------
 AO basis set:                           def2-tzvppd
 Number of AO basis functions:         381

 Formula:                                C6H6Se
 Nuclear charge:                        76.000000000
 Total charge:                           0.000000000
 Number of electrons:                   76.000000000

 Number of alpha electrons:             38
 Number of beta electrons:              38
 Number of unpaired electrons:           0
 Spin:                                   0
 Multiplicity:                           singlet

 Theory:                                 dft
 Exchange-correlation functional:        pbe
 Method for Coulomb:                     incore_df
 Integral threshold:                     1.00e-12
 DF basis set:                           def2-universal-jkfit
 Number of DF basis functions:         824
 Schwarz screening threshold:            1.00e-10
 Coulomb fitting method:                 Cholesky
 Total number of grid points:        84112
 Method for AO orthogonalization:        symmetric
 Threshold for linear dependence:        1.00e-08
 D3BJ dispersion energy:                -0.014451711

 -------------------------------------
  Running restricted closed-shell SCF 
 -------------------------------------
 Max number of iterations:             128
 Conv. threshold (gradient):             1.00e-05
 Conv. threshold (energy):               1.00e-06
 Interpolation scheme:                   adiis+cdiis
 Initial guess:                          SAD

 ---------------------------------------------------------------
                  energy        change          grad        time
 ---------------------------------------------------------------
   0     -2634.460680231                    1.57e+01        0.16
   1     -2632.968643349      1.49e+00      1.46e+00        0.17
   2     -2632.196735811      7.72e-01      3.21e+00        0.15
   3     -2633.182329079     -9.86e-01      6.77e-01        0.15
   4     -2633.199721608     -1.74e-02      5.36e-01        0.16
   5     -2633.229622813     -2.99e-02      1.80e-01        0.16
   6     -2633.225315285      4.31e-03      3.21e-01        0.17
   7     -2633.231220027     -5.90e-03      7.91e-02        0.17
   8     -2633.231232168     -1.21e-05      7.41e-02        0.18
   9     -2633.231509695     -2.78e-04      3.23e-03        0.18
  10     -2633.231510082     -3.88e-07      5.27e-04        0.16
  11     -2633.231510091     -8.92e-09      3.90e-04        0.16
  12     -2633.231510103     -1.18e-08      8.54e-05        0.17
  13     -2633.231510104     -5.25e-10      3.01e-05        0.16
  14     -2633.231510104     -4.59e-11      1.35e-05        0.16
  15     -2633.231510104     -1.00e-11      2.49e-06        0.17

 SCF converged in 15 iterations.

 Dipole moment (in Debye):               0.755225       0.488887       0.000003

 Quadrupole moment (in Debye-Angstrom):
                  1            2            3
 1       -50.696574    -1.515411    -0.000017
 2        -1.515411   -48.135871    -0.000006
 3        -0.000017    -0.000006   -59.294722

 Spin-squared expectation <S^2>:         0.000
 Total spin quantum number S:            0.000
 TOTAL ENERGY:                       -2633.231510104

 --------------------------------------------------------------------------------

 End time:                               Tue Oct 26 09:30:45 2021
 Total wall-clock time:                 12.001 seconds
==================================================================================
