
================================================================================
          _____________ ________ _______________ ________     _________         
         / ___________// ______ \\_____   _____// ______ \   / ________)        
        / /_________  / /      \ \     | |     / /      \ \ | (_______          
       |  __________|| |        | |    | |    | |        | | \________ \        
        \ \_________ | |        | |    | |     \ \______/ /___________) |       
         \__________||_|        |_|    |_|      \________//____________/        
                                                                                
====================================[ Qcore ]===================================

 Git describe: 2.3.0-1-g21d9df7e5
 Compiler:     GNU 9.1.0
 Build type:   Release
 Version:      2.3.0-1-g21d9df7e5

 Start time:   Tue Oct 26 09:30:24 2021

 Data directory: /work/zw18965/.local/qcore/share/entos/qcore/data
 Number of threads: 24
 Number of threads was determined by: command line argument

 --------------------------------------------------------------------------------
                                   command: dft                                  
 --------------------------------------------------------------------------------
 AO basis set:                           def2-tzvppd
 Number of AO basis functions:         118
 ECP on atom 1 (I):                      28 electrons
 ECP on atom 2 (I):                      28 electrons

 Formula:                                I2
 Nuclear charge:                       106.000000000
 Total charge:                           0.000000000
 Number of core electrons:              56
 Number of treated electrons:           50

 Number of alpha electrons:             25
 Number of beta electrons:              25
 Number of unpaired electrons:           0
 Spin:                                   0
 Multiplicity:                           singlet

 Theory:                                 dft
 Exchange-correlation functional:        pbe
 Method for Coulomb:                     incore_df
 Integral threshold:                     1.00e-12
 DF basis set:                           def2-universal-jkfit
 Number of DF basis functions:         436
 Schwarz screening threshold:            1.00e-10
 Coulomb fitting method:                 Cholesky
 Total number of grid points:        17740
 Method for AO orthogonalization:        symmetric
 Threshold for linear dependence:        1.00e-08
 D3BJ dispersion energy:                -0.001771444

 -------------------------------------
  Running restricted closed-shell SCF 
 -------------------------------------
 Max number of iterations:             128
 Conv. threshold (gradient):             1.00e-05
 Conv. threshold (energy):               1.00e-06
 Interpolation scheme:                   adiis+cdiis
 Initial guess:                          SAD

 ---------------------------------------------------------------
                  energy        change          grad        time
 ---------------------------------------------------------------
   0      -595.515074848                    2.05e+00        0.01
   1      -595.411579318      1.03e-01      1.06e-01        0.01
   2      -595.414089813     -2.51e-03      4.27e-02        0.01
   3      -595.414153268     -6.35e-05      3.53e-02        0.01
   4      -595.414456607     -3.03e-04      4.47e-04        0.01
   5      -595.414456661     -5.37e-08      2.91e-04        0.01
   6      -595.414456686     -2.46e-08      2.07e-05        0.01
   7      -595.414456686     -1.47e-10      5.55e-06        0.01

 SCF converged in 7 iterations.

 Dipole moment (in Debye):               0.000001       0.000001      -0.000015

 Quadrupole moment (in Debye-Angstrom):
                  1            2            3
 1       -54.714969     0.000000    -0.000000
 2         0.000000   -54.714969    -0.000000
 3        -0.000000    -0.000000   -47.616951

 Spin-squared expectation <S^2>:         0.000
 Total spin quantum number S:            0.000
 TOTAL ENERGY:                        -595.414456686

 --------------------------------------------------------------------------------

 End time:                               Tue Oct 26 09:30:28 2021
 Total wall-clock time:                  3.543 seconds
==================================================================================
