
================================================================================
          _____________ ________ _______________ ________     _________         
         / ___________// ______ \\_____   _____// ______ \   / ________)        
        / /_________  / /      \ \     | |     / /      \ \ | (_______          
       |  __________|| |        | |    | |    | |        | | \________ \        
        \ \_________ | |        | |    | |     \ \______/ /___________) |       
         \__________||_|        |_|    |_|      \________//____________/        
                                                                                
====================================[ Qcore ]===================================

 Git describe: 2.3.0-1-g21d9df7e5
 Compiler:     GNU 9.1.0
 Build type:   Release
 Version:      2.3.0-1-g21d9df7e5

 Start time:   Tue Oct 26 09:34:59 2021

 Data directory: /work/zw18965/.local/qcore/share/entos/qcore/data
 Number of threads: 24
 Number of threads was determined by: command line argument

 --------------------------------------------------------------------------------
                                   command: dft                                  
 --------------------------------------------------------------------------------
 AO basis set:                           def2-tzvppd
 Number of AO basis functions:         714
 ECP on atom 1 (Mo):                     28 electrons
 ECP on atom 22 (I):                     28 electrons
 ECP on atom 23 (I):                     28 electrons

 Formula:                                C10H10MoI2
 Nuclear charge:                       218.000000000
 Total charge:                           0.000000000
 Number of core electrons:              84
 Number of treated electrons:          134

 Number of alpha electrons:             67
 Number of beta electrons:              67
 Number of unpaired electrons:           0
 Spin:                                   0
 Multiplicity:                           singlet

 Theory:                                 dft
 Exchange-correlation functional:        pbe
 Method for Coulomb:                     incore_df
 Integral threshold:                     1.00e-12
 DF basis set:                           def2-universal-jkfit
 Number of DF basis functions:        1621
 Schwarz screening threshold:            1.00e-10
 Coulomb fitting method:                 Cholesky
 Total number of grid points:       152910
 Method for AO orthogonalization:        symmetric
 Threshold for linear dependence:        1.00e-08
 D3BJ dispersion energy:                -0.041721739

 -------------------------------------
  Running restricted closed-shell SCF 
 -------------------------------------
 Max number of iterations:             128
 Conv. threshold (gradient):             1.00e-05
 Conv. threshold (energy):               1.00e-06
 Interpolation scheme:                   adiis+cdiis
 Initial guess:                          SAD

 ---------------------------------------------------------------
                  energy        change          grad        time
 ---------------------------------------------------------------
   0     -1052.957796422                    3.89e+01        0.77
   1     -1049.427698084      3.53e+00      8.31e+00        0.72
   2     -1036.652700839      1.28e+01      2.72e+01        0.73
   3     -1048.723905684     -1.21e+01      1.42e+01        0.67
   4     -1050.470530526     -1.75e+00      1.55e+00        0.77
   5     -1049.305194842      1.17e+00      1.05e+01        0.73
   6     -1050.394495263     -1.09e+00      2.55e+00        0.74
   7     -1050.519578094     -1.25e-01      1.63e-01        0.73
   8     -1050.514159868      5.42e-03      5.54e-01        0.76
   9     -1050.519860212     -5.70e-03      3.58e-01        0.78
  10     -1050.517249852      2.61e-03      6.78e-01        0.83
  11     -1050.521630042     -4.38e-03      3.28e-02        0.84
  12     -1050.521511795      1.18e-04      9.54e-02        0.86
  13     -1050.521710007     -1.98e-04      3.14e-03        0.79
  14     -1050.521710093     -8.65e-08      7.63e-04        0.68
  15     -1050.521710109     -1.60e-08      1.37e-04        0.69
  16     -1050.521710110     -6.42e-10      9.76e-05        0.71
  17     -1050.521710110     -2.35e-10      2.08e-05        0.65
  18     -1050.521710110     -4.09e-12      1.55e-05        0.66
  19     -1050.521710110     -1.16e-11      3.73e-06        0.68

 SCF converged in 19 iterations.

 Dipole moment (in Debye):               0.008503       6.686875       0.003167

 Quadrupole moment (in Debye-Angstrom):
                  1            2            3
 1      -139.790649     0.012569     0.369735
 2         0.012569  -129.183416    -0.000201
 3         0.369735    -0.000201  -128.897459

 Spin-squared expectation <S^2>:         0.000
 Total spin quantum number S:            0.000
 TOTAL ENERGY:                       -1050.521710110

 --------------------------------------------------------------------------------

 End time:                               Tue Oct 26 09:38:45 2021
 Total wall-clock time:                225.588 seconds
==================================================================================
