
================================================================================
          _____________ ________ _______________ ________     _________         
         / ___________// ______ \\_____   _____// ______ \   / ________)        
        / /_________  / /      \ \     | |     / /      \ \ | (_______          
       |  __________|| |        | |    | |    | |        | | \________ \        
        \ \_________ | |        | |    | |     \ \______/ /___________) |       
         \__________||_|        |_|    |_|      \________//____________/        
                                                                                
====================================[ Qcore ]===================================

 Git describe: 2.3.0-1-g21d9df7e5
 Compiler:     GNU 9.1.0
 Build type:   Release
 Version:      2.3.0-1-g21d9df7e5

 Start time:   Tue Oct 26 09:32:25 2021

 Data directory: /work/zw18965/.local/qcore/share/entos/qcore/data
 Number of threads: 24
 Number of threads was determined by: command line argument
  - More threads can be used by running 'qcore -n 32'

 --------------------------------------------------------------------------------
                                   command: dft                                  
 --------------------------------------------------------------------------------
 AO basis set:                           def2-tzvppd
 Number of AO basis functions:        1685
 ECP on atom 1 (Ru):                     28 electrons

 Formula:                                C18H42P4SeRu
 Nuclear charge:                       288.000000000
 Total charge:                           0.000000000
 Number of core electrons:              28
 Number of treated electrons:          260

 Number of alpha electrons:            130
 Number of beta electrons:             130
 Number of unpaired electrons:           0
 Spin:                                   0
 Multiplicity:                           singlet

 Theory:                                 dft
 Exchange-correlation functional:        pbe
 Method for Coulomb:                     incore_df
 Integral threshold:                     1.00e-12
 DF basis set:                           def2-universal-jkfit
 Number of DF basis functions:        3139
 Schwarz screening threshold:            1.00e-10
 Coulomb fitting method:                 Cholesky
 Total number of grid points:       415566
 Method for AO orthogonalization:        symmetric
 Threshold for linear dependence:        1.00e-08
 D3BJ dispersion energy:                -0.119660012

 -------------------------------------
  Running restricted closed-shell SCF 
 -------------------------------------
 Max number of iterations:             128
 Conv. threshold (gradient):             1.00e-05
 Conv. threshold (energy):               1.00e-06
 Interpolation scheme:                   adiis+cdiis
 Initial guess:                          SAD

 ---------------------------------------------------------------
                  energy        change          grad        time
 ---------------------------------------------------------------
   0     -4574.865529364                    4.10e+01        5.28
   1     -4570.415902788      4.45e+00      4.79e+00        5.19
   2     -4560.946790883      9.47e+00      2.40e+01        5.25
   3     -4570.608234637     -9.66e+00      5.00e+00        5.30
   4     -4567.720691146      2.89e+00      2.01e+01        5.32
   5     -4571.703725338     -3.98e+00      3.35e+00        5.48
   6     -4566.572853246      5.13e+00      3.06e+01        5.79
   7     -4571.025946887     -4.45e+00      1.37e+01        5.91
   8     -4571.703232979     -6.77e-01      3.30e+00        6.30
   9     -4571.769840084     -6.66e-02      4.79e-01        6.50
  10     -4571.740528524      2.93e-02      2.19e+00        6.63
  11     -4571.769316590     -2.88e-02      3.74e-01        7.20
  12     -4571.771240587     -1.92e-03      5.41e-01        6.92
  13     -4571.770762790      4.78e-04      6.03e-01        6.85
  14     -4571.772570845     -1.81e-03      1.02e-01        6.60
  15     -4571.772134372      4.36e-04      1.95e-01        6.98
  16     -4571.772537838     -4.03e-04      1.68e-01        6.76
  17     -4571.772498916      3.89e-05      1.41e-01        6.73
  18     -4571.772671542     -1.73e-04      2.00e-02        6.52
  19     -4571.772625665      4.59e-05      9.10e-02        6.82
  20     -4571.772674654     -4.90e-05      7.54e-05        6.13
  21     -4571.772674654     -1.84e-10      1.44e-05        5.41
  22     -4571.772674654     -6.28e-11      1.73e-05        5.38
  23     -4571.772674654      8.09e-11      3.72e-06        5.48

 SCF converged in 23 iterations.

 Dipole moment (in Debye):               5.782026      -0.264843       0.934566

 Quadrupole moment (in Debye-Angstrom):
                  1            2            3
 1      -216.185105     0.332240    -1.075976
 2         0.332240  -204.505913     0.350246
 3        -1.075976     0.350246  -207.505591

 Spin-squared expectation <S^2>:         0.000
 Total spin quantum number S:            0.000
 TOTAL ENERGY:                       -4571.772674654

 --------------------------------------------------------------------------------

 End time:                               Tue Oct 26 09:38:09 2021
 Total wall-clock time:                344.162 seconds
==================================================================================
