
================================================================================
          _____________ ________ _______________ ________     _________         
         / ___________// ______ \\_____   _____// ______ \   / ________)        
        / /_________  / /      \ \     | |     / /      \ \ | (_______          
       |  __________|| |        | |    | |    | |        | | \________ \        
        \ \_________ | |        | |    | |     \ \______/ /___________) |       
         \__________||_|        |_|    |_|      \________//____________/        
                                                                                
====================================[ Qcore ]===================================

 Git describe: 2.3.0-1-g21d9df7e5
 Compiler:     GNU 9.1.0
 Build type:   Release
 Version:      2.3.0-1-g21d9df7e5

 Start time:   Tue Oct 26 09:32:53 2021

 Data directory: /work/zw18965/.local/qcore/share/entos/qcore/data
 Number of threads: 24
 Number of threads was determined by: command line argument

 --------------------------------------------------------------------------------
                                   command: dft                                  
 --------------------------------------------------------------------------------
 AO basis set:                           def2-tzvppd
 Number of AO basis functions:        1322
 ECP on atom 25 (Ru):                    28 electrons

 Formula:                                C16H31P2ClRu
 Nuclear charge:                       218.000000000
 Total charge:                           0.000000000
 Number of core electrons:              28
 Number of treated electrons:          190

 Number of alpha electrons:             95
 Number of beta electrons:              95
 Number of unpaired electrons:           0
 Spin:                                   0
 Multiplicity:                           singlet

 Theory:                                 dft
 Exchange-correlation functional:        pbe
 Method for Coulomb:                     incore_df
 Integral threshold:                     1.00e-12
 DF basis set:                           def2-universal-jkfit
 Number of DF basis functions:        2397
 Schwarz screening threshold:            1.00e-10
 Coulomb fitting method:                 Cholesky
 Total number of grid points:       321998
 Method for AO orthogonalization:        symmetric
 Threshold for linear dependence:        1.00e-08
 D3BJ dispersion energy:                -0.084416146

 -------------------------------------
  Running restricted closed-shell SCF 
 -------------------------------------
 Max number of iterations:             128
 Conv. threshold (gradient):             1.00e-05
 Conv. threshold (energy):               1.00e-06
 Interpolation scheme:                   adiis+cdiis
 Initial guess:                          SAD

 ---------------------------------------------------------------
                  energy        change          grad        time
 ---------------------------------------------------------------
   0     -1868.473117092                    4.64e+01        4.53
   1     -1864.258734504      4.21e+00      6.68e+00        3.75
   2     -1858.318205128      5.94e+00      2.39e+01        3.42
   3     -1864.914280044     -6.60e+00      1.91e+00        3.83
   4     -1864.329785944      5.84e-01      1.24e+01        3.91
   5     -1865.240596516     -9.11e-01      5.30e+00        3.80
   6     -1865.097450202      1.43e-01      6.91e+00        3.72
   7     -1865.334113769     -2.37e-01      2.10e+00        3.74
   8     -1865.361170597     -2.71e-02      1.24e+00        3.88
   9     -1865.386534074     -2.54e-02      1.63e+00        4.33
  10     -1865.376235019      1.03e-02      2.08e+00        4.25
  11     -1865.397588543     -2.14e-02      3.48e-01        4.42
  12     -1865.398087673     -4.99e-04      4.64e-01        4.64
  13     -1865.400109636     -2.02e-03      5.00e-01        4.46
  14     -1865.400131572     -2.19e-05      4.97e-01        4.45
  15     -1865.401306279     -1.17e-03      9.56e-02        4.29
  16     -1865.401293981      1.23e-05      1.01e-01        4.25
  17     -1865.401555437     -2.61e-04      3.89e-04        4.15
  18     -1865.401555438     -6.41e-10      2.00e-04        4.06
  19     -1865.401555439     -1.10e-09      5.43e-05        3.58
  20     -1865.401555439     -5.62e-11      1.42e-05        3.42
  21     -1865.401555439      2.14e-11      1.85e-05        3.57
  22     -1865.401555439     -4.32e-12      1.83e-06        3.77

 SCF converged in 22 iterations.

 Dipole moment (in Debye):              -0.971900       0.396023       4.430397

 Quadrupole moment (in Debye-Angstrom):
                  1            2            3
 1      -155.153323     0.149720    -2.801199
 2         0.149720  -153.872119    -1.806793
 3        -2.801199    -1.806793  -172.684484

 Spin-squared expectation <S^2>:         0.000
 Total spin quantum number S:            0.000
 TOTAL ENERGY:                       -1865.401555439

 --------------------------------------------------------------------------------

 End time:                               Tue Oct 26 09:34:56 2021
 Total wall-clock time:                122.760 seconds
==================================================================================
