
================================================================================
          _____________ ________ _______________ ________     _________         
         / ___________// ______ \\_____   _____// ______ \   / ________)        
        / /_________  / /      \ \     | |     / /      \ \ | (_______          
       |  __________|| |        | |    | |    | |        | | \________ \        
        \ \_________ | |        | |    | |     \ \______/ /___________) |       
         \__________||_|        |_|    |_|      \________//____________/        
                                                                                
====================================[ Qcore ]===================================

 Git describe: 2.3.0-1-g21d9df7e5
 Compiler:     GNU 9.1.0
 Build type:   Release
 Version:      2.3.0-1-g21d9df7e5

 Start time:   Tue Oct 26 09:31:37 2021

 Data directory: /work/zw18965/.local/qcore/share/entos/qcore/data
 Number of threads: 24
 Number of threads was determined by: command line argument

 --------------------------------------------------------------------------------
                                   command: dft                                  
 --------------------------------------------------------------------------------
 AO basis set:                           def2-tzvppd
 Number of AO basis functions:         594

 Formula:                                C7H4O5Cr
 Nuclear charge:                       110.000000000
 Total charge:                           0.000000000
 Number of electrons:                  110.000000000

 Number of alpha electrons:             55
 Number of beta electrons:              55
 Number of unpaired electrons:           0
 Spin:                                   0
 Multiplicity:                           singlet

 Theory:                                 dft
 Exchange-correlation functional:        pbe
 Method for Coulomb:                     incore_df
 Integral threshold:                     1.00e-12
 DF basis set:                           def2-universal-jkfit
 Number of DF basis functions:        1246
 Schwarz screening threshold:            1.00e-10
 Coulomb fitting method:                 Cholesky
 Total number of grid points:       113708
 Method for AO orthogonalization:        symmetric
 Threshold for linear dependence:        1.00e-08
 D3BJ dispersion energy:                -0.023109151

 -------------------------------------
  Running restricted closed-shell SCF 
 -------------------------------------
 Max number of iterations:             128
 Conv. threshold (gradient):             1.00e-05
 Conv. threshold (energy):               1.00e-06
 Interpolation scheme:                   adiis+cdiis
 Initial guess:                          SAD

 ---------------------------------------------------------------
                  energy        change          grad        time
 ---------------------------------------------------------------
   0     -1690.991926733                    3.01e+01        0.36
   1     -1687.963341750      3.03e+00      7.11e+00        0.36
   2     -1656.821819571      3.11e+01      3.06e+01        0.36
   3     -1682.146270634     -2.53e+01      2.53e+01        0.39
   4     -1688.568096329     -6.42e+00      4.21e+00        0.36
   5     -1687.751262425      8.17e-01      1.05e+01        0.40
   6     -1689.185569305     -1.43e+00      8.37e-01        0.41
   7     -1689.028721133      1.57e-01      2.61e+00        0.39
   8     -1689.192700214     -1.64e-01      1.24e+00        0.42
   9     -1689.125942569      6.68e-02      2.91e+00        0.43
  10     -1689.227041873     -1.01e-01      2.51e-01        0.46
  11     -1689.217103638      9.94e-03      5.34e-01        0.48
  12     -1689.226540387     -9.44e-03      3.56e-01        0.50
  13     -1689.208593092      1.79e-02      1.30e+00        0.47
  14     -1689.227401802     -1.88e-02      3.84e-01        0.50
  15     -1689.228695828     -1.29e-03      2.19e-01        0.48
  16     -1689.228935218     -2.39e-04      1.23e-01        0.51
  17     -1689.229182050     -2.47e-04      5.53e-02        0.50
  18     -1689.229286460     -1.04e-04      2.31e-02        0.48
  19     -1689.229311824     -2.54e-05      2.22e-04        0.41
  20     -1689.229311825     -1.57e-09      7.75e-05        0.39
  21     -1689.229311826     -1.68e-10      4.82e-05        0.40
  22     -1689.229311826     -8.34e-11      2.80e-05        0.37
  23     -1689.229311826      6.59e-12      1.72e-05        0.38
  24     -1689.229311826     -1.41e-11      5.97e-07        0.38

 SCF converged in 24 iterations.

 Dipole moment (in Debye):              -0.001853       0.002768      -2.747684

 Quadrupole moment (in Debye-Angstrom):
                  1            2            3
 1       -87.331260    -0.000049     0.002557
 2        -0.000049   -87.612401    -0.004746
 3         0.002557    -0.004746   -81.795425

 Spin-squared expectation <S^2>:         0.000
 Total spin quantum number S:            0.000
 TOTAL ENERGY:                       -1689.229311826

 --------------------------------------------------------------------------------

 End time:                               Tue Oct 26 09:31:59 2021
 Total wall-clock time:                 21.442 seconds
==================================================================================
