
================================================================================
          _____________ ________ _______________ ________     _________         
         / ___________// ______ \\_____   _____// ______ \   / ________)        
        / /_________  / /      \ \     | |     / /      \ \ | (_______          
       |  __________|| |        | |    | |    | |        | | \________ \        
        \ \_________ | |        | |    | |     \ \______/ /___________) |       
         \__________||_|        |_|    |_|      \________//____________/        
                                                                                
====================================[ Qcore ]===================================

 Git describe: 2.3.0-1-g21d9df7e5
 Compiler:     GNU 9.1.0
 Build type:   Release
 Version:      2.3.0-1-g21d9df7e5

 Start time:   Tue Oct 26 09:31:11 2021

 Data directory: /work/zw18965/.local/qcore/share/entos/qcore/data
 Number of threads: 24
 Number of threads was determined by: command line argument
  - More threads can be used by running 'qcore -n 32'

 --------------------------------------------------------------------------------
                                   command: dft                                  
 --------------------------------------------------------------------------------
 AO basis set:                           def2-tzvppd
 Number of AO basis functions:        1027
 ECP on atom 1 (Ir):                     60 electrons

 Formula:                                C9H21O2P2Cl2Ir
 Nuclear charge:                       232.000000000
 Total charge:                           0.000000000
 Number of core electrons:              60
 Number of treated electrons:          172

 Number of alpha electrons:             86
 Number of beta electrons:              86
 Number of unpaired electrons:           0
 Spin:                                   0
 Multiplicity:                           singlet

 Theory:                                 dft
 Exchange-correlation functional:        pbe
 Method for Coulomb:                     incore_df
 Integral threshold:                     1.00e-12
 DF basis set:                           def2-universal-jkfit
 Number of DF basis functions:        1946
 Schwarz screening threshold:            1.00e-10
 Coulomb fitting method:                 Cholesky
 Total number of grid points:       237586
 Method for AO orthogonalization:        symmetric
 Threshold for linear dependence:        1.00e-08
 D3BJ dispersion energy:                -0.062792469

 -------------------------------------
  Running restricted closed-shell SCF 
 -------------------------------------
 Max number of iterations:             128
 Conv. threshold (gradient):             1.00e-05
 Conv. threshold (energy):               1.00e-06
 Interpolation scheme:                   adiis+cdiis
 Initial guess:                          SAD

 ---------------------------------------------------------------
                  energy        change          grad        time
 ---------------------------------------------------------------
   0     -2214.381492953                    1.30e+02        1.40
   1     -2211.639496807      2.74e+00      7.63e+00        1.38
   2     -2198.433440304      1.32e+01      2.10e+01        1.33
   3     -2211.203451732     -1.28e+01      1.06e+01        1.34
   4     -2211.969776191     -7.66e-01      1.31e+01        1.39
   5     -2212.672173128     -7.02e-01      3.62e+00        1.43
   6     -2212.681377937     -9.20e-03      3.53e+00        1.48
   7     -2212.731604976     -5.02e-02      2.86e+00        1.53
   8     -2212.793792320     -6.22e-02      1.60e+00        1.60
   9     -2212.761609341      3.22e-02      1.83e+00        1.69
  10     -2212.810808961     -4.92e-02      7.56e-01        1.82
  11     -2212.807391845      3.42e-03      7.02e-01        1.88
  12     -2212.816715109     -9.32e-03      3.98e-01        1.95
  13     -2212.812567525      4.15e-03      7.01e-01        1.94
  14     -2212.817201467     -4.63e-03      2.82e-01        1.85
  15     -2212.817221666     -2.02e-05      2.77e-01        1.85
  16     -2212.818033756     -8.12e-04      2.64e-02        1.96
  17     -2212.817871064      1.63e-04      1.32e-01        1.94
  18     -2212.818040590     -1.70e-04      1.08e-04        1.59
  19     -2212.818040590     -4.06e-10      4.45e-05        1.44
  20     -2212.818040590     -2.82e-11      2.46e-05        1.43
  21     -2212.818040591     -4.68e-11      6.18e-06        1.41

 SCF converged in 21 iterations.

 Dipole moment (in Debye):               0.225614       2.093314       0.329854

 Quadrupole moment (in Debye-Angstrom):
                  1            2            3
 1      -112.564543     4.373813     1.087438
 2         4.373813  -158.196983    -5.971196
 3         1.087438    -5.971196  -157.314166

 Spin-squared expectation <S^2>:         0.000
 Total spin quantum number S:            0.000
 TOTAL ENERGY:                       -2212.818040591

 --------------------------------------------------------------------------------

 End time:                               Tue Oct 26 09:32:21 2021
 Total wall-clock time:                 69.977 seconds
==================================================================================
