
================================================================================
          _____________ ________ _______________ ________     _________         
         / ___________// ______ \\_____   _____// ______ \   / ________)        
        / /_________  / /      \ \     | |     / /      \ \ | (_______          
       |  __________|| |        | |    | |    | |        | | \________ \        
        \ \_________ | |        | |    | |     \ \______/ /___________) |       
         \__________||_|        |_|    |_|      \________//____________/        
                                                                                
====================================[ Qcore ]===================================

 Git describe: 2.3.0-3-g778a55bfd
 Compiler:     GNU 9.3.0
 Build type:   Release
 Version:      2.3.0-3-g778a55bfd

 Start time:   Thu Nov  4 15:26:12 2021

 Data directory: /mnt/storage/scratch/zw18965/.local/qcore/share/entos/qcore/data
 Number of threads: 28
 Number of threads was determined by: command line argument

 --------------------------------------------------------------------------------
                                   command: dft                                  
 --------------------------------------------------------------------------------
 AO basis set:                           def2-tzvppd
 Number of AO basis functions:        3069
 ECP on atom 1 (Ru):                     28 electrons

 Formula:                                C43H72P2Cl2Ru
 Nuclear charge:                       438.000000000
 Total charge:                           0.000000000
 Number of core electrons:              28
 Number of treated electrons:          410

 Number of alpha electrons:            205
 Number of beta electrons:             205
 Number of unpaired electrons:           0
 Spin:                                   0
 Multiplicity:                           singlet

 Theory:                                 dft
 Exchange-correlation functional:        pbe
 Method for Coulomb:                     incore_df
 Integral threshold:                     1.00e-12
 DF basis set:                           def2-universal-jkfit
 Number of DF basis functions:        5288
 Schwarz screening threshold:            1.00e-10
 Coulomb fitting method:                 Cholesky
 Total number of grid points:       754582
 Method for AO orthogonalization:        symmetric
 Threshold for linear dependence:        1.00e-08
 D3BJ dispersion energy:                -0.215914715

 -------------------------------------
  Running restricted closed-shell SCF 
 -------------------------------------
 Max number of iterations:             128
 Conv. threshold (gradient):             1.00e-05
 Conv. threshold (energy):               1.00e-06
 Interpolation scheme:                   adiis+cdiis
 Initial guess:                          SAD

 ---------------------------------------------------------------
                  energy        change          grad        time
 ---------------------------------------------------------------
   0     -3385.921524059                    3.73e+01       46.95
   1     -3375.516334754      1.04e+01      1.08e+01       47.02
   2     -3354.879717376      2.06e+01      3.63e+01       46.67
   3     -3375.744574370     -2.09e+01      1.14e+01       44.14
   4     -3377.457301359     -1.71e+00      4.68e+00       49.12
   5     -3371.290669361      6.17e+00      2.49e+01       48.52
   6     -3377.007434147     -5.72e+00      1.17e+01       51.97
   7     -3377.683804887     -6.76e-01      7.62e+00       54.06
   8     -3377.829359880     -1.46e-01      5.51e+00       54.33
   9     -3377.964886604     -1.36e-01      3.09e+00       60.17
  10     -3378.017040469     -5.22e-02      1.45e+00       61.60
  11     -3378.002739755      1.43e-02      2.66e+00       67.09
  12     -3378.038527221     -3.58e-02      9.73e-01       66.24
  13     -3378.031874036      6.65e-03      1.48e+00       65.86
  14     -3378.044789078     -1.29e-02      3.33e-01       64.14
  15     -3378.044587103      2.02e-04      5.96e-01       66.44
  16     -3378.045369937     -7.83e-04      5.56e-01       64.34
  17     -3378.046888633     -1.52e-03      1.56e-01       68.18
  18     -3378.046800550      8.81e-05      1.31e-01       67.39
  19     -3378.046844567     -4.40e-05      2.01e-01       64.51
  20     -3378.047062548     -2.18e-04      4.21e-02       70.33
  21     -3378.046983117      7.94e-05      7.95e-02       68.06
  22     -3378.047084090     -1.01e-04      1.28e-04       56.58
  23     -3378.047084091     -9.45e-10      4.63e-05       48.64
  24     -3378.047084091     -1.41e-10      2.88e-05       48.98
  25     -3378.047084091      1.27e-10      7.33e-06       49.81

 SCF converged in 25 iterations.

 Dipole moment (in Debye):               0.305500      -0.452085      -0.321403

 Quadrupole moment (in Debye-Angstrom):
                  1            2            3
 1      -327.807067    -1.096576    -1.614720
 2        -1.096576  -332.241065    -4.444508
 3        -1.614720    -4.444508  -355.455994

 Spin-squared expectation <S^2>:         0.000
 Total spin quantum number S:            0.000
 TOTAL ENERGY:                       -3378.047084091

 --------------------------------------------------------------------------------

 End time:                               Thu Nov  4 15:57:56 2021
 Total wall-clock time:               1903.892 seconds
==================================================================================
