
================================================================================
          _____________ ________ _______________ ________     _________         
         / ___________// ______ \\_____   _____// ______ \   / ________)        
        / /_________  / /      \ \     | |     / /      \ \ | (_______          
       |  __________|| |        | |    | |    | |        | | \________ \        
        \ \_________ | |        | |    | |     \ \______/ /___________) |       
         \__________||_|        |_|    |_|      \________//____________/        
                                                                                
====================================[ Qcore ]===================================

 Git describe: 2.3.0-1-g21d9df7e5
 Compiler:     GNU 9.1.0
 Build type:   Release
 Version:      2.3.0-1-g21d9df7e5

 Start time:   Tue Oct 26 09:35:36 2021

 Data directory: /work/zw18965/.local/qcore/share/entos/qcore/data
 Number of threads: 24
 Number of threads was determined by: command line argument
  - More threads can be used by running 'qcore -n 32'

 --------------------------------------------------------------------------------
                                   command: dft                                  
 --------------------------------------------------------------------------------
 AO basis set:                           def2-tzvppd
 Number of AO basis functions:        1223
 ECP on atom 1 (Mo):                     28 electrons

 Formula:                                C12H27O3P3Mo
 Nuclear charge:                       210.000000000
 Total charge:                           0.000000000
 Number of core electrons:              28
 Number of treated electrons:          182

 Number of alpha electrons:             91
 Number of beta electrons:              91
 Number of unpaired electrons:           0
 Spin:                                   0
 Multiplicity:                           singlet

 Theory:                                 dft
 Exchange-correlation functional:        pbe
 Method for Coulomb:                     incore_df
 Integral threshold:                     1.00e-12
 DF basis set:                           def2-universal-jkfit
 Number of DF basis functions:        2256
 Schwarz screening threshold:            1.00e-10
 Coulomb fitting method:                 Cholesky
 Total number of grid points:       291782
 Method for AO orthogonalization:        symmetric
 Threshold for linear dependence:        1.00e-08
 D3BJ dispersion energy:                -0.079218797

 -------------------------------------
  Running restricted closed-shell SCF 
 -------------------------------------
 Max number of iterations:             128
 Conv. threshold (gradient):             1.00e-05
 Conv. threshold (energy):               1.00e-06
 Interpolation scheme:                   adiis+cdiis
 Initial guess:                          SAD

 ---------------------------------------------------------------
                  energy        change          grad        time
 ---------------------------------------------------------------
   0     -1792.664729354                    3.36e+01        2.71
   1     -1830.372749387     -3.77e+01      9.02e+00        2.52
   2     -1690.187301069      1.40e+02      8.12e+01        2.58
   3     -1809.521057426     -1.19e+02      4.14e+01        2.55
   4     -1821.510312282     -1.20e+01      2.37e+01        2.70
   5     -1829.583640016     -8.07e+00      1.79e+01        2.76
   6     -1831.482404134     -1.90e+00      8.03e+00        2.84
   7     -1831.932865984     -4.50e-01      6.71e+00        2.96
   8     -1832.895430606     -9.63e-01      3.86e+00        3.12
   9     -1830.650270704      2.25e+00      1.14e+01        3.20
  10     -1833.098615829     -2.45e+00      4.58e+00        3.39
  11     -1830.910044472      2.19e+00      1.31e+01        3.49
  12     -1832.547353929     -1.64e+00      8.22e+00        3.87
  13     -1833.411131298     -8.64e-01      1.36e+00        3.69
  14     -1832.822790572      5.88e-01      7.00e+00        3.61
  15     -1833.233001585     -4.10e-01      2.87e+00        3.48
  16     -1833.070247867      1.63e-01      6.13e+00        3.50
  17     -1833.108711482     -3.85e-02      4.24e+00        3.59
  18     -1833.372231429     -2.64e-01      1.43e+00        3.46
  19     -1833.417911134     -4.57e-02      1.32e+00        3.49
  20     -1833.234322326      1.84e-01      4.97e+00        3.42
  21     -1833.389737308     -1.55e-01      2.76e+00        3.56
  22     -1833.386487636      3.25e-03      1.02e+00        3.44
  23     -1833.398993903     -1.25e-02      2.07e+00        3.53
  24     -1833.420713935     -2.17e-02      9.98e-01        3.63
  25     -1833.445942854     -2.52e-02      8.23e-01        3.46
  26     -1833.445189896      7.53e-04      7.31e-01        3.50
  27     -1833.433761843      1.14e-02      1.44e+00        3.43
  28     -1833.443763065     -1.00e-02      1.13e+00        3.49
  29     -1833.451049505     -7.29e-03      4.29e-01        3.49
  30     -1833.453130101     -2.08e-03      3.90e-01        3.42
  31     -1833.450525016      2.61e-03      3.94e-01        3.45
  32     -1833.454492933     -3.97e-03      4.23e-01        3.54
  33     -1833.447824270      6.67e-03      8.98e-01        3.43
  34     -1833.453655244     -5.83e-03      4.76e-01        3.43
  35     -1833.456084048     -2.43e-03      3.13e-01        3.46
  36     -1833.452122569      3.96e-03      4.13e-01        3.46
  37     -1833.455198333     -3.08e-03      3.32e-01        3.60
  38     -1833.454298089      9.00e-04      4.75e-01        3.39
  39     -1833.456278134     -1.98e-03      1.53e-01        3.56
  40     -1833.456595428     -3.17e-04      2.09e-01        3.42
  41     -1833.454811186      1.78e-03      2.42e-01        3.34
  42     -1833.456774236     -1.96e-03      1.08e-01        3.31
  43     -1833.456147610      6.27e-04      1.48e-01        3.50
  44     -1833.456909961     -7.62e-04      7.50e-02        3.46
  45     -1833.456225227      6.85e-04      1.86e-01        3.54
  46     -1833.456986181     -7.61e-04      6.16e-03        3.16
  47     -1833.456986134      4.77e-08      3.43e-03        3.09
  48     -1833.456986493     -3.59e-07      3.47e-03        2.82
  49     -1833.456986505     -1.18e-08      2.32e-03        2.70
  50     -1833.456986579     -7.41e-08      6.13e-04        2.72
  51     -1833.456986684     -1.06e-07      2.43e-04        2.82
  52     -1833.456986548      1.36e-07      1.53e-04        2.93
  53     -1833.456986506      4.25e-08      3.25e-04        2.77
  54     -1833.456986596     -9.02e-08      4.79e-05        2.70
  55     -1833.456986686     -9.03e-08      2.03e-04        2.73
  56     -1833.456986628      5.84e-08      9.25e-06        2.86

 SCF converged in 56 iterations.

 Dipole moment (in Debye):             -16.333902     -11.710052      -3.250829

 Quadrupole moment (in Debye-Angstrom):
                  1            2            3
 1      -298.038052    33.938751   -11.834029
 2        33.938751  -295.109844   -23.820020
 3       -11.834029   -23.820020  -261.611075

 Spin-squared expectation <S^2>:         0.000
 Total spin quantum number S:            0.000
 TOTAL ENERGY:                       -1833.456986645

 --------------------------------------------------------------------------------

 End time:                               Tue Oct 26 09:39:06 2021
 Total wall-clock time:                209.605 seconds
==================================================================================
