
================================================================================
          _____________ ________ _______________ ________     _________         
         / ___________// ______ \\_____   _____// ______ \   / ________)        
        / /_________  / /      \ \     | |     / /      \ \ | (_______          
       |  __________|| |        | |    | |    | |        | | \________ \        
        \ \_________ | |        | |    | |     \ \______/ /___________) |       
         \__________||_|        |_|    |_|      \________//____________/        
                                                                                
====================================[ Qcore ]===================================

 Git describe: 2.3.0-1-g21d9df7e5
 Compiler:     GNU 9.1.0
 Build type:   Release
 Version:      2.3.0-1-g21d9df7e5

 Start time:   Tue Oct 26 09:38:49 2021

 Data directory: /work/zw18965/.local/qcore/share/entos/qcore/data
 Number of threads: 24
 Number of threads was determined by: command line argument

 --------------------------------------------------------------------------------
                                   command: dft                                  
 --------------------------------------------------------------------------------
 AO basis set:                           def2-tzvppd
 Number of AO basis functions:        1005
 ECP on atom 15 (W):                     60 electrons

 Formula:                                C9H14O3S5W(2-)
 Nuclear charge:                       246.000000000
 Total charge:                          -2.000000000
 Number of core electrons:              60
 Number of treated electrons:          188

 Number of alpha electrons:             94
 Number of beta electrons:              94
 Number of unpaired electrons:           0
 Spin:                                   0
 Multiplicity:                           singlet

 Theory:                                 dft
 Exchange-correlation functional:        pbe
 Method for Coulomb:                     incore_df
 Integral threshold:                     1.00e-12
 DF basis set:                           def2-universal-jkfit
 Number of DF basis functions:        2025
 Schwarz screening threshold:            1.00e-10
 Coulomb fitting method:                 Cholesky
 Total number of grid points:       210218
 Method for AO orthogonalization:        symmetric
 Threshold for linear dependence:        1.00e-08
 D3BJ dispersion energy:                -0.053587910

 -------------------------------------
  Running restricted closed-shell SCF 
 -------------------------------------
 Max number of iterations:             128
 Conv. threshold (gradient):             1.00e-05
 Conv. threshold (energy):               1.00e-06
 Interpolation scheme:                   adiis+cdiis
 Initial guess:                          SAD

 ---------------------------------------------------------------
                  energy        change          grad        time
 ---------------------------------------------------------------
   0     -2636.120793229                    2.24e+02        1.14
   1     -2633.211921730      2.91e+00      3.54e+00        1.10
   2     -2613.626408871      1.96e+01      2.56e+01        1.15
   3     -2632.595372337     -1.90e+01      5.54e+00        1.16
   4     -2624.856182835      7.74e+00      1.47e+01        1.21
   5     -2634.067425779     -9.21e+00      1.32e+00        1.22
   6     -2632.501029831      1.57e+00      8.93e+00        1.28
   7     -2634.001325619     -1.50e+00      1.49e+00        1.31
   8     -2634.127181634     -1.26e-01      1.67e+00        1.34
   9     -2634.017497349      1.10e-01      3.29e+00        1.42
  10     -2634.144904412     -1.27e-01      9.72e-01        1.50
  11     -2634.151386565     -6.48e-03      4.92e-01        1.70
  12     -2634.160576224     -9.19e-03      3.51e-01        1.61
  13     -2634.156038902      4.54e-03      7.38e-01        1.56
  14     -2634.160980891     -4.94e-03      1.61e-01        1.63
  15     -2634.161344289     -3.63e-04      2.54e-01        1.66
  16     -2634.162022779     -6.78e-04      1.10e-01        1.79
  17     -2634.161893915      1.29e-04      7.60e-02        1.64
  18     -2634.162148550     -2.55e-04      7.40e-02        1.57
  19     -2634.162217424     -6.89e-05      6.83e-04        1.36
  20     -2634.162217438     -1.42e-08      3.71e-04        1.24
  21     -2634.162217442     -4.08e-09      1.12e-04        1.21
  22     -2634.162217442     -2.60e-10      1.39e-04        1.27
  23     -2634.162217443     -7.48e-10      2.96e-05        1.16
  24     -2634.162217443     -3.05e-11      1.05e-05        1.10
  25     -2634.162217443      5.91e-12      2.57e-06        1.18

 SCF converged in 25 iterations.

 Dipole moment (in Debye):               9.567561       1.290107       2.622569

 Quadrupole moment (in Debye-Angstrom):
                  1            2            3
 1      -271.162535    -8.182898    13.195287
 2        -8.182898  -211.349164     3.862379
 3        13.195287     3.862379  -196.082197

 Spin-squared expectation <S^2>:         0.000
 Total spin quantum number S:            0.000
 TOTAL ENERGY:                       -2634.162217443

 --------------------------------------------------------------------------------

 End time:                               Tue Oct 26 09:39:59 2021
 Total wall-clock time:                 70.279 seconds
==================================================================================
