
================================================================================
          _____________ ________ _______________ ________     _________         
         / ___________// ______ \\_____   _____// ______ \   / ________)        
        / /_________  / /      \ \     | |     / /      \ \ | (_______          
       |  __________|| |        | |    | |    | |        | | \________ \        
        \ \_________ | |        | |    | |     \ \______/ /___________) |       
         \__________||_|        |_|    |_|      \________//____________/        
                                                                                
====================================[ Qcore ]===================================

 Git describe: 2.3.0-1-g21d9df7e5
 Compiler:     GNU 9.1.0
 Build type:   Release
 Version:      2.3.0-1-g21d9df7e5

 Start time:   Tue Oct 26 09:38:52 2021

 Data directory: /work/zw18965/.local/qcore/share/entos/qcore/data
 Number of threads: 24
 Number of threads was determined by: command line argument
  - More threads can be used by running 'qcore -n 32'

 --------------------------------------------------------------------------------
                                   command: dft                                  
 --------------------------------------------------------------------------------
 AO basis set:                           def2-tzvppd
 Number of AO basis functions:         721
 ECP on atom 1 (Mo):                     28 electrons

 Formula:                                C7H17NO2Mo
 Nuclear charge:                       124.000000000
 Total charge:                           0.000000000
 Number of core electrons:              28
 Number of treated electrons:           96

 Number of alpha electrons:             48
 Number of beta electrons:              48
 Number of unpaired electrons:           0
 Spin:                                   0
 Multiplicity:                           singlet

 Theory:                                 dft
 Exchange-correlation functional:        pbe
 Method for Coulomb:                     incore_df
 Integral threshold:                     1.00e-12
 DF basis set:                           def2-universal-jkfit
 Number of DF basis functions:        1317
 Schwarz screening threshold:            1.00e-10
 Coulomb fitting method:                 Cholesky
 Total number of grid points:       176688
 Method for AO orthogonalization:        symmetric
 Threshold for linear dependence:        1.00e-08
 D3BJ dispersion energy:                -0.031499635

 -------------------------------------
  Running restricted closed-shell SCF 
 -------------------------------------
 Max number of iterations:             128
 Conv. threshold (gradient):             1.00e-05
 Conv. threshold (energy):               1.00e-06
 Interpolation scheme:                   adiis+cdiis
 Initial guess:                          SAD

 ---------------------------------------------------------------
                  energy        change          grad        time
 ---------------------------------------------------------------
   0      -550.831172757                    2.81e+01        0.60
   1      -548.840478086      1.99e+00      5.63e+00        0.63
   2      -537.597632839      1.12e+01      2.64e+01        0.62
   3      -548.523360407     -1.09e+01      1.01e+01        0.61
   4      -549.484220554     -9.61e-01      5.98e+00        0.58
   5      -549.744866834     -2.61e-01      4.05e+00        0.68
   6      -549.924279951     -1.79e-01      3.14e+00        0.64
   7      -549.872865222      5.14e-02      4.44e+00        0.70
   8      -550.048769264     -1.76e-01      7.92e-01        0.71
   9      -549.974082948      7.47e-02      2.13e+00        0.70
  10      -550.041586575     -6.75e-02      1.28e+00        0.77
  11      -550.048586719     -7.00e-03      1.15e+00        0.77
  12      -550.066868166     -1.83e-02      2.49e-01        0.82
  13      -550.063440021      3.43e-03      5.73e-01        0.78
  14      -550.067100364     -3.66e-03      1.93e-01        0.82
  15      -550.067240947     -1.41e-04      1.33e-01        0.81
  16      -550.067565335     -3.24e-04      3.85e-02        0.82
  17      -550.067294333      2.71e-04      1.46e-01        0.83
  18      -550.067585410     -2.91e-04      3.75e-04        0.76
  19      -550.067585412     -1.78e-09      2.23e-04        0.65
  20      -550.067585413     -1.05e-09      3.46e-05        0.65
  21      -550.067585413     -2.05e-11      2.04e-05        0.60
  22      -550.067585413     -9.32e-12      3.86e-06        0.65

 SCF converged in 22 iterations.

 Dipole moment (in Debye):              -2.301168       1.029968       0.237505

 Quadrupole moment (in Debye-Angstrom):
                  1            2            3
 1       -84.897932    -0.599124     0.052250
 2        -0.599124   -82.120221    -1.755046
 3         0.052250    -1.755046   -83.749402

 Spin-squared expectation <S^2>:         0.000
 Total spin quantum number S:            0.000
 TOTAL ENERGY:                        -550.067585413

 --------------------------------------------------------------------------------

 End time:                               Tue Oct 26 09:39:16 2021
 Total wall-clock time:                 24.492 seconds
==================================================================================
