
================================================================================
          _____________ ________ _______________ ________     _________         
         / ___________// ______ \\_____   _____// ______ \   / ________)        
        / /_________  / /      \ \     | |     / /      \ \ | (_______          
       |  __________|| |        | |    | |    | |        | | \________ \        
        \ \_________ | |        | |    | |     \ \______/ /___________) |       
         \__________||_|        |_|    |_|      \________//____________/        
                                                                                
====================================[ Qcore ]===================================

 Git describe: 2.3.0-1-g21d9df7e5
 Compiler:     GNU 9.1.0
 Build type:   Release
 Version:      2.3.0-1-g21d9df7e5

 Start time:   Tue Oct 26 09:39:11 2021

 Data directory: /work/zw18965/.local/qcore/share/entos/qcore/data
 Number of threads: 24
 Number of threads was determined by: command line argument

 --------------------------------------------------------------------------------
                                   command: dft                                  
 --------------------------------------------------------------------------------
 AO basis set:                           def2-tzvppd
 Number of AO basis functions:         871
 ECP on atom 2 (Mo):                     28 electrons

 Formula:                                C7H13O2S5Mo-
 Nuclear charge:                       193.000000000
 Total charge:                          -1.000000000
 Number of core electrons:              28
 Number of treated electrons:          166

 Number of alpha electrons:             83
 Number of beta electrons:              83
 Number of unpaired electrons:           0
 Spin:                                   0
 Multiplicity:                           singlet

 Theory:                                 dft
 Exchange-correlation functional:        pbe
 Method for Coulomb:                     incore_df
 Integral threshold:                     1.00e-12
 DF basis set:                           def2-universal-jkfit
 Number of DF basis functions:        1808
 Schwarz screening threshold:            1.00e-10
 Coulomb fitting method:                 Cholesky
 Total number of grid points:       183078
 Method for AO orthogonalization:        symmetric
 Threshold for linear dependence:        1.00e-08
 D3BJ dispersion energy:                -0.050912269

 -------------------------------------
  Running restricted closed-shell SCF 
 -------------------------------------
 Max number of iterations:             128
 Conv. threshold (gradient):             1.00e-05
 Conv. threshold (energy):               1.00e-06
 Interpolation scheme:                   adiis+cdiis
 Initial guess:                          SAD

 ---------------------------------------------------------------
                  energy        change          grad        time
 ---------------------------------------------------------------
   0     -2485.213370231                    2.65e+01        0.94
   1     -2482.232154454      2.98e+00      8.00e+00        0.95
   2     -2466.357608769      1.59e+01      2.97e+01        0.90
   3     -2480.159806262     -1.38e+01      1.43e+01        0.87
   4     -2477.682561949      2.48e+00      1.92e+01        0.91
   5     -2483.178382740     -5.50e+00      3.04e+00        0.97
   6     -2482.212799297      9.66e-01      9.85e+00        1.02
   7     -2483.138341952     -9.26e-01      3.60e+00        1.05
   8     -2482.701082144      4.37e-01      8.47e+00        1.07
   9     -2483.321283464     -6.20e-01      1.63e+00        1.10
  10     -2483.144019035      1.77e-01      4.29e+00        1.21
  11     -2483.323693166     -1.80e-01      1.39e+00        1.22
  12     -2483.341671426     -1.80e-02      5.34e-01        1.19
  13     -2483.341767260     -9.58e-05      7.37e-01        1.22
  14     -2483.340456626      1.31e-03      8.49e-01        1.18
  15     -2483.347883091     -7.43e-03      1.92e-01        1.24
  16     -2483.342109010      5.77e-03      8.20e-01        1.19
  17     -2483.347450623     -5.34e-03      2.96e-01        1.20
  18     -2483.348123153     -6.73e-04      7.16e-02        1.21
  19     -2483.347922162      2.01e-04      9.31e-02        1.24
  20     -2483.348186282     -2.64e-04      4.12e-04        1.09
  21     -2483.348186285     -2.37e-09      4.07e-04        0.96
  22     -2483.348186290     -5.59e-09      2.94e-04        0.93
  23     -2483.348186291     -1.09e-09      2.20e-05        0.93
  24     -2483.348186291      0.00e+00      2.70e-05        0.97
  25     -2483.348186291     -4.68e-11      7.77e-06        1.04

 SCF converged in 25 iterations.

 Dipole moment (in Debye):              -5.835642      -0.994289       1.016501

 Quadrupole moment (in Debye-Angstrom):
                  1            2            3
 1      -153.721337     0.079468     1.213550
 2         0.079468  -163.603581    -0.048610
 3         1.213550    -0.048610  -164.039992

 Spin-squared expectation <S^2>:         0.000
 Total spin quantum number S:            0.000
 TOTAL ENERGY:                       -2483.348186291

 --------------------------------------------------------------------------------

 End time:                               Tue Oct 26 09:39:51 2021
 Total wall-clock time:                 39.852 seconds
==================================================================================
