
================================================================================
          _____________ ________ _______________ ________     _________         
         / ___________// ______ \\_____   _____// ______ \   / ________)        
        / /_________  / /      \ \     | |     / /      \ \ | (_______          
       |  __________|| |        | |    | |    | |        | | \________ \        
        \ \_________ | |        | |    | |     \ \______/ /___________) |       
         \__________||_|        |_|    |_|      \________//____________/        
                                                                                
====================================[ Qcore ]===================================

 Git describe: 2.3.0-1-g21d9df7e5
 Compiler:     GNU 9.1.0
 Build type:   Release
 Version:      2.3.0-1-g21d9df7e5

 Start time:   Tue Oct 26 09:38:41 2021

 Data directory: /work/zw18965/.local/qcore/share/entos/qcore/data
 Number of threads: 24
 Number of threads was determined by: command line argument

 --------------------------------------------------------------------------------
                                   command: dft                                  
 --------------------------------------------------------------------------------
 AO basis set:                           def2-tzvppd
 Number of AO basis functions:         772
 ECP on atom 1 (Zr):                     28 electrons

 Formula:                                C12H13ClZr
 Nuclear charge:                       142.000000000
 Total charge:                           0.000000000
 Number of core electrons:              28
 Number of treated electrons:          114

 Number of alpha electrons:             57
 Number of beta electrons:              57
 Number of unpaired electrons:           0
 Spin:                                   0
 Multiplicity:                           singlet

 Theory:                                 dft
 Exchange-correlation functional:        pbe
 Method for Coulomb:                     incore_df
 Integral threshold:                     1.00e-12
 DF basis set:                           def2-universal-jkfit
 Number of DF basis functions:        1517
 Schwarz screening threshold:            1.00e-10
 Coulomb fitting method:                 Cholesky
 Total number of grid points:       173850
 Method for AO orthogonalization:        symmetric
 Threshold for linear dependence:        1.00e-08
 D3BJ dispersion energy:                -0.039015482

 -------------------------------------
  Running restricted closed-shell SCF 
 -------------------------------------
 Max number of iterations:             128
 Conv. threshold (gradient):             1.00e-05
 Conv. threshold (energy):               1.00e-06
 Interpolation scheme:                   adiis+cdiis
 Initial guess:                          SAD

 ---------------------------------------------------------------
                  energy        change          grad        time
 ---------------------------------------------------------------
   0      -974.404523183                    2.85e+01        0.94
   1      -971.268504893      3.14e+00      2.24e+00        0.94
   2      -968.657127840      2.61e+00      1.45e+01        0.86
   3      -971.513023818     -2.86e+00      1.63e+00        0.95
   4      -970.803289188      7.10e-01      9.36e+00        0.93
   5      -971.810721890     -1.01e+00      3.74e-01        0.92
   6      -971.780165374      3.06e-02      7.85e-01        0.86
   7      -971.825677177     -4.55e-02      2.28e-01        0.97
   8      -971.819314527      6.36e-03      5.92e-01        0.95
   9      -971.827078135     -7.76e-03      1.34e-01        0.95
  10      -971.826528950      5.49e-04      3.01e-01        1.02
  11      -971.828341973     -1.81e-03      7.49e-02        1.07
  12      -971.827981023      3.61e-04      1.32e-01        1.07
  13      -971.828504868     -5.24e-04      5.85e-04        0.99
  14      -971.828504877     -8.89e-09      1.57e-04        0.94
  15      -971.828504877      1.51e-10      1.74e-04        1.00
  16      -971.828504878     -1.13e-09      4.43e-05        0.81
  17      -971.828504878     -8.98e-11      8.63e-06        0.95

 SCF converged in 17 iterations.

 Dipole moment (in Debye):               0.421857      -1.989345       2.219208

 Quadrupole moment (in Debye-Angstrom):
                  1            2            3
 1      -108.375309    -1.762553     0.772740
 2        -1.762553  -106.767323     5.624454
 3         0.772740     5.624454  -106.155709

 Spin-squared expectation <S^2>:         0.000
 Total spin quantum number S:            0.000
 TOTAL ENERGY:                        -971.828504878

 --------------------------------------------------------------------------------

 End time:                               Tue Oct 26 09:39:08 2021
 Total wall-clock time:                 27.256 seconds
==================================================================================
