
================================================================================
          _____________ ________ _______________ ________     _________         
         / ___________// ______ \\_____   _____// ______ \   / ________)        
        / /_________  / /      \ \     | |     / /      \ \ | (_______          
       |  __________|| |        | |    | |    | |        | | \________ \        
        \ \_________ | |        | |    | |     \ \______/ /___________) |       
         \__________||_|        |_|    |_|      \________//____________/        
                                                                                
====================================[ Qcore ]===================================

 Git describe: 2.3.0-1-g21d9df7e5
 Compiler:     GNU 9.1.0
 Build type:   Release
 Version:      2.3.0-1-g21d9df7e5

 Start time:   Tue Oct 26 09:38:15 2021

 Data directory: /work/zw18965/.local/qcore/share/entos/qcore/data
 Number of threads: 24
 Number of threads was determined by: command line argument

 --------------------------------------------------------------------------------
                                   command: dft                                  
 --------------------------------------------------------------------------------
 AO basis set:                           def2-tzvppd
 Number of AO basis functions:         664
 ECP on atom 1 (Zr):                     28 electrons

 Formula:                                C10H11ClZr
 Nuclear charge:                       128.000000000
 Total charge:                           0.000000000
 Number of core electrons:              28
 Number of treated electrons:          100

 Number of alpha electrons:             50
 Number of beta electrons:              50
 Number of unpaired electrons:           0
 Spin:                                   0
 Multiplicity:                           singlet

 Theory:                                 dft
 Exchange-correlation functional:        pbe
 Method for Coulomb:                     incore_df
 Integral threshold:                     1.00e-12
 DF basis set:                           def2-universal-jkfit
 Number of DF basis functions:        1331
 Schwarz screening threshold:            1.00e-10
 Coulomb fitting method:                 Cholesky
 Total number of grid points:       148470
 Method for AO orthogonalization:        symmetric
 Threshold for linear dependence:        1.00e-08
 D3BJ dispersion energy:                -0.031218314

 -------------------------------------
  Running restricted closed-shell SCF 
 -------------------------------------
 Max number of iterations:             128
 Conv. threshold (gradient):             1.00e-05
 Conv. threshold (energy):               1.00e-06
 Interpolation scheme:                   adiis+cdiis
 Initial guess:                          SAD

 ---------------------------------------------------------------
                  energy        change          grad        time
 ---------------------------------------------------------------
   0      -896.927307806                    2.62e+01        0.60
   1      -894.108747512      2.82e+00      2.21e+00        0.62
   2      -891.984581682      2.12e+00      1.31e+01        0.59
   3      -894.344853631     -2.36e+00      1.33e+00        0.59
   4      -894.051108781      2.94e-01      6.42e+00        0.66
   5      -894.555583311     -5.04e-01      5.85e-01        0.63
   6      -894.471673821      8.39e-02      2.18e+00        0.69
   7      -894.569031177     -9.74e-02      2.87e-01        0.58
   8      -894.568674618      3.57e-04      5.68e-01        0.70
   9      -894.573609279     -4.93e-03      3.90e-01        0.69
  10      -894.576102471     -2.49e-03      1.98e-01        0.70
  11      -894.576841767     -7.39e-04      8.55e-02        0.67
  12      -894.576722849      1.19e-04      9.35e-02        0.77
  13      -894.577212511     -4.90e-04      1.30e-03        0.62
  14      -894.577212546     -3.51e-08      1.96e-04        0.68
  15      -894.577212547     -1.03e-09      1.19e-04        0.65
  16      -894.577212548     -5.49e-10      3.34e-05        0.61
  17      -894.577212548     -3.14e-11      2.09e-05        0.65
  18      -894.577212548     -4.09e-12      2.53e-06        0.61

 SCF converged in 18 iterations.

 Dipole moment (in Debye):              -0.013531      -3.144756       1.249475

 Quadrupole moment (in Debye-Angstrom):
                  1            2            3
 1       -96.401384     0.003160    -0.003367
 2         0.003160   -98.977597     0.664730
 3        -0.003367     0.664730   -92.409561

 Spin-squared expectation <S^2>:         0.000
 Total spin quantum number S:            0.000
 TOTAL ENERGY:                        -894.577212548

 --------------------------------------------------------------------------------

 End time:                               Tue Oct 26 09:38:35 2021
 Total wall-clock time:                 19.867 seconds
==================================================================================
