
================================================================================
          _____________ ________ _______________ ________     _________         
         / ___________// ______ \\_____   _____// ______ \   / ________)        
        / /_________  / /      \ \     | |     / /      \ \ | (_______          
       |  __________|| |        | |    | |    | |        | | \________ \        
        \ \_________ | |        | |    | |     \ \______/ /___________) |       
         \__________||_|        |_|    |_|      \________//____________/        
                                                                                
====================================[ Qcore ]===================================

 Git describe: 2.3.0-1-g21d9df7e5
 Compiler:     GNU 9.1.0
 Build type:   Release
 Version:      2.3.0-1-g21d9df7e5

 Start time:   Tue Oct 26 09:38:13 2021

 Data directory: /work/zw18965/.local/qcore/share/entos/qcore/data
 Number of threads: 24
 Number of threads was determined by: command line argument
  - More threads can be used by running 'qcore -n 32'

 --------------------------------------------------------------------------------
                                   command: dft                                  
 --------------------------------------------------------------------------------
 AO basis set:                           def2-tzvppd
 Number of AO basis functions:         871
 ECP on atom 2 (Mo):                     28 electrons

 Formula:                                C7H13O2S5Mo-
 Nuclear charge:                       193.000000000
 Total charge:                          -1.000000000
 Number of core electrons:              28
 Number of treated electrons:          166

 Number of alpha electrons:             83
 Number of beta electrons:              83
 Number of unpaired electrons:           0
 Spin:                                   0
 Multiplicity:                           singlet

 Theory:                                 dft
 Exchange-correlation functional:        pbe
 Method for Coulomb:                     incore_df
 Integral threshold:                     1.00e-12
 DF basis set:                           def2-universal-jkfit
 Number of DF basis functions:        1808
 Schwarz screening threshold:            1.00e-10
 Coulomb fitting method:                 Cholesky
 Total number of grid points:       183078
 Method for AO orthogonalization:        symmetric
 Threshold for linear dependence:        1.00e-08
 D3BJ dispersion energy:                -0.049642000

 -------------------------------------
  Running restricted closed-shell SCF 
 -------------------------------------
 Max number of iterations:             128
 Conv. threshold (gradient):             1.00e-05
 Conv. threshold (energy):               1.00e-06
 Interpolation scheme:                   adiis+cdiis
 Initial guess:                          SAD

 ---------------------------------------------------------------
                  energy        change          grad        time
 ---------------------------------------------------------------
   0     -2485.388665522                    2.60e+01        0.82
   1     -2482.307365268      3.08e+00      7.15e+00        0.82
   2     -2469.055805320      1.33e+01      2.68e+01        0.87
   3     -2482.062789233     -1.30e+01      8.26e+00        0.87
   4     -2483.214131523     -1.15e+00      3.44e+00        0.85
   5     -2479.354325914      3.86e+00      1.64e+01        0.87
   6     -2482.842066284     -3.49e+00      6.97e+00        0.93
   7     -2483.311485901     -4.69e-01      1.56e+00        0.95
   8     -2483.256473391      5.50e-02      2.86e+00        1.00
   9     -2483.340176640     -8.37e-02      1.12e+00        1.04
  10     -2483.331558839      8.62e-03      1.34e+00        1.15
  11     -2483.345455144     -1.39e-02      7.09e-01        1.20
  12     -2483.347173599     -1.72e-03      4.80e-01        1.18
  13     -2483.346081780      1.09e-03      5.22e-01        1.19
  14     -2483.351583932     -5.50e-03      1.16e-01        1.22
  15     -2483.348192107      3.39e-03      6.04e-01        1.15
  16     -2483.351390413     -3.20e-03      1.56e-01        1.18
  17     -2483.351706354     -3.16e-04      9.64e-02        1.21
  18     -2483.351442448      2.64e-04      1.61e-01        1.20
  19     -2483.351798485     -3.56e-04      2.44e-04        1.00
  20     -2483.351798486     -1.44e-09      1.71e-04        0.86
  21     -2483.351798487     -4.88e-10      4.73e-05        0.90
  22     -2483.351798487     -2.18e-11      1.79e-05        0.92
  23     -2483.351798487     -1.55e-11      5.93e-06        0.88

 SCF converged in 23 iterations.

 Dipole moment (in Debye):              -8.217868      -0.283228       1.486431

 Quadrupole moment (in Debye-Angstrom):
                  1            2            3
 1      -148.251830     0.097391    -2.076581
 2         0.097391  -163.082584     0.756804
 3        -2.076581     0.756804  -166.155740

 Spin-squared expectation <S^2>:         0.000
 Total spin quantum number S:            0.000
 TOTAL ENERGY:                       -2483.351798487

 --------------------------------------------------------------------------------

 End time:                               Tue Oct 26 09:38:48 2021
 Total wall-clock time:                 35.733 seconds
==================================================================================
