
================================================================================
          _____________ ________ _______________ ________     _________         
         / ___________// ______ \\_____   _____// ______ \   / ________)        
        / /_________  / /      \ \     | |     / /      \ \ | (_______          
       |  __________|| |        | |    | |    | |        | | \________ \        
        \ \_________ | |        | |    | |     \ \______/ /___________) |       
         \__________||_|        |_|    |_|      \________//____________/        
                                                                                
====================================[ Qcore ]===================================

 Git describe: 2.3.0-1-g21d9df7e5
 Compiler:     GNU 9.1.0
 Build type:   Release
 Version:      2.3.0-1-g21d9df7e5

 Start time:   Tue Oct 26 09:38:55 2021

 Data directory: /work/zw18965/.local/qcore/share/entos/qcore/data
 Number of threads: 24
 Number of threads was determined by: command line argument

 --------------------------------------------------------------------------------
                                   command: dft                                  
 --------------------------------------------------------------------------------
 AO basis set:                           def2-tzvppd
 Number of AO basis functions:        1005
 ECP on atom 15 (W):                     60 electrons

 Formula:                                C9H14O3S5W(2-)
 Nuclear charge:                       246.000000000
 Total charge:                          -2.000000000
 Number of core electrons:              60
 Number of treated electrons:          188

 Number of alpha electrons:             94
 Number of beta electrons:              94
 Number of unpaired electrons:           0
 Spin:                                   0
 Multiplicity:                           singlet

 Theory:                                 dft
 Exchange-correlation functional:        pbe
 Method for Coulomb:                     incore_df
 Integral threshold:                     1.00e-12
 DF basis set:                           def2-universal-jkfit
 Number of DF basis functions:        2025
 Schwarz screening threshold:            1.00e-10
 Coulomb fitting method:                 Cholesky
 Total number of grid points:       210218
 Method for AO orthogonalization:        symmetric
 Threshold for linear dependence:        1.00e-08
 D3BJ dispersion energy:                -0.056577975

 -------------------------------------
  Running restricted closed-shell SCF 
 -------------------------------------
 Max number of iterations:             128
 Conv. threshold (gradient):             1.00e-05
 Conv. threshold (energy):               1.00e-06
 Interpolation scheme:                   adiis+cdiis
 Initial guess:                          SAD

 ---------------------------------------------------------------
                  energy        change          grad        time
 ---------------------------------------------------------------
   0     -2636.296784202                    2.37e+02        1.25
   1     -2633.255140323      3.04e+00      4.20e+00        1.18
   2     -2613.938757886      1.93e+01      2.73e+01        1.10
   3     -2631.973494592     -1.80e+01      7.30e+00        1.16
   4     -2624.734605700      7.24e+00      1.46e+01        1.26
   5     -2634.047120488     -9.31e+00      1.93e+00        1.22
   6     -2633.486713734      5.60e-01      5.14e+00        1.29
   7     -2633.957546146     -4.71e-01      3.26e+00        1.34
   8     -2634.021659844     -6.41e-02      3.65e+00        1.42
   9     -2634.131890623     -1.10e-01      1.40e+00        1.49
  10     -2634.078372816      5.35e-02      1.73e+00        1.53
  11     -2634.142092870     -6.37e-02      1.16e+00        1.63
  12     -2634.146763548     -4.67e-03      6.10e-01        1.76
  13     -2634.154138903     -7.38e-03      2.36e-01        1.67
  14     -2634.153053487      1.09e-03      3.42e-01        1.70
  15     -2634.153964677     -9.11e-04      3.36e-01        1.59
  16     -2634.155334486     -1.37e-03      1.10e-01        1.68
  17     -2634.154912378      4.22e-04      2.28e-01        1.59
  18     -2634.155372425     -4.60e-04      8.20e-02        1.74
  19     -2634.155352695      1.97e-05      6.66e-02        1.70
  20     -2634.155455767     -1.03e-04      2.79e-04        1.38
  21     -2634.155455770     -2.78e-09      2.10e-04        1.21
  22     -2634.155455770     -2.76e-10      6.61e-05        1.20
  23     -2634.155455770     -8.78e-11      4.84e-05        1.27
  24     -2634.155455771     -6.05e-11      9.23e-06        1.23

 SCF converged in 24 iterations.

 Dipole moment (in Debye):               6.548402      -2.746229       0.454827

 Quadrupole moment (in Debye-Angstrom):
                  1            2            3
 1      -272.540293    -7.521603    -2.820689
 2        -7.521603  -200.264468    -3.428117
 3        -2.820689    -3.428117  -198.619129

 Spin-squared expectation <S^2>:         0.000
 Total spin quantum number S:            0.000
 TOTAL ENERGY:                       -2634.155455771

 --------------------------------------------------------------------------------

 End time:                               Tue Oct 26 09:40:06 2021
 Total wall-clock time:                 71.231 seconds
==================================================================================
