
================================================================================
          _____________ ________ _______________ ________     _________         
         / ___________// ______ \\_____   _____// ______ \   / ________)        
        / /_________  / /      \ \     | |     / /      \ \ | (_______          
       |  __________|| |        | |    | |    | |        | | \________ \        
        \ \_________ | |        | |    | |     \ \______/ /___________) |       
         \__________||_|        |_|    |_|      \________//____________/        
                                                                                
====================================[ Qcore ]===================================

 Git describe: 2.3.0-1-g21d9df7e5
 Compiler:     GNU 9.1.0
 Build type:   Release
 Version:      2.3.0-1-g21d9df7e5

 Start time:   Tue Oct 26 09:38:38 2021

 Data directory: /work/zw18965/.local/qcore/share/entos/qcore/data
 Number of threads: 24
 Number of threads was determined by: command line argument

 --------------------------------------------------------------------------------
                                   command: dft                                  
 --------------------------------------------------------------------------------
 AO basis set:                           def2-tzvppd
 Number of AO basis functions:         108

 Formula:                                C2H2
 Nuclear charge:                        14.000000000
 Total charge:                           0.000000000
 Number of electrons:                   14.000000000

 Number of alpha electrons:              7
 Number of beta electrons:               7
 Number of unpaired electrons:           0
 Spin:                                   0
 Multiplicity:                           singlet

 Theory:                                 dft
 Exchange-correlation functional:        pbe
 Method for Coulomb:                     incore_df
 Integral threshold:                     1.00e-12
 DF basis set:                           def2-universal-jkfit
 Number of DF basis functions:         186
 Schwarz screening threshold:            1.00e-10
 Coulomb fitting method:                 Cholesky
 Total number of grid points:        25380
 Method for AO orthogonalization:        symmetric
 Threshold for linear dependence:        1.00e-08
 D3BJ dispersion energy:                -0.001313865

 -------------------------------------
  Running restricted closed-shell SCF 
 -------------------------------------
 Max number of iterations:             128
 Conv. threshold (gradient):             1.00e-05
 Conv. threshold (energy):               1.00e-06
 Interpolation scheme:                   adiis+cdiis
 Initial guess:                          SAD

 ---------------------------------------------------------------
                  energy        change          grad        time
 ---------------------------------------------------------------
   0       -77.383341241                    6.91e+00        0.02
   1       -77.151851250      2.31e-01      9.79e-01        0.02
   2       -77.062665675      8.92e-02      1.35e+00        0.01
   3       -77.251177239     -1.89e-01      1.60e-01        0.02
   4       -77.249909811      1.27e-03      1.88e-01        0.01
   5       -77.253519483     -3.61e-03      1.83e-02        0.01
   6       -77.253501488      1.80e-05      2.21e-02        0.01
   7       -77.253551765     -5.03e-05      6.50e-05        0.01
   8       -77.253551765     -2.11e-10      4.08e-05        0.01
   9       -77.253551765     -1.10e-10      2.12e-05        0.01
  10       -77.253551765     -3.74e-11      1.30e-07        0.01

 SCF converged in 10 iterations.

 Dipole moment (in Debye):              -0.000000      -0.000000       0.000000

 Quadrupole moment (in Debye-Angstrom):
                  1            2            3
 1       -13.617398     0.000000     0.000000
 2         0.000000   -13.617398     0.000000
 3         0.000000     0.000000    -7.239367

 Spin-squared expectation <S^2>:         0.000
 Total spin quantum number S:            0.000
 TOTAL ENERGY:                         -77.253551765

 --------------------------------------------------------------------------------

 End time:                               Tue Oct 26 09:38:38 2021
 Total wall-clock time:                  0.485 seconds
==================================================================================
