
================================================================================
          _____________ ________ _______________ ________     _________         
         / ___________// ______ \\_____   _____// ______ \   / ________)        
        / /_________  / /      \ \     | |     / /      \ \ | (_______          
       |  __________|| |        | |    | |    | |        | | \________ \        
        \ \_________ | |        | |    | |     \ \______/ /___________) |       
         \__________||_|        |_|    |_|      \________//____________/        
                                                                                
====================================[ Qcore ]===================================

 Git describe: 2.3.0-1-g21d9df7e5
 Compiler:     GNU 9.1.0
 Build type:   Release
 Version:      2.3.0-1-g21d9df7e5

 Start time:   Tue Oct 26 09:39:54 2021

 Data directory: /work/zw18965/.local/qcore/share/entos/qcore/data
 Number of threads: 24
 Number of threads was determined by: command line argument

 --------------------------------------------------------------------------------
                                   command: dft                                  
 --------------------------------------------------------------------------------
 AO basis set:                           def2-tzvppd
 Number of AO basis functions:         721
 ECP on atom 1 (Mo):                     28 electrons

 Formula:                                C7H17NO2Mo
 Nuclear charge:                       124.000000000
 Total charge:                           0.000000000
 Number of core electrons:              28
 Number of treated electrons:           96

 Number of alpha electrons:             48
 Number of beta electrons:              48
 Number of unpaired electrons:           0
 Spin:                                   0
 Multiplicity:                           singlet

 Theory:                                 dft
 Exchange-correlation functional:        pbe
 Method for Coulomb:                     incore_df
 Integral threshold:                     1.00e-12
 DF basis set:                           def2-universal-jkfit
 Number of DF basis functions:        1317
 Schwarz screening threshold:            1.00e-10
 Coulomb fitting method:                 Cholesky
 Total number of grid points:       176688
 Method for AO orthogonalization:        symmetric
 Threshold for linear dependence:        1.00e-08
 D3BJ dispersion energy:                -0.031154355

 -------------------------------------
  Running restricted closed-shell SCF 
 -------------------------------------
 Max number of iterations:             128
 Conv. threshold (gradient):             1.00e-05
 Conv. threshold (energy):               1.00e-06
 Interpolation scheme:                   adiis+cdiis
 Initial guess:                          SAD

 ---------------------------------------------------------------
                  energy        change          grad        time
 ---------------------------------------------------------------
   0      -550.985382093                    3.04e+01        0.67
   1      -548.839649566      2.15e+00      5.98e+00        0.66
   2      -537.643957721      1.12e+01      3.07e+01        0.69
   3      -548.684558590     -1.10e+01      9.74e+00        0.68
   4      -550.032068306     -1.35e+00      1.65e+00        0.67
   5      -548.889407156      1.14e+00      8.49e+00        0.63
   6      -549.946477746     -1.06e+00      2.75e+00        0.72
   7      -550.063994624     -1.18e-01      1.60e+00        0.67
   8      -550.019760514      4.42e-02      1.84e+00        0.71
   9      -550.076667259     -5.69e-02      1.00e+00        0.75
  10      -550.043077077      3.36e-02      1.53e+00        0.83
  11      -550.085767681     -4.27e-02      6.12e-01        0.82
  12      -550.080568545      5.20e-03      1.02e+00        0.85
  13      -550.090334036     -9.77e-03      3.18e-01        0.85
  14      -550.086547333      3.79e-03      4.97e-01        0.84
  15      -550.091590170     -5.04e-03      1.85e-01        0.81
  16      -550.092125661     -5.35e-04      8.77e-02        0.89
  17      -550.092045642      8.00e-05      1.13e-01        0.83
  18      -550.092232830     -1.87e-04      1.19e-03        0.75
  19      -550.092232861     -3.02e-08      2.78e-04        0.70
  20      -550.092232862     -1.24e-09      7.86e-05        0.68
  21      -550.092232862     -1.17e-10      3.15e-05        0.69
  22      -550.092232862     -2.94e-11      9.12e-06        0.69

 SCF converged in 22 iterations.

 Dipole moment (in Debye):              -2.358927       0.547297       0.582703

 Quadrupole moment (in Debye-Angstrom):
                  1            2            3
 1       -83.855291    -0.905153    -0.428278
 2        -0.905153   -80.614316     0.557626
 3        -0.428278     0.557626   -85.639162

 Spin-squared expectation <S^2>:         0.000
 Total spin quantum number S:            0.000
 TOTAL ENERGY:                        -550.092232862

 --------------------------------------------------------------------------------

 End time:                               Tue Oct 26 09:40:20 2021
 Total wall-clock time:                 25.745 seconds
==================================================================================
