
================================================================================
          _____________ ________ _______________ ________     _________         
         / ___________// ______ \\_____   _____// ______ \   / ________)        
        / /_________  / /      \ \     | |     / /      \ \ | (_______          
       |  __________|| |        | |    | |    | |        | | \________ \        
        \ \_________ | |        | |    | |     \ \______/ /___________) |       
         \__________||_|        |_|    |_|      \________//____________/        
                                                                                
====================================[ Qcore ]===================================

 Git describe: 2.3.0-1-g21d9df7e5
 Compiler:     GNU 9.1.0
 Build type:   Release
 Version:      2.3.0-1-g21d9df7e5

 Start time:   Tue Oct 26 09:40:03 2021

 Data directory: /work/zw18965/.local/qcore/share/entos/qcore/data
 Number of threads: 24
 Number of threads was determined by: command line argument

 --------------------------------------------------------------------------------
                                   command: dft                                  
 --------------------------------------------------------------------------------
 AO basis set:                           def2-tzvppd
 Number of AO basis functions:         825
 ECP on atom 1 (Re):                     60 electrons

 Formula:                                C9H8O6BrRe
 Nuclear charge:                       220.000000000
 Total charge:                           0.000000000
 Number of core electrons:              60
 Number of treated electrons:          160

 Number of alpha electrons:             80
 Number of beta electrons:              80
 Number of unpaired electrons:           0
 Spin:                                   0
 Multiplicity:                           singlet

 Theory:                                 dft
 Exchange-correlation functional:        pbe
 Method for Coulomb:                     incore_df
 Integral threshold:                     1.00e-12
 DF basis set:                           def2-universal-jkfit
 Number of DF basis functions:        1774
 Schwarz screening threshold:            1.00e-10
 Coulomb fitting method:                 Cholesky
 Total number of grid points:       167124
 Method for AO orthogonalization:        symmetric
 Threshold for linear dependence:        1.00e-08
 D3BJ dispersion energy:                -0.033855342

 -------------------------------------
  Running restricted closed-shell SCF 
 -------------------------------------
 Max number of iterations:             128
 Conv. threshold (gradient):             1.00e-05
 Conv. threshold (energy):               1.00e-06
 Interpolation scheme:                   adiis+cdiis
 Initial guess:                          SAD

 ---------------------------------------------------------------
                  energy        change          grad        time
 ---------------------------------------------------------------
   0     -3453.375700619                    1.86e+02        0.81
   1     -3450.432251729      2.94e+00      2.43e+00        0.79
   2     -3448.541641938      1.89e+00      8.73e+00        0.84
   3     -3450.636786544     -2.10e+00      1.71e+00        0.77
   4     -3449.948268711      6.89e-01      6.77e+00        0.81
   5     -3450.805653321     -8.57e-01      7.90e-01        0.88
   6     -3450.724981854      8.07e-02      2.08e+00        0.85
   7     -3450.822886776     -9.79e-02      5.68e-01        0.90
   8     -3450.801928898      2.10e-02      1.35e+00        0.95
   9     -3450.832571917     -3.06e-02      2.21e-01        0.91
  10     -3450.814992804      1.76e-02      9.60e-01        1.02
  11     -3450.832110882     -1.71e-02      3.17e-01        1.02
  12     -3450.833608391     -1.50e-03      1.87e-01        1.07
  13     -3450.832701277      9.07e-04      2.94e-01        1.02
  14     -3450.833951789     -1.25e-03      1.03e-01        1.05
  15     -3450.833650807      3.01e-04      1.69e-01        1.07
  16     -3450.834117567     -4.67e-04      3.95e-02        1.12
  17     -3450.834132515     -1.49e-05      2.63e-02        1.05
  18     -3450.834151679     -1.92e-05      2.28e-04        0.87
  19     -3450.834151680     -1.39e-09      5.05e-05        0.76
  20     -3450.834151681     -1.01e-10      3.48e-05        0.79
  21     -3450.834151681     -4.77e-11      1.62e-05        0.73
  22     -3450.834151681      1.27e-11      2.21e-05        0.80
  23     -3450.834151681     -1.77e-11      1.35e-06        0.78

 SCF converged in 23 iterations.

 Dipole moment (in Debye):               7.606716       3.589223      -1.891685

 Quadrupole moment (in Debye-Angstrom):
                  1            2            3
 1      -104.344301    -2.930811     2.889701
 2        -2.930811  -132.939606    -2.374881
 3         2.889701    -2.374881  -127.023197

 Spin-squared expectation <S^2>:         0.000
 Total spin quantum number S:            0.000
 TOTAL ENERGY:                       -3450.834151681

 --------------------------------------------------------------------------------

 End time:                               Tue Oct 26 09:41:11 2021
 Total wall-clock time:                 68.218 seconds
==================================================================================
