
================================================================================
          _____________ ________ _______________ ________     _________         
         / ___________// ______ \\_____   _____// ______ \   / ________)        
        / /_________  / /      \ \     | |     / /      \ \ | (_______          
       |  __________|| |        | |    | |    | |        | | \________ \        
        \ \_________ | |        | |    | |     \ \______/ /___________) |       
         \__________||_|        |_|    |_|      \________//____________/        
                                                                                
====================================[ Qcore ]===================================

 Git describe: 2.3.0-1-g21d9df7e5
 Compiler:     GNU 9.1.0
 Build type:   Release
 Version:      2.3.0-1-g21d9df7e5

 Start time:   Tue Oct 26 09:41:14 2021

 Data directory: /work/zw18965/.local/qcore/share/entos/qcore/data
 Number of threads: 24
 Number of threads was determined by: command line argument

 --------------------------------------------------------------------------------
                                   command: dft                                  
 --------------------------------------------------------------------------------
 AO basis set:                           def2-tzvppd
 Number of AO basis functions:        1122
 ECP on atom 23 (Au):                    60 electrons

 Formula:                                C16H14O2Cl3Au
 Nuclear charge:                       256.000000000
 Total charge:                           0.000000000
 Number of core electrons:              60
 Number of treated electrons:          196

 Number of alpha electrons:             98
 Number of beta electrons:              98
 Number of unpaired electrons:           0
 Spin:                                   0
 Multiplicity:                           singlet

 Theory:                                 dft
 Exchange-correlation functional:        pbe
 Method for Coulomb:                     incore_df
 Integral threshold:                     1.00e-12
 DF basis set:                           def2-universal-jkfit
 Number of DF basis functions:        2237
 Schwarz screening threshold:            1.00e-10
 Coulomb fitting method:                 Cholesky
 Total number of grid points:       236750
 Method for AO orthogonalization:        symmetric
 Threshold for linear dependence:        1.00e-08
 D3BJ dispersion energy:                -0.054956867

 -------------------------------------
  Running restricted closed-shell SCF 
 -------------------------------------
 Max number of iterations:             128
 Conv. threshold (gradient):             1.00e-05
 Conv. threshold (energy):               1.00e-06
 Interpolation scheme:                   adiis+cdiis
 Initial guess:                          SAD

 ---------------------------------------------------------------
                  energy        change          grad        time
 ---------------------------------------------------------------
   0     -2287.904671765                    3.70e+01        1.71
   1     -2282.795019080      5.11e+00      7.85e+00        1.62
   2     -2272.474086940      1.03e+01      1.53e+01        1.65
   3     -2282.701977882     -1.02e+01      6.82e+00        1.74
   4     -2282.795523003     -9.35e-02      3.63e+00        1.74
   5     -2283.754866193     -9.59e-01      1.18e+00        1.78
   6     -2283.533054054      2.22e-01      2.59e+00        1.73
   7     -2283.801015848     -2.68e-01      8.66e-01        1.76
   8     -2283.738227142      6.28e-02      1.65e+00        1.89
   9     -2283.815311003     -7.71e-02      5.28e-01        1.95
  10     -2283.814105701      1.21e-03      5.84e-01        2.13
  11     -2283.820242558     -6.14e-03      3.27e-01        2.33
  12     -2283.821681174     -1.44e-03      2.34e-01        2.27
  13     -2283.822692649     -1.01e-03      1.41e-01        2.29
  14     -2283.822283138      4.10e-04      1.54e-01        2.27
  15     -2283.823070634     -7.87e-04      5.55e-02        2.24
  16     -2283.822850090      2.21e-04      1.26e-01        2.17
  17     -2283.823153905     -3.04e-04      4.52e-04        1.88
  18     -2283.823153910     -4.81e-09      1.94e-04        1.71
  19     -2283.823153910     -3.87e-10      1.55e-04        1.89
  20     -2283.823153911     -9.97e-10      3.25e-05        1.89
  21     -2283.823153911     -3.64e-11      1.20e-05        1.87
  22     -2283.823153911      1.27e-11      5.79e-06        1.75

 SCF converged in 22 iterations.

 Dipole moment (in Debye):               8.430069       4.638623      -2.280635

 Quadrupole moment (in Debye-Angstrom):
                  1            2            3
 1      -161.175618   -17.956277     8.537549
 2       -17.956277  -147.757740     6.905746
 3         8.537549     6.905746  -160.632482

 Spin-squared expectation <S^2>:         0.000
 Total spin quantum number S:            0.000
 TOTAL ENERGY:                       -2283.823153911

 --------------------------------------------------------------------------------

 End time:                               Tue Oct 26 09:42:42 2021
 Total wall-clock time:                 88.449 seconds
==================================================================================
