
================================================================================
          _____________ ________ _______________ ________     _________         
         / ___________// ______ \\_____   _____// ______ \   / ________)        
        / /_________  / /      \ \     | |     / /      \ \ | (_______          
       |  __________|| |        | |    | |    | |        | | \________ \        
        \ \_________ | |        | |    | |     \ \______/ /___________) |       
         \__________||_|        |_|    |_|      \________//____________/        
                                                                                
====================================[ Qcore ]===================================

 Git describe: 2.3.0-1-g21d9df7e5
 Compiler:     GNU 9.1.0
 Build type:   Release
 Version:      2.3.0-1-g21d9df7e5

 Start time:   Tue Oct 26 09:40:00 2021

 Data directory: /work/zw18965/.local/qcore/share/entos/qcore/data
 Number of threads: 24
 Number of threads was determined by: command line argument
  - More threads can be used by running 'qcore -n 32'

 --------------------------------------------------------------------------------
                                   command: dft                                  
 --------------------------------------------------------------------------------
 AO basis set:                           def2-tzvppd
 Number of AO basis functions:         815
 ECP on atom 25 (Au):                    60 electrons

 Formula:                                C9H15O3PAu+
 Nuclear charge:                       187.000000000
 Total charge:                           1.000000000
 Number of core electrons:              60
 Number of treated electrons:          126

 Number of alpha electrons:             63
 Number of beta electrons:              63
 Number of unpaired electrons:           0
 Spin:                                   0
 Multiplicity:                           singlet

 Theory:                                 dft
 Exchange-correlation functional:        pbe
 Method for Coulomb:                     incore_df
 Integral threshold:                     1.00e-12
 DF basis set:                           def2-universal-jkfit
 Number of DF basis functions:        1551
 Schwarz screening threshold:            1.00e-10
 Coulomb fitting method:                 Cholesky
 Total number of grid points:       186852
 Method for AO orthogonalization:        symmetric
 Threshold for linear dependence:        1.00e-08
 D3BJ dispersion energy:                -0.034716748

 -------------------------------------
  Running restricted closed-shell SCF 
 -------------------------------------
 Max number of iterations:             128
 Conv. threshold (gradient):             1.00e-05
 Conv. threshold (energy):               1.00e-06
 Interpolation scheme:                   adiis+cdiis
 Initial guess:                          SAD

 ---------------------------------------------------------------
                  energy        change          grad        time
 ---------------------------------------------------------------
   0     -1056.631882824                    2.97e+01        0.77
   1     -1053.512989146      3.12e+00      3.18e+00        0.78
   2     -1050.160219776      3.35e+00      1.23e+01        0.81
   3     -1053.538931658     -3.38e+00      3.38e+00        0.78
   4     -1051.444162503      2.09e+00      1.09e+01        0.80
   5     -1053.961573817     -2.52e+00      1.55e+00        0.78
   6     -1053.786587506      1.75e-01      3.90e+00        0.89
   7     -1053.971923837     -1.85e-01      1.21e+00        0.88
   8     -1053.990110443     -1.82e-02      2.32e-01        0.91
   9     -1053.984337762      5.77e-03      6.47e-01        0.89
  10     -1053.990290888     -5.95e-03      2.16e-01        1.02
  11     -1053.990925816     -6.35e-04      4.45e-02        1.02
  12     -1053.990666270      2.60e-04      1.32e-01        1.01
  13     -1053.990964522     -2.98e-04      2.32e-03        0.96
  14     -1053.990964620     -9.81e-08      1.47e-03        0.82
  15     -1053.990964650     -3.00e-08      2.11e-04        0.81
  16     -1053.990964651     -1.11e-09      7.52e-05        0.78
  17     -1053.990964651     -1.97e-10      2.03e-05        0.83
  18     -1053.990964651      6.82e-12      9.41e-06        0.80

 SCF converged in 18 iterations.

 Dipole moment (in Debye):               6.301160      -0.061606       0.388168

 Quadrupole moment (in Debye-Angstrom):
                  1            2            3
 1       -26.416763    -6.846871    -0.865320
 2        -6.846871   -97.814462    -0.261548
 3        -0.865320    -0.261548   -98.246421

 Spin-squared expectation <S^2>:         0.000
 Total spin quantum number S:            0.000
 TOTAL ENERGY:                       -1053.990964651

 --------------------------------------------------------------------------------

 End time:                               Tue Oct 26 09:40:39 2021
 Total wall-clock time:                 39.052 seconds
==================================================================================
