
================================================================================
          _____________ ________ _______________ ________     _________         
         / ___________// ______ \\_____   _____// ______ \   / ________)        
        / /_________  / /      \ \     | |     / /      \ \ | (_______          
       |  __________|| |        | |    | |    | |        | | \________ \        
        \ \_________ | |        | |    | |     \ \______/ /___________) |       
         \__________||_|        |_|    |_|      \________//____________/        
                                                                                
====================================[ Qcore ]===================================

 Git describe: 2.3.0-1-g21d9df7e5
 Compiler:     GNU 9.1.0
 Build type:   Release
 Version:      2.3.0-1-g21d9df7e5

 Start time:   Tue Oct 26 09:40:20 2021

 Data directory: /work/zw18965/.local/qcore/share/entos/qcore/data
 Number of threads: 24
 Number of threads was determined by: command line argument
  - More threads can be used by running 'qcore -n 32'

 --------------------------------------------------------------------------------
                                   command: dft                                  
 --------------------------------------------------------------------------------
 AO basis set:                           def2-tzvppd
 Number of AO basis functions:         825
 ECP on atom 1 (Re):                     60 electrons

 Formula:                                C9H8O6BrRe
 Nuclear charge:                       220.000000000
 Total charge:                           0.000000000
 Number of core electrons:              60
 Number of treated electrons:          160

 Number of alpha electrons:             80
 Number of beta electrons:              80
 Number of unpaired electrons:           0
 Spin:                                   0
 Multiplicity:                           singlet

 Theory:                                 dft
 Exchange-correlation functional:        pbe
 Method for Coulomb:                     incore_df
 Integral threshold:                     1.00e-12
 DF basis set:                           def2-universal-jkfit
 Number of DF basis functions:        1774
 Schwarz screening threshold:            1.00e-10
 Coulomb fitting method:                 Cholesky
 Total number of grid points:       167124
 Method for AO orthogonalization:        symmetric
 Threshold for linear dependence:        1.00e-08
 D3BJ dispersion energy:                -0.036254729

 -------------------------------------
  Running restricted closed-shell SCF 
 -------------------------------------
 Max number of iterations:             128
 Conv. threshold (gradient):             1.00e-05
 Conv. threshold (energy):               1.00e-06
 Interpolation scheme:                   adiis+cdiis
 Initial guess:                          SAD

 ---------------------------------------------------------------
                  energy        change          grad        time
 ---------------------------------------------------------------
   0     -3453.580544198                    2.25e+02        0.83
   1     -3450.408890766      3.17e+00      2.86e+00        0.79
   2     -3446.772797756      3.64e+00      1.61e+01        0.75
   3     -3450.503439200     -3.73e+00      3.10e+00        0.83
   4     -3450.717118560     -2.14e-01      2.00e+00        0.85
   5     -3450.228454206      4.89e-01      5.69e+00        0.84
   6     -3450.738539079     -5.10e-01      2.29e+00        0.89
   7     -3450.642263237      9.63e-02      3.72e+00        0.91
   8     -3450.808142260     -1.66e-01      4.77e-01        0.92
   9     -3450.752240798      5.59e-02      2.27e+00        0.97
  10     -3450.803302351     -5.11e-02      7.69e-01        1.01
  11     -3450.810931086     -7.63e-03      1.66e-01        1.04
  12     -3450.810461820      4.69e-04      2.64e-01        1.12
  13     -3450.811063675     -6.02e-04      7.32e-02        1.04
  14     -3450.811188126     -1.24e-04      5.12e-02        1.09
  15     -3450.811247173     -5.90e-05      4.58e-04        0.93
  16     -3450.811247176     -3.31e-09      1.84e-04        0.91
  17     -3450.811247177     -9.68e-10      8.07e-05        0.80
  18     -3450.811247177     -1.49e-10      7.82e-05        0.87
  19     -3450.811247177     -8.96e-11      2.15e-05        0.82
  20     -3450.811247177     -8.64e-12      3.96e-06        0.76

 SCF converged in 20 iterations.

 Dipole moment (in Debye):               5.336081       2.015291      -0.289066

 Quadrupole moment (in Debye-Angstrom):
                  1            2            3
 1      -121.081392     1.969927     9.381686
 2         1.969927  -135.169301     1.236099
 3         9.381686     1.236099  -127.960313

 Spin-squared expectation <S^2>:         0.000
 Total spin quantum number S:            0.000
 TOTAL ENERGY:                       -3450.811247177

 --------------------------------------------------------------------------------

 End time:                               Tue Oct 26 09:41:22 2021
 Total wall-clock time:                 61.076 seconds
==================================================================================
