
================================================================================
          _____________ ________ _______________ ________     _________         
         / ___________// ______ \\_____   _____// ______ \   / ________)        
        / /_________  / /      \ \     | |     / /      \ \ | (_______          
       |  __________|| |        | |    | |    | |        | | \________ \        
        \ \_________ | |        | |    | |     \ \______/ /___________) |       
         \__________||_|        |_|    |_|      \________//____________/        
                                                                                
====================================[ Qcore ]===================================

 Git describe: 2.3.0-1-g21d9df7e5
 Compiler:     GNU 9.1.0
 Build type:   Release
 Version:      2.3.0-1-g21d9df7e5

 Start time:   Tue Oct 26 09:39:10 2021

 Data directory: /work/zw18965/.local/qcore/share/entos/qcore/data
 Number of threads: 24
 Number of threads was determined by: command line argument
  - More threads can be used by running 'qcore -n 32'

 --------------------------------------------------------------------------------
                                   command: dft                                  
 --------------------------------------------------------------------------------
 AO basis set:                           def2-tzvppd
 Number of AO basis functions:         869
 ECP on atom 25 (Au):                    60 electrons

 Formula:                                C9H12O3Cl3Au
 Nuclear charge:                       220.000000000
 Total charge:                           0.000000000
 Number of core electrons:              60
 Number of treated electrons:          160

 Number of alpha electrons:             80
 Number of beta electrons:              80
 Number of unpaired electrons:           0
 Spin:                                   0
 Multiplicity:                           singlet

 Theory:                                 dft
 Exchange-correlation functional:        pbe
 Method for Coulomb:                     incore_df
 Integral threshold:                     1.00e-12
 DF basis set:                           def2-universal-jkfit
 Number of DF basis functions:        1753
 Schwarz screening threshold:            1.00e-10
 Coulomb fitting method:                 Cholesky
 Total number of grid points:       184314
 Method for AO orthogonalization:        symmetric
 Threshold for linear dependence:        1.00e-08
 D3BJ dispersion energy:                -0.041354444

 -------------------------------------
  Running restricted closed-shell SCF 
 -------------------------------------
 Max number of iterations:             128
 Conv. threshold (gradient):             1.00e-05
 Conv. threshold (energy):               1.00e-06
 Interpolation scheme:                   adiis+cdiis
 Initial guess:                          SAD

 ---------------------------------------------------------------
                  energy        change          grad        time
 ---------------------------------------------------------------
   0     -2093.741250855                    4.48e+01        0.92
   1     -2090.421807313      3.32e+00      6.92e+00        0.88
   2     -2084.291769400      6.13e+00      1.50e+01        0.92
   3     -2090.541250055     -6.25e+00      5.39e+00        0.94
   4     -2089.248717852      1.29e+00      1.20e+01        0.97
   5     -2091.257628823     -2.01e+00      1.95e+00        0.97
   6     -2090.886568738      3.71e-01      4.39e+00        0.99
   7     -2091.270187884     -3.84e-01      1.61e+00        1.03
   8     -2091.312584825     -4.24e-02      2.59e-01        1.13
   9     -2091.300052552      1.25e-02      8.36e-01        1.12
  10     -2091.312601773     -1.25e-02      2.38e-01        1.25
  11     -2091.314113654     -1.51e-03      6.17e-02        1.26
  12     -2091.313569403      5.44e-04      2.01e-01        1.26
  13     -2091.314170836     -6.01e-04      2.95e-03        1.13
  14     -2091.314171015     -1.79e-07      1.09e-03        0.95
  15     -2091.314171035     -2.04e-08      3.29e-04        0.92
  16     -2091.314171038     -2.32e-09      7.75e-05        0.91
  17     -2091.314171038     -2.46e-10      3.11e-05        0.96
  18     -2091.314171038      8.64e-12      3.40e-05        0.96
  19     -2091.314171038     -5.46e-12      4.02e-06        0.97

 SCF converged in 19 iterations.

 Dipole moment (in Debye):              -8.118975       1.625006      -0.436562

 Quadrupole moment (in Debye-Angstrom):
                  1            2            3
 1      -128.557318    10.078090    -1.782643
 2        10.078090  -125.771726    -5.171318
 3        -1.782643    -5.171318  -134.898862

 Spin-squared expectation <S^2>:         0.000
 Total spin quantum number S:            0.000
 TOTAL ENERGY:                       -2091.314171038

 --------------------------------------------------------------------------------

 End time:                               Tue Oct 26 09:39:56 2021
 Total wall-clock time:                 45.890 seconds
==================================================================================
