
================================================================================
          _____________ ________ _______________ ________     _________         
         / ___________// ______ \\_____   _____// ______ \   / ________)        
        / /_________  / /      \ \     | |     / /      \ \ | (_______          
       |  __________|| |        | |    | |    | |        | | \________ \        
        \ \_________ | |        | |    | |     \ \______/ /___________) |       
         \__________||_|        |_|    |_|      \________//____________/        
                                                                                
====================================[ Qcore ]===================================

 Git describe: 2.3.0-1-g21d9df7e5
 Compiler:     GNU 9.1.0
 Build type:   Release
 Version:      2.3.0-1-g21d9df7e5

 Start time:   Tue Oct 26 09:40:23 2021

 Data directory: /work/zw18965/.local/qcore/share/entos/qcore/data
 Number of threads: 24
 Number of threads was determined by: command line argument

 --------------------------------------------------------------------------------
                                   command: dft                                  
 --------------------------------------------------------------------------------
 AO basis set:                           def2-tzvppd
 Number of AO basis functions:         825
 ECP on atom 1 (Re):                     60 electrons

 Formula:                                C9H8O6BrRe
 Nuclear charge:                       220.000000000
 Total charge:                           0.000000000
 Number of core electrons:              60
 Number of treated electrons:          160

 Number of alpha electrons:             80
 Number of beta electrons:              80
 Number of unpaired electrons:           0
 Spin:                                   0
 Multiplicity:                           singlet

 Theory:                                 dft
 Exchange-correlation functional:        pbe
 Method for Coulomb:                     incore_df
 Integral threshold:                     1.00e-12
 DF basis set:                           def2-universal-jkfit
 Number of DF basis functions:        1774
 Schwarz screening threshold:            1.00e-10
 Coulomb fitting method:                 Cholesky
 Total number of grid points:       167124
 Method for AO orthogonalization:        symmetric
 Threshold for linear dependence:        1.00e-08
 D3BJ dispersion energy:                -0.037615121

 -------------------------------------
  Running restricted closed-shell SCF 
 -------------------------------------
 Max number of iterations:             128
 Conv. threshold (gradient):             1.00e-05
 Conv. threshold (energy):               1.00e-06
 Interpolation scheme:                   adiis+cdiis
 Initial guess:                          SAD

 ---------------------------------------------------------------
                  energy        change          grad        time
 ---------------------------------------------------------------
   0     -3453.572561899                    2.12e+02        0.86
   1     -3450.436752221      3.14e+00      2.70e+00        0.82
   2     -3448.104687800      2.33e+00      1.06e+01        0.90
   3     -3450.628763583     -2.52e+00      2.22e+00        0.84
   4     -3450.481670501      1.47e-01      4.77e+00        0.87
   5     -3450.748081821     -2.66e-01      2.15e+00        0.88
   6     -3450.733511650      1.46e-02      2.34e+00        0.90
   7     -3450.792167933     -5.87e-02      7.85e-01        0.97
   8     -3450.800483674     -8.32e-03      7.60e-01        0.95
   9     -3450.803289756     -2.81e-03      8.49e-01        1.02
  10     -3450.811044893     -7.76e-03      4.75e-01        1.02
  11     -3450.809941160      1.10e-03      4.93e-01        1.14
  12     -3450.812667044     -2.73e-03      1.97e-01        1.12
  13     -3450.813400925     -7.34e-04      1.17e-01        1.12
  14     -3450.813198135      2.03e-04      1.75e-01        1.09
  15     -3450.813600778     -4.03e-04      7.72e-02        1.08
  16     -3450.813595115      5.66e-06      8.97e-02        1.10
  17     -3450.813691307     -9.62e-05      1.48e-04        0.93
  18     -3450.813691308     -6.21e-10      9.87e-05        0.84
  19     -3450.813691308     -2.98e-10      4.64e-05        0.79
  20     -3450.813691308     -8.69e-11      3.18e-05        0.86
  21     -3450.813691308     -1.86e-11      3.80e-06        0.85

 SCF converged in 21 iterations.

 Dipole moment (in Debye):              -5.573244       4.377931       0.515256

 Quadrupole moment (in Debye-Angstrom):
                  1            2            3
 1      -117.269644    -4.920912    -1.451327
 2        -4.920912  -128.134246     2.102469
 3        -1.451327     2.102469  -130.656831

 Spin-squared expectation <S^2>:         0.000
 Total spin quantum number S:            0.000
 TOTAL ENERGY:                       -3450.813691308

 --------------------------------------------------------------------------------

 End time:                               Tue Oct 26 09:41:29 2021
 Total wall-clock time:                 65.415 seconds
==================================================================================
