
================================================================================
          _____________ ________ _______________ ________     _________         
         / ___________// ______ \\_____   _____// ______ \   / ________)        
        / /_________  / /      \ \     | |     / /      \ \ | (_______          
       |  __________|| |        | |    | |    | |        | | \________ \        
        \ \_________ | |        | |    | |     \ \______/ /___________) |       
         \__________||_|        |_|    |_|      \________//____________/        
                                                                                
====================================[ Qcore ]===================================

 Git describe: 2.3.0-1-g21d9df7e5
 Compiler:     GNU 9.1.0
 Build type:   Release
 Version:      2.3.0-1-g21d9df7e5

 Start time:   Tue Oct 26 09:41:32 2021

 Data directory: /work/zw18965/.local/qcore/share/entos/qcore/data
 Number of threads: 24
 Number of threads was determined by: command line argument

 --------------------------------------------------------------------------------
                                   command: dft                                  
 --------------------------------------------------------------------------------
 AO basis set:                           def2-tzvppd
 Number of AO basis functions:         869
 ECP on atom 25 (Au):                    60 electrons

 Formula:                                C9H12O3Cl3Au
 Nuclear charge:                       220.000000000
 Total charge:                           0.000000000
 Number of core electrons:              60
 Number of treated electrons:          160

 Number of alpha electrons:             80
 Number of beta electrons:              80
 Number of unpaired electrons:           0
 Spin:                                   0
 Multiplicity:                           singlet

 Theory:                                 dft
 Exchange-correlation functional:        pbe
 Method for Coulomb:                     incore_df
 Integral threshold:                     1.00e-12
 DF basis set:                           def2-universal-jkfit
 Number of DF basis functions:        1753
 Schwarz screening threshold:            1.00e-10
 Coulomb fitting method:                 Cholesky
 Total number of grid points:       184314
 Method for AO orthogonalization:        symmetric
 Threshold for linear dependence:        1.00e-08
 D3BJ dispersion energy:                -0.041857386

 -------------------------------------
  Running restricted closed-shell SCF 
 -------------------------------------
 Max number of iterations:             128
 Conv. threshold (gradient):             1.00e-05
 Conv. threshold (energy):               1.00e-06
 Interpolation scheme:                   adiis+cdiis
 Initial guess:                          SAD

 ---------------------------------------------------------------
                  energy        change          grad        time
 ---------------------------------------------------------------
   0     -2093.732077257                    4.07e+01        1.00
   1     -2090.437921684      3.29e+00      7.19e+00        0.90
   2     -2085.120999275      5.32e+00      1.40e+01        0.89
   3     -2090.600862920     -5.48e+00      4.79e+00        0.94
   4     -2089.182044342      1.42e+00      1.14e+01        0.93
   5     -2091.256094822     -2.07e+00      2.73e+00        0.96
   6     -2090.858899799      3.97e-01      6.66e+00        1.00
   7     -2091.265564825     -4.07e-01      2.46e+00        1.02
   8     -2091.310357481     -4.48e-02      4.98e-01        1.09
   9     -2091.276774651      3.36e-02      1.44e+00        1.09
  10     -2091.310453569     -3.37e-02      4.54e-01        1.20
  11     -2091.314411953     -3.96e-03      1.02e-01        1.17
  12     -2091.313044026      1.37e-03      3.43e-01        1.26
  13     -2091.314356007     -1.31e-03      1.26e-01        1.20
  14     -2091.314537693     -1.82e-04      1.12e-02        1.24
  15     -2091.314516795      2.09e-05      5.21e-02        1.29
  16     -2091.314539145     -2.24e-05      5.93e-04        1.13
  17     -2091.314539151     -5.43e-09      2.58e-04        1.05
  18     -2091.314539151     -3.30e-10      1.30e-04        1.00
  19     -2091.314539152     -7.84e-10      2.61e-05        0.95
  20     -2091.314539152      3.14e-11      1.11e-05        1.04
  21     -2091.314539152     -1.82e-11      5.31e-06        1.01

 SCF converged in 21 iterations.

 Dipole moment (in Debye):             -11.430655      -2.298943       0.337675

 Quadrupole moment (in Debye-Angstrom):
                  1            2            3
 1      -114.918840    -3.013230    -4.848917
 2        -3.013230  -133.798533     4.567100
 3        -4.848917     4.567100  -136.119689

 Spin-squared expectation <S^2>:         0.000
 Total spin quantum number S:            0.000
 TOTAL ENERGY:                       -2091.314539152

 --------------------------------------------------------------------------------

 End time:                               Tue Oct 26 09:42:23 2021
 Total wall-clock time:                 50.833 seconds
==================================================================================
