
================================================================================
          _____________ ________ _______________ ________     _________         
         / ___________// ______ \\_____   _____// ______ \   / ________)        
        / /_________  / /      \ \     | |     / /      \ \ | (_______          
       |  __________|| |        | |    | |    | |        | | \________ \        
        \ \_________ | |        | |    | |     \ \______/ /___________) |       
         \__________||_|        |_|    |_|      \________//____________/        
                                                                                
====================================[ Qcore ]===================================

 Git describe: 2.3.0-1-g21d9df7e5
 Compiler:     GNU 9.1.0
 Build type:   Release
 Version:      2.3.0-1-g21d9df7e5

 Start time:   Tue Oct 26 09:41:25 2021

 Data directory: /work/zw18965/.local/qcore/share/entos/qcore/data
 Number of threads: 24
 Number of threads was determined by: command line argument
  - More threads can be used by running 'qcore -n 32'

 --------------------------------------------------------------------------------
                                   command: dft                                  
 --------------------------------------------------------------------------------
 AO basis set:                           def2-tzvppd
 Number of AO basis functions:         815
 ECP on atom 25 (Au):                    60 electrons

 Formula:                                C9H15O3PAu+
 Nuclear charge:                       187.000000000
 Total charge:                           1.000000000
 Number of core electrons:              60
 Number of treated electrons:          126

 Number of alpha electrons:             63
 Number of beta electrons:              63
 Number of unpaired electrons:           0
 Spin:                                   0
 Multiplicity:                           singlet

 Theory:                                 dft
 Exchange-correlation functional:        pbe
 Method for Coulomb:                     incore_df
 Integral threshold:                     1.00e-12
 DF basis set:                           def2-universal-jkfit
 Number of DF basis functions:        1551
 Schwarz screening threshold:            1.00e-10
 Coulomb fitting method:                 Cholesky
 Total number of grid points:       186852
 Method for AO orthogonalization:        symmetric
 Threshold for linear dependence:        1.00e-08
 D3BJ dispersion energy:                -0.034683645

 -------------------------------------
  Running restricted closed-shell SCF 
 -------------------------------------
 Max number of iterations:             128
 Conv. threshold (gradient):             1.00e-05
 Conv. threshold (energy):               1.00e-06
 Interpolation scheme:                   adiis+cdiis
 Initial guess:                          SAD

 ---------------------------------------------------------------
                  energy        change          grad        time
 ---------------------------------------------------------------
   0     -1056.441638922                    2.96e+01        0.72
   1     -1053.441182757      3.00e+00      3.41e+00        0.77
   2     -1050.289788361      3.15e+00      1.24e+01        0.71
   3     -1053.672660151     -3.38e+00      2.14e+00        0.80
   4     -1053.852797036     -1.80e-01      2.73e+00        0.78
   5     -1053.656997503      1.96e-01      4.84e+00        0.79
   6     -1053.946816208     -2.90e-01      9.50e-01        0.80
   7     -1053.908829437      3.80e-02      1.69e+00        0.81
   8     -1053.968348515     -5.95e-02      7.69e-01        0.91
   9     -1053.953277365      1.51e-02      1.49e+00        0.89
  10     -1053.973837962     -2.06e-02      2.89e-01        0.97
  11     -1053.970918235      2.92e-03      4.24e-01        1.04
  12     -1053.976172802     -5.25e-03      1.29e-01        1.05
  13     -1053.974910367      1.26e-03      3.34e-01        1.02
  14     -1053.976243796     -1.33e-03      9.48e-02        1.00
  15     -1053.976185081      5.87e-05      1.14e-01        1.02
  16     -1053.976510908     -3.26e-04      5.60e-04        0.94
  17     -1053.976510915     -7.14e-09      7.12e-05        0.74
  18     -1053.976510915     -1.08e-10      3.57e-05        0.77
  19     -1053.976510915     -3.14e-11      3.48e-05        0.77
  20     -1053.976510915      1.02e-11      3.29e-06        0.83

 SCF converged in 20 iterations.

 Dipole moment (in Debye):               1.522616       0.974516      -0.844178

 Quadrupole moment (in Debye-Angstrom):
                  1            2            3
 1       -37.786665    -0.417907    -2.066042
 2        -0.417907   -93.668130    -1.006398
 3        -2.066042    -1.006398   -98.417550

 Spin-squared expectation <S^2>:         0.000
 Total spin quantum number S:            0.000
 TOTAL ENERGY:                       -1053.976510915

 --------------------------------------------------------------------------------

 End time:                               Tue Oct 26 09:42:06 2021
 Total wall-clock time:                 40.639 seconds
==================================================================================
