
================================================================================
          _____________ ________ _______________ ________     _________         
         / ___________// ______ \\_____   _____// ______ \   / ________)        
        / /_________  / /      \ \     | |     / /      \ \ | (_______          
       |  __________|| |        | |    | |    | |        | | \________ \        
        \ \_________ | |        | |    | |     \ \______/ /___________) |       
         \__________||_|        |_|    |_|      \________//____________/        
                                                                                
====================================[ Qcore ]===================================

 Git describe: 2.3.0-1-g21d9df7e5
 Compiler:     GNU 9.1.0
 Build type:   Release
 Version:      2.3.0-1-g21d9df7e5

 Start time:   Tue Oct 26 09:40:10 2021

 Data directory: /work/zw18965/.local/qcore/share/entos/qcore/data
 Number of threads: 24
 Number of threads was determined by: command line argument

 --------------------------------------------------------------------------------
                                   command: dft                                  
 --------------------------------------------------------------------------------
 AO basis set:                           def2-tzvppd
 Number of AO basis functions:         825
 ECP on atom 1 (Re):                     60 electrons

 Formula:                                C9H8O6BrRe
 Nuclear charge:                       220.000000000
 Total charge:                           0.000000000
 Number of core electrons:              60
 Number of treated electrons:          160

 Number of alpha electrons:             80
 Number of beta electrons:              80
 Number of unpaired electrons:           0
 Spin:                                   0
 Multiplicity:                           singlet

 Theory:                                 dft
 Exchange-correlation functional:        pbe
 Method for Coulomb:                     incore_df
 Integral threshold:                     1.00e-12
 DF basis set:                           def2-universal-jkfit
 Number of DF basis functions:        1774
 Schwarz screening threshold:            1.00e-10
 Coulomb fitting method:                 Cholesky
 Total number of grid points:       167124
 Method for AO orthogonalization:        symmetric
 Threshold for linear dependence:        1.00e-08
 D3BJ dispersion energy:                -0.036664200

 -------------------------------------
  Running restricted closed-shell SCF 
 -------------------------------------
 Max number of iterations:             128
 Conv. threshold (gradient):             1.00e-05
 Conv. threshold (energy):               1.00e-06
 Interpolation scheme:                   adiis+cdiis
 Initial guess:                          SAD

 ---------------------------------------------------------------
                  energy        change          grad        time
 ---------------------------------------------------------------
   0     -3453.552096482                    2.11e+02        0.91
   1     -3450.394479860      3.16e+00      3.37e+00        0.81
   2     -3445.829275917      4.57e+00      1.79e+01        0.81
   3     -3450.423129014     -4.59e+00      3.64e+00        0.84
   4     -3450.764266757     -3.41e-01      1.60e+00        0.79
   5     -3450.301563726      4.63e-01      4.46e+00        0.85
   6     -3450.753130246     -4.52e-01      1.70e+00        0.88
   7     -3450.678279258      7.49e-02      3.51e+00        0.84
   8     -3450.833952407     -1.56e-01      3.37e-01        1.01
   9     -3450.804507566      2.94e-02      1.53e+00        0.95
  10     -3450.831948382     -2.74e-02      4.75e-01        1.04
  11     -3450.835700941     -3.75e-03      1.31e-01        1.06
  12     -3450.834568649      1.13e-03      3.17e-01        1.02
  13     -3450.835605742     -1.04e-03      1.47e-01        1.10
  14     -3450.835751943     -1.46e-04      7.39e-02        1.04
  15     -3450.835908828     -1.57e-04      1.27e-02        1.07
  16     -3450.835913314     -4.49e-06      3.36e-04        0.88
  17     -3450.835913316     -2.38e-09      1.38e-04        0.87
  18     -3450.835913316     -1.93e-10      9.35e-05        0.77
  19     -3450.835913317     -3.60e-10      3.10e-05        0.89
  20     -3450.835913317     -3.73e-11      7.53e-06        0.76

 SCF converged in 20 iterations.

 Dipole moment (in Debye):              -6.617760       2.106210      -0.310143

 Quadrupole moment (in Debye-Angstrom):
                  1            2            3
 1      -105.566892     2.278381     0.360791
 2         2.278381  -136.225058    -2.292026
 3         0.360791    -2.292026  -130.131821

 Spin-squared expectation <S^2>:         0.000
 Total spin quantum number S:            0.000
 TOTAL ENERGY:                       -3450.835913317

 --------------------------------------------------------------------------------

 End time:                               Tue Oct 26 09:41:13 2021
 Total wall-clock time:                 63.136 seconds
==================================================================================
