
================================================================================
          _____________ ________ _______________ ________     _________         
         / ___________// ______ \\_____   _____// ______ \   / ________)        
        / /_________  / /      \ \     | |     / /      \ \ | (_______          
       |  __________|| |        | |    | |    | |        | | \________ \        
        \ \_________ | |        | |    | |     \ \______/ /___________) |       
         \__________||_|        |_|    |_|      \________//____________/        
                                                                                
====================================[ Qcore ]===================================

 Git describe: 2.3.0-1-g21d9df7e5
 Compiler:     GNU 9.1.0
 Build type:   Release
 Version:      2.3.0-1-g21d9df7e5

 Start time:   Tue Oct 26 09:39:20 2021

 Data directory: /work/zw18965/.local/qcore/share/entos/qcore/data
 Number of threads: 24
 Number of threads was determined by: command line argument
  - More threads can be used by running 'qcore -n 32'

 --------------------------------------------------------------------------------
                                   command: dft                                  
 --------------------------------------------------------------------------------
 AO basis set:                           def2-tzvppd
 Number of AO basis functions:         825
 ECP on atom 1 (Re):                     60 electrons

 Formula:                                C9H8O6BrRe
 Nuclear charge:                       220.000000000
 Total charge:                           0.000000000
 Number of core electrons:              60
 Number of treated electrons:          160

 Number of alpha electrons:             80
 Number of beta electrons:              80
 Number of unpaired electrons:           0
 Spin:                                   0
 Multiplicity:                           singlet

 Theory:                                 dft
 Exchange-correlation functional:        pbe
 Method for Coulomb:                     incore_df
 Integral threshold:                     1.00e-12
 DF basis set:                           def2-universal-jkfit
 Number of DF basis functions:        1774
 Schwarz screening threshold:            1.00e-10
 Coulomb fitting method:                 Cholesky
 Total number of grid points:       167124
 Method for AO orthogonalization:        symmetric
 Threshold for linear dependence:        1.00e-08
 D3BJ dispersion energy:                -0.036684642

 -------------------------------------
  Running restricted closed-shell SCF 
 -------------------------------------
 Max number of iterations:             128
 Conv. threshold (gradient):             1.00e-05
 Conv. threshold (energy):               1.00e-06
 Interpolation scheme:                   adiis+cdiis
 Initial guess:                          SAD

 ---------------------------------------------------------------
                  energy        change          grad        time
 ---------------------------------------------------------------
   0     -3453.314783282                    1.89e+02        0.75
   1     -3450.376200752      2.94e+00      2.85e+00        0.77
   2     -3448.329564734      2.05e+00      9.02e+00        0.73
   3     -3450.602653396     -2.27e+00      2.14e+00        0.82
   4     -3450.137411365      4.65e-01      6.19e+00        0.76
   5     -3450.763216120     -6.26e-01      6.88e-01        0.84
   6     -3450.659038098      1.04e-01      2.65e+00        0.79
   7     -3450.762592363     -1.04e-01      7.76e-01        0.85
   8     -3450.748833212      1.38e-02      1.54e+00        0.92
   9     -3450.783423701     -3.46e-02      9.96e-02        0.91
  10     -3450.779243500      4.18e-03      5.00e-01        0.99
  11     -3450.783684840     -4.44e-03      7.21e-03        0.91
  12     -3450.783685801     -9.60e-07      1.20e-03        0.76
  13     -3450.783685847     -4.63e-08      8.90e-04        0.82
  14     -3450.783685870     -2.35e-08      5.22e-04        0.82
  15     -3450.783685878     -7.23e-09      1.42e-04        0.81
  16     -3450.783685878     -8.58e-10      4.61e-05        0.75
  17     -3450.783685878     -6.37e-11      1.77e-05        0.78
  18     -3450.783685878     -2.27e-12      6.50e-06        0.80

 SCF converged in 18 iterations.

 Dipole moment (in Debye):             -10.902059       3.607496       1.311678

 Quadrupole moment (in Debye-Angstrom):
                  1            2            3
 1      -103.432152    -4.415878    -2.771000
 2        -4.415878  -133.592355     0.887080
 3        -2.771000     0.887080  -128.199894

 Spin-squared expectation <S^2>:         0.000
 Total spin quantum number S:            0.000
 TOTAL ENERGY:                       -3450.783685878

 --------------------------------------------------------------------------------

 End time:                               Tue Oct 26 09:40:17 2021
 Total wall-clock time:                 57.079 seconds
==================================================================================
