
================================================================================
          _____________ ________ _______________ ________     _________         
         / ___________// ______ \\_____   _____// ______ \   / ________)        
        / /_________  / /      \ \     | |     / /      \ \ | (_______          
       |  __________|| |        | |    | |    | |        | | \________ \        
        \ \_________ | |        | |    | |     \ \______/ /___________) |       
         \__________||_|        |_|    |_|      \________//____________/        
                                                                                
====================================[ Qcore ]===================================

 Git describe: 2.3.0-1-g21d9df7e5
 Compiler:     GNU 9.1.0
 Build type:   Release
 Version:      2.3.0-1-g21d9df7e5

 Start time:   Tue Oct 26 09:41:16 2021

 Data directory: /work/zw18965/.local/qcore/share/entos/qcore/data
 Number of threads: 24
 Number of threads was determined by: command line argument

 --------------------------------------------------------------------------------
                                   command: dft                                  
 --------------------------------------------------------------------------------
 AO basis set:                           def2-tzvppd
 Number of AO basis functions:        1122
 ECP on atom 23 (Au):                    60 electrons

 Formula:                                C16H14O2Cl3Au
 Nuclear charge:                       256.000000000
 Total charge:                           0.000000000
 Number of core electrons:              60
 Number of treated electrons:          196

 Number of alpha electrons:             98
 Number of beta electrons:              98
 Number of unpaired electrons:           0
 Spin:                                   0
 Multiplicity:                           singlet

 Theory:                                 dft
 Exchange-correlation functional:        pbe
 Method for Coulomb:                     incore_df
 Integral threshold:                     1.00e-12
 DF basis set:                           def2-universal-jkfit
 Number of DF basis functions:        2237
 Schwarz screening threshold:            1.00e-10
 Coulomb fitting method:                 Cholesky
 Total number of grid points:       236750
 Method for AO orthogonalization:        symmetric
 Threshold for linear dependence:        1.00e-08
 D3BJ dispersion energy:                -0.056400871

 -------------------------------------
  Running restricted closed-shell SCF 
 -------------------------------------
 Max number of iterations:             128
 Conv. threshold (gradient):             1.00e-05
 Conv. threshold (energy):               1.00e-06
 Interpolation scheme:                   adiis+cdiis
 Initial guess:                          SAD

 ---------------------------------------------------------------
                  energy        change          grad        time
 ---------------------------------------------------------------
   0     -2287.940119479                    3.92e+01        1.67
   1     -2282.843833703      5.10e+00      8.27e+00        1.76
   2     -2274.182945579      8.66e+00      1.83e+01        1.70
   3     -2282.852658334     -8.67e+00      5.85e+00        1.62
   4     -2283.348904196     -4.96e-01      3.30e+00        1.69
   5     -2283.659936650     -3.11e-01      1.38e+00        1.78
   6     -2283.741052234     -8.11e-02      1.09e+00        1.98
   7     -2283.736468590      4.58e-03      1.15e+00        1.88
   8     -2283.798272817     -6.18e-02      6.17e-01        2.04
   9     -2283.778333895      1.99e-02      1.02e+00        2.08
  10     -2283.806550738     -2.82e-02      4.11e-01        2.19
  11     -2283.795096257      1.15e-02      6.42e-01        2.53
  12     -2283.809499340     -1.44e-02      1.61e-01        2.36
  13     -2283.810170738     -6.71e-04      7.25e-02        2.31
  14     -2283.810109345      6.14e-05      1.45e-01        2.28
  15     -2283.810499305     -3.90e-04      3.06e-03        2.00
  16     -2283.810499611     -3.06e-07      1.18e-03        1.75
  17     -2283.810499647     -3.63e-08      3.83e-04        1.63
  18     -2283.810499652     -5.31e-09      1.89e-04        1.79
  19     -2283.810499653     -1.11e-09      3.88e-05        1.64
  20     -2283.810499653     -8.73e-11      3.83e-05        1.67
  21     -2283.810499654     -6.64e-11      5.45e-06        1.84

 SCF converged in 21 iterations.

 Dipole moment (in Debye):             -13.287737       0.478948       1.450348

 Quadrupole moment (in Debye-Angstrom):
                  1            2            3
 1      -151.030817    23.117912     1.788635
 2        23.117912  -144.027492    -6.347195
 3         1.788635    -6.347195  -175.376374

 Spin-squared expectation <S^2>:         0.000
 Total spin quantum number S:            0.000
 TOTAL ENERGY:                       -2283.810499654

 --------------------------------------------------------------------------------

 End time:                               Tue Oct 26 09:42:45 2021
 Total wall-clock time:                 88.216 seconds
==================================================================================
