
================================================================================
          _____________ ________ _______________ ________     _________         
         / ___________// ______ \\_____   _____// ______ \   / ________)        
        / /_________  / /      \ \     | |     / /      \ \ | (_______          
       |  __________|| |        | |    | |    | |        | | \________ \        
        \ \_________ | |        | |    | |     \ \______/ /___________) |       
         \__________||_|        |_|    |_|      \________//____________/        
                                                                                
====================================[ Qcore ]===================================

 Git describe: 2.3.0-1-g21d9df7e5
 Compiler:     GNU 9.1.0
 Build type:   Release
 Version:      2.3.0-1-g21d9df7e5

 Start time:   Tue Oct 26 09:42:46 2021

 Data directory: /work/zw18965/.local/qcore/share/entos/qcore/data
 Number of threads: 24
 Number of threads was determined by: command line argument

 --------------------------------------------------------------------------------
                                   command: dft                                  
 --------------------------------------------------------------------------------
 AO basis set:                           def2-tzvppd
 Number of AO basis functions:         621
 ECP on atom 1 (Ir):                     60 electrons

 Formula:                                C7H15PIr+
 Nuclear charge:                       149.000000000
 Total charge:                           1.000000000
 Number of core electrons:              60
 Number of treated electrons:           88

 Number of alpha electrons:             44
 Number of beta electrons:              44
 Number of unpaired electrons:           0
 Spin:                                   0
 Multiplicity:                           singlet

 Theory:                                 dft
 Exchange-correlation functional:        pbe
 Method for Coulomb:                     incore_df
 Integral threshold:                     1.00e-12
 DF basis set:                           def2-universal-jkfit
 Number of DF basis functions:        1150
 Schwarz screening threshold:            1.00e-10
 Coulomb fitting method:                 Cholesky
 Total number of grid points:       152420
 Method for AO orthogonalization:        symmetric
 Threshold for linear dependence:        1.00e-08
 D3BJ dispersion energy:                -0.031027229

 -------------------------------------
  Running restricted closed-shell SCF 
 -------------------------------------
 Max number of iterations:             128
 Conv. threshold (gradient):             1.00e-05
 Conv. threshold (energy):               1.00e-06
 Interpolation scheme:                   adiis+cdiis
 Initial guess:                          SAD

 ---------------------------------------------------------------
                  energy        change          grad        time
 ---------------------------------------------------------------
   0      -722.537550032                    1.72e+02        0.51
   1      -720.222042807      2.32e+00      6.58e+00        0.50
   2      -716.404464750      3.82e+00      1.71e+01        0.49
   3      -720.479309763     -4.07e+00      5.91e+00        0.51
   4      -720.836260707     -3.57e-01      1.99e+00        0.47
   5      -720.605231533      2.31e-01      3.37e+00        0.51
   6      -720.854181676     -2.49e-01      2.63e+00        0.55
   7      -720.819904842      3.43e-02      2.92e+00        0.54
   8      -720.919325393     -9.94e-02      3.66e-01        0.53
   9      -720.908066564      1.13e-02      1.16e+00        0.57
  10      -720.919738098     -1.17e-02      3.04e-01        0.55
  11      -720.920866734     -1.13e-03      3.06e-02        0.60
  12      -720.920705839      1.61e-04      7.75e-02        0.64
  13      -720.920895107     -1.89e-04      5.66e-04        0.58
  14      -720.920895112     -5.37e-09      3.21e-04        0.48
  15      -720.920895114     -1.82e-09      1.21e-04        0.52
  16      -720.920895114     -2.35e-10      2.94e-05        0.56
  17      -720.920895114     -2.15e-11      1.49e-05        0.50
  18      -720.920895114     -2.84e-12      2.08e-06        0.50

 SCF converged in 18 iterations.

 Dipole moment (in Debye):               0.870464       0.226892       1.460563

 Quadrupole moment (in Debye-Angstrom):
                  1            2            3
 1       -62.286681    -0.593515     3.904328
 2        -0.593515   -68.361986    -1.426553
 3         3.904328    -1.426553   -68.985174

 Spin-squared expectation <S^2>:         0.000
 Total spin quantum number S:            0.000
 TOTAL ENERGY:                        -720.920895114

 --------------------------------------------------------------------------------

 End time:                               Tue Oct 26 09:43:10 2021
 Total wall-clock time:                 23.808 seconds
==================================================================================
