
================================================================================
          _____________ ________ _______________ ________     _________         
         / ___________// ______ \\_____   _____// ______ \   / ________)        
        / /_________  / /      \ \     | |     / /      \ \ | (_______          
       |  __________|| |        | |    | |    | |        | | \________ \        
        \ \_________ | |        | |    | |     \ \______/ /___________) |       
         \__________||_|        |_|    |_|      \________//____________/        
                                                                                
====================================[ Qcore ]===================================

 Git describe: 2.3.0-1-g21d9df7e5
 Compiler:     GNU 9.1.0
 Build type:   Release
 Version:      2.3.0-1-g21d9df7e5

 Start time:   Tue Oct 26 09:42:26 2021

 Data directory: /work/zw18965/.local/qcore/share/entos/qcore/data
 Number of threads: 24
 Number of threads was determined by: command line argument

 --------------------------------------------------------------------------------
                                   command: dft                                  
 --------------------------------------------------------------------------------
 AO basis set:                           def2-tzvppd
 Number of AO basis functions:         621
 ECP on atom 1 (Ir):                     60 electrons

 Formula:                                C7H15PIr+
 Nuclear charge:                       149.000000000
 Total charge:                           1.000000000
 Number of core electrons:              60
 Number of treated electrons:           88

 Number of alpha electrons:             44
 Number of beta electrons:              44
 Number of unpaired electrons:           0
 Spin:                                   0
 Multiplicity:                           singlet

 Theory:                                 dft
 Exchange-correlation functional:        pbe
 Method for Coulomb:                     incore_df
 Integral threshold:                     1.00e-12
 DF basis set:                           def2-universal-jkfit
 Number of DF basis functions:        1150
 Schwarz screening threshold:            1.00e-10
 Coulomb fitting method:                 Cholesky
 Total number of grid points:       152420
 Method for AO orthogonalization:        symmetric
 Threshold for linear dependence:        1.00e-08
 D3BJ dispersion energy:                -0.030146556

 -------------------------------------
  Running restricted closed-shell SCF 
 -------------------------------------
 Max number of iterations:             128
 Conv. threshold (gradient):             1.00e-05
 Conv. threshold (energy):               1.00e-06
 Interpolation scheme:                   adiis+cdiis
 Initial guess:                          SAD

 ---------------------------------------------------------------
                  energy        change          grad        time
 ---------------------------------------------------------------
   0      -722.529717308                    1.64e+02        0.49
   1      -720.184295438      2.35e+00      6.98e+00        0.46
   2      -715.754164061      4.43e+00      1.71e+01        0.52
   3      -720.409939985     -4.66e+00      5.93e+00        0.52
   4      -720.859531392     -4.50e-01      1.91e+00        0.50
   5      -720.579708439      2.80e-01      4.06e+00        0.52
   6      -720.873563834     -2.94e-01      2.40e+00        0.53
   7      -720.846987610      2.66e-02      2.55e+00        0.60
   8      -720.931405183     -8.44e-02      2.60e-01        0.55
   9      -720.922226422      9.18e-03      9.72e-01        0.59
  10      -720.931305413     -9.08e-03      2.67e-01        0.65
  11      -720.932333680     -1.03e-03      4.24e-02        0.62
  12      -720.932047442      2.86e-04      1.64e-01        0.63
  13      -720.932357764     -3.10e-04      8.73e-04        0.58
  14      -720.932357777     -1.29e-08      3.11e-04        0.53
  15      -720.932357779     -1.42e-09      1.21e-04        0.52
  16      -720.932357779     -2.34e-10      2.16e-05        0.54
  17      -720.932357779     -1.16e-11      1.14e-05        0.51
  18      -720.932357779     -3.07e-12      3.96e-06        0.54

 SCF converged in 18 iterations.

 Dipole moment (in Debye):              -0.639249      -0.496191      -1.618057

 Quadrupole moment (in Debye-Angstrom):
                  1            2            3
 1       -62.919287     2.112304     2.955116
 2         2.112304   -63.958407    -1.072385
 3         2.955116    -1.072385   -71.039535

 Spin-squared expectation <S^2>:         0.000
 Total spin quantum number S:            0.000
 TOTAL ENERGY:                        -720.932357779

 --------------------------------------------------------------------------------

 End time:                               Tue Oct 26 09:42:50 2021
 Total wall-clock time:                 23.889 seconds
==================================================================================
