
================================================================================
          _____________ ________ _______________ ________     _________         
         / ___________// ______ \\_____   _____// ______ \   / ________)        
        / /_________  / /      \ \     | |     / /      \ \ | (_______          
       |  __________|| |        | |    | |    | |        | | \________ \        
        \ \_________ | |        | |    | |     \ \______/ /___________) |       
         \__________||_|        |_|    |_|      \________//____________/        
                                                                                
====================================[ Qcore ]===================================

 Git describe: 2.3.0-1-g21d9df7e5
 Compiler:     GNU 9.1.0
 Build type:   Release
 Version:      2.3.0-1-g21d9df7e5

 Start time:   Tue Oct 26 09:40:43 2021

 Data directory: /work/zw18965/.local/qcore/share/entos/qcore/data
 Number of threads: 24
 Number of threads was determined by: command line argument
  - More threads can be used by running 'qcore -n 32'

 --------------------------------------------------------------------------------
                                   command: dft                                  
 --------------------------------------------------------------------------------
 AO basis set:                           def2-tzvppd
 Number of AO basis functions:          57

 Formula:                                Br
 Nuclear charge:                        35.000000000
 Total charge:                           0.000000000
 Number of electrons:                   35.000000000

 Number of alpha electrons:             18
 Number of beta electrons:              17
 Number of unpaired electrons:           1
 Spin:                                   1
 Multiplicity:                           doublet

 Theory:                                 dft
 Exchange-correlation functional:        pbe
 Method for Coulomb:                     incore_df
 Integral threshold:                     1.00e-12
 DF basis set:                           def2-universal-jkfit
 Number of DF basis functions:         266
 Schwarz screening threshold:            1.00e-10
 Coulomb fitting method:                 Cholesky
 Total number of grid points:         8164
 Method for AO orthogonalization:        symmetric
 Threshold for linear dependence:        1.00e-08
 D3BJ dispersion energy:                 0.000000000

 -------------------------------------
  Running unrestricted open-shell SCF 
 -------------------------------------
 Max number of iterations:             128
 Conv. threshold (gradient):             1.00e-05
 Conv. threshold (energy):               1.00e-06
 Interpolation scheme:                   adiis+cdiis
 Initial guess:                          SAD

 ---------------------------------------------------------------
                  energy        change          grad        time
 ---------------------------------------------------------------
   0     -2573.712466977                    7.36e-04        0.00
   1     -2573.718045568     -5.58e-03      9.60e-02        0.01
   2     -2573.711610522      6.44e-03      1.68e-01        0.01
   3     -2573.720168608     -8.56e-03      5.73e-02        0.01
   4     -2573.720712296     -5.44e-04      4.23e-02        0.01
   5     -2573.721033441     -3.21e-04      2.94e-02        0.01
   6     -2573.721225803     -1.92e-04      1.81e-02        0.01
   7     -2573.721339418     -1.14e-04      1.28e-03        0.01
   8     -2573.721340001     -5.82e-07      7.94e-05        0.01
   9     -2573.721340002     -1.80e-09      7.83e-06        0.01

 SCF converged in 9 iterations.

 Dipole moment (in Debye):              -0.000003      -0.000003      -0.000003

 Quadrupole moment (in Debye-Angstrom):
                  1            2            3
 1       -18.193124     0.909594     0.909595
 2         0.909594   -18.193122     0.909596
 3         0.909595     0.909596   -18.193119

 Spin-squared expectation <S^2>:         0.752
 Total spin quantum number S:            0.501
 TOTAL ENERGY:                       -2573.721340002

 --------------------------------------------------------------------------------

 End time:                               Tue Oct 26 09:40:44 2021
 Total wall-clock time:                  0.692 seconds
==================================================================================
