
================================================================================
          _____________ ________ _______________ ________     _________         
         / ___________// ______ \\_____   _____// ______ \   / ________)        
        / /_________  / /      \ \     | |     / /      \ \ | (_______          
       |  __________|| |        | |    | |    | |        | | \________ \        
        \ \_________ | |        | |    | |     \ \______/ /___________) |       
         \__________||_|        |_|    |_|      \________//____________/        
                                                                                
====================================[ Qcore ]===================================

 Git describe: 2.3.0-1-g21d9df7e5
 Compiler:     GNU 9.1.0
 Build type:   Release
 Version:      2.3.0-1-g21d9df7e5

 Start time:   Tue Oct 26 09:42:58 2021

 Data directory: /work/zw18965/.local/qcore/share/entos/qcore/data
 Number of threads: 24
 Number of threads was determined by: command line argument

 --------------------------------------------------------------------------------
                                   command: dft                                  
 --------------------------------------------------------------------------------
 AO basis set:                           def2-tzvppd
 Number of AO basis functions:          67

 Formula:                                Ti
 Nuclear charge:                        22.000000000
 Total charge:                           0.000000000
 Number of electrons:                   22.000000000

 Number of alpha electrons:             12
 Number of beta electrons:              10
 Number of unpaired electrons:           2
 Spin:                                   2
 Multiplicity:                           triplet

 Theory:                                 dft
 Exchange-correlation functional:        pbe
 Method for Coulomb:                     incore_df
 Integral threshold:                     1.00e-12
 DF basis set:                           def2-universal-jkfit
 Number of DF basis functions:         264
 Schwarz screening threshold:            1.00e-10
 Coulomb fitting method:                 Cholesky
 Total number of grid points:         7792
 Method for AO orthogonalization:        symmetric
 Threshold for linear dependence:        1.00e-08
 D3BJ dispersion energy:                 0.000000000

 -------------------------------------
  Running unrestricted open-shell SCF 
 -------------------------------------
 Max number of iterations:             128
 Conv. threshold (gradient):             1.00e-05
 Conv. threshold (energy):               1.00e-06
 Interpolation scheme:                   adiis+cdiis
 Initial guess:                          SAD

 ---------------------------------------------------------------
                  energy        change          grad        time
 ---------------------------------------------------------------
   0      -849.057199917                    2.28e-03        0.01
   1      -849.102371253     -4.52e-02      4.94e-02        0.01
   2      -848.992699586      1.10e-01      2.87e-01        0.01
   3      -849.104447831     -1.12e-01      1.41e-02        0.01
   4      -849.105102783     -6.55e-04      8.51e-03        0.01
   5      -849.105657047     -5.54e-04      2.52e-02        0.01
   6      -849.105670780     -1.37e-05      2.55e-02        0.01
   7      -849.105783664     -1.13e-04      2.37e-02        0.01
   8      -849.103143393      2.64e-03      4.46e-02        0.01
   9      -849.104641689     -1.50e-03      5.24e-03        0.01
  10      -849.104584158      5.75e-05      4.20e-03        0.01
  11      -849.104574564      9.59e-06      2.27e-03        0.01
  12      -849.104596700     -2.21e-05      2.08e-03        0.01
  13      -849.104577435      1.93e-05      4.23e-04        0.01
  14      -849.104577417      1.80e-08      9.44e-05        0.01
  15      -849.104577422     -4.31e-09      3.89e-05        0.01
  16      -849.104577427     -5.46e-09      3.75e-05        0.01
  17      -849.104577422      4.60e-09      2.03e-05        0.01
  18      -849.104577421      1.05e-09      6.14e-07        0.01

 SCF converged in 18 iterations.

 Dipole moment (in Debye):               0.000001       0.000001       0.000001

 Quadrupole moment (in Debye-Angstrom):
                  1            2            3
 1       -21.290249     0.000008     0.000010
 2         0.000008   -21.290249     0.000010
 3         0.000010     0.000010   -21.290249

 Spin-squared expectation <S^2>:         2.003
 Total spin quantum number S:            1.001
 TOTAL ENERGY:                        -849.104577421

 --------------------------------------------------------------------------------

 End time:                               Tue Oct 26 09:42:58 2021
 Total wall-clock time:                  0.631 seconds
==================================================================================
