
================================================================================
          _____________ ________ _______________ ________     _________         
         / ___________// ______ \\_____   _____// ______ \   / ________)        
        / /_________  / /      \ \     | |     / /      \ \ | (_______          
       |  __________|| |        | |    | |    | |        | | \________ \        
        \ \_________ | |        | |    | |     \ \______/ /___________) |       
         \__________||_|        |_|    |_|      \________//____________/        
                                                                                
====================================[ Qcore ]===================================

 Git describe: 2.3.0-1-g21d9df7e5
 Compiler:     GNU 9.1.0
 Build type:   Release
 Version:      2.3.0-1-g21d9df7e5

 Start time:   Tue Oct 26 09:42:59 2021

 Data directory: /work/zw18965/.local/qcore/share/entos/qcore/data
 Number of threads: 24
 Number of threads was determined by: command line argument

 --------------------------------------------------------------------------------
                                   command: dft                                  
 --------------------------------------------------------------------------------
 AO basis set:                           def2-tzvppd
 Number of AO basis functions:          67

 Formula:                                V
 Nuclear charge:                        23.000000000
 Total charge:                           0.000000000
 Number of electrons:                   23.000000000

 Number of alpha electrons:             13
 Number of beta electrons:              10
 Number of unpaired electrons:           3
 Spin:                                   3
 Multiplicity:                           quartet

 Theory:                                 dft
 Exchange-correlation functional:        pbe
 Method for Coulomb:                     incore_df
 Integral threshold:                     1.00e-12
 DF basis set:                           def2-universal-jkfit
 Number of DF basis functions:         264
 Schwarz screening threshold:            1.00e-10
 Coulomb fitting method:                 Cholesky
 Total number of grid points:         7852
 Method for AO orthogonalization:        symmetric
 Threshold for linear dependence:        1.00e-08
 D3BJ dispersion energy:                 0.000000000

 -------------------------------------
  Running unrestricted open-shell SCF 
 -------------------------------------
 Max number of iterations:             128
 Conv. threshold (gradient):             1.00e-05
 Conv. threshold (energy):               1.00e-06
 Interpolation scheme:                   adiis+cdiis
 Initial guess:                          SAD

 ---------------------------------------------------------------
                  energy        change          grad        time
 ---------------------------------------------------------------
   0      -943.537301354                    1.33e-02        0.01
   1      -943.522475224      1.48e-02      3.44e-01        0.01
   2      -942.460512681      1.06e+00      1.05e+00        0.01
   3      -943.173106170     -7.13e-01      5.74e-01        0.01
   4      -943.477662193     -3.05e-01      5.55e-01        0.01
   5      -943.637585805     -1.60e-01      8.44e-02        0.01
   6      -943.610139095      2.74e-02      2.30e-01        0.01
   7      -943.627740320     -1.76e-02      1.69e-01        0.01
   8      -943.648355362     -2.06e-02      3.01e-02        0.01
   9      -943.649648296     -1.29e-03      2.16e-02        0.01
  10      -943.649988945     -3.41e-04      1.14e-02        0.01
  11      -943.650136766     -1.48e-04      1.43e-03        0.01
  12      -943.650138326     -1.56e-06      4.27e-04        0.01
  13      -943.650138511     -1.85e-07      1.69e-04        0.01
  14      -943.650138538     -2.71e-08      1.00e-04        0.01
  15      -943.650138551     -1.24e-08      4.14e-05        0.01
  16      -943.650138553     -2.17e-09      2.32e-05        0.01
  17      -943.650138553     -3.51e-10      1.96e-05        0.01
  18      -943.650138553     -3.61e-10      1.08e-05        0.01
  19      -943.650138554     -1.55e-10      7.29e-07        0.01

 SCF converged in 19 iterations.

 Dipole moment (in Debye):              -0.000002      -0.000002       0.000000

 Quadrupole moment (in Debye-Angstrom):
                  1            2            3
 1       -19.133615     0.000001     0.000386
 2         0.000001   -19.133612     0.000385
 3         0.000386     0.000385   -20.213494

 Spin-squared expectation <S^2>:         4.336
 Total spin quantum number S:            1.641
 TOTAL ENERGY:                        -943.650138554

 --------------------------------------------------------------------------------

 End time:                               Tue Oct 26 09:43:00 2021
 Total wall-clock time:                  0.756 seconds
==================================================================================
