
================================================================================
          _____________ ________ _______________ ________     _________         
         / ___________// ______ \\_____   _____// ______ \   / ________)        
        / /_________  / /      \ \     | |     / /      \ \ | (_______          
       |  __________|| |        | |    | |    | |        | | \________ \        
        \ \_________ | |        | |    | |     \ \______/ /___________) |       
         \__________||_|        |_|    |_|      \________//____________/        
                                                                                
====================================[ Qcore ]===================================

 Git describe: 2.3.0-1-g21d9df7e5
 Compiler:     GNU 9.1.0
 Build type:   Release
 Version:      2.3.0-1-g21d9df7e5

 Start time:   Tue Oct 26 09:40:55 2021

 Data directory: /work/zw18965/.local/qcore/share/entos/qcore/data
 Number of threads: 24
 Number of threads was determined by: command line argument
  - More threads can be used by running 'qcore -n 32'

 --------------------------------------------------------------------------------
                                   command: dft                                  
 --------------------------------------------------------------------------------
 AO basis set:                           def2-tzvppd
 Number of AO basis functions:         124

 Formula:                                MnBr
 Nuclear charge:                        60.000000000
 Total charge:                           0.000000000
 Number of electrons:                   60.000000000

 Number of alpha electrons:             33
 Number of beta electrons:              27
 Number of unpaired electrons:           6
 Spin:                                   6
 Multiplicity:                           octet

 Theory:                                 dft
 Exchange-correlation functional:        pbe
 Method for Coulomb:                     incore_df
 Integral threshold:                     1.00e-12
 DF basis set:                           def2-universal-jkfit
 Number of DF basis functions:         530
 Schwarz screening threshold:            1.00e-10
 Coulomb fitting method:                 Cholesky
 Total number of grid points:        16100
 Method for AO orthogonalization:        symmetric
 Threshold for linear dependence:        1.00e-08
 D3BJ dispersion energy:                -0.001243274

 -------------------------------------
  Running unrestricted open-shell SCF 
 -------------------------------------
 Max number of iterations:             128
 Conv. threshold (gradient):             1.00e-05
 Conv. threshold (energy):               1.00e-06
 Interpolation scheme:                   adiis+cdiis
 Initial guess:                          SAD

 ---------------------------------------------------------------
                  energy        change          grad        time
 ---------------------------------------------------------------
   0     -3724.452094641                    2.18e+00        0.02
   1     -3724.559694457     -1.08e-01      1.36e-01        0.02
   2     -3724.535020353      2.47e-02      2.31e-01        0.02
   3     -3724.570602573     -3.56e-02      1.19e-01        0.02
   4     -3724.565272126      5.33e-03      1.51e-01        0.02
   5     -3724.576455425     -1.12e-02      2.46e-02        0.02
   6     -3724.575222437      1.23e-03      4.94e-02        0.02
   7     -3724.576821299     -1.60e-03      9.30e-04        0.02
   8     -3724.576821622     -3.23e-07      7.12e-04        0.02
   9     -3724.576821950     -3.28e-07      4.53e-05        0.02
  10     -3724.576821951     -1.39e-09      1.85e-05        0.02
  11     -3724.576821952     -1.96e-10      3.76e-06        0.02

 SCF converged in 11 iterations.

 Dipole moment (in Debye):               0.000001       0.000001      -2.405574

 Quadrupole moment (in Debye-Angstrom):
                  1            2            3
 1       -34.411617    -0.000000    -0.000000
 2        -0.000000   -34.411617    -0.000000
 3        -0.000000    -0.000000   -36.572974

 Spin-squared expectation <S^2>:        12.004
 Total spin quantum number S:            3.001
 TOTAL ENERGY:                       -3724.576821952

 --------------------------------------------------------------------------------

 End time:                               Tue Oct 26 09:40:57 2021
 Total wall-clock time:                  1.568 seconds
==================================================================================
