
================================================================================
          _____________ ________ _______________ ________     _________         
         / ___________// ______ \\_____   _____// ______ \   / ________)        
        / /_________  / /      \ \     | |     / /      \ \ | (_______          
       |  __________|| |        | |    | |    | |        | | \________ \        
        \ \_________ | |        | |    | |     \ \______/ /___________) |       
         \__________||_|        |_|    |_|      \________//____________/        
                                                                                
====================================[ Qcore ]===================================

 Git describe: 2.3.0-1-g21d9df7e5
 Compiler:     GNU 9.1.0
 Build type:   Release
 Version:      2.3.0-1-g21d9df7e5

 Start time:   Tue Oct 26 09:43:07 2021

 Data directory: /work/zw18965/.local/qcore/share/entos/qcore/data
 Number of threads: 24
 Number of threads was determined by: command line argument

 --------------------------------------------------------------------------------
                                   command: dft                                  
 --------------------------------------------------------------------------------
 AO basis set:                           def2-tzvppd
 Number of AO basis functions:         107

 Formula:                                OV
 Nuclear charge:                        31.000000000
 Total charge:                           0.000000000
 Number of electrons:                   31.000000000

 Number of alpha electrons:             17
 Number of beta electrons:              14
 Number of unpaired electrons:           3
 Spin:                                   3
 Multiplicity:                           quartet

 Theory:                                 dft
 Exchange-correlation functional:        pbe
 Method for Coulomb:                     incore_df
 Integral threshold:                     1.00e-12
 DF basis set:                           def2-universal-jkfit
 Number of DF basis functions:         341
 Schwarz screening threshold:            1.00e-10
 Coulomb fitting method:                 Cholesky
 Total number of grid points:        14796
 Method for AO orthogonalization:        symmetric
 Threshold for linear dependence:        1.00e-08
 D3BJ dispersion energy:                -0.000687103

 -------------------------------------
  Running unrestricted open-shell SCF 
 -------------------------------------
 Max number of iterations:             128
 Conv. threshold (gradient):             1.00e-05
 Conv. threshold (energy):               1.00e-06
 Interpolation scheme:                   adiis+cdiis
 Initial guess:                          SAD

 ---------------------------------------------------------------
                  energy        change          grad        time
 ---------------------------------------------------------------
   0     -1018.841463406                    2.10e+00        0.02
   1     -1018.302567242      5.39e-01      1.31e+00        0.02
   2     -1001.508094129      1.68e+01      8.64e+00        0.01
   3     -1014.732361529     -1.32e+01      3.11e+00        0.02
   4     -1018.743671872     -4.01e+00      7.93e-01        0.01
   5     -1018.892211150     -1.49e-01      4.19e-01        0.01
   6     -1018.941795400     -4.96e-02      1.77e-01        0.02
   7     -1018.948040493     -6.25e-03      1.26e-01        0.02
   8     -1018.953100323     -5.06e-03      2.26e-02        0.02
   9     -1018.952769791      3.31e-04      3.16e-02        0.02
  10     -1018.953346689     -5.77e-04      4.52e-04        0.01
  11     -1018.953347084     -3.96e-07      2.33e-04        0.02
  12     -1018.953347105     -2.12e-08      1.43e-04        0.02
  13     -1018.953347113     -7.19e-09      1.04e-05        0.01
  14     -1018.953347113     -2.99e-11      2.54e-06        0.01

 SCF converged in 14 iterations.

 Dipole moment (in Debye):              -0.000003      -0.000003       3.369984

 Quadrupole moment (in Debye-Angstrom):
                  1            2            3
 1       -21.970045    -0.000000    -0.000002
 2        -0.000000   -21.970045    -0.000002
 3        -0.000002    -0.000002   -22.676704

 Spin-squared expectation <S^2>:         3.795
 Total spin quantum number S:            1.511
 TOTAL ENERGY:                       -1018.953347113

 --------------------------------------------------------------------------------

 End time:                               Tue Oct 26 09:43:08 2021
 Total wall-clock time:                  1.090 seconds
==================================================================================
