
================================================================================
          _____________ ________ _______________ ________     _________         
         / ___________// ______ \\_____   _____// ______ \   / ________)        
        / /_________  / /      \ \     | |     / /      \ \ | (_______          
       |  __________|| |        | |    | |    | |        | | \________ \        
        \ \_________ | |        | |    | |     \ \______/ /___________) |       
         \__________||_|        |_|    |_|      \________//____________/        
                                                                                
====================================[ Qcore ]===================================

 Git describe: 2.3.0-1-g21d9df7e5
 Compiler:     GNU 9.1.0
 Build type:   Release
 Version:      2.3.0-1-g21d9df7e5

 Start time:   Tue Oct 26 09:43:11 2021

 Data directory: /work/zw18965/.local/qcore/share/entos/qcore/data
 Number of threads: 24
 Number of threads was determined by: command line argument

 --------------------------------------------------------------------------------
                                   command: dft                                  
 --------------------------------------------------------------------------------
 AO basis set:                           def2-tzvppd
 Number of AO basis functions:         118

 Formula:                                ClFe
 Nuclear charge:                        43.000000000
 Total charge:                           0.000000000
 Number of electrons:                   43.000000000

 Number of alpha electrons:             24
 Number of beta electrons:              19
 Number of unpaired electrons:           5
 Spin:                                   5
 Multiplicity:                           septet

 Theory:                                 dft
 Exchange-correlation functional:        pbe
 Method for Coulomb:                     incore_df
 Integral threshold:                     1.00e-12
 DF basis set:                           def2-universal-jkfit
 Number of DF basis functions:         392
 Schwarz screening threshold:            1.00e-10
 Coulomb fitting method:                 Cholesky
 Total number of grid points:        15430
 Method for AO orthogonalization:        symmetric
 Threshold for linear dependence:        1.00e-08
 D3BJ dispersion energy:                -0.001066245

 -------------------------------------
  Running unrestricted open-shell SCF 
 -------------------------------------
 Max number of iterations:             128
 Conv. threshold (gradient):             1.00e-05
 Conv. threshold (energy):               1.00e-06
 Interpolation scheme:                   adiis+cdiis
 Initial guess:                          SAD

 ---------------------------------------------------------------
                  energy        change          grad        time
 ---------------------------------------------------------------
   0     -1723.441012265                    1.79e+00        0.01
   1     -1723.497715463     -5.67e-02      1.47e-01        0.01
   2     -1723.450077075      4.76e-02      4.18e-01        0.01
   3     -1723.513086580     -6.30e-02      7.60e-02        0.01
   4     -1723.489252764      2.38e-02      1.91e-01        0.01
   5     -1723.517114125     -2.79e-02      9.37e-03        0.01
   6     -1723.517156303     -4.22e-05      4.41e-03        0.02
   7     -1723.517166006     -9.70e-06      1.38e-03        0.01
   8     -1723.517167373     -1.37e-06      3.09e-04        0.01
   9     -1723.517167445     -7.27e-08      1.48e-05        0.01
  10     -1723.517167445     -6.59e-11      1.02e-05        0.02
  11     -1723.517167445     -4.46e-11      2.45e-06        0.01

 SCF converged in 11 iterations.

 Dipole moment (in Debye):              -0.000000      -0.000000       1.653827

 Quadrupole moment (in Debye-Angstrom):
                  1            2            3
 1       -28.010425     0.000003     0.000001
 2         0.000003   -28.010425     0.000001
 3         0.000001     0.000001   -31.875346

 Spin-squared expectation <S^2>:         8.753
 Total spin quantum number S:            2.500
 TOTAL ENERGY:                       -1723.517167445

 --------------------------------------------------------------------------------

 End time:                               Tue Oct 26 09:43:12 2021
 Total wall-clock time:                  0.955 seconds
==================================================================================
