
================================================================================
          _____________ ________ _______________ ________     _________         
         / ___________// ______ \\_____   _____// ______ \   / ________)        
        / /_________  / /      \ \     | |     / /      \ \ | (_______          
       |  __________|| |        | |    | |    | |        | | \________ \        
        \ \_________ | |        | |    | |     \ \______/ /___________) |       
         \__________||_|        |_|    |_|      \________//____________/        
                                                                                
====================================[ Qcore ]===================================

 Git describe: 2.3.0-1-g21d9df7e5
 Compiler:     GNU 9.1.0
 Build type:   Release
 Version:      2.3.0-1-g21d9df7e5

 Start time:   Tue Oct 26 09:40:47 2021

 Data directory: /work/zw18965/.local/qcore/share/entos/qcore/data
 Number of threads: 24
 Number of threads was determined by: command line argument
  - More threads can be used by running 'qcore -n 32'

 --------------------------------------------------------------------------------
                                   command: dft                                  
 --------------------------------------------------------------------------------
 AO basis set:                           def2-tzvppd
 Number of AO basis functions:          67

 Formula:                                Mn
 Nuclear charge:                        25.000000000
 Total charge:                           0.000000000
 Number of electrons:                   25.000000000

 Number of alpha electrons:             15
 Number of beta electrons:              10
 Number of unpaired electrons:           5
 Spin:                                   5
 Multiplicity:                           septet

 Theory:                                 dft
 Exchange-correlation functional:        pbe
 Method for Coulomb:                     incore_df
 Integral threshold:                     1.00e-12
 DF basis set:                           def2-universal-jkfit
 Number of DF basis functions:         264
 Schwarz screening threshold:            1.00e-10
 Coulomb fitting method:                 Cholesky
 Total number of grid points:         7936
 Method for AO orthogonalization:        symmetric
 Threshold for linear dependence:        1.00e-08
 D3BJ dispersion energy:                 0.000000000

 -------------------------------------
  Running unrestricted open-shell SCF 
 -------------------------------------
 Max number of iterations:             128
 Conv. threshold (gradient):             1.00e-05
 Conv. threshold (energy):               1.00e-06
 Interpolation scheme:                   adiis+cdiis
 Initial guess:                          SAD

 ---------------------------------------------------------------
                  energy        change          grad        time
 ---------------------------------------------------------------
   0     -1150.515233477                    1.88e-02        0.01
   1     -1150.633895485     -1.19e-01      2.81e-01        0.01
   2     -1146.485173013      4.15e+00      2.00e+00        0.01
   3     -1150.419105440     -3.93e+00      6.37e-01        0.01
   4     -1150.683061013     -2.64e-01      2.43e-01        0.01
   5     -1150.721420649     -3.84e-02      6.27e-02        0.01
   6     -1150.569292553      1.52e-01      4.04e-01        0.01
   7     -1150.723534359     -1.54e-01      1.67e-02        0.01
   8     -1150.723643334     -1.09e-04      1.28e-02        0.01
   9     -1150.723736642     -9.33e-05      3.18e-03        0.01
  10     -1150.723747049     -1.04e-05      3.98e-03        0.01
  11     -1150.723765103     -1.81e-05      9.51e-04        0.01
  12     -1150.723767662     -2.56e-06      1.78e-04        0.01
  13     -1150.723768175     -5.13e-07      5.93e-05        0.01
  14     -1150.723768207     -3.21e-08      2.21e-05        0.01
  15     -1150.723768208     -1.06e-09      4.70e-06        0.01

 SCF converged in 15 iterations.

 Dipole moment (in Debye):               0.000001       0.000001       0.000000

 Quadrupole moment (in Debye-Angstrom):
                  1            2            3
 1       -18.586918     0.004185    -0.002680
 2         0.004185   -18.586950    -0.001141
 3        -0.002680    -0.001141   -17.762372

 Spin-squared expectation <S^2>:         8.762
 Total spin quantum number S:            2.502
 TOTAL ENERGY:                       -1150.723768208

 --------------------------------------------------------------------------------

 End time:                               Tue Oct 26 09:40:48 2021
 Total wall-clock time:                  0.664 seconds
==================================================================================
