
================================================================================
          _____________ ________ _______________ ________     _________         
         / ___________// ______ \\_____   _____// ______ \   / ________)        
        / /_________  / /      \ \     | |     / /      \ \ | (_______          
       |  __________|| |        | |    | |    | |        | | \________ \        
        \ \_________ | |        | |    | |     \ \______/ /___________) |       
         \__________||_|        |_|    |_|      \________//____________/        
                                                                                
====================================[ Qcore ]===================================

 Git describe: 2.3.0-1-g21d9df7e5
 Compiler:     GNU 9.1.0
 Build type:   Release
 Version:      2.3.0-1-g21d9df7e5

 Start time:   Tue Oct 26 09:42:17 2021

 Data directory: /work/zw18965/.local/qcore/share/entos/qcore/data
 Number of threads: 24
 Number of threads was determined by: command line argument
  - More threads can be used by running 'qcore -n 32'

 --------------------------------------------------------------------------------
                                   command: dft                                  
 --------------------------------------------------------------------------------
 AO basis set:                           def2-tzvppd
 Number of AO basis functions:         118

 Formula:                                SCr
 Nuclear charge:                        40.000000000
 Total charge:                           0.000000000
 Number of electrons:                   40.000000000

 Number of alpha electrons:             22
 Number of beta electrons:              18
 Number of unpaired electrons:           4
 Spin:                                   4
 Multiplicity:                           quintet

 Theory:                                 dft
 Exchange-correlation functional:        pbe
 Method for Coulomb:                     incore_df
 Integral threshold:                     1.00e-12
 DF basis set:                           def2-universal-jkfit
 Number of DF basis functions:         392
 Schwarz screening threshold:            1.00e-10
 Coulomb fitting method:                 Cholesky
 Total number of grid points:        15178
 Method for AO orthogonalization:        symmetric
 Threshold for linear dependence:        1.00e-08
 D3BJ dispersion energy:                -0.001473285

 -------------------------------------
  Running unrestricted open-shell SCF 
 -------------------------------------
 Max number of iterations:             128
 Conv. threshold (gradient):             1.00e-05
 Conv. threshold (energy):               1.00e-06
 Interpolation scheme:                   adiis+cdiis
 Initial guess:                          SAD

 ---------------------------------------------------------------
                  energy        change          grad        time
 ---------------------------------------------------------------
   0     -1442.200085310                    1.83e+00        0.02
   1     -1441.643774101      5.56e-01      1.41e+00        0.01
   2     -1427.002190524      1.46e+01      5.04e+00        0.02
   3     -1438.338709794     -1.13e+01      3.72e+00        0.01
   4     -1442.035508395     -3.70e+00      9.61e-01        0.01
   5     -1442.200583519     -1.65e-01      5.17e-01        0.02
   6     -1442.250247070     -4.97e-02      2.82e-01        0.02
   7     -1442.265657697     -1.54e-02      1.28e-01        0.02
   8     -1442.268642556     -2.98e-03      8.23e-02        0.02
   9     -1442.260717121      7.93e-03      1.94e-01        0.02
  10     -1442.270040010     -9.32e-03      5.06e-02        0.02
  11     -1442.270432759     -3.93e-04      4.51e-02        0.02
  12     -1442.271014206     -5.81e-04      2.69e-02        0.02
  13     -1442.271350449     -3.36e-04      9.45e-03        0.02
  14     -1442.271389861     -3.94e-05      1.36e-03        0.02
  15     -1442.271390679     -8.18e-07      3.93e-04        0.02
  16     -1442.271390751     -7.12e-08      1.06e-04        0.02
  17     -1442.271390755     -4.76e-09      5.70e-05        0.02
  18     -1442.271390756     -1.06e-09      2.39e-06        0.02

 SCF converged in 18 iterations.

 Dipole moment (in Debye):               0.000001       0.000001       4.667034

 Quadrupole moment (in Debye-Angstrom):
                  1            2            3
 1       -29.603815     1.366389    -0.000001
 2         1.366389   -29.603811    -0.000001
 3        -0.000001    -0.000001   -26.090146

 Spin-squared expectation <S^2>:         6.316
 Total spin quantum number S:            2.062
 TOTAL ENERGY:                       -1442.271390756

 --------------------------------------------------------------------------------

 End time:                               Tue Oct 26 09:42:18 2021
 Total wall-clock time:                  1.140 seconds
==================================================================================
