
================================================================================
          _____________ ________ _______________ ________     _________         
         / ___________// ______ \\_____   _____// ______ \   / ________)        
        / /_________  / /      \ \     | |     / /      \ \ | (_______          
       |  __________|| |        | |    | |    | |        | | \________ \        
        \ \_________ | |        | |    | |     \ \______/ /___________) |       
         \__________||_|        |_|    |_|      \________//____________/        
                                                                                
====================================[ Qcore ]===================================

 Git describe: 2.3.0-1-g21d9df7e5
 Compiler:     GNU 9.1.0
 Build type:   Release
 Version:      2.3.0-1-g21d9df7e5

 Start time:   Tue Oct 26 09:43:06 2021

 Data directory: /work/zw18965/.local/qcore/share/entos/qcore/data
 Number of threads: 24
 Number of threads was determined by: command line argument

 --------------------------------------------------------------------------------
                                   command: dft                                  
 --------------------------------------------------------------------------------
 AO basis set:                           def2-tzvppd
 Number of AO basis functions:         124

 Formula:                                TiBr
 Nuclear charge:                        57.000000000
 Total charge:                           0.000000000
 Number of electrons:                   57.000000000

 Number of alpha electrons:             30
 Number of beta electrons:              27
 Number of unpaired electrons:           3
 Spin:                                   3
 Multiplicity:                           quartet

 Theory:                                 dft
 Exchange-correlation functional:        pbe
 Method for Coulomb:                     incore_df
 Integral threshold:                     1.00e-12
 DF basis set:                           def2-universal-jkfit
 Number of DF basis functions:         530
 Schwarz screening threshold:            1.00e-10
 Coulomb fitting method:                 Cholesky
 Total number of grid points:        15956
 Method for AO orthogonalization:        symmetric
 Threshold for linear dependence:        1.00e-08
 D3BJ dispersion energy:                -0.001418156

 -------------------------------------
  Running unrestricted open-shell SCF 
 -------------------------------------
 Max number of iterations:             128
 Conv. threshold (gradient):             1.00e-05
 Conv. threshold (energy):               1.00e-06
 Interpolation scheme:                   adiis+cdiis
 Initial guess:                          SAD

 ---------------------------------------------------------------
                  energy        change          grad        time
 ---------------------------------------------------------------
   0     -3423.024320957                    2.47e+00        0.02
   1     -3422.942735448      8.16e-02      2.93e-01        0.03
   2     -3422.339174395      6.04e-01      1.23e+00        0.02
   3     -3422.921146586     -5.82e-01      4.51e-01        0.02
   4     -3422.983592012     -6.24e-02      1.03e-01        0.03
   5     -3422.929802898      5.38e-02      3.76e-01        0.02
   6     -3422.983725940     -5.39e-02      1.03e-01        0.02
   7     -3422.988204195     -4.48e-03      1.94e-02        0.03
   8     -3422.986965211      1.24e-03      6.09e-02        0.03
   9     -3422.988343033     -1.38e-03      4.44e-03        0.02
  10     -3422.988617253     -2.74e-04      6.66e-03        0.02
  11     -3422.988343976      2.73e-04      3.71e-03        0.02
  12     -3422.988346476     -2.50e-06      2.91e-03        0.02
  13     -3422.988348495     -2.02e-06      2.26e-03        0.02
  14     -3422.988350737     -2.24e-06      8.44e-04        0.03
  15     -3422.988350762     -2.44e-08      1.99e-04        0.02
  16     -3422.988350778     -1.65e-08      1.26e-04        0.02
  17     -3422.988350786     -7.52e-09      3.31e-05        0.02
  18     -3422.988350786     -6.05e-10      6.07e-06        0.02

 SCF converged in 18 iterations.

 Dipole moment (in Debye):              -0.000010      -0.000012      -4.434624

 Quadrupole moment (in Debye-Angstrom):
                  1            2            3
 1       -37.276763    -0.000003    -0.000004
 2        -0.000003   -37.276763     0.000002
 3        -0.000004     0.000002   -26.380908

 Spin-squared expectation <S^2>:         3.762
 Total spin quantum number S:            1.503
 TOTAL ENERGY:                       -3422.988350786

 --------------------------------------------------------------------------------

 End time:                               Tue Oct 26 09:43:08 2021
 Total wall-clock time:                  1.886 seconds
==================================================================================
