
================================================================================
          _____________ ________ _______________ ________     _________         
         / ___________// ______ \\_____   _____// ______ \   / ________)        
        / /_________  / /      \ \     | |     / /      \ \ | (_______          
       |  __________|| |        | |    | |    | |        | | \________ \        
        \ \_________ | |        | |    | |     \ \______/ /___________) |       
         \__________||_|        |_|    |_|      \________//____________/        
                                                                                
====================================[ Qcore ]===================================

 Git describe: 2.3.0-1-g21d9df7e5
 Compiler:     GNU 9.1.0
 Build type:   Release
 Version:      2.3.0-1-g21d9df7e5

 Start time:   Tue Oct 26 09:43:03 2021

 Data directory: /work/zw18965/.local/qcore/share/entos/qcore/data
 Number of threads: 24
 Number of threads was determined by: command line argument

 --------------------------------------------------------------------------------
                                   command: dft                                  
 --------------------------------------------------------------------------------
 AO basis set:                           def2-tzvppd
 Number of AO basis functions:          67

 Formula:                                Co
 Nuclear charge:                        27.000000000
 Total charge:                           0.000000000
 Number of electrons:                   27.000000000

 Number of alpha electrons:             15
 Number of beta electrons:              12
 Number of unpaired electrons:           3
 Spin:                                   3
 Multiplicity:                           quartet

 Theory:                                 dft
 Exchange-correlation functional:        pbe
 Method for Coulomb:                     incore_df
 Integral threshold:                     1.00e-12
 DF basis set:                           def2-universal-jkfit
 Number of DF basis functions:         264
 Schwarz screening threshold:            1.00e-10
 Coulomb fitting method:                 Cholesky
 Total number of grid points:         7936
 Method for AO orthogonalization:        symmetric
 Threshold for linear dependence:        1.00e-08
 D3BJ dispersion energy:                 0.000000000

 -------------------------------------
  Running unrestricted open-shell SCF 
 -------------------------------------
 Max number of iterations:             128
 Conv. threshold (gradient):             1.00e-05
 Conv. threshold (energy):               1.00e-06
 Interpolation scheme:                   adiis+cdiis
 Initial guess:                          SAD

 ---------------------------------------------------------------
                  energy        change          grad        time
 ---------------------------------------------------------------
   0     -1382.411318097                    5.78e-03        0.01
   1     -1382.466370177     -5.51e-02      1.85e-01        0.01
   2     -1382.346883101      1.19e-01      5.73e-01        0.01
   3     -1382.447259794     -1.00e-01      3.47e-01        0.01
   4     -1382.479974208     -3.27e-02      1.07e-01        0.01
   5     -1382.350797384      1.29e-01      5.32e-01        0.01
   6     -1382.482599924     -1.32e-01      7.81e-02        0.01
   7     -1382.467239042      1.54e-02      2.31e-01        0.01
   8     -1382.484714871     -1.75e-02      5.13e-02        0.01
   9     -1382.483309824      1.41e-03      7.50e-02        0.01
  10     -1382.484958203     -1.65e-03      3.55e-02        0.01
  11     -1382.485385107     -4.27e-04      1.17e-02        0.01
  12     -1382.485431414     -4.63e-05      4.50e-03        0.01
  13     -1382.485439945     -8.53e-06      1.23e-03        0.01
  14     -1382.485440414     -4.69e-07      1.10e-03        0.01
  15     -1382.485441210     -7.96e-07      1.35e-03        0.01
  16     -1382.485442555     -1.35e-06      8.37e-04        0.01
  17     -1382.485442799     -2.44e-07      4.39e-04        0.01
  18     -1382.485442889     -9.00e-08      2.80e-04        0.01
  19     -1382.485442918     -2.90e-08      2.05e-04        0.01
  20     -1382.485442982     -6.39e-08      6.32e-05        0.01
  21     -1382.485442995     -1.35e-08      1.02e-04        0.01
  22     -1382.485443020     -2.44e-08      4.25e-05        0.01
  23     -1382.485443057     -3.75e-08      4.24e-05        0.01
  24     -1382.485443067     -9.96e-09      4.05e-05        0.01
  25     -1382.485443082     -1.48e-08      3.99e-05        0.01
  26     -1382.485443350     -2.68e-07      7.08e-05        0.01
  27     -1382.485443233      1.17e-07      3.74e-05        0.01
  28     -1382.485443880     -6.47e-07      4.12e-04        0.01
  29     -1382.485443874      5.79e-09      3.35e-04        0.01
  30     -1382.485443902     -2.81e-08      3.07e-04        0.01
  31     -1382.485443923     -2.04e-08      1.97e-04        0.01
  32     -1382.485443934     -1.09e-08      1.68e-04        0.01
  33     -1382.485443935     -1.35e-09      1.68e-04        0.01
  34     -1382.485443864      7.11e-08      2.07e-04        0.01
  35     -1382.485443870     -6.15e-09      2.42e-04        0.01
  36     -1382.485443925     -5.53e-08      6.40e-05        0.01
  37     -1382.485443940     -1.45e-08      4.54e-05        0.01
  38     -1382.485443884      5.62e-08      4.88e-05        0.01
  39     -1382.485443783      1.01e-07      4.75e-05        0.01
  40     -1382.485443757      2.58e-08      4.82e-05        0.01
  41     -1382.485443841     -8.35e-08      2.73e-05        0.01
  42     -1382.485443809      3.18e-08      5.33e-05        0.01
  43     -1382.485443871     -6.19e-08      3.99e-05        0.01
  44     -1382.485443455      4.15e-07      8.55e-05        0.01
  45     -1382.485443509     -5.40e-08      6.22e-05        0.01
  46     -1382.485443465      4.45e-08      1.28e-04        0.01
  47     -1382.485443555     -9.00e-08      7.59e-05        0.01
  48     -1382.485443387      1.68e-07      1.39e-04        0.01
  49     -1382.485443440     -5.29e-08      1.17e-04        0.01
  50     -1382.485443428      1.23e-08      9.24e-05        0.01
  51     -1382.485443513     -8.55e-08      5.85e-05        0.01
  52     -1382.485443375      1.39e-07      1.49e-04        0.01
  53     -1382.485443355      1.99e-08      1.61e-04        0.01
  54     -1382.485443519     -1.64e-07      5.00e-05        0.01
  55     -1382.485443461      5.71e-08      3.34e-05        0.01
  56     -1382.485443395      6.67e-08      4.23e-05        0.01
  57     -1382.485443409     -1.47e-08      2.93e-05        0.01
  58     -1382.485443432     -2.27e-08      2.46e-05        0.01
  59     -1382.485443446     -1.42e-08      1.83e-05        0.01
  60     -1382.485443448     -1.45e-09      1.69e-05        0.01
  61     -1382.485443258      1.90e-07      9.51e-05        0.01
  62     -1382.485443227      3.07e-08      1.28e-04        0.01
  63     -1382.485443256     -2.85e-08      5.06e-05        0.01
  64     -1382.485443233      2.28e-08      5.82e-05        0.01
  65     -1382.485443231      1.52e-09      6.56e-05        0.01
  66     -1382.485443231      6.09e-10      4.19e-05        0.01
  67     -1382.485443228      2.78e-09      7.09e-05        0.01
  68     -1382.485443225      3.08e-09      3.77e-05        0.01
  69     -1382.485443225     -5.64e-11      4.03e-05        0.01
  70     -1382.485443226     -1.37e-09      3.69e-05        0.01
  71     -1382.485443230     -3.90e-09      2.22e-05        0.01
  72     -1382.485443233     -2.90e-09      6.72e-06        0.01

 SCF converged in 72 iterations.

 Dipole moment (in Debye):               0.000001       0.000004      -0.000007

 Quadrupole moment (in Debye-Angstrom):
                  1            2            3
 1       -15.189739    -0.316157     0.491382
 2        -0.316157   -15.186942     0.489085
 3         0.491382     0.489085   -15.606630

 Spin-squared expectation <S^2>:         3.752
 Total spin quantum number S:            1.500
 TOTAL ENERGY:                       -1382.485443233

 --------------------------------------------------------------------------------

 End time:                               Tue Oct 26 09:43:04 2021
 Total wall-clock time:                  1.069 seconds
==================================================================================
