
================================================================================
          _____________ ________ _______________ ________     _________         
         / ___________// ______ \\_____   _____// ______ \   / ________)        
        / /_________  / /      \ \     | |     / /      \ \ | (_______          
       |  __________|| |        | |    | |    | |        | | \________ \        
        \ \_________ | |        | |    | |     \ \______/ /___________) |       
         \__________||_|        |_|    |_|      \________//____________/        
                                                                                
====================================[ Qcore ]===================================

 Git describe: 2.3.0-1-g21d9df7e5
 Compiler:     GNU 9.1.0
 Build type:   Release
 Version:      2.3.0-1-g21d9df7e5

 Start time:   Tue Oct 26 09:43:15 2021

 Data directory: /work/zw18965/.local/qcore/share/entos/qcore/data
 Number of threads: 24
 Number of threads was determined by: command line argument

 --------------------------------------------------------------------------------
                                   command: dft                                  
 --------------------------------------------------------------------------------
 AO basis set:                           def2-tzvppd
 Number of AO basis functions:         118

 Formula:                                SZn
 Nuclear charge:                        46.000000000
 Total charge:                           0.000000000
 Number of electrons:                   46.000000000

 Number of alpha electrons:             23
 Number of beta electrons:              23
 Number of unpaired electrons:           0
 Spin:                                   0
 Multiplicity:                           singlet

 Theory:                                 dft
 Exchange-correlation functional:        pbe
 Method for Coulomb:                     incore_df
 Integral threshold:                     1.00e-12
 DF basis set:                           def2-universal-jkfit
 Number of DF basis functions:         392
 Schwarz screening threshold:            1.00e-10
 Coulomb fitting method:                 Cholesky
 Total number of grid points:        15286
 Method for AO orthogonalization:        symmetric
 Threshold for linear dependence:        1.00e-08
 D3BJ dispersion energy:                -0.001290581

 -------------------------------------
  Running restricted closed-shell SCF 
 -------------------------------------
 Max number of iterations:             128
 Conv. threshold (gradient):             1.00e-05
 Conv. threshold (energy):               1.00e-06
 Interpolation scheme:                   adiis+cdiis
 Initial guess:                          SAD

 ---------------------------------------------------------------
                  energy        change          grad        time
 ---------------------------------------------------------------
   0     -2177.323516949                    4.21e+00        0.01
   1     -2176.953651884      3.70e-01      8.47e-01        0.01
   2     -2173.077426004      3.88e+00      3.85e+00        0.01
   3     -2176.406869572     -3.33e+00      1.69e+00        0.01
   4     -2177.095927268     -6.89e-01      4.72e-01        0.01
   5     -2177.108579020     -1.27e-02      3.75e-01        0.01
   6     -2177.130971143     -2.24e-02      6.77e-02        0.01
   7     -2177.128050619      2.92e-03      1.54e-01        0.01
   8     -2177.131684387     -3.63e-03      8.29e-03        0.01
   9     -2177.131698599     -1.42e-05      2.17e-03        0.01
  10     -2177.131699663     -1.06e-06      3.73e-04        0.01
  11     -2177.131699690     -2.66e-08      6.84e-05        0.01
  12     -2177.131699690     -9.19e-10      9.21e-06        0.01

 SCF converged in 12 iterations.

 Dipole moment (in Debye):               0.000001       0.000001       5.015701

 Quadrupole moment (in Debye-Angstrom):
                  1            2            3
 1       -28.885759    -0.000000    -0.000001
 2        -0.000000   -28.885759    -0.000001
 3        -0.000001    -0.000001   -24.379991

 Spin-squared expectation <S^2>:         0.000
 Total spin quantum number S:            0.000
 TOTAL ENERGY:                       -2177.131699690

 --------------------------------------------------------------------------------

 End time:                               Tue Oct 26 09:43:16 2021
 Total wall-clock time:                  0.889 seconds
==================================================================================
