
================================================================================
          _____________ ________ _______________ ________     _________         
         / ___________// ______ \\_____   _____// ______ \   / ________)        
        / /_________  / /      \ \     | |     / /      \ \ | (_______          
       |  __________|| |        | |    | |    | |        | | \________ \        
        \ \_________ | |        | |    | |     \ \______/ /___________) |       
         \__________||_|        |_|    |_|      \________//____________/        
                                                                                
====================================[ Qcore ]===================================

 Git describe: 2.3.0-1-g21d9df7e5
 Compiler:     GNU 9.1.0
 Build type:   Release
 Version:      2.3.0-1-g21d9df7e5

 Start time:   Tue Oct 26 09:43:13 2021

 Data directory: /work/zw18965/.local/qcore/share/entos/qcore/data
 Number of threads: 24
 Number of threads was determined by: command line argument

 --------------------------------------------------------------------------------
                                   command: dft                                  
 --------------------------------------------------------------------------------
 AO basis set:                           def2-tzvppd
 Number of AO basis functions:          84

 Formula:                                HCo
 Nuclear charge:                        28.000000000
 Total charge:                           0.000000000
 Number of electrons:                   28.000000000

 Number of alpha electrons:             15
 Number of beta electrons:              13
 Number of unpaired electrons:           2
 Spin:                                   2
 Multiplicity:                           triplet

 Theory:                                 dft
 Exchange-correlation functional:        pbe
 Method for Coulomb:                     incore_df
 Integral threshold:                     1.00e-12
 DF basis set:                           def2-universal-jkfit
 Number of DF basis functions:         282
 Schwarz screening threshold:            1.00e-10
 Coulomb fitting method:                 Cholesky
 Total number of grid points:        13826
 Method for AO orthogonalization:        symmetric
 Threshold for linear dependence:        1.00e-08
 D3BJ dispersion energy:                -0.000389419

 -------------------------------------
  Running unrestricted open-shell SCF 
 -------------------------------------
 Max number of iterations:             128
 Conv. threshold (gradient):             1.00e-05
 Conv. threshold (energy):               1.00e-06
 Interpolation scheme:                   adiis+cdiis
 Initial guess:                          SAD

 ---------------------------------------------------------------
                  energy        change          grad        time
 ---------------------------------------------------------------
   0     -1383.009974866                    1.35e+00        0.02
   1     -1382.954494629      5.55e-02      6.50e-01        0.01
   2     -1381.458460712      1.50e+00      1.99e+00        0.01
   3     -1382.892433708     -1.43e+00      7.91e-01        0.01
   4     -1383.066446055     -1.74e-01      1.58e-01        0.01
   5     -1382.984339720      8.21e-02      6.70e-01        0.01
   6     -1383.062539419     -7.82e-02      2.77e-01        0.01
   7     -1383.075630750     -1.31e-02      1.62e-01        0.01
   8     -1383.079384025     -3.75e-03      1.07e-01        0.01
   9     -1383.080502216     -1.12e-03      9.12e-02        0.01
  10     -1383.082164133     -1.66e-03      1.59e-02        0.01
  11     -1383.082307238     -1.43e-04      6.35e-03        0.01
  12     -1383.082315826     -8.59e-06      1.79e-03        0.01
  13     -1383.082316849     -1.02e-06      2.15e-04        0.01
  14     -1383.082316865     -1.69e-08      1.64e-04        0.01
  15     -1383.082316872     -6.88e-09      3.05e-05        0.01
  16     -1383.082316873     -2.68e-10      2.71e-06        0.01

 SCF converged in 16 iterations.

 Dipole moment (in Debye):              -0.000002      -0.000002       2.390195

 Quadrupole moment (in Debye-Angstrom):
                  1            2            3
 1       -15.279131     0.000004    -0.000006
 2         0.000004   -15.279131    -0.000006
 3        -0.000006    -0.000006   -16.480598

 Spin-squared expectation <S^2>:         2.016
 Total spin quantum number S:            1.005
 TOTAL ENERGY:                       -1383.082316873

 --------------------------------------------------------------------------------

 End time:                               Tue Oct 26 09:43:13 2021
 Total wall-clock time:                  0.817 seconds
==================================================================================
