
================================================================================
          _____________ ________ _______________ ________     _________         
         / ___________// ______ \\_____   _____// ______ \   / ________)        
        / /_________  / /      \ \     | |     / /      \ \ | (_______          
       |  __________|| |        | |    | |    | |        | | \________ \        
        \ \_________ | |        | |    | |     \ \______/ /___________) |       
         \__________||_|        |_|    |_|      \________//____________/        
                                                                                
====================================[ Qcore ]===================================

 Git describe: 2.3.0-1-g21d9df7e5
 Compiler:     GNU 9.1.0
 Build type:   Release
 Version:      2.3.0-1-g21d9df7e5

 Start time:   Tue Oct 26 09:43:11 2021

 Data directory: /work/zw18965/.local/qcore/share/entos/qcore/data
 Number of threads: 24
 Number of threads was determined by: command line argument

 --------------------------------------------------------------------------------
                                   command: dft                                  
 --------------------------------------------------------------------------------
 AO basis set:                           def2-tzvppd
 Number of AO basis functions:         118

 Formula:                                SFe
 Nuclear charge:                        42.000000000
 Total charge:                           0.000000000
 Number of electrons:                   42.000000000

 Number of alpha electrons:             23
 Number of beta electrons:              19
 Number of unpaired electrons:           4
 Spin:                                   4
 Multiplicity:                           quintet

 Theory:                                 dft
 Exchange-correlation functional:        pbe
 Method for Coulomb:                     incore_df
 Integral threshold:                     1.00e-12
 DF basis set:                           def2-universal-jkfit
 Number of DF basis functions:         392
 Schwarz screening threshold:            1.00e-10
 Coulomb fitting method:                 Cholesky
 Total number of grid points:        15286
 Method for AO orthogonalization:        symmetric
 Threshold for linear dependence:        1.00e-08
 D3BJ dispersion energy:                -0.001199158

 -------------------------------------
  Running unrestricted open-shell SCF 
 -------------------------------------
 Max number of iterations:             128
 Conv. threshold (gradient):             1.00e-05
 Conv. threshold (energy):               1.00e-06
 Interpolation scheme:                   adiis+cdiis
 Initial guess:                          SAD

 ---------------------------------------------------------------
                  energy        change          grad        time
 ---------------------------------------------------------------
   0     -1661.535690268                    2.32e+00        0.02
   1     -1661.326406696      2.09e-01      7.36e-01        0.02
   2     -1649.119707681      1.22e+01      4.18e+00        0.02
   3     -1659.013763440     -9.89e+00      2.99e+00        0.02
   4     -1661.148878388     -2.14e+00      1.23e+00        0.01
   5     -1661.490969243     -3.42e-01      2.99e-01        0.02
   6     -1661.420074680      7.09e-02      4.65e-01        0.02
   7     -1661.400591205      1.95e-02      7.20e-01        0.02
   8     -1661.512035157     -1.11e-01      1.33e-01        0.02
   9     -1661.513574869     -1.54e-03      7.98e-02        0.02
  10     -1661.515953199     -2.38e-03      8.84e-02        0.02
  11     -1661.517953679     -2.00e-03      6.32e-03        0.02
  12     -1661.517960021     -6.34e-06      3.51e-03        0.02
  13     -1661.517964139     -4.12e-06      2.89e-04        0.02
  14     -1661.517964181     -4.26e-08      7.03e-05        0.02
  15     -1661.517964183     -1.10e-09      4.81e-05        0.02
  16     -1661.517964183     -7.35e-10      5.42e-06        0.02

 SCF converged in 16 iterations.

 Dipole moment (in Debye):               0.000001       0.000001       4.761658

 Quadrupole moment (in Debye-Angstrom):
                  1            2            3
 1       -28.532764     0.000314    -0.000002
 2         0.000314   -28.532764    -0.000002
 3        -0.000002    -0.000002   -24.932008

 Spin-squared expectation <S^2>:         6.027
 Total spin quantum number S:            2.005
 TOTAL ENERGY:                       -1661.517964183

 --------------------------------------------------------------------------------

 End time:                               Tue Oct 26 09:43:12 2021
 Total wall-clock time:                  1.135 seconds
==================================================================================
