
================================================================================
          _____________ ________ _______________ ________     _________         
         / ___________// ______ \\_____   _____// ______ \   / ________)        
        / /_________  / /      \ \     | |     / /      \ \ | (_______          
       |  __________|| |        | |    | |    | |        | | \________ \        
        \ \_________ | |        | |    | |     \ \______/ /___________) |       
         \__________||_|        |_|    |_|      \________//____________/        
                                                                                
====================================[ Qcore ]===================================

 Git describe: 2.3.0-1-g21d9df7e5
 Compiler:     GNU 9.1.0
 Build type:   Release
 Version:      2.3.0-1-g21d9df7e5

 Start time:   Tue Oct 26 09:42:22 2021

 Data directory: /work/zw18965/.local/qcore/share/entos/qcore/data
 Number of threads: 24
 Number of threads was determined by: command line argument
  - More threads can be used by running 'qcore -n 32'

 --------------------------------------------------------------------------------
                                   command: dft                                  
 --------------------------------------------------------------------------------
 AO basis set:                           def2-tzvppd
 Number of AO basis functions:         107

 Formula:                                FCo
 Nuclear charge:                        36.000000000
 Total charge:                           0.000000000
 Number of electrons:                   36.000000000

 Number of alpha electrons:             19
 Number of beta electrons:              17
 Number of unpaired electrons:           2
 Spin:                                   2
 Multiplicity:                           triplet

 Theory:                                 dft
 Exchange-correlation functional:        pbe
 Method for Coulomb:                     incore_df
 Integral threshold:                     1.00e-12
 DF basis set:                           def2-universal-jkfit
 Number of DF basis functions:         341
 Schwarz screening threshold:            1.00e-10
 Coulomb fitting method:                 Cholesky
 Total number of grid points:        14748
 Method for AO orthogonalization:        symmetric
 Threshold for linear dependence:        1.00e-08
 D3BJ dispersion energy:                -0.000411006

 -------------------------------------
  Running unrestricted open-shell SCF 
 -------------------------------------
 Max number of iterations:             128
 Conv. threshold (gradient):             1.00e-05
 Conv. threshold (energy):               1.00e-06
 Interpolation scheme:                   adiis+cdiis
 Initial guess:                          SAD

 ---------------------------------------------------------------
                  energy        change          grad        time
 ---------------------------------------------------------------
   0     -1482.266975732                    1.23e+00        0.02
   1     -1482.091154621      1.76e-01      9.14e-01        0.01
   2     -1472.118746747      9.97e+00      5.16e+00        0.01
   3     -1480.010361609     -7.89e+00      2.67e+00        0.01
   4     -1482.202499311     -2.19e+00      5.70e-01        0.02
   5     -1482.313318561     -1.11e-01      2.01e-01        0.01
   6     -1482.308281195      5.04e-03      2.61e-01        0.01
   7     -1482.311298812     -3.02e-03      2.22e-01        0.01
   8     -1482.323750255     -1.25e-02      4.84e-02        0.02
   9     -1482.322259015      1.49e-03      7.61e-02        0.02
  10     -1482.324485090     -2.23e-03      9.33e-03        0.01
  11     -1482.324517806     -3.27e-05      2.02e-03        0.01
  12     -1482.324520138     -2.33e-06      5.01e-04        0.01
  13     -1482.324521965     -1.83e-06      6.81e-04        0.01
  14     -1482.324519251      2.71e-06      1.71e-04        0.01
  15     -1482.324519243      7.35e-09      1.58e-04        0.01
  16     -1482.324519249     -6.14e-09      4.01e-05        0.01
  17     -1482.324519250     -4.26e-10      3.86e-06        0.01

 SCF converged in 17 iterations.

 Dipole moment (in Debye):               0.000002       0.000002       4.400448

 Quadrupole moment (in Debye-Angstrom):
                  1            2            3
 1       -19.330436    -0.000001     0.000004
 2        -0.000001   -19.330436     0.000004
 3         0.000004     0.000004   -18.257995

 Spin-squared expectation <S^2>:         2.092
 Total spin quantum number S:            1.030
 TOTAL ENERGY:                       -1482.324519250

 --------------------------------------------------------------------------------

 End time:                               Tue Oct 26 09:42:23 2021
 Total wall-clock time:                  1.084 seconds
==================================================================================
