
================================================================================
          _____________ ________ _______________ ________     _________         
         / ___________// ______ \\_____   _____// ______ \   / ________)        
        / /_________  / /      \ \     | |     / /      \ \ | (_______          
       |  __________|| |        | |    | |    | |        | | \________ \        
        \ \_________ | |        | |    | |     \ \______/ /___________) |       
         \__________||_|        |_|    |_|      \________//____________/        
                                                                                
====================================[ Qcore ]===================================

 Git describe: 2.3.0-1-g21d9df7e5
 Compiler:     GNU 9.1.0
 Build type:   Release
 Version:      2.3.0-1-g21d9df7e5

 Start time:   Tue Oct 26 09:41:00 2021

 Data directory: /work/zw18965/.local/qcore/share/entos/qcore/data
 Number of threads: 24
 Number of threads was determined by: command line argument
  - More threads can be used by running 'qcore -n 32'

 --------------------------------------------------------------------------------
                                   command: dft                                  
 --------------------------------------------------------------------------------
 AO basis set:                           def2-tzvppd
 Number of AO basis functions:         124

 Formula:                                CuBr
 Nuclear charge:                        64.000000000
 Total charge:                           0.000000000
 Number of electrons:                   64.000000000

 Number of alpha electrons:             32
 Number of beta electrons:              32
 Number of unpaired electrons:           0
 Spin:                                   0
 Multiplicity:                           singlet

 Theory:                                 dft
 Exchange-correlation functional:        pbe
 Method for Coulomb:                     incore_df
 Integral threshold:                     1.00e-12
 DF basis set:                           def2-universal-jkfit
 Number of DF basis functions:         530
 Schwarz screening threshold:            1.00e-10
 Coulomb fitting method:                 Cholesky
 Total number of grid points:        16100
 Method for AO orthogonalization:        symmetric
 Threshold for linear dependence:        1.00e-08
 D3BJ dispersion energy:                -0.001112578

 -------------------------------------
  Running restricted closed-shell SCF 
 -------------------------------------
 Max number of iterations:             128
 Conv. threshold (gradient):             1.00e-05
 Conv. threshold (energy):               1.00e-06
 Interpolation scheme:                   adiis+cdiis
 Initial guess:                          SAD

 ---------------------------------------------------------------
                  energy        change          grad        time
 ---------------------------------------------------------------
   0     -4214.190718666                    3.64e+00        0.02
   1     -4214.038310998      1.52e-01      7.92e-01        0.01
   2     -4213.444929902      5.93e-01      2.11e+00        0.01
   3     -4214.024416627     -5.79e-01      8.54e-01        0.01
   4     -4214.086623821     -6.22e-02      3.09e-01        0.01
   5     -4214.055605991      3.10e-02      6.74e-01        0.01
   6     -4214.090047413     -3.44e-02      2.34e-01        0.01
   7     -4214.092924003     -2.88e-03      1.08e-01        0.01
   8     -4214.092408172      5.16e-04      9.62e-02        0.01
   9     -4214.093414694     -1.01e-03      7.08e-02        0.01
  10     -4214.093766410     -3.52e-04      2.05e-04        0.01
  11     -4214.093766413     -2.65e-09      1.72e-05        0.01
  12     -4214.093766413     -4.64e-11      1.99e-06        0.01

 SCF converged in 12 iterations.

 Dipole moment (in Debye):              -0.000002      -0.000002      -4.281155

 Quadrupole moment (in Debye-Angstrom):
                  1            2            3
 1       -32.415481    -0.000000     0.000004
 2        -0.000000   -32.415481     0.000004
 3         0.000004     0.000004   -25.255187

 Spin-squared expectation <S^2>:         0.000
 Total spin quantum number S:            0.000
 TOTAL ENERGY:                       -4214.093766413

 --------------------------------------------------------------------------------

 End time:                               Tue Oct 26 09:41:02 2021
 Total wall-clock time:                  1.543 seconds
==================================================================================
