
================================================================================
          _____________ ________ _______________ ________     _________         
         / ___________// ______ \\_____   _____// ______ \   / ________)        
        / /_________  / /      \ \     | |     / /      \ \ | (_______          
       |  __________|| |        | |    | |    | |        | | \________ \        
        \ \_________ | |        | |    | |     \ \______/ /___________) |       
         \__________||_|        |_|    |_|      \________//____________/        
                                                                                
====================================[ Qcore ]===================================

 Git describe: 2.3.0-1-g21d9df7e5
 Compiler:     GNU 9.1.0
 Build type:   Release
 Version:      2.3.0-1-g21d9df7e5

 Start time:   Tue Oct 26 05:24:59 2021

 Data directory: /work/zw18965/.local/qcore/share/entos/qcore/data
 Number of threads: 24
 Number of threads was determined by: command line argument
  - More threads can be used by running 'qcore -n 32'

 --------------------------------------------------------------------------------
                                   command: dft                                  
 --------------------------------------------------------------------------------
 AO basis set:                           def2-tzvppd
 Number of AO basis functions:         142

 Formula:                                C2H4
 Nuclear charge:                        16.000000000
 Total charge:                           0.000000000
 Number of electrons:                   16.000000000

 Number of alpha electrons:              8
 Number of beta electrons:               8
 Number of unpaired electrons:           0
 Spin:                                   0
 Multiplicity:                           singlet

 Theory:                                 dft
 Exchange-correlation functional:        blyp
 Method for Coulomb:                     incore_df
 Integral threshold:                     1.00e-12
 DF basis set:                           def2-universal-jkfit
 Number of DF basis functions:         222
 Schwarz screening threshold:            1.00e-10
 Coulomb fitting method:                 Cholesky
 Total number of grid points:        37160
 Method for AO orthogonalization:        symmetric
 Threshold for linear dependence:        1.00e-08
 D3BJ dispersion energy:                -0.004890339

 -------------------------------------
  Running restricted closed-shell SCF 
 -------------------------------------
 Max number of iterations:             128
 Conv. threshold (gradient):             1.00e-05
 Conv. threshold (energy):               1.00e-06
 Interpolation scheme:                   adiis+cdiis
 Initial guess:                          SAD

 ---------------------------------------------------------------
                  energy        change          grad        time
 ---------------------------------------------------------------
   0       -78.632010605                    9.29e+00        0.03
   1       -78.462538225      1.69e-01      1.19e+00        0.03
   2       -78.294651583      1.68e-01      1.96e+00        0.03
   3       -78.575330918     -2.81e-01      3.10e-01        0.03
   4       -78.567339015      7.99e-03      4.49e-01        0.02
   5       -78.582233314     -1.49e-02      6.70e-02        0.02
   6       -78.581802493      4.31e-04      1.02e-01        0.02
   7       -78.582598400     -7.96e-04      4.15e-04        0.02
   8       -78.582598413     -1.35e-08      1.67e-05        0.02
   9       -78.582598413     -1.94e-11      3.03e-06        0.02

 SCF converged in 9 iterations.

 Dipole moment (in Debye):              -0.000000       0.000009       0.000011

 Quadrupole moment (in Debye-Angstrom):
                  1            2            3
 1       -12.672813    -0.000000    -0.000000
 2        -0.000000   -12.657483    -0.000000
 3        -0.000000    -0.000000   -15.694771

 Spin-squared expectation <S^2>:         0.000
 Total spin quantum number S:            0.000
 TOTAL ENERGY:                         -78.582598413

 --------------------------------------------------------------------------------

 End time:                               Tue Oct 26 05:25:00 2021
 Total wall-clock time:                  0.715 seconds
==================================================================================
