
================================================================================
          _____________ ________ _______________ ________     _________         
         / ___________// ______ \\_____   _____// ______ \   / ________)        
        / /_________  / /      \ \     | |     / /      \ \ | (_______          
       |  __________|| |        | |    | |    | |        | | \________ \        
        \ \_________ | |        | |    | |     \ \______/ /___________) |       
         \__________||_|        |_|    |_|      \________//____________/        
                                                                                
====================================[ Qcore ]===================================

 Git describe: 2.3.0-1-g21d9df7e5
 Compiler:     GNU 9.1.0
 Build type:   Release
 Version:      2.3.0-1-g21d9df7e5

 Start time:   Tue Oct 26 05:24:44 2021

 Data directory: /work/zw18965/.local/qcore/share/entos/qcore/data
 Number of threads: 24
 Number of threads was determined by: command line argument
  - More threads can be used by running 'qcore -n 32'

 --------------------------------------------------------------------------------
                                   command: dft                                  
 --------------------------------------------------------------------------------
 AO basis set:                           def2-tzvppd
 Number of AO basis functions:         216

 Formula:                                C2H3OCl
 Nuclear charge:                        40.000000000
 Total charge:                           0.000000000
 Number of electrons:                   40.000000000

 Number of alpha electrons:             20
 Number of beta electrons:              20
 Number of unpaired electrons:           0
 Spin:                                   0
 Multiplicity:                           singlet

 Theory:                                 dft
 Exchange-correlation functional:        blyp
 Method for Coulomb:                     incore_df
 Integral threshold:                     1.00e-12
 DF basis set:                           def2-universal-jkfit
 Number of DF basis functions:         409
 Schwarz screening threshold:            1.00e-10
 Coulomb fitting method:                 Cholesky
 Total number of grid points:        45708
 Method for AO orthogonalization:        symmetric
 Threshold for linear dependence:        1.00e-08
 D3BJ dispersion energy:                -0.010166686

 -------------------------------------
  Running restricted closed-shell SCF 
 -------------------------------------
 Max number of iterations:             128
 Conv. threshold (gradient):             1.00e-05
 Conv. threshold (energy):               1.00e-06
 Interpolation scheme:                   adiis+cdiis
 Initial guess:                          SAD

 ---------------------------------------------------------------
                  energy        change          grad        time
 ---------------------------------------------------------------
   0      -613.924309161                    1.31e+01        0.05
   1      -613.343564453      5.81e-01      1.90e+00        0.05
   2      -612.183490054      1.16e+00      7.57e+00        0.04
   3      -613.406419316     -1.22e+00      1.48e+00        0.04
   4      -613.492958050     -8.65e-02      3.99e-01        0.04
   5      -613.482593750      1.04e-02      6.33e-01        0.04
   6      -613.496289742     -1.37e-02      1.84e-01        0.04
   7      -613.495680690      6.09e-04      2.46e-01        0.04
   8      -613.496292119     -6.11e-04      1.72e-01        0.05
   9      -613.497186530     -8.94e-04      4.03e-02        0.05
  10      -613.497002448      1.84e-04      9.99e-02        0.05
  11      -613.497226811     -2.24e-04      4.18e-04        0.06
  12      -613.497226815     -3.46e-09      7.00e-05        0.05
  13      -613.497226815     -1.26e-10      6.54e-06        0.04

 SCF converged in 13 iterations.

 Dipole moment (in Debye):               1.470346      -2.372163       0.000167

 Quadrupole moment (in Debye-Angstrom):
                  1            2            3
 1       -30.366699    -2.864409     0.000343
 2        -2.864409   -32.609607    -0.000390
 3         0.000343    -0.000390   -29.856734

 Spin-squared expectation <S^2>:         0.000
 Total spin quantum number S:            0.000
 TOTAL ENERGY:                        -613.497226815

 --------------------------------------------------------------------------------

 End time:                               Tue Oct 26 05:24:46 2021
 Total wall-clock time:                  1.487 seconds
==================================================================================
