
================================================================================
          _____________ ________ _______________ ________     _________         
         / ___________// ______ \\_____   _____// ______ \   / ________)        
        / /_________  / /      \ \     | |     / /      \ \ | (_______          
       |  __________|| |        | |    | |    | |        | | \________ \        
        \ \_________ | |        | |    | |     \ \______/ /___________) |       
         \__________||_|        |_|    |_|      \________//____________/        
                                                                                
====================================[ Qcore ]===================================

 Git describe: 2.3.0-1-g21d9df7e5
 Compiler:     GNU 9.1.0
 Build type:   Release
 Version:      2.3.0-1-g21d9df7e5

 Start time:   Tue Oct 26 05:25:53 2021

 Data directory: /work/zw18965/.local/qcore/share/entos/qcore/data
 Number of threads: 24
 Number of threads was determined by: command line argument

 --------------------------------------------------------------------------------
                                   command: dft                                  
 --------------------------------------------------------------------------------
 AO basis set:                           def2-tzvppd
 Number of AO basis functions:         176

 Formula:                                C2H6
 Nuclear charge:                        18.000000000
 Total charge:                           0.000000000
 Number of electrons:                   18.000000000

 Number of alpha electrons:              9
 Number of beta electrons:               9
 Number of unpaired electrons:           0
 Spin:                                   0
 Multiplicity:                           singlet

 Theory:                                 dft
 Exchange-correlation functional:        blyp
 Method for Coulomb:                     incore_df
 Integral threshold:                     1.00e-12
 DF basis set:                           def2-universal-jkfit
 Number of DF basis functions:         258
 Schwarz screening threshold:            1.00e-10
 Coulomb fitting method:                 Cholesky
 Total number of grid points:        48940
 Method for AO orthogonalization:        symmetric
 Threshold for linear dependence:        1.00e-08
 D3BJ dispersion energy:                -0.006724742

 -------------------------------------
  Running restricted closed-shell SCF 
 -------------------------------------
 Max number of iterations:             128
 Conv. threshold (gradient):             1.00e-05
 Conv. threshold (energy):               1.00e-06
 Interpolation scheme:                   adiis+cdiis
 Initial guess:                          SAD

 ---------------------------------------------------------------
                  energy        change          grad        time
 ---------------------------------------------------------------
   0       -79.783757112                    1.08e+01        0.04
   1       -79.645068099      1.39e-01      1.51e+00        0.04
   2       -79.352419225      2.93e-01      2.43e+00        0.04
   3       -79.793273315     -4.41e-01      4.66e-01        0.03
   4       -79.785752998      7.52e-03      5.84e-01        0.04
   5       -79.808748616     -2.30e-02      5.04e-02        0.04
   6       -79.808557897      1.91e-04      7.05e-02        0.04
   7       -79.808922071     -3.64e-04      1.71e-04        0.04
   8       -79.808922073     -1.96e-09      1.73e-05        0.04
   9       -79.808922073     -1.91e-11      8.79e-07        0.03

 SCF converged in 9 iterations.

 Dipole moment (in Debye):               0.000000       0.000000      -0.000001

 Quadrupole moment (in Debye-Angstrom):
                  1            2            3
 1       -15.966148    -0.000147    -0.000003
 2        -0.000147   -15.193419    -0.000013
 3        -0.000003    -0.000013   -15.193504

 Spin-squared expectation <S^2>:         0.000
 Total spin quantum number S:            0.000
 TOTAL ENERGY:                         -79.808922073

 --------------------------------------------------------------------------------

 End time:                               Tue Oct 26 05:25:53 2021
 Total wall-clock time:                  0.796 seconds
==================================================================================
