
================================================================================
          _____________ ________ _______________ ________     _________         
         / ___________// ______ \\_____   _____// ______ \   / ________)        
        / /_________  / /      \ \     | |     / /      \ \ | (_______          
       |  __________|| |        | |    | |    | |        | | \________ \        
        \ \_________ | |        | |    | |     \ \______/ /___________) |       
         \__________||_|        |_|    |_|      \________//____________/        
                                                                                
====================================[ Qcore ]===================================

 Git describe: 2.3.0-1-g21d9df7e5
 Compiler:     GNU 9.1.0
 Build type:   Release
 Version:      2.3.0-1-g21d9df7e5

 Start time:   Tue Oct 26 05:24:50 2021

 Data directory: /work/zw18965/.local/qcore/share/entos/qcore/data
 Number of threads: 24
 Number of threads was determined by: command line argument
  - More threads can be used by running 'qcore -n 32'

 --------------------------------------------------------------------------------
                                   command: dft                                  
 --------------------------------------------------------------------------------
 AO basis set:                           def2-tzvppd
 Number of AO basis functions:         500

 Formula:                                C8H12
 Nuclear charge:                        60.000000000
 Total charge:                           0.000000000
 Number of electrons:                   60.000000000

 Number of alpha electrons:             30
 Number of beta electrons:              30
 Number of unpaired electrons:           0
 Spin:                                   0
 Multiplicity:                           singlet

 Theory:                                 dft
 Exchange-correlation functional:        blyp
 Method for Coulomb:                     incore_df
 Integral threshold:                     1.00e-12
 DF basis set:                           def2-universal-jkfit
 Number of DF basis functions:         816
 Schwarz screening threshold:            1.00e-10
 Coulomb fitting method:                 Cholesky
 Total number of grid points:       125080
 Method for AO orthogonalization:        symmetric
 Threshold for linear dependence:        1.00e-08
 D3BJ dispersion energy:                -0.041781623

 -------------------------------------
  Running restricted closed-shell SCF 
 -------------------------------------
 Max number of iterations:             128
 Conv. threshold (gradient):             1.00e-05
 Conv. threshold (energy):               1.00e-06
 Interpolation scheme:                   adiis+cdiis
 Initial guess:                          SAD

 ---------------------------------------------------------------
                  energy        change          grad        time
 ---------------------------------------------------------------
   0      -313.108012825                    1.86e+01        0.32
   1      -311.657701761      1.45e+00      1.85e+00        0.31
   2      -310.879269737      7.78e-01      3.38e+00        0.38
   3      -311.977840291     -1.10e+00      6.41e-01        0.35
   4      -311.962631849      1.52e-02      7.75e-01        0.29
   5      -312.013977471     -5.13e-02      1.02e-01        0.31
   6      -312.013954449      2.30e-05      1.23e-01        0.32
   7      -312.014635460     -6.81e-04      5.02e-02        0.35
   8      -312.014149531      4.86e-04      1.20e-01        0.35
   9      -312.014756047     -6.07e-04      8.16e-04        0.36
  10      -312.014756071     -2.40e-08      1.47e-04        0.30
  11      -312.014756072     -9.16e-10      7.52e-05        0.30
  12      -312.014756072     -1.46e-10      1.07e-05        0.30
  13      -312.014756072     -1.31e-12      8.33e-06        0.32

 SCF converged in 13 iterations.

 Dipole moment (in Debye):               0.000048      -0.000003       0.263440

 Quadrupole moment (in Debye-Angstrom):
                  1            2            3
 1       -48.688566    -1.854636     0.000107
 2        -1.854636   -52.350246    -0.000154
 3         0.000107    -0.000154   -51.612679

 Spin-squared expectation <S^2>:         0.000
 Total spin quantum number S:            0.000
 TOTAL ENERGY:                        -312.014756072

 --------------------------------------------------------------------------------

 End time:                               Tue Oct 26 05:24:56 2021
 Total wall-clock time:                  6.511 seconds
==================================================================================
