
================================================================================
          _____________ ________ _______________ ________     _________         
         / ___________// ______ \\_____   _____// ______ \   / ________)        
        / /_________  / /      \ \     | |     / /      \ \ | (_______          
       |  __________|| |        | |    | |    | |        | | \________ \        
        \ \_________ | |        | |    | |     \ \______/ /___________) |       
         \__________||_|        |_|    |_|      \________//____________/        
                                                                                
====================================[ Qcore ]===================================

 Git describe: 2.3.0-1-g21d9df7e5
 Compiler:     GNU 9.1.0
 Build type:   Release
 Version:      2.3.0-1-g21d9df7e5

 Start time:   Tue Oct 26 05:25:04 2021

 Data directory: /work/zw18965/.local/qcore/share/entos/qcore/data
 Number of threads: 24
 Number of threads was determined by: command line argument
  - More threads can be used by running 'qcore -n 32'

 --------------------------------------------------------------------------------
                                   command: dft                                  
 --------------------------------------------------------------------------------
 AO basis set:                           def2-tzvppd
 Number of AO basis functions:         469

 Formula:                                C5HO5Mn
 Nuclear charge:                        96.000000000
 Total charge:                           0.000000000
 Number of electrons:                   96.000000000

 Number of alpha electrons:             48
 Number of beta electrons:              48
 Number of unpaired electrons:           0
 Spin:                                   0
 Multiplicity:                           singlet

 Theory:                                 dft
 Exchange-correlation functional:        blyp
 Method for Coulomb:                     incore_df
 Integral threshold:                     1.00e-12
 DF basis set:                           def2-universal-jkfit
 Number of DF basis functions:        1042
 Schwarz screening threshold:            1.00e-10
 Coulomb fitting method:                 Cholesky
 Total number of grid points:        82546
 Method for AO orthogonalization:        symmetric
 Threshold for linear dependence:        1.00e-08
 D3BJ dispersion energy:                -0.030671264

 -------------------------------------
  Running restricted closed-shell SCF 
 -------------------------------------
 Max number of iterations:             128
 Conv. threshold (gradient):             1.00e-05
 Conv. threshold (energy):               1.00e-06
 Interpolation scheme:                   adiis+cdiis
 Initial guess:                          SAD

 ---------------------------------------------------------------
                  energy        change          grad        time
 ---------------------------------------------------------------
   0     -1720.410429446                    2.93e+01        0.18
   1     -1718.433020906      1.98e+00      1.53e+00        0.18
   2     -1715.137426886      3.30e+00      1.03e+01        0.18
   3     -1718.275164280     -3.14e+00      1.94e+00        0.18
   4     -1717.219940426      1.06e+00      8.48e+00        0.19
   5     -1718.627638340     -1.41e+00      4.12e-01        0.19
   6     -1718.045397694      5.82e-01      5.65e+00        0.20
   7     -1718.579333655     -5.34e-01      1.17e+00        0.20
   8     -1718.641213341     -6.19e-02      9.10e-02        0.23
   9     -1718.639551604      1.66e-03      3.23e-01        0.24
  10     -1718.642463629     -2.91e-03      7.65e-03        0.24
  11     -1718.642464776     -1.15e-06      9.93e-03        0.20
  12     -1718.642465956     -1.18e-06      5.10e-03        0.20
  13     -1718.642466246     -2.90e-07      3.72e-03        0.20
  14     -1718.642466446     -1.99e-07      6.17e-04        0.19
  15     -1718.642466453     -7.65e-09      5.39e-05        0.20
  16     -1718.642466453     -5.91e-11      1.14e-05        0.20
  17     -1718.642466453     -5.23e-12      3.54e-06        0.20

 SCF converged in 17 iterations.

 Dipole moment (in Debye):               0.000000      -0.000012      -0.031082

 Quadrupole moment (in Debye-Angstrom):
                  1            2            3
 1       -73.394769    -0.000051    -0.000143
 2        -0.000051   -73.395657     0.000423
 3        -0.000143     0.000423   -73.188383

 Spin-squared expectation <S^2>:         0.000
 Total spin quantum number S:            0.000
 TOTAL ENERGY:                       -1718.642466453

 --------------------------------------------------------------------------------

 End time:                               Tue Oct 26 05:25:14 2021
 Total wall-clock time:                 10.079 seconds
==================================================================================
