
================================================================================
          _____________ ________ _______________ ________     _________         
         / ___________// ______ \\_____   _____// ______ \   / ________)        
        / /_________  / /      \ \     | |     / /      \ \ | (_______          
       |  __________|| |        | |    | |    | |        | | \________ \        
        \ \_________ | |        | |    | |     \ \______/ /___________) |       
         \__________||_|        |_|    |_|      \________//____________/        
                                                                                
====================================[ Qcore ]===================================

 Git describe: 2.3.0-1-g21d9df7e5
 Compiler:     GNU 9.1.0
 Build type:   Release
 Version:      2.3.0-1-g21d9df7e5

 Start time:   Tue Oct 26 05:25:53 2021

 Data directory: /work/zw18965/.local/qcore/share/entos/qcore/data
 Number of threads: 24
 Number of threads was determined by: command line argument

 --------------------------------------------------------------------------------
                                   command: dft                                  
 --------------------------------------------------------------------------------
 AO basis set:                           def2-tzvppd
 Number of AO basis functions:          77

 Formula:                                CO
 Nuclear charge:                        14.000000000
 Total charge:                           0.000000000
 Number of electrons:                   14.000000000

 Number of alpha electrons:              7
 Number of beta electrons:               7
 Number of unpaired electrons:           0
 Spin:                                   0
 Multiplicity:                           singlet

 Theory:                                 dft
 Exchange-correlation functional:        blyp
 Method for Coulomb:                     incore_df
 Integral threshold:                     1.00e-12
 DF basis set:                           def2-universal-jkfit
 Number of DF basis functions:         152
 Schwarz screening threshold:            1.00e-10
 Coulomb fitting method:                 Cholesky
 Total number of grid points:        13744
 Method for AO orthogonalization:        symmetric
 Threshold for linear dependence:        1.00e-08
 D3BJ dispersion energy:                -0.000898146

 -------------------------------------
  Running restricted closed-shell SCF 
 -------------------------------------
 Max number of iterations:             128
 Conv. threshold (gradient):             1.00e-05
 Conv. threshold (energy):               1.00e-06
 Interpolation scheme:                   adiis+cdiis
 Initial guess:                          SAD

 ---------------------------------------------------------------
                  energy        change          grad        time
 ---------------------------------------------------------------
   0      -113.500483506                    5.80e+00        0.01
   1      -113.314343893      1.86e-01      7.08e-01        0.01
   2      -113.026178553      2.88e-01      2.12e+00        0.01
   3      -113.323751133     -2.98e-01      6.26e-01        0.01
   4      -113.349000341     -2.52e-02      1.36e-01        0.01
   5      -113.343141267      5.86e-03      2.99e-01        0.01
   6      -113.350082981     -6.94e-03      7.98e-02        0.01
   7      -113.350511480     -4.28e-04      3.49e-02        0.01
   8      -113.350600165     -8.87e-05      2.15e-04        0.01
   9      -113.350600170     -4.29e-09      7.80e-06        0.01

 SCF converged in 9 iterations.

 Dipole moment (in Debye):               0.000000       0.000000       0.166064

 Quadrupole moment (in Debye-Angstrom):
                  1            2            3
 1       -10.406959     0.000000    -0.000001
 2         0.000000   -10.406959    -0.000001
 3        -0.000001    -0.000001   -12.437614

 Spin-squared expectation <S^2>:         0.000
 Total spin quantum number S:            0.000
 TOTAL ENERGY:                        -113.350600170

 --------------------------------------------------------------------------------

 End time:                               Tue Oct 26 05:25:54 2021
 Total wall-clock time:                  0.379 seconds
==================================================================================
