
================================================================================
          _____________ ________ _______________ ________     _________         
         / ___________// ______ \\_____   _____// ______ \   / ________)        
        / /_________  / /      \ \     | |     / /      \ \ | (_______          
       |  __________|| |        | |    | |    | |        | | \________ \        
        \ \_________ | |        | |    | |     \ \______/ /___________) |       
         \__________||_|        |_|    |_|      \________//____________/        
                                                                                
====================================[ Qcore ]===================================

 Git describe: 2.3.0-1-g21d9df7e5
 Compiler:     GNU 9.1.0
 Build type:   Release
 Version:      2.3.0-1-g21d9df7e5

 Start time:   Tue Oct 26 05:25:49 2021

 Data directory: /work/zw18965/.local/qcore/share/entos/qcore/data
 Number of threads: 24
 Number of threads was determined by: command line argument

 --------------------------------------------------------------------------------
                                   command: dft                                  
 --------------------------------------------------------------------------------
 AO basis set:                           def2-tzvppd
 Number of AO basis functions:         324

 Formula:                                C6H6
 Nuclear charge:                        42.000000000
 Total charge:                           0.000000000
 Number of electrons:                   42.000000000

 Number of alpha electrons:             21
 Number of beta electrons:              21
 Number of unpaired electrons:           0
 Spin:                                   0
 Multiplicity:                           singlet

 Theory:                                 dft
 Exchange-correlation functional:        blyp
 Method for Coulomb:                     incore_df
 Integral threshold:                     1.00e-12
 DF basis set:                           def2-universal-jkfit
 Number of DF basis functions:         558
 Schwarz screening threshold:            1.00e-10
 Coulomb fitting method:                 Cholesky
 Total number of grid points:        76140
 Method for AO orthogonalization:        symmetric
 Threshold for linear dependence:        1.00e-08
 D3BJ dispersion energy:                -0.023228698

 -------------------------------------
  Running restricted closed-shell SCF 
 -------------------------------------
 Max number of iterations:             128
 Conv. threshold (gradient):             1.00e-05
 Conv. threshold (energy):               1.00e-06
 Interpolation scheme:                   adiis+cdiis
 Initial guess:                          SAD

 ---------------------------------------------------------------
                  energy        change          grad        time
 ---------------------------------------------------------------
   0      -233.194897019                    1.47e+01        0.12
   1      -232.030661911      1.16e+00      1.29e+00        0.11
   2      -231.652453994      3.78e-01      2.14e+00        0.12
   3      -232.237386224     -5.85e-01      3.32e-01        0.13
   4      -232.224218024      1.32e-02      4.71e-01        0.12
   5      -232.251781650     -2.76e-02      5.92e-02        0.12
   6      -232.251611242      1.70e-04      6.64e-02        0.12
   7      -232.252234926     -6.24e-04      2.18e-04        0.12
   8      -232.252234932     -5.71e-09      8.92e-06        0.12

 SCF converged in 8 iterations.

 Dipole moment (in Debye):               0.000018      -0.000003       0.000096

 Quadrupole moment (in Debye-Angstrom):
                  1            2            3
 1       -32.905042     0.000064    -0.000001
 2         0.000064   -32.905374     0.000002
 3        -0.000001     0.000002   -39.762000

 Spin-squared expectation <S^2>:         0.000
 Total spin quantum number S:            0.000
 TOTAL ENERGY:                        -232.252234932

 --------------------------------------------------------------------------------

 End time:                               Tue Oct 26 05:25:51 2021
 Total wall-clock time:                  1.970 seconds
==================================================================================
