
================================================================================
          _____________ ________ _______________ ________     _________         
         / ___________// ______ \\_____   _____// ______ \   / ________)        
        / /_________  / /      \ \     | |     / /      \ \ | (_______          
       |  __________|| |        | |    | |    | |        | | \________ \        
        \ \_________ | |        | |    | |     \ \______/ /___________) |       
         \__________||_|        |_|    |_|      \________//____________/        
                                                                                
====================================[ Qcore ]===================================

 Git describe: 2.3.0-1-g21d9df7e5
 Compiler:     GNU 9.1.0
 Build type:   Release
 Version:      2.3.0-1-g21d9df7e5

 Start time:   Tue Oct 26 05:25:55 2021

 Data directory: /work/zw18965/.local/qcore/share/entos/qcore/data
 Number of threads: 24
 Number of threads was determined by: command line argument

 --------------------------------------------------------------------------------
                                   command: dft                                  
 --------------------------------------------------------------------------------
 AO basis set:                           def2-tzvppd
 Number of AO basis functions:         452

 Formula:                                C5O5Cr
 Nuclear charge:                        94.000000000
 Total charge:                           0.000000000
 Number of electrons:                   94.000000000

 Number of alpha electrons:             47
 Number of beta electrons:              47
 Number of unpaired electrons:           0
 Spin:                                   0
 Multiplicity:                           singlet

 Theory:                                 dft
 Exchange-correlation functional:        blyp
 Method for Coulomb:                     incore_df
 Integral threshold:                     1.00e-12
 DF basis set:                           def2-universal-jkfit
 Number of DF basis functions:        1024
 Schwarz screening threshold:            1.00e-10
 Coulomb fitting method:                 Cholesky
 Total number of grid points:        76548
 Method for AO orthogonalization:        symmetric
 Threshold for linear dependence:        1.00e-08
 D3BJ dispersion energy:                -0.033378858

 -------------------------------------
  Running restricted closed-shell SCF 
 -------------------------------------
 Max number of iterations:             128
 Conv. threshold (gradient):             1.00e-05
 Conv. threshold (energy):               1.00e-06
 Interpolation scheme:                   adiis+cdiis
 Initial guess:                          SAD

 ---------------------------------------------------------------
                  energy        change          grad        time
 ---------------------------------------------------------------
   0     -1612.976191350                    2.64e+01        0.17
   1     -1610.143113772      2.83e+00      7.69e+00        0.19
   2     -1568.192518471      4.20e+01      3.30e+01        0.19
   3     -1602.018679951     -3.38e+01      2.95e+01        0.19
   4     -1610.000176956     -7.98e+00      7.42e+00        0.20
   5     -1610.253003223     -2.53e-01      9.09e+00        0.20
   6     -1611.476657642     -1.22e+00      5.32e-01        0.19
   7     -1611.201891252      2.75e-01      4.13e+00        0.21
   8     -1611.454097289     -2.52e-01      7.69e-01        0.21
   9     -1611.370066305      8.40e-02      3.16e+00        0.22
  10     -1611.491705015     -1.22e-01      3.88e-01        0.23
  11     -1611.402676520      8.90e-02      2.61e+00        0.25
  12     -1611.478972107     -7.63e-02      1.07e+00        0.24
  13     -1611.493391794     -1.44e-02      1.97e-01        0.25
  14     -1611.493633649     -2.42e-04      1.70e-01        0.25
  15     -1611.493606326      2.73e-05      1.62e-01        0.27
  16     -1611.493906011     -3.00e-04      3.14e-02        0.25
  17     -1611.493978694     -7.27e-05      1.33e-02        0.25
  18     -1611.493995255     -1.66e-05      2.05e-04        0.23
  19     -1611.493995256     -4.16e-10      6.29e-05        0.21
  20     -1611.493995256     -6.75e-11      2.06e-05        0.20
  21     -1611.493995256     -2.77e-11      3.89e-06        0.20

 SCF converged in 21 iterations.

 Dipole moment (in Debye):              -0.000289       0.000366      -2.206432

 Quadrupole moment (in Debye-Angstrom):
                  1            2            3
 1       -75.135580    -0.000432     0.000291
 2        -0.000432   -75.135085    -0.000330
 3         0.000291    -0.000330   -69.455870

 Spin-squared expectation <S^2>:         0.000
 Total spin quantum number S:            0.000
 TOTAL ENERGY:                       -1611.493995256

 --------------------------------------------------------------------------------

 End time:                               Tue Oct 26 05:26:06 2021
 Total wall-clock time:                 11.554 seconds
==================================================================================
