
================================================================================
          _____________ ________ _______________ ________     _________         
         / ___________// ______ \\_____   _____// ______ \   / ________)        
        / /_________  / /      \ \     | |     / /      \ \ | (_______          
       |  __________|| |        | |    | |    | |        | | \________ \        
        \ \_________ | |        | |    | |     \ \______/ /___________) |       
         \__________||_|        |_|    |_|      \________//____________/        
                                                                                
====================================[ Qcore ]===================================

 Git describe: 2.3.0-1-g21d9df7e5
 Compiler:     GNU 9.1.0
 Build type:   Release
 Version:      2.3.0-1-g21d9df7e5

 Start time:   Tue Oct 26 05:25:56 2021

 Data directory: /work/zw18965/.local/qcore/share/entos/qcore/data
 Number of threads: 24
 Number of threads was determined by: command line argument

 --------------------------------------------------------------------------------
                                   command: dft                                  
 --------------------------------------------------------------------------------
 AO basis set:                           def2-tzvppd
 Number of AO basis functions:        1766
 ECP on atom 1 (W):                      60 electrons

 Formula:                                C21H42O3P2W
 Nuclear charge:                       296.000000000
 Total charge:                           0.000000000
 Number of core electrons:              60
 Number of treated electrons:          236

 Number of alpha electrons:            118
 Number of beta electrons:             118
 Number of unpaired electrons:           0
 Spin:                                   0
 Multiplicity:                           singlet

 Theory:                                 dft
 Exchange-correlation functional:        blyp
 Method for Coulomb:                     incore_df
 Integral threshold:                     1.00e-12
 DF basis set:                           def2-universal-jkfit
 Number of DF basis functions:        3045
 Schwarz screening threshold:            1.00e-10
 Coulomb fitting method:                 Cholesky
 Total number of grid points:       434688
 Method for AO orthogonalization:        symmetric
 Threshold for linear dependence:        1.00e-08
 D3BJ dispersion energy:                -0.239021068

 -------------------------------------
  Running restricted closed-shell SCF 
 -------------------------------------
 Max number of iterations:             128
 Conv. threshold (gradient):             1.00e-05
 Conv. threshold (energy):               1.00e-06
 Interpolation scheme:                   adiis+cdiis
 Initial guess:                          SAD

 ---------------------------------------------------------------
                  energy        change          grad        time
 ---------------------------------------------------------------
   0     -1804.211050881                    2.50e+02        6.92
   1     -1799.937828421      4.27e+00      2.77e+00        6.65
   2     -1796.643856647      3.29e+00      1.02e+01        6.59
   3     -1800.632646770     -3.99e+00      5.96e+00        6.85
   4     -1794.929139256      5.70e+00      2.19e+01        7.23
   5     -1800.630566247     -5.70e+00      7.82e+00        6.69
   6     -1800.952243081     -3.22e-01      4.55e+00        7.03
   7     -1801.192259237     -2.40e-01      1.18e+00        7.95
   8     -1801.144185421      4.81e-02      1.75e+00        7.53
   9     -1801.215684761     -7.15e-02      1.57e+00        7.53
  10     -1801.218851306     -3.17e-03      1.24e+00        8.19
  11     -1801.223853191     -5.00e-03      9.43e-01        8.25
  12     -1801.245038214     -2.12e-02      3.96e-01        8.19
  13     -1801.237881185      7.16e-03      7.95e-01        8.39
  14     -1801.245683783     -7.80e-03      2.97e-01        8.56
  15     -1801.243827176      1.86e-03      4.10e-01        8.07
  16     -1801.247663432     -3.84e-03      8.21e-02        8.40
  17     -1801.247276721      3.87e-04      1.56e-01        8.46
  18     -1801.247839313     -5.63e-04      1.72e-03        7.32
  19     -1801.247839326     -1.37e-08      1.01e-03        7.18
  20     -1801.247839354     -2.83e-08      3.58e-04        7.22
  21     -1801.247839357     -2.61e-09      9.53e-05        6.92
  22     -1801.247839357     -1.24e-10      9.28e-05        6.94
  23     -1801.247839357     -1.69e-10      2.16e-05        7.01
  24     -1801.247839357     -2.48e-11      6.24e-06        6.81

 SCF converged in 24 iterations.

 Dipole moment (in Debye):               0.966873      -1.607495       4.672368

 Quadrupole moment (in Debye-Angstrom):
                  1            2            3
 1      -185.350529     0.318411     1.369352
 2         0.318411  -217.977770    -1.227585
 3         1.369352    -1.227585  -212.329441

 Spin-squared expectation <S^2>:         0.000
 Total spin quantum number S:            0.000
 TOTAL ENERGY:                       -1801.247839357

 --------------------------------------------------------------------------------

 End time:                               Tue Oct 26 05:31:10 2021
 Total wall-clock time:                313.581 seconds
==================================================================================
