
================================================================================
          _____________ ________ _______________ ________     _________         
         / ___________// ______ \\_____   _____// ______ \   / ________)        
        / /_________  / /      \ \     | |     / /      \ \ | (_______          
       |  __________|| |        | |    | |    | |        | | \________ \        
        \ \_________ | |        | |    | |     \ \______/ /___________) |       
         \__________||_|        |_|    |_|      \________//____________/        
                                                                                
====================================[ Qcore ]===================================

 Git describe: 2.3.0-1-g21d9df7e5
 Compiler:     GNU 9.1.0
 Build type:   Release
 Version:      2.3.0-1-g21d9df7e5

 Start time:   Tue Oct 26 05:25:57 2021

 Data directory: /work/zw18965/.local/qcore/share/entos/qcore/data
 Number of threads: 24
 Number of threads was determined by: command line argument

 --------------------------------------------------------------------------------
                                   command: dft                                  
 --------------------------------------------------------------------------------
 AO basis set:                           def2-tzvppd
 Number of AO basis functions:        2045
 ECP on atom 14 (Rh):                    28 electrons

 Formula:                                C36H30P2ClRh
 Nuclear charge:                       338.000000000
 Total charge:                           0.000000000
 Number of core electrons:              28
 Number of treated electrons:          310

 Number of alpha electrons:            155
 Number of beta electrons:             155
 Number of unpaired electrons:           0
 Spin:                                   0
 Multiplicity:                           singlet

 Theory:                                 dft
 Exchange-correlation functional:        blyp
 Method for Coulomb:                     incore_df
 Integral threshold:                     1.00e-12
 DF basis set:                           def2-universal-jkfit
 Number of DF basis functions:        3879
 Schwarz screening threshold:            1.00e-10
 Coulomb fitting method:                 Cholesky
 Total number of grid points:       452108
 Method for AO orthogonalization:        symmetric
 Threshold for linear dependence:        1.00e-08
 D3BJ dispersion energy:                -0.287528340

 -------------------------------------
  Running restricted closed-shell SCF 
 -------------------------------------
 Max number of iterations:             128
 Conv. threshold (gradient):             1.00e-05
 Conv. threshold (energy):               1.00e-06
 Interpolation scheme:                   adiis+cdiis
 Initial guess:                          SAD

 ---------------------------------------------------------------
                  energy        change          grad        time
 ---------------------------------------------------------------
   0     -2651.216947818                    3.63e+01        9.44
   1     -2642.356300950      8.86e+00      4.13e+00        8.83
   2     -2637.248547142      5.11e+00      1.72e+01        8.68
   3     -2642.709689339     -5.46e+00      1.32e+01        8.90
   4     -2640.710209044      2.00e+00      1.73e+01        9.43
   5     -2643.514967994     -2.80e+00      4.61e+00        9.20
   6     -2642.855196558      6.60e-01      1.59e+01        9.50
   7     -2643.589084182     -7.34e-01      1.38e+00       10.14
   8     -2643.523389783      6.57e-02      4.45e+00       10.21
   9     -2643.654152978     -1.31e-01      8.04e-01       10.22
  10     -2643.587844252      6.63e-02      3.86e+00       10.99
  11     -2643.650593220     -6.27e-02      1.02e+00       11.40
  12     -2643.657969731     -7.38e-03      2.57e-01       10.88
  13     -2643.652648025      5.32e-03      4.73e-01       10.95
  14     -2643.657781334     -5.13e-03      3.72e-01       11.43
  15     -2643.658395431     -6.14e-04      2.13e-01       11.51
  16     -2643.658520151     -1.25e-04      1.77e-01       11.31
  17     -2643.658720193     -2.00e-04      4.56e-02       11.20
  18     -2643.658653908      6.63e-05      1.23e-01       11.25
  19     -2643.658732673     -7.88e-05      3.65e-04       10.28
  20     -2643.658732675     -2.61e-09      1.50e-04        8.81
  21     -2643.658732675     -2.36e-10      9.14e-05        9.27
  22     -2643.658732676     -2.46e-10      1.39e-05        9.52
  23     -2643.658732676      8.19e-12      6.53e-06        9.33

 SCF converged in 23 iterations.

 Dipole moment (in Debye):              -2.080331       3.344313       5.688774

 Quadrupole moment (in Debye-Angstrom):
                  1            2            3
 1      -253.793953     2.323313     6.994647
 2         2.323313  -255.459431   -12.899648
 3         6.994647   -12.899648  -270.434780

 Spin-squared expectation <S^2>:         0.000
 Total spin quantum number S:            0.000
 TOTAL ENERGY:                       -2643.658732676

 --------------------------------------------------------------------------------

 End time:                               Tue Oct 26 05:32:47 2021
 Total wall-clock time:                409.417 seconds
==================================================================================
