
================================================================================
          _____________ ________ _______________ ________     _________         
         / ___________// ______ \\_____   _____// ______ \   / ________)        
        / /_________  / /      \ \     | |     / /      \ \ | (_______          
       |  __________|| |        | |    | |    | |        | | \________ \        
        \ \_________ | |        | |    | |     \ \______/ /___________) |       
         \__________||_|        |_|    |_|      \________//____________/        
                                                                                
====================================[ Qcore ]===================================

 Git describe: 2.3.0-1-g21d9df7e5
 Compiler:     GNU 9.1.0
 Build type:   Release
 Version:      2.3.0-1-g21d9df7e5

 Start time:   Tue Oct 26 05:26:09 2021

 Data directory: /work/zw18965/.local/qcore/share/entos/qcore/data
 Number of threads: 24
 Number of threads was determined by: command line argument

 --------------------------------------------------------------------------------
                                   command: dft                                  
 --------------------------------------------------------------------------------
 AO basis set:                           def2-tzvppd
 Number of AO basis functions:         590

 Formula:                                C6H16P2
 Nuclear charge:                        82.000000000
 Total charge:                           0.000000000
 Number of electrons:                   82.000000000

 Number of alpha electrons:             41
 Number of beta electrons:              41
 Number of unpaired electrons:           0
 Spin:                                   0
 Multiplicity:                           singlet

 Theory:                                 dft
 Exchange-correlation functional:        blyp
 Method for Coulomb:                     incore_df
 Integral threshold:                     1.00e-12
 DF basis set:                           def2-universal-jkfit
 Number of DF basis functions:         994
 Schwarz screening threshold:            1.00e-10
 Coulomb fitting method:                 Cholesky
 Total number of grid points:       149740
 Method for AO orthogonalization:        symmetric
 Threshold for linear dependence:        1.00e-08
 D3BJ dispersion energy:                -0.051953165

 -------------------------------------
  Running restricted closed-shell SCF 
 -------------------------------------
 Max number of iterations:             128
 Conv. threshold (gradient):             1.00e-05
 Conv. threshold (energy):               1.00e-06
 Interpolation scheme:                   adiis+cdiis
 Initial guess:                          SAD

 ---------------------------------------------------------------
                  energy        change          grad        time
 ---------------------------------------------------------------
   0      -921.616080860                    1.97e+01        0.36
   1      -920.446967987      1.17e+00      2.43e+00        0.40
   2      -919.406929689      1.04e+00      4.01e+00        0.46
   3      -920.926972151     -1.52e+00      9.38e-01        0.43
   4      -920.922516958      4.46e-03      1.10e+00        0.41
   5      -920.990365058     -6.78e-02      1.88e-01        0.39
   6      -920.986662505      3.70e-03      3.93e-01        0.41
   7      -920.991288234     -4.63e-03      9.04e-02        0.45
   8      -920.991477036     -1.89e-04      5.32e-02        0.44
   9      -920.991569070     -9.20e-05      3.12e-04        0.43
  10      -920.991569074     -3.80e-09      1.05e-04        0.38
  11      -920.991569074     -7.04e-10      3.49e-05        0.41
  12      -920.991569074     -9.09e-11      7.90e-06        0.43

 SCF converged in 12 iterations.

 Dipole moment (in Debye):              -0.000024       0.000003       1.632869

 Quadrupole moment (in Debye-Angstrom):
                  1            2            3
 1       -68.599630     3.865936     0.000185
 2         3.865936   -70.889839    -0.000137
 3         0.000185    -0.000137   -71.707175

 Spin-squared expectation <S^2>:         0.000
 Total spin quantum number S:            0.000
 TOTAL ENERGY:                        -920.991569074

 --------------------------------------------------------------------------------

 End time:                               Tue Oct 26 05:26:17 2021
 Total wall-clock time:                  7.957 seconds
==================================================================================
