
================================================================================
          _____________ ________ _______________ ________     _________         
         / ___________// ______ \\_____   _____// ______ \   / ________)        
        / /_________  / /      \ \     | |     / /      \ \ | (_______          
       |  __________|| |        | |    | |    | |        | | \________ \        
        \ \_________ | |        | |    | |     \ \______/ /___________) |       
         \__________||_|        |_|    |_|      \________//____________/        
                                                                                
====================================[ Qcore ]===================================

 Git describe: 2.3.0-1-g21d9df7e5
 Compiler:     GNU 9.1.0
 Build type:   Release
 Version:      2.3.0-1-g21d9df7e5

 Start time:   Tue Oct 26 05:25:00 2021

 Data directory: /work/zw18965/.local/qcore/share/entos/qcore/data
 Number of threads: 24
 Number of threads was determined by: command line argument
  - More threads can be used by running 'qcore -n 32'

 --------------------------------------------------------------------------------
                                   command: dft                                  
 --------------------------------------------------------------------------------
 AO basis set:                           def2-tzvppd
 Number of AO basis functions:         783
 ECP on atom 21 (Pd):                    28 electrons
 ECP on atom 26 (I):                     28 electrons

 Formula:                                C11H11N2PdI
 Nuclear charge:                       190.000000000
 Total charge:                           0.000000000
 Number of core electrons:              56
 Number of treated electrons:          134

 Number of alpha electrons:             67
 Number of beta electrons:              67
 Number of unpaired electrons:           0
 Spin:                                   0
 Multiplicity:                           singlet

 Theory:                                 dft
 Exchange-correlation functional:        blyp
 Method for Coulomb:                     incore_df
 Integral threshold:                     1.00e-12
 DF basis set:                           def2-universal-jkfit
 Number of DF basis functions:        1650
 Schwarz screening threshold:            1.00e-10
 Coulomb fitting method:                 Cholesky
 Total number of grid points:       170474
 Method for AO orthogonalization:        symmetric
 Threshold for linear dependence:        1.00e-08
 D3BJ dispersion energy:                -0.083455862

 -------------------------------------
  Running restricted closed-shell SCF 
 -------------------------------------
 Max number of iterations:             128
 Conv. threshold (gradient):             1.00e-05
 Conv. threshold (energy):               1.00e-06
 Interpolation scheme:                   adiis+cdiis
 Initial guess:                          SAD

 ---------------------------------------------------------------
                  energy        change          grad        time
 ---------------------------------------------------------------
   0      -963.536985337                    1.95e+01        0.70
   1      -951.257861860      1.23e+01      2.05e+01        0.68
   2      -590.197598840      3.61e+02      9.24e+01        0.73
   3      -938.816574169     -3.49e+02      2.27e+01        0.66
   4      -959.392287045     -2.06e+01      7.90e+00        0.74
   5      -958.907519767      4.85e-01      5.76e+00        0.74
   6      -960.794647697     -1.89e+00      3.27e+00        0.75
   7      -958.918243027      1.88e+00      6.33e+00        0.75
   8      -960.558917373     -1.64e+00      4.74e+00        0.80
   9      -960.488223351      7.07e-02      3.61e+00        0.83
  10      -960.975007209     -4.87e-01      8.00e-01        0.87
  11      -960.944874618      3.01e-02      1.31e+00        0.92
  12      -960.987310502     -4.24e-02      3.91e-01        0.94
  13      -960.982356700      4.95e-03      5.27e-01        0.91
  14      -960.991167982     -8.81e-03      2.86e-01        0.92
  15      -960.986448359      4.72e-03      6.02e-01        0.94
  16      -960.991881450     -5.43e-03      1.82e-01        1.03
  17      -960.992421648     -5.40e-04      6.32e-02        0.95
  18      -960.991969796      4.52e-04      1.30e-01        0.94
  19      -960.992534380     -5.65e-04      6.53e-04        0.87
  20      -960.992534388     -7.56e-09      3.24e-04        0.76
  21      -960.992534391     -2.61e-09      1.04e-04        0.76
  22      -960.992534391     -7.36e-10      2.95e-05        0.79
  23      -960.992534391     -2.91e-11      1.70e-05        0.69
  24      -960.992534391     -2.17e-11      5.24e-06        0.73

 SCF converged in 24 iterations.

 Dipole moment (in Debye):               9.923265       2.624044      -0.000170

 Quadrupole moment (in Debye-Angstrom):
                  1            2            3
 1      -113.926055    -3.418948    -0.019052
 2        -3.418948  -104.580866     0.007349
 3        -0.019052     0.007349  -130.127339

 Spin-squared expectation <S^2>:         0.000
 Total spin quantum number S:            0.000
 TOTAL ENERGY:                        -960.992534391

 --------------------------------------------------------------------------------

 End time:                               Tue Oct 26 05:27:29 2021
 Total wall-clock time:                149.479 seconds
==================================================================================
