
================================================================================
          _____________ ________ _______________ ________     _________         
         / ___________// ______ \\_____   _____// ______ \   / ________)        
        / /_________  / /      \ \     | |     / /      \ \ | (_______          
       |  __________|| |        | |    | |    | |        | | \________ \        
        \ \_________ | |        | |    | |     \ \______/ /___________) |       
         \__________||_|        |_|    |_|      \________//____________/        
                                                                                
====================================[ Qcore ]===================================

 Git describe: 2.3.0-1-g21d9df7e5
 Compiler:     GNU 9.1.0
 Build type:   Release
 Version:      2.3.0-1-g21d9df7e5

 Start time:   Tue Oct 26 05:26:49 2021

 Data directory: /work/zw18965/.local/qcore/share/entos/qcore/data
 Number of threads: 24
 Number of threads was determined by: command line argument

 --------------------------------------------------------------------------------
                                   command: dft                                  
 --------------------------------------------------------------------------------
 AO basis set:                           def2-tzvppd
 Number of AO basis functions:         738
 ECP on atom 1 (Mo):                     28 electrons

 Formula:                                C12H14Mo
 Nuclear charge:                       128.000000000
 Total charge:                           0.000000000
 Number of core electrons:              28
 Number of treated electrons:          100

 Number of alpha electrons:             50
 Number of beta electrons:              50
 Number of unpaired electrons:           0
 Spin:                                   0
 Multiplicity:                           singlet

 Theory:                                 dft
 Exchange-correlation functional:        blyp
 Method for Coulomb:                     incore_df
 Integral threshold:                     1.00e-12
 DF basis set:                           def2-universal-jkfit
 Number of DF basis functions:        1407
 Schwarz screening threshold:            1.00e-10
 Coulomb fitting method:                 Cholesky
 Total number of grid points:       172330
 Method for AO orthogonalization:        symmetric
 Threshold for linear dependence:        1.00e-08
 D3BJ dispersion energy:                -0.081037197

 -------------------------------------
  Running restricted closed-shell SCF 
 -------------------------------------
 Max number of iterations:             128
 Conv. threshold (gradient):             1.00e-05
 Conv. threshold (energy):               1.00e-06
 Interpolation scheme:                   adiis+cdiis
 Initial guess:                          SAD

 ---------------------------------------------------------------
                  energy        change          grad        time
 ---------------------------------------------------------------
   0      -536.377987988                    4.33e+01        1.02
   1      -532.670713053      3.71e+00      7.65e+00        0.95
   2      -522.418314549      1.03e+01      2.76e+01        0.88
   3      -532.980643476     -1.06e+01      6.97e+00        0.95
   4      -533.889932571     -9.09e-01      4.27e-01        0.93
   5      -533.810489631      7.94e-02      2.40e+00        0.89
   6      -533.891992968     -8.15e-02      7.86e-01        0.92
   7      -533.858221700      3.38e-02      2.38e+00        0.91
   8      -533.904054706     -4.58e-02      3.34e-01        1.04
   9      -533.888283453      1.58e-02      1.39e+00        1.08
  10      -533.902793757     -1.45e-02      4.98e-01        1.01
  11      -533.905024110     -2.23e-03      9.31e-02        1.20
  12      -533.904857324      1.67e-04      1.60e-01        1.18
  13      -533.905103671     -2.46e-04      5.08e-04        1.21
  14      -533.905103679     -7.58e-09      2.89e-04        0.85
  15      -533.905103681     -2.34e-09      1.12e-04        0.84
  16      -533.905103681     -1.04e-10      3.40e-05        0.89
  17      -533.905103681     -2.58e-11      1.92e-05        0.91
  18      -533.905103681     -1.60e-11      3.72e-06        0.83

 SCF converged in 18 iterations.

 Dipole moment (in Debye):              -0.000417      -1.220165       0.029527

 Quadrupole moment (in Debye-Angstrom):
                  1            2            3
 1       -97.559628    -0.033352     0.437611
 2        -0.033352   -94.506307    -0.008499
 3         0.437611    -0.008499   -91.325652

 Spin-squared expectation <S^2>:         0.000
 Total spin quantum number S:            0.000
 TOTAL ENERGY:                        -533.905103681

 --------------------------------------------------------------------------------

 End time:                               Tue Oct 26 05:27:18 2021
 Total wall-clock time:                 28.254 seconds
==================================================================================
