
================================================================================
          _____________ ________ _______________ ________     _________         
         / ___________// ______ \\_____   _____// ______ \   / ________)        
        / /_________  / /      \ \     | |     / /      \ \ | (_______          
       |  __________|| |        | |    | |    | |        | | \________ \        
        \ \_________ | |        | |    | |     \ \______/ /___________) |       
         \__________||_|        |_|    |_|      \________//____________/        
                                                                                
====================================[ Qcore ]===================================

 Git describe: 2.3.0-1-g21d9df7e5
 Compiler:     GNU 9.1.0
 Build type:   Release
 Version:      2.3.0-1-g21d9df7e5

 Start time:   Tue Oct 26 05:25:18 2021

 Data directory: /work/zw18965/.local/qcore/share/entos/qcore/data
 Number of threads: 24
 Number of threads was determined by: command line argument
  - More threads can be used by running 'qcore -n 32'

 --------------------------------------------------------------------------------
                                   command: dft                                  
 --------------------------------------------------------------------------------
 AO basis set:                           def2-tzvppd
 Number of AO basis functions:        1232
 ECP on atom 1 (Ru):                     28 electrons

 Formula:                                C18H27ClRu
 Nuclear charge:                       196.000000000
 Total charge:                           0.000000000
 Number of core electrons:              28
 Number of treated electrons:          168

 Number of alpha electrons:             84
 Number of beta electrons:              84
 Number of unpaired electrons:           0
 Spin:                                   0
 Multiplicity:                           singlet

 Theory:                                 dft
 Exchange-correlation functional:        blyp
 Method for Coulomb:                     incore_df
 Integral threshold:                     1.00e-12
 DF basis set:                           def2-universal-jkfit
 Number of DF basis functions:        2219
 Schwarz screening threshold:            1.00e-10
 Coulomb fitting method:                 Cholesky
 Total number of grid points:       297338
 Method for AO orthogonalization:        symmetric
 Threshold for linear dependence:        1.00e-08
 D3BJ dispersion energy:                -0.154649075

 -------------------------------------
  Running restricted closed-shell SCF 
 -------------------------------------
 Max number of iterations:             128
 Conv. threshold (gradient):             1.00e-05
 Conv. threshold (energy):               1.00e-06
 Interpolation scheme:                   adiis+cdiis
 Initial guess:                          SAD

 ---------------------------------------------------------------
                  energy        change          grad        time
 ---------------------------------------------------------------
   0     -1260.777034057                    5.10e+01        3.16
   1     -1256.105120813      4.67e+00      9.61e+00        2.93
   2     -1248.879064801      7.23e+00      2.55e+01        2.86
   3     -1256.568067427     -7.69e+00      7.65e+00        2.89
   4     -1256.955019388     -3.87e-01      4.21e+00        2.92
   5     -1256.902451532      5.26e-02      4.01e+00        2.99
   6     -1257.192085809     -2.90e-01      5.67e+00        2.98
   7     -1256.955623680      2.36e-01      9.18e+00        3.33
   8     -1257.306833826     -3.51e-01      1.27e+00        3.51
   9     -1257.311991295     -5.16e-03      1.80e+00        3.48
  10     -1257.336283828     -2.43e-02      1.54e+00        3.68
  11     -1257.331248441      5.04e-03      1.95e+00        3.87
  12     -1257.343860711     -1.26e-02      5.21e-01        3.81
  13     -1257.347919633     -4.06e-03      4.25e-01        3.65
  14     -1257.344533316      3.39e-03      9.45e-01        3.85
  15     -1257.348826770     -4.29e-03      1.52e-01        3.84
  16     -1257.348125552      7.01e-04      4.81e-01        3.71
  17     -1257.349345463     -1.22e-03      4.97e-02        3.69
  18     -1257.349069594      2.76e-04      2.42e-01        3.78
  19     -1257.349383272     -3.14e-04      2.93e-04        3.33
  20     -1257.349383273     -1.34e-09      2.22e-04        3.04
  21     -1257.349383274     -4.14e-10      7.96e-05        2.99
  22     -1257.349383274     -2.63e-10      1.74e-05        2.96
  23     -1257.349383274     -3.50e-11      1.22e-05        2.98
  24     -1257.349383274      2.86e-11      1.88e-06        3.04

 SCF converged in 24 iterations.

 Dipole moment (in Debye):               1.672676       5.000604       0.374977

 Quadrupole moment (in Debye-Angstrom):
                  1            2            3
 1      -142.386812    -0.022823     0.322160
 2        -0.022823  -155.149396    -1.579041
 3         0.322160    -1.579041  -142.676661

 Spin-squared expectation <S^2>:         0.000
 Total spin quantum number S:            0.000
 TOTAL ENERGY:                       -1257.349383274

 --------------------------------------------------------------------------------

 End time:                               Tue Oct 26 05:27:06 2021
 Total wall-clock time:                107.892 seconds
==================================================================================
