
================================================================================
          _____________ ________ _______________ ________     _________         
         / ___________// ______ \\_____   _____// ______ \   / ________)        
        / /_________  / /      \ \     | |     / /      \ \ | (_______          
       |  __________|| |        | |    | |    | |        | | \________ \        
        \ \_________ | |        | |    | |     \ \______/ /___________) |       
         \__________||_|        |_|    |_|      \________//____________/        
                                                                                
====================================[ Qcore ]===================================

 Git describe: 2.3.0-1-g21d9df7e5
 Compiler:     GNU 9.1.0
 Build type:   Release
 Version:      2.3.0-1-g21d9df7e5

 Start time:   Tue Oct 26 05:26:20 2021

 Data directory: /work/zw18965/.local/qcore/share/entos/qcore/data
 Number of threads: 24
 Number of threads was determined by: command line argument

 --------------------------------------------------------------------------------
                                   command: dft                                  
 --------------------------------------------------------------------------------
 AO basis set:                           def2-tzvppd
 Number of AO basis functions:        1446
 ECP on atom 1 (Ru):                     28 electrons

 Formula:                                C14H40P4Ru
 Nuclear charge:                       228.000000000
 Total charge:                           0.000000000
 Number of core electrons:              28
 Number of treated electrons:          200

 Number of alpha electrons:            100
 Number of beta electrons:             100
 Number of unpaired electrons:           0
 Spin:                                   0
 Multiplicity:                           singlet

 Theory:                                 dft
 Exchange-correlation functional:        blyp
 Method for Coulomb:                     incore_df
 Integral threshold:                     1.00e-12
 DF basis set:                           def2-universal-jkfit
 Number of DF basis functions:        2537
 Schwarz screening threshold:            1.00e-10
 Coulomb fitting method:                 Cholesky
 Total number of grid points:       368614
 Method for AO orthogonalization:        symmetric
 Threshold for linear dependence:        1.00e-08
 D3BJ dispersion energy:                -0.209022889

 -------------------------------------
  Running restricted closed-shell SCF 
 -------------------------------------
 Max number of iterations:             128
 Conv. threshold (gradient):             1.00e-05
 Conv. threshold (energy):               1.00e-06
 Interpolation scheme:                   adiis+cdiis
 Initial guess:                          SAD

 ---------------------------------------------------------------
                  energy        change          grad        time
 ---------------------------------------------------------------
   0     -2020.035875610                    4.13e+01        4.39
   1     -2016.690275146      3.35e+00      4.67e+00        4.10
   2     -2012.028082054      4.66e+00      1.11e+01        4.12
   3     -2017.477277858     -5.45e+00      2.44e+00        4.16
   4     -2017.226875810      2.50e-01      6.54e+00        4.39
   5     -2017.926549041     -7.00e-01      2.59e+00        4.58
   6     -2017.856549688      7.00e-02      3.77e+00        4.41
   7     -2017.966412680     -1.10e-01      4.02e+00        4.69
   8     -2017.959782720      6.63e-03      4.49e+00        5.13
   9     -2018.050289133     -9.05e-02      7.88e-01        5.01
  10     -2018.036251556      1.40e-02      1.29e+00        5.08
  11     -2018.057281985     -2.10e-02      7.02e-01        5.57
  12     -2018.041844950      1.54e-02      1.67e+00        5.25
  13     -2018.059391774     -1.75e-02      4.73e-01        5.39
  14     -2018.060657216     -1.27e-03      2.48e-01        5.28
  15     -2018.060280465      3.77e-04      3.47e-01        5.31
  16     -2018.060784708     -5.04e-04      1.59e-01        5.33
  17     -2018.060906077     -1.21e-04      5.42e-02        5.33
  18     -2018.060961139     -5.51e-05      3.59e-02        5.10
  19     -2018.060981053     -1.99e-05      6.82e-05        4.83
  20     -2018.060981054     -9.62e-11      2.48e-05        4.54
  21     -2018.060981054     -5.87e-11      1.36e-05        4.64
  22     -2018.060981054     -7.50e-12      3.08e-06        4.33

 SCF converged in 22 iterations.

 Dipole moment (in Debye):               0.038090       0.393953       1.814245

 Quadrupole moment (in Debye-Angstrom):
                  1            2            3
 1      -164.993087     0.663883    -0.435126
 2         0.663883  -174.805519    -0.717805
 3        -0.435126    -0.717805  -181.119458

 Spin-squared expectation <S^2>:         0.000
 Total spin quantum number S:            0.000
 TOTAL ENERGY:                       -2018.060981054

 --------------------------------------------------------------------------------

 End time:                               Tue Oct 26 05:28:48 2021
 Total wall-clock time:                147.813 seconds
==================================================================================
