
================================================================================
          _____________ ________ _______________ ________     _________         
         / ___________// ______ \\_____   _____// ______ \   / ________)        
        / /_________  / /      \ \     | |     / /      \ \ | (_______          
       |  __________|| |        | |    | |    | |        | | \________ \        
        \ \_________ | |        | |    | |     \ \______/ /___________) |       
         \__________||_|        |_|    |_|      \________//____________/        
                                                                                
====================================[ Qcore ]===================================

 Git describe: 2.3.0-1-g21d9df7e5
 Compiler:     GNU 9.1.0
 Build type:   Release
 Version:      2.3.0-1-g21d9df7e5

 Start time:   Tue Oct 26 05:26:06 2021

 Data directory: /work/zw18965/.local/qcore/share/entos/qcore/data
 Number of threads: 24
 Number of threads was determined by: command line argument

 --------------------------------------------------------------------------------
                                   command: dft                                  
 --------------------------------------------------------------------------------
 AO basis set:                           def2-tzvppd
 Number of AO basis functions:         811
 ECP on atom 1 (Ir):                     60 electrons

 Formula:                                C7H18OP2ClIr
 Nuclear charge:                       192.000000000
 Total charge:                           0.000000000
 Number of core electrons:              60
 Number of treated electrons:          132

 Number of alpha electrons:             66
 Number of beta electrons:              66
 Number of unpaired electrons:           0
 Spin:                                   0
 Multiplicity:                           singlet

 Theory:                                 dft
 Exchange-correlation functional:        blyp
 Method for Coulomb:                     incore_df
 Integral threshold:                     1.00e-12
 DF basis set:                           def2-universal-jkfit
 Number of DF basis functions:        1537
 Schwarz screening threshold:            1.00e-10
 Coulomb fitting method:                 Cholesky
 Total number of grid points:       191878
 Method for AO orthogonalization:        symmetric
 Threshold for linear dependence:        1.00e-08
 D3BJ dispersion energy:                -0.090290199

 -------------------------------------
  Running restricted closed-shell SCF 
 -------------------------------------
 Max number of iterations:             128
 Conv. threshold (gradient):             1.00e-05
 Conv. threshold (energy):               1.00e-06
 Interpolation scheme:                   adiis+cdiis
 Initial guess:                          SAD

 ---------------------------------------------------------------
                  energy        change          grad        time
 ---------------------------------------------------------------
   0     -1601.380765095                    9.39e+01        0.74
   1     -1599.605920409      1.77e+00      3.16e+00        0.73
   2     -1596.097915238      3.51e+00      1.24e+01        0.72
   3     -1600.032844684     -3.93e+00      1.73e+00        0.75
   4     -1599.800434148      2.32e-01      4.09e+00        0.74
   5     -1600.247582299     -4.47e-01      2.24e+00        0.77
   6     -1600.167513841      8.01e-02      3.61e+00        0.83
   7     -1600.270326965     -1.03e-01      1.93e+00        0.87
   8     -1600.352464579     -8.21e-02      5.20e-01        0.89
   9     -1600.320681083      3.18e-02      1.36e+00        0.94
  10     -1600.355836162     -3.52e-02      3.35e-01        0.98
  11     -1600.358553635     -2.72e-03      7.53e-02        0.98
  12     -1600.357907389      6.46e-04      1.93e-01        1.02
  13     -1600.358730369     -8.23e-04      1.10e-03        0.85
  14     -1600.358730413     -4.37e-08      7.08e-04        0.78
  15     -1600.358730424     -1.12e-08      2.26e-04        0.79
  16     -1600.358730426     -1.39e-09      3.99e-05        0.76
  17     -1600.358730426     -5.64e-11      1.23e-05        0.78
  18     -1600.358730426     -7.73e-12      1.88e-06        0.72

 SCF converged in 18 iterations.

 Dipole moment (in Debye):               0.000406       0.721673       0.010367

 Quadrupole moment (in Debye-Angstrom):
                  1            2            3
 1       -92.093722    -0.008394    -0.000927
 2        -0.008394  -130.643934    -0.001970
 3        -0.000927    -0.001970  -114.453485

 Spin-squared expectation <S^2>:         0.000
 Total spin quantum number S:            0.000
 TOTAL ENERGY:                       -1600.358730426

 --------------------------------------------------------------------------------

 End time:                               Tue Oct 26 05:26:46 2021
 Total wall-clock time:                 40.368 seconds
==================================================================================
