
================================================================================
          _____________ ________ _______________ ________     _________         
         / ___________// ______ \\_____   _____// ______ \   / ________)        
        / /_________  / /      \ \     | |     / /      \ \ | (_______          
       |  __________|| |        | |    | |    | |        | | \________ \        
        \ \_________ | |        | |    | |     \ \______/ /___________) |       
         \__________||_|        |_|    |_|      \________//____________/        
                                                                                
====================================[ Qcore ]===================================

 Git describe: 2.3.0-1-g21d9df7e5
 Compiler:     GNU 9.1.0
 Build type:   Release
 Version:      2.3.0-1-g21d9df7e5

 Start time:   Tue Oct 26 05:27:21 2021

 Data directory: /work/zw18965/.local/qcore/share/entos/qcore/data
 Number of threads: 24
 Number of threads was determined by: command line argument

 --------------------------------------------------------------------------------
                                   command: dft                                  
 --------------------------------------------------------------------------------
 AO basis set:                           def2-tzvppd
 Number of AO basis functions:         611
 ECP on atom 1 (Mo):                     28 electrons

 Formula:                                C9H6O3Mo
 Nuclear charge:                       126.000000000
 Total charge:                           0.000000000
 Number of core electrons:              28
 Number of treated electrons:           98

 Number of alpha electrons:             49
 Number of beta electrons:              49
 Number of unpaired electrons:           0
 Spin:                                   0
 Multiplicity:                           singlet

 Theory:                                 dft
 Exchange-correlation functional:        blyp
 Method for Coulomb:                     incore_df
 Integral threshold:                     1.00e-12
 DF basis set:                           def2-universal-jkfit
 Number of DF basis functions:        1269
 Schwarz screening threshold:            1.00e-10
 Coulomb fitting method:                 Cholesky
 Total number of grid points:       125642
 Method for AO orthogonalization:        symmetric
 Threshold for linear dependence:        1.00e-08
 D3BJ dispersion energy:                -0.057812519

 -------------------------------------
  Running restricted closed-shell SCF 
 -------------------------------------
 Max number of iterations:             128
 Conv. threshold (gradient):             1.00e-05
 Conv. threshold (energy):               1.00e-06
 Interpolation scheme:                   adiis+cdiis
 Initial guess:                          SAD

 ---------------------------------------------------------------
                  energy        change          grad        time
 ---------------------------------------------------------------
   0      -642.737081420                    3.50e+01        0.52
   1      -646.292615640     -3.56e+00      6.37e+00        0.45
   2      -625.942791784      2.03e+01      3.20e+01        0.50
   3      -643.959019568     -1.80e+01      1.62e+01        0.56
   4      -647.064886725     -3.11e+00      2.44e+00        0.44
   5      -646.622529241      4.42e-01      4.78e+00        0.50
   6      -647.175554372     -5.53e-01      2.03e+00        0.56
   7      -647.153648394      2.19e-02      3.08e+00        0.56
   8      -647.268101582     -1.14e-01      8.38e-01        0.52
   9      -647.204676642      6.34e-02      1.69e+00        0.56
  10      -647.273983901     -6.93e-02      7.77e-01        0.55
  11      -647.266181446      7.80e-03      9.62e-01        0.59
  12      -647.268531530     -2.35e-03      7.56e-01        0.57
  13      -647.291414613     -2.29e-02      4.64e-01        0.57
  14      -647.264161852      2.73e-02      8.76e-01        0.61
  15      -647.280917795     -1.68e-02      5.49e-01        0.57
  16      -647.269449525      1.15e-02      7.61e-01        0.59
  17      -647.280632126     -1.12e-02      5.68e-01        0.62
  18      -647.285409492     -4.78e-03      5.16e-01        0.62
  19      -647.290503320     -5.09e-03      4.25e-01        0.61
  20      -647.272947899      1.76e-02      5.91e-01        0.57
  21      -647.285869460     -1.29e-02      4.81e-01        0.59
  22      -647.284737557      1.13e-03      4.58e-01        0.60
  23      -647.287800588     -3.06e-03      4.56e-01        0.71
  24      -647.293760385     -5.96e-03      3.49e-01        0.59
  25      -647.287091532      6.67e-03      4.00e-01        0.55
  26      -647.276353937      1.07e-02      6.07e-01        0.56
  27      -647.284490832     -8.14e-03      5.26e-01        0.59
  28      -647.278005745      6.49e-03      5.56e-01        0.56
  29      -647.270753355      7.25e-03      6.96e-01        0.56
  30      -647.294225716     -2.35e-02      3.37e-01        0.61
  31      -647.285359706      8.87e-03      3.85e-01        0.57
  32      -647.280058918      5.30e-03      5.61e-01        0.65
  33      -647.293923689     -1.39e-02      3.92e-01        0.58
  34      -647.285422317      8.50e-03      3.90e-01        0.54
  35      -647.280994213      4.43e-03      5.43e-01        0.58
  36      -647.288280360     -7.29e-03      4.11e-01        0.53
  37      -647.289425214     -1.14e-03      4.31e-01        0.59
  38      -647.281301296      8.12e-03      5.99e-01        0.60
  39      -647.275084149      6.22e-03      6.04e-01        0.59
  40      -647.282001567     -6.92e-03      5.26e-01        0.64
  41      -647.290813317     -8.81e-03      3.57e-01        0.63
  42      -647.292399580     -1.59e-03      3.47e-01        0.62
  43      -647.271963695      2.04e-02      6.32e-01        0.59
  44      -647.282015637     -1.01e-02      5.20e-01        0.65
  45      -647.285997108     -3.98e-03      4.80e-01        0.60
  46      -647.286542450     -5.45e-04      4.26e-01        0.56
  47      -647.285369175      1.17e-03      4.12e-01        0.59
  48      -647.284599201      7.70e-04      4.55e-01        0.57
  49      -647.273569307      1.10e-02      6.04e-01        0.57
  50      -647.290340940     -1.68e-02      4.20e-01        0.63
  51      -647.292556309     -2.22e-03      3.56e-01        0.66
  52      -647.282838734      9.72e-03      5.99e-01        0.58
  53      -647.280806639      2.03e-03      6.67e-01        0.55
  54      -647.287007661     -6.20e-03      4.36e-01        0.59
  55      -647.291461180     -4.45e-03      5.28e-01        0.62
  56      -647.287504151      3.96e-03      3.95e-01        0.63
  57      -647.276998828      1.05e-02      6.24e-01        0.55
  58      -647.292672377     -1.57e-02      4.00e-01        0.60
  59      -647.280818259      1.19e-02      4.78e-01        0.62
  60      -647.272811984      8.01e-03      6.23e-01        0.57
  61      -647.289066837     -1.63e-02      3.94e-01        0.60
  62      -647.284271618      4.80e-03      5.36e-01        0.60
  63      -647.290197653     -5.93e-03      3.85e-01        0.62
  64      -647.274002736      1.62e-02      5.20e-01        0.60
  65      -647.288276057     -1.43e-02      4.26e-01        0.69
  66      -647.285974347      2.30e-03      3.92e-01        0.59
  67      -647.282887244      3.09e-03      4.53e-01        0.58
  68      -647.278855023      4.03e-03      6.22e-01        0.58
  69      -647.293627530     -1.48e-02      4.35e-01        0.60
  70      -647.290762821      2.86e-03      3.71e-01        0.60
  71      -647.278955397      1.18e-02      5.65e-01        0.65
  72      -647.277761206      1.19e-03      4.82e-01        0.58
  73      -647.286858348     -9.10e-03      4.86e-01        0.64
  74      -647.286189932      6.68e-04      3.82e-01        0.58
  75      -647.279501953      6.69e-03      5.90e-01        0.57
  76      -647.290475809     -1.10e-02      3.69e-01        0.60
  77      -647.278499693      1.20e-02      5.27e-01        0.60
  78      -647.294924509     -1.64e-02      3.51e-01        0.56
  79      -647.287907123      7.02e-03      3.81e-01        0.62
  80      -647.284676878      3.23e-03      4.50e-01        0.57
  81      -647.286730495     -2.05e-03      4.58e-01        0.63
  82      -647.289145658     -2.42e-03      4.14e-01        0.63
  83      -647.276390805      1.28e-02      4.84e-01        0.59
  84      -647.287329624     -1.09e-02      4.52e-01        0.59
  85      -647.288117346     -7.88e-04      4.14e-01        0.57
  86      -647.288679267     -5.62e-04      4.72e-01        0.61
  87      -647.290377043     -1.70e-03      3.78e-01        0.59
  88      -647.273155546      1.72e-02      6.12e-01        0.58
  89      -647.274049498     -8.94e-04      6.57e-01        0.67
  90      -647.282192100     -8.14e-03      4.46e-01        0.62
  91      -647.273253185      8.94e-03      6.34e-01        0.61
  92      -647.283418446     -1.02e-02      5.06e-01        0.66
  93      -647.285656916     -2.24e-03      3.79e-01        0.59
  94      -647.289072210     -3.42e-03      4.57e-01        0.58
  95      -647.292912840     -3.84e-03      3.71e-01        0.66
  96      -647.283781733      9.13e-03      5.51e-01        0.64
  97      -647.288112412     -4.33e-03      4.50e-01        0.58
  98      -647.288408795     -2.96e-04      5.33e-01        0.59
  99      -647.293351153     -4.94e-03      3.59e-01        0.59
 100      -647.287286368      6.06e-03      3.85e-01        0.56
 101      -647.276117828      1.12e-02      4.95e-01        0.62
 102      -647.282765587     -6.65e-03      5.31e-01        0.54
 103      -647.283577909     -8.12e-04      5.23e-01        0.60
 104      -647.287614985     -4.04e-03      4.74e-01        0.56
 105      -647.277205247      1.04e-02      4.73e-01        0.58
 106      -647.294258583     -1.71e-02      3.33e-01        0.57
 107      -647.287671323      6.59e-03      4.07e-01        0.60
 108      -647.272387486      1.53e-02      6.21e-01        0.62
 109      -647.289493557     -1.71e-02      4.55e-01        0.58
 110      -647.294858280     -5.36e-03      3.23e-01        0.58
 111      -647.289909607      4.95e-03      3.90e-01        0.59
 112      -647.286641832      3.27e-03      4.89e-01        0.64
 113      -647.284023574      2.62e-03      5.13e-01        0.62
 114      -647.272728802      1.13e-02      6.20e-01        0.57
 115      -647.291224108     -1.85e-02      4.00e-01        0.62
 116      -647.278754501      1.25e-02      5.81e-01        0.55
 117      -647.282327943     -3.57e-03      5.21e-01        0.61
 118      -647.281825790      5.02e-04      5.65e-01        0.58
 119      -647.283642436     -1.82e-03      5.15e-01        0.59
 120      -647.287067798     -3.43e-03      4.26e-01        0.66
 121      -647.292074359     -5.01e-03      4.03e-01        0.66
 122      -647.291180180      8.94e-04      4.16e-01        0.58
 123      -647.277349077      1.38e-02      5.48e-01        0.59
 124      -647.281347580     -4.00e-03      4.73e-01        0.61
 125      -647.283416002     -2.07e-03      5.06e-01        0.63
 126      -647.290469177     -7.05e-03      3.65e-01        0.63
 127      -647.279167635      1.13e-02      4.91e-01        0.58

Error: SCF not converged after 127 cycles
