
================================================================================
          _____________ ________ _______________ ________     _________         
         / ___________// ______ \\_____   _____// ______ \   / ________)        
        / /_________  / /      \ \     | |     / /      \ \ | (_______          
       |  __________|| |        | |    | |    | |        | | \________ \        
        \ \_________ | |        | |    | |     \ \______/ /___________) |       
         \__________||_|        |_|    |_|      \________//____________/        
                                                                                
====================================[ Qcore ]===================================

 Git describe: 2.3.0-1-g21d9df7e5
 Compiler:     GNU 9.1.0
 Build type:   Release
 Version:      2.3.0-1-g21d9df7e5

 Start time:   Tue Oct 26 05:26:08 2021

 Data directory: /work/zw18965/.local/qcore/share/entos/qcore/data
 Number of threads: 24
 Number of threads was determined by: command line argument

 --------------------------------------------------------------------------------
                                   command: dft                                  
 --------------------------------------------------------------------------------
 AO basis set:                           def2-tzvppd
 Number of AO basis functions:        1794
 ECP on atom 1 (Ru):                     28 electrons

 Formula:                                C25H39PCl2Ru
 Nuclear charge:                       282.000000000
 Total charge:                           0.000000000
 Number of core electrons:              28
 Number of treated electrons:          254

 Number of alpha electrons:            127
 Number of beta electrons:             127
 Number of unpaired electrons:           0
 Spin:                                   0
 Multiplicity:                           singlet

 Theory:                                 dft
 Exchange-correlation functional:        blyp
 Method for Coulomb:                     incore_df
 Integral threshold:                     1.00e-12
 DF basis set:                           def2-universal-jkfit
 Number of DF basis functions:        3216
 Schwarz screening threshold:            1.00e-10
 Coulomb fitting method:                 Cholesky
 Total number of grid points:       430462
 Method for AO orthogonalization:        symmetric
 Threshold for linear dependence:        1.00e-08
 D3BJ dispersion energy:                -0.230781760

 -------------------------------------
  Running restricted closed-shell SCF 
 -------------------------------------
 Max number of iterations:             128
 Conv. threshold (gradient):             1.00e-05
 Conv. threshold (energy):               1.00e-06
 Interpolation scheme:                   adiis+cdiis
 Initial guess:                          SAD

 ---------------------------------------------------------------
                  energy        change          grad        time
 ---------------------------------------------------------------
   0     -2337.465261036                    3.81e+01        7.34
   1     -2331.515550574      5.95e+00      5.77e+00        7.29
   2     -2320.313546476      1.12e+01      2.18e+01        7.39
   3     -2331.909284907     -1.16e+01      4.42e+00        7.41
   4     -2332.659682669     -7.50e-01      3.44e+00        7.13
   5     -2325.200019754      7.46e+00      2.08e+01        7.33
   6     -2332.698107691     -7.50e+00      2.74e+00        7.62
   7     -2332.674002217      2.41e-02      6.11e+00        8.11
   8     -2332.913296789     -2.39e-01      3.02e+00        7.96
   9     -2332.903693223      9.60e-03      2.76e+00        8.62
  10     -2332.951536802     -4.78e-02      1.35e+00        9.12
  11     -2332.978918055     -2.74e-02      3.21e-01        9.29
  12     -2332.966155615      1.28e-02      1.24e+00        9.50
  13     -2332.979379336     -1.32e-02      4.74e-01        9.23
  14     -2332.977998011      1.38e-03      8.37e-01        9.59
  15     -2332.982861003     -4.86e-03      5.48e-02        9.23
  16     -2332.982088586      7.72e-04      1.81e-01        9.43
  17     -2332.982968962     -8.80e-04      6.12e-04        8.90
  18     -2332.982968978     -1.60e-08      2.99e-04        7.88
  19     -2332.982968981     -3.45e-09      1.12e-04        8.32
  20     -2332.982968982     -5.20e-10      4.10e-05        8.61
  21     -2332.982968982     -1.02e-10      1.37e-05        8.26
  22     -2332.982968982      3.00e-11      3.10e-06        8.02

 SCF converged in 22 iterations.

 Dipole moment (in Debye):              -2.591232       3.183406       2.875172

 Quadrupole moment (in Debye-Angstrom):
                  1            2            3
 1      -202.201240     3.431491     2.349487
 2         3.431491  -220.551161     3.736881
 3         2.349487     3.736881  -227.190350

 Spin-squared expectation <S^2>:         0.000
 Total spin quantum number S:            0.000
 TOTAL ENERGY:                       -2332.982968982

 --------------------------------------------------------------------------------

 End time:                               Tue Oct 26 05:30:28 2021
 Total wall-clock time:                259.334 seconds
==================================================================================
