
================================================================================
          _____________ ________ _______________ ________     _________         
         / ___________// ______ \\_____   _____// ______ \   / ________)        
        / /_________  / /      \ \     | |     / /      \ \ | (_______          
       |  __________|| |        | |    | |    | |        | | \________ \        
        \ \_________ | |        | |    | |     \ \______/ /___________) |       
         \__________||_|        |_|    |_|      \________//____________/        
                                                                                
====================================[ Qcore ]===================================

 Git describe: 2.3.0-1-g21d9df7e5
 Compiler:     GNU 9.1.0
 Build type:   Release
 Version:      2.3.0-1-g21d9df7e5

 Start time:   Tue Oct 26 05:29:10 2021

 Data directory: /work/zw18965/.local/qcore/share/entos/qcore/data
 Number of threads: 24
 Number of threads was determined by: command line argument

 --------------------------------------------------------------------------------
                                   command: dft                                  
 --------------------------------------------------------------------------------
 AO basis set:                           def2-tzvppd
 Number of AO basis functions:        2079
 ECP on atom 1 (Rh):                     28 electrons

 Formula:                                C36H32P2ClRh
 Nuclear charge:                       340.000000000
 Total charge:                           0.000000000
 Number of core electrons:              28
 Number of treated electrons:          312

 Number of alpha electrons:            156
 Number of beta electrons:             156
 Number of unpaired electrons:           0
 Spin:                                   0
 Multiplicity:                           singlet

 Theory:                                 dft
 Exchange-correlation functional:        blyp
 Method for Coulomb:                     incore_df
 Integral threshold:                     1.00e-12
 DF basis set:                           def2-universal-jkfit
 Number of DF basis functions:        3915
 Schwarz screening threshold:            1.00e-10
 Coulomb fitting method:                 Cholesky
 Total number of grid points:       463888
 Method for AO orthogonalization:        symmetric
 Threshold for linear dependence:        1.00e-08
 D3BJ dispersion energy:                -0.269707995

 -------------------------------------
  Running restricted closed-shell SCF 
 -------------------------------------
 Max number of iterations:             128
 Conv. threshold (gradient):             1.00e-05
 Conv. threshold (energy):               1.00e-06
 Interpolation scheme:                   adiis+cdiis
 Initial guess:                          SAD

 ---------------------------------------------------------------
                  energy        change          grad        time
 ---------------------------------------------------------------
   0     -2652.204315503                    3.38e+01       11.79
   1     -2643.519066098      8.69e+00      4.18e+00        8.88
   2     -2637.481026097      6.04e+00      3.04e+01        9.87
   3     -2644.202162596     -6.72e+00      3.84e+00        8.87
   4     -2643.475027074      7.27e-01      1.53e+01       10.42
   5     -2644.708337034     -1.23e+00      3.59e+00       10.56
   6     -2644.467641739      2.41e-01      7.33e+00        9.04
   7     -2644.816913071     -3.49e-01      4.33e-01       10.39
   8     -2644.728267986      8.86e-02      2.00e+00        9.65
   9     -2644.829738815     -1.01e-01      1.02e+00       10.19
  10     -2644.812232184      1.75e-02      2.40e+00       10.40
  11     -2644.842282840     -3.01e-02      1.48e-01       12.96
  12     -2644.839401942      2.88e-03      2.32e-01       10.82
  13     -2644.841843129     -2.44e-03      5.12e-01       11.26
  14     -2644.842900485     -1.06e-03      2.72e-01       11.36
  15     -2644.843373272     -4.73e-04      1.41e-01       11.94
  16     -2644.843416452     -4.32e-05      1.22e-01       11.58
  17     -2644.843382862      3.36e-05      4.32e-02       11.44
  18     -2644.843514795     -1.32e-04      1.84e-02       11.72
  19     -2644.843517406     -2.61e-06      7.20e-05       10.09
  20     -2644.843517406     -3.51e-10      6.75e-05        9.17
  21     -2644.843517406     -1.84e-10      2.27e-05        8.90
  22     -2644.843517406     -2.05e-11      9.28e-06        9.38

 SCF converged in 22 iterations.

 Dipole moment (in Debye):               0.000582       2.982391       0.087686

 Quadrupole moment (in Debye-Angstrom):
                  1            2            3
 1      -243.481555    -0.071502    -0.210228
 2        -0.071502  -264.600818    -0.341368
 3        -0.210228    -0.341368  -257.203079

 Spin-squared expectation <S^2>:         0.000
 Total spin quantum number S:            0.000
 TOTAL ENERGY:                       -2644.843517406

 --------------------------------------------------------------------------------

 End time:                               Tue Oct 26 05:36:13 2021
 Total wall-clock time:                422.703 seconds
==================================================================================
