
================================================================================
          _____________ ________ _______________ ________     _________         
         / ___________// ______ \\_____   _____// ______ \   / ________)        
        / /_________  / /      \ \     | |     / /      \ \ | (_______          
       |  __________|| |        | |    | |    | |        | | \________ \        
        \ \_________ | |        | |    | |     \ \______/ /___________) |       
         \__________||_|        |_|    |_|      \________//____________/        
                                                                                
====================================[ Qcore ]===================================

 Git describe: 2.3.0-1-g21d9df7e5
 Compiler:     GNU 9.1.0
 Build type:   Release
 Version:      2.3.0-1-g21d9df7e5

 Start time:   Tue Oct 26 05:27:33 2021

 Data directory: /work/zw18965/.local/qcore/share/entos/qcore/data
 Number of threads: 24
 Number of threads was determined by: command line argument
  - More threads can be used by running 'qcore -n 32'

 --------------------------------------------------------------------------------
                                   command: dft                                  
 --------------------------------------------------------------------------------
 AO basis set:                           def2-tzvppd
 Number of AO basis functions:         381

 Formula:                                C6H6Se
 Nuclear charge:                        76.000000000
 Total charge:                           0.000000000
 Number of electrons:                   76.000000000

 Number of alpha electrons:             38
 Number of beta electrons:              38
 Number of unpaired electrons:           0
 Spin:                                   0
 Multiplicity:                           singlet

 Theory:                                 dft
 Exchange-correlation functional:        blyp
 Method for Coulomb:                     incore_df
 Integral threshold:                     1.00e-12
 DF basis set:                           def2-universal-jkfit
 Number of DF basis functions:         824
 Schwarz screening threshold:            1.00e-10
 Coulomb fitting method:                 Cholesky
 Total number of grid points:        84112
 Method for AO orthogonalization:        symmetric
 Threshold for linear dependence:        1.00e-08
 D3BJ dispersion energy:                -0.031252033

 -------------------------------------
  Running restricted closed-shell SCF 
 -------------------------------------
 Max number of iterations:             128
 Conv. threshold (gradient):             1.00e-05
 Conv. threshold (energy):               1.00e-06
 Interpolation scheme:                   adiis+cdiis
 Initial guess:                          SAD

 ---------------------------------------------------------------
                  energy        change          grad        time
 ---------------------------------------------------------------
   0     -2635.027458990                    1.57e+01        0.15
   1     -2633.564564562      1.46e+00      1.52e+00        0.14
   2     -2631.055326198      2.51e+00      4.69e+00        0.14
   3     -2633.615531575     -2.56e+00      1.49e+00        0.15
   4     -2633.837067878     -2.22e-01      4.66e-01        0.14
   5     -2633.789721156      4.73e-02      1.21e+00        0.14
   6     -2633.843393467     -5.37e-02      2.99e-01        0.15
   7     -2633.847016180     -3.62e-03      1.14e-01        0.15
   8     -2633.846838764      1.77e-04      1.45e-01        0.16
   9     -2633.847411864     -5.73e-04      5.27e-02        0.17
  10     -2633.847171164      2.41e-04      7.28e-02        0.20
  11     -2633.847563972     -3.93e-04      4.26e-04        0.18
  12     -2633.847563978     -6.09e-09      2.38e-04        0.15
  13     -2633.847563981     -3.00e-09      2.40e-05        0.15
  14     -2633.847563981     -4.96e-11      1.08e-05        0.15
  15     -2633.847563981     -6.82e-12      4.26e-06        0.15

 SCF converged in 15 iterations.

 Dipole moment (in Debye):               0.741231       0.451166       0.000003

 Quadrupole moment (in Debye-Angstrom):
                  1            2            3
 1       -51.532161    -1.419765    -0.000019
 2        -1.419765   -48.921629    -0.000006
 3        -0.000019    -0.000006   -59.516692

 Spin-squared expectation <S^2>:         0.000
 Total spin quantum number S:            0.000
 TOTAL ENERGY:                       -2633.847563981

 --------------------------------------------------------------------------------

 End time:                               Tue Oct 26 05:27:45 2021
 Total wall-clock time:                 11.953 seconds
==================================================================================
