
================================================================================
          _____________ ________ _______________ ________     _________         
         / ___________// ______ \\_____   _____// ______ \   / ________)        
        / /_________  / /      \ \     | |     / /      \ \ | (_______          
       |  __________|| |        | |    | |    | |        | | \________ \        
        \ \_________ | |        | |    | |     \ \______/ /___________) |       
         \__________||_|        |_|    |_|      \________//____________/        
                                                                                
====================================[ Qcore ]===================================

 Git describe: 2.3.0-1-g21d9df7e5
 Compiler:     GNU 9.1.0
 Build type:   Release
 Version:      2.3.0-1-g21d9df7e5

 Start time:   Tue Oct 26 05:28:51 2021

 Data directory: /work/zw18965/.local/qcore/share/entos/qcore/data
 Number of threads: 24
 Number of threads was determined by: command line argument

 --------------------------------------------------------------------------------
                                   command: dft                                  
 --------------------------------------------------------------------------------
 AO basis set:                           def2-tzvppd
 Number of AO basis functions:         529

 Formula:                                C6O6Cr
 Nuclear charge:                       108.000000000
 Total charge:                           0.000000000
 Number of electrons:                  108.000000000

 Number of alpha electrons:             54
 Number of beta electrons:              54
 Number of unpaired electrons:           0
 Spin:                                   0
 Multiplicity:                           singlet

 Theory:                                 dft
 Exchange-correlation functional:        blyp
 Method for Coulomb:                     incore_df
 Integral threshold:                     1.00e-12
 DF basis set:                           def2-universal-jkfit
 Number of DF basis functions:        1176
 Schwarz screening threshold:            1.00e-10
 Coulomb fitting method:                 Cholesky
 Total number of grid points:        90292
 Method for AO orthogonalization:        symmetric
 Threshold for linear dependence:        1.00e-08
 D3BJ dispersion energy:                -0.043526984

 -------------------------------------
  Running restricted closed-shell SCF 
 -------------------------------------
 Max number of iterations:             128
 Conv. threshold (gradient):             1.00e-05
 Conv. threshold (energy):               1.00e-06
 Interpolation scheme:                   adiis+cdiis
 Initial guess:                          SAD

 ---------------------------------------------------------------
                  energy        change          grad        time
 ---------------------------------------------------------------
   0     -1726.713177223                    3.48e+01        0.36
   1     -1723.786826639      2.93e+00      1.03e+01        0.27
   2     -1689.021465229      3.48e+01      3.49e+01        0.26
   3     -1717.310187105     -2.83e+01      3.00e+01        0.27
   4     -1723.789223220     -6.48e+00      8.36e+00        0.30
   5     -1723.279062012      5.10e-01      1.57e+01        0.27
   6     -1724.895897895     -1.62e+00      7.94e-01        0.27
   7     -1724.694723694      2.01e-01      4.97e+00        0.30
   8     -1724.874888463     -1.80e-01      8.61e-01        0.34
   9     -1724.820197182      5.47e-02      3.78e+00        0.35
  10     -1724.910794006     -9.06e-02      2.55e-01        0.37
  11     -1724.878592902      3.22e-02      2.36e+00        0.40
  12     -1724.907474177     -2.89e-02      8.09e-01        0.40
  13     -1724.911348029     -3.87e-03      1.02e-01        0.36
  14     -1724.910230410      1.12e-03      4.47e-01        0.35
  15     -1724.911473704     -1.24e-03      2.68e-02        0.38
  16     -1724.911131817      3.42e-04      2.42e-01        0.33
  17     -1724.911506649     -3.75e-04      1.27e-04        0.31
  18     -1724.911506649     -1.75e-11      4.60e-05        0.28
  19     -1724.911506649     -1.15e-10      2.83e-06        0.27

 SCF converged in 19 iterations.

 Dipole moment (in Debye):              -0.000073       0.000017      -0.000071

 Quadrupole moment (in Debye-Angstrom):
                  1            2            3
 1       -84.575532    -0.000135     0.000632
 2        -0.000135   -84.574843     0.000095
 3         0.000632     0.000095   -84.574973

 Spin-squared expectation <S^2>:         0.000
 Total spin quantum number S:            0.000
 TOTAL ENERGY:                       -1724.911506649

 --------------------------------------------------------------------------------

 End time:                               Tue Oct 26 05:29:07 2021
 Total wall-clock time:                 16.055 seconds
==================================================================================
