
================================================================================
          _____________ ________ _______________ ________     _________         
         / ___________// ______ \\_____   _____// ______ \   / ________)        
        / /_________  / /      \ \     | |     / /      \ \ | (_______          
       |  __________|| |        | |    | |    | |        | | \________ \        
        \ \_________ | |        | |    | |     \ \______/ /___________) |       
         \__________||_|        |_|    |_|      \________//____________/        
                                                                                
====================================[ Qcore ]===================================

 Git describe: 2.3.0-1-g21d9df7e5
 Compiler:     GNU 9.1.0
 Build type:   Release
 Version:      2.3.0-1-g21d9df7e5

 Start time:   Tue Oct 26 05:28:45 2021

 Data directory: /work/zw18965/.local/qcore/share/entos/qcore/data
 Number of threads: 24
 Number of threads was determined by: command line argument

 --------------------------------------------------------------------------------
                                   command: dft                                  
 --------------------------------------------------------------------------------
 AO basis set:                           def2-tzvppd
 Number of AO basis functions:         312

 Formula:                                C3H9P
 Nuclear charge:                        42.000000000
 Total charge:                           0.000000000
 Number of electrons:                   42.000000000

 Number of alpha electrons:             21
 Number of beta electrons:              21
 Number of unpaired electrons:           0
 Spin:                                   0
 Multiplicity:                           singlet

 Theory:                                 dft
 Exchange-correlation functional:        blyp
 Method for Coulomb:                     incore_df
 Integral threshold:                     1.00e-12
 DF basis set:                           def2-universal-jkfit
 Number of DF basis functions:         515
 Schwarz screening threshold:            1.00e-10
 Coulomb fitting method:                 Cholesky
 Total number of grid points:        80760
 Method for AO orthogonalization:        symmetric
 Threshold for linear dependence:        1.00e-08
 D3BJ dispersion energy:                -0.021713760

 -------------------------------------
  Running restricted closed-shell SCF 
 -------------------------------------
 Max number of iterations:             128
 Conv. threshold (gradient):             1.00e-05
 Conv. threshold (energy):               1.00e-06
 Interpolation scheme:                   adiis+cdiis
 Initial guess:                          SAD

 ---------------------------------------------------------------
                  energy        change          grad        time
 ---------------------------------------------------------------
   0      -461.273616476                    1.77e+01        0.10
   1      -460.788728842      4.85e-01      2.36e+00        0.12
   2      -460.237413620      5.51e-01      3.30e+00        0.11
   3      -461.059675290     -8.22e-01      7.87e-01        0.13
   4      -461.056121205      3.55e-03      8.41e-01        0.11
   5      -461.092849953     -3.67e-02      5.77e-02        0.11
   6      -461.092790633      5.93e-05      6.30e-02        0.12
   7      -461.093014115     -2.23e-04      1.45e-03        0.12
   8      -461.093014293     -1.79e-07      2.03e-04        0.12
   9      -461.093014295     -1.83e-09      7.16e-05        0.11
  10      -461.093014295     -2.83e-10      1.48e-05        0.11
  11      -461.093014295     -6.82e-12      5.90e-06        0.15

 SCF converged in 11 iterations.

 Dipole moment (in Debye):              -0.000446       0.000353       1.140641

 Quadrupole moment (in Debye-Angstrom):
                  1            2            3
 1       -34.460212    -0.000305    -0.000055
 2        -0.000305   -34.459871    -0.000312
 3        -0.000055    -0.000312   -38.740920

 Spin-squared expectation <S^2>:         0.000
 Total spin quantum number S:            0.000
 TOTAL ENERGY:                        -461.093014295

 --------------------------------------------------------------------------------

 End time:                               Tue Oct 26 05:28:48 2021
 Total wall-clock time:                  2.477 seconds
==================================================================================
