
================================================================================
          _____________ ________ _______________ ________     _________         
         / ___________// ______ \\_____   _____// ______ \   / ________)        
        / /_________  / /      \ \     | |     / /      \ \ | (_______          
       |  __________|| |        | |    | |    | |        | | \________ \        
        \ \_________ | |        | |    | |     \ \______/ /___________) |       
         \__________||_|        |_|    |_|      \________//____________/        
                                                                                
====================================[ Qcore ]===================================

 Git describe: 2.3.0-1-g21d9df7e5
 Compiler:     GNU 9.1.0
 Build type:   Release
 Version:      2.3.0-1-g21d9df7e5

 Start time:   Tue Oct 26 05:27:13 2021

 Data directory: /work/zw18965/.local/qcore/share/entos/qcore/data
 Number of threads: 24
 Number of threads was determined by: command line argument
  - More threads can be used by running 'qcore -n 32'

 --------------------------------------------------------------------------------
                                   command: dft                                  
 --------------------------------------------------------------------------------
 AO basis set:                           def2-tzvppd
 Number of AO basis functions:         118
 ECP on atom 1 (I):                      28 electrons
 ECP on atom 2 (I):                      28 electrons

 Formula:                                I2
 Nuclear charge:                       106.000000000
 Total charge:                           0.000000000
 Number of core electrons:              56
 Number of treated electrons:           50

 Number of alpha electrons:             25
 Number of beta electrons:              25
 Number of unpaired electrons:           0
 Spin:                                   0
 Multiplicity:                           singlet

 Theory:                                 dft
 Exchange-correlation functional:        blyp
 Method for Coulomb:                     incore_df
 Integral threshold:                     1.00e-12
 DF basis set:                           def2-universal-jkfit
 Number of DF basis functions:         436
 Schwarz screening threshold:            1.00e-10
 Coulomb fitting method:                 Cholesky
 Total number of grid points:        17740
 Method for AO orthogonalization:        symmetric
 Threshold for linear dependence:        1.00e-08
 D3BJ dispersion energy:                -0.004678071

 -------------------------------------
  Running restricted closed-shell SCF 
 -------------------------------------
 Max number of iterations:             128
 Conv. threshold (gradient):             1.00e-05
 Conv. threshold (energy):               1.00e-06
 Interpolation scheme:                   adiis+cdiis
 Initial guess:                          SAD

 ---------------------------------------------------------------
                  energy        change          grad        time
 ---------------------------------------------------------------
   0      -595.440473241                    2.08e+00        0.01
   1      -595.331053839      1.09e-01      1.09e-01        0.01
   2      -595.333593623     -2.54e-03      5.02e-02        0.01
   3      -595.333493634      1.00e-04      5.06e-02        0.01
   4      -595.334057857     -5.64e-04      5.04e-04        0.01
   5      -595.334057895     -3.72e-08      2.45e-04        0.01
   6      -595.334057909     -1.44e-08      5.06e-05        0.01
   7      -595.334057909      7.98e-11      5.09e-05        0.01
   8      -595.334057909     -4.81e-10      4.16e-06        0.01

 SCF converged in 8 iterations.

 Dipole moment (in Debye):               0.000003       0.000003       0.000000

 Quadrupole moment (in Debye-Angstrom):
                  1            2            3
 1       -54.977741     0.000000    -0.000000
 2         0.000000   -54.977741    -0.000000
 3        -0.000000    -0.000000   -48.177735

 Spin-squared expectation <S^2>:         0.000
 Total spin quantum number S:            0.000
 TOTAL ENERGY:                        -595.334057909

 --------------------------------------------------------------------------------

 End time:                               Tue Oct 26 05:27:16 2021
 Total wall-clock time:                  3.525 seconds
==================================================================================
