
================================================================================
          _____________ ________ _______________ ________     _________         
         / ___________// ______ \\_____   _____// ______ \   / ________)        
        / /_________  / /      \ \     | |     / /      \ \ | (_______          
       |  __________|| |        | |    | |    | |        | | \________ \        
        \ \_________ | |        | |    | |     \ \______/ /___________) |       
         \__________||_|        |_|    |_|      \________//____________/        
                                                                                
====================================[ Qcore ]===================================

 Git describe: 2.3.0-1-g21d9df7e5
 Compiler:     GNU 9.1.0
 Build type:   Release
 Version:      2.3.0-1-g21d9df7e5

 Start time:   Tue Oct 26 05:27:49 2021

 Data directory: /work/zw18965/.local/qcore/share/entos/qcore/data
 Number of threads: 24
 Number of threads was determined by: command line argument
  - More threads can be used by running 'qcore -n 32'

 --------------------------------------------------------------------------------
                                   command: dft                                  
 --------------------------------------------------------------------------------
 AO basis set:                           def2-tzvppd
 Number of AO basis functions:        1800
 ECP on atom 1 (W):                      60 electrons

 Formula:                                C21H44O3P2W
 Nuclear charge:                       298.000000000
 Total charge:                           0.000000000
 Number of core electrons:              60
 Number of treated electrons:          238

 Number of alpha electrons:            119
 Number of beta electrons:             119
 Number of unpaired electrons:           0
 Spin:                                   0
 Multiplicity:                           singlet

 Theory:                                 dft
 Exchange-correlation functional:        blyp
 Method for Coulomb:                     incore_df
 Integral threshold:                     1.00e-12
 DF basis set:                           def2-universal-jkfit
 Number of DF basis functions:        3081
 Schwarz screening threshold:            1.00e-10
 Coulomb fitting method:                 Cholesky
 Total number of grid points:       446468
 Method for AO orthogonalization:        symmetric
 Threshold for linear dependence:        1.00e-08
 D3BJ dispersion energy:                -0.239493367

 -------------------------------------
  Running restricted closed-shell SCF 
 -------------------------------------
 Max number of iterations:             128
 Conv. threshold (gradient):             1.00e-05
 Conv. threshold (energy):               1.00e-06
 Interpolation scheme:                   adiis+cdiis
 Initial guess:                          SAD

 ---------------------------------------------------------------
                  energy        change          grad        time
 ---------------------------------------------------------------
   0     -1805.268045467                    2.52e+02        6.21
   1     -1801.141118904      4.13e+00      2.76e+00        6.06
   2     -1798.415280060      2.73e+00      6.65e+00        6.21
   3     -1802.058283747     -3.64e+00      4.04e+00        6.05
   4     -1799.210695590      2.85e+00      1.47e+01        6.30
   5     -1802.175853919     -2.97e+00      3.74e+00        6.57
   6     -1802.342243407     -1.66e-01      2.09e+00        6.80
   7     -1802.217244263      1.25e-01      2.43e+00        6.82
   8     -1802.369136678     -1.52e-01      2.42e+00        7.20
   9     -1802.352227335      1.69e-02      1.81e+00        7.37
  10     -1802.424466254     -7.22e-02      6.15e-01        7.81
  11     -1802.366424252      5.80e-02      1.73e+00        7.97
  12     -1802.419253825     -5.28e-02      8.98e-01        8.03
  13     -1802.424391005     -5.14e-03      5.09e-01        7.94
  14     -1802.432810658     -8.42e-03      1.48e-01        8.12
  15     -1802.428009176      4.80e-03      6.15e-01        8.01
  16     -1802.432245377     -4.24e-03      2.45e-01        7.86
  17     -1802.432798483     -5.53e-04      8.97e-02        7.86
  18     -1802.433020800     -2.22e-04      5.62e-02        7.99
  19     -1802.433116182     -9.54e-05      5.57e-04        7.06
  20     -1802.433116191     -8.72e-09      2.38e-04        6.34
  21     -1802.433116192     -9.85e-10      1.10e-04        6.57
  22     -1802.433116192     -2.42e-10      5.31e-05        6.48
  23     -1802.433116192     -8.07e-11      7.94e-06        6.39

 SCF converged in 23 iterations.

 Dipole moment (in Debye):              -0.001433       0.040553       1.775454

 Quadrupole moment (in Debye-Angstrom):
                  1            2            3
 1      -186.874966     0.001011     0.001481
 2         0.001011  -220.999083    -1.532906
 3         0.001481    -1.532906  -212.220060

 Spin-squared expectation <S^2>:         0.000
 Total spin quantum number S:            0.000
 TOTAL ENERGY:                       -1802.433116192

 --------------------------------------------------------------------------------

 End time:                               Tue Oct 26 05:32:38 2021
 Total wall-clock time:                289.156 seconds
==================================================================================
