
================================================================================
          _____________ ________ _______________ ________     _________         
         / ___________// ______ \\_____   _____// ______ \   / ________)        
        / /_________  / /      \ \     | |     / /      \ \ | (_______          
       |  __________|| |        | |    | |    | |        | | \________ \        
        \ \_________ | |        | |    | |     \ \______/ /___________) |       
         \__________||_|        |_|    |_|      \________//____________/        
                                                                                
====================================[ Qcore ]===================================

 Git describe: 2.3.0-1-g21d9df7e5
 Compiler:     GNU 9.1.0
 Build type:   Release
 Version:      2.3.0-1-g21d9df7e5

 Start time:   Tue Oct 26 05:29:11 2021

 Data directory: /work/zw18965/.local/qcore/share/entos/qcore/data
 Number of threads: 24
 Number of threads was determined by: command line argument

 --------------------------------------------------------------------------------
                                   command: dft                                  
 --------------------------------------------------------------------------------
 AO basis set:                           def2-tzvppd
 Number of AO basis functions:         959
 ECP on atom 21 (Pd):                    28 electrons
 ECP on atom 30 (I):                     28 electrons

 Formula:                                C13H17N2PdI
 Nuclear charge:                       208.000000000
 Total charge:                           0.000000000
 Number of core electrons:              56
 Number of treated electrons:          152

 Number of alpha electrons:             76
 Number of beta electrons:              76
 Number of unpaired electrons:           0
 Spin:                                   0
 Multiplicity:                           singlet

 Theory:                                 dft
 Exchange-correlation functional:        blyp
 Method for Coulomb:                     incore_df
 Integral threshold:                     1.00e-12
 DF basis set:                           def2-universal-jkfit
 Number of DF basis functions:        1908
 Schwarz screening threshold:            1.00e-10
 Coulomb fitting method:                 Cholesky
 Total number of grid points:       219414
 Method for AO orthogonalization:        symmetric
 Threshold for linear dependence:        1.00e-08
 D3BJ dispersion energy:                -0.113289785

 -------------------------------------
  Running restricted closed-shell SCF 
 -------------------------------------
 Max number of iterations:             128
 Conv. threshold (gradient):             1.00e-05
 Conv. threshold (energy):               1.00e-06
 Interpolation scheme:                   adiis+cdiis
 Initial guess:                          SAD

 ---------------------------------------------------------------
                  energy        change          grad        time
 ---------------------------------------------------------------
   0     -1043.313939436                    3.16e+01        1.31
   1     -1029.371364062      1.39e+01      3.72e+01        1.17
   2      -643.174087728      3.86e+02      1.19e+02        1.25
   3     -1021.157279563     -3.78e+02      3.75e+01        1.31
   4     -1039.545449747     -1.84e+01      9.35e+00        1.21
   5     -1039.426805990      1.19e-01      8.64e+00        1.33
   6     -1040.164911981     -7.38e-01      9.54e+00        1.33
   7     -1040.473380586     -3.08e-01      3.24e+00        1.51
   8     -1040.513251068     -3.99e-02      3.66e+00        1.41
   9     -1040.736049625     -2.23e-01      1.91e+00        1.44
  10     -1040.647907741      8.81e-02      3.43e+00        1.58
  11     -1040.754684547     -1.07e-01      8.68e-01        1.65
  12     -1040.758085798     -3.40e-03      3.67e-01        1.68
  13     -1040.762776093     -4.69e-03      5.21e-01        1.62
  14     -1040.763234726     -4.59e-04      5.15e-01        1.62
  15     -1040.764456488     -1.22e-03      1.85e-01        1.65
  16     -1040.765201904     -7.45e-04      1.09e-01        1.64
  17     -1040.765249753     -4.78e-05      1.09e-01        1.64
  18     -1040.765316881     -6.71e-05      1.47e-01        1.65
  19     -1040.765477604     -1.61e-04      5.80e-02        1.61
  20     -1040.765451117      2.65e-05      5.63e-02        1.64
  21     -1040.765512582     -6.15e-05      2.40e-04        1.42
  22     -1040.765512583     -7.29e-10      7.17e-05        1.35
  23     -1040.765512583     -7.82e-11      4.71e-05        1.20
  24     -1040.765512583     -7.16e-11      9.38e-06        1.31

 SCF converged in 24 iterations.

 Dipole moment (in Debye):              -8.382706       0.447922       2.523118

 Quadrupole moment (in Debye-Angstrom):
                  1            2            3
 1      -127.961441     0.539656    10.630850
 2         0.539656  -115.539034     2.383230
 3        10.630850     2.383230  -154.059279

 Spin-squared expectation <S^2>:         0.000
 Total spin quantum number S:            0.000
 TOTAL ENERGY:                       -1040.765512583

 --------------------------------------------------------------------------------

 End time:                               Tue Oct 26 05:36:33 2021
 Total wall-clock time:                442.021 seconds
==================================================================================
