
================================================================================
          _____________ ________ _______________ ________     _________         
         / ___________// ______ \\_____   _____// ______ \   / ________)        
        / /_________  / /      \ \     | |     / /      \ \ | (_______          
       |  __________|| |        | |    | |    | |        | | \________ \        
        \ \_________ | |        | |    | |     \ \______/ /___________) |       
         \__________||_|        |_|    |_|      \________//____________/        
                                                                                
====================================[ Qcore ]===================================

 Git describe: 2.3.0-1-g21d9df7e5
 Compiler:     GNU 9.1.0
 Build type:   Release
 Version:      2.3.0-1-g21d9df7e5

 Start time:   Tue Oct 26 05:27:20 2021

 Data directory: /work/zw18965/.local/qcore/share/entos/qcore/data
 Number of threads: 24
 Number of threads was determined by: command line argument
  - More threads can be used by running 'qcore -n 32'

 --------------------------------------------------------------------------------
                                   command: dft                                  
 --------------------------------------------------------------------------------
 AO basis set:                           def2-tzvppd
 Number of AO basis functions:         162

 Formula:                                C2H3N
 Nuclear charge:                        22.000000000
 Total charge:                           0.000000000
 Number of electrons:                   22.000000000

 Number of alpha electrons:             11
 Number of beta electrons:              11
 Number of unpaired electrons:           0
 Spin:                                   0
 Multiplicity:                           singlet

 Theory:                                 dft
 Exchange-correlation functional:        blyp
 Method for Coulomb:                     incore_df
 Integral threshold:                     1.00e-12
 DF basis set:                           def2-universal-jkfit
 Number of DF basis functions:         281
 Schwarz screening threshold:            1.00e-10
 Coulomb fitting method:                 Cholesky
 Total number of grid points:        38070
 Method for AO orthogonalization:        symmetric
 Threshold for linear dependence:        1.00e-08
 D3BJ dispersion energy:                -0.005888299

 -------------------------------------
  Running restricted closed-shell SCF 
 -------------------------------------
 Max number of iterations:             128
 Conv. threshold (gradient):             1.00e-05
 Conv. threshold (energy):               1.00e-06
 Interpolation scheme:                   adiis+cdiis
 Initial guess:                          SAD

 ---------------------------------------------------------------
                  energy        change          grad        time
 ---------------------------------------------------------------
   0      -133.020211221                    1.07e+01        0.03
   1      -132.651651068      3.69e-01      1.27e+00        0.03
   2      -132.342521567      3.09e-01      3.08e+00        0.03
   3      -132.740683277     -3.98e-01      7.41e-01        0.03
   4      -132.677806649      6.29e-02      1.26e+00        0.03
   5      -132.756996811     -7.92e-02      4.55e-01        0.03
   6      -132.752030794      4.97e-03      6.73e-01        0.03
   7      -132.766623849     -1.46e-02      2.06e-01        0.03
   8      -132.766974709     -3.51e-04      2.23e-01        0.03
   9      -132.769945469     -2.97e-03      3.22e-02        0.03
  10      -132.769679611      2.66e-04      7.79e-02        0.03
  11      -132.769995009     -3.15e-04      1.41e-04        0.03
  12      -132.769995010     -7.64e-10      8.83e-06        0.03

 SCF converged in 12 iterations.

 Dipole moment (in Debye):              -3.968536      -0.231002       0.147235

 Quadrupole moment (in Debye-Angstrom):
                  1            2            3
 1       -21.170109    -0.194495     0.123913
 2        -0.194495   -17.841015     0.007239
 3         0.123913     0.007239   -17.834237

 Spin-squared expectation <S^2>:         0.000
 Total spin quantum number S:            0.000
 TOTAL ENERGY:                        -132.769995010

 --------------------------------------------------------------------------------

 End time:                               Tue Oct 26 05:27:21 2021
 Total wall-clock time:                  0.928 seconds
==================================================================================
