
================================================================================
          _____________ ________ _______________ ________     _________         
         / ___________// ______ \\_____   _____// ______ \   / ________)        
        / /_________  / /      \ \     | |     / /      \ \ | (_______          
       |  __________|| |        | |    | |    | |        | | \________ \        
        \ \_________ | |        | |    | |     \ \______/ /___________) |       
         \__________||_|        |_|    |_|      \________//____________/        
                                                                                
====================================[ Qcore ]===================================

 Git describe: 2.3.0-1-g21d9df7e5
 Compiler:     GNU 9.1.0
 Build type:   Release
 Version:      2.3.0-1-g21d9df7e5

 Start time:   Tue Oct 26 05:28:52 2021

 Data directory: /work/zw18965/.local/qcore/share/entos/qcore/data
 Number of threads: 24
 Number of threads was determined by: command line argument

 --------------------------------------------------------------------------------
                                   command: dft                                  
 --------------------------------------------------------------------------------
 AO basis set:                           def2-tzvppd
 Number of AO basis functions:         546

 Formula:                                C6HO6Mn
 Nuclear charge:                       110.000000000
 Total charge:                           0.000000000
 Number of electrons:                  110.000000000

 Number of alpha electrons:             55
 Number of beta electrons:              55
 Number of unpaired electrons:           0
 Spin:                                   0
 Multiplicity:                           singlet

 Theory:                                 dft
 Exchange-correlation functional:        blyp
 Method for Coulomb:                     incore_df
 Integral threshold:                     1.00e-12
 DF basis set:                           def2-universal-jkfit
 Number of DF basis functions:        1194
 Schwarz screening threshold:            1.00e-10
 Coulomb fitting method:                 Cholesky
 Total number of grid points:        96290
 Method for AO orthogonalization:        symmetric
 Threshold for linear dependence:        1.00e-08
 D3BJ dispersion energy:                -0.039878932

 -------------------------------------
  Running restricted closed-shell SCF 
 -------------------------------------
 Max number of iterations:             128
 Conv. threshold (gradient):             1.00e-05
 Conv. threshold (energy):               1.00e-06
 Interpolation scheme:                   adiis+cdiis
 Initial guess:                          SAD

 ---------------------------------------------------------------
                  energy        change          grad        time
 ---------------------------------------------------------------
   0     -1834.049993085                    3.44e+01        0.28
   1     -1831.744656874      2.31e+00      2.23e+00        0.28
   2     -1828.654410011      3.09e+00      1.22e+01        0.30
   3     -1831.366968330     -2.71e+00      4.93e+00        0.28
   4     -1830.030812781      1.34e+00      1.32e+01        0.29
   5     -1831.960914144     -1.93e+00      1.51e+00        0.29
   6     -1831.070546595      8.90e-01      9.77e+00        0.31
   7     -1831.896428280     -8.26e-01      2.38e+00        0.33
   8     -1831.974616156     -7.82e-02      1.69e+00        0.32
   9     -1831.916058492      5.86e-02      2.88e+00        0.35
  10     -1831.988665715     -7.26e-02      1.08e+00        0.35
  11     -1831.996833261     -8.17e-03      2.78e-01        0.37
  12     -1831.993790348      3.04e-03      3.75e-01        0.36
  13     -1831.997494716     -3.70e-03      2.13e-01        0.37
  14     -1831.996391812      1.10e-03      4.30e-01        0.37
  15     -1831.997924431     -1.53e-03      3.93e-02        0.36
  16     -1831.997748027      1.76e-04      1.14e-01        0.37
  17     -1831.997974255     -2.26e-04      1.41e-03        0.33
  18     -1831.997974284     -2.86e-08      2.54e-04        0.29
  19     -1831.997974284     -2.09e-10      1.26e-04        0.29
  20     -1831.997974284     -5.32e-10      1.16e-05        0.29
  21     -1831.997974284     -3.18e-12      6.96e-06        0.30

 SCF converged in 21 iterations.

 Dipole moment (in Debye):               1.708801      -0.001491      -0.076801

 Quadrupole moment (in Debye-Angstrom):
                  1            2            3
 1       -90.510115     0.015859    -2.376730
 2         0.015859   -83.581314    -0.007081
 3        -2.376730    -0.007081   -81.347671

 Spin-squared expectation <S^2>:         0.000
 Total spin quantum number S:            0.000
 TOTAL ENERGY:                       -1831.997974284

 --------------------------------------------------------------------------------

 End time:                               Tue Oct 26 05:29:08 2021
 Total wall-clock time:                 16.267 seconds
==================================================================================
