
================================================================================
          _____________ ________ _______________ ________     _________         
         / ___________// ______ \\_____   _____// ______ \   / ________)        
        / /_________  / /      \ \     | |     / /      \ \ | (_______          
       |  __________|| |        | |    | |    | |        | | \________ \        
        \ \_________ | |        | |    | |     \ \______/ /___________) |       
         \__________||_|        |_|    |_|      \________//____________/        
                                                                                
====================================[ Qcore ]===================================

 Git describe: 2.3.0-1-g21d9df7e5
 Compiler:     GNU 9.1.0
 Build type:   Release
 Version:      2.3.0-1-g21d9df7e5

 Start time:   Tue Oct 26 05:27:25 2021

 Data directory: /work/zw18965/.local/qcore/share/entos/qcore/data
 Number of threads: 24
 Number of threads was determined by: command line argument
  - More threads can be used by running 'qcore -n 32'

 --------------------------------------------------------------------------------
                                   command: dft                                  
 --------------------------------------------------------------------------------
 AO basis set:                           def2-tzvppd
 Number of AO basis functions:        1275

 Formula:                                C18H33P
 Nuclear charge:                       156.000000000
 Total charge:                           0.000000000
 Number of electrons:                  156.000000000

 Number of alpha electrons:             78
 Number of beta electrons:              78
 Number of unpaired electrons:           0
 Spin:                                   0
 Multiplicity:                           singlet

 Theory:                                 dft
 Exchange-correlation functional:        blyp
 Method for Coulomb:                     incore_df
 Integral threshold:                     1.00e-12
 DF basis set:                           def2-universal-jkfit
 Number of DF basis functions:        2072
 Schwarz screening threshold:            1.00e-10
 Coulomb fitting method:                 Cholesky
 Total number of grid points:       324120
 Method for AO orthogonalization:        symmetric
 Threshold for linear dependence:        1.00e-08
 D3BJ dispersion energy:                -0.136696471

 -------------------------------------
  Running restricted closed-shell SCF 
 -------------------------------------
 Max number of iterations:             128
 Conv. threshold (gradient):             1.00e-05
 Conv. threshold (energy):               1.00e-06
 Interpolation scheme:                   adiis+cdiis
 Initial guess:                          SAD

 ---------------------------------------------------------------
                  energy        change          grad        time
 ---------------------------------------------------------------
   0     -1049.869838494                    2.71e+01        2.72
   1     -1046.159795122      3.71e+00      2.70e+00        2.74
   2     -1043.670791523      2.49e+00      4.81e+00        2.64
   3     -1046.970519627     -3.30e+00      9.42e-01        2.66
   4     -1046.997288844     -2.68e-02      8.97e-01        2.70
   5     -1047.112176614     -1.15e-01      2.13e-01        2.78
   6     -1047.106265461      5.91e-03      3.96e-01        3.02
   7     -1047.115296084     -9.03e-03      5.54e-02        3.03
   8     -1047.115127463      1.69e-04      8.22e-02        3.02
   9     -1047.115597409     -4.70e-04      3.01e-03        2.84
  10     -1047.115597530     -1.20e-07      9.83e-04        2.77
  11     -1047.115597543     -1.36e-08      1.80e-04        2.82
  12     -1047.115597545     -1.12e-09      3.16e-05        2.66
  13     -1047.115597545     -7.25e-11      1.28e-05        2.82
  14     -1047.115597545      1.36e-11      6.54e-06        2.78

 SCF converged in 14 iterations.

 Dipole moment (in Debye):               0.135475       0.114471       1.276019

 Quadrupole moment (in Debye-Angstrom):
                  1            2            3
 1      -131.004760     0.178411    -0.299400
 2         0.178411  -131.300858    -0.526339
 3        -0.299400    -0.526339  -136.759269

 Spin-squared expectation <S^2>:         0.000
 Total spin quantum number S:            0.000
 TOTAL ENERGY:                       -1047.115597545

 --------------------------------------------------------------------------------

 End time:                               Tue Oct 26 05:28:19 2021
 Total wall-clock time:                 54.794 seconds
==================================================================================
