
================================================================================
          _____________ ________ _______________ ________     _________         
         / ___________// ______ \\_____   _____// ______ \   / ________)        
        / /_________  / /      \ \     | |     / /      \ \ | (_______          
       |  __________|| |        | |    | |    | |        | | \________ \        
        \ \_________ | |        | |    | |     \ \______/ /___________) |       
         \__________||_|        |_|    |_|      \________//____________/        
                                                                                
====================================[ Qcore ]===================================

 Git describe: 2.3.0-1-g21d9df7e5
 Compiler:     GNU 9.1.0
 Build type:   Release
 Version:      2.3.0-1-g21d9df7e5

 Start time:   Tue Oct 26 05:28:23 2021

 Data directory: /work/zw18965/.local/qcore/share/entos/qcore/data
 Number of threads: 24
 Number of threads was determined by: command line argument
  - More threads can be used by running 'qcore -n 32'

 --------------------------------------------------------------------------------
                                   command: dft                                  
 --------------------------------------------------------------------------------
 AO basis set:                           def2-tzvppd
 Number of AO basis functions:         594

 Formula:                                C7H4O5Cr
 Nuclear charge:                       110.000000000
 Total charge:                           0.000000000
 Number of electrons:                  110.000000000

 Number of alpha electrons:             55
 Number of beta electrons:              55
 Number of unpaired electrons:           0
 Spin:                                   0
 Multiplicity:                           singlet

 Theory:                                 dft
 Exchange-correlation functional:        blyp
 Method for Coulomb:                     incore_df
 Integral threshold:                     1.00e-12
 DF basis set:                           def2-universal-jkfit
 Number of DF basis functions:        1246
 Schwarz screening threshold:            1.00e-10
 Coulomb fitting method:                 Cholesky
 Total number of grid points:       113708
 Method for AO orthogonalization:        symmetric
 Threshold for linear dependence:        1.00e-08
 D3BJ dispersion energy:                -0.049704687

 -------------------------------------
  Running restricted closed-shell SCF 
 -------------------------------------
 Max number of iterations:             128
 Conv. threshold (gradient):             1.00e-05
 Conv. threshold (energy):               1.00e-06
 Interpolation scheme:                   adiis+cdiis
 Initial guess:                          SAD

 ---------------------------------------------------------------
                  energy        change          grad        time
 ---------------------------------------------------------------
   0     -1691.838765722                    3.07e+01        0.37
   1     -1688.766889854      3.07e+00      7.22e+00        0.34
   2     -1656.258095490      3.25e+01      3.11e+01        0.39
   3     -1682.994771017     -2.67e+01      2.53e+01        0.34
   4     -1689.439984350     -6.45e+00      3.53e+00        0.35
   5     -1688.570729059      8.69e-01      1.10e+01        0.37
   6     -1690.072549744     -1.50e+00      9.46e-01        0.40
   7     -1689.699714093      3.73e-01      4.98e+00        0.40
   8     -1690.029637449     -3.30e-01      1.31e+00        0.43
   9     -1690.060266429     -3.06e-02      1.99e+00        0.45
  10     -1690.093033906     -3.28e-02      1.22e+00        0.45
  11     -1690.107414492     -1.44e-02      4.43e-01        0.47
  12     -1690.107082580      3.32e-04      3.79e-01        0.47
  13     -1690.111369390     -4.29e-03      3.14e-01        0.47
  14     -1690.109288825      2.08e-03      5.18e-01        0.47
  15     -1690.112492437     -3.20e-03      8.66e-02        0.48
  16     -1690.112317879      1.75e-04      6.58e-02        0.47
  17     -1690.112678223     -3.60e-04      6.79e-04        0.45
  18     -1690.112678239     -1.53e-08      4.29e-04        0.37
  19     -1690.112678241     -2.69e-09      5.09e-05        0.38
  20     -1690.112678242     -2.08e-10      4.73e-05        0.37
  21     -1690.112678242     -5.46e-11      3.97e-06        0.38

 SCF converged in 21 iterations.

 Dipole moment (in Debye):              -0.001868       0.002799      -2.783606

 Quadrupole moment (in Debye-Angstrom):
                  1            2            3
 1       -88.481765    -0.000053     0.002651
 2        -0.000053   -88.726271    -0.004832
 3         0.002651    -0.004832   -82.672788

 Spin-squared expectation <S^2>:         0.000
 Total spin quantum number S:            0.000
 TOTAL ENERGY:                       -1690.112678242

 --------------------------------------------------------------------------------

 End time:                               Tue Oct 26 05:28:43 2021
 Total wall-clock time:                 19.846 seconds
==================================================================================
