
================================================================================
          _____________ ________ _______________ ________     _________         
         / ___________// ______ \\_____   _____// ______ \   / ________)        
        / /_________  / /      \ \     | |     / /      \ \ | (_______          
       |  __________|| |        | |    | |    | |        | | \________ \        
        \ \_________ | |        | |    | |     \ \______/ /___________) |       
         \__________||_|        |_|    |_|      \________//____________/        
                                                                                
====================================[ Qcore ]===================================

 Git describe: 2.3.0-1-g21d9df7e5
 Compiler:     GNU 9.1.0
 Build type:   Release
 Version:      2.3.0-1-g21d9df7e5

 Start time:   Tue Oct 26 05:31:14 2021

 Data directory: /work/zw18965/.local/qcore/share/entos/qcore/data
 Number of threads: 24
 Number of threads was determined by: command line argument

 --------------------------------------------------------------------------------
                                   command: dft                                  
 --------------------------------------------------------------------------------
 AO basis set:                           def2-tzvppd
 Number of AO basis functions:        1685
 ECP on atom 1 (Ru):                     28 electrons

 Formula:                                C18H42P4SeRu
 Nuclear charge:                       288.000000000
 Total charge:                           0.000000000
 Number of core electrons:              28
 Number of treated electrons:          260

 Number of alpha electrons:            130
 Number of beta electrons:             130
 Number of unpaired electrons:           0
 Spin:                                   0
 Multiplicity:                           singlet

 Theory:                                 dft
 Exchange-correlation functional:        blyp
 Method for Coulomb:                     incore_df
 Integral threshold:                     1.00e-12
 DF basis set:                           def2-universal-jkfit
 Number of DF basis functions:        3139
 Schwarz screening threshold:            1.00e-10
 Coulomb fitting method:                 Cholesky
 Total number of grid points:       415566
 Method for AO orthogonalization:        symmetric
 Threshold for linear dependence:        1.00e-08
 D3BJ dispersion energy:                -0.249484871

 -------------------------------------
  Running restricted closed-shell SCF 
 -------------------------------------
 Max number of iterations:             128
 Conv. threshold (gradient):             1.00e-05
 Conv. threshold (energy):               1.00e-06
 Interpolation scheme:                   adiis+cdiis
 Initial guess:                          SAD

 ---------------------------------------------------------------
                  energy        change          grad        time
 ---------------------------------------------------------------
   0     -4576.350778206                    4.14e+01        6.11
   1     -4571.985151445      4.37e+00      3.18e+00        5.84
   2     -4567.969922936      4.02e+00      7.48e+00        5.51
   3     -4572.791801050     -4.82e+00      4.80e+00        5.59
   4     -4569.865038482      2.93e+00      1.78e+01        5.64
   5     -4573.225529856     -3.36e+00      2.98e+00        6.02
   6     -4573.167641724      5.79e-02      5.31e+00        6.03
   7     -4573.262874180     -9.52e-02      3.77e+00        6.11
   8     -4573.349951224     -8.71e-02      2.33e+00        6.65
   9     -4573.279090504      7.09e-02      3.54e+00        6.78
  10     -4573.362211488     -8.31e-02      1.86e+00        7.15
  11     -4573.366943913     -4.73e-03      7.98e-01        7.43
  12     -4573.380303293     -1.34e-02      2.31e-01        7.38
  13     -4573.374571313      5.73e-03      8.05e-01        7.80
  14     -4573.380276158     -5.70e-03      2.52e-01        7.29
  15     -4573.380947775     -6.72e-04      5.45e-02        7.30
  16     -4573.380483606      4.64e-04      2.99e-01        8.03
  17     -4573.380968542     -4.85e-04      2.51e-04        6.25
  18     -4573.380968543     -1.49e-09      2.17e-04        6.21
  19     -4573.380968545     -1.64e-09      5.98e-05        6.33
  20     -4573.380968545     -3.64e-11      1.85e-05        6.16
  21     -4573.380968545     -9.28e-11      7.38e-06        5.99

 SCF converged in 21 iterations.

 Dipole moment (in Debye):               5.845523      -0.264651       0.910126

 Quadrupole moment (in Debye-Angstrom):
                  1            2            3
 1      -219.853506     0.301836    -1.017903
 2         0.301836  -207.465358     0.375819
 3        -1.017903     0.375819  -210.694111

 Spin-squared expectation <S^2>:         0.000
 Total spin quantum number S:            0.000
 TOTAL ENERGY:                       -4573.380968545

 --------------------------------------------------------------------------------

 End time:                               Tue Oct 26 05:37:10 2021
 Total wall-clock time:                356.292 seconds
==================================================================================
