
================================================================================
          _____________ ________ _______________ ________     _________         
         / ___________// ______ \\_____   _____// ______ \   / ________)        
        / /_________  / /      \ \     | |     / /      \ \ | (_______          
       |  __________|| |        | |    | |    | |        | | \________ \        
        \ \_________ | |        | |    | |     \ \______/ /___________) |       
         \__________||_|        |_|    |_|      \________//____________/        
                                                                                
====================================[ Qcore ]===================================

 Git describe: 2.3.0-1-g21d9df7e5
 Compiler:     GNU 9.1.0
 Build type:   Release
 Version:      2.3.0-1-g21d9df7e5

 Start time:   Tue Oct 26 05:31:27 2021

 Data directory: /work/zw18965/.local/qcore/share/entos/qcore/data
 Number of threads: 24
 Number of threads was determined by: command line argument

 --------------------------------------------------------------------------------
                                   command: dft                                  
 --------------------------------------------------------------------------------
 AO basis set:                           def2-tzvppd
 Number of AO basis functions:         714
 ECP on atom 1 (Mo):                     28 electrons
 ECP on atom 22 (I):                     28 electrons
 ECP on atom 23 (I):                     28 electrons

 Formula:                                C10H10MoI2
 Nuclear charge:                       218.000000000
 Total charge:                           0.000000000
 Number of core electrons:              84
 Number of treated electrons:          134

 Number of alpha electrons:             67
 Number of beta electrons:              67
 Number of unpaired electrons:           0
 Spin:                                   0
 Multiplicity:                           singlet

 Theory:                                 dft
 Exchange-correlation functional:        blyp
 Method for Coulomb:                     incore_df
 Integral threshold:                     1.00e-12
 DF basis set:                           def2-universal-jkfit
 Number of DF basis functions:        1621
 Schwarz screening threshold:            1.00e-10
 Coulomb fitting method:                 Cholesky
 Total number of grid points:       152910
 Method for AO orthogonalization:        symmetric
 Threshold for linear dependence:        1.00e-08
 D3BJ dispersion energy:                -0.093428227

 -------------------------------------
  Running restricted closed-shell SCF 
 -------------------------------------
 Max number of iterations:             128
 Conv. threshold (gradient):             1.00e-05
 Conv. threshold (energy):               1.00e-06
 Interpolation scheme:                   adiis+cdiis
 Initial guess:                          SAD

 ---------------------------------------------------------------
                  energy        change          grad        time
 ---------------------------------------------------------------
   0     -1053.099932238                    3.97e+01        0.88
   1     -1049.534804933      3.57e+00      8.55e+00        0.79
   2     -1036.236191486      1.33e+01      2.70e+01        0.85
   3     -1048.801613336     -1.26e+01      1.46e+01        0.74
   4     -1050.657239996     -1.86e+00      1.79e+00        0.73
   5     -1047.245151610      3.41e+00      1.57e+01        0.75
   6     -1050.335192629     -3.09e+00      5.41e+00        0.81
   7     -1050.694560163     -3.59e-01      6.98e-01        0.71
   8     -1050.590427821      1.04e-01      3.68e+00        0.91
   9     -1050.716018048     -1.26e-01      4.61e-01        0.87
  10     -1050.685182570      3.08e-02      1.93e+00        0.95
  11     -1050.716404806     -3.12e-02      2.84e-01        0.92
  12     -1050.714302740      2.10e-03      7.45e-01        0.87
  13     -1050.720268211     -5.97e-03      8.01e-02        0.95
  14     -1050.718999109      1.27e-03      3.63e-01        0.94
  15     -1050.720343303     -1.34e-03      2.06e-03        0.92
  16     -1050.720343383     -7.92e-08      2.61e-04        0.70
  17     -1050.720343385     -2.29e-09      8.79e-05        0.83
  18     -1050.720343385     -1.73e-10      6.74e-05        0.75
  19     -1050.720343385     -1.33e-10      2.39e-05        0.71
  20     -1050.720343385     -1.43e-11      3.15e-06        0.84

 SCF converged in 20 iterations.

 Dipole moment (in Debye):               0.008699       6.772849       0.003287

 Quadrupole moment (in Debye-Angstrom):
                  1            2            3
 1      -141.455461     0.012544     0.372000
 2         0.012544  -130.619631    -0.000290
 3         0.372000    -0.000290  -129.981092

 Spin-squared expectation <S^2>:         0.000
 Total spin quantum number S:            0.000
 TOTAL ENERGY:                       -1050.720343385

 --------------------------------------------------------------------------------

 End time:                               Tue Oct 26 05:42:49 2021
 Total wall-clock time:                682.550 seconds
==================================================================================
