
================================================================================
          _____________ ________ _______________ ________     _________         
         / ___________// ______ \\_____   _____// ______ \   / ________)        
        / /_________  / /      \ \     | |     / /      \ \ | (_______          
       |  __________|| |        | |    | |    | |        | | \________ \        
        \ \_________ | |        | |    | |     \ \______/ /___________) |       
         \__________||_|        |_|    |_|      \________//____________/        
                                                                                
====================================[ Qcore ]===================================

 Git describe: 2.3.0-1-g21d9df7e5
 Compiler:     GNU 9.1.0
 Build type:   Release
 Version:      2.3.0-1-g21d9df7e5

 Start time:   Tue Oct 26 05:30:00 2021

 Data directory: /work/zw18965/.local/qcore/share/entos/qcore/data
 Number of threads: 24
 Number of threads was determined by: command line argument
  - More threads can be used by running 'qcore -n 32'

 --------------------------------------------------------------------------------
                                   command: dft                                  
 --------------------------------------------------------------------------------
 AO basis set:                           def2-tzvppd
 Number of AO basis functions:        1322
 ECP on atom 25 (Ru):                    28 electrons

 Formula:                                C16H31P2ClRu
 Nuclear charge:                       218.000000000
 Total charge:                           0.000000000
 Number of core electrons:              28
 Number of treated electrons:          190

 Number of alpha electrons:             95
 Number of beta electrons:              95
 Number of unpaired electrons:           0
 Spin:                                   0
 Multiplicity:                           singlet

 Theory:                                 dft
 Exchange-correlation functional:        blyp
 Method for Coulomb:                     incore_df
 Integral threshold:                     1.00e-12
 DF basis set:                           def2-universal-jkfit
 Number of DF basis functions:        2397
 Schwarz screening threshold:            1.00e-10
 Coulomb fitting method:                 Cholesky
 Total number of grid points:       321998
 Method for AO orthogonalization:        symmetric
 Threshold for linear dependence:        1.00e-08
 D3BJ dispersion energy:                -0.175522136

 -------------------------------------
  Running restricted closed-shell SCF 
 -------------------------------------
 Max number of iterations:             128
 Conv. threshold (gradient):             1.00e-05
 Conv. threshold (energy):               1.00e-06
 Interpolation scheme:                   adiis+cdiis
 Initial guess:                          SAD

 ---------------------------------------------------------------
                  energy        change          grad        time
 ---------------------------------------------------------------
   0     -1869.376722069                    4.71e+01        3.27
   1     -1865.338040020      4.04e+00      3.21e+00        3.08
   2     -1861.625576514      3.71e+00      1.70e+01        3.00
   3     -1865.556465551     -3.93e+00      9.82e+00        3.16
   4     -1864.151426845      1.41e+00      1.84e+01        3.15
   5     -1866.353580753     -2.20e+00      1.36e+00        3.18
   6     -1866.195509496      1.58e-01      5.57e+00        3.29
   7     -1866.371547185     -1.76e-01      7.55e-01        3.42
   8     -1866.326575333      4.50e-02      3.42e+00        3.70
   9     -1866.389549676     -6.30e-02      8.16e-02        3.80
  10     -1866.388614193      9.35e-04      1.69e-01        3.93
  11     -1866.390149578     -1.54e-03      1.06e-02        3.71
  12     -1866.390150652     -1.07e-06      4.07e-03        3.22
  13     -1866.390150890     -2.37e-07      1.87e-03        3.23
  14     -1866.390150908     -1.81e-08      4.83e-04        3.31
  15     -1866.390150913     -5.29e-09      9.93e-05        3.28
  16     -1866.390150913     -7.57e-11      7.34e-05        3.14
  17     -1866.390150913     -1.06e-10      1.01e-05        3.14
  18     -1866.390150913     -1.05e-11      3.97e-06        3.30

 SCF converged in 18 iterations.

 Dipole moment (in Debye):              -0.952881       0.393817       4.471534

 Quadrupole moment (in Debye-Angstrom):
                  1            2            3
 1      -157.405864     0.156382    -2.740919
 2         0.156382  -156.253796    -1.827381
 3        -2.740919    -1.827381  -175.062198

 Spin-squared expectation <S^2>:         0.000
 Total spin quantum number S:            0.000
 TOTAL ENERGY:                       -1866.390150913

 --------------------------------------------------------------------------------

 End time:                               Tue Oct 26 05:31:31 2021
 Total wall-clock time:                 91.085 seconds
==================================================================================
