
================================================================================
          _____________ ________ _______________ ________     _________         
         / ___________// ______ \\_____   _____// ______ \   / ________)        
        / /_________  / /      \ \     | |     / /      \ \ | (_______          
       |  __________|| |        | |    | |    | |        | | \________ \        
        \ \_________ | |        | |    | |     \ \______/ /___________) |       
         \__________||_|        |_|    |_|      \________//____________/        
                                                                                
====================================[ Qcore ]===================================

 Git describe: 2.3.0-1-g21d9df7e5
 Compiler:     GNU 9.1.0
 Build type:   Release
 Version:      2.3.0-1-g21d9df7e5

 Start time:   Tue Oct 26 05:28:47 2021

 Data directory: /work/zw18965/.local/qcore/share/entos/qcore/data
 Number of threads: 24
 Number of threads was determined by: command line argument
  - More threads can be used by running 'qcore -n 32'

 --------------------------------------------------------------------------------
                                   command: dft                                  
 --------------------------------------------------------------------------------
 AO basis set:                           def2-tzvppd
 Number of AO basis functions:        1027
 ECP on atom 1 (Ir):                     60 electrons

 Formula:                                C9H21O2P2Cl2Ir
 Nuclear charge:                       232.000000000
 Total charge:                           0.000000000
 Number of core electrons:              60
 Number of treated electrons:          172

 Number of alpha electrons:             86
 Number of beta electrons:              86
 Number of unpaired electrons:           0
 Spin:                                   0
 Multiplicity:                           singlet

 Theory:                                 dft
 Exchange-correlation functional:        blyp
 Method for Coulomb:                     incore_df
 Integral threshold:                     1.00e-12
 DF basis set:                           def2-universal-jkfit
 Number of DF basis functions:        1946
 Schwarz screening threshold:            1.00e-10
 Coulomb fitting method:                 Cholesky
 Total number of grid points:       237586
 Method for AO orthogonalization:        symmetric
 Threshold for linear dependence:        1.00e-08
 D3BJ dispersion energy:                -0.134271134

 -------------------------------------
  Running restricted closed-shell SCF 
 -------------------------------------
 Max number of iterations:             128
 Conv. threshold (gradient):             1.00e-05
 Conv. threshold (energy):               1.00e-06
 Interpolation scheme:                   adiis+cdiis
 Initial guess:                          SAD

 ---------------------------------------------------------------
                  energy        change          grad        time
 ---------------------------------------------------------------
   0     -2215.392187431                    1.32e+02        1.35
   1     -2212.648517235      2.74e+00      7.48e+00        1.39
   2     -2198.896338214      1.38e+01      2.07e+01        1.35
   3     -2212.285731169     -1.34e+01      1.02e+01        1.37
   4     -2212.857467997     -5.72e-01      1.44e+01        1.39
   5     -2213.779483687     -9.22e-01      3.21e+00        1.44
   6     -2213.635395681      1.44e-01      4.84e+00        1.51
   7     -2213.768692911     -1.33e-01      3.20e+00        1.54
   8     -2213.883540105     -1.15e-01      1.34e+00        1.59
   9     -2213.819671359      6.39e-02      2.48e+00        1.73
  10     -2213.891490734     -7.18e-02      1.12e+00        1.78
  11     -2213.894634880     -3.14e-03      5.27e-01        1.87
  12     -2213.901736372     -7.10e-03      1.59e-01        1.84
  13     -2213.897276347      4.46e-03      5.66e-01        1.95
  14     -2213.901519513     -4.24e-03      2.18e-01        1.91
  15     -2213.902120174     -6.01e-04      2.23e-02        1.86
  16     -2213.901964840      1.55e-04      7.96e-02        1.90
  17     -2213.902139895     -1.75e-04      1.75e-04        1.66
  18     -2213.902139893      1.63e-09      3.73e-04        1.39
  19     -2213.902139896     -2.95e-09      2.08e-05        1.39
  20     -2213.902139896     -8.64e-12      1.07e-05        1.38
  21     -2213.902139896     -1.09e-11      3.06e-06        1.44

 SCF converged in 21 iterations.

 Dipole moment (in Debye):               0.238278       2.089141       0.307353

 Quadrupole moment (in Debye-Angstrom):
                  1            2            3
 1      -114.605161     4.409258     1.106528
 2         4.409258  -160.163921    -6.031207
 3         1.106528    -6.031207  -159.314175

 Spin-squared expectation <S^2>:         0.000
 Total spin quantum number S:            0.000
 TOTAL ENERGY:                       -2213.902139896

 --------------------------------------------------------------------------------

 End time:                               Tue Oct 26 05:29:56 2021
 Total wall-clock time:                 69.563 seconds
==================================================================================
