
================================================================================
          _____________ ________ _______________ ________     _________         
         / ___________// ______ \\_____   _____// ______ \   / ________)        
        / /_________  / /      \ \     | |     / /      \ \ | (_______          
       |  __________|| |        | |    | |    | |        | | \________ \        
        \ \_________ | |        | |    | |     \ \______/ /___________) |       
         \__________||_|        |_|    |_|      \________//____________/        
                                                                                
====================================[ Qcore ]===================================

 Git describe: 2.3.0-1-g21d9df7e5
 Compiler:     GNU 9.1.0
 Build type:   Release
 Version:      2.3.0-1-g21d9df7e5

 Start time:   Tue Oct 26 05:32:50 2021

 Data directory: /work/zw18965/.local/qcore/share/entos/qcore/data
 Number of threads: 24
 Number of threads was determined by: command line argument

 --------------------------------------------------------------------------------
                                   command: dft                                  
 --------------------------------------------------------------------------------
 AO basis set:                           def2-tzvppd
 Number of AO basis functions:        1223
 ECP on atom 1 (Mo):                     28 electrons

 Formula:                                C12H27O3P3Mo
 Nuclear charge:                       210.000000000
 Total charge:                           0.000000000
 Number of core electrons:              28
 Number of treated electrons:          182

 Number of alpha electrons:             91
 Number of beta electrons:              91
 Number of unpaired electrons:           0
 Spin:                                   0
 Multiplicity:                           singlet

 Theory:                                 dft
 Exchange-correlation functional:        blyp
 Method for Coulomb:                     incore_df
 Integral threshold:                     1.00e-12
 DF basis set:                           def2-universal-jkfit
 Number of DF basis functions:        2256
 Schwarz screening threshold:            1.00e-10
 Coulomb fitting method:                 Cholesky
 Total number of grid points:       291782
 Method for AO orthogonalization:        symmetric
 Threshold for linear dependence:        1.00e-08
 D3BJ dispersion energy:                -0.166647586

 -------------------------------------
  Running restricted closed-shell SCF 
 -------------------------------------
 Max number of iterations:             128
 Conv. threshold (gradient):             1.00e-05
 Conv. threshold (energy):               1.00e-06
 Interpolation scheme:                   adiis+cdiis
 Initial guess:                          SAD

 ---------------------------------------------------------------
                  energy        change          grad        time
 ---------------------------------------------------------------
   0     -1793.625705178                    3.41e+01        2.52
   1     -1831.298509958     -3.77e+01      9.10e+00        2.52
   2     -1685.859557976      1.45e+02      8.36e+01        2.49
   3     -1809.042303999     -1.23e+02      3.94e+01        2.44
   4     -1822.208137386     -1.32e+01      2.44e+01        2.43
   5     -1830.537424328     -8.33e+00      1.84e+01        2.62
   6     -1830.940115723     -4.03e-01      1.28e+01        2.71
   7     -1830.110871140      8.29e-01      1.14e+01        2.74
   8     -1833.986915218     -3.88e+00      6.08e+00        2.79
   9     -1832.211748799      1.78e+00      1.17e+01        2.93
  10     -1831.974114089      2.38e-01      1.38e+01        3.13
  11     -1833.190033198     -1.22e+00      1.03e+01        3.28
  12     -1832.258932069      9.31e-01      9.40e+00        3.08
  13     -1834.349459060     -2.09e+00      2.41e+00        3.10
  14     -1833.469553857      8.80e-01      1.09e+01        3.20
  15     -1834.384463610     -9.15e-01      2.05e+00        3.38
  16     -1833.576854051      8.08e-01      5.24e+00        3.30
  17     -1834.331230076     -7.54e-01      3.86e+00        3.02
  18     -1834.422395949     -9.12e-02      1.61e+00        3.11
  19     -1834.333563635      8.88e-02      4.05e+00        3.31
  20     -1834.445609997     -1.12e-01      3.03e+00        3.18
  21     -1834.457229496     -1.16e-02      2.80e+00        3.06
  22     -1834.497855374     -4.06e-02      1.72e+00        3.14
  23     -1834.521016620     -2.32e-02      9.93e-01        3.34
  24     -1834.489484551      3.15e-02      1.50e+00        3.24
  25     -1834.521613593     -3.21e-02      1.34e+00        3.12
  26     -1834.474479686      4.71e-02      2.82e+00        3.10
  27     -1834.513225003     -3.87e-02      1.64e+00        3.09
  28     -1834.546819431     -3.36e-02      2.36e-01        3.17
  29     -1834.535180267      1.16e-02      5.17e-01        3.19
  30     -1834.546918169     -1.17e-02      2.53e-01        3.18
  31     -1834.525727309      2.12e-02      1.47e+00        3.15
  32     -1834.546199145     -2.05e-02      3.25e-01        3.29
  33     -1834.529109963      1.71e-02      1.32e+00        3.28
  34     -1834.548584559     -1.95e-02      1.72e-01        3.22
  35     -1834.545189836      3.39e-03      3.56e-01        3.19
  36     -1834.521811504      2.34e-02      1.67e+00        3.12
  37     -1834.544778463     -2.30e-02      5.69e-01        3.32
  38     -1834.548929741     -4.15e-03      1.73e-01        3.24
  39     -1834.540938475      7.99e-03      8.99e-01        3.14
  40     -1834.548135833     -7.20e-03      2.73e-01        3.10
  41     -1834.549020344     -8.85e-04      8.47e-02        3.26
  42     -1834.549006824      1.35e-05      1.21e-01        3.12
  43     -1834.549393747     -3.87e-04      5.15e-03        2.95
  44     -1834.549393832     -8.56e-08      6.94e-03        2.54
  45     -1834.549394795     -9.62e-07      3.97e-03        2.48
  46     -1834.549394814     -1.98e-08      1.55e-03        2.59
  47     -1834.549394908     -9.36e-08      3.36e-04        2.61
  48     -1834.549394882      2.58e-08      3.69e-04        2.70
  49     -1834.549394926     -4.40e-08      2.91e-04        2.52
  50     -1834.549394930     -3.84e-09      6.87e-05        2.58
  51     -1834.549394964     -3.38e-08      5.17e-05        2.66
  52     -1834.549394922      4.21e-08      3.64e-05        2.50
  53     -1834.549394789      1.32e-07      1.45e-04        2.49
  54     -1834.549395003     -2.14e-07      8.02e-05        2.58
  55     -1834.549394923      8.05e-08      3.34e-05        2.68
  56     -1834.549394810      1.13e-07      2.24e-05        2.64
  57     -1834.549394786      2.48e-08      1.71e-05        2.55
  58     -1834.549394801     -1.54e-08      6.51e-06        2.60

 SCF converged in 58 iterations.

 Dipole moment (in Debye):             -16.274916     -11.660494      -3.373768

 Quadrupole moment (in Debye-Angstrom):
                  1            2            3
 1      -300.212674    33.807132   -11.848398
 2        33.807132  -297.364017   -23.746736
 3       -11.848398   -23.746736  -263.222507

 Spin-squared expectation <S^2>:         0.000
 Total spin quantum number S:            0.000
 TOTAL ENERGY:                       -1834.549394846

 --------------------------------------------------------------------------------

 End time:                               Tue Oct 26 05:36:09 2021
 Total wall-clock time:                198.397 seconds
==================================================================================
