
================================================================================
          _____________ ________ _______________ ________     _________         
         / ___________// ______ \\_____   _____// ______ \   / ________)        
        / /_________  / /      \ \     | |     / /      \ \ | (_______          
       |  __________|| |        | |    | |    | |        | | \________ \        
        \ \_________ | |        | |    | |     \ \______/ /___________) |       
         \__________||_|        |_|    |_|      \________//____________/        
                                                                                
====================================[ Qcore ]===================================

 Git describe: 2.3.0-3-g778a55bfd
 Compiler:     GNU 9.3.0
 Build type:   Release
 Version:      2.3.0-3-g778a55bfd

 Start time:   Wed Nov  3 14:50:39 2021

 Data directory: /mnt/storage/scratch/zw18965/.local/qcore/share/entos/qcore/data
 Number of threads: 28
 Number of threads was determined by: command line argument

 --------------------------------------------------------------------------------
                                   command: dft                                  
 --------------------------------------------------------------------------------
 AO basis set:                           def2-tzvppd
 Number of AO basis functions:        3069
 ECP on atom 1 (Ru):                     28 electrons

 Formula:                                C43H72P2Cl2Ru
 Nuclear charge:                       438.000000000
 Total charge:                           0.000000000
 Number of core electrons:              28
 Number of treated electrons:          410

 Number of alpha electrons:            205
 Number of beta electrons:             205
 Number of unpaired electrons:           0
 Spin:                                   0
 Multiplicity:                           singlet

 Theory:                                 dft
 Exchange-correlation functional:        blyp
 Method for Coulomb:                     incore_df
 Integral threshold:                     1.00e-12
 DF basis set:                           def2-universal-jkfit
 Number of DF basis functions:        5288
 Schwarz screening threshold:            1.00e-10
 Coulomb fitting method:                 Cholesky
 Total number of grid points:       754582
 Method for AO orthogonalization:        symmetric
 Threshold for linear dependence:        1.00e-08
 D3BJ dispersion energy:                -0.433189243

 -------------------------------------
  Running restricted closed-shell SCF 
 -------------------------------------
 Max number of iterations:             128
 Conv. threshold (gradient):             1.00e-05
 Conv. threshold (energy):               1.00e-06
 Interpolation scheme:                   adiis+cdiis
 Initial guess:                          SAD

 ---------------------------------------------------------------
                  energy        change          grad        time
 ---------------------------------------------------------------
   0     -3387.646651311                    3.97e+01       40.56
   1     -3377.888607139      9.76e+00      5.78e+00       46.31
   2     -3366.612152178      1.13e+01      2.46e+01       47.58
   3     -3377.058765972     -1.04e+01      2.11e+01       46.62
   4     -3374.133602198      2.93e+00      2.48e+01       47.16
   5     -3379.930306563     -5.80e+00      4.45e+00       47.56
   6     -3377.631709229      2.30e+00      1.86e+01       51.88
   7     -3379.876021441     -2.24e+00      5.43e+00       51.21
   8     -3380.158404404     -2.82e-01      5.32e-01       56.80
   9     -3380.068872680      8.95e-02      3.35e+00       60.88
  10     -3380.154404638     -8.55e-02      6.39e-01       59.55
  11     -3380.136888532      1.75e-02      2.38e+00       67.22
  12     -3380.166220908     -2.93e-02      3.10e-01       69.23
  13     -3380.152977700      1.32e-02      1.59e+00       66.05
  14     -3380.164629399     -1.17e-02      6.04e-01       63.58
  15     -3380.166624159     -1.99e-03      1.60e-01       66.36
  16     -3380.166582869      4.13e-05      1.31e-01       62.19
  17     -3380.166753441     -1.71e-04      8.87e-02       67.66
  18     -3380.166749251      4.19e-06      7.89e-02       64.44
  19     -3380.166799161     -4.99e-05      2.95e-04       57.15
  20     -3380.166799162     -5.20e-10      1.23e-04       49.16
  21     -3380.166799162     -5.76e-10      5.01e-05       47.87
  22     -3380.166799163     -3.66e-10      2.88e-05       48.48
  23     -3380.166799162      2.16e-10      1.08e-05       46.51
  24     -3380.166799163     -7.82e-11      2.28e-06       50.99

 SCF converged in 24 iterations.

 Dipole moment (in Debye):               0.307423      -0.494752      -0.331790

 Quadrupole moment (in Debye-Angstrom):
                  1            2            3
 1      -332.640563    -1.038004    -1.563421
 2        -1.038004  -337.389153    -4.466106
 3        -1.563421    -4.466106  -360.676267

 Spin-squared expectation <S^2>:         0.000
 Total spin quantum number S:            0.000
 TOTAL ENERGY:                       -3380.166799163

 --------------------------------------------------------------------------------

 End time:                               Wed Nov  3 15:20:34 2021
 Total wall-clock time:               1795.170 seconds
==================================================================================
