
================================================================================
          _____________ ________ _______________ ________     _________         
         / ___________// ______ \\_____   _____// ______ \   / ________)        
        / /_________  / /      \ \     | |     / /      \ \ | (_______          
       |  __________|| |        | |    | |    | |        | | \________ \        
        \ \_________ | |        | |    | |     \ \______/ /___________) |       
         \__________||_|        |_|    |_|      \________//____________/        
                                                                                
====================================[ Qcore ]===================================

 Git describe: 2.3.0-1-g21d9df7e5
 Compiler:     GNU 9.1.0
 Build type:   Release
 Version:      2.3.0-1-g21d9df7e5

 Start time:   Tue Oct 26 05:35:14 2021

 Data directory: /work/zw18965/.local/qcore/share/entos/qcore/data
 Number of threads: 24
 Number of threads was determined by: command line argument
  - More threads can be used by running 'qcore -n 32'

 --------------------------------------------------------------------------------
                                   command: dft                                  
 --------------------------------------------------------------------------------
 AO basis set:                           def2-tzvppd
 Number of AO basis functions:         721
 ECP on atom 1 (Mo):                     28 electrons

 Formula:                                C7H17NO2Mo
 Nuclear charge:                       124.000000000
 Total charge:                           0.000000000
 Number of core electrons:              28
 Number of treated electrons:           96

 Number of alpha electrons:             48
 Number of beta electrons:              48
 Number of unpaired electrons:           0
 Spin:                                   0
 Multiplicity:                           singlet

 Theory:                                 dft
 Exchange-correlation functional:        blyp
 Method for Coulomb:                     incore_df
 Integral threshold:                     1.00e-12
 DF basis set:                           def2-universal-jkfit
 Number of DF basis functions:        1317
 Schwarz screening threshold:            1.00e-10
 Coulomb fitting method:                 Cholesky
 Total number of grid points:       176688
 Method for AO orthogonalization:        symmetric
 Threshold for linear dependence:        1.00e-08
 D3BJ dispersion energy:                -0.066558861

 -------------------------------------
  Running restricted closed-shell SCF 
 -------------------------------------
 Max number of iterations:             128
 Conv. threshold (gradient):             1.00e-05
 Conv. threshold (energy):               1.00e-06
 Interpolation scheme:                   adiis+cdiis
 Initial guess:                          SAD

 ---------------------------------------------------------------
                  energy        change          grad        time
 ---------------------------------------------------------------
   0      -551.168417805                    2.85e+01        0.60
   1      -549.129291490      2.04e+00      5.71e+00        0.62
   2      -537.287602594      1.18e+01      2.65e+01        0.63
   3      -548.800835372     -1.15e+01      1.02e+01        0.62
   4      -549.827873021     -1.03e+00      6.80e+00        0.61
   5      -550.144007844     -3.16e-01      3.94e+00        0.64
   6      -550.285431987     -1.41e-01      3.53e+00        0.66
   7      -550.279786122      5.65e-03      4.11e+00        0.68
   8      -550.439828271     -1.60e-01      1.06e+00        0.72
   9      -550.341161608      9.87e-02      2.68e+00        0.75
  10      -550.421027877     -7.99e-02      1.48e+00        0.78
  11      -550.451804944     -3.08e-02      9.66e-01        0.80
  12      -550.450925027      8.80e-04      9.38e-01        0.83
  13      -550.459232520     -8.31e-03      5.20e-01        0.83
  14      -550.463612524     -4.38e-03      3.72e-01        0.82
  15      -550.460063996      3.55e-03      6.04e-01        0.80
  16      -550.464373666     -4.31e-03      2.07e-01        0.84
  17      -550.464529298     -1.56e-04      1.14e-01        0.80
  18      -550.464420019      1.09e-04      1.35e-01        0.77
  19      -550.464797272     -3.77e-04      4.16e-02        0.82
  20      -550.464286027      5.11e-04      1.85e-01        0.79
  21      -550.464824009     -5.38e-04      3.12e-04        0.76
  22      -550.464824010     -9.88e-10      2.57e-04        0.66
  23      -550.464824012     -1.18e-09      3.02e-05        0.67
  24      -550.464824012     -1.44e-11      2.09e-05        0.66
  25      -550.464824012     -1.34e-11      3.92e-06        0.65

 SCF converged in 25 iterations.

 Dipole moment (in Debye):              -2.310470       1.000668       0.269418

 Quadrupole moment (in Debye-Angstrom):
                  1            2            3
 1       -85.952497    -0.439961     0.056119
 2        -0.439961   -83.359339    -1.735334
 3         0.056119    -1.735334   -84.611757

 Spin-squared expectation <S^2>:         0.000
 Total spin quantum number S:            0.000
 TOTAL ENERGY:                        -550.464824012

 --------------------------------------------------------------------------------

 End time:                               Tue Oct 26 05:35:41 2021
 Total wall-clock time:                 27.228 seconds
==================================================================================
