
================================================================================
          _____________ ________ _______________ ________     _________         
         / ___________// ______ \\_____   _____// ______ \   / ________)        
        / /_________  / /      \ \     | |     / /      \ \ | (_______          
       |  __________|| |        | |    | |    | |        | | \________ \        
        \ \_________ | |        | |    | |     \ \______/ /___________) |       
         \__________||_|        |_|    |_|      \________//____________/        
                                                                                
====================================[ Qcore ]===================================

 Git describe: 2.3.0-1-g21d9df7e5
 Compiler:     GNU 9.1.0
 Build type:   Release
 Version:      2.3.0-1-g21d9df7e5

 Start time:   Tue Oct 26 05:33:38 2021

 Data directory: /work/zw18965/.local/qcore/share/entos/qcore/data
 Number of threads: 24
 Number of threads was determined by: command line argument
  - More threads can be used by running 'qcore -n 32'

 --------------------------------------------------------------------------------
                                   command: dft                                  
 --------------------------------------------------------------------------------
 AO basis set:                           def2-tzvppd
 Number of AO basis functions:        1005
 ECP on atom 15 (W):                     60 electrons

 Formula:                                C9H14O3S5W(2-)
 Nuclear charge:                       246.000000000
 Total charge:                          -2.000000000
 Number of core electrons:              60
 Number of treated electrons:          188

 Number of alpha electrons:             94
 Number of beta electrons:              94
 Number of unpaired electrons:           0
 Spin:                                   0
 Multiplicity:                           singlet

 Theory:                                 dft
 Exchange-correlation functional:        blyp
 Method for Coulomb:                     incore_df
 Integral threshold:                     1.00e-12
 DF basis set:                           def2-universal-jkfit
 Number of DF basis functions:        2025
 Schwarz screening threshold:            1.00e-10
 Coulomb fitting method:                 Cholesky
 Total number of grid points:       210218
 Method for AO orthogonalization:        symmetric
 Threshold for linear dependence:        1.00e-08
 D3BJ dispersion energy:                -0.124129603

 -------------------------------------
  Running restricted closed-shell SCF 
 -------------------------------------
 Max number of iterations:             128
 Conv. threshold (gradient):             1.00e-05
 Conv. threshold (energy):               1.00e-06
 Interpolation scheme:                   adiis+cdiis
 Initial guess:                          SAD

 ---------------------------------------------------------------
                  energy        change          grad        time
 ---------------------------------------------------------------
   0     -2637.561519408                    2.43e+02        1.15
   1     -2634.476115870      3.09e+00      4.41e+00        1.13
   2     -2611.281669215      2.32e+01      3.01e+01        1.13
   3     -2632.894483765     -2.16e+01      1.07e+01        1.21
   4     -2632.216513821      6.78e-01      1.46e+01        1.19
   5     -2635.390309987     -3.17e+00      1.47e+00        1.24
   6     -2634.916162934      4.74e-01      4.41e+00        1.25
   7     -2635.398524623     -4.82e-01      1.46e+00        1.33
   8     -2635.005354756      3.93e-01      7.27e+00        1.40
   9     -2635.441369701     -4.36e-01      1.70e+00        1.48
  10     -2635.416772448      2.46e-02      2.14e+00        1.61
  11     -2635.465551594     -4.88e-02      4.06e-01        1.66
  12     -2635.457661566      7.89e-03      6.72e-01        1.67
  13     -2635.468604022     -1.09e-02      3.37e-01        1.68
  14     -2635.465973215      2.63e-03      6.32e-01        1.69
  15     -2635.469970439     -4.00e-03      1.00e-01        1.76
  16     -2635.469784066      1.86e-04      1.12e-01        1.69
  17     -2635.469986580     -2.03e-04      1.59e-01        1.65
  18     -2635.470167931     -1.81e-04      8.52e-02        1.64
  19     -2635.470184385     -1.65e-05      5.05e-02        1.65
  20     -2635.470244334     -5.99e-05      2.91e-04        1.41
  21     -2635.470244337     -3.07e-09      1.23e-04        1.18
  22     -2635.470244337     -3.43e-10      1.02e-04        1.13
  23     -2635.470244338     -2.71e-10      3.22e-05        1.17
  24     -2635.470244338     -4.64e-11      1.52e-05        1.16
  25     -2635.470244338      1.23e-11      6.39e-06        1.19

 SCF converged in 25 iterations.

 Dipole moment (in Debye):               6.536993      -2.786179       0.469515

 Quadrupole moment (in Debye-Angstrom):
                  1            2            3
 1      -274.891814    -7.245579    -2.980724
 2        -7.245579  -202.658646    -3.503538
 3        -2.980724    -3.503538  -200.648054

 Spin-squared expectation <S^2>:         0.000
 Total spin quantum number S:            0.000
 TOTAL ENERGY:                       -2635.470244338

 --------------------------------------------------------------------------------

 End time:                               Tue Oct 26 05:34:47 2021
 Total wall-clock time:                 68.979 seconds
==================================================================================
