
================================================================================
          _____________ ________ _______________ ________     _________         
         / ___________// ______ \\_____   _____// ______ \   / ________)        
        / /_________  / /      \ \     | |     / /      \ \ | (_______          
       |  __________|| |        | |    | |    | |        | | \________ \        
        \ \_________ | |        | |    | |     \ \______/ /___________) |       
         \__________||_|        |_|    |_|      \________//____________/        
                                                                                
====================================[ Qcore ]===================================

 Git describe: 2.3.0-1-g21d9df7e5
 Compiler:     GNU 9.1.0
 Build type:   Release
 Version:      2.3.0-1-g21d9df7e5

 Start time:   Tue Oct 26 05:32:42 2021

 Data directory: /work/zw18965/.local/qcore/share/entos/qcore/data
 Number of threads: 24
 Number of threads was determined by: command line argument
  - More threads can be used by running 'qcore -n 32'

 --------------------------------------------------------------------------------
                                   command: dft                                  
 --------------------------------------------------------------------------------
 AO basis set:                           def2-tzvppd
 Number of AO basis functions:         664
 ECP on atom 1 (Zr):                     28 electrons

 Formula:                                C10H11ClZr
 Nuclear charge:                       128.000000000
 Total charge:                           0.000000000
 Number of core electrons:              28
 Number of treated electrons:          100

 Number of alpha electrons:             50
 Number of beta electrons:              50
 Number of unpaired electrons:           0
 Spin:                                   0
 Multiplicity:                           singlet

 Theory:                                 dft
 Exchange-correlation functional:        blyp
 Method for Coulomb:                     incore_df
 Integral threshold:                     1.00e-12
 DF basis set:                           def2-universal-jkfit
 Number of DF basis functions:        1331
 Schwarz screening threshold:            1.00e-10
 Coulomb fitting method:                 Cholesky
 Total number of grid points:       148470
 Method for AO orthogonalization:        symmetric
 Threshold for linear dependence:        1.00e-08
 D3BJ dispersion energy:                -0.068318294

 -------------------------------------
  Running restricted closed-shell SCF 
 -------------------------------------
 Max number of iterations:             128
 Conv. threshold (gradient):             1.00e-05
 Conv. threshold (energy):               1.00e-06
 Interpolation scheme:                   adiis+cdiis
 Initial guess:                          SAD

 ---------------------------------------------------------------
                  energy        change          grad        time
 ---------------------------------------------------------------
   0      -897.327418042                    2.66e+01        0.60
   1      -894.539471442      2.79e+00      2.37e+00        0.57
   2      -891.585904925      2.95e+00      1.63e+01        0.57
   3      -894.742766476     -3.16e+00      1.60e+00        0.54
   4      -894.428300783      3.14e-01      7.31e+00        0.60
   5      -895.044157215     -6.16e-01      6.33e-01        0.67
   6      -894.943702291      1.00e-01      2.47e+00        0.63
   7      -895.053485861     -1.10e-01      3.30e-01        0.65
   8      -895.060627438     -7.14e-03      1.47e-01        0.64
   9      -895.055893982      4.73e-03      4.37e-01        0.68
  10      -895.061314524     -5.42e-03      9.24e-02        0.70
  11      -895.061286891      2.76e-05      1.59e-01        0.69
  12      -895.061889406     -6.03e-04      1.13e-03        0.71
  13      -895.061889441     -3.51e-08      5.15e-04        0.59
  14      -895.061889452     -1.12e-08      1.09e-04        0.62
  15      -895.061889452     -4.41e-10      3.65e-05        0.59
  16      -895.061889452     -3.58e-11      1.12e-05        0.57
  17      -895.061889452     -3.98e-12      3.57e-06        0.55

 SCF converged in 17 iterations.

 Dipole moment (in Debye):              -0.014402      -3.157830       1.263462

 Quadrupole moment (in Debye-Angstrom):
                  1            2            3
 1       -97.414373     0.001461    -0.002024
 2         0.001461  -100.199692     0.653372
 3        -0.002024     0.653372   -93.500864

 Spin-squared expectation <S^2>:         0.000
 Total spin quantum number S:            0.000
 TOTAL ENERGY:                        -895.061889452

 --------------------------------------------------------------------------------

 End time:                               Tue Oct 26 05:33:00 2021
 Total wall-clock time:                 18.184 seconds
==================================================================================
