
================================================================================
          _____________ ________ _______________ ________     _________         
         / ___________// ______ \\_____   _____// ______ \   / ________)        
        / /_________  / /      \ \     | |     / /      \ \ | (_______          
       |  __________|| |        | |    | |    | |        | | \________ \        
        \ \_________ | |        | |    | |     \ \______/ /___________) |       
         \__________||_|        |_|    |_|      \________//____________/        
                                                                                
====================================[ Qcore ]===================================

 Git describe: 2.3.0-1-g21d9df7e5
 Compiler:     GNU 9.1.0
 Build type:   Release
 Version:      2.3.0-1-g21d9df7e5

 Start time:   Tue Oct 26 05:34:51 2021

 Data directory: /work/zw18965/.local/qcore/share/entos/qcore/data
 Number of threads: 24
 Number of threads was determined by: command line argument
  - More threads can be used by running 'qcore -n 32'

 --------------------------------------------------------------------------------
                                   command: dft                                  
 --------------------------------------------------------------------------------
 AO basis set:                           def2-tzvppd
 Number of AO basis functions:         871
 ECP on atom 2 (Mo):                     28 electrons

 Formula:                                C7H13O2S5Mo-
 Nuclear charge:                       193.000000000
 Total charge:                          -1.000000000
 Number of core electrons:              28
 Number of treated electrons:          166

 Number of alpha electrons:             83
 Number of beta electrons:              83
 Number of unpaired electrons:           0
 Spin:                                   0
 Multiplicity:                           singlet

 Theory:                                 dft
 Exchange-correlation functional:        blyp
 Method for Coulomb:                     incore_df
 Integral threshold:                     1.00e-12
 DF basis set:                           def2-universal-jkfit
 Number of DF basis functions:        1808
 Schwarz screening threshold:            1.00e-10
 Coulomb fitting method:                 Cholesky
 Total number of grid points:       183078
 Method for AO orthogonalization:        symmetric
 Threshold for linear dependence:        1.00e-08
 D3BJ dispersion energy:                -0.112683274

 -------------------------------------
  Running restricted closed-shell SCF 
 -------------------------------------
 Max number of iterations:             128
 Conv. threshold (gradient):             1.00e-05
 Conv. threshold (energy):               1.00e-06
 Interpolation scheme:                   adiis+cdiis
 Initial guess:                          SAD

 ---------------------------------------------------------------
                  energy        change          grad        time
 ---------------------------------------------------------------
   0     -2486.373569625                    2.70e+01        0.80
   1     -2483.309634321      3.06e+00      8.26e+00        0.81
   2     -2466.342155871      1.70e+01      2.93e+01        0.85
   3     -2481.137334193     -1.48e+01      1.38e+01        0.84
   4     -2479.275905563      1.86e+00      1.77e+01        0.86
   5     -2484.346293246     -5.07e+00      2.50e+00        0.90
   6     -2483.526845759      8.19e-01      1.08e+01        0.91
   7     -2484.342299293     -8.15e-01      3.60e+00        0.97
   8     -2484.106315633      2.36e-01      7.82e+00        1.02
   9     -2484.526718246     -4.20e-01      1.02e+00        1.10
  10     -2484.452830523      7.39e-02      2.69e+00        1.14
  11     -2484.523813901     -7.10e-02      1.19e+00        1.23
  12     -2484.484957327      3.89e-02      2.44e+00        1.17
  13     -2484.531771780     -4.68e-02      6.01e-01        1.18
  14     -2484.525468634      6.30e-03      1.09e+00        1.14
  15     -2484.533455065     -7.99e-03      3.29e-01        1.16
  16     -2484.533443732      1.13e-05      3.80e-01        1.15
  17     -2484.534630980     -1.19e-03      1.59e-01        1.15
  18     -2484.533619293      1.01e-03      3.10e-01        1.23
  19     -2484.534458468     -8.39e-04      2.44e-01        1.16
  20     -2484.534427483      3.10e-05      2.36e-01        1.14
  21     -2484.534903958     -4.76e-04      3.62e-02        1.16
  22     -2484.534518425      3.86e-04      1.72e-01        1.18
  23     -2484.534921242     -4.03e-04      2.01e-04        1.00
  24     -2484.534921242     -6.69e-10      1.06e-04        0.87
  25     -2484.534921243     -6.81e-10      4.46e-05        0.90
  26     -2484.534921243     -6.82e-11      2.15e-05        0.93
  27     -2484.534921243     -2.86e-11      7.42e-06        0.85

 SCF converged in 27 iterations.

 Dipole moment (in Debye):              -5.795596      -1.005017       1.057110

 Quadrupole moment (in Debye-Angstrom):
                  1            2            3
 1      -155.702519     0.244087     1.119618
 2         0.244087  -165.491416    -0.152767
 3         1.119618    -0.152767  -165.930934

 Spin-squared expectation <S^2>:         0.000
 Total spin quantum number S:            0.000
 TOTAL ENERGY:                       -2484.534921243

 --------------------------------------------------------------------------------

 End time:                               Tue Oct 26 05:35:31 2021
 Total wall-clock time:                 40.265 seconds
==================================================================================
