
================================================================================
          _____________ ________ _______________ ________     _________         
         / ___________// ______ \\_____   _____// ______ \   / ________)        
        / /_________  / /      \ \     | |     / /      \ \ | (_______          
       |  __________|| |        | |    | |    | |        | | \________ \        
        \ \_________ | |        | |    | |     \ \______/ /___________) |       
         \__________||_|        |_|    |_|      \________//____________/        
                                                                                
====================================[ Qcore ]===================================

 Git describe: 2.3.0-1-g21d9df7e5
 Compiler:     GNU 9.1.0
 Build type:   Release
 Version:      2.3.0-1-g21d9df7e5

 Start time:   Tue Oct 26 05:34:35 2021

 Data directory: /work/zw18965/.local/qcore/share/entos/qcore/data
 Number of threads: 24
 Number of threads was determined by: command line argument
  - More threads can be used by running 'qcore -n 32'

 --------------------------------------------------------------------------------
                                   command: dft                                  
 --------------------------------------------------------------------------------
 AO basis set:                           def2-tzvppd
 Number of AO basis functions:         871
 ECP on atom 2 (Mo):                     28 electrons

 Formula:                                C7H13O2S5Mo-
 Nuclear charge:                       193.000000000
 Total charge:                          -1.000000000
 Number of core electrons:              28
 Number of treated electrons:          166

 Number of alpha electrons:             83
 Number of beta electrons:              83
 Number of unpaired electrons:           0
 Spin:                                   0
 Multiplicity:                           singlet

 Theory:                                 dft
 Exchange-correlation functional:        blyp
 Method for Coulomb:                     incore_df
 Integral threshold:                     1.00e-12
 DF basis set:                           def2-universal-jkfit
 Number of DF basis functions:        1808
 Schwarz screening threshold:            1.00e-10
 Coulomb fitting method:                 Cholesky
 Total number of grid points:       183078
 Method for AO orthogonalization:        symmetric
 Threshold for linear dependence:        1.00e-08
 D3BJ dispersion energy:                -0.110043335

 -------------------------------------
  Running restricted closed-shell SCF 
 -------------------------------------
 Max number of iterations:             128
 Conv. threshold (gradient):             1.00e-05
 Conv. threshold (energy):               1.00e-06
 Interpolation scheme:                   adiis+cdiis
 Initial guess:                          SAD

 ---------------------------------------------------------------
                  energy        change          grad        time
 ---------------------------------------------------------------
   0     -2486.545060659                    2.64e+01        0.81
   1     -2483.404209689      3.14e+00      7.32e+00        0.80
   2     -2469.624444218      1.38e+01      2.65e+01        0.83
   3     -2483.177030264     -1.36e+01      8.61e+00        0.81
   4     -2484.410497298     -1.23e+00      3.28e+00        0.85
   5     -2481.454849379      2.96e+00      1.64e+01        0.88
   6     -2484.119963121     -2.67e+00      6.22e+00        0.93
   7     -2484.375996409     -2.56e-01      4.30e+00        0.92
   8     -2484.378427774     -2.43e-03      3.93e+00        1.00
   9     -2484.532889845     -1.54e-01      3.56e-01        1.05
  10     -2484.502965977      2.99e-02      1.39e+00        1.11
  11     -2484.531804503     -2.88e-02      5.06e-01        1.16
  12     -2484.517152867      1.47e-02      1.46e+00        1.15
  13     -2484.535025462     -1.79e-02      3.47e-01        1.15
  14     -2484.532014886      3.01e-03      6.92e-01        1.17
  15     -2484.535804823     -3.79e-03      1.56e-01        1.13
  16     -2484.535882503     -7.77e-05      1.05e-01        1.18
  17     -2484.536029823     -1.47e-04      9.22e-02        1.17
  18     -2484.536027961      1.86e-06      9.38e-02        1.18
  19     -2484.536107671     -7.97e-05      7.05e-04        1.00
  20     -2484.536107689     -1.77e-08      2.50e-04        0.84
  21     -2484.536107690     -9.55e-10      7.40e-05        0.88
  22     -2484.536107690     -2.31e-10      3.50e-05        0.83
  23     -2484.536107690     -6.18e-11      1.88e-05        0.84
  24     -2484.536107690      2.27e-12      2.51e-06        0.86

 SCF converged in 24 iterations.

 Dipole moment (in Debye):              -8.229821      -0.300969       1.536490

 Quadrupole moment (in Debye-Angstrom):
                  1            2            3
 1      -150.014288     0.223876    -2.340193
 2         0.223876  -165.234297     0.694220
 3        -2.340193     0.694220  -168.047170

 Spin-squared expectation <S^2>:         0.000
 Total spin quantum number S:            0.000
 TOTAL ENERGY:                       -2484.536107690

 --------------------------------------------------------------------------------

 End time:                               Tue Oct 26 05:35:11 2021
 Total wall-clock time:                 35.683 seconds
==================================================================================
