
================================================================================
          _____________ ________ _______________ ________     _________         
         / ___________// ______ \\_____   _____// ______ \   / ________)        
        / /_________  / /      \ \     | |     / /      \ \ | (_______          
       |  __________|| |        | |    | |    | |        | | \________ \        
        \ \_________ | |        | |    | |     \ \______/ /___________) |       
         \__________||_|        |_|    |_|      \________//____________/        
                                                                                
====================================[ Qcore ]===================================

 Git describe: 2.3.0-1-g21d9df7e5
 Compiler:     GNU 9.1.0
 Build type:   Release
 Version:      2.3.0-1-g21d9df7e5

 Start time:   Tue Oct 26 05:33:26 2021

 Data directory: /work/zw18965/.local/qcore/share/entos/qcore/data
 Number of threads: 24
 Number of threads was determined by: command line argument
  - More threads can be used by running 'qcore -n 32'

 --------------------------------------------------------------------------------
                                   command: dft                                  
 --------------------------------------------------------------------------------
 AO basis set:                           def2-tzvppd
 Number of AO basis functions:        1005
 ECP on atom 15 (W):                     60 electrons

 Formula:                                C9H14O3S5W(2-)
 Nuclear charge:                       246.000000000
 Total charge:                          -2.000000000
 Number of core electrons:              60
 Number of treated electrons:          188

 Number of alpha electrons:             94
 Number of beta electrons:              94
 Number of unpaired electrons:           0
 Spin:                                   0
 Multiplicity:                           singlet

 Theory:                                 dft
 Exchange-correlation functional:        blyp
 Method for Coulomb:                     incore_df
 Integral threshold:                     1.00e-12
 DF basis set:                           def2-universal-jkfit
 Number of DF basis functions:        2025
 Schwarz screening threshold:            1.00e-10
 Coulomb fitting method:                 Cholesky
 Total number of grid points:       210218
 Method for AO orthogonalization:        symmetric
 Threshold for linear dependence:        1.00e-08
 D3BJ dispersion energy:                -0.117601197

 -------------------------------------
  Running restricted closed-shell SCF 
 -------------------------------------
 Max number of iterations:             128
 Conv. threshold (gradient):             1.00e-05
 Conv. threshold (energy):               1.00e-06
 Interpolation scheme:                   adiis+cdiis
 Initial guess:                          SAD

 ---------------------------------------------------------------
                  energy        change          grad        time
 ---------------------------------------------------------------
   0     -2637.392360527                    2.30e+02        1.09
   1     -2634.441706175      2.95e+00      3.73e+00        1.06
   2     -2613.290211281      2.12e+01      2.65e+01        1.09
   3     -2633.725084082     -2.04e+01      6.35e+00        1.12
   4     -2625.557233943      8.17e+00      1.11e+01        1.12
   5     -2635.358611578     -9.80e+00      1.79e+00        1.16
   6     -2632.007928195      3.35e+00      1.48e+01        1.17
   7     -2635.061656538     -3.05e+00      3.63e+00        1.27
   8     -2635.470947854     -4.09e-01      4.26e-01        1.27
   9     -2635.463334305      7.61e-03      6.38e-01        1.40
  10     -2635.465033032     -1.70e-03      1.20e+00        1.48
  11     -2635.481840825     -1.68e-02      4.88e-01        1.58
  12     -2635.473189440      8.65e-03      8.35e-01        1.54
  13     -2635.481840809     -8.65e-03      4.77e-01        1.60
  14     -2635.482623463     -7.83e-04      2.10e-01        1.61
  15     -2635.484622859     -2.00e-03      2.41e-02        1.56
  16     -2635.484330475      2.92e-04      1.22e-01        1.56
  17     -2635.484643267     -3.13e-04      1.47e-03        1.32
  18     -2635.484643329     -6.18e-08      5.03e-04        1.13
  19     -2635.484643335     -6.00e-09      2.12e-04        1.12
  20     -2635.484643337     -2.11e-09      1.13e-04        1.14
  21     -2635.484643337      1.00e-10      9.90e-05        1.12
  22     -2635.484643338     -4.75e-10      1.16e-05        1.15
  23     -2635.484643338     -2.46e-11      5.42e-06        1.14

 SCF converged in 23 iterations.

 Dipole moment (in Debye):               9.532506       1.315050       2.660638

 Quadrupole moment (in Debye-Angstrom):
                  1            2            3
 1      -273.482198    -8.423744    12.905144
 2        -8.423744  -213.562720     3.897758
 3        12.905144     3.897758  -198.388048

 Spin-squared expectation <S^2>:         0.000
 Total spin quantum number S:            0.000
 TOTAL ENERGY:                       -2635.484643338

 --------------------------------------------------------------------------------

 End time:                               Tue Oct 26 05:34:31 2021
 Total wall-clock time:                 64.625 seconds
==================================================================================
