
================================================================================
          _____________ ________ _______________ ________     _________         
         / ___________// ______ \\_____   _____// ______ \   / ________)        
        / /_________  / /      \ \     | |     / /      \ \ | (_______          
       |  __________|| |        | |    | |    | |        | | \________ \        
        \ \_________ | |        | |    | |     \ \______/ /___________) |       
         \__________||_|        |_|    |_|      \________//____________/        
                                                                                
====================================[ Qcore ]===================================

 Git describe: 2.3.0-1-g21d9df7e5
 Compiler:     GNU 9.1.0
 Build type:   Release
 Version:      2.3.0-1-g21d9df7e5

 Start time:   Tue Oct 26 05:33:08 2021

 Data directory: /work/zw18965/.local/qcore/share/entos/qcore/data
 Number of threads: 24
 Number of threads was determined by: command line argument
  - More threads can be used by running 'qcore -n 32'

 --------------------------------------------------------------------------------
                                   command: dft                                  
 --------------------------------------------------------------------------------
 AO basis set:                           def2-tzvppd
 Number of AO basis functions:         772
 ECP on atom 1 (Zr):                     28 electrons

 Formula:                                C12H13ClZr
 Nuclear charge:                       142.000000000
 Total charge:                           0.000000000
 Number of core electrons:              28
 Number of treated electrons:          114

 Number of alpha electrons:             57
 Number of beta electrons:              57
 Number of unpaired electrons:           0
 Spin:                                   0
 Multiplicity:                           singlet

 Theory:                                 dft
 Exchange-correlation functional:        blyp
 Method for Coulomb:                     incore_df
 Integral threshold:                     1.00e-12
 DF basis set:                           def2-universal-jkfit
 Number of DF basis functions:        1517
 Schwarz screening threshold:            1.00e-10
 Coulomb fitting method:                 Cholesky
 Total number of grid points:       173850
 Method for AO orthogonalization:        symmetric
 Threshold for linear dependence:        1.00e-08
 D3BJ dispersion energy:                -0.084474484

 -------------------------------------
  Running restricted closed-shell SCF 
 -------------------------------------
 Max number of iterations:             128
 Conv. threshold (gradient):             1.00e-05
 Conv. threshold (energy):               1.00e-06
 Interpolation scheme:                   adiis+cdiis
 Initial guess:                          SAD

 ---------------------------------------------------------------
                  energy        change          grad        time
 ---------------------------------------------------------------
   0      -974.870307860                    2.90e+01        0.86
   1      -971.771601778      3.10e+00      2.39e+00        0.79
   2      -968.202988537      3.57e+00      1.79e+01        0.81
   3      -971.978795887     -3.78e+00      1.67e+00        0.81
   4      -971.243832114      7.35e-01      1.01e+01        0.82
   5      -972.382339613     -1.14e+00      3.17e-01        0.79
   6      -972.357931032      2.44e-02      5.88e-01        0.92
   7      -972.391616203     -3.37e-02      2.32e-01        0.89
   8      -972.387237013      4.38e-03      5.35e-01        0.90
   9      -972.392634630     -5.40e-03      1.47e-01        0.95
  10      -972.393309942     -6.75e-04      1.89e-01        0.97
  11      -972.393574697     -2.65e-04      1.57e-01        1.02
  12      -972.393945994     -3.71e-04      4.30e-02        1.01
  13      -972.394001333     -5.53e-05      3.39e-02        1.03
  14      -972.394084235     -8.29e-05      2.79e-04        0.95
  15      -972.394084239     -4.32e-09      1.43e-04        0.85
  16      -972.394084240     -8.44e-10      4.94e-05        0.85
  17      -972.394084240     -9.37e-11      1.66e-05        0.80
  18      -972.394084240     -1.34e-11      6.29e-06        0.90

 SCF converged in 18 iterations.

 Dipole moment (in Debye):               0.424391      -2.009180       2.222262

 Quadrupole moment (in Debye-Angstrom):
                  1            2            3
 1      -109.497624    -1.696486     0.729132
 2        -1.696486  -108.064502     5.690721
 3         0.729132     5.690721  -107.553886

 Spin-squared expectation <S^2>:         0.000
 Total spin quantum number S:            0.000
 TOTAL ENERGY:                        -972.394084240

 --------------------------------------------------------------------------------

 End time:                               Tue Oct 26 05:33:34 2021
 Total wall-clock time:                 26.341 seconds
==================================================================================
