
================================================================================
          _____________ ________ _______________ ________     _________         
         / ___________// ______ \\_____   _____// ______ \   / ________)        
        / /_________  / /      \ \     | |     / /      \ \ | (_______          
       |  __________|| |        | |    | |    | |        | | \________ \        
        \ \_________ | |        | |    | |     \ \______/ /___________) |       
         \__________||_|        |_|    |_|      \________//____________/        
                                                                                
====================================[ Qcore ]===================================

 Git describe: 2.3.0-1-g21d9df7e5
 Compiler:     GNU 9.1.0
 Build type:   Release
 Version:      2.3.0-1-g21d9df7e5

 Start time:   Tue Oct 26 05:36:12 2021

 Data directory: /work/zw18965/.local/qcore/share/entos/qcore/data
 Number of threads: 24
 Number of threads was determined by: command line argument

 --------------------------------------------------------------------------------
                                   command: dft                                  
 --------------------------------------------------------------------------------
 AO basis set:                           def2-tzvppd
 Number of AO basis functions:         721
 ECP on atom 1 (Mo):                     28 electrons

 Formula:                                C7H17NO2Mo
 Nuclear charge:                       124.000000000
 Total charge:                           0.000000000
 Number of core electrons:              28
 Number of treated electrons:           96

 Number of alpha electrons:             48
 Number of beta electrons:              48
 Number of unpaired electrons:           0
 Spin:                                   0
 Multiplicity:                           singlet

 Theory:                                 dft
 Exchange-correlation functional:        blyp
 Method for Coulomb:                     incore_df
 Integral threshold:                     1.00e-12
 DF basis set:                           def2-universal-jkfit
 Number of DF basis functions:        1317
 Schwarz screening threshold:            1.00e-10
 Coulomb fitting method:                 Cholesky
 Total number of grid points:       176688
 Method for AO orthogonalization:        symmetric
 Threshold for linear dependence:        1.00e-08
 D3BJ dispersion energy:                -0.065854684

 -------------------------------------
  Running restricted closed-shell SCF 
 -------------------------------------
 Max number of iterations:             128
 Conv. threshold (gradient):             1.00e-05
 Conv. threshold (energy):               1.00e-06
 Interpolation scheme:                   adiis+cdiis
 Initial guess:                          SAD

 ---------------------------------------------------------------
                  energy        change          grad        time
 ---------------------------------------------------------------
   0      -551.314743077                    3.09e+01        0.63
   1      -549.121985330      2.19e+00      6.07e+00        0.63
   2      -537.300211974      1.18e+01      3.08e+01        0.62
   3      -549.012954610     -1.17e+01      9.67e+00        0.64
   4      -550.418952442     -1.41e+00      1.66e+00        0.62
   5      -549.406140793      1.01e+00      8.88e+00        0.66
   6      -550.364862293     -9.59e-01      2.39e+00        0.63
   7      -550.414432952     -4.96e-02      1.96e+00        0.74
   8      -550.464377621     -4.99e-02      1.04e+00        0.70
   9      -550.473556309     -9.18e-03      7.74e-01        0.77
  10      -550.469049443      4.51e-03      8.43e-01        0.82
  11      -550.481673197     -1.26e-02      1.39e-01        0.80
  12      -550.474652206      7.02e-03      7.18e-01        0.78
  13      -550.481092713     -6.44e-03      2.21e-01        0.82
  14      -550.481991614     -8.99e-04      6.12e-02        0.84
  15      -550.481833972      1.58e-04      1.13e-01        0.80
  16      -550.482045297     -2.11e-04      6.32e-04        0.74
  17      -550.482045302     -5.39e-09      1.45e-04        0.62
  18      -550.482045303     -3.45e-10      5.12e-05        0.70
  19      -550.482045303     -7.37e-11      1.88e-05        0.72
  20      -550.482045303     -1.14e-11      4.65e-06        0.64

 SCF converged in 20 iterations.

 Dipole moment (in Debye):              -2.340594       0.546582       0.578715

 Quadrupole moment (in Debye-Angstrom):
                  1            2            3
 1       -85.104484    -0.746918    -0.365162
 2        -0.746918   -81.762576     0.541179
 3        -0.365162     0.541179   -86.437677

 Spin-squared expectation <S^2>:         0.000
 Total spin quantum number S:            0.000
 TOTAL ENERGY:                        -550.482045303

 --------------------------------------------------------------------------------

 End time:                               Tue Oct 26 05:36:36 2021
 Total wall-clock time:                 23.389 seconds
==================================================================================
