
================================================================================
          _____________ ________ _______________ ________     _________         
         / ___________// ______ \\_____   _____// ______ \   / ________)        
        / /_________  / /      \ \     | |     / /      \ \ | (_______          
       |  __________|| |        | |    | |    | |        | | \________ \        
        \ \_________ | |        | |    | |     \ \______/ /___________) |       
         \__________||_|        |_|    |_|      \________//____________/        
                                                                                
====================================[ Qcore ]===================================

 Git describe: 2.3.0-1-g21d9df7e5
 Compiler:     GNU 9.1.0
 Build type:   Release
 Version:      2.3.0-1-g21d9df7e5

 Start time:   Tue Oct 26 05:36:41 2021

 Data directory: /work/zw18965/.local/qcore/share/entos/qcore/data
 Number of threads: 24
 Number of threads was determined by: command line argument
  - More threads can be used by running 'qcore -n 32'

 --------------------------------------------------------------------------------
                                   command: dft                                  
 --------------------------------------------------------------------------------
 AO basis set:                           def2-tzvppd
 Number of AO basis functions:         815
 ECP on atom 25 (Au):                    60 electrons

 Formula:                                C9H15O3PAu+
 Nuclear charge:                       187.000000000
 Total charge:                           1.000000000
 Number of core electrons:              60
 Number of treated electrons:          126

 Number of alpha electrons:             63
 Number of beta electrons:              63
 Number of unpaired electrons:           0
 Spin:                                   0
 Multiplicity:                           singlet

 Theory:                                 dft
 Exchange-correlation functional:        blyp
 Method for Coulomb:                     incore_df
 Integral threshold:                     1.00e-12
 DF basis set:                           def2-universal-jkfit
 Number of DF basis functions:        1551
 Schwarz screening threshold:            1.00e-10
 Coulomb fitting method:                 Cholesky
 Total number of grid points:       186852
 Method for AO orthogonalization:        symmetric
 Threshold for linear dependence:        1.00e-08
 D3BJ dispersion energy:                -0.072843894

 -------------------------------------
  Running restricted closed-shell SCF 
 -------------------------------------
 Max number of iterations:             128
 Conv. threshold (gradient):             1.00e-05
 Conv. threshold (energy):               1.00e-06
 Interpolation scheme:                   adiis+cdiis
 Initial guess:                          SAD

 ---------------------------------------------------------------
                  energy        change          grad        time
 ---------------------------------------------------------------
   0     -1057.161561597                    2.99e+01        0.72
   1     -1054.092986280      3.07e+00      3.28e+00        0.78
   2     -1050.547128132      3.55e+00      1.27e+01        0.73
   3     -1054.130267873     -3.58e+00      3.45e+00        0.80
   4     -1051.960670293      2.17e+00      1.11e+01        0.76
   5     -1054.584862562     -2.62e+00      1.47e+00        0.79
   6     -1054.413453871      1.71e-01      3.74e+00        0.86
   7     -1054.593932025     -1.80e-01      1.18e+00        0.83
   8     -1054.612162641     -1.82e-02      2.18e-01        0.87
   9     -1054.605508965      6.65e-03      6.81e-01        0.93
  10     -1054.612185442     -6.68e-03      2.15e-01        0.97
  11     -1054.612994263     -8.09e-04      1.73e-02        1.01
  12     -1054.612954107      4.02e-05      4.90e-02        1.07
  13     -1054.613001108     -4.70e-05      2.55e-03        0.92
  14     -1054.613001274     -1.66e-07      9.75e-04        0.78
  15     -1054.613001291     -1.74e-08      1.62e-04        0.77
  16     -1054.613001292     -8.50e-10      4.59e-05        0.78
  17     -1054.613001292     -8.84e-11      1.61e-05        0.75
  18     -1054.613001292     -1.80e-11      6.07e-06        0.79

 SCF converged in 18 iterations.

 Dipole moment (in Debye):               6.308679      -0.086448       0.395189

 Quadrupole moment (in Debye-Angstrom):
                  1            2            3
 1       -28.397179    -6.600957    -0.854541
 2        -6.600957   -99.166833    -0.328181
 3        -0.854541    -0.328181   -99.143659

 Spin-squared expectation <S^2>:         0.000
 Total spin quantum number S:            0.000
 TOTAL ENERGY:                       -1054.613001292

 --------------------------------------------------------------------------------

 End time:                               Tue Oct 26 05:37:20 2021
 Total wall-clock time:                 38.245 seconds
==================================================================================
