
================================================================================
          _____________ ________ _______________ ________     _________         
         / ___________// ______ \\_____   _____// ______ \   / ________)        
        / /_________  / /      \ \     | |     / /      \ \ | (_______          
       |  __________|| |        | |    | |    | |        | | \________ \        
        \ \_________ | |        | |    | |     \ \______/ /___________) |       
         \__________||_|        |_|    |_|      \________//____________/        
                                                                                
====================================[ Qcore ]===================================

 Git describe: 2.3.0-1-g21d9df7e5
 Compiler:     GNU 9.1.0
 Build type:   Release
 Version:      2.3.0-1-g21d9df7e5

 Start time:   Tue Oct 26 05:37:14 2021

 Data directory: /work/zw18965/.local/qcore/share/entos/qcore/data
 Number of threads: 24
 Number of threads was determined by: command line argument

 --------------------------------------------------------------------------------
                                   command: dft                                  
 --------------------------------------------------------------------------------
 AO basis set:                           def2-tzvppd
 Number of AO basis functions:        1122
 ECP on atom 23 (Au):                    60 electrons

 Formula:                                C16H14O2Cl3Au
 Nuclear charge:                       256.000000000
 Total charge:                           0.000000000
 Number of core electrons:              60
 Number of treated electrons:          196

 Number of alpha electrons:             98
 Number of beta electrons:              98
 Number of unpaired electrons:           0
 Spin:                                   0
 Multiplicity:                           singlet

 Theory:                                 dft
 Exchange-correlation functional:        blyp
 Method for Coulomb:                     incore_df
 Integral threshold:                     1.00e-12
 DF basis set:                           def2-universal-jkfit
 Number of DF basis functions:        2237
 Schwarz screening threshold:            1.00e-10
 Coulomb fitting method:                 Cholesky
 Total number of grid points:       236750
 Method for AO orthogonalization:        symmetric
 Threshold for linear dependence:        1.00e-08
 D3BJ dispersion energy:                -0.115310011

 -------------------------------------
  Running restricted closed-shell SCF 
 -------------------------------------
 Max number of iterations:             128
 Conv. threshold (gradient):             1.00e-05
 Conv. threshold (energy):               1.00e-06
 Interpolation scheme:                   adiis+cdiis
 Initial guess:                          SAD

 ---------------------------------------------------------------
                  energy        change          grad        time
 ---------------------------------------------------------------
   0     -2288.985522888                    3.77e+01        1.70
   1     -2283.986564202      5.00e+00      7.63e+00        1.74
   2     -2273.660227355      1.03e+01      1.44e+01        1.58
   3     -2283.925709516     -1.03e+01      6.54e+00        1.65
   4     -2283.985940043     -6.02e-02      3.62e+00        1.63
   5     -2284.964460253     -9.79e-01      1.21e+00        1.67
   6     -2284.890653490      7.38e-02      1.99e+00        1.71
   7     -2285.006733807     -1.16e-01      1.05e+00        1.81
   8     -2284.988694178      1.80e-02      1.29e+00        1.92
   9     -2285.026466129     -3.78e-02      6.30e-01        2.00
  10     -2285.025454489      1.01e-03      7.50e-01        2.09
  11     -2285.033973148     -8.52e-03      2.04e-01        2.18
  12     -2285.031152472      2.82e-03      3.42e-01        2.16
  13     -2285.035240484     -4.09e-03      1.03e-01        2.16
  14     -2285.034582523      6.58e-04      1.57e-01        2.21
  15     -2285.035492725     -9.10e-04      6.12e-02        2.31
  16     -2285.035379373      1.13e-04      9.24e-02        2.33
  17     -2285.035649875     -2.71e-04      7.16e-04        1.85
  18     -2285.035649892     -1.67e-08      3.29e-04        1.70
  19     -2285.035649892     -1.34e-10      2.43e-04        1.75
  20     -2285.035649895     -2.64e-09      4.34e-05        1.67
  21     -2285.035649895     -7.28e-11      1.14e-05        1.74
  22     -2285.035649895     -3.18e-12      6.93e-06        1.75

 SCF converged in 22 iterations.

 Dipole moment (in Debye):               8.434847       4.705459      -2.328487

 Quadrupole moment (in Debye-Angstrom):
                  1            2            3
 1      -163.214355   -17.492359     8.519087
 2       -17.492359  -149.749223     6.766556
 3         8.519087     6.766556  -162.574570

 Spin-squared expectation <S^2>:         0.000
 Total spin quantum number S:            0.000
 TOTAL ENERGY:                       -2285.035649895

 --------------------------------------------------------------------------------

 End time:                               Tue Oct 26 05:38:41 2021
 Total wall-clock time:                 87.003 seconds
==================================================================================
