
================================================================================
          _____________ ________ _______________ ________     _________         
         / ___________// ______ \\_____   _____// ______ \   / ________)        
        / /_________  / /      \ \     | |     / /      \ \ | (_______          
       |  __________|| |        | |    | |    | |        | | \________ \        
        \ \_________ | |        | |    | |     \ \______/ /___________) |       
         \__________||_|        |_|    |_|      \________//____________/        
                                                                                
====================================[ Qcore ]===================================

 Git describe: 2.3.0-1-g21d9df7e5
 Compiler:     GNU 9.1.0
 Build type:   Release
 Version:      2.3.0-1-g21d9df7e5

 Start time:   Tue Oct 26 05:36:39 2021

 Data directory: /work/zw18965/.local/qcore/share/entos/qcore/data
 Number of threads: 24
 Number of threads was determined by: command line argument

 --------------------------------------------------------------------------------
                                   command: dft                                  
 --------------------------------------------------------------------------------
 AO basis set:                           def2-tzvppd
 Number of AO basis functions:         825
 ECP on atom 1 (Re):                     60 electrons

 Formula:                                C9H8O6BrRe
 Nuclear charge:                       220.000000000
 Total charge:                           0.000000000
 Number of core electrons:              60
 Number of treated electrons:          160

 Number of alpha electrons:             80
 Number of beta electrons:              80
 Number of unpaired electrons:           0
 Spin:                                   0
 Multiplicity:                           singlet

 Theory:                                 dft
 Exchange-correlation functional:        blyp
 Method for Coulomb:                     incore_df
 Integral threshold:                     1.00e-12
 DF basis set:                           def2-universal-jkfit
 Number of DF basis functions:        1774
 Schwarz screening threshold:            1.00e-10
 Coulomb fitting method:                 Cholesky
 Total number of grid points:       167124
 Method for AO orthogonalization:        symmetric
 Threshold for linear dependence:        1.00e-08
 D3BJ dispersion energy:                -0.081387147

 -------------------------------------
  Running restricted closed-shell SCF 
 -------------------------------------
 Max number of iterations:             128
 Conv. threshold (gradient):             1.00e-05
 Conv. threshold (energy):               1.00e-06
 Interpolation scheme:                   adiis+cdiis
 Initial guess:                          SAD

 ---------------------------------------------------------------
                  energy        change          grad        time
 ---------------------------------------------------------------
   0     -3454.578707200                    2.16e+02        0.89
   1     -3451.450357158      3.13e+00      2.92e+00        0.82
   2     -3448.355379720      3.09e+00      1.20e+01        0.80
   3     -3451.652420283     -3.30e+00      2.69e+00        0.80
   4     -3451.664285458     -1.19e-02      3.79e+00        0.81
   5     -3451.685785923     -2.15e-02      3.94e+00        0.85
   6     -3451.856408542     -1.71e-01      1.29e+00        0.91
   7     -3451.850505453      5.90e-03      1.20e+00        0.91
   8     -3451.872898784     -2.24e-02      9.87e-01        0.90
   9     -3451.886995211     -1.41e-02      7.55e-01        1.02
  10     -3451.890874191     -3.88e-03      6.40e-01        1.04
  11     -3451.891846845     -9.73e-04      3.61e-01        1.07
  12     -3451.896145456     -4.30e-03      1.28e-01        1.16
  13     -3451.894510910      1.63e-03      3.30e-01        1.07
  14     -3451.896219851     -1.71e-03      9.87e-02        1.16
  15     -3451.896139966      7.99e-05      1.62e-01        1.14
  16     -3451.896434526     -2.95e-04      7.02e-04        1.01
  17     -3451.896434535     -8.69e-09      2.34e-04        0.92
  18     -3451.896434533      1.90e-09      2.78e-04        0.88
  19     -3451.896434537     -3.45e-09      3.73e-05        0.87
  20     -3451.896434537     -6.46e-11      1.23e-05        0.90
  21     -3451.896434537      5.46e-12      4.97e-06        0.88

 SCF converged in 21 iterations.

 Dipole moment (in Debye):              -5.582836       4.409692       0.505980

 Quadrupole moment (in Debye-Angstrom):
                  1            2            3
 1      -118.874392    -4.981511    -1.419024
 2        -4.981511  -129.536830     2.072904
 3        -1.419024     2.072904  -132.095408

 Spin-squared expectation <S^2>:         0.000
 Total spin quantum number S:            0.000
 TOTAL ENERGY:                       -3451.896434537

 --------------------------------------------------------------------------------

 End time:                               Tue Oct 26 05:37:43 2021
 Total wall-clock time:                 64.756 seconds
==================================================================================
