
================================================================================
          _____________ ________ _______________ ________     _________         
         / ___________// ______ \\_____   _____// ______ \   / ________)        
        / /_________  / /      \ \     | |     / /      \ \ | (_______          
       |  __________|| |        | |    | |    | |        | | \________ \        
        \ \_________ | |        | |    | |     \ \______/ /___________) |       
         \__________||_|        |_|    |_|      \________//____________/        
                                                                                
====================================[ Qcore ]===================================

 Git describe: 2.3.0-1-g21d9df7e5
 Compiler:     GNU 9.1.0
 Build type:   Release
 Version:      2.3.0-1-g21d9df7e5

 Start time:   Tue Oct 26 05:37:47 2021

 Data directory: /work/zw18965/.local/qcore/share/entos/qcore/data
 Number of threads: 24
 Number of threads was determined by: command line argument

 --------------------------------------------------------------------------------
                                   command: dft                                  
 --------------------------------------------------------------------------------
 AO basis set:                           def2-tzvppd
 Number of AO basis functions:         815
 ECP on atom 25 (Au):                    60 electrons

 Formula:                                C9H15O3PAu+
 Nuclear charge:                       187.000000000
 Total charge:                           1.000000000
 Number of core electrons:              60
 Number of treated electrons:          126

 Number of alpha electrons:             63
 Number of beta electrons:              63
 Number of unpaired electrons:           0
 Spin:                                   0
 Multiplicity:                           singlet

 Theory:                                 dft
 Exchange-correlation functional:        blyp
 Method for Coulomb:                     incore_df
 Integral threshold:                     1.00e-12
 DF basis set:                           def2-universal-jkfit
 Number of DF basis functions:        1551
 Schwarz screening threshold:            1.00e-10
 Coulomb fitting method:                 Cholesky
 Total number of grid points:       186852
 Method for AO orthogonalization:        symmetric
 Threshold for linear dependence:        1.00e-08
 D3BJ dispersion energy:                -0.072766388

 -------------------------------------
  Running restricted closed-shell SCF 
 -------------------------------------
 Max number of iterations:             128
 Conv. threshold (gradient):             1.00e-05
 Conv. threshold (energy):               1.00e-06
 Interpolation scheme:                   adiis+cdiis
 Initial guess:                          SAD

 ---------------------------------------------------------------
                  energy        change          grad        time
 ---------------------------------------------------------------
   0     -1056.979549677                    2.99e+01        0.76
   1     -1054.026644232      2.95e+00      3.27e+00        0.71
   2     -1050.131747553      3.89e+00      1.38e+01        0.80
   3     -1054.219410853     -4.09e+00      2.46e+00        0.77
   4     -1054.494319937     -2.75e-01      2.52e+00        0.84
   5     -1054.166369141      3.28e-01      4.64e+00        0.80
   6     -1054.552060396     -3.86e-01      1.24e+00        0.81
   7     -1054.529531035      2.25e-02      2.49e+00        0.85
   8     -1054.600942187     -7.14e-02      5.11e-01        0.90
   9     -1054.572355984      2.86e-02      1.41e+00        0.95
  10     -1054.601830947     -2.95e-02      5.02e-01        0.95
  11     -1054.604949361     -3.12e-03      1.34e-01        1.05
  12     -1054.603669423      1.28e-03      4.45e-01        1.03
  13     -1054.604914692     -1.25e-03      1.52e-01        1.05
  14     -1054.605080034     -1.65e-04      1.15e-02        1.02
  15     -1054.605066730      1.33e-05      3.59e-02        1.03
  16     -1054.605081440     -1.47e-05      8.70e-05        0.91
  17     -1054.605081441     -2.34e-10      1.37e-04        0.90
  18     -1054.605081441     -1.80e-10      4.33e-05        0.92
  19     -1054.605081441     -4.34e-11      9.74e-06        0.86

 SCF converged in 19 iterations.

 Dipole moment (in Debye):               1.521659       0.953208      -0.838024

 Quadrupole moment (in Debye-Angstrom):
                  1            2            3
 1       -39.669210    -0.216007    -2.014697
 2        -0.216007   -95.090770    -1.002278
 3        -2.014697    -1.002278   -99.285537

 Spin-squared expectation <S^2>:         0.000
 Total spin quantum number S:            0.000
 TOTAL ENERGY:                       -1054.605081441

 --------------------------------------------------------------------------------

 End time:                               Tue Oct 26 05:38:28 2021
 Total wall-clock time:                 40.740 seconds
==================================================================================
