
================================================================================
          _____________ ________ _______________ ________     _________         
         / ___________// ______ \\_____   _____// ______ \   / ________)        
        / /_________  / /      \ \     | |     / /      \ \ | (_______          
       |  __________|| |        | |    | |    | |        | | \________ \        
        \ \_________ | |        | |    | |     \ \______/ /___________) |       
         \__________||_|        |_|    |_|      \________//____________/        
                                                                                
====================================[ Qcore ]===================================

 Git describe: 2.3.0-1-g21d9df7e5
 Compiler:     GNU 9.1.0
 Build type:   Release
 Version:      2.3.0-1-g21d9df7e5

 Start time:   Tue Oct 26 05:35:45 2021

 Data directory: /work/zw18965/.local/qcore/share/entos/qcore/data
 Number of threads: 24
 Number of threads was determined by: command line argument
  - More threads can be used by running 'qcore -n 32'

 --------------------------------------------------------------------------------
                                   command: dft                                  
 --------------------------------------------------------------------------------
 AO basis set:                           def2-tzvppd
 Number of AO basis functions:         825
 ECP on atom 1 (Re):                     60 electrons

 Formula:                                C9H8O6BrRe
 Nuclear charge:                       220.000000000
 Total charge:                           0.000000000
 Number of core electrons:              60
 Number of treated electrons:          160

 Number of alpha electrons:             80
 Number of beta electrons:              80
 Number of unpaired electrons:           0
 Spin:                                   0
 Multiplicity:                           singlet

 Theory:                                 dft
 Exchange-correlation functional:        blyp
 Method for Coulomb:                     incore_df
 Integral threshold:                     1.00e-12
 DF basis set:                           def2-universal-jkfit
 Number of DF basis functions:        1774
 Schwarz screening threshold:            1.00e-10
 Coulomb fitting method:                 Cholesky
 Total number of grid points:       167124
 Method for AO orthogonalization:        symmetric
 Threshold for linear dependence:        1.00e-08
 D3BJ dispersion energy:                -0.079247517

 -------------------------------------
  Running restricted closed-shell SCF 
 -------------------------------------
 Max number of iterations:             128
 Conv. threshold (gradient):             1.00e-05
 Conv. threshold (energy):               1.00e-06
 Interpolation scheme:                   adiis+cdiis
 Initial guess:                          SAD

 ---------------------------------------------------------------
                  energy        change          grad        time
 ---------------------------------------------------------------
   0     -3454.558461821                    2.15e+02        0.74
   1     -3451.406005931      3.15e+00      3.55e+00        0.75
   2     -3445.790943107      5.62e+00      2.02e+01        0.81
   3     -3451.410883666     -5.62e+00      4.02e+00        0.78
   4     -3451.848517448     -4.38e-01      1.63e+00        0.82
   5     -3451.216272976      6.32e-01      5.47e+00        0.80
   6     -3451.841201047     -6.25e-01      1.79e+00        0.86
   7     -3451.866127987     -2.49e-02      2.02e+00        0.83
   8     -3451.906439523     -4.03e-02      1.02e+00        0.91
   9     -3451.914392704     -7.95e-03      5.50e-01        0.99
  10     -3451.914376550      1.62e-05      4.20e-01        0.99
  11     -3451.919277867     -4.90e-03      1.99e-01        1.06
  12     -3451.917072419      2.21e-03      4.50e-01        1.01
  13     -3451.919209279     -2.14e-03      1.93e-01        1.06
  14     -3451.919346981     -1.38e-04      1.44e-01        1.03
  15     -3451.919765842     -4.19e-04      1.10e-02        1.04
  16     -3451.919735769      3.01e-05      5.08e-02        1.06
  17     -3451.919767361     -3.16e-05      1.26e-04        0.95
  18     -3451.919767361     -4.39e-10      9.06e-05        0.84
  19     -3451.919767362     -2.33e-10      4.06e-05        0.78
  20     -3451.919767362     -2.86e-11      1.77e-05        0.79
  21     -3451.919767362     -1.46e-11      4.55e-06        0.83

 SCF converged in 21 iterations.

 Dipole moment (in Debye):              -6.591798       2.132943      -0.302213

 Quadrupole moment (in Debye-Angstrom):
                  1            2            3
 1      -107.188202     2.307025     0.388584
 2         2.307025  -137.699078    -2.288582
 3         0.388584    -2.288582  -131.578595

 Spin-squared expectation <S^2>:         0.000
 Total spin quantum number S:            0.000
 TOTAL ENERGY:                       -3451.919767362

 --------------------------------------------------------------------------------

 End time:                               Tue Oct 26 05:36:46 2021
 Total wall-clock time:                 61.054 seconds
==================================================================================
