
================================================================================
          _____________ ________ _______________ ________     _________         
         / ___________// ______ \\_____   _____// ______ \   / ________)        
        / /_________  / /      \ \     | |     / /      \ \ | (_______          
       |  __________|| |        | |    | |    | |        | | \________ \        
        \ \_________ | |        | |    | |     \ \______/ /___________) |       
         \__________||_|        |_|    |_|      \________//____________/        
                                                                                
====================================[ Qcore ]===================================

 Git describe: 2.3.0-1-g21d9df7e5
 Compiler:     GNU 9.1.0
 Build type:   Release
 Version:      2.3.0-1-g21d9df7e5

 Start time:   Tue Oct 26 05:36:50 2021

 Data directory: /work/zw18965/.local/qcore/share/entos/qcore/data
 Number of threads: 24
 Number of threads was determined by: command line argument
  - More threads can be used by running 'qcore -n 32'

 --------------------------------------------------------------------------------
                                   command: dft                                  
 --------------------------------------------------------------------------------
 AO basis set:                           def2-tzvppd
 Number of AO basis functions:         869
 ECP on atom 25 (Au):                    60 electrons

 Formula:                                C9H12O3Cl3Au
 Nuclear charge:                       220.000000000
 Total charge:                           0.000000000
 Number of core electrons:              60
 Number of treated electrons:          160

 Number of alpha electrons:             80
 Number of beta electrons:              80
 Number of unpaired electrons:           0
 Spin:                                   0
 Multiplicity:                           singlet

 Theory:                                 dft
 Exchange-correlation functional:        blyp
 Method for Coulomb:                     incore_df
 Integral threshold:                     1.00e-12
 DF basis set:                           def2-universal-jkfit
 Number of DF basis functions:        1753
 Schwarz screening threshold:            1.00e-10
 Coulomb fitting method:                 Cholesky
 Total number of grid points:       184314
 Method for AO orthogonalization:        symmetric
 Threshold for linear dependence:        1.00e-08
 D3BJ dispersion energy:                -0.087382622

 -------------------------------------
  Running restricted closed-shell SCF 
 -------------------------------------
 Max number of iterations:             128
 Conv. threshold (gradient):             1.00e-05
 Conv. threshold (energy):               1.00e-06
 Interpolation scheme:                   adiis+cdiis
 Initial guess:                          SAD

 ---------------------------------------------------------------
                  energy        change          grad        time
 ---------------------------------------------------------------
   0     -2094.698364501                    4.57e+01        0.85
   1     -2091.411111365      3.29e+00      6.72e+00        0.86
   2     -2084.910293485      6.50e+00      1.54e+01        0.88
   3     -2091.531531833     -6.62e+00      5.33e+00        0.88
   4     -2090.313593817      1.22e+00      1.25e+01        0.91
   5     -2092.278959468     -1.97e+00      2.08e+00        0.96
   6     -2091.882381088      3.97e-01      4.64e+00        0.96
   7     -2092.293397712     -4.11e-01      1.69e+00        1.01
   8     -2092.337829598     -4.44e-02      2.88e-01        1.06
   9     -2092.319877111      1.80e-02      9.26e-01        1.08
  10     -2092.337724605     -1.78e-02      2.85e-01        1.13
  11     -2092.339961404     -2.24e-03      4.87e-02        1.18
  12     -2092.339652519      3.09e-04      1.62e-01        1.20
  13     -2092.339992993     -3.40e-04      2.17e-03        1.07
  14     -2092.339993083     -9.05e-08      7.29e-04        0.90
  15     -2092.339993101     -1.84e-08      2.26e-04        0.92
  16     -2092.339993104     -2.03e-09      8.38e-05        0.95
  17     -2092.339993104     -2.70e-10      2.34e-05        0.92
  18     -2092.339993104     -3.05e-11      1.52e-05        0.94
  19     -2092.339993104     -1.41e-11      6.57e-06        0.93

 SCF converged in 19 iterations.

 Dipole moment (in Debye):              -8.118904       1.627438      -0.427759

 Quadrupole moment (in Debye-Angstrom):
                  1            2            3
 1      -130.074382    10.110431    -1.951594
 2        10.110431  -127.410009    -5.184529
 3        -1.951594    -5.184529  -136.217366

 Spin-squared expectation <S^2>:         0.000
 Total spin quantum number S:            0.000
 TOTAL ENERGY:                       -2092.339993104

 --------------------------------------------------------------------------------

 End time:                               Tue Oct 26 05:37:33 2021
 Total wall-clock time:                 43.836 seconds
==================================================================================
