
================================================================================
          _____________ ________ _______________ ________     _________         
         / ___________// ______ \\_____   _____// ______ \   / ________)        
        / /_________  / /      \ \     | |     / /      \ \ | (_______          
       |  __________|| |        | |    | |    | |        | | \________ \        
        \ \_________ | |        | |    | |     \ \______/ /___________) |       
         \__________||_|        |_|    |_|      \________//____________/        
                                                                                
====================================[ Qcore ]===================================

 Git describe: 2.3.0-1-g21d9df7e5
 Compiler:     GNU 9.1.0
 Build type:   Release
 Version:      2.3.0-1-g21d9df7e5

 Start time:   Tue Oct 26 05:37:24 2021

 Data directory: /work/zw18965/.local/qcore/share/entos/qcore/data
 Number of threads: 24
 Number of threads was determined by: command line argument

 --------------------------------------------------------------------------------
                                   command: dft                                  
 --------------------------------------------------------------------------------
 AO basis set:                           def2-tzvppd
 Number of AO basis functions:        1122
 ECP on atom 23 (Au):                    60 electrons

 Formula:                                C16H14O2Cl3Au
 Nuclear charge:                       256.000000000
 Total charge:                           0.000000000
 Number of core electrons:              60
 Number of treated electrons:          196

 Number of alpha electrons:             98
 Number of beta electrons:              98
 Number of unpaired electrons:           0
 Spin:                                   0
 Multiplicity:                           singlet

 Theory:                                 dft
 Exchange-correlation functional:        blyp
 Method for Coulomb:                     incore_df
 Integral threshold:                     1.00e-12
 DF basis set:                           def2-universal-jkfit
 Number of DF basis functions:        2237
 Schwarz screening threshold:            1.00e-10
 Coulomb fitting method:                 Cholesky
 Total number of grid points:       236750
 Method for AO orthogonalization:        symmetric
 Threshold for linear dependence:        1.00e-08
 D3BJ dispersion energy:                -0.118897771

 -------------------------------------
  Running restricted closed-shell SCF 
 -------------------------------------
 Max number of iterations:             128
 Conv. threshold (gradient):             1.00e-05
 Conv. threshold (energy):               1.00e-06
 Interpolation scheme:                   adiis+cdiis
 Initial guess:                          SAD

 ---------------------------------------------------------------
                  energy        change          grad        time
 ---------------------------------------------------------------
   0     -2289.020144511                    4.00e+01        2.16
   1     -2284.023562434      5.00e+00      7.97e+00        2.10
   2     -2275.288973291      8.73e+00      1.78e+01        2.12
   3     -2284.060658276     -8.77e+00      5.63e+00        2.25
   4     -2284.514348377     -4.54e-01      3.35e+00        2.31
   5     -2284.875874297     -3.62e-01      1.32e+00        2.13
   6     -2284.936487694     -6.06e-02      1.43e+00        2.29
   7     -2284.948035013     -1.15e-02      1.35e+00        2.43
   8     -2285.011344456     -6.33e-02      5.19e-01        2.34
   9     -2284.985351706      2.60e-02      1.00e+00        2.41
  10     -2285.018233869     -3.29e-02      2.52e-01        2.62
  11     -2285.016722320      1.51e-03      4.71e-01        2.75
  12     -2285.020025941     -3.30e-03      1.62e-01        2.52
  13     -2285.020082662     -5.67e-05      1.45e-01        2.54
  14     -2285.020637961     -5.55e-04      1.50e-01        2.58
  15     -2285.020746592     -1.09e-04      1.31e-01        2.67
  16     -2285.020855147     -1.09e-04      5.34e-02        2.49
  17     -2285.020839148      1.60e-05      5.40e-02        2.50
  18     -2285.020917360     -7.82e-05      2.03e-04        2.34
  19     -2285.020917362     -1.78e-09      9.63e-05        2.05
  20     -2285.020917363     -4.69e-10      1.01e-04        2.00
  21     -2285.020917363     -2.02e-10      1.55e-05        1.84
  22     -2285.020917363     -1.27e-11      2.11e-05        1.86
  23     -2285.020917363     -2.86e-11      1.78e-06        2.10

 SCF converged in 23 iterations.

 Dipole moment (in Debye):             -13.251210       0.526047       1.473208

 Quadrupole moment (in Debye-Angstrom):
                  1            2            3
 1      -153.569707    22.941285     1.458672
 2        22.941285  -145.999694    -6.182120
 3         1.458672    -6.182120  -177.181788

 Spin-squared expectation <S^2>:         0.000
 Total spin quantum number S:            0.000
 TOTAL ENERGY:                       -2285.020917363

 --------------------------------------------------------------------------------

 End time:                               Tue Oct 26 05:39:05 2021
 Total wall-clock time:                101.375 seconds
==================================================================================
