
================================================================================
          _____________ ________ _______________ ________     _________         
         / ___________// ______ \\_____   _____// ______ \   / ________)        
        / /_________  / /      \ \     | |     / /      \ \ | (_______          
       |  __________|| |        | |    | |    | |        | | \________ \        
        \ \_________ | |        | |    | |     \ \______/ /___________) |       
         \__________||_|        |_|    |_|      \________//____________/        
                                                                                
====================================[ Qcore ]===================================

 Git describe: 2.3.0-1-g21d9df7e5
 Compiler:     GNU 9.1.0
 Build type:   Release
 Version:      2.3.0-1-g21d9df7e5

 Start time:   Tue Oct 26 05:35:35 2021

 Data directory: /work/zw18965/.local/qcore/share/entos/qcore/data
 Number of threads: 24
 Number of threads was determined by: command line argument
  - More threads can be used by running 'qcore -n 32'

 --------------------------------------------------------------------------------
                                   command: dft                                  
 --------------------------------------------------------------------------------
 AO basis set:                           def2-tzvppd
 Number of AO basis functions:         825
 ECP on atom 1 (Re):                     60 electrons

 Formula:                                C9H8O6BrRe
 Nuclear charge:                       220.000000000
 Total charge:                           0.000000000
 Number of core electrons:              60
 Number of treated electrons:          160

 Number of alpha electrons:             80
 Number of beta electrons:              80
 Number of unpaired electrons:           0
 Spin:                                   0
 Multiplicity:                           singlet

 Theory:                                 dft
 Exchange-correlation functional:        blyp
 Method for Coulomb:                     incore_df
 Integral threshold:                     1.00e-12
 DF basis set:                           def2-universal-jkfit
 Number of DF basis functions:        1774
 Schwarz screening threshold:            1.00e-10
 Coulomb fitting method:                 Cholesky
 Total number of grid points:       167124
 Method for AO orthogonalization:        symmetric
 Threshold for linear dependence:        1.00e-08
 D3BJ dispersion energy:                -0.078305187

 -------------------------------------
  Running restricted closed-shell SCF 
 -------------------------------------
 Max number of iterations:             128
 Conv. threshold (gradient):             1.00e-05
 Conv. threshold (energy):               1.00e-06
 Interpolation scheme:                   adiis+cdiis
 Initial guess:                          SAD

 ---------------------------------------------------------------
                  energy        change          grad        time
 ---------------------------------------------------------------
   0     -3454.581897576                    2.30e+02        0.77
   1     -3451.415023742      3.17e+00      3.02e+00        0.82
   2     -3445.965144808      5.45e+00      1.99e+01        0.81
   3     -3451.366131538     -5.40e+00      4.35e+00        0.81
   4     -3451.818921169     -4.53e-01      2.18e+00        0.81
   5     -3451.081393272      7.38e-01      8.19e+00        0.86
   6     -3451.795882426     -7.14e-01      2.47e+00        0.82
   7     -3451.852585232     -5.67e-02      1.75e+00        0.97
   8     -3451.854798427     -2.21e-03      1.80e+00        0.90
   9     -3451.884263979     -2.95e-02      8.01e-01        1.00
  10     -3451.876872037      7.39e-03      1.20e+00        1.00
  11     -3451.888886983     -1.20e-02      3.06e-01        1.08
  12     -3451.882762661      6.12e-03      7.91e-01        1.06
  13     -3451.889474217     -6.71e-03      2.19e-01        1.09
  14     -3451.890092301     -6.18e-04      1.10e-01        1.06
  15     -3451.889336245      7.56e-04      2.10e-01        1.02
  16     -3451.890105025     -7.69e-04      9.54e-02        1.09
  17     -3451.890187864     -8.28e-05      5.80e-02        1.06
  18     -3451.890226300     -3.84e-05      2.71e-04        0.91
  19     -3451.890226300     -4.15e-10      2.13e-04        0.87
  20     -3451.890226301     -1.11e-09      1.06e-04        0.79
  21     -3451.890226301     -3.10e-10      1.93e-05        0.90
  22     -3451.890226301     -4.05e-11      7.33e-06        0.84

 SCF converged in 22 iterations.

 Dipole moment (in Debye):               5.338174       2.038744      -0.308176

 Quadrupole moment (in Debye-Angstrom):
                  1            2            3
 1      -122.739330     1.932182     9.393430
 2         1.932182  -136.638680     1.151573
 3         9.393430     1.151573  -129.316122

 Spin-squared expectation <S^2>:         0.000
 Total spin quantum number S:            0.000
 TOTAL ENERGY:                       -3451.890226301

 --------------------------------------------------------------------------------

 End time:                               Tue Oct 26 05:36:38 2021
 Total wall-clock time:                 62.946 seconds
==================================================================================
