
================================================================================
          _____________ ________ _______________ ________     _________         
         / ___________// ______ \\_____   _____// ______ \   / ________)        
        / /_________  / /      \ \     | |     / /      \ \ | (_______          
       |  __________|| |        | |    | |    | |        | | \________ \        
        \ \_________ | |        | |    | |     \ \______/ /___________) |       
         \__________||_|        |_|    |_|      \________//____________/        
                                                                                
====================================[ Qcore ]===================================

 Git describe: 2.3.0-1-g21d9df7e5
 Compiler:     GNU 9.1.0
 Build type:   Release
 Version:      2.3.0-1-g21d9df7e5

 Start time:   Tue Oct 26 05:37:44 2021

 Data directory: /work/zw18965/.local/qcore/share/entos/qcore/data
 Number of threads: 24
 Number of threads was determined by: command line argument

 --------------------------------------------------------------------------------
                                   command: dft                                  
 --------------------------------------------------------------------------------
 AO basis set:                           def2-tzvppd
 Number of AO basis functions:         869
 ECP on atom 25 (Au):                    60 electrons

 Formula:                                C9H12O3Cl3Au
 Nuclear charge:                       220.000000000
 Total charge:                           0.000000000
 Number of core electrons:              60
 Number of treated electrons:          160

 Number of alpha electrons:             80
 Number of beta electrons:              80
 Number of unpaired electrons:           0
 Spin:                                   0
 Multiplicity:                           singlet

 Theory:                                 dft
 Exchange-correlation functional:        blyp
 Method for Coulomb:                     incore_df
 Integral threshold:                     1.00e-12
 DF basis set:                           def2-universal-jkfit
 Number of DF basis functions:        1753
 Schwarz screening threshold:            1.00e-10
 Coulomb fitting method:                 Cholesky
 Total number of grid points:       184314
 Method for AO orthogonalization:        symmetric
 Threshold for linear dependence:        1.00e-08
 D3BJ dispersion energy:                -0.088417675

 -------------------------------------
  Running restricted closed-shell SCF 
 -------------------------------------
 Max number of iterations:             128
 Conv. threshold (gradient):             1.00e-05
 Conv. threshold (energy):               1.00e-06
 Interpolation scheme:                   adiis+cdiis
 Initial guess:                          SAD

 ---------------------------------------------------------------
                  energy        change          grad        time
 ---------------------------------------------------------------
   0     -2094.689124106                    4.15e+01        0.92
   1     -2091.428807759      3.26e+00      6.91e+00        0.91
   2     -2085.849764546      5.58e+00      1.47e+01        0.90
   3     -2091.603374031     -5.75e+00      4.71e+00        0.94
   4     -2090.202588185      1.40e+00      1.14e+01        0.98
   5     -2092.276821146     -2.07e+00      2.84e+00        0.99
   6     -2091.867741061      4.09e-01      6.84e+00        0.97
   7     -2092.289790970     -4.22e-01      2.39e+00        1.05
   8     -2092.332558629     -4.28e-02      6.84e-01        1.06
   9     -2092.283577244      4.90e-02      1.63e+00        1.19
  10     -2092.334021518     -5.04e-02      5.55e-01        1.16
  11     -2092.338593036     -4.57e-03      5.93e-01        1.23
  12     -2092.337525402      1.07e-03      7.21e-01        1.26
  13     -2092.340247969     -2.72e-03      8.50e-02        1.25
  14     -2092.339542671      7.05e-04      1.72e-01        1.34
  15     -2092.340368749     -8.26e-04      1.56e-03        1.11
  16     -2092.340368790     -4.03e-08      1.30e-03        0.99
  17     -2092.340368814     -2.43e-08      4.99e-04        1.07
  18     -2092.340368823     -9.37e-09      2.06e-04        1.01
  19     -2092.340368824     -4.52e-10      4.33e-05        1.01
  20     -2092.340368824     -3.27e-11      2.37e-05        1.05
  21     -2092.340368824     -1.64e-11      6.40e-06        1.05

 SCF converged in 21 iterations.

 Dipole moment (in Debye):             -11.381195      -2.322568       0.324174

 Quadrupole moment (in Debye-Angstrom):
                  1            2            3
 1      -116.637335    -3.158385    -4.840865
 2        -3.158385  -135.326906     4.533837
 3        -4.840865     4.533837  -137.530466

 Spin-squared expectation <S^2>:         0.000
 Total spin quantum number S:            0.000
 TOTAL ENERGY:                       -2092.340368824

 --------------------------------------------------------------------------------

 End time:                               Tue Oct 26 05:38:34 2021
 Total wall-clock time:                 50.134 seconds
==================================================================================
