
================================================================================
          _____________ ________ _______________ ________     _________         
         / ___________// ______ \\_____   _____// ______ \   / ________)        
        / /_________  / /      \ \     | |     / /      \ \ | (_______          
       |  __________|| |        | |    | |    | |        | | \________ \        
        \ \_________ | |        | |    | |     \ \______/ /___________) |       
         \__________||_|        |_|    |_|      \________//____________/        
                                                                                
====================================[ Qcore ]===================================

 Git describe: 2.3.0-1-g21d9df7e5
 Compiler:     GNU 9.1.0
 Build type:   Release
 Version:      2.3.0-1-g21d9df7e5

 Start time:   Tue Oct 26 05:36:37 2021

 Data directory: /work/zw18965/.local/qcore/share/entos/qcore/data
 Number of threads: 24
 Number of threads was determined by: command line argument

 --------------------------------------------------------------------------------
                                   command: dft                                  
 --------------------------------------------------------------------------------
 AO basis set:                           def2-tzvppd
 Number of AO basis functions:         825
 ECP on atom 1 (Re):                     60 electrons

 Formula:                                C9H8O6BrRe
 Nuclear charge:                       220.000000000
 Total charge:                           0.000000000
 Number of core electrons:              60
 Number of treated electrons:          160

 Number of alpha electrons:             80
 Number of beta electrons:              80
 Number of unpaired electrons:           0
 Spin:                                   0
 Multiplicity:                           singlet

 Theory:                                 dft
 Exchange-correlation functional:        blyp
 Method for Coulomb:                     incore_df
 Integral threshold:                     1.00e-12
 DF basis set:                           def2-universal-jkfit
 Number of DF basis functions:        1774
 Schwarz screening threshold:            1.00e-10
 Coulomb fitting method:                 Cholesky
 Total number of grid points:       167124
 Method for AO orthogonalization:        symmetric
 Threshold for linear dependence:        1.00e-08
 D3BJ dispersion energy:                -0.079066369

 -------------------------------------
  Running restricted closed-shell SCF 
 -------------------------------------
 Max number of iterations:             128
 Conv. threshold (gradient):             1.00e-05
 Conv. threshold (energy):               1.00e-06
 Interpolation scheme:                   adiis+cdiis
 Initial guess:                          SAD

 ---------------------------------------------------------------
                  energy        change          grad        time
 ---------------------------------------------------------------
   0     -3454.336559688                    1.92e+02        0.83
   1     -3451.405723642      2.93e+00      3.13e+00        0.86
   2     -3448.668557678      2.74e+00      1.03e+01        0.82
   3     -3451.645425900     -2.98e+00      2.46e+00        0.82
   4     -3451.300931557      3.44e-01      5.71e+00        0.78
   5     -3451.839717666     -5.39e-01      1.53e+00        0.95
   6     -3451.712381572      1.27e-01      3.42e+00        0.84
   7     -3451.867563272     -1.55e-01      7.55e-01        0.97
   8     -3451.857687858      9.88e-03      9.05e-01        0.92
   9     -3451.879140076     -2.15e-02      4.02e-01        1.03
  10     -3451.873390371      5.75e-03      6.22e-01        1.07
  11     -3451.880370066     -6.98e-03      2.99e-01        1.12
  12     -3451.879505895      8.64e-04      3.21e-01        1.07
  13     -3451.881933279     -2.43e-03      6.40e-02        1.12
  14     -3451.881716397      2.17e-04      1.29e-01        1.09
  15     -3451.882016086     -3.00e-04      7.82e-04        0.90
  16     -3451.882016094     -7.28e-09      4.58e-04        0.80
  17     -3451.882016101     -6.87e-09      1.49e-04        0.85
  18     -3451.882016101     -4.50e-11      1.36e-04        0.81
  19     -3451.882016101     -7.46e-10      2.29e-05        0.82
  20     -3451.882016101     -1.50e-11      5.07e-06        0.83

 SCF converged in 20 iterations.

 Dipole moment (in Debye):             -10.954884       3.666297       1.315059

 Quadrupole moment (in Debye-Angstrom):
                  1            2            3
 1      -105.319202    -4.464646    -2.702930
 2        -4.464646  -135.168921     0.873388
 3        -2.702930     0.873388  -129.391529

 Spin-squared expectation <S^2>:         0.000
 Total spin quantum number S:            0.000
 TOTAL ENERGY:                       -3451.882016101

 --------------------------------------------------------------------------------

 End time:                               Tue Oct 26 05:37:41 2021
 Total wall-clock time:                 64.089 seconds
==================================================================================
