
================================================================================
          _____________ ________ _______________ ________     _________         
         / ___________// ______ \\_____   _____// ______ \   / ________)        
        / /_________  / /      \ \     | |     / /      \ \ | (_______          
       |  __________|| |        | |    | |    | |        | | \________ \        
        \ \_________ | |        | |    | |     \ \______/ /___________) |       
         \__________||_|        |_|    |_|      \________//____________/        
                                                                                
====================================[ Qcore ]===================================

 Git describe: 2.3.0-1-g21d9df7e5
 Compiler:     GNU 9.1.0
 Build type:   Release
 Version:      2.3.0-1-g21d9df7e5

 Start time:   Tue Oct 26 05:36:16 2021

 Data directory: /work/zw18965/.local/qcore/share/entos/qcore/data
 Number of threads: 24
 Number of threads was determined by: command line argument

 --------------------------------------------------------------------------------
                                   command: dft                                  
 --------------------------------------------------------------------------------
 AO basis set:                           def2-tzvppd
 Number of AO basis functions:         825
 ECP on atom 1 (Re):                     60 electrons

 Formula:                                C9H8O6BrRe
 Nuclear charge:                       220.000000000
 Total charge:                           0.000000000
 Number of core electrons:              60
 Number of treated electrons:          160

 Number of alpha electrons:             80
 Number of beta electrons:              80
 Number of unpaired electrons:           0
 Spin:                                   0
 Multiplicity:                           singlet

 Theory:                                 dft
 Exchange-correlation functional:        blyp
 Method for Coulomb:                     incore_df
 Integral threshold:                     1.00e-12
 DF basis set:                           def2-universal-jkfit
 Number of DF basis functions:        1774
 Schwarz screening threshold:            1.00e-10
 Coulomb fitting method:                 Cholesky
 Total number of grid points:       167124
 Method for AO orthogonalization:        symmetric
 Threshold for linear dependence:        1.00e-08
 D3BJ dispersion energy:                -0.073077569

 -------------------------------------
  Running restricted closed-shell SCF 
 -------------------------------------
 Max number of iterations:             128
 Conv. threshold (gradient):             1.00e-05
 Conv. threshold (energy):               1.00e-06
 Interpolation scheme:                   adiis+cdiis
 Initial guess:                          SAD

 ---------------------------------------------------------------
                  energy        change          grad        time
 ---------------------------------------------------------------
   0     -3454.394227195                    1.90e+02        0.86
   1     -3451.459727762      2.93e+00      2.72e+00        0.78
   2     -3448.898177108      2.56e+00      1.02e+01        0.77
   3     -3451.687036791     -2.79e+00      2.20e+00        0.84
   4     -3451.171550878      5.15e-01      6.22e+00        0.85
   5     -3451.906734745     -7.35e-01      5.82e-01        0.79
   6     -3451.781009319      1.26e-01      2.26e+00        0.82
   7     -3451.910658377     -1.30e-01      5.84e-01        0.94
   8     -3451.875415314      3.52e-02      1.80e+00        0.98
   9     -3451.928201769     -5.28e-02      2.28e-01        1.08
  10     -3451.907545081      2.07e-02      1.11e+00        1.05
  11     -3451.926282071     -1.87e-02      3.77e-01        1.09
  12     -3451.929159787     -2.88e-03      8.92e-02        1.07
  13     -3451.929018005      1.42e-04      1.31e-01        1.08
  14     -3451.929302077     -2.84e-04      7.01e-04        1.00
  15     -3451.929302085     -7.80e-09      2.97e-04        0.87
  16     -3451.929302088     -3.68e-09      9.90e-05        0.82
  17     -3451.929302089     -2.95e-10      4.17e-05        0.86
  18     -3451.929302089     -8.55e-11      2.87e-05        0.89
  19     -3451.929302089     -4.00e-11      1.23e-05        0.84
  20     -3451.929302089     -3.00e-11      2.65e-06        0.79

 SCF converged in 20 iterations.

 Dipole moment (in Debye):               7.659639       3.657404      -1.911527

 Quadrupole moment (in Debye-Angstrom):
                  1            2            3
 1      -105.952390    -2.764236     2.931627
 2        -2.764236  -134.666628    -2.356931
 3         2.931627    -2.356931  -128.216355

 Spin-squared expectation <S^2>:         0.000
 Total spin quantum number S:            0.000
 TOTAL ENERGY:                       -3451.929302089

 --------------------------------------------------------------------------------

 End time:                               Tue Oct 26 05:37:21 2021
 Total wall-clock time:                 64.383 seconds
==================================================================================
