
================================================================================
          _____________ ________ _______________ ________     _________         
         / ___________// ______ \\_____   _____// ______ \   / ________)        
        / /_________  / /      \ \     | |     / /      \ \ | (_______          
       |  __________|| |        | |    | |    | |        | | \________ \        
        \ \_________ | |        | |    | |     \ \______/ /___________) |       
         \__________||_|        |_|    |_|      \________//____________/        
                                                                                
====================================[ Qcore ]===================================

 Git describe: 2.3.0-1-g21d9df7e5
 Compiler:     GNU 9.1.0
 Build type:   Release
 Version:      2.3.0-1-g21d9df7e5

 Start time:   Tue Oct 26 05:37:23 2021

 Data directory: /work/zw18965/.local/qcore/share/entos/qcore/data
 Number of threads: 24
 Number of threads was determined by: command line argument
  - More threads can be used by running 'qcore -n 32'

 --------------------------------------------------------------------------------
                                   command: dft                                  
 --------------------------------------------------------------------------------
 AO basis set:                           def2-tzvppd
 Number of AO basis functions:         621
 ECP on atom 1 (Ir):                     60 electrons

 Formula:                                C7H15PIr+
 Nuclear charge:                       149.000000000
 Total charge:                           1.000000000
 Number of core electrons:              60
 Number of treated electrons:           88

 Number of alpha electrons:             44
 Number of beta electrons:              44
 Number of unpaired electrons:           0
 Spin:                                   0
 Multiplicity:                           singlet

 Theory:                                 dft
 Exchange-correlation functional:        blyp
 Method for Coulomb:                     incore_df
 Integral threshold:                     1.00e-12
 DF basis set:                           def2-universal-jkfit
 Number of DF basis functions:        1150
 Schwarz screening threshold:            1.00e-10
 Coulomb fitting method:                 Cholesky
 Total number of grid points:       152420
 Method for AO orthogonalization:        symmetric
 Threshold for linear dependence:        1.00e-08
 D3BJ dispersion energy:                -0.064856874

 -------------------------------------
  Running restricted closed-shell SCF 
 -------------------------------------
 Max number of iterations:             128
 Conv. threshold (gradient):             1.00e-05
 Conv. threshold (energy):               1.00e-06
 Interpolation scheme:                   adiis+cdiis
 Initial guess:                          SAD

 ---------------------------------------------------------------
                  energy        change          grad        time
 ---------------------------------------------------------------
   0      -722.797508679                    1.67e+02        0.48
   1      -720.496691958      2.30e+00      6.80e+00        0.45
   2      -716.013667072      4.48e+00      1.70e+01        0.49
   3      -720.751958628     -4.74e+00      5.70e+00        0.48
   4      -721.180874084     -4.29e-01      2.00e+00        0.45
   5      -720.893914321      2.87e-01      4.03e+00        0.52
   6      -721.188636629     -2.95e-01      2.70e+00        0.49
   7      -721.143149143      4.55e-02      2.91e+00        0.52
   8      -721.261472283     -1.18e-01      3.49e-01        0.54
   9      -721.244653820      1.68e-02      1.28e+00        0.54
  10      -721.261210044     -1.66e-02      3.83e-01        0.58
  11      -721.263154702     -1.94e-03      2.14e-02        0.60
  12      -721.263062361      9.23e-05      5.71e-02        0.59
  13      -721.263171589     -1.09e-04      1.04e-03        0.58
  14      -721.263171616     -2.66e-08      3.13e-04        0.48
  15      -721.263171618     -2.16e-09      1.26e-04        0.47
  16      -721.263171618     -2.86e-10      3.10e-05        0.50
  17      -721.263171618     -2.29e-11      6.59e-06        0.47

 SCF converged in 17 iterations.

 Dipole moment (in Debye):              -0.572452      -0.501751      -1.629807

 Quadrupole moment (in Debye-Angstrom):
                  1            2            3
 1       -63.922159     2.032677     2.961192
 2         2.032677   -64.968097    -1.086640
 3         2.961192    -1.086640   -71.976188

 Spin-squared expectation <S^2>:         0.000
 Total spin quantum number S:            0.000
 TOTAL ENERGY:                        -721.263171618

 --------------------------------------------------------------------------------

 End time:                               Tue Oct 26 05:37:45 2021
 Total wall-clock time:                 22.026 seconds
==================================================================================
