
================================================================================
          _____________ ________ _______________ ________     _________         
         / ___________// ______ \\_____   _____// ______ \   / ________)        
        / /_________  / /      \ \     | |     / /      \ \ | (_______          
       |  __________|| |        | |    | |    | |        | | \________ \        
        \ \_________ | |        | |    | |     \ \______/ /___________) |       
         \__________||_|        |_|    |_|      \________//____________/        
                                                                                
====================================[ Qcore ]===================================

 Git describe: 2.3.0-1-g21d9df7e5
 Compiler:     GNU 9.1.0
 Build type:   Release
 Version:      2.3.0-1-g21d9df7e5

 Start time:   Tue Oct 26 05:37:37 2021

 Data directory: /work/zw18965/.local/qcore/share/entos/qcore/data
 Number of threads: 24
 Number of threads was determined by: command line argument
  - More threads can be used by running 'qcore -n 32'

 --------------------------------------------------------------------------------
                                   command: dft                                  
 --------------------------------------------------------------------------------
 AO basis set:                           def2-tzvppd
 Number of AO basis functions:         621
 ECP on atom 1 (Ir):                     60 electrons

 Formula:                                C7H15PIr+
 Nuclear charge:                       149.000000000
 Total charge:                           1.000000000
 Number of core electrons:              60
 Number of treated electrons:           88

 Number of alpha electrons:             44
 Number of beta electrons:              44
 Number of unpaired electrons:           0
 Spin:                                   0
 Multiplicity:                           singlet

 Theory:                                 dft
 Exchange-correlation functional:        blyp
 Method for Coulomb:                     incore_df
 Integral threshold:                     1.00e-12
 DF basis set:                           def2-universal-jkfit
 Number of DF basis functions:        1150
 Schwarz screening threshold:            1.00e-10
 Coulomb fitting method:                 Cholesky
 Total number of grid points:       152420
 Method for AO orthogonalization:        symmetric
 Threshold for linear dependence:        1.00e-08
 D3BJ dispersion energy:                -0.066811406

 -------------------------------------
  Running restricted closed-shell SCF 
 -------------------------------------
 Max number of iterations:             128
 Conv. threshold (gradient):             1.00e-05
 Conv. threshold (energy):               1.00e-06
 Interpolation scheme:                   adiis+cdiis
 Initial guess:                          SAD

 ---------------------------------------------------------------
                  energy        change          grad        time
 ---------------------------------------------------------------
   0      -722.803665374                    1.75e+02        0.50
   1      -720.525222899      2.28e+00      6.44e+00        0.48
   2      -716.650774822      3.87e+00      1.70e+01        0.52
   3      -720.808492949     -4.16e+00      5.70e+00        0.49
   4      -721.151039891     -3.43e-01      2.04e+00        0.53
   5      -720.910075180      2.41e-01      3.32e+00        0.50
   6      -721.182650317     -2.73e-01      2.52e+00        0.51
   7      -721.143867470      3.88e-02      3.11e+00        0.56
   8      -721.245159782     -1.01e-01      3.78e-01        0.54
   9      -721.236240201      8.92e-03      1.01e+00        0.56
  10      -721.246262553     -1.00e-02      2.17e-01        0.64
  11      -721.246982242     -7.20e-04      5.33e-02        0.61
  12      -721.246702792      2.79e-04      1.25e-01        0.61
  13      -721.247072791     -3.70e-04      1.04e-03        0.57
  14      -721.247072808     -1.66e-08      1.71e-04        0.49
  15      -721.247072808     -2.79e-10      1.45e-04        0.50
  16      -721.247072808     -5.21e-10      4.68e-05        0.52
  17      -721.247072808     -5.32e-11      1.19e-05        0.48
  18      -721.247072808     -1.48e-12      2.96e-06        0.52

 SCF converged in 18 iterations.

 Dipole moment (in Debye):               0.814614       0.218624       1.474415

 Quadrupole moment (in Debye-Angstrom):
                  1            2            3
 1       -63.259102    -0.564790     3.852593
 2        -0.564790   -69.364452    -1.439730
 3         3.852593    -1.439730   -69.909332

 Spin-squared expectation <S^2>:         0.000
 Total spin quantum number S:            0.000
 TOTAL ENERGY:                        -721.247072808

 --------------------------------------------------------------------------------

 End time:                               Tue Oct 26 05:38:00 2021
 Total wall-clock time:                 23.129 seconds
==================================================================================
