
================================================================================
          _____________ ________ _______________ ________     _________         
         / ___________// ______ \\_____   _____// ______ \   / ________)        
        / /_________  / /      \ \     | |     / /      \ \ | (_______          
       |  __________|| |        | |    | |    | |        | | \________ \        
        \ \_________ | |        | |    | |     \ \______/ /___________) |       
         \__________||_|        |_|    |_|      \________//____________/        
                                                                                
====================================[ Qcore ]===================================

 Git describe: 2.3.0-1-g21d9df7e5
 Compiler:     GNU 9.1.0
 Build type:   Release
 Version:      2.3.0-1-g21d9df7e5

 Start time:   Tue Oct 26 05:38:41 2021

 Data directory: /work/zw18965/.local/qcore/share/entos/qcore/data
 Number of threads: 24
 Number of threads was determined by: command line argument

 --------------------------------------------------------------------------------
                                   command: dft                                  
 --------------------------------------------------------------------------------
 AO basis set:                           def2-tzvppd
 Number of AO basis functions:          57

 Formula:                                Br
 Nuclear charge:                        35.000000000
 Total charge:                           0.000000000
 Number of electrons:                   35.000000000

 Number of alpha electrons:             18
 Number of beta electrons:              17
 Number of unpaired electrons:           1
 Spin:                                   1
 Multiplicity:                           doublet

 Theory:                                 dft
 Exchange-correlation functional:        blyp
 Method for Coulomb:                     incore_df
 Integral threshold:                     1.00e-12
 DF basis set:                           def2-universal-jkfit
 Number of DF basis functions:         266
 Schwarz screening threshold:            1.00e-10
 Coulomb fitting method:                 Cholesky
 Total number of grid points:         8164
 Method for AO orthogonalization:        symmetric
 Threshold for linear dependence:        1.00e-08
 D3BJ dispersion energy:                 0.000000000

 -------------------------------------
  Running unrestricted open-shell SCF 
 -------------------------------------
 Max number of iterations:             128
 Conv. threshold (gradient):             1.00e-05
 Conv. threshold (energy):               1.00e-06
 Interpolation scheme:                   adiis+cdiis
 Initial guess:                          SAD

 ---------------------------------------------------------------
                  energy        change          grad        time
 ---------------------------------------------------------------
   0     -2574.132984054                    8.53e-04        0.01
   1     -2574.136533031     -3.55e-03      9.22e-02        0.01
   2     -2574.130507501      6.03e-03      1.63e-01        0.01
   3     -2574.133075140     -2.57e-03      1.28e-01        0.01
   4     -2574.138390575     -5.32e-03      5.76e-02        0.01
   5     -2574.138953316     -5.63e-04      4.28e-02        0.01
   6     -2574.139243308     -2.90e-04      3.23e-02        0.01
   7     -2574.139530451     -2.87e-04      1.41e-02        0.01
   8     -2574.139560410     -3.00e-05      8.04e-03        0.01
   9     -2574.139561565     -1.15e-06      7.51e-03        0.01
  10     -2574.139564585     -3.02e-06      6.53e-03        0.01
  11     -2574.139575702     -1.11e-05      3.70e-03        0.01
  12     -2574.139581168     -5.47e-06      2.73e-04        0.01
  13     -2574.139581192     -2.42e-08      2.50e-06        0.01

 SCF converged in 13 iterations.

 Dipole moment (in Debye):               0.000006       0.000006       0.000006

 Quadrupole moment (in Debye-Angstrom):
                  1            2            3
 1       -18.301316     0.919949     0.920383
 2         0.919949   -18.300479     0.920802
 3         0.920383     0.920802   -18.299611

 Spin-squared expectation <S^2>:         0.752
 Total spin quantum number S:            0.501
 TOTAL ENERGY:                       -2574.139581192

 --------------------------------------------------------------------------------

 End time:                               Tue Oct 26 05:38:41 2021
 Total wall-clock time:                  0.687 seconds
==================================================================================
