
================================================================================
          _____________ ________ _______________ ________     _________         
         / ___________// ______ \\_____   _____// ______ \   / ________)        
        / /_________  / /      \ \     | |     / /      \ \ | (_______          
       |  __________|| |        | |    | |    | |        | | \________ \        
        \ \_________ | |        | |    | |     \ \______/ /___________) |       
         \__________||_|        |_|    |_|      \________//____________/        
                                                                                
====================================[ Qcore ]===================================

 Git describe: 2.3.0-1-g21d9df7e5
 Compiler:     GNU 9.1.0
 Build type:   Release
 Version:      2.3.0-1-g21d9df7e5

 Start time:   Tue Oct 26 05:38:40 2021

 Data directory: /work/zw18965/.local/qcore/share/entos/qcore/data
 Number of threads: 24
 Number of threads was determined by: command line argument

 --------------------------------------------------------------------------------
                                   command: dft                                  
 --------------------------------------------------------------------------------
 AO basis set:                           def2-tzvppd
 Number of AO basis functions:          51

 Formula:                                Cl
 Nuclear charge:                        17.000000000
 Total charge:                           0.000000000
 Number of electrons:                   17.000000000

 Number of alpha electrons:              9
 Number of beta electrons:               8
 Number of unpaired electrons:           1
 Spin:                                   1
 Multiplicity:                           doublet

 Theory:                                 dft
 Exchange-correlation functional:        blyp
 Method for Coulomb:                     incore_df
 Integral threshold:                     1.00e-12
 DF basis set:                           def2-universal-jkfit
 Number of DF basis functions:         128
 Schwarz screening threshold:            1.00e-10
 Coulomb fitting method:                 Cholesky
 Total number of grid points:         7494
 Method for AO orthogonalization:        symmetric
 Threshold for linear dependence:        1.00e-08
 D3BJ dispersion energy:                 0.000000000

 -------------------------------------
  Running unrestricted open-shell SCF 
 -------------------------------------
 Max number of iterations:             128
 Conv. threshold (gradient):             1.00e-05
 Conv. threshold (energy):               1.00e-06
 Interpolation scheme:                   adiis+cdiis
 Initial guess:                          SAD

 ---------------------------------------------------------------
                  energy        change          grad        time
 ---------------------------------------------------------------
   0      -460.140920218                    1.47e-03        0.00
   1      -460.148056286     -7.14e-03      7.60e-02        0.01
   2      -460.151404900     -3.35e-03      1.43e-02        0.01
   3      -460.151487360     -8.25e-05      1.86e-03        0.00
   4      -460.151489304     -1.94e-06      8.13e-04        0.00
   5      -460.151489868     -5.64e-07      6.27e-05        0.01
   6      -460.151489873     -4.98e-09      1.33e-05        0.00
   7      -460.151489873     -2.37e-10      5.55e-07        0.01

 SCF converged in 7 iterations.

 Dipole moment (in Debye):               0.000000      -0.000000      -0.000000

 Quadrupole moment (in Debye-Angstrom):
                  1            2            3
 1       -11.079864     0.000000     0.000000
 2         0.000000   -13.272297    -0.000000
 3         0.000000    -0.000000   -13.272297

 Spin-squared expectation <S^2>:         0.753
 Total spin quantum number S:            0.501
 TOTAL ENERGY:                        -460.151489873

 --------------------------------------------------------------------------------

 End time:                               Tue Oct 26 05:38:41 2021
 Total wall-clock time:                  0.288 seconds
==================================================================================
