
================================================================================
          _____________ ________ _______________ ________     _________         
         / ___________// ______ \\_____   _____// ______ \   / ________)        
        / /_________  / /      \ \     | |     / /      \ \ | (_______          
       |  __________|| |        | |    | |    | |        | | \________ \        
        \ \_________ | |        | |    | |     \ \______/ /___________) |       
         \__________||_|        |_|    |_|      \________//____________/        
                                                                                
====================================[ Qcore ]===================================

 Git describe: 2.3.0-1-g21d9df7e5
 Compiler:     GNU 9.1.0
 Build type:   Release
 Version:      2.3.0-1-g21d9df7e5

 Start time:   Tue Oct 26 05:38:45 2021

 Data directory: /work/zw18965/.local/qcore/share/entos/qcore/data
 Number of threads: 24
 Number of threads was determined by: command line argument

 --------------------------------------------------------------------------------
                                   command: dft                                  
 --------------------------------------------------------------------------------
 AO basis set:                           def2-tzvppd
 Number of AO basis functions:          67

 Formula:                                V
 Nuclear charge:                        23.000000000
 Total charge:                           0.000000000
 Number of electrons:                   23.000000000

 Number of alpha electrons:             13
 Number of beta electrons:              10
 Number of unpaired electrons:           3
 Spin:                                   3
 Multiplicity:                           quartet

 Theory:                                 dft
 Exchange-correlation functional:        blyp
 Method for Coulomb:                     incore_df
 Integral threshold:                     1.00e-12
 DF basis set:                           def2-universal-jkfit
 Number of DF basis functions:         264
 Schwarz screening threshold:            1.00e-10
 Coulomb fitting method:                 Cholesky
 Total number of grid points:         7852
 Method for AO orthogonalization:        symmetric
 Threshold for linear dependence:        1.00e-08
 D3BJ dispersion energy:                 0.000000000

 -------------------------------------
  Running unrestricted open-shell SCF 
 -------------------------------------
 Max number of iterations:             128
 Conv. threshold (gradient):             1.00e-05
 Conv. threshold (energy):               1.00e-06
 Interpolation scheme:                   adiis+cdiis
 Initial guess:                          SAD

 ---------------------------------------------------------------
                  energy        change          grad        time
 ---------------------------------------------------------------
   0      -943.813497907                    1.11e-02        0.01
   1      -943.795830306      1.77e-02      3.57e-01        0.01
   2      -942.719359710      1.08e+00      1.12e+00        0.01
   3      -943.433679722     -7.14e-01      5.87e-01        0.01
   4      -943.854198299     -4.21e-01      2.58e-01        0.01
   5      -943.903189397     -4.90e-02      1.25e-01        0.01
   6      -943.865245054      3.79e-02      1.99e-01        0.01
   7      -943.901333562     -3.61e-02      1.75e-01        0.01
   8      -943.918002719     -1.67e-02      5.07e-02        0.01
   9      -943.918829455     -8.27e-04      6.61e-02        0.01
  10      -943.920180760     -1.35e-03      5.54e-02        0.01
  11      -943.922256854     -2.08e-03      2.67e-02        0.01
  12      -943.922862745     -6.06e-04      9.54e-03        0.01
  13      -943.922924388     -6.16e-05      5.98e-03        0.01
  14      -943.922954661     -3.03e-05      1.46e-03        0.01
  15      -943.922956889     -2.23e-06      4.77e-04        0.01
  16      -943.922957124     -2.34e-07      2.09e-04        0.01
  17      -943.922957158     -3.41e-08      1.33e-04        0.01
  18      -943.922957182     -2.42e-08      3.99e-05        0.01
  19      -943.922957183     -1.52e-09      3.06e-05        0.01
  20      -943.922957181      2.46e-09      2.61e-05        0.01
  21      -943.922957172      9.01e-09      2.12e-05        0.01
  22      -943.922957162      1.03e-08      4.73e-06        0.01

 SCF converged in 22 iterations.

 Dipole moment (in Debye):               0.000004       0.000004      -0.000012

 Quadrupole moment (in Debye-Angstrom):
                  1            2            3
 1       -19.744333     0.000001     0.000453
 2         0.000001   -19.743973     0.000454
 3         0.000453     0.000454   -19.178195

 Spin-squared expectation <S^2>:         4.235
 Total spin quantum number S:            1.618
 TOTAL ENERGY:                        -943.922957162

 --------------------------------------------------------------------------------

 End time:                               Tue Oct 26 05:38:45 2021
 Total wall-clock time:                  0.689 seconds
==================================================================================
