
================================================================================
          _____________ ________ _______________ ________     _________         
         / ___________// ______ \\_____   _____// ______ \   / ________)        
        / /_________  / /      \ \     | |     / /      \ \ | (_______          
       |  __________|| |        | |    | |    | |        | | \________ \        
        \ \_________ | |        | |    | |     \ \______/ /___________) |       
         \__________||_|        |_|    |_|      \________//____________/        
                                                                                
====================================[ Qcore ]===================================

 Git describe: 2.3.0-1-g21d9df7e5
 Compiler:     GNU 9.1.0
 Build type:   Release
 Version:      2.3.0-1-g21d9df7e5

 Start time:   Tue Oct 26 05:38:53 2021

 Data directory: /work/zw18965/.local/qcore/share/entos/qcore/data
 Number of threads: 24
 Number of threads was determined by: command line argument

 --------------------------------------------------------------------------------
                                   command: dft                                  
 --------------------------------------------------------------------------------
 AO basis set:                           def2-tzvppd
 Number of AO basis functions:         124

 Formula:                                TiBr
 Nuclear charge:                        57.000000000
 Total charge:                           0.000000000
 Number of electrons:                   57.000000000

 Number of alpha electrons:             30
 Number of beta electrons:              27
 Number of unpaired electrons:           3
 Spin:                                   3
 Multiplicity:                           quartet

 Theory:                                 dft
 Exchange-correlation functional:        blyp
 Method for Coulomb:                     incore_df
 Integral threshold:                     1.00e-12
 DF basis set:                           def2-universal-jkfit
 Number of DF basis functions:         530
 Schwarz screening threshold:            1.00e-10
 Coulomb fitting method:                 Cholesky
 Total number of grid points:        15956
 Method for AO orthogonalization:        symmetric
 Threshold for linear dependence:        1.00e-08
 D3BJ dispersion energy:                -0.003719017

 -------------------------------------
  Running unrestricted open-shell SCF 
 -------------------------------------
 Max number of iterations:             128
 Conv. threshold (gradient):             1.00e-05
 Conv. threshold (energy):               1.00e-06
 Interpolation scheme:                   adiis+cdiis
 Initial guess:                          SAD

 ---------------------------------------------------------------
                  energy        change          grad        time
 ---------------------------------------------------------------
   0     -3423.670948563                    2.08e+00        0.02
   1     -3423.610846241      6.01e-02      2.97e-01        0.02
   2     -3419.589555989      4.02e+00      3.14e+00        0.02
   3     -3423.306880118     -3.72e+00      9.57e-01        0.02
   4     -3423.640959436     -3.34e-01      1.80e-01        0.02
   5     -3423.647420374     -6.46e-03      1.25e-01        0.02
   6     -3423.650873820     -3.45e-03      9.27e-02        0.02
   7     -3423.651777181     -9.03e-04      7.60e-02        0.02
   8     -3423.654593971     -2.82e-03      1.02e-02        0.03
   9     -3423.654066815      5.27e-04      6.38e-03        0.02
  10     -3423.653830647      2.36e-04      1.98e-03        0.02
  11     -3423.653831467     -8.20e-07      1.13e-03        0.02
  12     -3423.653831496     -2.97e-08      8.62e-04        0.02
  13     -3423.653831196      3.01e-07      4.70e-04        0.02
  14     -3423.653830716      4.80e-07      6.20e-05        0.02
  15     -3423.653830715      3.03e-10      1.86e-05        0.02
  16     -3423.653830715     -8.00e-11      6.29e-06        0.02

 SCF converged in 16 iterations.

 Dipole moment (in Debye):               0.000006       0.000006      -4.384847

 Quadrupole moment (in Debye-Angstrom):
                  1            2            3
 1       -37.374996    -0.000019    -0.000007
 2        -0.000019   -37.374996    -0.000007
 3        -0.000007    -0.000007   -27.000552

 Spin-squared expectation <S^2>:         3.758
 Total spin quantum number S:            1.502
 TOTAL ENERGY:                       -3423.653830715

 --------------------------------------------------------------------------------

 End time:                               Tue Oct 26 05:38:55 2021
 Total wall-clock time:                  1.788 seconds
==================================================================================
