
================================================================================
          _____________ ________ _______________ ________     _________         
         / ___________// ______ \\_____   _____// ______ \   / ________)        
        / /_________  / /      \ \     | |     / /      \ \ | (_______          
       |  __________|| |        | |    | |    | |        | | \________ \        
        \ \_________ | |        | |    | |     \ \______/ /___________) |       
         \__________||_|        |_|    |_|      \________//____________/        
                                                                                
====================================[ Qcore ]===================================

 Git describe: 2.3.0-1-g21d9df7e5
 Compiler:     GNU 9.1.0
 Build type:   Release
 Version:      2.3.0-1-g21d9df7e5

 Start time:   Tue Oct 26 05:38:56 2021

 Data directory: /work/zw18965/.local/qcore/share/entos/qcore/data
 Number of threads: 24
 Number of threads was determined by: command line argument

 --------------------------------------------------------------------------------
                                   command: dft                                  
 --------------------------------------------------------------------------------
 AO basis set:                           def2-tzvppd
 Number of AO basis functions:         118

 Formula:                                ClFe
 Nuclear charge:                        43.000000000
 Total charge:                           0.000000000
 Number of electrons:                   43.000000000

 Number of alpha electrons:             24
 Number of beta electrons:              19
 Number of unpaired electrons:           5
 Spin:                                   5
 Multiplicity:                           septet

 Theory:                                 dft
 Exchange-correlation functional:        blyp
 Method for Coulomb:                     incore_df
 Integral threshold:                     1.00e-12
 DF basis set:                           def2-universal-jkfit
 Number of DF basis functions:         392
 Schwarz screening threshold:            1.00e-10
 Coulomb fitting method:                 Cholesky
 Total number of grid points:        15430
 Method for AO orthogonalization:        symmetric
 Threshold for linear dependence:        1.00e-08
 D3BJ dispersion energy:                -0.002693495

 -------------------------------------
  Running unrestricted open-shell SCF 
 -------------------------------------
 Max number of iterations:             128
 Conv. threshold (gradient):             1.00e-05
 Conv. threshold (energy):               1.00e-06
 Interpolation scheme:                   adiis+cdiis
 Initial guess:                          SAD

 ---------------------------------------------------------------
                  energy        change          grad        time
 ---------------------------------------------------------------
   0     -1723.944449239                    1.79e+00        0.01
   1     -1723.986052219     -4.16e-02      1.39e-01        0.02
   2     -1723.801144795      1.85e-01      8.66e-01        0.01
   3     -1723.996523241     -1.95e-01      1.49e-01        0.01
   4     -1723.990458340      6.06e-03      1.75e-01        0.01
   5     -1723.998967178     -8.51e-03      9.23e-02        0.01
   6     -1724.004393427     -5.43e-03      3.59e-02        0.02
   7     -1724.005260522     -8.67e-04      4.25e-03        0.02
   8     -1724.005269996     -9.47e-06      7.27e-04        0.02
   9     -1724.005270220     -2.24e-07      6.52e-05        0.02
  10     -1724.005270213      6.70e-09      1.18e-04        0.02
  11     -1724.005270223     -9.30e-09      2.38e-05        0.02
  12     -1724.005270223     -3.83e-10      1.04e-06        0.02

 SCF converged in 12 iterations.

 Dipole moment (in Debye):              -0.000001      -0.000001       1.658332

 Quadrupole moment (in Debye-Angstrom):
                  1            2            3
 1       -28.136347     0.000003    -0.000000
 2         0.000003   -28.136347    -0.000000
 3        -0.000000    -0.000000   -31.979591

 Spin-squared expectation <S^2>:         8.753
 Total spin quantum number S:            2.501
 TOTAL ENERGY:                       -1724.005270223

 --------------------------------------------------------------------------------

 End time:                               Tue Oct 26 05:38:57 2021
 Total wall-clock time:                  1.010 seconds
==================================================================================
