
================================================================================
          _____________ ________ _______________ ________     _________         
         / ___________// ______ \\_____   _____// ______ \   / ________)        
        / /_________  / /      \ \     | |     / /      \ \ | (_______          
       |  __________|| |        | |    | |    | |        | | \________ \        
        \ \_________ | |        | |    | |     \ \______/ /___________) |       
         \__________||_|        |_|    |_|      \________//____________/        
                                                                                
====================================[ Qcore ]===================================

 Git describe: 2.3.0-1-g21d9df7e5
 Compiler:     GNU 9.1.0
 Build type:   Release
 Version:      2.3.0-1-g21d9df7e5

 Start time:   Tue Oct 26 05:37:49 2021

 Data directory: /work/zw18965/.local/qcore/share/entos/qcore/data
 Number of threads: 24
 Number of threads was determined by: command line argument
  - More threads can be used by running 'qcore -n 32'

 --------------------------------------------------------------------------------
                                   command: dft                                  
 --------------------------------------------------------------------------------
 AO basis set:                           def2-tzvppd
 Number of AO basis functions:         107

 Formula:                                OV
 Nuclear charge:                        31.000000000
 Total charge:                           0.000000000
 Number of electrons:                   31.000000000

 Number of alpha electrons:             17
 Number of beta electrons:              14
 Number of unpaired electrons:           3
 Spin:                                   3
 Multiplicity:                           quartet

 Theory:                                 dft
 Exchange-correlation functional:        blyp
 Method for Coulomb:                     incore_df
 Integral threshold:                     1.00e-12
 DF basis set:                           def2-universal-jkfit
 Number of DF basis functions:         341
 Schwarz screening threshold:            1.00e-10
 Coulomb fitting method:                 Cholesky
 Total number of grid points:        14796
 Method for AO orthogonalization:        symmetric
 Threshold for linear dependence:        1.00e-08
 D3BJ dispersion energy:                -0.001669936

 -------------------------------------
  Running unrestricted open-shell SCF 
 -------------------------------------
 Max number of iterations:             128
 Conv. threshold (gradient):             1.00e-05
 Conv. threshold (energy):               1.00e-06
 Interpolation scheme:                   adiis+cdiis
 Initial guess:                          SAD

 ---------------------------------------------------------------
                  energy        change          grad        time
 ---------------------------------------------------------------
   0     -1019.191739408                    2.13e+00        0.01
   1     -1018.618548096      5.73e-01      1.34e+00        0.01
   2     -1001.605050220      1.70e+01      8.42e+00        0.01
   3     -1014.733307926     -1.31e+01      3.22e+00        0.01
   4     -1019.050083802     -4.32e+00      8.55e-01        0.01
   5     -1019.232355954     -1.82e-01      3.99e-01        0.01
   6     -1019.271006952     -3.87e-02      2.07e-01        0.01
   7     -1019.283538115     -1.25e-02      9.92e-02        0.02
   8     -1019.285868912     -2.33e-03      4.70e-02        0.02
   9     -1019.286732592     -8.64e-04      2.58e-03        0.02
  10     -1019.286735071     -2.48e-06      5.67e-04        0.01
  11     -1019.286735335     -2.64e-07      1.80e-04        0.01
  12     -1019.286735351     -1.60e-08      1.44e-04        0.01
  13     -1019.286735359     -7.75e-09      6.06e-06        0.01

 SCF converged in 13 iterations.

 Dipole moment (in Debye):              -0.000002      -0.000002       3.418746

 Quadrupole moment (in Debye-Angstrom):
                  1            2            3
 1       -21.986582     0.000000    -0.000000
 2         0.000000   -21.986582    -0.000000
 3        -0.000000    -0.000000   -22.898320

 Spin-squared expectation <S^2>:         3.784
 Total spin quantum number S:            1.508
 TOTAL ENERGY:                       -1019.286735359

 --------------------------------------------------------------------------------

 End time:                               Tue Oct 26 05:37:50 2021
 Total wall-clock time:                  1.008 seconds
==================================================================================
