
================================================================================
          _____________ ________ _______________ ________     _________         
         / ___________// ______ \\_____   _____// ______ \   / ________)        
        / /_________  / /      \ \     | |     / /      \ \ | (_______          
       |  __________|| |        | |    | |    | |        | | \________ \        
        \ \_________ | |        | |    | |     \ \______/ /___________) |       
         \__________||_|        |_|    |_|      \________//____________/        
                                                                                
====================================[ Qcore ]===================================

 Git describe: 2.3.0-1-g21d9df7e5
 Compiler:     GNU 9.1.0
 Build type:   Release
 Version:      2.3.0-1-g21d9df7e5

 Start time:   Tue Oct 26 05:38:55 2021

 Data directory: /work/zw18965/.local/qcore/share/entos/qcore/data
 Number of threads: 24
 Number of threads was determined by: command line argument

 --------------------------------------------------------------------------------
                                   command: dft                                  
 --------------------------------------------------------------------------------
 AO basis set:                           def2-tzvppd
 Number of AO basis functions:         124

 Formula:                                MnBr
 Nuclear charge:                        60.000000000
 Total charge:                           0.000000000
 Number of electrons:                   60.000000000

 Number of alpha electrons:             33
 Number of beta electrons:              27
 Number of unpaired electrons:           6
 Spin:                                   6
 Multiplicity:                           octet

 Theory:                                 dft
 Exchange-correlation functional:        blyp
 Method for Coulomb:                     incore_df
 Integral threshold:                     1.00e-12
 DF basis set:                           def2-universal-jkfit
 Number of DF basis functions:         530
 Schwarz screening threshold:            1.00e-10
 Coulomb fitting method:                 Cholesky
 Total number of grid points:        16100
 Method for AO orthogonalization:        symmetric
 Threshold for linear dependence:        1.00e-08
 D3BJ dispersion energy:                -0.003233173

 -------------------------------------
  Running unrestricted open-shell SCF 
 -------------------------------------
 Max number of iterations:             128
 Conv. threshold (gradient):             1.00e-05
 Conv. threshold (energy):               1.00e-06
 Interpolation scheme:                   adiis+cdiis
 Initial guess:                          SAD

 ---------------------------------------------------------------
                  energy        change          grad        time
 ---------------------------------------------------------------
   0     -3725.169687786                    2.18e+00        0.02
   1     -3725.254271160     -8.46e-02      1.41e-01        0.02
   2     -3725.178224287      7.60e-02      3.58e-01        0.03
   3     -3725.268606548     -9.04e-02      7.55e-02        0.02
   4     -3725.261036340      7.57e-03      1.49e-01        0.02
   5     -3725.271654054     -1.06e-02      9.50e-03        0.02
   6     -3725.271695590     -4.15e-05      6.17e-03        0.02
   7     -3725.271715041     -1.95e-05      1.07e-03        0.02
   8     -3725.271715535     -4.94e-07      1.49e-04        0.02
   9     -3725.271715547     -1.23e-08      5.86e-05        0.02
  10     -3725.271715549     -1.82e-09      3.32e-06        0.02

 SCF converged in 10 iterations.

 Dipole moment (in Debye):               0.000001       0.000001      -2.374940

 Quadrupole moment (in Debye-Angstrom):
                  1            2            3
 1       -34.554827    -0.000000    -0.000000
 2        -0.000000   -34.554827    -0.000000
 3        -0.000000    -0.000000   -36.806544

 Spin-squared expectation <S^2>:        12.003
 Total spin quantum number S:            3.000
 TOTAL ENERGY:                       -3725.271715549

 --------------------------------------------------------------------------------

 End time:                               Tue Oct 26 05:38:57 2021
 Total wall-clock time:                  1.570 seconds
==================================================================================
