
================================================================================
          _____________ ________ _______________ ________     _________         
         / ___________// ______ \\_____   _____// ______ \   / ________)        
        / /_________  / /      \ \     | |     / /      \ \ | (_______          
       |  __________|| |        | |    | |    | |        | | \________ \        
        \ \_________ | |        | |    | |     \ \______/ /___________) |       
         \__________||_|        |_|    |_|      \________//____________/        
                                                                                
====================================[ Qcore ]===================================

 Git describe: 2.3.0-1-g21d9df7e5
 Compiler:     GNU 9.1.0
 Build type:   Release
 Version:      2.3.0-1-g21d9df7e5

 Start time:   Tue Oct 26 05:38:48 2021

 Data directory: /work/zw18965/.local/qcore/share/entos/qcore/data
 Number of threads: 24
 Number of threads was determined by: command line argument

 --------------------------------------------------------------------------------
                                   command: dft                                  
 --------------------------------------------------------------------------------
 AO basis set:                           def2-tzvppd
 Number of AO basis functions:          67

 Formula:                                Fe
 Nuclear charge:                        26.000000000
 Total charge:                           0.000000000
 Number of electrons:                   26.000000000

 Number of alpha electrons:             15
 Number of beta electrons:              11
 Number of unpaired electrons:           4
 Spin:                                   4
 Multiplicity:                           quintet

 Theory:                                 dft
 Exchange-correlation functional:        blyp
 Method for Coulomb:                     incore_df
 Integral threshold:                     1.00e-12
 DF basis set:                           def2-universal-jkfit
 Number of DF basis functions:         264
 Schwarz screening threshold:            1.00e-10
 Coulomb fitting method:                 Cholesky
 Total number of grid points:         7936
 Method for AO orthogonalization:        symmetric
 Threshold for linear dependence:        1.00e-08
 D3BJ dispersion energy:                 0.000000000

 -------------------------------------
  Running unrestricted open-shell SCF 
 -------------------------------------
 Max number of iterations:             128
 Conv. threshold (gradient):             1.00e-05
 Conv. threshold (energy):               1.00e-06
 Interpolation scheme:                   adiis+cdiis
 Initial guess:                          SAD

 ---------------------------------------------------------------
                  energy        change          grad        time
 ---------------------------------------------------------------
   0     -1263.572695245                    1.39e-02        0.01
   1     -1263.598204749     -2.55e-02      5.46e-01        0.01
   2     -1256.268118994      7.33e+00      3.72e+00        0.01
   3     -1263.302573554     -7.03e+00      9.73e-01        0.01
   4     -1263.666461527     -3.64e-01      4.08e-01        0.01
   5     -1263.668555739     -2.09e-03      3.51e-01        0.01
   6     -1263.680161218     -1.16e-02      3.51e-01        0.01
   7     -1263.695253017     -1.51e-02      2.34e-01        0.01
   8     -1263.698272763     -3.02e-03      2.22e-01        0.01
   9     -1263.726891070     -2.86e-02      5.17e-02        0.01
  10     -1263.717149360      9.74e-03      1.55e-01        0.01
  11     -1263.727520525     -1.04e-02      3.43e-02        0.01
  12     -1263.727986066     -4.66e-04      8.86e-03        0.01
  13     -1263.728017825     -3.18e-05      9.72e-04        0.01
  14     -1263.728015597      2.23e-06      2.48e-03        0.01
  15     -1263.728016290     -6.93e-07      2.14e-03        0.01
  16     -1263.728017933     -1.64e-06      7.44e-04        0.01
  17     -1263.728017994     -6.04e-08      6.52e-04        0.01
  18     -1263.728017991      2.92e-09      6.80e-04        0.01
  19     -1263.728018227     -2.36e-07      2.39e-04        0.01
  20     -1263.728018270     -4.34e-08      9.96e-05        0.01
  21     -1263.728018276     -5.91e-09      4.82e-05        0.01
  22     -1263.728018278     -1.85e-09      1.58e-05        0.01
  23     -1263.728018278     -3.94e-10      2.33e-05        0.01
  24     -1263.728018278      2.26e-10      2.47e-05        0.01
  25     -1263.728018272      5.84e-09      1.21e-05        0.01
  26     -1263.728018256      1.63e-08      3.12e-05        0.01
  27     -1263.728018192      6.39e-08      2.38e-05        0.01
  28     -1263.728018194     -2.22e-09      2.31e-05        0.01
  29     -1263.728018194      1.22e-10      1.99e-05        0.01
  30     -1263.728018188      6.02e-09      2.07e-05        0.01
  31     -1263.728018188      3.50e-11      2.11e-05        0.01
  32     -1263.728018189     -1.25e-09      1.46e-05        0.01
  33     -1263.728018190     -3.39e-10      1.46e-05        0.01
  34     -1263.728018189      1.93e-10      1.51e-05        0.01
  35     -1263.728018184      5.73e-09      8.80e-06        0.01

 SCF converged in 35 iterations.

 Dipole moment (in Debye):               0.000005      -0.000014      -0.000006

 Quadrupole moment (in Debye-Angstrom):
                  1            2            3
 1       -16.466249     0.920227     0.768885
 2         0.920227   -16.453042     0.775561
 3         0.768885     0.775561   -16.733842

 Spin-squared expectation <S^2>:         6.008
 Total spin quantum number S:            2.002
 TOTAL ENERGY:                       -1263.728018183

 --------------------------------------------------------------------------------

 End time:                               Tue Oct 26 05:38:49 2021
 Total wall-clock time:                  0.738 seconds
==================================================================================
