
================================================================================
          _____________ ________ _______________ ________     _________         
         / ___________// ______ \\_____   _____// ______ \   / ________)        
        / /_________  / /      \ \     | |     / /      \ \ | (_______          
       |  __________|| |        | |    | |    | |        | | \________ \        
        \ \_________ | |        | |    | |     \ \______/ /___________) |       
         \__________||_|        |_|    |_|      \________//____________/        
                                                                                
====================================[ Qcore ]===================================

 Git describe: 2.3.0-1-g21d9df7e5
 Compiler:     GNU 9.1.0
 Build type:   Release
 Version:      2.3.0-1-g21d9df7e5

 Start time:   Tue Oct 26 05:38:49 2021

 Data directory: /work/zw18965/.local/qcore/share/entos/qcore/data
 Number of threads: 24
 Number of threads was determined by: command line argument

 --------------------------------------------------------------------------------
                                   command: dft                                  
 --------------------------------------------------------------------------------
 AO basis set:                           def2-tzvppd
 Number of AO basis functions:          67

 Formula:                                Co
 Nuclear charge:                        27.000000000
 Total charge:                           0.000000000
 Number of electrons:                   27.000000000

 Number of alpha electrons:             15
 Number of beta electrons:              12
 Number of unpaired electrons:           3
 Spin:                                   3
 Multiplicity:                           quartet

 Theory:                                 dft
 Exchange-correlation functional:        blyp
 Method for Coulomb:                     incore_df
 Integral threshold:                     1.00e-12
 DF basis set:                           def2-universal-jkfit
 Number of DF basis functions:         264
 Schwarz screening threshold:            1.00e-10
 Coulomb fitting method:                 Cholesky
 Total number of grid points:         7936
 Method for AO orthogonalization:        symmetric
 Threshold for linear dependence:        1.00e-08
 D3BJ dispersion energy:                 0.000000000

 -------------------------------------
  Running unrestricted open-shell SCF 
 -------------------------------------
 Max number of iterations:             128
 Conv. threshold (gradient):             1.00e-05
 Conv. threshold (energy):               1.00e-06
 Interpolation scheme:                   adiis+cdiis
 Initial guess:                          SAD

 ---------------------------------------------------------------
                  energy        change          grad        time
 ---------------------------------------------------------------
   0     -1382.723824919                    4.92e-03        0.01
   1     -1382.767118713     -4.33e-02      2.40e-01        0.01
   2     -1380.822936088      1.94e+00      1.69e+00        0.01
   3     -1382.491989884     -1.67e+00      7.29e-01        0.01
   4     -1382.707921172     -2.16e-01      3.90e-01        0.01
   5     -1382.787610607     -7.97e-02      1.76e-01        0.01
   6     -1382.799733491     -1.21e-02      1.06e-01        0.01
   7     -1382.707370809      9.24e-02      3.72e-01        0.01
   8     -1382.800184796     -9.28e-02      1.06e-01        0.01
   9     -1382.804808899     -4.62e-03      6.95e-02        0.01
  10     -1382.792701874      1.21e-02      1.56e-01        0.01
  11     -1382.761459688      3.12e-02      2.70e-01        0.01
  12     -1382.753526101      7.93e-03      2.94e-01        0.01
  13     -1382.666783976      8.67e-02      4.63e-01        0.01
  14     -1382.678586233     -1.18e-02      4.29e-01        0.01
  15     -1382.807999105     -1.29e-01      3.94e-02        0.01
  16     -1382.807490936      5.08e-04      3.92e-02        0.01
  17     -1382.806909538      5.81e-04      5.33e-02        0.01
  18     -1382.805859044      1.05e-03      6.85e-02        0.01
  19     -1382.805777378      8.17e-05      6.89e-02        0.01
  20     -1382.807555704     -1.78e-03      4.06e-02        0.01
  21     -1382.808312286     -7.57e-04      1.70e-02        0.01
  22     -1382.808472928     -1.61e-04      2.69e-03        0.01
  23     -1382.808477734     -4.81e-06      1.27e-03        0.01
  24     -1382.808466517      1.12e-05      2.23e-03        0.01
  25     -1382.808458075      8.44e-06      2.32e-03        0.01
  26     -1382.808459859     -1.78e-06      5.13e-04        0.01
  27     -1382.808453858      6.00e-06      2.36e-03        0.01
  28     -1382.808454937     -1.08e-06      1.92e-03        0.01
  29     -1382.808457077     -2.14e-06      2.09e-04        0.01
  30     -1382.808456953      1.24e-07      5.75e-04        0.01
  31     -1382.808457132     -1.79e-07      3.00e-04        0.01
  32     -1382.808457360     -2.28e-07      9.63e-05        0.01
  33     -1382.808457018      3.42e-07      1.22e-03        0.01
  34     -1382.808460191     -3.17e-06      3.00e-04        0.01
  35     -1382.808459353      8.37e-07      1.41e-03        0.01
  36     -1382.808459157      1.96e-07      1.92e-04        0.01
  37     -1382.808460320     -1.16e-06      3.67e-04        0.01
  38     -1382.808461499     -1.18e-06      6.81e-04        0.01
  39     -1382.808461450      4.98e-08      7.23e-04        0.01
  40     -1382.808459465      1.98e-06      2.27e-03        0.01
  41     -1382.808462201     -2.74e-06      2.52e-04        0.01
  42     -1382.808461791      4.10e-07      9.33e-04        0.01
  43     -1382.808462053     -2.62e-07      7.04e-04        0.01
  44     -1382.808462255     -2.02e-07      3.98e-04        0.01
  45     -1382.808462279     -2.35e-08      3.39e-04        0.01
  46     -1382.808462171      1.08e-07      5.58e-04        0.01
  47     -1382.808462309     -1.38e-07      2.33e-04        0.01
  48     -1382.808462332     -2.30e-08      1.04e-04        0.01
  49     -1382.808462333     -8.76e-10      7.36e-05        0.01
  50     -1382.808462333      7.87e-11      8.13e-06        0.01

 SCF converged in 50 iterations.

 Dipole moment (in Debye):              -0.000001       0.000001       0.000006

 Quadrupole moment (in Debye-Angstrom):
                  1            2            3
 1       -15.367178    -0.000004    -0.000012
 2        -0.000004   -15.304142     0.868147
 3        -0.000012     0.868147   -15.664979

 Spin-squared expectation <S^2>:         3.753
 Total spin quantum number S:            1.501
 TOTAL ENERGY:                       -1382.808462332

 --------------------------------------------------------------------------------

 End time:                               Tue Oct 26 05:38:50 2021
 Total wall-clock time:                  0.841 seconds
==================================================================================
