
================================================================================
          _____________ ________ _______________ ________     _________         
         / ___________// ______ \\_____   _____// ______ \   / ________)        
        / /_________  / /      \ \     | |     / /      \ \ | (_______          
       |  __________|| |        | |    | |    | |        | | \________ \        
        \ \_________ | |        | |    | |     \ \______/ /___________) |       
         \__________||_|        |_|    |_|      \________//____________/        
                                                                                
====================================[ Qcore ]===================================

 Git describe: 2.3.0-1-g21d9df7e5
 Compiler:     GNU 9.1.0
 Build type:   Release
 Version:      2.3.0-1-g21d9df7e5

 Start time:   Tue Oct 26 05:38:48 2021

 Data directory: /work/zw18965/.local/qcore/share/entos/qcore/data
 Number of threads: 24
 Number of threads was determined by: command line argument

 --------------------------------------------------------------------------------
                                   command: dft                                  
 --------------------------------------------------------------------------------
 AO basis set:                           def2-tzvppd
 Number of AO basis functions:          67

 Formula:                                Mn
 Nuclear charge:                        25.000000000
 Total charge:                           0.000000000
 Number of electrons:                   25.000000000

 Number of alpha electrons:             15
 Number of beta electrons:              10
 Number of unpaired electrons:           5
 Spin:                                   5
 Multiplicity:                           septet

 Theory:                                 dft
 Exchange-correlation functional:        blyp
 Method for Coulomb:                     incore_df
 Integral threshold:                     1.00e-12
 DF basis set:                           def2-universal-jkfit
 Number of DF basis functions:         264
 Schwarz screening threshold:            1.00e-10
 Coulomb fitting method:                 Cholesky
 Total number of grid points:         7936
 Method for AO orthogonalization:        symmetric
 Threshold for linear dependence:        1.00e-08
 D3BJ dispersion energy:                 0.000000000

 -------------------------------------
  Running unrestricted open-shell SCF 
 -------------------------------------
 Max number of iterations:             128
 Conv. threshold (gradient):             1.00e-05
 Conv. threshold (energy):               1.00e-06
 Interpolation scheme:                   adiis+cdiis
 Initial guess:                          SAD

 ---------------------------------------------------------------
                  energy        change          grad        time
 ---------------------------------------------------------------
   0     -1150.818007273                    2.08e-02        0.01
   1     -1150.923003309     -1.05e-01      2.66e-01        0.01
   2     -1146.762175401      4.16e+00      1.91e+00        0.01
   3     -1150.724946821     -3.96e+00      6.08e-01        0.01
   4     -1150.984534934     -2.60e-01      2.10e-01        0.01
   5     -1151.015356638     -3.08e-02      4.19e-02        0.01
   6     -1150.858244423      1.57e-01      3.83e-01        0.01
   7     -1151.016565315     -1.58e-01      5.31e-03        0.01
   8     -1151.016583781     -1.85e-05      4.03e-03        0.01
   9     -1151.016596000     -1.22e-05      1.09e-03        0.01
  10     -1151.016600072     -4.07e-06      8.45e-04        0.01
  11     -1151.016602463     -2.39e-06      4.20e-04        0.01
  12     -1151.016602587     -1.25e-07      5.88e-05        0.01
  13     -1151.016602592     -4.86e-09      1.88e-05        0.01
  14     -1151.016602593     -4.94e-10      8.51e-06        0.01

 SCF converged in 14 iterations.

 Dipole moment (in Debye):               0.000000       0.000000      -0.000000

 Quadrupole moment (in Debye-Angstrom):
                  1            2            3
 1       -18.290933    -0.000097    -0.000000
 2        -0.000097   -18.290933    -0.000000
 3        -0.000000    -0.000000   -18.290893

 Spin-squared expectation <S^2>:         8.758
 Total spin quantum number S:            2.501
 TOTAL ENERGY:                       -1151.016602593

 --------------------------------------------------------------------------------

 End time:                               Tue Oct 26 05:38:49 2021
 Total wall-clock time:                  0.580 seconds
==================================================================================
