
================================================================================
          _____________ ________ _______________ ________     _________         
         / ___________// ______ \\_____   _____// ______ \   / ________)        
        / /_________  / /      \ \     | |     / /      \ \ | (_______          
       |  __________|| |        | |    | |    | |        | | \________ \        
        \ \_________ | |        | |    | |     \ \______/ /___________) |       
         \__________||_|        |_|    |_|      \________//____________/        
                                                                                
====================================[ Qcore ]===================================

 Git describe: 2.3.0-1-g21d9df7e5
 Compiler:     GNU 9.1.0
 Build type:   Release
 Version:      2.3.0-1-g21d9df7e5

 Start time:   Tue Oct 26 05:38:04 2021

 Data directory: /work/zw18965/.local/qcore/share/entos/qcore/data
 Number of threads: 24
 Number of threads was determined by: command line argument
  - More threads can be used by running 'qcore -n 32'

 --------------------------------------------------------------------------------
                                   command: dft                                  
 --------------------------------------------------------------------------------
 AO basis set:                           def2-tzvppd
 Number of AO basis functions:         118

 Formula:                                SCr
 Nuclear charge:                        40.000000000
 Total charge:                           0.000000000
 Number of electrons:                   40.000000000

 Number of alpha electrons:             22
 Number of beta electrons:              18
 Number of unpaired electrons:           4
 Spin:                                   4
 Multiplicity:                           quintet

 Theory:                                 dft
 Exchange-correlation functional:        blyp
 Method for Coulomb:                     incore_df
 Integral threshold:                     1.00e-12
 DF basis set:                           def2-universal-jkfit
 Number of DF basis functions:         392
 Schwarz screening threshold:            1.00e-10
 Coulomb fitting method:                 Cholesky
 Total number of grid points:        15178
 Method for AO orthogonalization:        symmetric
 Threshold for linear dependence:        1.00e-08
 D3BJ dispersion energy:                -0.003752656

 -------------------------------------
  Running unrestricted open-shell SCF 
 -------------------------------------
 Max number of iterations:             128
 Conv. threshold (gradient):             1.00e-05
 Conv. threshold (energy):               1.00e-06
 Interpolation scheme:                   adiis+cdiis
 Initial guess:                          SAD

 ---------------------------------------------------------------
                  energy        change          grad        time
 ---------------------------------------------------------------
   0     -1442.664959400                    1.86e+00        0.02
   1     -1442.077141937      5.88e-01      1.42e+00        0.01
   2     -1427.325740527      1.48e+01      4.96e+00        0.01
   3     -1438.830010649     -1.15e+01      3.67e+00        0.01
   4     -1442.519746035     -3.69e+00      9.03e-01        0.02
   5     -1442.632821828     -1.13e-01      5.75e-01        0.02
   6     -1442.707599406     -7.48e-02      1.93e-01        0.02
   7     -1442.708707149     -1.11e-03      1.98e-01        0.02
   8     -1442.716260560     -7.55e-03      3.14e-02        0.02
   9     -1442.703038948      1.32e-02      1.99e-01        0.02
  10     -1442.716797433     -1.38e-02      1.77e-02        0.01
  11     -1442.716887596     -9.02e-05      2.14e-03        0.01
  12     -1442.716889531     -1.93e-06      5.28e-04        0.02
  13     -1442.716889589     -5.84e-08      7.31e-05        0.01
  14     -1442.716889592     -2.45e-09      4.21e-05        0.02
  15     -1442.716889592     -4.57e-10      1.12e-05        0.02
  16     -1442.716889592     -3.43e-11      4.63e-07        0.02

 SCF converged in 16 iterations.

 Dipole moment (in Debye):               0.000001       0.000001       4.599514

 Quadrupole moment (in Debye-Angstrom):
                  1            2            3
 1       -29.725100    -1.342108    -0.000003
 2        -1.342108   -29.725100    -0.000003
 3        -0.000003    -0.000003   -26.471442

 Spin-squared expectation <S^2>:         6.257
 Total spin quantum number S:            2.051
 TOTAL ENERGY:                       -1442.716889592

 --------------------------------------------------------------------------------

 End time:                               Tue Oct 26 05:38:05 2021
 Total wall-clock time:                  1.046 seconds
==================================================================================
