
================================================================================
          _____________ ________ _______________ ________     _________         
         / ___________// ______ \\_____   _____// ______ \   / ________)        
        / /_________  / /      \ \     | |     / /      \ \ | (_______          
       |  __________|| |        | |    | |    | |        | | \________ \        
        \ \_________ | |        | |    | |     \ \______/ /___________) |       
         \__________||_|        |_|    |_|      \________//____________/        
                                                                                
====================================[ Qcore ]===================================

 Git describe: 2.3.0-1-g21d9df7e5
 Compiler:     GNU 9.1.0
 Build type:   Release
 Version:      2.3.0-1-g21d9df7e5

 Start time:   Tue Oct 26 05:38:08 2021

 Data directory: /work/zw18965/.local/qcore/share/entos/qcore/data
 Number of threads: 24
 Number of threads was determined by: command line argument
  - More threads can be used by running 'qcore -n 32'

 --------------------------------------------------------------------------------
                                   command: dft                                  
 --------------------------------------------------------------------------------
 AO basis set:                           def2-tzvppd
 Number of AO basis functions:         107

 Formula:                                FCo
 Nuclear charge:                        36.000000000
 Total charge:                           0.000000000
 Number of electrons:                   36.000000000

 Number of alpha electrons:             19
 Number of beta electrons:              17
 Number of unpaired electrons:           2
 Spin:                                   2
 Multiplicity:                           triplet

 Theory:                                 dft
 Exchange-correlation functional:        blyp
 Method for Coulomb:                     incore_df
 Integral threshold:                     1.00e-12
 DF basis set:                           def2-universal-jkfit
 Number of DF basis functions:         341
 Schwarz screening threshold:            1.00e-10
 Coulomb fitting method:                 Cholesky
 Total number of grid points:        14748
 Method for AO orthogonalization:        symmetric
 Threshold for linear dependence:        1.00e-08
 D3BJ dispersion energy:                -0.000971223

 -------------------------------------
  Running unrestricted open-shell SCF 
 -------------------------------------
 Max number of iterations:             128
 Conv. threshold (gradient):             1.00e-05
 Conv. threshold (energy):               1.00e-06
 Interpolation scheme:                   adiis+cdiis
 Initial guess:                          SAD

 ---------------------------------------------------------------
                  energy        change          grad        time
 ---------------------------------------------------------------
   0     -1482.683174128                    1.33e+00        0.01
   1     -1482.599067583      8.41e-02      5.32e-01        0.01
   2     -1478.462001258      4.14e+00      2.78e+00        0.01
   3     -1482.234044711     -3.77e+00      1.13e+00        0.01
   4     -1482.649463666     -4.15e-01      5.41e-01        0.01
   5     -1482.214273910      4.35e-01      1.49e+00        0.01
   6     -1482.720410909     -5.06e-01      2.94e-01        0.01
   7     -1482.699996149      2.04e-02      2.82e-01        0.01
   8     -1482.731580416     -3.16e-02      2.03e-01        0.01
   9     -1482.728649006      2.93e-03      2.43e-01        0.02
  10     -1482.739979228     -1.13e-02      9.56e-02        0.02
  11     -1482.740961852     -9.83e-04      7.28e-02        0.02
  12     -1482.742354873     -1.39e-03      1.16e-02        0.01
  13     -1482.742388780     -3.39e-05      2.11e-03        0.01
  14     -1482.742390184     -1.40e-06      3.53e-04        0.01
  15     -1482.742390194     -1.04e-08      5.81e-04        0.01
  16     -1482.742390296     -1.02e-07      5.28e-05        0.01
  17     -1482.742390297     -6.26e-10      6.50e-06        0.01

 SCF converged in 17 iterations.

 Dipole moment (in Debye):               0.000001       0.000001       4.133805

 Quadrupole moment (in Debye-Angstrom):
                  1            2            3
 1       -19.219393    -0.457844     0.000002
 2        -0.457844   -19.219400     0.000002
 3         0.000002     0.000002   -19.729088

 Spin-squared expectation <S^2>:         2.083
 Total spin quantum number S:            1.027
 TOTAL ENERGY:                       -1482.742390297

 --------------------------------------------------------------------------------

 End time:                               Tue Oct 26 05:38:09 2021
 Total wall-clock time:                  1.004 seconds
==================================================================================
