
================================================================================
          _____________ ________ _______________ ________     _________         
         / ___________// ______ \\_____   _____// ______ \   / ________)        
        / /_________  / /      \ \     | |     / /      \ \ | (_______          
       |  __________|| |        | |    | |    | |        | | \________ \        
        \ \_________ | |        | |    | |     \ \______/ /___________) |       
         \__________||_|        |_|    |_|      \________//____________/        
                                                                                
====================================[ Qcore ]===================================

 Git describe: 2.3.0-1-g21d9df7e5
 Compiler:     GNU 9.1.0
 Build type:   Release
 Version:      2.3.0-1-g21d9df7e5

 Start time:   Tue Oct 26 05:39:00 2021

 Data directory: /work/zw18965/.local/qcore/share/entos/qcore/data
 Number of threads: 24
 Number of threads was determined by: command line argument

 --------------------------------------------------------------------------------
                                   command: dft                                  
 --------------------------------------------------------------------------------
 AO basis set:                           def2-tzvppd
 Number of AO basis functions:         124

 Formula:                                CuBr
 Nuclear charge:                        64.000000000
 Total charge:                           0.000000000
 Number of electrons:                   64.000000000

 Number of alpha electrons:             32
 Number of beta electrons:              32
 Number of unpaired electrons:           0
 Spin:                                   0
 Multiplicity:                           singlet

 Theory:                                 dft
 Exchange-correlation functional:        blyp
 Method for Coulomb:                     incore_df
 Integral threshold:                     1.00e-12
 DF basis set:                           def2-universal-jkfit
 Number of DF basis functions:         530
 Schwarz screening threshold:            1.00e-10
 Coulomb fitting method:                 Cholesky
 Total number of grid points:        16100
 Method for AO orthogonalization:        symmetric
 Threshold for linear dependence:        1.00e-08
 D3BJ dispersion energy:                -0.002857681

 -------------------------------------
  Running restricted closed-shell SCF 
 -------------------------------------
 Max number of iterations:             128
 Conv. threshold (gradient):             1.00e-05
 Conv. threshold (energy):               1.00e-06
 Interpolation scheme:                   adiis+cdiis
 Initial guess:                          SAD

 ---------------------------------------------------------------
                  energy        change          grad        time
 ---------------------------------------------------------------
   0     -4214.955956896                    3.71e+00        0.01
   1     -4214.796287887      1.60e-01      7.67e-01        0.02
   2     -4213.503259888      1.29e+00      2.21e+00        0.01
   3     -4214.683575183     -1.18e+00      1.25e+00        0.01
   4     -4214.843226079     -1.60e-01      1.86e-01        0.01
   5     -4214.831553349      1.17e-02      3.83e-01        0.02
   6     -4214.838552862     -7.00e-03      4.47e-01        0.02
   7     -4214.850143568     -1.16e-02      1.24e-01        0.02
   8     -4214.847301275      2.84e-03      2.43e-01        0.02
   9     -4214.851049706     -3.75e-03      5.15e-02        0.02
  10     -4214.851097760     -4.81e-05      4.53e-02        0.02
  11     -4214.851230999     -1.33e-04      3.91e-04        0.01
  12     -4214.851231006     -7.73e-09      1.31e-04        0.02
  13     -4214.851231010     -3.11e-09      8.42e-06        0.02

 SCF converged in 13 iterations.

 Dipole moment (in Debye):              -0.000004      -0.000004      -4.115455

 Quadrupole moment (in Debye-Angstrom):
                  1            2            3
 1       -32.588589     0.000000     0.000006
 2         0.000000   -32.588589     0.000006
 3         0.000006     0.000006   -25.688490

 Spin-squared expectation <S^2>:         0.000
 Total spin quantum number S:            0.000
 TOTAL ENERGY:                       -4214.851231010

 --------------------------------------------------------------------------------

 End time:                               Tue Oct 26 05:39:01 2021
 Total wall-clock time:                  1.603 seconds
==================================================================================
