
================================================================================
          _____________ ________ _______________ ________     _________         
         / ___________// ______ \\_____   _____// ______ \   / ________)        
        / /_________  / /      \ \     | |     / /      \ \ | (_______          
       |  __________|| |        | |    | |    | |        | | \________ \        
        \ \_________ | |        | |    | |     \ \______/ /___________) |       
         \__________||_|        |_|    |_|      \________//____________/        
                                                                                
====================================[ Qcore ]===================================

 Git describe: 2.3.0-1-g21d9df7e5
 Compiler:     GNU 9.1.0
 Build type:   Release
 Version:      2.3.0-1-g21d9df7e5

 Start time:   Tue Oct 26 05:39:01 2021

 Data directory: /work/zw18965/.local/qcore/share/entos/qcore/data
 Number of threads: 24
 Number of threads was determined by: command line argument

 --------------------------------------------------------------------------------
                                   command: dft                                  
 --------------------------------------------------------------------------------
 AO basis set:                           def2-tzvppd
 Number of AO basis functions:         118

 Formula:                                SZn
 Nuclear charge:                        46.000000000
 Total charge:                           0.000000000
 Number of electrons:                   46.000000000

 Number of alpha electrons:             23
 Number of beta electrons:              23
 Number of unpaired electrons:           0
 Spin:                                   0
 Multiplicity:                           singlet

 Theory:                                 dft
 Exchange-correlation functional:        blyp
 Method for Coulomb:                     incore_df
 Integral threshold:                     1.00e-12
 DF basis set:                           def2-universal-jkfit
 Number of DF basis functions:         392
 Schwarz screening threshold:            1.00e-10
 Coulomb fitting method:                 Cholesky
 Total number of grid points:        15286
 Method for AO orthogonalization:        symmetric
 Threshold for linear dependence:        1.00e-08
 D3BJ dispersion energy:                -0.003253979

 -------------------------------------
  Running restricted closed-shell SCF 
 -------------------------------------
 Max number of iterations:             128
 Conv. threshold (gradient):             1.00e-05
 Conv. threshold (energy):               1.00e-06
 Interpolation scheme:                   adiis+cdiis
 Initial guess:                          SAD

 ---------------------------------------------------------------
                  energy        change          grad        time
 ---------------------------------------------------------------
   0     -2177.861890237                    4.27e+00        0.01
   1     -2177.480439116      3.81e-01      8.66e-01        0.01
   2     -2173.467899976      4.01e+00      3.93e+00        0.01
   3     -2176.921184981     -3.45e+00      1.74e+00        0.01
   4     -2177.625012050     -7.04e-01      4.82e-01        0.01
   5     -2177.639963853     -1.50e-02      3.71e-01        0.01
   6     -2177.661756164     -2.18e-02      7.27e-02        0.01
   7     -2177.659264538      2.49e-03      1.45e-01        0.01
   8     -2177.662581052     -3.32e-03      7.69e-03        0.01
   9     -2177.662595419     -1.44e-05      1.96e-03        0.01
  10     -2177.662595979     -5.59e-07      5.02e-04        0.01
  11     -2177.662596022     -4.38e-08      1.24e-04        0.01
  12     -2177.662596025     -2.94e-09      2.48e-05        0.01
  13     -2177.662596025     -1.01e-10      3.16e-06        0.01

 SCF converged in 13 iterations.

 Dipole moment (in Debye):               0.000002       0.000002       4.773991

 Quadrupole moment (in Debye-Angstrom):
                  1            2            3
 1       -29.004152    -0.000000     0.000000
 2        -0.000000   -29.004152     0.000000
 3         0.000000     0.000000   -24.720065

 Spin-squared expectation <S^2>:         0.000
 Total spin quantum number S:            0.000
 TOTAL ENERGY:                       -2177.662596025

 --------------------------------------------------------------------------------

 End time:                               Tue Oct 26 05:39:02 2021
 Total wall-clock time:                  0.912 seconds
==================================================================================
