
================================================================================
          _____________ ________ _______________ ________     _________         
         / ___________// ______ \\_____   _____// ______ \   / ________)        
        / /_________  / /      \ \     | |     / /      \ \ | (_______          
       |  __________|| |        | |    | |    | |        | | \________ \        
        \ \_________ | |        | |    | |     \ \______/ /___________) |       
         \__________||_|        |_|    |_|      \________//____________/        
                                                                                
====================================[ Qcore ]===================================

 Git describe: 2.3.0-1-g21d9df7e5
 Compiler:     GNU 9.1.0
 Build type:   Release
 Version:      2.3.0-1-g21d9df7e5

 Start time:   Tue Oct 26 05:38:58 2021

 Data directory: /work/zw18965/.local/qcore/share/entos/qcore/data
 Number of threads: 24
 Number of threads was determined by: command line argument

 --------------------------------------------------------------------------------
                                   command: dft                                  
 --------------------------------------------------------------------------------
 AO basis set:                           def2-tzvppd
 Number of AO basis functions:         118

 Formula:                                SFe
 Nuclear charge:                        42.000000000
 Total charge:                           0.000000000
 Number of electrons:                   42.000000000

 Number of alpha electrons:             23
 Number of beta electrons:              19
 Number of unpaired electrons:           4
 Spin:                                   4
 Multiplicity:                           quintet

 Theory:                                 dft
 Exchange-correlation functional:        blyp
 Method for Coulomb:                     incore_df
 Integral threshold:                     1.00e-12
 DF basis set:                           def2-universal-jkfit
 Number of DF basis functions:         392
 Schwarz screening threshold:            1.00e-10
 Coulomb fitting method:                 Cholesky
 Total number of grid points:        15286
 Method for AO orthogonalization:        symmetric
 Threshold for linear dependence:        1.00e-08
 D3BJ dispersion energy:                -0.003055953

 -------------------------------------
  Running unrestricted open-shell SCF 
 -------------------------------------
 Max number of iterations:             128
 Conv. threshold (gradient):             1.00e-05
 Conv. threshold (energy):               1.00e-06
 Interpolation scheme:                   adiis+cdiis
 Initial guess:                          SAD

 ---------------------------------------------------------------
                  energy        change          grad        time
 ---------------------------------------------------------------
   0     -1662.024767172                    2.32e+00        0.01
   1     -1661.784894997      2.40e-01      7.84e-01        0.02
   2     -1649.164268777      1.26e+01      3.80e+00        0.02
   3     -1659.509964745     -1.03e+01      2.98e+00        0.02
   4     -1661.629452072     -2.12e+00      1.22e+00        0.02
   5     -1661.962407377     -3.33e-01      3.29e-01        0.02
   6     -1661.900468357      6.19e-02      4.42e-01        0.02
   7     -1661.881918130      1.86e-02      7.13e-01        0.02
   8     -1661.988211773     -1.06e-01      1.18e-01        0.02
   9     -1661.989087737     -8.76e-04      8.14e-02        0.02
  10     -1661.985195607      3.89e-03      1.81e-01        0.02
  11     -1661.994180585     -8.98e-03      1.23e-02        0.02
  12     -1661.994206521     -2.59e-05      3.86e-03        0.02
  13     -1661.994210162     -3.64e-06      1.16e-03        0.02
  14     -1661.994210631     -4.69e-07      8.66e-05        0.02
  15     -1661.994210630      1.33e-09      8.70e-05        0.02
  16     -1661.994210632     -2.53e-09      8.96e-06        0.02

 SCF converged in 16 iterations.

 Dipole moment (in Debye):              -0.000001      -0.000001       4.610931

 Quadrupole moment (in Debye-Angstrom):
                  1            2            3
 1       -28.627349     0.000147    -0.000003
 2         0.000147   -28.627349    -0.000003
 3        -0.000003    -0.000003   -25.307543

 Spin-squared expectation <S^2>:         6.022
 Total spin quantum number S:            2.004
 TOTAL ENERGY:                       -1661.994210633

 --------------------------------------------------------------------------------

 End time:                               Tue Oct 26 05:38:59 2021
 Total wall-clock time:                  1.107 seconds
==================================================================================
