
================================================================================
          _____________ ________ _______________ ________     _________         
         / ___________// ______ \\_____   _____// ______ \   / ________)        
        / /_________  / /      \ \     | |     / /      \ \ | (_______          
       |  __________|| |        | |    | |    | |        | | \________ \        
        \ \_________ | |        | |    | |     \ \______/ /___________) |       
         \__________||_|        |_|    |_|      \________//____________/        
                                                                                
====================================[ Qcore ]===================================

 Git describe: 2.3.0-1-g21d9df7e5
 Compiler:     GNU 9.1.0
 Build type:   Release
 Version:      2.3.0-1-g21d9df7e5

 Start time:   Tue Oct 26 05:37:54 2021

 Data directory: /work/zw18965/.local/qcore/share/entos/qcore/data
 Number of threads: 24
 Number of threads was determined by: command line argument
  - More threads can be used by running 'qcore -n 32'

 --------------------------------------------------------------------------------
                                   command: dft                                  
 --------------------------------------------------------------------------------
 AO basis set:                           def2-tzvppd
 Number of AO basis functions:          84

 Formula:                                HCo
 Nuclear charge:                        28.000000000
 Total charge:                           0.000000000
 Number of electrons:                   28.000000000

 Number of alpha electrons:             15
 Number of beta electrons:              13
 Number of unpaired electrons:           2
 Spin:                                   2
 Multiplicity:                           triplet

 Theory:                                 dft
 Exchange-correlation functional:        blyp
 Method for Coulomb:                     incore_df
 Integral threshold:                     1.00e-12
 DF basis set:                           def2-universal-jkfit
 Number of DF basis functions:         282
 Schwarz screening threshold:            1.00e-10
 Coulomb fitting method:                 Cholesky
 Total number of grid points:        13826
 Method for AO orthogonalization:        symmetric
 Threshold for linear dependence:        1.00e-08
 D3BJ dispersion energy:                -0.000895117

 -------------------------------------
  Running unrestricted open-shell SCF 
 -------------------------------------
 Max number of iterations:             128
 Conv. threshold (gradient):             1.00e-05
 Conv. threshold (energy):               1.00e-06
 Interpolation scheme:                   adiis+cdiis
 Initial guess:                          SAD

 ---------------------------------------------------------------
                  energy        change          grad        time
 ---------------------------------------------------------------
   0     -1383.325150836                    1.35e+00        0.01
   1     -1383.341867220     -1.67e-02      3.29e-01        0.01
   2     -1376.708189029      6.63e+00      4.00e+00        0.01
   3     -1382.721698515     -6.01e+00      1.61e+00        0.01
   4     -1383.375567438     -6.54e-01      2.24e-01        0.01
   5     -1383.042754681      3.33e-01      1.17e+00        0.01
   6     -1383.397264823     -3.55e-01      1.71e-01        0.01
   7     -1383.365237229      3.20e-02      3.77e-01        0.01
   8     -1383.402262300     -3.70e-02      8.24e-02        0.01
   9     -1383.404857738     -2.60e-03      2.30e-02        0.01
  10     -1383.405193053     -3.35e-04      2.02e-03        0.01
  11     -1383.405194514     -1.46e-06      3.02e-04        0.01
  12     -1383.405194562     -4.72e-08      1.03e-04        0.01
  13     -1383.405194565     -2.90e-09      2.02e-05        0.01
  14     -1383.405194565     -1.20e-10      1.21e-06        0.01

 SCF converged in 14 iterations.

 Dipole moment (in Debye):              -0.000005      -0.000005       2.327376

 Quadrupole moment (in Debye-Angstrom):
                  1            2            3
 1       -15.330683    -0.000000    -0.000017
 2        -0.000000   -15.330684    -0.000017
 3        -0.000017    -0.000017   -16.609847

 Spin-squared expectation <S^2>:         2.015
 Total spin quantum number S:            1.005
 TOTAL ENERGY:                       -1383.405194565

 --------------------------------------------------------------------------------

 End time:                               Tue Oct 26 05:37:54 2021
 Total wall-clock time:                  0.857 seconds
==================================================================================
